[2024-05-29T10:49:45.834+0000] {local_task_job_runner.py:120} INFO - ::group::Pre task execution logs
[2024-05-29T10:49:45.882+0000] {taskinstance.py:2076} INFO - Dependencies all met for dep_context=non-requeueable deps ti=<TaskInstance: check_send_status_dag.check_status scheduled__2023-01-01T02:40:00+00:00 [queued]>
[2024-05-29T10:49:45.902+0000] {taskinstance.py:2076} INFO - Dependencies all met for dep_context=requeueable deps ti=<TaskInstance: check_send_status_dag.check_status scheduled__2023-01-01T02:40:00+00:00 [queued]>
[2024-05-29T10:49:45.903+0000] {taskinstance.py:2306} INFO - Starting attempt 1 of 2
[2024-05-29T10:49:45.949+0000] {taskinstance.py:2330} INFO - Executing <Task(PythonOperator): check_status> on 2023-01-01 02:40:00+00:00
[2024-05-29T10:49:45.955+0000] {standard_task_runner.py:63} INFO - Started process 213 to run task
[2024-05-29T10:49:45.959+0000] {standard_task_runner.py:90} INFO - Running: ['airflow', 'tasks', 'run', 'check_send_status_dag', 'check_status', 'scheduled__2023-01-01T02:40:00+00:00', '--job-id', '34', '--raw', '--subdir', 'DAGS_FOLDER/check_send_status_dag.py', '--cfg-path', '/tmp/tmpa_99sa4q']
[2024-05-29T10:49:45.961+0000] {standard_task_runner.py:91} INFO - Job 34: Subtask check_status
[2024-05-29T10:49:46.073+0000] {task_command.py:426} INFO - Running <TaskInstance: check_send_status_dag.check_status scheduled__2023-01-01T02:40:00+00:00 [running]> on host f708138922bb
[2024-05-29T10:49:46.252+0000] {taskinstance.py:2648} INFO - Exporting env vars: AIRFLOW_CTX_DAG_OWNER='airflow' AIRFLOW_CTX_DAG_ID='check_send_status_dag' AIRFLOW_CTX_TASK_ID='check_status' AIRFLOW_CTX_EXECUTION_DATE='2023-01-01T02:40:00+00:00' AIRFLOW_CTX_TRY_NUMBER='1' AIRFLOW_CTX_DAG_RUN_ID='scheduled__2023-01-01T02:40:00+00:00'
[2024-05-29T10:49:46.253+0000] {taskinstance.py:430} INFO - ::endgroup::
[2024-05-29T10:49:46.782+0000] {check_send_status_dag.py:15} ERROR - Error fetching status: 404 Client Error: Not Found for url: http://host.docker.internal/check_send_status
[2024-05-29T10:49:46.788+0000] {taskinstance.py:441} INFO - ::group::Post task execution logs
[2024-05-29T10:49:46.793+0000] {taskinstance.py:2905} ERROR - Task failed with exception
Traceback (most recent call last):
  File "/home/airflow/.local/lib/python3.12/site-packages/airflow/models/taskinstance.py", line 465, in _execute_task
    result = _execute_callable(context=context, **execute_callable_kwargs)
             ^^^^^^^^^^^^^^^^^^^^^^^^^^^^^^^^^^^^^^^^^^^^^^^^^^^^^^^^^^^^^
  File "/home/airflow/.local/lib/python3.12/site-packages/airflow/models/taskinstance.py", line 432, in _execute_callable
    return execute_callable(context=context, **execute_callable_kwargs)
           ^^^^^^^^^^^^^^^^^^^^^^^^^^^^^^^^^^^^^^^^^^^^^^^^^^^^^^^^^^^^
  File "/home/airflow/.local/lib/python3.12/site-packages/airflow/models/baseoperator.py", line 400, in wrapper
    return func(self, *args, **kwargs)
           ^^^^^^^^^^^^^^^^^^^^^^^^^^^
  File "/home/airflow/.local/lib/python3.12/site-packages/airflow/operators/python.py", line 235, in execute
    return_value = self.execute_callable()
                   ^^^^^^^^^^^^^^^^^^^^^^^
  File "/home/airflow/.local/lib/python3.12/site-packages/airflow/operators/python.py", line 252, in execute_callable
    return self.python_callable(*self.op_args, **self.op_kwargs)
           ^^^^^^^^^^^^^^^^^^^^^^^^^^^^^^^^^^^^^^^^^^^^^^^^^^^^^
  File "/opt/airflow/dags/check_send_status_dag.py", line 11, in check_send_status
    response.raise_for_status()
  File "/home/airflow/.local/lib/python3.12/site-packages/requests/models.py", line 1021, in raise_for_status
    raise HTTPError(http_error_msg, response=self)
requests.exceptions.HTTPError: 404 Client Error: Not Found for url: http://host.docker.internal/check_send_status
[2024-05-29T10:49:46.881+0000] {taskinstance.py:1206} INFO - Marking task as UP_FOR_RETRY. dag_id=check_send_status_dag, task_id=check_status, run_id=scheduled__2023-01-01T02:40:00+00:00, execution_date=20230101T024000, start_date=20240529T104945, end_date=20240529T104946
[2024-05-29T10:49:46.959+0000] {standard_task_runner.py:110} ERROR - Failed to execute job 34 for task check_status (404 Client Error: Not Found for url: http://host.docker.internal/check_send_status; 213)
[2024-05-29T10:49:47.018+0000] {local_task_job_runner.py:240} INFO - Task exited with return code 1
[2024-05-29T10:49:47.057+0000] {taskinstance.py:3498} INFO - 0 downstream tasks scheduled from follow-on schedule check
[2024-05-29T10:49:47.059+0000] {local_task_job_runner.py:222} INFO - ::endgroup::
[2024-05-29T14:52:34.331+0000] {local_task_job_runner.py:120} INFO - ::group::Pre task execution logs
[2024-05-29T14:52:34.390+0000] {taskinstance.py:2076} INFO - Dependencies all met for dep_context=non-requeueable deps ti=<TaskInstance: check_send_status_dag.check_status scheduled__2023-01-01T02:40:00+00:00 [queued]>
[2024-05-29T14:52:34.411+0000] {taskinstance.py:2076} INFO - Dependencies all met for dep_context=requeueable deps ti=<TaskInstance: check_send_status_dag.check_status scheduled__2023-01-01T02:40:00+00:00 [queued]>
[2024-05-29T14:52:34.411+0000] {taskinstance.py:2306} INFO - Starting attempt 1 of 2
[2024-05-29T14:52:34.513+0000] {taskinstance.py:2330} INFO - Executing <Task(PythonOperator): check_status> on 2023-01-01 02:40:00+00:00
[2024-05-29T14:52:34.520+0000] {standard_task_runner.py:63} INFO - Started process 1673 to run task
[2024-05-29T14:52:34.524+0000] {standard_task_runner.py:90} INFO - Running: ['airflow', 'tasks', 'run', 'check_send_status_dag', 'check_status', 'scheduled__2023-01-01T02:40:00+00:00', '--job-id', '26', '--raw', '--subdir', 'DAGS_FOLDER/check_send_status_dag.py', '--cfg-path', '/tmp/tmpspseguh4']
[2024-05-29T14:52:34.526+0000] {standard_task_runner.py:91} INFO - Job 26: Subtask check_status
[2024-05-29T14:52:34.791+0000] {task_command.py:426} INFO - Running <TaskInstance: check_send_status_dag.check_status scheduled__2023-01-01T02:40:00+00:00 [running]> on host f708138922bb
[2024-05-29T14:52:35.171+0000] {taskinstance.py:2648} INFO - Exporting env vars: AIRFLOW_CTX_DAG_OWNER='airflow' AIRFLOW_CTX_DAG_ID='check_send_status_dag' AIRFLOW_CTX_TASK_ID='check_status' AIRFLOW_CTX_EXECUTION_DATE='2023-01-01T02:40:00+00:00' AIRFLOW_CTX_TRY_NUMBER='1' AIRFLOW_CTX_DAG_RUN_ID='scheduled__2023-01-01T02:40:00+00:00'
[2024-05-29T14:52:35.193+0000] {taskinstance.py:430} INFO - ::endgroup::
[2024-05-29T14:52:35.295+0000] {check_send_status_dag.py:13} INFO - Status: {'status': 'unknown'}
[2024-05-29T14:52:35.304+0000] {python.py:237} INFO - Done. Returned value was: None
[2024-05-29T14:52:35.317+0000] {taskinstance.py:441} INFO - ::group::Post task execution logs
[2024-05-29T14:52:35.409+0000] {taskinstance.py:1206} INFO - Marking task as SUCCESS. dag_id=check_send_status_dag, task_id=check_status, run_id=scheduled__2023-01-01T02:40:00+00:00, execution_date=20230101T024000, start_date=20240529T145234, end_date=20240529T145235
[2024-05-29T14:52:35.545+0000] {local_task_job_runner.py:240} INFO - Task exited with return code 0
[2024-05-29T14:52:35.581+0000] {taskinstance.py:3498} INFO - 0 downstream tasks scheduled from follow-on schedule check
[2024-05-29T14:52:35.583+0000] {local_task_job_runner.py:222} INFO - ::endgroup::
