[2024-06-01T21:22:59.738+0000] {local_task_job_runner.py:120} INFO - ::group::Pre task execution logs
[2024-06-01T21:22:59.787+0000] {taskinstance.py:2076} INFO - Dependencies all met for dep_context=non-requeueable deps ti=<TaskInstance: dag_with_docker_operator.check_status scheduled__2024-06-01T04:30:00+00:00 [queued]>
[2024-06-01T21:22:59.809+0000] {taskinstance.py:2076} INFO - Dependencies all met for dep_context=requeueable deps ti=<TaskInstance: dag_with_docker_operator.check_status scheduled__2024-06-01T04:30:00+00:00 [queued]>
[2024-06-01T21:22:59.810+0000] {taskinstance.py:2306} INFO - Starting attempt 1 of 2
[2024-06-01T21:22:59.975+0000] {taskinstance.py:2330} INFO - Executing <Task(PythonOperator): check_status> on 2024-06-01 04:30:00+00:00
[2024-06-01T21:22:59.984+0000] {standard_task_runner.py:63} INFO - Started process 548 to run task
[2024-06-01T21:22:59.989+0000] {standard_task_runner.py:90} INFO - Running: ['airflow', 'tasks', 'run', 'dag_with_docker_operator', 'check_status', 'scheduled__2024-06-01T04:30:00+00:00', '--job-id', '776', '--raw', '--subdir', 'DAGS_FOLDER/dag_with_docker_operator.py', '--cfg-path', '/tmp/tmps9imcomd']
[2024-06-01T21:22:59.993+0000] {standard_task_runner.py:91} INFO - Job 776: Subtask check_status
[2024-06-01T21:23:00.137+0000] {task_command.py:426} INFO - Running <TaskInstance: dag_with_docker_operator.check_status scheduled__2024-06-01T04:30:00+00:00 [running]> on host 9c47fcd741af
[2024-06-01T21:23:00.570+0000] {taskinstance.py:2648} INFO - Exporting env vars: AIRFLOW_CTX_DAG_OWNER='airflow' AIRFLOW_CTX_DAG_ID='dag_with_docker_operator' AIRFLOW_CTX_TASK_ID='check_status' AIRFLOW_CTX_EXECUTION_DATE='2024-06-01T04:30:00+00:00' AIRFLOW_CTX_TRY_NUMBER='1' AIRFLOW_CTX_DAG_RUN_ID='scheduled__2024-06-01T04:30:00+00:00'
[2024-06-01T21:23:00.571+0000] {taskinstance.py:430} INFO - ::endgroup::
[2024-06-01T21:23:00.626+0000] {python.py:237} INFO - Done. Returned value was: {'status': 'success'}
[2024-06-01T21:23:00.627+0000] {taskinstance.py:441} INFO - ::group::Post task execution logs
[2024-06-01T21:23:00.742+0000] {taskinstance.py:1206} INFO - Marking task as SUCCESS. dag_id=dag_with_docker_operator, task_id=check_status, run_id=scheduled__2024-06-01T04:30:00+00:00, execution_date=20240601T043000, start_date=20240601T212259, end_date=20240601T212300
[2024-06-01T21:23:00.852+0000] {local_task_job_runner.py:240} INFO - Task exited with return code 0
[2024-06-01T21:23:00.924+0000] {taskinstance.py:3498} INFO - 0 downstream tasks scheduled from follow-on schedule check
[2024-06-01T21:23:00.927+0000] {local_task_job_runner.py:222} INFO - ::endgroup::
[2024-06-02T11:26:55.927+0000] {local_task_job_runner.py:120} INFO - ::group::Pre task execution logs
[2024-06-02T11:26:55.989+0000] {taskinstance.py:2076} INFO - Dependencies all met for dep_context=non-requeueable deps ti=<TaskInstance: dag_with_docker_operator.check_status scheduled__2024-06-01T04:30:00+00:00 [queued]>
[2024-06-02T11:26:56.014+0000] {taskinstance.py:2076} INFO - Dependencies all met for dep_context=requeueable deps ti=<TaskInstance: dag_with_docker_operator.check_status scheduled__2024-06-01T04:30:00+00:00 [queued]>
[2024-06-02T11:26:56.014+0000] {taskinstance.py:2306} INFO - Starting attempt 1 of 2
[2024-06-02T11:26:56.181+0000] {taskinstance.py:2330} INFO - Executing <Task(PythonOperator): check_status> on 2024-06-01 04:30:00+00:00
[2024-06-02T11:26:56.188+0000] {standard_task_runner.py:63} INFO - Started process 1525 to run task
[2024-06-02T11:26:56.192+0000] {standard_task_runner.py:90} INFO - Running: ['airflow', 'tasks', 'run', 'dag_with_docker_operator', 'check_status', 'scheduled__2024-06-01T04:30:00+00:00', '--job-id', '777', '--raw', '--subdir', 'DAGS_FOLDER/dag_with_docker_operator.py', '--cfg-path', '/tmp/tmpwjikn0d_']
[2024-06-02T11:26:56.195+0000] {standard_task_runner.py:91} INFO - Job 777: Subtask check_status
[2024-06-02T11:26:56.404+0000] {task_command.py:426} INFO - Running <TaskInstance: dag_with_docker_operator.check_status scheduled__2024-06-01T04:30:00+00:00 [running]> on host 9c47fcd741af
[2024-06-02T11:26:56.985+0000] {taskinstance.py:2648} INFO - Exporting env vars: AIRFLOW_CTX_DAG_OWNER='airflow' AIRFLOW_CTX_DAG_ID='dag_with_docker_operator' AIRFLOW_CTX_TASK_ID='check_status' AIRFLOW_CTX_EXECUTION_DATE='2024-06-01T04:30:00+00:00' AIRFLOW_CTX_TRY_NUMBER='1' AIRFLOW_CTX_DAG_RUN_ID='scheduled__2024-06-01T04:30:00+00:00'
[2024-06-02T11:26:56.988+0000] {taskinstance.py:430} INFO - ::endgroup::
[2024-06-02T11:26:57.075+0000] {python.py:237} INFO - Done. Returned value was: {'status': 'failed'}
[2024-06-02T11:26:57.092+0000] {taskinstance.py:441} INFO - ::group::Post task execution logs
[2024-06-02T11:26:57.782+0000] {taskinstance.py:1206} INFO - Marking task as SUCCESS. dag_id=dag_with_docker_operator, task_id=check_status, run_id=scheduled__2024-06-01T04:30:00+00:00, execution_date=20240601T043000, start_date=20240602T112655, end_date=20240602T112657
[2024-06-02T11:26:57.937+0000] {local_task_job_runner.py:240} INFO - Task exited with return code 0
[2024-06-02T11:26:58.009+0000] {taskinstance.py:3498} INFO - 0 downstream tasks scheduled from follow-on schedule check
[2024-06-02T11:26:58.013+0000] {local_task_job_runner.py:222} INFO - ::endgroup::
[2024-06-02T11:54:52.020+0000] {local_task_job_runner.py:120} INFO - ::group::Pre task execution logs
[2024-06-02T11:54:52.106+0000] {taskinstance.py:2076} INFO - Dependencies all met for dep_context=non-requeueable deps ti=<TaskInstance: dag_with_docker_operator.check_status scheduled__2024-06-01T04:30:00+00:00 [queued]>
[2024-06-02T11:54:52.216+0000] {taskinstance.py:2076} INFO - Dependencies all met for dep_context=requeueable deps ti=<TaskInstance: dag_with_docker_operator.check_status scheduled__2024-06-01T04:30:00+00:00 [queued]>
[2024-06-02T11:54:52.217+0000] {taskinstance.py:2306} INFO - Starting attempt 1 of 2
[2024-06-02T11:54:52.287+0000] {taskinstance.py:2330} INFO - Executing <Task(PythonOperator): check_status> on 2024-06-01 04:30:00+00:00
[2024-06-02T11:54:52.294+0000] {standard_task_runner.py:63} INFO - Started process 2305 to run task
[2024-06-02T11:54:52.298+0000] {standard_task_runner.py:90} INFO - Running: ['airflow', 'tasks', 'run', 'dag_with_docker_operator', 'check_status', 'scheduled__2024-06-01T04:30:00+00:00', '--job-id', '777', '--raw', '--subdir', 'DAGS_FOLDER/dag_with_docker_operator.py', '--cfg-path', '/tmp/tmp9luaq7wv']
[2024-06-02T11:54:52.300+0000] {standard_task_runner.py:91} INFO - Job 777: Subtask check_status
[2024-06-02T11:54:52.751+0000] {task_command.py:426} INFO - Running <TaskInstance: dag_with_docker_operator.check_status scheduled__2024-06-01T04:30:00+00:00 [running]> on host 9c47fcd741af
[2024-06-02T11:54:53.095+0000] {taskinstance.py:2648} INFO - Exporting env vars: AIRFLOW_CTX_DAG_OWNER='airflow' AIRFLOW_CTX_DAG_ID='dag_with_docker_operator' AIRFLOW_CTX_TASK_ID='check_status' AIRFLOW_CTX_EXECUTION_DATE='2024-06-01T04:30:00+00:00' AIRFLOW_CTX_TRY_NUMBER='1' AIRFLOW_CTX_DAG_RUN_ID='scheduled__2024-06-01T04:30:00+00:00'
[2024-06-02T11:54:53.096+0000] {taskinstance.py:430} INFO - ::endgroup::
[2024-06-02T11:54:53.177+0000] {taskinstance.py:441} INFO - ::group::Post task execution logs
[2024-06-02T11:54:53.179+0000] {taskinstance.py:2905} ERROR - Task failed with exception
Traceback (most recent call last):
  File "/home/airflow/.local/lib/python3.12/site-packages/airflow/models/taskinstance.py", line 465, in _execute_task
    result = _execute_callable(context=context, **execute_callable_kwargs)
             ^^^^^^^^^^^^^^^^^^^^^^^^^^^^^^^^^^^^^^^^^^^^^^^^^^^^^^^^^^^^^
  File "/home/airflow/.local/lib/python3.12/site-packages/airflow/models/taskinstance.py", line 432, in _execute_callable
    return execute_callable(context=context, **execute_callable_kwargs)
           ^^^^^^^^^^^^^^^^^^^^^^^^^^^^^^^^^^^^^^^^^^^^^^^^^^^^^^^^^^^^
  File "/home/airflow/.local/lib/python3.12/site-packages/airflow/models/baseoperator.py", line 400, in wrapper
    return func(self, *args, **kwargs)
           ^^^^^^^^^^^^^^^^^^^^^^^^^^^
  File "/home/airflow/.local/lib/python3.12/site-packages/airflow/operators/python.py", line 235, in execute
    return_value = self.execute_callable()
                   ^^^^^^^^^^^^^^^^^^^^^^^
  File "/home/airflow/.local/lib/python3.12/site-packages/airflow/operators/python.py", line 252, in execute_callable
    return self.python_callable(*self.op_args, **self.op_kwargs)
           ^^^^^^^^^^^^^^^^^^^^^^^^^^^^^^^^^^^^^^^^^^^^^^^^^^^^^
  File "/opt/airflow/dags/dag_with_docker_operator.py", line 26, in check_send_status
    raise ValueError(f"Task failed with status: {status}")
ValueError: Task failed with status: failed
[2024-06-02T11:54:53.243+0000] {taskinstance.py:1206} INFO - Marking task as UP_FOR_RETRY. dag_id=dag_with_docker_operator, task_id=check_status, run_id=scheduled__2024-06-01T04:30:00+00:00, execution_date=20240601T043000, start_date=20240602T115452, end_date=20240602T115453
[2024-06-02T11:54:53.433+0000] {standard_task_runner.py:110} ERROR - Failed to execute job 777 for task check_status (Task failed with status: failed; 2305)
[2024-06-02T11:54:53.483+0000] {local_task_job_runner.py:240} INFO - Task exited with return code 1
[2024-06-02T11:54:53.669+0000] {taskinstance.py:3498} INFO - 0 downstream tasks scheduled from follow-on schedule check
[2024-06-02T11:54:53.671+0000] {local_task_job_runner.py:222} INFO - ::endgroup::
[2024-06-02T12:15:39.761+0000] {local_task_job_runner.py:120} INFO - ::group::Pre task execution logs
[2024-06-02T12:15:39.811+0000] {taskinstance.py:2076} INFO - Dependencies all met for dep_context=non-requeueable deps ti=<TaskInstance: dag_with_docker_operator.check_status scheduled__2024-06-01T04:30:00+00:00 [queued]>
[2024-06-02T12:15:39.832+0000] {taskinstance.py:2076} INFO - Dependencies all met for dep_context=requeueable deps ti=<TaskInstance: dag_with_docker_operator.check_status scheduled__2024-06-01T04:30:00+00:00 [queued]>
[2024-06-02T12:15:39.833+0000] {taskinstance.py:2306} INFO - Starting attempt 1 of 2
[2024-06-02T12:15:39.886+0000] {taskinstance.py:2330} INFO - Executing <Task(PythonOperator): check_status> on 2024-06-01 04:30:00+00:00
[2024-06-02T12:15:39.893+0000] {standard_task_runner.py:63} INFO - Started process 2828 to run task
[2024-06-02T12:15:39.896+0000] {standard_task_runner.py:90} INFO - Running: ['airflow', 'tasks', 'run', 'dag_with_docker_operator', 'check_status', 'scheduled__2024-06-01T04:30:00+00:00', '--job-id', '777', '--raw', '--subdir', 'DAGS_FOLDER/dag_with_docker_operator.py', '--cfg-path', '/tmp/tmpf8y87d8h']
[2024-06-02T12:15:39.898+0000] {standard_task_runner.py:91} INFO - Job 777: Subtask check_status
[2024-06-02T12:15:40.149+0000] {task_command.py:426} INFO - Running <TaskInstance: dag_with_docker_operator.check_status scheduled__2024-06-01T04:30:00+00:00 [running]> on host 9c47fcd741af
[2024-06-02T12:15:40.471+0000] {taskinstance.py:2648} INFO - Exporting env vars: AIRFLOW_CTX_DAG_OWNER='airflow' AIRFLOW_CTX_DAG_ID='dag_with_docker_operator' AIRFLOW_CTX_TASK_ID='check_status' AIRFLOW_CTX_EXECUTION_DATE='2024-06-01T04:30:00+00:00' AIRFLOW_CTX_TRY_NUMBER='1' AIRFLOW_CTX_DAG_RUN_ID='scheduled__2024-06-01T04:30:00+00:00'
[2024-06-02T12:15:40.472+0000] {taskinstance.py:430} INFO - ::endgroup::
[2024-06-02T12:15:40.513+0000] {taskinstance.py:441} INFO - ::group::Post task execution logs
[2024-06-02T12:15:40.515+0000] {taskinstance.py:2905} ERROR - Task failed with exception
Traceback (most recent call last):
  File "/home/airflow/.local/lib/python3.12/site-packages/airflow/models/taskinstance.py", line 465, in _execute_task
    result = _execute_callable(context=context, **execute_callable_kwargs)
             ^^^^^^^^^^^^^^^^^^^^^^^^^^^^^^^^^^^^^^^^^^^^^^^^^^^^^^^^^^^^^
  File "/home/airflow/.local/lib/python3.12/site-packages/airflow/models/taskinstance.py", line 432, in _execute_callable
    return execute_callable(context=context, **execute_callable_kwargs)
           ^^^^^^^^^^^^^^^^^^^^^^^^^^^^^^^^^^^^^^^^^^^^^^^^^^^^^^^^^^^^
  File "/home/airflow/.local/lib/python3.12/site-packages/airflow/models/baseoperator.py", line 400, in wrapper
    return func(self, *args, **kwargs)
           ^^^^^^^^^^^^^^^^^^^^^^^^^^^
  File "/home/airflow/.local/lib/python3.12/site-packages/airflow/operators/python.py", line 235, in execute
    return_value = self.execute_callable()
                   ^^^^^^^^^^^^^^^^^^^^^^^
  File "/home/airflow/.local/lib/python3.12/site-packages/airflow/operators/python.py", line 252, in execute_callable
    return self.python_callable(*self.op_args, **self.op_kwargs)
           ^^^^^^^^^^^^^^^^^^^^^^^^^^^^^^^^^^^^^^^^^^^^^^^^^^^^^
  File "/opt/airflow/dags/dag_with_docker_operator.py", line 24, in check_send_status
    raise ValueError(f"Check send status failed: {result}")
ValueError: Check send status failed: {'status': 'failed'}
[2024-06-02T12:15:40.538+0000] {taskinstance.py:1206} INFO - Marking task as UP_FOR_RETRY. dag_id=dag_with_docker_operator, task_id=check_status, run_id=scheduled__2024-06-01T04:30:00+00:00, execution_date=20240601T043000, start_date=20240602T121539, end_date=20240602T121540
[2024-06-02T12:15:40.588+0000] {standard_task_runner.py:110} ERROR - Failed to execute job 777 for task check_status (Check send status failed: {'status': 'failed'}; 2828)
[2024-06-02T12:15:40.636+0000] {local_task_job_runner.py:240} INFO - Task exited with return code 1
[2024-06-02T12:15:40.809+0000] {taskinstance.py:3498} INFO - 0 downstream tasks scheduled from follow-on schedule check
[2024-06-02T12:15:40.812+0000] {local_task_job_runner.py:222} INFO - ::endgroup::
