[2024-06-01T21:23:57.963+0000] {local_task_job_runner.py:120} INFO - ::group::Pre task execution logs
[2024-06-01T21:23:58.033+0000] {taskinstance.py:2076} INFO - Dependencies all met for dep_context=non-requeueable deps ti=<TaskInstance: dag_with_docker_operator.check_status scheduled__2024-06-01T05:30:00+00:00 [queued]>
[2024-06-01T21:23:58.081+0000] {taskinstance.py:2076} INFO - Dependencies all met for dep_context=requeueable deps ti=<TaskInstance: dag_with_docker_operator.check_status scheduled__2024-06-01T05:30:00+00:00 [queued]>
[2024-06-01T21:23:58.082+0000] {taskinstance.py:2306} INFO - Starting attempt 1 of 2
[2024-06-01T21:23:58.259+0000] {taskinstance.py:2330} INFO - Executing <Task(PythonOperator): check_status> on 2024-06-01 05:30:00+00:00
[2024-06-01T21:23:58.265+0000] {standard_task_runner.py:63} INFO - Started process 576 to run task
[2024-06-01T21:23:58.269+0000] {standard_task_runner.py:90} INFO - Running: ['airflow', 'tasks', 'run', 'dag_with_docker_operator', 'check_status', 'scheduled__2024-06-01T05:30:00+00:00', '--job-id', '781', '--raw', '--subdir', 'DAGS_FOLDER/dag_with_docker_operator.py', '--cfg-path', '/tmp/tmpk5nn7zrm']
[2024-06-01T21:23:58.271+0000] {standard_task_runner.py:91} INFO - Job 781: Subtask check_status
[2024-06-01T21:23:58.387+0000] {task_command.py:426} INFO - Running <TaskInstance: dag_with_docker_operator.check_status scheduled__2024-06-01T05:30:00+00:00 [running]> on host 9c47fcd741af
[2024-06-01T21:23:58.579+0000] {taskinstance.py:2648} INFO - Exporting env vars: AIRFLOW_CTX_DAG_OWNER='airflow' AIRFLOW_CTX_DAG_ID='dag_with_docker_operator' AIRFLOW_CTX_TASK_ID='check_status' AIRFLOW_CTX_EXECUTION_DATE='2024-06-01T05:30:00+00:00' AIRFLOW_CTX_TRY_NUMBER='1' AIRFLOW_CTX_DAG_RUN_ID='scheduled__2024-06-01T05:30:00+00:00'
[2024-06-01T21:23:58.580+0000] {taskinstance.py:430} INFO - ::endgroup::
[2024-06-01T21:23:58.608+0000] {python.py:237} INFO - Done. Returned value was: {'status': 'success'}
[2024-06-01T21:23:58.610+0000] {taskinstance.py:441} INFO - ::group::Post task execution logs
[2024-06-01T21:23:58.687+0000] {taskinstance.py:1206} INFO - Marking task as SUCCESS. dag_id=dag_with_docker_operator, task_id=check_status, run_id=scheduled__2024-06-01T05:30:00+00:00, execution_date=20240601T053000, start_date=20240601T212358, end_date=20240601T212358
[2024-06-01T21:23:58.764+0000] {local_task_job_runner.py:240} INFO - Task exited with return code 0
[2024-06-01T21:23:58.812+0000] {taskinstance.py:3498} INFO - 0 downstream tasks scheduled from follow-on schedule check
[2024-06-01T21:23:58.816+0000] {local_task_job_runner.py:222} INFO - ::endgroup::
[2024-06-02T11:27:34.481+0000] {local_task_job_runner.py:120} INFO - ::group::Pre task execution logs
[2024-06-02T11:27:34.534+0000] {taskinstance.py:2076} INFO - Dependencies all met for dep_context=non-requeueable deps ti=<TaskInstance: dag_with_docker_operator.check_status scheduled__2024-06-01T05:30:00+00:00 [queued]>
[2024-06-02T11:27:34.559+0000] {taskinstance.py:2076} INFO - Dependencies all met for dep_context=requeueable deps ti=<TaskInstance: dag_with_docker_operator.check_status scheduled__2024-06-01T05:30:00+00:00 [queued]>
[2024-06-02T11:27:34.559+0000] {taskinstance.py:2306} INFO - Starting attempt 1 of 2
[2024-06-02T11:27:34.744+0000] {taskinstance.py:2330} INFO - Executing <Task(PythonOperator): check_status> on 2024-06-01 05:30:00+00:00
[2024-06-02T11:27:34.750+0000] {standard_task_runner.py:63} INFO - Started process 1542 to run task
[2024-06-02T11:27:34.754+0000] {standard_task_runner.py:90} INFO - Running: ['airflow', 'tasks', 'run', 'dag_with_docker_operator', 'check_status', 'scheduled__2024-06-01T05:30:00+00:00', '--job-id', '780', '--raw', '--subdir', 'DAGS_FOLDER/dag_with_docker_operator.py', '--cfg-path', '/tmp/tmp1jo7p3z_']
[2024-06-02T11:27:34.757+0000] {standard_task_runner.py:91} INFO - Job 780: Subtask check_status
[2024-06-02T11:27:34.897+0000] {task_command.py:426} INFO - Running <TaskInstance: dag_with_docker_operator.check_status scheduled__2024-06-01T05:30:00+00:00 [running]> on host 9c47fcd741af
[2024-06-02T11:27:35.149+0000] {taskinstance.py:2648} INFO - Exporting env vars: AIRFLOW_CTX_DAG_OWNER='airflow' AIRFLOW_CTX_DAG_ID='dag_with_docker_operator' AIRFLOW_CTX_TASK_ID='check_status' AIRFLOW_CTX_EXECUTION_DATE='2024-06-01T05:30:00+00:00' AIRFLOW_CTX_TRY_NUMBER='1' AIRFLOW_CTX_DAG_RUN_ID='scheduled__2024-06-01T05:30:00+00:00'
[2024-06-02T11:27:35.151+0000] {taskinstance.py:430} INFO - ::endgroup::
[2024-06-02T11:27:35.194+0000] {python.py:237} INFO - Done. Returned value was: {'status': 'failed'}
[2024-06-02T11:27:35.197+0000] {taskinstance.py:441} INFO - ::group::Post task execution logs
[2024-06-02T11:27:35.281+0000] {taskinstance.py:1206} INFO - Marking task as SUCCESS. dag_id=dag_with_docker_operator, task_id=check_status, run_id=scheduled__2024-06-01T05:30:00+00:00, execution_date=20240601T053000, start_date=20240602T112734, end_date=20240602T112735
[2024-06-02T11:27:35.369+0000] {local_task_job_runner.py:240} INFO - Task exited with return code 0
[2024-06-02T11:27:35.408+0000] {taskinstance.py:3498} INFO - 0 downstream tasks scheduled from follow-on schedule check
[2024-06-02T11:27:35.411+0000] {local_task_job_runner.py:222} INFO - ::endgroup::
[2024-06-02T11:56:09.102+0000] {local_task_job_runner.py:120} INFO - ::group::Pre task execution logs
[2024-06-02T11:56:09.159+0000] {taskinstance.py:2076} INFO - Dependencies all met for dep_context=non-requeueable deps ti=<TaskInstance: dag_with_docker_operator.check_status scheduled__2024-06-01T05:30:00+00:00 [queued]>
[2024-06-02T11:56:09.179+0000] {taskinstance.py:2076} INFO - Dependencies all met for dep_context=requeueable deps ti=<TaskInstance: dag_with_docker_operator.check_status scheduled__2024-06-01T05:30:00+00:00 [queued]>
[2024-06-02T11:56:09.179+0000] {taskinstance.py:2306} INFO - Starting attempt 1 of 2
[2024-06-02T11:56:09.228+0000] {taskinstance.py:2330} INFO - Executing <Task(PythonOperator): check_status> on 2024-06-01 05:30:00+00:00
[2024-06-02T11:56:09.235+0000] {standard_task_runner.py:63} INFO - Started process 2327 to run task
[2024-06-02T11:56:09.239+0000] {standard_task_runner.py:90} INFO - Running: ['airflow', 'tasks', 'run', 'dag_with_docker_operator', 'check_status', 'scheduled__2024-06-01T05:30:00+00:00', '--job-id', '781', '--raw', '--subdir', 'DAGS_FOLDER/dag_with_docker_operator.py', '--cfg-path', '/tmp/tmpev1g16i5']
[2024-06-02T11:56:09.241+0000] {standard_task_runner.py:91} INFO - Job 781: Subtask check_status
[2024-06-02T11:56:09.500+0000] {task_command.py:426} INFO - Running <TaskInstance: dag_with_docker_operator.check_status scheduled__2024-06-01T05:30:00+00:00 [running]> on host 9c47fcd741af
[2024-06-02T11:56:09.665+0000] {taskinstance.py:2648} INFO - Exporting env vars: AIRFLOW_CTX_DAG_OWNER='airflow' AIRFLOW_CTX_DAG_ID='dag_with_docker_operator' AIRFLOW_CTX_TASK_ID='check_status' AIRFLOW_CTX_EXECUTION_DATE='2024-06-01T05:30:00+00:00' AIRFLOW_CTX_TRY_NUMBER='1' AIRFLOW_CTX_DAG_RUN_ID='scheduled__2024-06-01T05:30:00+00:00'
[2024-06-02T11:56:09.666+0000] {taskinstance.py:430} INFO - ::endgroup::
[2024-06-02T11:56:09.695+0000] {taskinstance.py:441} INFO - ::group::Post task execution logs
[2024-06-02T11:56:09.696+0000] {taskinstance.py:2905} ERROR - Task failed with exception
Traceback (most recent call last):
  File "/home/airflow/.local/lib/python3.12/site-packages/airflow/models/taskinstance.py", line 465, in _execute_task
    result = _execute_callable(context=context, **execute_callable_kwargs)
             ^^^^^^^^^^^^^^^^^^^^^^^^^^^^^^^^^^^^^^^^^^^^^^^^^^^^^^^^^^^^^
  File "/home/airflow/.local/lib/python3.12/site-packages/airflow/models/taskinstance.py", line 432, in _execute_callable
    return execute_callable(context=context, **execute_callable_kwargs)
           ^^^^^^^^^^^^^^^^^^^^^^^^^^^^^^^^^^^^^^^^^^^^^^^^^^^^^^^^^^^^
  File "/home/airflow/.local/lib/python3.12/site-packages/airflow/models/baseoperator.py", line 400, in wrapper
    return func(self, *args, **kwargs)
           ^^^^^^^^^^^^^^^^^^^^^^^^^^^
  File "/home/airflow/.local/lib/python3.12/site-packages/airflow/operators/python.py", line 235, in execute
    return_value = self.execute_callable()
                   ^^^^^^^^^^^^^^^^^^^^^^^
  File "/home/airflow/.local/lib/python3.12/site-packages/airflow/operators/python.py", line 252, in execute_callable
    return self.python_callable(*self.op_args, **self.op_kwargs)
           ^^^^^^^^^^^^^^^^^^^^^^^^^^^^^^^^^^^^^^^^^^^^^^^^^^^^^
  File "/opt/airflow/dags/dag_with_docker_operator.py", line 24, in check_send_status
    raise ValueError(f"Check send status failed: {result}")
ValueError: Check send status failed: {'status': 'failed'}
[2024-06-02T11:56:09.727+0000] {taskinstance.py:1206} INFO - Marking task as UP_FOR_RETRY. dag_id=dag_with_docker_operator, task_id=check_status, run_id=scheduled__2024-06-01T05:30:00+00:00, execution_date=20240601T053000, start_date=20240602T115609, end_date=20240602T115609
[2024-06-02T11:56:09.791+0000] {standard_task_runner.py:110} ERROR - Failed to execute job 781 for task check_status (Check send status failed: {'status': 'failed'}; 2327)
[2024-06-02T11:56:09.857+0000] {local_task_job_runner.py:240} INFO - Task exited with return code 1
[2024-06-02T11:56:10.227+0000] {taskinstance.py:3498} INFO - 0 downstream tasks scheduled from follow-on schedule check
[2024-06-02T11:56:10.240+0000] {local_task_job_runner.py:222} INFO - ::endgroup::
[2024-06-02T12:16:15.711+0000] {local_task_job_runner.py:120} INFO - ::group::Pre task execution logs
[2024-06-02T12:16:15.762+0000] {taskinstance.py:2076} INFO - Dependencies all met for dep_context=non-requeueable deps ti=<TaskInstance: dag_with_docker_operator.check_status scheduled__2024-06-01T05:30:00+00:00 [queued]>
[2024-06-02T12:16:15.777+0000] {taskinstance.py:2076} INFO - Dependencies all met for dep_context=requeueable deps ti=<TaskInstance: dag_with_docker_operator.check_status scheduled__2024-06-01T05:30:00+00:00 [queued]>
[2024-06-02T12:16:15.778+0000] {taskinstance.py:2306} INFO - Starting attempt 1 of 2
[2024-06-02T12:16:15.824+0000] {taskinstance.py:2330} INFO - Executing <Task(PythonOperator): check_status> on 2024-06-01 05:30:00+00:00
[2024-06-02T12:16:15.829+0000] {standard_task_runner.py:63} INFO - Started process 2850 to run task
[2024-06-02T12:16:15.832+0000] {standard_task_runner.py:90} INFO - Running: ['airflow', 'tasks', 'run', 'dag_with_docker_operator', 'check_status', 'scheduled__2024-06-01T05:30:00+00:00', '--job-id', '781', '--raw', '--subdir', 'DAGS_FOLDER/dag_with_docker_operator.py', '--cfg-path', '/tmp/tmpfbh_sd4k']
[2024-06-02T12:16:15.834+0000] {standard_task_runner.py:91} INFO - Job 781: Subtask check_status
[2024-06-02T12:16:16.073+0000] {task_command.py:426} INFO - Running <TaskInstance: dag_with_docker_operator.check_status scheduled__2024-06-01T05:30:00+00:00 [running]> on host 9c47fcd741af
[2024-06-02T12:16:16.267+0000] {taskinstance.py:2648} INFO - Exporting env vars: AIRFLOW_CTX_DAG_OWNER='airflow' AIRFLOW_CTX_DAG_ID='dag_with_docker_operator' AIRFLOW_CTX_TASK_ID='check_status' AIRFLOW_CTX_EXECUTION_DATE='2024-06-01T05:30:00+00:00' AIRFLOW_CTX_TRY_NUMBER='1' AIRFLOW_CTX_DAG_RUN_ID='scheduled__2024-06-01T05:30:00+00:00'
[2024-06-02T12:16:16.269+0000] {taskinstance.py:430} INFO - ::endgroup::
[2024-06-02T12:16:16.290+0000] {taskinstance.py:441} INFO - ::group::Post task execution logs
[2024-06-02T12:16:16.292+0000] {taskinstance.py:2905} ERROR - Task failed with exception
Traceback (most recent call last):
  File "/home/airflow/.local/lib/python3.12/site-packages/airflow/models/taskinstance.py", line 465, in _execute_task
    result = _execute_callable(context=context, **execute_callable_kwargs)
             ^^^^^^^^^^^^^^^^^^^^^^^^^^^^^^^^^^^^^^^^^^^^^^^^^^^^^^^^^^^^^
  File "/home/airflow/.local/lib/python3.12/site-packages/airflow/models/taskinstance.py", line 432, in _execute_callable
    return execute_callable(context=context, **execute_callable_kwargs)
           ^^^^^^^^^^^^^^^^^^^^^^^^^^^^^^^^^^^^^^^^^^^^^^^^^^^^^^^^^^^^
  File "/home/airflow/.local/lib/python3.12/site-packages/airflow/models/baseoperator.py", line 400, in wrapper
    return func(self, *args, **kwargs)
           ^^^^^^^^^^^^^^^^^^^^^^^^^^^
  File "/home/airflow/.local/lib/python3.12/site-packages/airflow/operators/python.py", line 235, in execute
    return_value = self.execute_callable()
                   ^^^^^^^^^^^^^^^^^^^^^^^
  File "/home/airflow/.local/lib/python3.12/site-packages/airflow/operators/python.py", line 252, in execute_callable
    return self.python_callable(*self.op_args, **self.op_kwargs)
           ^^^^^^^^^^^^^^^^^^^^^^^^^^^^^^^^^^^^^^^^^^^^^^^^^^^^^
  File "/opt/airflow/dags/dag_with_docker_operator.py", line 24, in check_send_status
    raise ValueError(f"Check send status failed: {result}")
ValueError: Check send status failed: {'status': 'failed'}
[2024-06-02T12:16:16.316+0000] {taskinstance.py:1206} INFO - Marking task as UP_FOR_RETRY. dag_id=dag_with_docker_operator, task_id=check_status, run_id=scheduled__2024-06-01T05:30:00+00:00, execution_date=20240601T053000, start_date=20240602T121615, end_date=20240602T121616
[2024-06-02T12:16:16.373+0000] {standard_task_runner.py:110} ERROR - Failed to execute job 781 for task check_status (Check send status failed: {'status': 'failed'}; 2850)
[2024-06-02T12:16:16.407+0000] {local_task_job_runner.py:240} INFO - Task exited with return code 1
[2024-06-02T12:16:16.542+0000] {taskinstance.py:3498} INFO - 0 downstream tasks scheduled from follow-on schedule check
[2024-06-02T12:16:16.544+0000] {local_task_job_runner.py:222} INFO - ::endgroup::
