[2024-06-02T12:28:57.893+0000] {local_task_job_runner.py:120} INFO - ::group::Pre task execution logs
[2024-06-02T12:28:57.946+0000] {taskinstance.py:2076} INFO - Dependencies all met for dep_context=non-requeueable deps ti=<TaskInstance: dag_with_docker_operator.check_status manual__2024-06-02T12:27:37.610138+00:00 [queued]>
[2024-06-02T12:28:57.968+0000] {taskinstance.py:2076} INFO - Dependencies all met for dep_context=requeueable deps ti=<TaskInstance: dag_with_docker_operator.check_status manual__2024-06-02T12:27:37.610138+00:00 [queued]>
[2024-06-02T12:28:57.969+0000] {taskinstance.py:2306} INFO - Starting attempt 1 of 2
[2024-06-02T12:28:58.019+0000] {taskinstance.py:2330} INFO - Executing <Task(PythonOperator): check_status> on 2024-06-02 12:27:37.610138+00:00
[2024-06-02T12:28:58.024+0000] {standard_task_runner.py:63} INFO - Started process 3241 to run task
[2024-06-02T12:28:58.027+0000] {standard_task_runner.py:90} INFO - Running: ['airflow', 'tasks', 'run', 'dag_with_docker_operator', 'check_status', 'manual__2024-06-02T12:27:37.610138+00:00', '--job-id', '852', '--raw', '--subdir', 'DAGS_FOLDER/dag_with_docker_operator.py', '--cfg-path', '/tmp/tmp3pje9iep']
[2024-06-02T12:28:58.030+0000] {standard_task_runner.py:91} INFO - Job 852: Subtask check_status
[2024-06-02T12:28:58.286+0000] {task_command.py:426} INFO - Running <TaskInstance: dag_with_docker_operator.check_status manual__2024-06-02T12:27:37.610138+00:00 [running]> on host 9c47fcd741af
[2024-06-02T12:28:58.548+0000] {taskinstance.py:2648} INFO - Exporting env vars: AIRFLOW_CTX_DAG_OWNER='airflow' AIRFLOW_CTX_DAG_ID='dag_with_docker_operator' AIRFLOW_CTX_TASK_ID='check_status' AIRFLOW_CTX_EXECUTION_DATE='2024-06-02T12:27:37.610138+00:00' AIRFLOW_CTX_TRY_NUMBER='1' AIRFLOW_CTX_DAG_RUN_ID='manual__2024-06-02T12:27:37.610138+00:00'
[2024-06-02T12:28:58.550+0000] {taskinstance.py:430} INFO - ::endgroup::
[2024-06-02T12:28:58.579+0000] {taskinstance.py:441} INFO - ::group::Post task execution logs
[2024-06-02T12:28:58.580+0000] {taskinstance.py:2905} ERROR - Task failed with exception
Traceback (most recent call last):
  File "/home/airflow/.local/lib/python3.12/site-packages/airflow/models/taskinstance.py", line 465, in _execute_task
    result = _execute_callable(context=context, **execute_callable_kwargs)
             ^^^^^^^^^^^^^^^^^^^^^^^^^^^^^^^^^^^^^^^^^^^^^^^^^^^^^^^^^^^^^
  File "/home/airflow/.local/lib/python3.12/site-packages/airflow/models/taskinstance.py", line 432, in _execute_callable
    return execute_callable(context=context, **execute_callable_kwargs)
           ^^^^^^^^^^^^^^^^^^^^^^^^^^^^^^^^^^^^^^^^^^^^^^^^^^^^^^^^^^^^
  File "/home/airflow/.local/lib/python3.12/site-packages/airflow/models/baseoperator.py", line 400, in wrapper
    return func(self, *args, **kwargs)
           ^^^^^^^^^^^^^^^^^^^^^^^^^^^
  File "/home/airflow/.local/lib/python3.12/site-packages/airflow/operators/python.py", line 235, in execute
    return_value = self.execute_callable()
                   ^^^^^^^^^^^^^^^^^^^^^^^
  File "/home/airflow/.local/lib/python3.12/site-packages/airflow/operators/python.py", line 252, in execute_callable
    return self.python_callable(*self.op_args, **self.op_kwargs)
           ^^^^^^^^^^^^^^^^^^^^^^^^^^^^^^^^^^^^^^^^^^^^^^^^^^^^^
  File "/opt/airflow/dags/dag_with_docker_operator.py", line 24, in check_send_status
    raise ValueError(f"Request returned non-success status: {response_json.get('status')}")
ValueError: Request returned non-success status: failed
[2024-06-02T12:28:58.608+0000] {taskinstance.py:1206} INFO - Marking task as UP_FOR_RETRY. dag_id=dag_with_docker_operator, task_id=check_status, run_id=manual__2024-06-02T12:27:37.610138+00:00, execution_date=20240602T122737, start_date=20240602T122857, end_date=20240602T122858
[2024-06-02T12:28:58.719+0000] {standard_task_runner.py:110} ERROR - Failed to execute job 852 for task check_status (Request returned non-success status: failed; 3241)
[2024-06-02T12:28:58.765+0000] {local_task_job_runner.py:240} INFO - Task exited with return code 1
[2024-06-02T12:28:58.897+0000] {taskinstance.py:3498} INFO - 0 downstream tasks scheduled from follow-on schedule check
[2024-06-02T12:28:58.899+0000] {local_task_job_runner.py:222} INFO - ::endgroup::
