[2024-06-01T21:30:13.676+0000] {local_task_job_runner.py:120} INFO - ::group::Pre task execution logs
[2024-06-01T21:30:13.726+0000] {taskinstance.py:2076} INFO - Dependencies all met for dep_context=non-requeueable deps ti=<TaskInstance: dag_with_docker_operator.check_status scheduled__2024-06-01T15:00:00+00:00 [queued]>
[2024-06-01T21:30:13.755+0000] {taskinstance.py:2076} INFO - Dependencies all met for dep_context=requeueable deps ti=<TaskInstance: dag_with_docker_operator.check_status scheduled__2024-06-01T15:00:00+00:00 [queued]>
[2024-06-01T21:30:13.756+0000] {taskinstance.py:2306} INFO - Starting attempt 1 of 2
[2024-06-01T21:30:13.972+0000] {taskinstance.py:2330} INFO - Executing <Task(PythonOperator): check_status> on 2024-06-01 15:00:00+00:00
[2024-06-01T21:30:13.979+0000] {standard_task_runner.py:63} INFO - Started process 785 to run task
[2024-06-01T21:30:13.984+0000] {standard_task_runner.py:90} INFO - Running: ['airflow', 'tasks', 'run', 'dag_with_docker_operator', 'check_status', 'scheduled__2024-06-01T15:00:00+00:00', '--job-id', '819', '--raw', '--subdir', 'DAGS_FOLDER/dag_with_docker_operator.py', '--cfg-path', '/tmp/tmpbfcape6h']
[2024-06-01T21:30:13.992+0000] {standard_task_runner.py:91} INFO - Job 819: Subtask check_status
[2024-06-01T21:30:14.101+0000] {task_command.py:426} INFO - Running <TaskInstance: dag_with_docker_operator.check_status scheduled__2024-06-01T15:00:00+00:00 [running]> on host 9c47fcd741af
[2024-06-01T21:30:14.330+0000] {taskinstance.py:2648} INFO - Exporting env vars: AIRFLOW_CTX_DAG_OWNER='airflow' AIRFLOW_CTX_DAG_ID='dag_with_docker_operator' AIRFLOW_CTX_TASK_ID='check_status' AIRFLOW_CTX_EXECUTION_DATE='2024-06-01T15:00:00+00:00' AIRFLOW_CTX_TRY_NUMBER='1' AIRFLOW_CTX_DAG_RUN_ID='scheduled__2024-06-01T15:00:00+00:00'
[2024-06-01T21:30:14.332+0000] {taskinstance.py:430} INFO - ::endgroup::
[2024-06-01T21:30:14.363+0000] {python.py:237} INFO - Done. Returned value was: {'status': 'success'}
[2024-06-01T21:30:14.366+0000] {taskinstance.py:441} INFO - ::group::Post task execution logs
[2024-06-01T21:30:14.436+0000] {taskinstance.py:1206} INFO - Marking task as SUCCESS. dag_id=dag_with_docker_operator, task_id=check_status, run_id=scheduled__2024-06-01T15:00:00+00:00, execution_date=20240601T150000, start_date=20240601T213013, end_date=20240601T213014
[2024-06-01T21:30:14.519+0000] {local_task_job_runner.py:240} INFO - Task exited with return code 0
[2024-06-01T21:30:14.549+0000] {taskinstance.py:3498} INFO - 0 downstream tasks scheduled from follow-on schedule check
[2024-06-01T21:30:14.551+0000] {local_task_job_runner.py:222} INFO - ::endgroup::
[2024-06-02T11:34:35.166+0000] {local_task_job_runner.py:120} INFO - ::group::Pre task execution logs
[2024-06-02T11:34:35.234+0000] {taskinstance.py:2076} INFO - Dependencies all met for dep_context=non-requeueable deps ti=<TaskInstance: dag_with_docker_operator.check_status scheduled__2024-06-01T15:00:00+00:00 [queued]>
[2024-06-02T11:34:35.278+0000] {taskinstance.py:2076} INFO - Dependencies all met for dep_context=requeueable deps ti=<TaskInstance: dag_with_docker_operator.check_status scheduled__2024-06-01T15:00:00+00:00 [queued]>
[2024-06-02T11:34:35.279+0000] {taskinstance.py:2306} INFO - Starting attempt 1 of 2
[2024-06-02T11:34:35.444+0000] {taskinstance.py:2330} INFO - Executing <Task(PythonOperator): check_status> on 2024-06-01 15:00:00+00:00
[2024-06-02T11:34:35.450+0000] {standard_task_runner.py:63} INFO - Started process 1757 to run task
[2024-06-02T11:34:35.453+0000] {standard_task_runner.py:90} INFO - Running: ['airflow', 'tasks', 'run', 'dag_with_docker_operator', 'check_status', 'scheduled__2024-06-01T15:00:00+00:00', '--job-id', '819', '--raw', '--subdir', 'DAGS_FOLDER/dag_with_docker_operator.py', '--cfg-path', '/tmp/tmpgp02f99h']
[2024-06-02T11:34:35.457+0000] {standard_task_runner.py:91} INFO - Job 819: Subtask check_status
[2024-06-02T11:34:35.576+0000] {task_command.py:426} INFO - Running <TaskInstance: dag_with_docker_operator.check_status scheduled__2024-06-01T15:00:00+00:00 [running]> on host 9c47fcd741af
[2024-06-02T11:34:35.809+0000] {taskinstance.py:2648} INFO - Exporting env vars: AIRFLOW_CTX_DAG_OWNER='airflow' AIRFLOW_CTX_DAG_ID='dag_with_docker_operator' AIRFLOW_CTX_TASK_ID='check_status' AIRFLOW_CTX_EXECUTION_DATE='2024-06-01T15:00:00+00:00' AIRFLOW_CTX_TRY_NUMBER='1' AIRFLOW_CTX_DAG_RUN_ID='scheduled__2024-06-01T15:00:00+00:00'
[2024-06-02T11:34:35.811+0000] {taskinstance.py:430} INFO - ::endgroup::
[2024-06-02T11:34:35.875+0000] {python.py:237} INFO - Done. Returned value was: {'status': 'failed'}
[2024-06-02T11:34:35.880+0000] {taskinstance.py:441} INFO - ::group::Post task execution logs
[2024-06-02T11:34:36.063+0000] {taskinstance.py:1206} INFO - Marking task as SUCCESS. dag_id=dag_with_docker_operator, task_id=check_status, run_id=scheduled__2024-06-01T15:00:00+00:00, execution_date=20240601T150000, start_date=20240602T113435, end_date=20240602T113436
[2024-06-02T11:34:36.193+0000] {local_task_job_runner.py:240} INFO - Task exited with return code 0
[2024-06-02T11:34:36.243+0000] {taskinstance.py:3498} INFO - 0 downstream tasks scheduled from follow-on schedule check
[2024-06-02T11:34:36.247+0000] {local_task_job_runner.py:222} INFO - ::endgroup::
[2024-06-02T12:06:13.037+0000] {local_task_job_runner.py:120} INFO - ::group::Pre task execution logs
[2024-06-02T12:06:13.081+0000] {taskinstance.py:2076} INFO - Dependencies all met for dep_context=non-requeueable deps ti=<TaskInstance: dag_with_docker_operator.check_status scheduled__2024-06-01T15:00:00+00:00 [queued]>
[2024-06-02T12:06:13.102+0000] {taskinstance.py:2076} INFO - Dependencies all met for dep_context=requeueable deps ti=<TaskInstance: dag_with_docker_operator.check_status scheduled__2024-06-01T15:00:00+00:00 [queued]>
[2024-06-02T12:06:13.102+0000] {taskinstance.py:2306} INFO - Starting attempt 1 of 2
[2024-06-02T12:06:13.236+0000] {taskinstance.py:2330} INFO - Executing <Task(PythonOperator): check_status> on 2024-06-01 15:00:00+00:00
[2024-06-02T12:06:13.241+0000] {standard_task_runner.py:63} INFO - Started process 2626 to run task
[2024-06-02T12:06:13.245+0000] {standard_task_runner.py:90} INFO - Running: ['airflow', 'tasks', 'run', 'dag_with_docker_operator', 'check_status', 'scheduled__2024-06-01T15:00:00+00:00', '--job-id', '836', '--raw', '--subdir', 'DAGS_FOLDER/dag_with_docker_operator.py', '--cfg-path', '/tmp/tmppl0t12p1']
[2024-06-02T12:06:13.247+0000] {standard_task_runner.py:91} INFO - Job 836: Subtask check_status
[2024-06-02T12:06:13.352+0000] {task_command.py:426} INFO - Running <TaskInstance: dag_with_docker_operator.check_status scheduled__2024-06-01T15:00:00+00:00 [running]> on host 9c47fcd741af
[2024-06-02T12:06:13.696+0000] {taskinstance.py:2648} INFO - Exporting env vars: AIRFLOW_CTX_DAG_OWNER='airflow' AIRFLOW_CTX_DAG_ID='dag_with_docker_operator' AIRFLOW_CTX_TASK_ID='check_status' AIRFLOW_CTX_EXECUTION_DATE='2024-06-01T15:00:00+00:00' AIRFLOW_CTX_TRY_NUMBER='1' AIRFLOW_CTX_DAG_RUN_ID='scheduled__2024-06-01T15:00:00+00:00'
[2024-06-02T12:06:13.698+0000] {taskinstance.py:430} INFO - ::endgroup::
[2024-06-02T12:06:13.811+0000] {taskinstance.py:441} INFO - ::group::Post task execution logs
[2024-06-02T12:06:13.812+0000] {taskinstance.py:2905} ERROR - Task failed with exception
Traceback (most recent call last):
  File "/home/airflow/.local/lib/python3.12/site-packages/airflow/models/taskinstance.py", line 465, in _execute_task
    result = _execute_callable(context=context, **execute_callable_kwargs)
             ^^^^^^^^^^^^^^^^^^^^^^^^^^^^^^^^^^^^^^^^^^^^^^^^^^^^^^^^^^^^^
  File "/home/airflow/.local/lib/python3.12/site-packages/airflow/models/taskinstance.py", line 432, in _execute_callable
    return execute_callable(context=context, **execute_callable_kwargs)
           ^^^^^^^^^^^^^^^^^^^^^^^^^^^^^^^^^^^^^^^^^^^^^^^^^^^^^^^^^^^^
  File "/home/airflow/.local/lib/python3.12/site-packages/airflow/models/baseoperator.py", line 400, in wrapper
    return func(self, *args, **kwargs)
           ^^^^^^^^^^^^^^^^^^^^^^^^^^^
  File "/home/airflow/.local/lib/python3.12/site-packages/airflow/operators/python.py", line 235, in execute
    return_value = self.execute_callable()
                   ^^^^^^^^^^^^^^^^^^^^^^^
  File "/home/airflow/.local/lib/python3.12/site-packages/airflow/operators/python.py", line 252, in execute_callable
    return self.python_callable(*self.op_args, **self.op_kwargs)
           ^^^^^^^^^^^^^^^^^^^^^^^^^^^^^^^^^^^^^^^^^^^^^^^^^^^^^
  File "/opt/airflow/dags/dag_with_docker_operator.py", line 24, in check_send_status
    raise ValueError(f"Check send status failed: {result}")
ValueError: Check send status failed: {'status': 'failed'}
[2024-06-02T12:06:13.839+0000] {taskinstance.py:1206} INFO - Marking task as UP_FOR_RETRY. dag_id=dag_with_docker_operator, task_id=check_status, run_id=scheduled__2024-06-01T15:00:00+00:00, execution_date=20240601T150000, start_date=20240602T120613, end_date=20240602T120613
[2024-06-02T12:06:13.941+0000] {standard_task_runner.py:110} ERROR - Failed to execute job 836 for task check_status (Check send status failed: {'status': 'failed'}; 2626)
[2024-06-02T12:06:13.985+0000] {local_task_job_runner.py:240} INFO - Task exited with return code 1
[2024-06-02T12:06:14.011+0000] {taskinstance.py:3498} INFO - 0 downstream tasks scheduled from follow-on schedule check
[2024-06-02T12:06:14.013+0000] {local_task_job_runner.py:222} INFO - ::endgroup::
[2024-06-02T12:26:52.537+0000] {local_task_job_runner.py:120} INFO - ::group::Pre task execution logs
[2024-06-02T12:26:52.583+0000] {taskinstance.py:2076} INFO - Dependencies all met for dep_context=non-requeueable deps ti=<TaskInstance: dag_with_docker_operator.check_status scheduled__2024-06-01T15:00:00+00:00 [queued]>
[2024-06-02T12:26:52.603+0000] {taskinstance.py:2076} INFO - Dependencies all met for dep_context=requeueable deps ti=<TaskInstance: dag_with_docker_operator.check_status scheduled__2024-06-01T15:00:00+00:00 [queued]>
[2024-06-02T12:26:52.603+0000] {taskinstance.py:2306} INFO - Starting attempt 1 of 2
[2024-06-02T12:26:52.768+0000] {taskinstance.py:2330} INFO - Executing <Task(PythonOperator): check_status> on 2024-06-01 15:00:00+00:00
[2024-06-02T12:26:52.774+0000] {standard_task_runner.py:63} INFO - Started process 3177 to run task
[2024-06-02T12:26:52.777+0000] {standard_task_runner.py:90} INFO - Running: ['airflow', 'tasks', 'run', 'dag_with_docker_operator', 'check_status', 'scheduled__2024-06-01T15:00:00+00:00', '--job-id', '840', '--raw', '--subdir', 'DAGS_FOLDER/dag_with_docker_operator.py', '--cfg-path', '/tmp/tmp79ei_iw5']
[2024-06-02T12:26:52.779+0000] {standard_task_runner.py:91} INFO - Job 840: Subtask check_status
[2024-06-02T12:26:53.047+0000] {task_command.py:426} INFO - Running <TaskInstance: dag_with_docker_operator.check_status scheduled__2024-06-01T15:00:00+00:00 [running]> on host 9c47fcd741af
[2024-06-02T12:26:53.307+0000] {taskinstance.py:2648} INFO - Exporting env vars: AIRFLOW_CTX_DAG_OWNER='airflow' AIRFLOW_CTX_DAG_ID='dag_with_docker_operator' AIRFLOW_CTX_TASK_ID='check_status' AIRFLOW_CTX_EXECUTION_DATE='2024-06-01T15:00:00+00:00' AIRFLOW_CTX_TRY_NUMBER='1' AIRFLOW_CTX_DAG_RUN_ID='scheduled__2024-06-01T15:00:00+00:00'
[2024-06-02T12:26:53.308+0000] {taskinstance.py:430} INFO - ::endgroup::
[2024-06-02T12:26:53.330+0000] {taskinstance.py:441} INFO - ::group::Post task execution logs
[2024-06-02T12:26:53.331+0000] {taskinstance.py:2905} ERROR - Task failed with exception
Traceback (most recent call last):
  File "/home/airflow/.local/lib/python3.12/site-packages/airflow/models/taskinstance.py", line 465, in _execute_task
    result = _execute_callable(context=context, **execute_callable_kwargs)
             ^^^^^^^^^^^^^^^^^^^^^^^^^^^^^^^^^^^^^^^^^^^^^^^^^^^^^^^^^^^^^
  File "/home/airflow/.local/lib/python3.12/site-packages/airflow/models/taskinstance.py", line 432, in _execute_callable
    return execute_callable(context=context, **execute_callable_kwargs)
           ^^^^^^^^^^^^^^^^^^^^^^^^^^^^^^^^^^^^^^^^^^^^^^^^^^^^^^^^^^^^
  File "/home/airflow/.local/lib/python3.12/site-packages/airflow/models/baseoperator.py", line 400, in wrapper
    return func(self, *args, **kwargs)
           ^^^^^^^^^^^^^^^^^^^^^^^^^^^
  File "/home/airflow/.local/lib/python3.12/site-packages/airflow/operators/python.py", line 235, in execute
    return_value = self.execute_callable()
                   ^^^^^^^^^^^^^^^^^^^^^^^
  File "/home/airflow/.local/lib/python3.12/site-packages/airflow/operators/python.py", line 252, in execute_callable
    return self.python_callable(*self.op_args, **self.op_kwargs)
           ^^^^^^^^^^^^^^^^^^^^^^^^^^^^^^^^^^^^^^^^^^^^^^^^^^^^^
  File "/opt/airflow/dags/dag_with_docker_operator.py", line 24, in check_send_status
    raise ValueError(f"Check send status failed: {result}")
ValueError: Check send status failed: {'status': 'failed'}
[2024-06-02T12:26:53.357+0000] {taskinstance.py:1206} INFO - Marking task as UP_FOR_RETRY. dag_id=dag_with_docker_operator, task_id=check_status, run_id=scheduled__2024-06-01T15:00:00+00:00, execution_date=20240601T150000, start_date=20240602T122652, end_date=20240602T122653
[2024-06-02T12:26:53.458+0000] {standard_task_runner.py:110} ERROR - Failed to execute job 840 for task check_status (Check send status failed: {'status': 'failed'}; 3177)
[2024-06-02T12:26:53.472+0000] {local_task_job_runner.py:240} INFO - Task exited with return code 1
[2024-06-02T12:26:53.602+0000] {taskinstance.py:3498} INFO - 0 downstream tasks scheduled from follow-on schedule check
[2024-06-02T12:26:53.605+0000] {local_task_job_runner.py:222} INFO - ::endgroup::
