[2024-05-29T17:10:12.538+0000] {local_task_job_runner.py:120} INFO - ::group::Pre task execution logs
[2024-05-29T17:10:12.591+0000] {taskinstance.py:2076} INFO - Dependencies all met for dep_context=non-requeueable deps ti=<TaskInstance: flask_monitoring.check_flask_health scheduled__2024-05-28T01:05:00+00:00 [queued]>
[2024-05-29T17:10:12.613+0000] {taskinstance.py:2076} INFO - Dependencies all met for dep_context=requeueable deps ti=<TaskInstance: flask_monitoring.check_flask_health scheduled__2024-05-28T01:05:00+00:00 [queued]>
[2024-05-29T17:10:12.614+0000] {taskinstance.py:2306} INFO - Starting attempt 1 of 2
[2024-05-29T17:10:12.736+0000] {taskinstance.py:2330} INFO - Executing <Task(BashOperator): check_flask_health> on 2024-05-28 01:05:00+00:00
[2024-05-29T17:10:12.747+0000] {standard_task_runner.py:63} INFO - Started process 1828 to run task
[2024-05-29T17:10:12.751+0000] {standard_task_runner.py:90} INFO - Running: ['airflow', 'tasks', 'run', 'flask_monitoring', 'check_flask_health', 'scheduled__2024-05-28T01:05:00+00:00', '--job-id', '119', '--raw', '--subdir', 'DAGS_FOLDER/flask_monitoring.py', '--cfg-path', '/tmp/tmpu6a0obi_']
[2024-05-29T17:10:12.753+0000] {standard_task_runner.py:91} INFO - Job 119: Subtask check_flask_health
[2024-05-29T17:10:13.169+0000] {task_command.py:426} INFO - Running <TaskInstance: flask_monitoring.check_flask_health scheduled__2024-05-28T01:05:00+00:00 [running]> on host f708138922bb
[2024-05-29T17:10:13.549+0000] {taskinstance.py:2648} INFO - Exporting env vars: AIRFLOW_CTX_DAG_OWNER='airflow' AIRFLOW_CTX_DAG_ID='flask_monitoring' AIRFLOW_CTX_TASK_ID='check_flask_health' AIRFLOW_CTX_EXECUTION_DATE='2024-05-28T01:05:00+00:00' AIRFLOW_CTX_TRY_NUMBER='1' AIRFLOW_CTX_DAG_RUN_ID='scheduled__2024-05-28T01:05:00+00:00'
[2024-05-29T17:10:13.551+0000] {taskinstance.py:430} INFO - ::endgroup::
[2024-05-29T17:10:13.570+0000] {subprocess.py:63} INFO - Tmp dir root location: /tmp
[2024-05-29T17:10:13.573+0000] {subprocess.py:75} INFO - Running command: ['/usr/bin/bash', '-c', 'curl -X GET http://flask:5000/check_send_status']
[2024-05-29T17:10:13.583+0000] {subprocess.py:86} INFO - Output:
[2024-05-29T17:10:13.596+0000] {subprocess.py:93} INFO -   % Total    % Received % Xferd  Average Speed   Time    Time     Time  Current
[2024-05-29T17:10:13.597+0000] {subprocess.py:93} INFO -                                  Dload  Upload   Total   Spent    Left  Speed
[2024-05-29T17:10:13.605+0000] {subprocess.py:93} INFO -   0     0    0     0    0     0      0      0 --:--:-- --:--:-- --:--:--     0<!doctype html>
[2024-05-29T17:10:13.609+0000] {subprocess.py:93} INFO - <html lang=en>
[2024-05-29T17:10:13.614+0000] {subprocess.py:93} INFO -   <head>
[2024-05-29T17:10:13.618+0000] {subprocess.py:93} INFO -     <title>NameError: name &#39;last_status&#39; is not defined
[2024-05-29T17:10:13.620+0000] {subprocess.py:93} INFO -  // Werkzeug Debugger</title>
[2024-05-29T17:10:13.621+0000] {subprocess.py:93} INFO -     <link rel="stylesheet" href="?__debugger__=yes&amp;cmd=resource&amp;f=style.css">
[2024-05-29T17:10:13.622+0000] {subprocess.py:93} INFO -     <link rel="shortcut icon"
[2024-05-29T17:10:13.625+0000] {subprocess.py:93} INFO -         href="?__debugger__=yes&amp;cmd=resource&amp;f=console.png">
[2024-05-29T17:10:13.630+0000] {subprocess.py:93} INFO -     <script src="?__debugger__=yes&amp;cmd=resource&amp;f=debugger.js"></script>
[2024-05-29T17:10:13.630+0000] {subprocess.py:93} INFO -     <script>
[2024-05-29T17:10:13.631+0000] {subprocess.py:93} INFO -       var CONSOLE_MODE = false,
[2024-05-29T17:10:13.632+0000] {subprocess.py:93} INFO -           EVALEX = false,
[2024-05-29T17:10:13.632+0000] {subprocess.py:93} INFO -           EVALEX_TRUSTED = false,
[2024-05-29T17:10:13.633+0000] {subprocess.py:93} INFO -           SECRET = "m0W2mug263yMqd81oBK2";
[2024-05-29T17:10:13.633+0000] {subprocess.py:93} INFO -     </script>
[2024-05-29T17:10:13.634+0000] {subprocess.py:93} INFO -   </head>
[2024-05-29T17:10:13.634+0000] {subprocess.py:93} INFO -   <body style="background-color: #fff">
[2024-05-29T17:10:13.635+0000] {subprocess.py:93} INFO -     <div class="debugger">
[2024-05-29T17:10:13.635+0000] {subprocess.py:93} INFO - <h1>NameError</h1>
[2024-05-29T17:10:13.636+0000] {subprocess.py:93} INFO - <div class="detail">
[2024-05-29T17:10:13.636+0000] {subprocess.py:93} INFO -   <p class="errormsg">NameError: name &#39;last_status&#39; is not defined
[2024-05-29T17:10:13.637+0000] {subprocess.py:93} INFO - </p>
[2024-05-29T17:10:13.637+0000] {subprocess.py:93} INFO - </div>
[2024-05-29T17:10:13.638+0000] {subprocess.py:93} INFO - <h2 class="traceback">Traceback <em>(most recent call last)</em></h2>
[2024-05-29T17:10:13.638+0000] {subprocess.py:93} INFO - <div class="traceback">
[2024-05-29T17:10:13.639+0000] {subprocess.py:93} INFO -   <h3></h3>
[2024-05-29T17:10:13.640+0000] {subprocess.py:93} INFO -   <ul><li><div class="frame" id="frame-140474387893264">
[2024-05-29T17:10:13.641+0000] {subprocess.py:93} INFO -   <h4>File <cite class="filename">"/usr/local/lib/python3.9/site-packages/flask/app.py"</cite>,
[2024-05-29T17:10:13.642+0000] {subprocess.py:93} INFO -       line <em class="line">1498</em>,
[2024-05-29T17:10:13.642+0000] {subprocess.py:93} INFO -       in <code class="function">__call__</code></h4>
[2024-05-29T17:10:13.643+0000] {subprocess.py:93} INFO -   <div class="source library"><pre class="line before"><span class="ws">    </span>) -&gt; cabc.Iterable[bytes]:</pre>
[2024-05-29T17:10:13.644+0000] {subprocess.py:93} INFO - <pre class="line before"><span class="ws">        </span>&#34;&#34;&#34;The WSGI server calls the Flask application object as the</pre>
[2024-05-29T17:10:13.645+0000] {subprocess.py:93} INFO - <pre class="line before"><span class="ws">        </span>WSGI application. This calls :meth:`wsgi_app`, which can be</pre>
[2024-05-29T17:10:13.645+0000] {subprocess.py:93} INFO - <pre class="line before"><span class="ws">        </span>wrapped to apply middleware.</pre>
[2024-05-29T17:10:13.646+0000] {subprocess.py:93} INFO - <pre class="line before"><span class="ws">        </span>&#34;&#34;&#34;</pre>
[2024-05-29T17:10:13.646+0000] {subprocess.py:93} INFO - <pre class="line current"><span class="ws">        </span>return self.wsgi_app(environ, start_response)</pre></div>
[2024-05-29T17:10:13.646+0000] {subprocess.py:93} INFO - </div>
[2024-05-29T17:10:13.647+0000] {subprocess.py:93} INFO - 
[2024-05-29T17:10:13.647+0000] {subprocess.py:93} INFO - <li><div class="frame" id="frame-140474387893376">
[2024-05-29T17:10:13.648+0000] {subprocess.py:93} INFO -   <h4>File <cite class="filename">"/usr/local/lib/python3.9/site-packages/flask/app.py"</cite>,
[2024-05-29T17:10:13.648+0000] {subprocess.py:93} INFO -       line <em class="line">1476</em>,
[2024-05-29T17:10:13.648+0000] {subprocess.py:93} INFO -       in <code class="function">wsgi_app</code></h4>
[2024-05-29T17:10:13.649+0000] {subprocess.py:93} INFO -   <div class="source library"><pre class="line before"><span class="ws">            </span>try:</pre>
[2024-05-29T17:10:13.649+0000] {subprocess.py:93} INFO - <pre class="line before"><span class="ws">                </span>ctx.push()</pre>
[2024-05-29T17:10:13.650+0000] {subprocess.py:93} INFO - <pre class="line before"><span class="ws">                </span>response = self.full_dispatch_request()</pre>
[2024-05-29T17:10:13.650+0000] {subprocess.py:93} INFO - <pre class="line before"><span class="ws">            </span>except Exception as e:</pre>
[2024-05-29T17:10:13.650+0000] {subprocess.py:93} INFO - <pre class="line before"><span class="ws">                </span>error = e</pre>
[2024-05-29T17:10:13.651+0000] {subprocess.py:93} INFO - <pre class="line current"><span class="ws">                </span>response = self.handle_exception(e)</pre>
[2024-05-29T17:10:13.652+0000] {subprocess.py:93} INFO - <pre class="line after"><span class="ws">            </span>except:  # noqa: B001</pre>
[2024-05-29T17:10:13.652+0000] {subprocess.py:93} INFO - <pre class="line after"><span class="ws">                </span>error = sys.exc_info()[1]</pre>
[2024-05-29T17:10:13.652+0000] {subprocess.py:93} INFO - <pre class="line after"><span class="ws">                </span>raise</pre>
[2024-05-29T17:10:13.653+0000] {subprocess.py:93} INFO - <pre class="line after"><span class="ws">            </span>return response(environ, start_response)</pre>
[2024-05-29T17:10:13.653+0000] {subprocess.py:93} INFO - <pre class="line after"><span class="ws">        </span>finally:</pre></div>
[2024-05-29T17:10:13.653+0000] {subprocess.py:93} INFO - </div>
[2024-05-29T17:10:13.654+0000] {subprocess.py:93} INFO - 
[2024-05-29T17:10:13.654+0000] {subprocess.py:93} INFO - <li><div class="frame" id="frame-140474387893488">
[2024-05-29T17:10:13.654+0000] {subprocess.py:93} INFO -   <h4>File <cite class="filename">"/usr/local/lib/python3.9/site-packages/flask/app.py"</cite>,
[2024-05-29T17:10:13.655+0000] {subprocess.py:93} INFO -       line <em class="line">1473</em>,
[2024-05-29T17:10:13.655+0000] {subprocess.py:93} INFO -       in <code class="function">wsgi_app</code></h4>
[2024-05-29T17:10:13.656+0000] {subprocess.py:93} INFO -   <div class="source library"><pre class="line before"><span class="ws">        </span>ctx = self.request_context(environ)</pre>
[2024-05-29T17:10:13.656+0000] {subprocess.py:93} INFO - <pre class="line before"><span class="ws">        </span>error: BaseException | None = None</pre>
[2024-05-29T17:10:13.656+0000] {subprocess.py:93} INFO - <pre class="line before"><span class="ws">        </span>try:</pre>
[2024-05-29T17:10:13.657+0000] {subprocess.py:93} INFO - <pre class="line before"><span class="ws">            </span>try:</pre>
[2024-05-29T17:10:13.657+0000] {subprocess.py:93} INFO - <pre class="line before"><span class="ws">                </span>ctx.push()</pre>
[2024-05-29T17:10:13.657+0000] {subprocess.py:93} INFO - <pre class="line current"><span class="ws">                </span>response = self.full_dispatch_request()</pre>
[2024-05-29T17:10:13.658+0000] {subprocess.py:93} INFO - <pre class="line after"><span class="ws">            </span>except Exception as e:</pre>
[2024-05-29T17:10:13.659+0000] {subprocess.py:93} INFO - <pre class="line after"><span class="ws">                </span>error = e</pre>
[2024-05-29T17:10:13.659+0000] {subprocess.py:93} INFO - <pre class="line after"><span class="ws">                </span>response = self.handle_exception(e)</pre>
[2024-05-29T17:10:13.660+0000] {subprocess.py:93} INFO - <pre class="line after"><span class="ws">            </span>except:  # noqa: B001</pre>
[2024-05-29T17:10:13.661+0000] {subprocess.py:93} INFO - <pre class="line after"><span class="ws">                </span>error = sys.exc_info()[1]</pre></div>
[2024-05-29T17:10:13.662+0000] {subprocess.py:93} INFO - </div>
[2024-05-29T17:10:13.663+0000] {subprocess.py:93} INFO - 
[2024-05-29T17:10:13.663+0000] {subprocess.py:93} INFO - <li><div class="frame" id="frame-140474387893600">
[2024-05-29T17:10:13.664+0000] {subprocess.py:93} INFO -   <h4>File <cite class="filename">"/usr/local/lib/python3.9/site-packages/flask/app.py"</cite>,
[2024-05-29T17:10:13.664+0000] {subprocess.py:93} INFO -       line <em class="line">882</em>,
[2024-05-29T17:10:13.664+0000] {subprocess.py:93} INFO -       in <code class="function">full_dispatch_request</code></h4>
[2024-05-29T17:10:13.665+0000] {subprocess.py:93} INFO -   <div class="source library"><pre class="line before"><span class="ws">            </span>request_started.send(self, _async_wrapper=self.ensure_sync)</pre>
[2024-05-29T17:10:13.665+0000] {subprocess.py:93} INFO - <pre class="line before"><span class="ws">            </span>rv = self.preprocess_request()</pre>
[2024-05-29T17:10:13.665+0000] {subprocess.py:93} INFO - <pre class="line before"><span class="ws">            </span>if rv is None:</pre>
[2024-05-29T17:10:13.666+0000] {subprocess.py:93} INFO - <pre class="line before"><span class="ws">                </span>rv = self.dispatch_request()</pre>
[2024-05-29T17:10:13.666+0000] {subprocess.py:93} INFO - <pre class="line before"><span class="ws">        </span>except Exception as e:</pre>
[2024-05-29T17:10:13.667+0000] {subprocess.py:93} INFO - <pre class="line current"><span class="ws">            </span>rv = self.handle_user_exception(e)</pre>
[2024-05-29T17:10:13.667+0000] {subprocess.py:93} INFO - <pre class="line after"><span class="ws">        </span>return self.finalize_request(rv)</pre>
[2024-05-29T17:10:13.667+0000] {subprocess.py:93} INFO - <pre class="line after"><span class="ws"></span> </pre>
[2024-05-29T17:10:13.668+0000] {subprocess.py:93} INFO - <pre class="line after"><span class="ws">    </span>def finalize_request(</pre>
[2024-05-29T17:10:13.668+0000] {subprocess.py:93} INFO - <pre class="line after"><span class="ws">        </span>self,</pre>
[2024-05-29T17:10:13.669+0000] {subprocess.py:93} INFO - <pre class="line after"><span class="ws">        </span>rv: ft.ResponseReturnValue | HTTPException,</pre></div>
[2024-05-29T17:10:13.669+0000] {subprocess.py:93} INFO - </div>
[2024-05-29T17:10:13.670+0000] {subprocess.py:93} INFO - 
[2024-05-29T17:10:13.671+0000] {subprocess.py:93} INFO - <li><div class="frame" id="frame-140474387893712">
[2024-05-29T17:10:13.671+0000] {subprocess.py:93} INFO -   <h4>File <cite class="filename">"/usr/local/lib/python3.9/site-packages/flask/app.py"</cite>,
[2024-05-29T17:10:13.672+0000] {subprocess.py:93} INFO -       line <em class="line">880</em>,
[2024-05-29T17:10:13.672+0000] {subprocess.py:93} INFO -       in <code class="function">full_dispatch_request</code></h4>
[2024-05-29T17:10:13.673+0000] {subprocess.py:93} INFO -   <div class="source library"><pre class="line before"><span class="ws"></span> </pre>
[2024-05-29T17:10:13.673+0000] {subprocess.py:93} INFO - <pre class="line before"><span class="ws">        </span>try:</pre>
[2024-05-29T17:10:13.673+0000] {subprocess.py:93} INFO - <pre class="line before"><span class="ws">            </span>request_started.send(self, _async_wrapper=self.ensure_sync)</pre>
[2024-05-29T17:10:13.674+0000] {subprocess.py:93} INFO - <pre class="line before"><span class="ws">            </span>rv = self.preprocess_request()</pre>
[2024-05-29T17:10:13.674+0000] {subprocess.py:93} INFO - <pre class="line before"><span class="ws">            </span>if rv is None:</pre>
[2024-05-29T17:10:13.674+0000] {subprocess.py:93} INFO - <pre class="line current"><span class="ws">                </span>rv = self.dispatch_request()</pre>
[2024-05-29T17:10:13.675+0000] {subprocess.py:93} INFO - <pre class="line after"><span class="ws">        </span>except Exception as e:</pre>
[2024-05-29T17:10:13.675+0000] {subprocess.py:93} INFO - <pre class="line after"><span class="ws">            </span>rv = self.handle_user_exception(e)</pre>
[2024-05-29T17:10:13.675+0000] {subprocess.py:93} INFO - <pre class="line after"><span class="ws">        </span>return self.finalize_request(rv)</pre>
[2024-05-29T17:10:13.676+0000] {subprocess.py:93} INFO - <pre class="line after"><span class="ws"></span> </pre>
[2024-05-29T17:10:13.676+0000] {subprocess.py:93} INFO - <pre class="line after"><span class="ws">    </span>def finalize_request(</pre></div>
[2024-05-29T17:10:13.677+0000] {subprocess.py:93} INFO - </div>
[2024-05-29T17:10:13.677+0000] {subprocess.py:93} INFO - 
[2024-05-29T17:10:13.678+0000] {subprocess.py:93} INFO - <li><div class="frame" id="frame-140474387893824">
[2024-05-29T17:10:13.678+0000] {subprocess.py:93} INFO -   <h4>File <cite class="filename">"/usr/local/lib/python3.9/site-packages/flask/app.py"</cite>,
[2024-05-29T17:10:13.679+0000] {subprocess.py:93} INFO -       line <em class="line">865</em>,
[2024-05-29T17:10:13.680+0000] {subprocess.py:93} INFO -       in <code class="function">dispatch_request</code></h4>
[2024-05-29T17:10:13.680+0000] {subprocess.py:93} INFO -   <div class="source library"><pre class="line before"><span class="ws">            </span>and req.method == &#34;OPTIONS&#34;</pre>
[2024-05-29T17:10:13.681+0000] {subprocess.py:93} INFO - <pre class="line before"><span class="ws">        </span>):</pre>
[2024-05-29T17:10:13.682+0000] {subprocess.py:93} INFO - <pre class="line before"><span class="ws">            </span>return self.make_default_options_response()</pre>
[2024-05-29T17:10:13.682+0000] {subprocess.py:93} INFO - <pre class="line before"><span class="ws">        </span># otherwise dispatch to the handler for that endpoint</pre>
[2024-05-29T17:10:13.683+0000] {subprocess.py:93} INFO - <pre class="line before"><span class="ws">        </span>view_args: dict[str, t.Any] = req.view_args  # type: ignore[assignment]</pre>
[2024-05-29T17:10:13.683+0000] {subprocess.py:93} INFO - <pre class="line current"><span class="ws">        </span>return self.ensure_sync(self.view_functions[rule.endpoint])(**view_args)  # type: ignore[no-any-return]</pre>
[2024-05-29T17:10:13.684+0000] {subprocess.py:93} INFO - <pre class="line after"><span class="ws"></span> </pre>
[2024-05-29T17:10:13.684+0000] {subprocess.py:93} INFO - <pre class="line after"><span class="ws">    </span>def full_dispatch_request(self) -&gt; Response:</pre>
[2024-05-29T17:10:13.685+0000] {subprocess.py:93} INFO - <pre class="line after"><span class="ws">        </span>&#34;&#34;&#34;Dispatches the request and on top of that performs request</pre>
[2024-05-29T17:10:13.685+0000] {subprocess.py:93} INFO - <pre class="line after"><span class="ws">        </span>pre and postprocessing as well as HTTP exception catching and</pre>
[2024-05-29T17:10:13.686+0000] {subprocess.py:93} INFO - <pre class="line after"><span class="ws">        </span>error handling.</pre></div>
[2024-05-29T17:10:13.686+0000] {subprocess.py:93} INFO - </div>
[2024-05-29T17:10:13.686+0000] {subprocess.py:93} INFO - 
[2024-05-29T17:10:13.687+0000] {subprocess.py:93} INFO - <li><div class="frame" id="frame-140474387893936">
[2024-05-29T17:10:13.687+0000] {subprocess.py:93} INFO -   <h4>File <cite class="filename">"/app/appflask.py"</cite>,
[2024-05-29T17:10:13.688+0000] {subprocess.py:93} INFO -       line <em class="line">206</em>,
[2024-05-29T17:10:13.688+0000] {subprocess.py:93} INFO -       in <code class="function">check_send_status</code></h4>
[2024-05-29T17:10:13.689+0000] {subprocess.py:93} INFO -   <div class="source "><pre class="line before"><span class="ws">        </span>return str(e)</pre>
[2024-05-29T17:10:13.689+0000] {subprocess.py:93} INFO - <pre class="line before"><span class="ws"></span> </pre>
[2024-05-29T17:10:13.689+0000] {subprocess.py:93} INFO - <pre class="line before"><span class="ws"></span>@app.route(&#39;/check_send_status&#39;, methods=[&#39;GET&#39;])</pre>
[2024-05-29T17:10:13.690+0000] {subprocess.py:93} INFO - <pre class="line before"><span class="ws"></span>def check_send_status():</pre>
[2024-05-29T17:10:13.690+0000] {subprocess.py:93} INFO - <pre class="line before"><span class="ws">    </span>global last_status</pre>
[2024-05-29T17:10:13.691+0000] {subprocess.py:93} INFO - <pre class="line current"><span class="ws">    </span>return jsonify(last_status)</pre>
[2024-05-29T17:10:13.691+0000] {subprocess.py:93} INFO - <pre class="line after"><span class="ws"></span> </pre>
[2024-05-29T17:10:13.692+0000] {subprocess.py:93} INFO - <pre class="line after"><span class="ws"></span>if __name__ == &#39;__main__&#39;:</pre>
[2024-05-29T17:10:13.692+0000] {subprocess.py:93} INFO - <pre class="line after"><span class="ws">    </span>app.run(host=&#39;0.0.0.0&#39;, port=5000, debug=True)</pre></div>
[2024-05-29T17:10:13.692+0000] {subprocess.py:93} INFO - </div>
[2024-05-29T17:10:13.693+0000] {subprocess.py:93} INFO - </ul>
[2024-05-29T17:10:13.693+0000] {subprocess.py:93} INFO -   <blockquote>NameError: name &#39;last_status&#39; is not defined
[2024-05-29T17:10:13.694+0000] {subprocess.py:93} INFO - </blockquote>
[2024-05-29T17:10:13.694+0000] {subprocess.py:93} INFO - </div>
[2024-05-29T17:10:13.694+0000] {subprocess.py:93} INFO - 
[2024-05-29T17:10:13.695+0000] {subprocess.py:93} INFO - <div class="plain">
[2024-05-29T17:10:13.695+0000] {subprocess.py:93} INFO -     <p>
[2024-05-29T17:10:13.696+0000] {subprocess.py:93} INFO -       This is the Copy/Paste friendly version of the traceback.
[2024-05-29T17:10:13.696+0000] {subprocess.py:93} INFO -     </p>
[2024-05-29T17:10:13.696+0000] {subprocess.py:93} INFO -     <textarea cols="50" rows="10" name="code" readonly>Traceback (most recent call last):
[2024-05-29T17:10:13.697+0000] {subprocess.py:93} INFO -   File &#34;/usr/local/lib/python3.9/site-packages/flask/app.py&#34;, line 1498, in __call__
[2024-05-29T17:10:13.697+0000] {subprocess.py:93} INFO -     return self.wsgi_app(environ, start_response)
[2024-05-29T17:10:13.698+0000] {subprocess.py:93} INFO -   File &#34;/usr/local/lib/python3.9/site-packages/flask/app.py&#34;, line 1476, in wsgi_app
[2024-05-29T17:10:13.699+0000] {subprocess.py:93} INFO -     response = self.handle_exception(e)
[2024-05-29T17:10:13.700+0000] {subprocess.py:93} INFO -   File &#34;/usr/local/lib/python3.9/site-packages/flask/app.py&#34;, line 1473, in wsgi_app
[2024-05-29T17:10:13.700+0000] {subprocess.py:93} INFO -     response = self.full_dispatch_request()
[2024-05-29T17:10:13.701+0000] {subprocess.py:93} INFO -   File &#34;/usr/local/lib/python3.9/site-packages/flask/app.py&#34;, line 882, in full_dispatch_request
[2024-05-29T17:10:13.701+0000] {subprocess.py:93} INFO -     rv = self.handle_user_exception(e)
[2024-05-29T17:10:13.702+0000] {subprocess.py:93} INFO -   File &#34;/usr/local/lib/python3.9/site-packages/flask/app.py&#34;, line 880, in full_dispatch_request
[2024-05-29T17:10:13.702+0000] {subprocess.py:93} INFO -     rv = self.dispatch_request()
[2024-05-29T17:10:13.702+0000] {subprocess.py:93} INFO -   File &#34;/usr/local/lib/python3.9/site-packages/flask/app.py&#34;, line 865, in dispatch_request
[2024-05-29T17:10:13.703+0000] {subprocess.py:93} INFO -     return self.ensure_sync(self.view_functions[rule.endpoint])(**view_args)  # type: ignore[no-any-return]
[2024-05-29T17:10:13.703+0000] {subprocess.py:93} INFO -   File &#34;/app/appflask.py&#34;, line 206, in check_send_status
[2024-05-29T17:10:13.704+0000] {subprocess.py:93} INFO -     return jsonify(last_status)
[2024-05-29T17:10:13.704+0000] {subprocess.py:93} INFO - NameError: name &#39;last_status&#39; is not defined
[2024-05-29T17:10:13.704+0000] {subprocess.py:93} INFO - </textarea>
[2024-05-29T17:10:13.705+0000] {subprocess.py:93} INFO - </div>
[2024-05-29T17:10:13.705+0000] {subprocess.py:93} INFO - <div class="explanation">
[2024-05-29T17:10:13.706+0000] {subprocess.py:93} INFO -   The debugger caught an exception in your WSGI application.  You can now
[2024-05-29T17:10:13.706+0000] {subprocess.py:93} INFO -   look at the traceback which led to the error.  <span class="nojavascript">
[2024-05-29T17:10:13.706+0000] {subprocess.py:93} INFO -   If you enable JavaScript you can also use additional features such as code
[2024-05-29T17:10:13.707+0000] {subprocess.py:93} INFO -   execution (if the evalex feature is enabled), automatic pasting of the
[2024-05-29T17:10:13.707+0000] {subprocess.py:93} INFO -   exceptions and much more.</span>
[2024-05-29T17:10:13.708+0000] {subprocess.py:93} INFO - </div>
[2024-05-29T17:10:13.708+0000] {subprocess.py:93} INFO -       <div class="footer">
[2024-05-29T17:10:13.708+0000] {subprocess.py:93} INFO -         Brought to you by <strong class="arthur">DON'T PANIC</strong>, your
[2024-05-29T17:10:13.709+0000] {subprocess.py:93} INFO -         friendly Werkzeug powered traceback interpreter.
[2024-05-29T17:10:13.710+0000] {subprocess.py:93} INFO -       </div>
[2024-05-29T17:10:13.710+0000] {subprocess.py:93} INFO -     </div>
[2024-05-29T17:10:13.710+0000] {subprocess.py:93} INFO - 
[2024-05-29T17:10:13.711+0000] {subprocess.py:93} INFO -     <div class="pin-prompt">
[2024-05-29T17:10:13.711+0000] {subprocess.py:93} INFO -       <div class="inner">
[2024-05-29T17:10:13.712+0000] {subprocess.py:93} INFO -         <h3>Console Locked</h3>
[2024-05-29T17:10:13.712+0000] {subprocess.py:93} INFO -         <p>
[2024-05-29T17:10:13.713+0000] {subprocess.py:93} INFO -           The console is locked and needs to be unlocked by entering the PIN.
[2024-05-29T17:10:13.713+0000] {subprocess.py:93} INFO -           You can find the PIN printed out on the standard output of your
[2024-05-29T17:10:13.713+0000] {subprocess.py:93} INFO -           shell that runs the server.
[2024-05-29T17:10:13.714+0000] {subprocess.py:93} INFO -         <form>
[2024-05-29T17:10:13.714+0000] {subprocess.py:93} INFO -           <p>PIN:
[2024-05-29T17:10:13.715+0000] {subprocess.py:93} INFO -             <input type=text name=pin size=14>
[2024-05-29T17:10:13.715+0000] {subprocess.py:93} INFO -             <input type=submit name=btn value="Confirm Pin">
[2024-05-29T17:10:13.716+0000] {subprocess.py:93} INFO -         </form>
[2024-05-29T17:10:13.716+0000] {subprocess.py:93} INFO -       </div>
[2024-05-29T17:10:13.717+0000] {subprocess.py:93} INFO -     </div>
[2024-05-29T17:10:13.717+0000] {subprocess.py:93} INFO -   </body>
[2024-05-29T17:10:13.718+0000] {subprocess.py:93} INFO - </html>
[2024-05-29T17:10:13.718+0000] {subprocess.py:93} INFO - 
[2024-05-29T17:10:13.719+0000] {subprocess.py:93} INFO - <!--
[2024-05-29T17:10:13.719+0000] {subprocess.py:93} INFO - 
[2024-05-29T17:10:13.720+0000] {subprocess.py:93} INFO - Traceback (most recent call last):
[2024-05-29T17:10:13.720+0000] {subprocess.py:93} INFO -   File "/usr/local/lib/python3.9/site-packages/flask/app.py", line 1498, in __call__
[2024-05-29T17:10:13.721+0000] {subprocess.py:93} INFO -     return self.wsgi_app(environ, start_response)
[2024-05-29T17:10:13.721+0000] {subprocess.py:93} INFO -   File "/usr/local/lib/python3.9/site-packages/flask/app.py", line 1476, in wsgi_app
[2024-05-29T17:10:13.722+0000] {subprocess.py:93} INFO -     response = self.handle_exception(e)
[2024-05-29T17:10:13.722+0000] {subprocess.py:93} INFO -   File "/usr/local/lib/python3.9/site-packages/flask/app.py", line 1473, in wsgi_app
[2024-05-29T17:10:13.722+0000] {subprocess.py:93} INFO -     response = self.full_dispatch_request()
[2024-05-29T17:10:13.723+0000] {subprocess.py:93} INFO -   File "/usr/local/lib/python3.9/site-packages/flask/app.py", line 882, in full_dispatch_r100 12805  100 12805    0     0  1317k      0 --:--:-- --:--:-- --:--:-- 1389k
[2024-05-29T17:10:13.723+0000] {subprocess.py:93} INFO - equest
[2024-05-29T17:10:13.724+0000] {subprocess.py:93} INFO -     rv = self.handle_user_exception(e)
[2024-05-29T17:10:13.724+0000] {subprocess.py:93} INFO -   File "/usr/local/lib/python3.9/site-packages/flask/app.py", line 880, in full_dispatch_request
[2024-05-29T17:10:13.724+0000] {subprocess.py:93} INFO -     rv = self.dispatch_request()
[2024-05-29T17:10:13.725+0000] {subprocess.py:93} INFO -   File "/usr/local/lib/python3.9/site-packages/flask/app.py", line 865, in dispatch_request
[2024-05-29T17:10:13.725+0000] {subprocess.py:93} INFO -     return self.ensure_sync(self.view_functions[rule.endpoint])(**view_args)  # type: ignore[no-any-return]
[2024-05-29T17:10:13.726+0000] {subprocess.py:93} INFO -   File "/app/appflask.py", line 206, in check_send_status
[2024-05-29T17:10:13.726+0000] {subprocess.py:93} INFO -     return jsonify(last_status)
[2024-05-29T17:10:13.727+0000] {subprocess.py:93} INFO - NameError: name 'last_status' is not defined
[2024-05-29T17:10:13.727+0000] {subprocess.py:93} INFO - 
[2024-05-29T17:10:13.728+0000] {subprocess.py:93} INFO - 
[2024-05-29T17:10:13.729+0000] {subprocess.py:93} INFO - -->
[2024-05-29T17:10:13.729+0000] {subprocess.py:97} INFO - Command exited with return code 0
[2024-05-29T17:10:13.730+0000] {taskinstance.py:441} INFO - ::group::Post task execution logs
[2024-05-29T17:10:13.848+0000] {taskinstance.py:1206} INFO - Marking task as SUCCESS. dag_id=flask_monitoring, task_id=check_flask_health, run_id=scheduled__2024-05-28T01:05:00+00:00, execution_date=20240528T010500, start_date=20240529T171012, end_date=20240529T171013
[2024-05-29T17:10:13.972+0000] {local_task_job_runner.py:240} INFO - Task exited with return code 0
[2024-05-29T17:10:14.035+0000] {taskinstance.py:3498} INFO - 1 downstream tasks scheduled from follow-on schedule check
[2024-05-29T17:10:14.056+0000] {local_task_job_runner.py:222} INFO - ::endgroup::
