[2024-06-02T10:38:42.407+0000] {local_task_job_runner.py:120} INFO - ::group::Pre task execution logs
[2024-06-02T10:38:42.512+0000] {taskinstance.py:2076} INFO - Dependencies all met for dep_context=non-requeueable deps ti=<TaskInstance: dag_with_docker_operator.check_status scheduled__2024-06-01T21:30:00+00:00 [queued]>
[2024-06-02T10:38:42.566+0000] {taskinstance.py:2076} INFO - Dependencies all met for dep_context=requeueable deps ti=<TaskInstance: dag_with_docker_operator.check_status scheduled__2024-06-01T21:30:00+00:00 [queued]>
[2024-06-02T10:38:42.568+0000] {taskinstance.py:2306} INFO - Starting attempt 1 of 2
[2024-06-02T10:38:42.963+0000] {taskinstance.py:2330} INFO - Executing <Task(PythonOperator): check_status> on 2024-06-01 21:30:00+00:00
[2024-06-02T10:38:42.971+0000] {standard_task_runner.py:63} INFO - Started process 975 to run task
[2024-06-02T10:38:42.975+0000] {standard_task_runner.py:90} INFO - Running: ['airflow', 'tasks', 'run', 'dag_with_docker_operator', 'check_status', 'scheduled__2024-06-01T21:30:00+00:00', '--job-id', '845', '--raw', '--subdir', 'DAGS_FOLDER/dag_with_docker_operator.py', '--cfg-path', '/tmp/tmp9_oucjy6']
[2024-06-02T10:38:42.979+0000] {standard_task_runner.py:91} INFO - Job 845: Subtask check_status
[2024-06-02T10:38:43.376+0000] {task_command.py:426} INFO - Running <TaskInstance: dag_with_docker_operator.check_status scheduled__2024-06-01T21:30:00+00:00 [running]> on host 9c47fcd741af
[2024-06-02T10:38:43.724+0000] {taskinstance.py:2648} INFO - Exporting env vars: AIRFLOW_CTX_DAG_OWNER='airflow' AIRFLOW_CTX_DAG_ID='dag_with_docker_operator' AIRFLOW_CTX_TASK_ID='check_status' AIRFLOW_CTX_EXECUTION_DATE='2024-06-01T21:30:00+00:00' AIRFLOW_CTX_TRY_NUMBER='1' AIRFLOW_CTX_DAG_RUN_ID='scheduled__2024-06-01T21:30:00+00:00'
[2024-06-02T10:38:43.726+0000] {taskinstance.py:430} INFO - ::endgroup::
[2024-06-02T10:38:43.763+0000] {python.py:237} INFO - Done. Returned value was: {'status': 'success'}
[2024-06-02T10:38:43.764+0000] {taskinstance.py:441} INFO - ::group::Post task execution logs
[2024-06-02T10:38:43.828+0000] {taskinstance.py:1206} INFO - Marking task as SUCCESS. dag_id=dag_with_docker_operator, task_id=check_status, run_id=scheduled__2024-06-01T21:30:00+00:00, execution_date=20240601T213000, start_date=20240602T103842, end_date=20240602T103843
[2024-06-02T10:38:43.920+0000] {local_task_job_runner.py:240} INFO - Task exited with return code 0
[2024-06-02T10:38:43.952+0000] {taskinstance.py:3498} INFO - 0 downstream tasks scheduled from follow-on schedule check
[2024-06-02T10:38:43.954+0000] {local_task_job_runner.py:222} INFO - ::endgroup::
[2024-06-02T11:38:57.543+0000] {local_task_job_runner.py:120} INFO - ::group::Pre task execution logs
[2024-06-02T11:38:57.600+0000] {taskinstance.py:2076} INFO - Dependencies all met for dep_context=non-requeueable deps ti=<TaskInstance: dag_with_docker_operator.check_status scheduled__2024-06-01T21:30:00+00:00 [queued]>
[2024-06-02T11:38:57.622+0000] {taskinstance.py:2076} INFO - Dependencies all met for dep_context=requeueable deps ti=<TaskInstance: dag_with_docker_operator.check_status scheduled__2024-06-01T21:30:00+00:00 [queued]>
[2024-06-02T11:38:57.623+0000] {taskinstance.py:2306} INFO - Starting attempt 1 of 2
[2024-06-02T11:38:57.898+0000] {taskinstance.py:2330} INFO - Executing <Task(PythonOperator): check_status> on 2024-06-01 21:30:00+00:00
[2024-06-02T11:38:57.904+0000] {standard_task_runner.py:63} INFO - Started process 1900 to run task
[2024-06-02T11:38:57.908+0000] {standard_task_runner.py:90} INFO - Running: ['airflow', 'tasks', 'run', 'dag_with_docker_operator', 'check_status', 'scheduled__2024-06-01T21:30:00+00:00', '--job-id', '845', '--raw', '--subdir', 'DAGS_FOLDER/dag_with_docker_operator.py', '--cfg-path', '/tmp/tmp5nmhteti']
[2024-06-02T11:38:57.911+0000] {standard_task_runner.py:91} INFO - Job 845: Subtask check_status
[2024-06-02T11:38:58.118+0000] {task_command.py:426} INFO - Running <TaskInstance: dag_with_docker_operator.check_status scheduled__2024-06-01T21:30:00+00:00 [running]> on host 9c47fcd741af
[2024-06-02T11:38:58.342+0000] {taskinstance.py:2648} INFO - Exporting env vars: AIRFLOW_CTX_DAG_OWNER='airflow' AIRFLOW_CTX_DAG_ID='dag_with_docker_operator' AIRFLOW_CTX_TASK_ID='check_status' AIRFLOW_CTX_EXECUTION_DATE='2024-06-01T21:30:00+00:00' AIRFLOW_CTX_TRY_NUMBER='1' AIRFLOW_CTX_DAG_RUN_ID='scheduled__2024-06-01T21:30:00+00:00'
[2024-06-02T11:38:58.344+0000] {taskinstance.py:430} INFO - ::endgroup::
[2024-06-02T11:38:58.370+0000] {python.py:237} INFO - Done. Returned value was: {'status': 'failed'}
[2024-06-02T11:38:58.371+0000] {taskinstance.py:441} INFO - ::group::Post task execution logs
[2024-06-02T11:38:58.422+0000] {taskinstance.py:1206} INFO - Marking task as SUCCESS. dag_id=dag_with_docker_operator, task_id=check_status, run_id=scheduled__2024-06-01T21:30:00+00:00, execution_date=20240601T213000, start_date=20240602T113857, end_date=20240602T113858
[2024-06-02T11:38:58.487+0000] {local_task_job_runner.py:240} INFO - Task exited with return code 0
[2024-06-02T11:38:58.511+0000] {taskinstance.py:3498} INFO - 0 downstream tasks scheduled from follow-on schedule check
[2024-06-02T11:38:58.513+0000] {local_task_job_runner.py:222} INFO - ::endgroup::
[2024-06-02T12:36:21.631+0000] {local_task_job_runner.py:120} INFO - ::group::Pre task execution logs
[2024-06-02T12:36:21.681+0000] {taskinstance.py:2076} INFO - Dependencies all met for dep_context=non-requeueable deps ti=<TaskInstance: dag_with_docker_operator.check_status scheduled__2024-06-01T21:30:00+00:00 [queued]>
[2024-06-02T12:36:21.702+0000] {taskinstance.py:2076} INFO - Dependencies all met for dep_context=requeueable deps ti=<TaskInstance: dag_with_docker_operator.check_status scheduled__2024-06-01T21:30:00+00:00 [queued]>
[2024-06-02T12:36:21.703+0000] {taskinstance.py:2306} INFO - Starting attempt 1 of 2
[2024-06-02T12:36:21.761+0000] {taskinstance.py:2330} INFO - Executing <Task(PythonOperator): check_status> on 2024-06-01 21:30:00+00:00
[2024-06-02T12:36:21.767+0000] {standard_task_runner.py:63} INFO - Started process 3434 to run task
[2024-06-02T12:36:21.770+0000] {standard_task_runner.py:90} INFO - Running: ['airflow', 'tasks', 'run', 'dag_with_docker_operator', 'check_status', 'scheduled__2024-06-01T21:30:00+00:00', '--job-id', '887', '--raw', '--subdir', 'DAGS_FOLDER/dag_with_docker_operator.py', '--cfg-path', '/tmp/tmplgvseczq']
[2024-06-02T12:36:21.777+0000] {standard_task_runner.py:91} INFO - Job 887: Subtask check_status
[2024-06-02T12:36:22.074+0000] {task_command.py:426} INFO - Running <TaskInstance: dag_with_docker_operator.check_status scheduled__2024-06-01T21:30:00+00:00 [running]> on host 9c47fcd741af
[2024-06-02T12:36:22.328+0000] {taskinstance.py:2648} INFO - Exporting env vars: AIRFLOW_CTX_DAG_OWNER='airflow' AIRFLOW_CTX_DAG_ID='dag_with_docker_operator' AIRFLOW_CTX_TASK_ID='check_status' AIRFLOW_CTX_EXECUTION_DATE='2024-06-01T21:30:00+00:00' AIRFLOW_CTX_TRY_NUMBER='1' AIRFLOW_CTX_DAG_RUN_ID='scheduled__2024-06-01T21:30:00+00:00'
[2024-06-02T12:36:22.329+0000] {taskinstance.py:430} INFO - ::endgroup::
[2024-06-02T12:36:22.365+0000] {taskinstance.py:441} INFO - ::group::Post task execution logs
[2024-06-02T12:36:22.367+0000] {taskinstance.py:2905} ERROR - Task failed with exception
Traceback (most recent call last):
  File "/home/airflow/.local/lib/python3.12/site-packages/airflow/models/taskinstance.py", line 465, in _execute_task
    result = _execute_callable(context=context, **execute_callable_kwargs)
             ^^^^^^^^^^^^^^^^^^^^^^^^^^^^^^^^^^^^^^^^^^^^^^^^^^^^^^^^^^^^^
  File "/home/airflow/.local/lib/python3.12/site-packages/airflow/models/taskinstance.py", line 432, in _execute_callable
    return execute_callable(context=context, **execute_callable_kwargs)
           ^^^^^^^^^^^^^^^^^^^^^^^^^^^^^^^^^^^^^^^^^^^^^^^^^^^^^^^^^^^^
  File "/home/airflow/.local/lib/python3.12/site-packages/airflow/models/baseoperator.py", line 400, in wrapper
    return func(self, *args, **kwargs)
           ^^^^^^^^^^^^^^^^^^^^^^^^^^^
  File "/home/airflow/.local/lib/python3.12/site-packages/airflow/operators/python.py", line 235, in execute
    return_value = self.execute_callable()
                   ^^^^^^^^^^^^^^^^^^^^^^^
  File "/home/airflow/.local/lib/python3.12/site-packages/airflow/operators/python.py", line 252, in execute_callable
    return self.python_callable(*self.op_args, **self.op_kwargs)
           ^^^^^^^^^^^^^^^^^^^^^^^^^^^^^^^^^^^^^^^^^^^^^^^^^^^^^
  File "/opt/airflow/dags/dag_with_docker_operator.py", line 24, in check_send_status
    raise ValueError(f"Request returned non-success status: {response_json.get('status')}")
ValueError: Request returned non-success status: failed
[2024-06-02T12:36:22.389+0000] {taskinstance.py:1206} INFO - Marking task as UP_FOR_RETRY. dag_id=dag_with_docker_operator, task_id=check_status, run_id=scheduled__2024-06-01T21:30:00+00:00, execution_date=20240601T213000, start_date=20240602T123621, end_date=20240602T123622
[2024-06-02T12:36:22.441+0000] {standard_task_runner.py:110} ERROR - Failed to execute job 887 for task check_status (Request returned non-success status: failed; 3434)
[2024-06-02T12:36:22.468+0000] {local_task_job_runner.py:240} INFO - Task exited with return code 1
[2024-06-02T12:36:22.612+0000] {taskinstance.py:3498} INFO - 0 downstream tasks scheduled from follow-on schedule check
[2024-06-02T12:36:22.615+0000] {local_task_job_runner.py:222} INFO - ::endgroup::
