[2024-06-01T21:27:16.069+0000] {local_task_job_runner.py:120} INFO - ::group::Pre task execution logs
[2024-06-01T21:27:16.142+0000] {taskinstance.py:2076} INFO - Dependencies all met for dep_context=non-requeueable deps ti=<TaskInstance: dag_with_docker_operator.check_status scheduled__2024-06-01T10:30:00+00:00 [queued]>
[2024-06-01T21:27:16.177+0000] {taskinstance.py:2076} INFO - Dependencies all met for dep_context=requeueable deps ti=<TaskInstance: dag_with_docker_operator.check_status scheduled__2024-06-01T10:30:00+00:00 [queued]>
[2024-06-01T21:27:16.180+0000] {taskinstance.py:2306} INFO - Starting attempt 1 of 2
[2024-06-01T21:27:16.483+0000] {taskinstance.py:2330} INFO - Executing <Task(PythonOperator): check_status> on 2024-06-01 10:30:00+00:00
[2024-06-01T21:27:16.490+0000] {standard_task_runner.py:63} INFO - Started process 681 to run task
[2024-06-01T21:27:16.494+0000] {standard_task_runner.py:90} INFO - Running: ['airflow', 'tasks', 'run', 'dag_with_docker_operator', 'check_status', 'scheduled__2024-06-01T10:30:00+00:00', '--job-id', '800', '--raw', '--subdir', 'DAGS_FOLDER/dag_with_docker_operator.py', '--cfg-path', '/tmp/tmpt658miyk']
[2024-06-01T21:27:16.497+0000] {standard_task_runner.py:91} INFO - Job 800: Subtask check_status
[2024-06-01T21:27:16.701+0000] {task_command.py:426} INFO - Running <TaskInstance: dag_with_docker_operator.check_status scheduled__2024-06-01T10:30:00+00:00 [running]> on host 9c47fcd741af
[2024-06-01T21:27:16.923+0000] {taskinstance.py:2648} INFO - Exporting env vars: AIRFLOW_CTX_DAG_OWNER='airflow' AIRFLOW_CTX_DAG_ID='dag_with_docker_operator' AIRFLOW_CTX_TASK_ID='check_status' AIRFLOW_CTX_EXECUTION_DATE='2024-06-01T10:30:00+00:00' AIRFLOW_CTX_TRY_NUMBER='1' AIRFLOW_CTX_DAG_RUN_ID='scheduled__2024-06-01T10:30:00+00:00'
[2024-06-01T21:27:16.924+0000] {taskinstance.py:430} INFO - ::endgroup::
[2024-06-01T21:27:16.956+0000] {python.py:237} INFO - Done. Returned value was: {'status': 'success'}
[2024-06-01T21:27:16.973+0000] {taskinstance.py:441} INFO - ::group::Post task execution logs
[2024-06-01T21:27:17.045+0000] {taskinstance.py:1206} INFO - Marking task as SUCCESS. dag_id=dag_with_docker_operator, task_id=check_status, run_id=scheduled__2024-06-01T10:30:00+00:00, execution_date=20240601T103000, start_date=20240601T212716, end_date=20240601T212717
[2024-06-01T21:27:17.111+0000] {local_task_job_runner.py:240} INFO - Task exited with return code 0
[2024-06-01T21:27:17.142+0000] {taskinstance.py:3498} INFO - 0 downstream tasks scheduled from follow-on schedule check
[2024-06-01T21:27:17.145+0000] {local_task_job_runner.py:222} INFO - ::endgroup::
[2024-06-02T11:31:14.835+0000] {local_task_job_runner.py:120} INFO - ::group::Pre task execution logs
[2024-06-02T11:31:14.878+0000] {taskinstance.py:2076} INFO - Dependencies all met for dep_context=non-requeueable deps ti=<TaskInstance: dag_with_docker_operator.check_status scheduled__2024-06-01T10:30:00+00:00 [queued]>
[2024-06-02T11:31:14.902+0000] {taskinstance.py:2076} INFO - Dependencies all met for dep_context=requeueable deps ti=<TaskInstance: dag_with_docker_operator.check_status scheduled__2024-06-01T10:30:00+00:00 [queued]>
[2024-06-02T11:31:14.903+0000] {taskinstance.py:2306} INFO - Starting attempt 1 of 2
[2024-06-02T11:31:15.099+0000] {taskinstance.py:2330} INFO - Executing <Task(PythonOperator): check_status> on 2024-06-01 10:30:00+00:00
[2024-06-02T11:31:15.106+0000] {standard_task_runner.py:63} INFO - Started process 1658 to run task
[2024-06-02T11:31:15.111+0000] {standard_task_runner.py:90} INFO - Running: ['airflow', 'tasks', 'run', 'dag_with_docker_operator', 'check_status', 'scheduled__2024-06-01T10:30:00+00:00', '--job-id', '801', '--raw', '--subdir', 'DAGS_FOLDER/dag_with_docker_operator.py', '--cfg-path', '/tmp/tmpj2q55cy0']
[2024-06-02T11:31:15.114+0000] {standard_task_runner.py:91} INFO - Job 801: Subtask check_status
[2024-06-02T11:31:15.284+0000] {task_command.py:426} INFO - Running <TaskInstance: dag_with_docker_operator.check_status scheduled__2024-06-01T10:30:00+00:00 [running]> on host 9c47fcd741af
[2024-06-02T11:31:15.535+0000] {taskinstance.py:2648} INFO - Exporting env vars: AIRFLOW_CTX_DAG_OWNER='airflow' AIRFLOW_CTX_DAG_ID='dag_with_docker_operator' AIRFLOW_CTX_TASK_ID='check_status' AIRFLOW_CTX_EXECUTION_DATE='2024-06-01T10:30:00+00:00' AIRFLOW_CTX_TRY_NUMBER='1' AIRFLOW_CTX_DAG_RUN_ID='scheduled__2024-06-01T10:30:00+00:00'
[2024-06-02T11:31:15.537+0000] {taskinstance.py:430} INFO - ::endgroup::
[2024-06-02T11:31:15.576+0000] {python.py:237} INFO - Done. Returned value was: {'status': 'failed'}
[2024-06-02T11:31:15.576+0000] {taskinstance.py:441} INFO - ::group::Post task execution logs
[2024-06-02T11:31:15.642+0000] {taskinstance.py:1206} INFO - Marking task as SUCCESS. dag_id=dag_with_docker_operator, task_id=check_status, run_id=scheduled__2024-06-01T10:30:00+00:00, execution_date=20240601T103000, start_date=20240602T113114, end_date=20240602T113115
[2024-06-02T11:31:15.850+0000] {local_task_job_runner.py:240} INFO - Task exited with return code 0
[2024-06-02T11:31:15.905+0000] {taskinstance.py:3498} INFO - 0 downstream tasks scheduled from follow-on schedule check
[2024-06-02T11:31:15.908+0000] {local_task_job_runner.py:222} INFO - ::endgroup::
[2024-06-02T12:03:10.629+0000] {local_task_job_runner.py:120} INFO - ::group::Pre task execution logs
[2024-06-02T12:03:10.677+0000] {taskinstance.py:2076} INFO - Dependencies all met for dep_context=non-requeueable deps ti=<TaskInstance: dag_with_docker_operator.check_status scheduled__2024-06-01T10:30:00+00:00 [queued]>
[2024-06-02T12:03:10.698+0000] {taskinstance.py:2076} INFO - Dependencies all met for dep_context=requeueable deps ti=<TaskInstance: dag_with_docker_operator.check_status scheduled__2024-06-01T10:30:00+00:00 [queued]>
[2024-06-02T12:03:10.698+0000] {taskinstance.py:2306} INFO - Starting attempt 1 of 2
[2024-06-02T12:03:10.990+0000] {taskinstance.py:2330} INFO - Executing <Task(PythonOperator): check_status> on 2024-06-01 10:30:00+00:00
[2024-06-02T12:03:10.997+0000] {standard_task_runner.py:63} INFO - Started process 2527 to run task
[2024-06-02T12:03:11.001+0000] {standard_task_runner.py:90} INFO - Running: ['airflow', 'tasks', 'run', 'dag_with_docker_operator', 'check_status', 'scheduled__2024-06-01T10:30:00+00:00', '--job-id', '818', '--raw', '--subdir', 'DAGS_FOLDER/dag_with_docker_operator.py', '--cfg-path', '/tmp/tmpgbu1f128']
[2024-06-02T12:03:11.004+0000] {standard_task_runner.py:91} INFO - Job 818: Subtask check_status
[2024-06-02T12:03:11.226+0000] {task_command.py:426} INFO - Running <TaskInstance: dag_with_docker_operator.check_status scheduled__2024-06-01T10:30:00+00:00 [running]> on host 9c47fcd741af
[2024-06-02T12:03:11.583+0000] {taskinstance.py:2648} INFO - Exporting env vars: AIRFLOW_CTX_DAG_OWNER='airflow' AIRFLOW_CTX_DAG_ID='dag_with_docker_operator' AIRFLOW_CTX_TASK_ID='check_status' AIRFLOW_CTX_EXECUTION_DATE='2024-06-01T10:30:00+00:00' AIRFLOW_CTX_TRY_NUMBER='1' AIRFLOW_CTX_DAG_RUN_ID='scheduled__2024-06-01T10:30:00+00:00'
[2024-06-02T12:03:11.586+0000] {taskinstance.py:430} INFO - ::endgroup::
[2024-06-02T12:03:11.653+0000] {taskinstance.py:441} INFO - ::group::Post task execution logs
[2024-06-02T12:03:11.656+0000] {taskinstance.py:2905} ERROR - Task failed with exception
Traceback (most recent call last):
  File "/home/airflow/.local/lib/python3.12/site-packages/airflow/models/taskinstance.py", line 465, in _execute_task
    result = _execute_callable(context=context, **execute_callable_kwargs)
             ^^^^^^^^^^^^^^^^^^^^^^^^^^^^^^^^^^^^^^^^^^^^^^^^^^^^^^^^^^^^^
  File "/home/airflow/.local/lib/python3.12/site-packages/airflow/models/taskinstance.py", line 432, in _execute_callable
    return execute_callable(context=context, **execute_callable_kwargs)
           ^^^^^^^^^^^^^^^^^^^^^^^^^^^^^^^^^^^^^^^^^^^^^^^^^^^^^^^^^^^^
  File "/home/airflow/.local/lib/python3.12/site-packages/airflow/models/baseoperator.py", line 400, in wrapper
    return func(self, *args, **kwargs)
           ^^^^^^^^^^^^^^^^^^^^^^^^^^^
  File "/home/airflow/.local/lib/python3.12/site-packages/airflow/operators/python.py", line 235, in execute
    return_value = self.execute_callable()
                   ^^^^^^^^^^^^^^^^^^^^^^^
  File "/home/airflow/.local/lib/python3.12/site-packages/airflow/operators/python.py", line 252, in execute_callable
    return self.python_callable(*self.op_args, **self.op_kwargs)
           ^^^^^^^^^^^^^^^^^^^^^^^^^^^^^^^^^^^^^^^^^^^^^^^^^^^^^
  File "/opt/airflow/dags/dag_with_docker_operator.py", line 24, in check_send_status
    raise ValueError(f"Check send status failed: {result}")
ValueError: Check send status failed: {'status': 'failed'}
[2024-06-02T12:03:11.720+0000] {taskinstance.py:1206} INFO - Marking task as UP_FOR_RETRY. dag_id=dag_with_docker_operator, task_id=check_status, run_id=scheduled__2024-06-01T10:30:00+00:00, execution_date=20240601T103000, start_date=20240602T120310, end_date=20240602T120311
[2024-06-02T12:03:11.803+0000] {standard_task_runner.py:110} ERROR - Failed to execute job 818 for task check_status (Check send status failed: {'status': 'failed'}; 2527)
[2024-06-02T12:03:11.862+0000] {local_task_job_runner.py:240} INFO - Task exited with return code 1
[2024-06-02T12:03:11.894+0000] {taskinstance.py:3498} INFO - 0 downstream tasks scheduled from follow-on schedule check
[2024-06-02T12:03:11.896+0000] {local_task_job_runner.py:222} INFO - ::endgroup::
[2024-06-02T12:21:58.057+0000] {local_task_job_runner.py:120} INFO - ::group::Pre task execution logs
[2024-06-02T12:21:58.098+0000] {taskinstance.py:2076} INFO - Dependencies all met for dep_context=non-requeueable deps ti=<TaskInstance: dag_with_docker_operator.check_status scheduled__2024-06-01T10:30:00+00:00 [queued]>
[2024-06-02T12:21:58.116+0000] {taskinstance.py:2076} INFO - Dependencies all met for dep_context=requeueable deps ti=<TaskInstance: dag_with_docker_operator.check_status scheduled__2024-06-01T10:30:00+00:00 [queued]>
[2024-06-02T12:21:58.117+0000] {taskinstance.py:2306} INFO - Starting attempt 1 of 2
[2024-06-02T12:21:58.162+0000] {taskinstance.py:2330} INFO - Executing <Task(PythonOperator): check_status> on 2024-06-01 10:30:00+00:00
[2024-06-02T12:21:58.167+0000] {standard_task_runner.py:63} INFO - Started process 3034 to run task
[2024-06-02T12:21:58.170+0000] {standard_task_runner.py:90} INFO - Running: ['airflow', 'tasks', 'run', 'dag_with_docker_operator', 'check_status', 'scheduled__2024-06-01T10:30:00+00:00', '--job-id', '814', '--raw', '--subdir', 'DAGS_FOLDER/dag_with_docker_operator.py', '--cfg-path', '/tmp/tmpw6y0x32v']
[2024-06-02T12:21:58.172+0000] {standard_task_runner.py:91} INFO - Job 814: Subtask check_status
[2024-06-02T12:21:58.417+0000] {task_command.py:426} INFO - Running <TaskInstance: dag_with_docker_operator.check_status scheduled__2024-06-01T10:30:00+00:00 [running]> on host 9c47fcd741af
[2024-06-02T12:21:58.608+0000] {taskinstance.py:2648} INFO - Exporting env vars: AIRFLOW_CTX_DAG_OWNER='airflow' AIRFLOW_CTX_DAG_ID='dag_with_docker_operator' AIRFLOW_CTX_TASK_ID='check_status' AIRFLOW_CTX_EXECUTION_DATE='2024-06-01T10:30:00+00:00' AIRFLOW_CTX_TRY_NUMBER='1' AIRFLOW_CTX_DAG_RUN_ID='scheduled__2024-06-01T10:30:00+00:00'
[2024-06-02T12:21:58.609+0000] {taskinstance.py:430} INFO - ::endgroup::
[2024-06-02T12:21:58.665+0000] {taskinstance.py:441} INFO - ::group::Post task execution logs
[2024-06-02T12:21:58.668+0000] {taskinstance.py:2905} ERROR - Task failed with exception
Traceback (most recent call last):
  File "/home/airflow/.local/lib/python3.12/site-packages/airflow/models/taskinstance.py", line 465, in _execute_task
    result = _execute_callable(context=context, **execute_callable_kwargs)
             ^^^^^^^^^^^^^^^^^^^^^^^^^^^^^^^^^^^^^^^^^^^^^^^^^^^^^^^^^^^^^
  File "/home/airflow/.local/lib/python3.12/site-packages/airflow/models/taskinstance.py", line 432, in _execute_callable
    return execute_callable(context=context, **execute_callable_kwargs)
           ^^^^^^^^^^^^^^^^^^^^^^^^^^^^^^^^^^^^^^^^^^^^^^^^^^^^^^^^^^^^
  File "/home/airflow/.local/lib/python3.12/site-packages/airflow/models/baseoperator.py", line 400, in wrapper
    return func(self, *args, **kwargs)
           ^^^^^^^^^^^^^^^^^^^^^^^^^^^
  File "/home/airflow/.local/lib/python3.12/site-packages/airflow/operators/python.py", line 235, in execute
    return_value = self.execute_callable()
                   ^^^^^^^^^^^^^^^^^^^^^^^
  File "/home/airflow/.local/lib/python3.12/site-packages/airflow/operators/python.py", line 252, in execute_callable
    return self.python_callable(*self.op_args, **self.op_kwargs)
           ^^^^^^^^^^^^^^^^^^^^^^^^^^^^^^^^^^^^^^^^^^^^^^^^^^^^^
  File "/opt/airflow/dags/dag_with_docker_operator.py", line 24, in check_send_status
    raise ValueError(f"Check send status failed: {result}")
ValueError: Check send status failed: {'status': 'failed'}
[2024-06-02T12:21:58.694+0000] {taskinstance.py:1206} INFO - Marking task as UP_FOR_RETRY. dag_id=dag_with_docker_operator, task_id=check_status, run_id=scheduled__2024-06-01T10:30:00+00:00, execution_date=20240601T103000, start_date=20240602T122158, end_date=20240602T122158
[2024-06-02T12:21:58.744+0000] {standard_task_runner.py:110} ERROR - Failed to execute job 814 for task check_status (Check send status failed: {'status': 'failed'}; 3034)
[2024-06-02T12:21:58.786+0000] {local_task_job_runner.py:240} INFO - Task exited with return code 1
[2024-06-02T12:21:58.913+0000] {taskinstance.py:3498} INFO - 0 downstream tasks scheduled from follow-on schedule check
[2024-06-02T12:21:58.916+0000] {local_task_job_runner.py:222} INFO - ::endgroup::
