[2024-05-29T10:52:21.483+0000] {local_task_job_runner.py:120} INFO - ::group::Pre task execution logs
[2024-05-29T10:52:21.530+0000] {taskinstance.py:2076} INFO - Dependencies all met for dep_context=non-requeueable deps ti=<TaskInstance: check_send_status_dag.check_status scheduled__2023-01-01T04:40:00+00:00 [queued]>
[2024-05-29T10:52:21.549+0000] {taskinstance.py:2076} INFO - Dependencies all met for dep_context=requeueable deps ti=<TaskInstance: check_send_status_dag.check_status scheduled__2023-01-01T04:40:00+00:00 [queued]>
[2024-05-29T10:52:21.555+0000] {taskinstance.py:2306} INFO - Starting attempt 1 of 2
[2024-05-29T10:52:21.597+0000] {taskinstance.py:2330} INFO - Executing <Task(PythonOperator): check_status> on 2023-01-01 04:40:00+00:00
[2024-05-29T10:52:21.602+0000] {standard_task_runner.py:63} INFO - Started process 309 to run task
[2024-05-29T10:52:21.606+0000] {standard_task_runner.py:90} INFO - Running: ['airflow', 'tasks', 'run', 'check_send_status_dag', 'check_status', 'scheduled__2023-01-01T04:40:00+00:00', '--job-id', '52', '--raw', '--subdir', 'DAGS_FOLDER/check_send_status_dag.py', '--cfg-path', '/tmp/tmp6ndmj3if']
[2024-05-29T10:52:21.608+0000] {standard_task_runner.py:91} INFO - Job 52: Subtask check_status
[2024-05-29T10:52:21.717+0000] {task_command.py:426} INFO - Running <TaskInstance: check_send_status_dag.check_status scheduled__2023-01-01T04:40:00+00:00 [running]> on host f708138922bb
[2024-05-29T10:52:21.907+0000] {taskinstance.py:2648} INFO - Exporting env vars: AIRFLOW_CTX_DAG_OWNER='airflow' AIRFLOW_CTX_DAG_ID='check_send_status_dag' AIRFLOW_CTX_TASK_ID='check_status' AIRFLOW_CTX_EXECUTION_DATE='2023-01-01T04:40:00+00:00' AIRFLOW_CTX_TRY_NUMBER='1' AIRFLOW_CTX_DAG_RUN_ID='scheduled__2023-01-01T04:40:00+00:00'
[2024-05-29T10:52:21.908+0000] {taskinstance.py:430} INFO - ::endgroup::
[2024-05-29T10:52:22.445+0000] {check_send_status_dag.py:15} ERROR - Error fetching status: 404 Client Error: Not Found for url: http://host.docker.internal/check_send_status
[2024-05-29T10:52:22.448+0000] {taskinstance.py:441} INFO - ::group::Post task execution logs
[2024-05-29T10:52:22.451+0000] {taskinstance.py:2905} ERROR - Task failed with exception
Traceback (most recent call last):
  File "/home/airflow/.local/lib/python3.12/site-packages/airflow/models/taskinstance.py", line 465, in _execute_task
    result = _execute_callable(context=context, **execute_callable_kwargs)
             ^^^^^^^^^^^^^^^^^^^^^^^^^^^^^^^^^^^^^^^^^^^^^^^^^^^^^^^^^^^^^
  File "/home/airflow/.local/lib/python3.12/site-packages/airflow/models/taskinstance.py", line 432, in _execute_callable
    return execute_callable(context=context, **execute_callable_kwargs)
           ^^^^^^^^^^^^^^^^^^^^^^^^^^^^^^^^^^^^^^^^^^^^^^^^^^^^^^^^^^^^
  File "/home/airflow/.local/lib/python3.12/site-packages/airflow/models/baseoperator.py", line 400, in wrapper
    return func(self, *args, **kwargs)
           ^^^^^^^^^^^^^^^^^^^^^^^^^^^
  File "/home/airflow/.local/lib/python3.12/site-packages/airflow/operators/python.py", line 235, in execute
    return_value = self.execute_callable()
                   ^^^^^^^^^^^^^^^^^^^^^^^
  File "/home/airflow/.local/lib/python3.12/site-packages/airflow/operators/python.py", line 252, in execute_callable
    return self.python_callable(*self.op_args, **self.op_kwargs)
           ^^^^^^^^^^^^^^^^^^^^^^^^^^^^^^^^^^^^^^^^^^^^^^^^^^^^^
  File "/opt/airflow/dags/check_send_status_dag.py", line 11, in check_send_status
    response.raise_for_status()
  File "/home/airflow/.local/lib/python3.12/site-packages/requests/models.py", line 1021, in raise_for_status
    raise HTTPError(http_error_msg, response=self)
requests.exceptions.HTTPError: 404 Client Error: Not Found for url: http://host.docker.internal/check_send_status
[2024-05-29T10:52:22.513+0000] {taskinstance.py:1206} INFO - Marking task as UP_FOR_RETRY. dag_id=check_send_status_dag, task_id=check_status, run_id=scheduled__2023-01-01T04:40:00+00:00, execution_date=20230101T044000, start_date=20240529T105221, end_date=20240529T105222
[2024-05-29T10:52:22.674+0000] {standard_task_runner.py:110} ERROR - Failed to execute job 52 for task check_status (404 Client Error: Not Found for url: http://host.docker.internal/check_send_status; 309)
[2024-05-29T10:52:22.703+0000] {local_task_job_runner.py:240} INFO - Task exited with return code 1
[2024-05-29T10:52:22.747+0000] {taskinstance.py:3498} INFO - 0 downstream tasks scheduled from follow-on schedule check
[2024-05-29T10:52:22.750+0000] {local_task_job_runner.py:222} INFO - ::endgroup::
[2024-05-29T14:30:48.936+0000] {local_task_job_runner.py:120} INFO - ::group::Pre task execution logs
[2024-05-29T14:30:49.005+0000] {taskinstance.py:2076} INFO - Dependencies all met for dep_context=non-requeueable deps ti=<TaskInstance: check_send_status_dag.check_status scheduled__2023-01-01T04:40:00+00:00 [queued]>
[2024-05-29T14:30:49.026+0000] {taskinstance.py:2076} INFO - Dependencies all met for dep_context=requeueable deps ti=<TaskInstance: check_send_status_dag.check_status scheduled__2023-01-01T04:40:00+00:00 [queued]>
[2024-05-29T14:30:49.027+0000] {taskinstance.py:2306} INFO - Starting attempt 1 of 2
[2024-05-29T14:30:49.097+0000] {taskinstance.py:2330} INFO - Executing <Task(PythonOperator): check_status> on 2023-01-01 04:40:00+00:00
[2024-05-29T14:30:49.103+0000] {standard_task_runner.py:63} INFO - Started process 1480 to run task
[2024-05-29T14:30:49.107+0000] {standard_task_runner.py:90} INFO - Running: ['airflow', 'tasks', 'run', 'check_send_status_dag', 'check_status', 'scheduled__2023-01-01T04:40:00+00:00', '--job-id', '57', '--raw', '--subdir', 'DAGS_FOLDER/check_send_status_dag.py', '--cfg-path', '/tmp/tmpvfdnm432']
[2024-05-29T14:30:49.109+0000] {standard_task_runner.py:91} INFO - Job 57: Subtask check_status
[2024-05-29T14:30:49.235+0000] {task_command.py:426} INFO - Running <TaskInstance: check_send_status_dag.check_status scheduled__2023-01-01T04:40:00+00:00 [running]> on host f708138922bb
[2024-05-29T14:30:49.920+0000] {taskinstance.py:2648} INFO - Exporting env vars: AIRFLOW_CTX_DAG_OWNER='airflow' AIRFLOW_CTX_DAG_ID='check_send_status_dag' AIRFLOW_CTX_TASK_ID='check_status' AIRFLOW_CTX_EXECUTION_DATE='2023-01-01T04:40:00+00:00' AIRFLOW_CTX_TRY_NUMBER='1' AIRFLOW_CTX_DAG_RUN_ID='scheduled__2023-01-01T04:40:00+00:00'
[2024-05-29T14:30:49.922+0000] {taskinstance.py:430} INFO - ::endgroup::
[2024-05-29T14:30:49.959+0000] {check_send_status_dag.py:15} ERROR - Error fetching status: 500 Server Error: INTERNAL SERVER ERROR for url: http://flask:5000/check_send_status
[2024-05-29T14:30:49.963+0000] {taskinstance.py:441} INFO - ::group::Post task execution logs
[2024-05-29T14:30:49.966+0000] {taskinstance.py:2905} ERROR - Task failed with exception
Traceback (most recent call last):
  File "/home/airflow/.local/lib/python3.12/site-packages/airflow/models/taskinstance.py", line 465, in _execute_task
    result = _execute_callable(context=context, **execute_callable_kwargs)
             ^^^^^^^^^^^^^^^^^^^^^^^^^^^^^^^^^^^^^^^^^^^^^^^^^^^^^^^^^^^^^
  File "/home/airflow/.local/lib/python3.12/site-packages/airflow/models/taskinstance.py", line 432, in _execute_callable
    return execute_callable(context=context, **execute_callable_kwargs)
           ^^^^^^^^^^^^^^^^^^^^^^^^^^^^^^^^^^^^^^^^^^^^^^^^^^^^^^^^^^^^
  File "/home/airflow/.local/lib/python3.12/site-packages/airflow/models/baseoperator.py", line 400, in wrapper
    return func(self, *args, **kwargs)
           ^^^^^^^^^^^^^^^^^^^^^^^^^^^
  File "/home/airflow/.local/lib/python3.12/site-packages/airflow/operators/python.py", line 235, in execute
    return_value = self.execute_callable()
                   ^^^^^^^^^^^^^^^^^^^^^^^
  File "/home/airflow/.local/lib/python3.12/site-packages/airflow/operators/python.py", line 252, in execute_callable
    return self.python_callable(*self.op_args, **self.op_kwargs)
           ^^^^^^^^^^^^^^^^^^^^^^^^^^^^^^^^^^^^^^^^^^^^^^^^^^^^^
  File "/opt/airflow/dags/check_send_status_dag.py", line 11, in check_send_status
    response.raise_for_status()
  File "/home/airflow/.local/lib/python3.12/site-packages/requests/models.py", line 1021, in raise_for_status
    raise HTTPError(http_error_msg, response=self)
requests.exceptions.HTTPError: 500 Server Error: INTERNAL SERVER ERROR for url: http://flask:5000/check_send_status
[2024-05-29T14:30:50.003+0000] {taskinstance.py:1206} INFO - Marking task as UP_FOR_RETRY. dag_id=check_send_status_dag, task_id=check_status, run_id=scheduled__2023-01-01T04:40:00+00:00, execution_date=20230101T044000, start_date=20240529T143049, end_date=20240529T143050
[2024-05-29T14:30:50.073+0000] {standard_task_runner.py:110} ERROR - Failed to execute job 57 for task check_status (500 Server Error: INTERNAL SERVER ERROR for url: http://flask:5000/check_send_status; 1480)
[2024-05-29T14:30:50.092+0000] {local_task_job_runner.py:240} INFO - Task exited with return code 1
[2024-05-29T14:30:50.137+0000] {taskinstance.py:3498} INFO - 0 downstream tasks scheduled from follow-on schedule check
[2024-05-29T14:30:50.139+0000] {local_task_job_runner.py:222} INFO - ::endgroup::
[2024-05-29T14:55:24.364+0000] {local_task_job_runner.py:120} INFO - ::group::Pre task execution logs
[2024-05-29T14:55:24.414+0000] {taskinstance.py:2076} INFO - Dependencies all met for dep_context=non-requeueable deps ti=<TaskInstance: check_send_status_dag.check_status scheduled__2023-01-01T04:40:00+00:00 [queued]>
[2024-05-29T14:55:24.436+0000] {taskinstance.py:2076} INFO - Dependencies all met for dep_context=requeueable deps ti=<TaskInstance: check_send_status_dag.check_status scheduled__2023-01-01T04:40:00+00:00 [queued]>
[2024-05-29T14:55:24.437+0000] {taskinstance.py:2306} INFO - Starting attempt 1 of 2
[2024-05-29T14:55:24.492+0000] {taskinstance.py:2330} INFO - Executing <Task(PythonOperator): check_status> on 2023-01-01 04:40:00+00:00
[2024-05-29T14:55:24.498+0000] {standard_task_runner.py:63} INFO - Started process 1743 to run task
[2024-05-29T14:55:24.502+0000] {standard_task_runner.py:90} INFO - Running: ['airflow', 'tasks', 'run', 'check_send_status_dag', 'check_status', 'scheduled__2023-01-01T04:40:00+00:00', '--job-id', '39', '--raw', '--subdir', 'DAGS_FOLDER/check_send_status_dag.py', '--cfg-path', '/tmp/tmpoaioyi4c']
[2024-05-29T14:55:24.504+0000] {standard_task_runner.py:91} INFO - Job 39: Subtask check_status
[2024-05-29T14:55:24.626+0000] {task_command.py:426} INFO - Running <TaskInstance: check_send_status_dag.check_status scheduled__2023-01-01T04:40:00+00:00 [running]> on host f708138922bb
[2024-05-29T14:55:24.850+0000] {taskinstance.py:2648} INFO - Exporting env vars: AIRFLOW_CTX_DAG_OWNER='airflow' AIRFLOW_CTX_DAG_ID='check_send_status_dag' AIRFLOW_CTX_TASK_ID='check_status' AIRFLOW_CTX_EXECUTION_DATE='2023-01-01T04:40:00+00:00' AIRFLOW_CTX_TRY_NUMBER='1' AIRFLOW_CTX_DAG_RUN_ID='scheduled__2023-01-01T04:40:00+00:00'
[2024-05-29T14:55:24.851+0000] {taskinstance.py:430} INFO - ::endgroup::
[2024-05-29T14:55:24.880+0000] {check_send_status_dag.py:13} INFO - Status: {'status': 'unknown'}
[2024-05-29T14:55:24.882+0000] {python.py:237} INFO - Done. Returned value was: None
[2024-05-29T14:55:24.884+0000] {taskinstance.py:441} INFO - ::group::Post task execution logs
[2024-05-29T14:55:24.903+0000] {taskinstance.py:1206} INFO - Marking task as SUCCESS. dag_id=check_send_status_dag, task_id=check_status, run_id=scheduled__2023-01-01T04:40:00+00:00, execution_date=20230101T044000, start_date=20240529T145524, end_date=20240529T145524
[2024-05-29T14:55:24.997+0000] {local_task_job_runner.py:240} INFO - Task exited with return code 0
[2024-05-29T14:55:25.038+0000] {taskinstance.py:3498} INFO - 0 downstream tasks scheduled from follow-on schedule check
[2024-05-29T14:55:25.042+0000] {local_task_job_runner.py:222} INFO - ::endgroup::
