[2024-05-29T17:07:46.512+0000] {local_task_job_runner.py:120} INFO - ::group::Pre task execution logs
[2024-05-29T17:07:46.566+0000] {taskinstance.py:2076} INFO - Dependencies all met for dep_context=non-requeueable deps ti=<TaskInstance: flask_monitoring.check_flask_health scheduled__2024-05-28T00:30:00+00:00 [queued]>
[2024-05-29T17:07:46.589+0000] {taskinstance.py:2076} INFO - Dependencies all met for dep_context=requeueable deps ti=<TaskInstance: flask_monitoring.check_flask_health scheduled__2024-05-28T00:30:00+00:00 [queued]>
[2024-05-29T17:07:46.590+0000] {taskinstance.py:2306} INFO - Starting attempt 1 of 2
[2024-05-29T17:07:46.649+0000] {taskinstance.py:2330} INFO - Executing <Task(BashOperator): check_flask_health> on 2024-05-28 00:30:00+00:00
[2024-05-29T17:07:46.656+0000] {standard_task_runner.py:63} INFO - Started process 1697 to run task
[2024-05-29T17:07:46.659+0000] {standard_task_runner.py:90} INFO - Running: ['airflow', 'tasks', 'run', 'flask_monitoring', 'check_flask_health', 'scheduled__2024-05-28T00:30:00+00:00', '--job-id', '105', '--raw', '--subdir', 'DAGS_FOLDER/flask_monitoring.py', '--cfg-path', '/tmp/tmpsti4t34i']
[2024-05-29T17:07:46.662+0000] {standard_task_runner.py:91} INFO - Job 105: Subtask check_flask_health
[2024-05-29T17:07:46.791+0000] {task_command.py:426} INFO - Running <TaskInstance: flask_monitoring.check_flask_health scheduled__2024-05-28T00:30:00+00:00 [running]> on host f708138922bb
[2024-05-29T17:07:47.018+0000] {taskinstance.py:2648} INFO - Exporting env vars: AIRFLOW_CTX_DAG_OWNER='airflow' AIRFLOW_CTX_DAG_ID='flask_monitoring' AIRFLOW_CTX_TASK_ID='check_flask_health' AIRFLOW_CTX_EXECUTION_DATE='2024-05-28T00:30:00+00:00' AIRFLOW_CTX_TRY_NUMBER='1' AIRFLOW_CTX_DAG_RUN_ID='scheduled__2024-05-28T00:30:00+00:00'
[2024-05-29T17:07:47.019+0000] {taskinstance.py:430} INFO - ::endgroup::
[2024-05-29T17:07:47.039+0000] {subprocess.py:63} INFO - Tmp dir root location: /tmp
[2024-05-29T17:07:47.046+0000] {subprocess.py:75} INFO - Running command: ['/usr/bin/bash', '-c', 'curl -X GET http://flask:5000/check_send_status']
[2024-05-29T17:07:47.057+0000] {subprocess.py:86} INFO - Output:
[2024-05-29T17:07:47.069+0000] {subprocess.py:93} INFO -   % Total    % Received % Xferd  Average Speed   Time    Time     Time  Current
[2024-05-29T17:07:47.071+0000] {subprocess.py:93} INFO -                                  Dload  Upload   Total   Spent    Left  Speed
[2024-05-29T17:07:47.078+0000] {subprocess.py:93} INFO -   0     0    0     0    0     0      0      0 --:--:-- --:--:-- --:--:--     0<!doctype html>
[2024-05-29T17:07:47.087+0000] {subprocess.py:93} INFO - <html lang=en>
[2024-05-29T17:07:47.102+0000] {subprocess.py:93} INFO -   <head>
[2024-05-29T17:07:47.118+0000] {subprocess.py:93} INFO -     <title>NameError: name &#39;last_status&#39; is not defined
[2024-05-29T17:07:47.131+0000] {subprocess.py:93} INFO -  // Werkzeug Debugger</title>
[2024-05-29T17:07:47.138+0000] {subprocess.py:93} INFO -     <link rel="stylesheet" href="?__debugger__=yes&amp;cmd=resource&amp;f=style.css">
[2024-05-29T17:07:47.141+0000] {subprocess.py:93} INFO -     <link rel="shortcut icon"
[2024-05-29T17:07:47.143+0000] {subprocess.py:93} INFO -         href="?__debugger__=yes&amp;cmd=resource&amp;f=console.png">
[2024-05-29T17:07:47.144+0000] {subprocess.py:93} INFO -     <script src="?__debugger__=yes&amp;cmd=resource&amp;f=debugger.js"></script>
[2024-05-29T17:07:47.144+0000] {subprocess.py:93} INFO -     <script>
[2024-05-29T17:07:47.145+0000] {subprocess.py:93} INFO -       var CONSOLE_MODE = false,
[2024-05-29T17:07:47.146+0000] {subprocess.py:93} INFO -           EVALEX = false,
[2024-05-29T17:07:47.146+0000] {subprocess.py:93} INFO -           EVALEX_TRUSTED = false,
[2024-05-29T17:07:47.147+0000] {subprocess.py:93} INFO -           SECRET = "m0W2mug263yMqd81oBK2";
[2024-05-29T17:07:47.148+0000] {subprocess.py:93} INFO -     </script>
[2024-05-29T17:07:47.149+0000] {subprocess.py:93} INFO -   </head>
[2024-05-29T17:07:47.150+0000] {subprocess.py:93} INFO -   <body style="background-color: #fff">
[2024-05-29T17:07:47.150+0000] {subprocess.py:93} INFO -     <div class="debugger">
[2024-05-29T17:07:47.151+0000] {subprocess.py:93} INFO - <h1>NameError</h1>
[2024-05-29T17:07:47.152+0000] {subprocess.py:93} INFO - <div class="detail">
[2024-05-29T17:07:47.153+0000] {subprocess.py:93} INFO -   <p class="errormsg">NameError: name &#39;last_status&#39; is not defined
[2024-05-29T17:07:47.153+0000] {subprocess.py:93} INFO - </p>
[2024-05-29T17:07:47.154+0000] {subprocess.py:93} INFO - </div>
[2024-05-29T17:07:47.154+0000] {subprocess.py:93} INFO - <h2 class="traceback">Traceback <em>(most recent call last)</em></h2>
[2024-05-29T17:07:47.155+0000] {subprocess.py:93} INFO - <div class="traceback">
[2024-05-29T17:07:47.155+0000] {subprocess.py:93} INFO -   <h3></h3>
[2024-05-29T17:07:47.155+0000] {subprocess.py:93} INFO -   <ul><li><div class="frame" id="frame-140474387810224">
[2024-05-29T17:07:47.156+0000] {subprocess.py:93} INFO -   <h4>File <cite class="filename">"/usr/local/lib/python3.9/site-packages/flask/app.py"</cite>,
[2024-05-29T17:07:47.156+0000] {subprocess.py:93} INFO -       line <em class="line">1498</em>,
[2024-05-29T17:07:47.157+0000] {subprocess.py:93} INFO -       in <code class="function">__call__</code></h4>
[2024-05-29T17:07:47.158+0000] {subprocess.py:93} INFO -   <div class="source library"><pre class="line before"><span class="ws">    </span>) -&gt; cabc.Iterable[bytes]:</pre>
[2024-05-29T17:07:47.159+0000] {subprocess.py:93} INFO - <pre class="line before"><span class="ws">        </span>&#34;&#34;&#34;The WSGI server calls the Flask application object as the</pre>
[2024-05-29T17:07:47.161+0000] {subprocess.py:93} INFO - <pre class="line before"><span class="ws">        </span>WSGI application. This calls :meth:`wsgi_app`, which can be</pre>
[2024-05-29T17:07:47.162+0000] {subprocess.py:93} INFO - <pre class="line before"><span class="ws">        </span>wrapped to apply middleware.</pre>
[2024-05-29T17:07:47.163+0000] {subprocess.py:93} INFO - <pre class="line before"><span class="ws">        </span>&#34;&#34;&#34;</pre>
[2024-05-29T17:07:47.164+0000] {subprocess.py:93} INFO - <pre class="line current"><span class="ws">        </span>return self.wsgi_app(environ, start_response)</pre></div>
[2024-05-29T17:07:47.165+0000] {subprocess.py:93} INFO - </div>
[2024-05-29T17:07:47.165+0000] {subprocess.py:93} INFO - 
[2024-05-29T17:07:47.166+0000] {subprocess.py:93} INFO - <li><div class="frame" id="frame-140474387810336">
[2024-05-29T17:07:47.167+0000] {subprocess.py:93} INFO -   <h4>File <cite class="filename">"/usr/local/lib/python3.9/site-packages/flask/app.py"</cite>,
[2024-05-29T17:07:47.167+0000] {subprocess.py:93} INFO -       line <em class="line">1476</em>,
[2024-05-29T17:07:47.169+0000] {subprocess.py:93} INFO -       in <code class="function">wsgi_app</code></h4>
[2024-05-29T17:07:47.170+0000] {subprocess.py:93} INFO -   <div class="source library"><pre class="line before"><span class="ws">            </span>try:</pre>
[2024-05-29T17:07:47.170+0000] {subprocess.py:93} INFO - <pre class="line before"><span class="ws">                </span>ctx.push()</pre>
[2024-05-29T17:07:47.171+0000] {subprocess.py:93} INFO - <pre class="line before"><span class="ws">                </span>response = self.full_dispatch_request()</pre>
[2024-05-29T17:07:47.172+0000] {subprocess.py:93} INFO - <pre class="line before"><span class="ws">            </span>except Exception as e:</pre>
[2024-05-29T17:07:47.173+0000] {subprocess.py:93} INFO - <pre class="line before"><span class="ws">                </span>error = e</pre>
[2024-05-29T17:07:47.174+0000] {subprocess.py:93} INFO - <pre class="line current"><span class="ws">                </span>response = self.handle_exception(e)</pre>
[2024-05-29T17:07:47.174+0000] {subprocess.py:93} INFO - <pre class="line after"><span class="ws">            </span>except:  # noqa: B001</pre>
[2024-05-29T17:07:47.175+0000] {subprocess.py:93} INFO - <pre class="line after"><span class="ws">                </span>error = sys.exc_info()[1]</pre>
[2024-05-29T17:07:47.176+0000] {subprocess.py:93} INFO - <pre class="line after"><span class="ws">                </span>raise</pre>
[2024-05-29T17:07:47.176+0000] {subprocess.py:93} INFO - <pre class="line after"><span class="ws">            </span>return response(environ, start_response)</pre>
[2024-05-29T17:07:47.177+0000] {subprocess.py:93} INFO - <pre class="line after"><span class="ws">        </span>finally:</pre></div>
[2024-05-29T17:07:47.180+0000] {subprocess.py:93} INFO - </div>
[2024-05-29T17:07:47.181+0000] {subprocess.py:93} INFO - 
[2024-05-29T17:07:47.182+0000] {subprocess.py:93} INFO - <li><div class="frame" id="frame-140474387809888">
[2024-05-29T17:07:47.183+0000] {subprocess.py:93} INFO -   <h4>File <cite class="filename">"/usr/local/lib/python3.9/site-packages/flask/app.py"</cite>,
[2024-05-29T17:07:47.184+0000] {subprocess.py:93} INFO -       line <em class="line">1473</em>,
[2024-05-29T17:07:47.184+0000] {subprocess.py:93} INFO -       in <code class="function">wsgi_app</code></h4>
[2024-05-29T17:07:47.185+0000] {subprocess.py:93} INFO -   <div class="source library"><pre class="line before"><span class="ws">        </span>ctx = self.request_context(environ)</pre>
[2024-05-29T17:07:47.185+0000] {subprocess.py:93} INFO - <pre class="line before"><span class="ws">        </span>error: BaseException | None = None</pre>
[2024-05-29T17:07:47.186+0000] {subprocess.py:93} INFO - <pre class="line before"><span class="ws">        </span>try:</pre>
[2024-05-29T17:07:47.186+0000] {subprocess.py:93} INFO - <pre class="line before"><span class="ws">            </span>try:</pre>
[2024-05-29T17:07:47.187+0000] {subprocess.py:93} INFO - <pre class="line before"><span class="ws">                </span>ctx.push()</pre>
[2024-05-29T17:07:47.188+0000] {subprocess.py:93} INFO - <pre class="line current"><span class="ws">                </span>response = self.full_dispatch_request()</pre>
[2024-05-29T17:07:47.188+0000] {subprocess.py:93} INFO - <pre class="line after"><span class="ws">            </span>except Exception as e:</pre>
[2024-05-29T17:07:47.189+0000] {subprocess.py:93} INFO - <pre class="line after"><span class="ws">                </span>error = e</pre>
[2024-05-29T17:07:47.190+0000] {subprocess.py:93} INFO - <pre class="line after"><span class="ws">                </span>response = self.handle_exception(e)</pre>
[2024-05-29T17:07:47.190+0000] {subprocess.py:93} INFO - <pre class="line after"><span class="ws">            </span>except:  # noqa: B001</pre>
[2024-05-29T17:07:47.191+0000] {subprocess.py:93} INFO - <pre class="line after"><span class="ws">                </span>error = sys.exc_info()[1]</pre></div>
[2024-05-29T17:07:47.191+0000] {subprocess.py:93} INFO - </div>
[2024-05-29T17:07:47.192+0000] {subprocess.py:93} INFO - 
[2024-05-29T17:07:47.192+0000] {subprocess.py:93} INFO - <li><div class="frame" id="frame-140474387810000">
[2024-05-29T17:07:47.193+0000] {subprocess.py:93} INFO -   <h4>File <cite class="filename">"/usr/local/lib/python3.9/site-packages/flask/app.py"</cite>,
[2024-05-29T17:07:47.193+0000] {subprocess.py:93} INFO -       line <em class="line">882</em>,
[2024-05-29T17:07:47.194+0000] {subprocess.py:93} INFO -       in <code class="function">full_dispatch_request</code></h4>
[2024-05-29T17:07:47.195+0000] {subprocess.py:93} INFO -   <div class="source library"><pre class="line before"><span class="ws">            </span>request_started.send(self, _async_wrapper=self.ensure_sync)</pre>
[2024-05-29T17:07:47.196+0000] {subprocess.py:93} INFO - <pre class="line before"><span class="ws">            </span>rv = self.preprocess_request()</pre>
[2024-05-29T17:07:47.197+0000] {subprocess.py:93} INFO - <pre class="line before"><span class="ws">            </span>if rv is None:</pre>
[2024-05-29T17:07:47.198+0000] {subprocess.py:93} INFO - <pre class="line before"><span class="ws">                </span>rv = self.dispatch_request()</pre>
[2024-05-29T17:07:47.199+0000] {subprocess.py:93} INFO - <pre class="line before"><span class="ws">        </span>except Exception as e:</pre>
[2024-05-29T17:07:47.200+0000] {subprocess.py:93} INFO - <pre class="line current"><span class="ws">            </span>rv = self.handle_user_exception(e)</pre>
[2024-05-29T17:07:47.200+0000] {subprocess.py:93} INFO - <pre class="line after"><span class="ws">        </span>return self.finalize_request(rv)</pre>
[2024-05-29T17:07:47.201+0000] {subprocess.py:93} INFO - <pre class="line after"><span class="ws"></span> </pre>
[2024-05-29T17:07:47.201+0000] {subprocess.py:93} INFO - <pre class="line after"><span class="ws">    </span>def finalize_request(</pre>
[2024-05-29T17:07:47.202+0000] {subprocess.py:93} INFO - <pre class="line after"><span class="ws">        </span>self,</pre>
[2024-05-29T17:07:47.203+0000] {subprocess.py:93} INFO - <pre class="line after"><span class="ws">        </span>rv: ft.ResponseReturnValue | HTTPException,</pre></div>
[2024-05-29T17:07:47.203+0000] {subprocess.py:93} INFO - </div>
[2024-05-29T17:07:47.204+0000] {subprocess.py:93} INFO - 
[2024-05-29T17:07:47.205+0000] {subprocess.py:93} INFO - <li><div class="frame" id="frame-140474387810112">
[2024-05-29T17:07:47.205+0000] {subprocess.py:93} INFO -   <h4>File <cite class="filename">"/usr/local/lib/python3.9/site-packages/flask/app.py"</cite>,
[2024-05-29T17:07:47.205+0000] {subprocess.py:93} INFO -       line <em class="line">880</em>,
[2024-05-29T17:07:47.206+0000] {subprocess.py:93} INFO -       in <code class="function">full_dispatch_request</code></h4>
[2024-05-29T17:07:47.206+0000] {subprocess.py:93} INFO -   <div class="source library"><pre class="line before"><span class="ws"></span> </pre>
[2024-05-29T17:07:47.207+0000] {subprocess.py:93} INFO - <pre class="line before"><span class="ws">        </span>try:</pre>
[2024-05-29T17:07:47.208+0000] {subprocess.py:93} INFO - <pre class="line before"><span class="ws">            </span>request_started.send(self, _async_wrapper=self.ensure_sync)</pre>
[2024-05-29T17:07:47.208+0000] {subprocess.py:93} INFO - <pre class="line before"><span class="ws">            </span>rv = self.preprocess_request()</pre>
[2024-05-29T17:07:47.209+0000] {subprocess.py:93} INFO - <pre class="line before"><span class="ws">            </span>if rv is None:</pre>
[2024-05-29T17:07:47.210+0000] {subprocess.py:93} INFO - <pre class="line current"><span class="ws">                </span>rv = self.dispatch_request()</pre>
[2024-05-29T17:07:47.210+0000] {subprocess.py:93} INFO - <pre class="line after"><span class="ws">        </span>except Exception as e:</pre>
[2024-05-29T17:07:47.213+0000] {subprocess.py:93} INFO - <pre class="line after"><span class="ws">            </span>rv = self.handle_user_exception(e)</pre>
[2024-05-29T17:07:47.213+0000] {subprocess.py:93} INFO - <pre class="line after"><span class="ws">        </span>return self.finalize_request(rv)</pre>
[2024-05-29T17:07:47.214+0000] {subprocess.py:93} INFO - <pre class="line after"><span class="ws"></span> </pre>
[2024-05-29T17:07:47.215+0000] {subprocess.py:93} INFO - <pre class="line after"><span class="ws">    </span>def finalize_request(</pre></div>
[2024-05-29T17:07:47.216+0000] {subprocess.py:93} INFO - </div>
[2024-05-29T17:07:47.216+0000] {subprocess.py:93} INFO - 
[2024-05-29T17:07:47.217+0000] {subprocess.py:93} INFO - <li><div class="frame" id="frame-140474387810448">
[2024-05-29T17:07:47.217+0000] {subprocess.py:93} INFO -   <h4>File <cite class="filename">"/usr/local/lib/python3.9/site-packages/flask/app.py"</cite>,
[2024-05-29T17:07:47.218+0000] {subprocess.py:93} INFO -       line <em class="line">865</em>,
[2024-05-29T17:07:47.219+0000] {subprocess.py:93} INFO -       in <code class="function">dispatch_request</code></h4>
[2024-05-29T17:07:47.220+0000] {subprocess.py:93} INFO -   <div class="source library"><pre class="line before"><span class="ws">            </span>and req.method == &#34;OPTIONS&#34;</pre>
[2024-05-29T17:07:47.220+0000] {subprocess.py:93} INFO - <pre class="line before"><span class="ws">        </span>):</pre>
[2024-05-29T17:07:47.221+0000] {subprocess.py:93} INFO - <pre class="line before"><span class="ws">            </span>return self.make_default_options_response()</pre>
[2024-05-29T17:07:47.222+0000] {subprocess.py:93} INFO - <pre class="line before"><span class="ws">        </span># otherwise dispatch to the handler for that endpoint</pre>
[2024-05-29T17:07:47.222+0000] {subprocess.py:93} INFO - <pre class="line before"><span class="ws">        </span>view_args: dict[str, t.Any] = req.view_args  # type: ignore[assignment]</pre>
[2024-05-29T17:07:47.223+0000] {subprocess.py:93} INFO - <pre class="line current"><span class="ws">        </span>return self.ensure_sync(self.view_functions[rule.endpoint])(**view_args)  # type: ignore[no-any-return]</pre>
[2024-05-29T17:07:47.223+0000] {subprocess.py:93} INFO - <pre class="line after"><span class="ws"></span> </pre>
[2024-05-29T17:07:47.224+0000] {subprocess.py:93} INFO - <pre class="line after"><span class="ws">    </span>def full_dispatch_request(self) -&gt; Response:</pre>
[2024-05-29T17:07:47.224+0000] {subprocess.py:93} INFO - <pre class="line after"><span class="ws">        </span>&#34;&#34;&#34;Dispatches the request and on top of that performs request</pre>
[2024-05-29T17:07:47.225+0000] {subprocess.py:93} INFO - <pre class="line after"><span class="ws">        </span>pre and postprocessing as well as HTTP exception catching and</pre>
[2024-05-29T17:07:47.225+0000] {subprocess.py:93} INFO - <pre class="line after"><span class="ws">        </span>error handling.</pre></div>
[2024-05-29T17:07:47.226+0000] {subprocess.py:93} INFO - </div>
[2024-05-29T17:07:47.226+0000] {subprocess.py:93} INFO - 
[2024-05-29T17:07:47.227+0000] {subprocess.py:93} INFO - <li><div class="frame" id="frame-140474387810560">
[2024-05-29T17:07:47.230+0000] {subprocess.py:93} INFO -   <h4>File <cite class="filename">"/app/appflask.py"</cite>,
[2024-05-29T17:07:47.231+0000] {subprocess.py:93} INFO -       line <em class="line">206</em>,
[2024-05-29T17:07:47.232+0000] {subprocess.py:93} INFO -       in <code class="function">check_send_status</code></h4>
[2024-05-29T17:07:47.233+0000] {subprocess.py:93} INFO -   <div class="source "><pre class="line before"><span class="ws">        </span>return str(e)</pre>
[2024-05-29T17:07:47.233+0000] {subprocess.py:93} INFO - <pre class="line before"><span class="ws"></span> </pre>
[2024-05-29T17:07:47.234+0000] {subprocess.py:93} INFO - <pre class="line before"><span class="ws"></span>@app.route(&#39;/check_send_status&#39;, methods=[&#39;GET&#39;])</pre>
[2024-05-29T17:07:47.234+0000] {subprocess.py:93} INFO - <pre class="line before"><span class="ws"></span>def check_send_status():</pre>
[2024-05-29T17:07:47.235+0000] {subprocess.py:93} INFO - <pre class="line before"><span class="ws">    </span>global last_status</pre>
[2024-05-29T17:07:47.235+0000] {subprocess.py:93} INFO - <pre class="line current"><span class="ws">    </span>return jsonify(last_status)</pre>
[2024-05-29T17:07:47.236+0000] {subprocess.py:93} INFO - <pre class="line after"><span class="ws"></span> </pre>
[2024-05-29T17:07:47.236+0000] {subprocess.py:93} INFO - <pre class="line after"><span class="ws"></span>if __name__ == &#39;__main__&#39;:</pre>
[2024-05-29T17:07:47.237+0000] {subprocess.py:93} INFO - <pre class="line after"><span class="ws">    </span>app.run(host=&#39;0.0.0.0&#39;, port=5000, debug=True)</pre></div>
[2024-05-29T17:07:47.237+0000] {subprocess.py:93} INFO - </div>
[2024-05-29T17:07:47.238+0000] {subprocess.py:93} INFO - </ul>
[2024-05-29T17:07:47.239+0000] {subprocess.py:93} INFO -   <blockquote>NameError: name &#39;last_status&#39; is not defined
[2024-05-29T17:07:47.240+0000] {subprocess.py:93} INFO - </blockquote>
[2024-05-29T17:07:47.240+0000] {subprocess.py:93} INFO - </div>
[2024-05-29T17:07:47.241+0000] {subprocess.py:93} INFO - 
[2024-05-29T17:07:47.241+0000] {subprocess.py:93} INFO - <div class="plain">
[2024-05-29T17:07:47.242+0000] {subprocess.py:93} INFO -     <p>
[2024-05-29T17:07:47.242+0000] {subprocess.py:93} INFO -       This is the Copy/Paste friendly version of the traceback.
[2024-05-29T17:07:47.243+0000] {subprocess.py:93} INFO -     </p>
[2024-05-29T17:07:47.243+0000] {subprocess.py:93} INFO -     <textarea cols="50" rows="10" name="code" readonly>Traceback (most recent call last):
[2024-05-29T17:07:47.243+0000] {subprocess.py:93} INFO -   File &#34;/usr/local/lib/python3.9/site-packages/flask/app.py&#34;, line 1498, in __call__
[2024-05-29T17:07:47.244+0000] {subprocess.py:93} INFO -     return self.wsgi_app(environ, start_response)
[2024-05-29T17:07:47.245+0000] {subprocess.py:93} INFO -   File &#34;/usr/local/lib/python3.9/site-packages/flask/app.py&#34;, line 1476, in wsgi_app
[2024-05-29T17:07:47.246+0000] {subprocess.py:93} INFO -     response = self.handle_exception(e)
[2024-05-29T17:07:47.247+0000] {subprocess.py:93} INFO -   File &#34;/usr/local/lib/python3.9/site-packages/flask/app.py&#34;, line 1473, in wsgi_app
[2024-05-29T17:07:47.249+0000] {subprocess.py:93} INFO -     response = self.full_dispatch_request()
[2024-05-29T17:07:47.252+0000] {subprocess.py:93} INFO -   File &#34;/usr/local/lib/python3.9/site-packages/flask/app.py&#34;, line 882, in full_dispatch_request
[2024-05-29T17:07:47.253+0000] {subprocess.py:93} INFO -     rv = self.handle_user_exception(e)
[2024-05-29T17:07:47.253+0000] {subprocess.py:93} INFO -   File &#34;/usr/local/lib/python3.9/site-packages/flask/app.py&#34;, line 880, in full_dispatch_request
[2024-05-29T17:07:47.254+0000] {subprocess.py:93} INFO -     rv = self.dispatch_request()
[2024-05-29T17:07:47.255+0000] {subprocess.py:93} INFO -   File &#34;/usr/local/lib/python3.9/site-packages/flask/app.py&#34;, line 865, in dispatch_request
[2024-05-29T17:07:47.256+0000] {subprocess.py:93} INFO -     return self.ensure_sync(self.view_functions[rule.endpoint])(**view_args)  # type: ignore[no-any-return]
[2024-05-29T17:07:47.256+0000] {subprocess.py:93} INFO -   File &#34;/app/appflask.py&#34;, line 206, in check_send_status
[2024-05-29T17:07:47.257+0000] {subprocess.py:93} INFO -     return jsonify(last_status)
[2024-05-29T17:07:47.258+0000] {subprocess.py:93} INFO - NameError: name &#39;last_status&#39; is not defined
[2024-05-29T17:07:47.259+0000] {subprocess.py:93} INFO - </textarea>
[2024-05-29T17:07:47.260+0000] {subprocess.py:93} INFO - </div>
[2024-05-29T17:07:47.260+0000] {subprocess.py:93} INFO - <div class="explanation">
[2024-05-29T17:07:47.261+0000] {subprocess.py:93} INFO -   The debugger caught an exception in your WSGI application.  You can now
[2024-05-29T17:07:47.262+0000] {subprocess.py:93} INFO -   look at the traceback which led to the error.  <span class="nojavascript">
[2024-05-29T17:07:47.263+0000] {subprocess.py:93} INFO -   If you enable JavaScript you can also use additional features such as code
[2024-05-29T17:07:47.264+0000] {subprocess.py:93} INFO -   execution (if the evalex feature is enabled), automatic pasting of the
[2024-05-29T17:07:47.265+0000] {subprocess.py:93} INFO -   exceptions and much more.</span>
[2024-05-29T17:07:47.266+0000] {subprocess.py:93} INFO - </div>
[2024-05-29T17:07:47.266+0000] {subprocess.py:93} INFO -       <div class="footer">
[2024-05-29T17:07:47.268+0000] {subprocess.py:93} INFO -         Brought to you by <strong class="arthur">DON'T PANIC</strong>, your
[2024-05-29T17:07:47.269+0000] {subprocess.py:93} INFO -         friendly Werkzeug powered traceback interpreter.
[2024-05-29T17:07:47.269+0000] {subprocess.py:93} INFO -       </div>
[2024-05-29T17:07:47.270+0000] {subprocess.py:93} INFO -     </div>
[2024-05-29T17:07:47.270+0000] {subprocess.py:93} INFO - 
[2024-05-29T17:07:47.271+0000] {subprocess.py:93} INFO -     <div class="pin-prompt">
[2024-05-29T17:07:47.271+0000] {subprocess.py:93} INFO -       <div class="inner">
[2024-05-29T17:07:47.272+0000] {subprocess.py:93} INFO -         <h3>Console Locked</h3>
[2024-05-29T17:07:47.272+0000] {subprocess.py:93} INFO -         <p>
[2024-05-29T17:07:47.273+0000] {subprocess.py:93} INFO -           The console is locked and needs to be unlocked by entering the PIN.
[2024-05-29T17:07:47.273+0000] {subprocess.py:93} INFO -           You can find the PIN printed out on the standard output of your
[2024-05-29T17:07:47.273+0000] {subprocess.py:93} INFO -           shell that runs the server.
[2024-05-29T17:07:47.274+0000] {subprocess.py:93} INFO -         <form>
[2024-05-29T17:07:47.274+0000] {subprocess.py:93} INFO -           <p>PIN:
[2024-05-29T17:07:47.275+0000] {subprocess.py:93} INFO -             <input type=text name=pin size=14>
[2024-05-29T17:07:47.275+0000] {subprocess.py:93} INFO -             <input type=submit name=btn value="Confirm Pin">
[2024-05-29T17:07:47.276+0000] {subprocess.py:93} INFO -         </form>
[2024-05-29T17:07:47.276+0000] {subprocess.py:93} INFO -       </div>
[2024-05-29T17:07:47.277+0000] {subprocess.py:93} INFO -     </div>
[2024-05-29T17:07:47.279+0000] {subprocess.py:93} INFO -   </body>
[2024-05-29T17:07:47.280+0000] {subprocess.py:93} INFO - </html>
[2024-05-29T17:07:47.281+0000] {subprocess.py:93} INFO - 
[2024-05-29T17:07:47.282+0000] {subprocess.py:93} INFO - <!--
[2024-05-29T17:07:47.282+0000] {subprocess.py:93} INFO - 
[2024-05-29T17:07:47.283+0000] {subprocess.py:93} INFO - Traceback (most recent call last):
[2024-05-29T17:07:47.283+0000] {subprocess.py:93} INFO -   File "/usr/local/lib/python3.9/site-packages/flask/app.py", line 1498, in __call__
[2024-05-29T17:07:47.284+0000] {subprocess.py:93} INFO -     return self.wsgi_app(environ, start_response)
[2024-05-29T17:07:47.284+0000] {subprocess.py:93} INFO -   File "/usr/local/lib/python3.9/site-packages/flask/app.py", line 1476, in wsgi_app
[2024-05-29T17:07:47.285+0000] {subprocess.py:93} INFO -     response = self.handle_exception(e)
[2024-05-29T17:07:47.285+0000] {subprocess.py:93} INFO -   File "/usr/local/lib/python3.9/site-packages/flask/app.py", line 1473, in wsgi_app
[2024-05-29T17:07:47.285+0000] {subprocess.py:93} INFO -     response = self.full_dispatch_request()
[2024-05-29T17:07:47.286+0000] {subprocess.py:93} INFO -   File "/usr/local/lib/python3.9/site-packages/flask/app.py", line 882, in full_dispatch_r100 12805  100 12805    0     0  1439k      0 --:--:-- --:--:-- --:--:-- 1563k
[2024-05-29T17:07:47.286+0000] {subprocess.py:93} INFO - equest
[2024-05-29T17:07:47.287+0000] {subprocess.py:93} INFO -     rv = self.handle_user_exception(e)
[2024-05-29T17:07:47.288+0000] {subprocess.py:93} INFO -   File "/usr/local/lib/python3.9/site-packages/flask/app.py", line 880, in full_dispatch_request
[2024-05-29T17:07:47.288+0000] {subprocess.py:93} INFO -     rv = self.dispatch_request()
[2024-05-29T17:07:47.289+0000] {subprocess.py:93} INFO -   File "/usr/local/lib/python3.9/site-packages/flask/app.py", line 865, in dispatch_request
[2024-05-29T17:07:47.289+0000] {subprocess.py:93} INFO -     return self.ensure_sync(self.view_functions[rule.endpoint])(**view_args)  # type: ignore[no-any-return]
[2024-05-29T17:07:47.290+0000] {subprocess.py:93} INFO -   File "/app/appflask.py", line 206, in check_send_status
[2024-05-29T17:07:47.290+0000] {subprocess.py:93} INFO -     return jsonify(last_status)
[2024-05-29T17:07:47.291+0000] {subprocess.py:93} INFO - NameError: name 'last_status' is not defined
[2024-05-29T17:07:47.291+0000] {subprocess.py:93} INFO - 
[2024-05-29T17:07:47.292+0000] {subprocess.py:93} INFO - 
[2024-05-29T17:07:47.292+0000] {subprocess.py:93} INFO - -->
[2024-05-29T17:07:47.293+0000] {subprocess.py:97} INFO - Command exited with return code 0
[2024-05-29T17:07:47.293+0000] {taskinstance.py:441} INFO - ::group::Post task execution logs
[2024-05-29T17:07:47.372+0000] {taskinstance.py:1206} INFO - Marking task as SUCCESS. dag_id=flask_monitoring, task_id=check_flask_health, run_id=scheduled__2024-05-28T00:30:00+00:00, execution_date=20240528T003000, start_date=20240529T170746, end_date=20240529T170747
[2024-05-29T17:07:47.440+0000] {local_task_job_runner.py:240} INFO - Task exited with return code 0
[2024-05-29T17:07:47.513+0000] {taskinstance.py:3498} INFO - 1 downstream tasks scheduled from follow-on schedule check
[2024-05-29T17:07:47.535+0000] {local_task_job_runner.py:222} INFO - ::endgroup::
