[2024-06-02T12:00:40.135+0000] {local_task_job_runner.py:120} INFO - ::group::Pre task execution logs
[2024-06-02T12:00:40.180+0000] {taskinstance.py:2076} INFO - Dependencies all met for dep_context=non-requeueable deps ti=<TaskInstance: dag_with_docker_operator.check_status scheduled__2024-06-01T05:00:00+00:00 [queued]>
[2024-06-02T12:00:40.198+0000] {taskinstance.py:2076} INFO - Dependencies all met for dep_context=requeueable deps ti=<TaskInstance: dag_with_docker_operator.check_status scheduled__2024-06-01T05:00:00+00:00 [queued]>
[2024-06-02T12:00:40.199+0000] {taskinstance.py:2306} INFO - Starting attempt 2 of 2
[2024-06-02T12:00:40.335+0000] {taskinstance.py:2330} INFO - Executing <Task(PythonOperator): check_status> on 2024-06-01 05:00:00+00:00
[2024-06-02T12:00:40.343+0000] {standard_task_runner.py:63} INFO - Started process 2455 to run task
[2024-06-02T12:00:40.346+0000] {standard_task_runner.py:90} INFO - Running: ['airflow', 'tasks', 'run', 'dag_with_docker_operator', 'check_status', 'scheduled__2024-06-01T05:00:00+00:00', '--job-id', '805', '--raw', '--subdir', 'DAGS_FOLDER/dag_with_docker_operator.py', '--cfg-path', '/tmp/tmpkuspt09y']
[2024-06-02T12:00:40.349+0000] {standard_task_runner.py:91} INFO - Job 805: Subtask check_status
[2024-06-02T12:00:40.462+0000] {task_command.py:426} INFO - Running <TaskInstance: dag_with_docker_operator.check_status scheduled__2024-06-01T05:00:00+00:00 [running]> on host 9c47fcd741af
[2024-06-02T12:00:40.656+0000] {taskinstance.py:2648} INFO - Exporting env vars: AIRFLOW_CTX_DAG_OWNER='airflow' AIRFLOW_CTX_DAG_ID='dag_with_docker_operator' AIRFLOW_CTX_TASK_ID='check_status' AIRFLOW_CTX_EXECUTION_DATE='2024-06-01T05:00:00+00:00' AIRFLOW_CTX_TRY_NUMBER='2' AIRFLOW_CTX_DAG_RUN_ID='scheduled__2024-06-01T05:00:00+00:00'
[2024-06-02T12:00:40.658+0000] {taskinstance.py:430} INFO - ::endgroup::
[2024-06-02T12:00:40.699+0000] {python.py:237} INFO - Done. Returned value was: {'status': 'success'}
[2024-06-02T12:00:40.700+0000] {taskinstance.py:441} INFO - ::group::Post task execution logs
[2024-06-02T12:00:40.770+0000] {taskinstance.py:1206} INFO - Marking task as SUCCESS. dag_id=dag_with_docker_operator, task_id=check_status, run_id=scheduled__2024-06-01T05:00:00+00:00, execution_date=20240601T050000, start_date=20240602T120040, end_date=20240602T120040
[2024-06-02T12:00:40.841+0000] {local_task_job_runner.py:240} INFO - Task exited with return code 0
[2024-06-02T12:00:40.869+0000] {taskinstance.py:3498} INFO - 0 downstream tasks scheduled from follow-on schedule check
[2024-06-02T12:00:40.871+0000] {local_task_job_runner.py:222} INFO - ::endgroup::
[2024-06-02T12:21:19.813+0000] {local_task_job_runner.py:120} INFO - ::group::Pre task execution logs
[2024-06-02T12:21:19.858+0000] {taskinstance.py:2076} INFO - Dependencies all met for dep_context=non-requeueable deps ti=<TaskInstance: dag_with_docker_operator.check_status scheduled__2024-06-01T05:00:00+00:00 [queued]>
[2024-06-02T12:21:19.881+0000] {taskinstance.py:2076} INFO - Dependencies all met for dep_context=requeueable deps ti=<TaskInstance: dag_with_docker_operator.check_status scheduled__2024-06-01T05:00:00+00:00 [queued]>
[2024-06-02T12:21:19.882+0000] {taskinstance.py:2306} INFO - Starting attempt 2 of 2
[2024-06-02T12:21:19.932+0000] {taskinstance.py:2330} INFO - Executing <Task(PythonOperator): check_status> on 2024-06-01 05:00:00+00:00
[2024-06-02T12:21:19.939+0000] {standard_task_runner.py:63} INFO - Started process 3007 to run task
[2024-06-02T12:21:19.942+0000] {standard_task_runner.py:90} INFO - Running: ['airflow', 'tasks', 'run', 'dag_with_docker_operator', 'check_status', 'scheduled__2024-06-01T05:00:00+00:00', '--job-id', '809', '--raw', '--subdir', 'DAGS_FOLDER/dag_with_docker_operator.py', '--cfg-path', '/tmp/tmpnole6h5i']
[2024-06-02T12:21:19.944+0000] {standard_task_runner.py:91} INFO - Job 809: Subtask check_status
[2024-06-02T12:21:20.187+0000] {task_command.py:426} INFO - Running <TaskInstance: dag_with_docker_operator.check_status scheduled__2024-06-01T05:00:00+00:00 [running]> on host 9c47fcd741af
[2024-06-02T12:21:20.351+0000] {taskinstance.py:2648} INFO - Exporting env vars: AIRFLOW_CTX_DAG_OWNER='airflow' AIRFLOW_CTX_DAG_ID='dag_with_docker_operator' AIRFLOW_CTX_TASK_ID='check_status' AIRFLOW_CTX_EXECUTION_DATE='2024-06-01T05:00:00+00:00' AIRFLOW_CTX_TRY_NUMBER='2' AIRFLOW_CTX_DAG_RUN_ID='scheduled__2024-06-01T05:00:00+00:00'
[2024-06-02T12:21:20.352+0000] {taskinstance.py:430} INFO - ::endgroup::
[2024-06-02T12:21:20.372+0000] {taskinstance.py:441} INFO - ::group::Post task execution logs
[2024-06-02T12:21:20.374+0000] {taskinstance.py:2905} ERROR - Task failed with exception
Traceback (most recent call last):
  File "/home/airflow/.local/lib/python3.12/site-packages/airflow/models/taskinstance.py", line 465, in _execute_task
    result = _execute_callable(context=context, **execute_callable_kwargs)
             ^^^^^^^^^^^^^^^^^^^^^^^^^^^^^^^^^^^^^^^^^^^^^^^^^^^^^^^^^^^^^
  File "/home/airflow/.local/lib/python3.12/site-packages/airflow/models/taskinstance.py", line 432, in _execute_callable
    return execute_callable(context=context, **execute_callable_kwargs)
           ^^^^^^^^^^^^^^^^^^^^^^^^^^^^^^^^^^^^^^^^^^^^^^^^^^^^^^^^^^^^
  File "/home/airflow/.local/lib/python3.12/site-packages/airflow/models/baseoperator.py", line 400, in wrapper
    return func(self, *args, **kwargs)
           ^^^^^^^^^^^^^^^^^^^^^^^^^^^
  File "/home/airflow/.local/lib/python3.12/site-packages/airflow/operators/python.py", line 235, in execute
    return_value = self.execute_callable()
                   ^^^^^^^^^^^^^^^^^^^^^^^
  File "/home/airflow/.local/lib/python3.12/site-packages/airflow/operators/python.py", line 252, in execute_callable
    return self.python_callable(*self.op_args, **self.op_kwargs)
           ^^^^^^^^^^^^^^^^^^^^^^^^^^^^^^^^^^^^^^^^^^^^^^^^^^^^^
  File "/opt/airflow/dags/dag_with_docker_operator.py", line 24, in check_send_status
    raise ValueError(f"Check send status failed: {result}")
ValueError: Check send status failed: {'status': 'failed'}
[2024-06-02T12:21:20.396+0000] {taskinstance.py:1206} INFO - Marking task as FAILED. dag_id=dag_with_docker_operator, task_id=check_status, run_id=scheduled__2024-06-01T05:00:00+00:00, execution_date=20240601T050000, start_date=20240602T122119, end_date=20240602T122120
[2024-06-02T12:21:20.463+0000] {standard_task_runner.py:110} ERROR - Failed to execute job 809 for task check_status (Check send status failed: {'status': 'failed'}; 3007)
[2024-06-02T12:21:20.517+0000] {local_task_job_runner.py:240} INFO - Task exited with return code 1
[2024-06-02T12:21:20.819+0000] {taskinstance.py:3498} INFO - 0 downstream tasks scheduled from follow-on schedule check
[2024-06-02T12:21:20.821+0000] {local_task_job_runner.py:222} INFO - ::endgroup::
