[2024-05-29T17:09:47.724+0000] {local_task_job_runner.py:120} INFO - ::group::Pre task execution logs
[2024-05-29T17:09:47.807+0000] {taskinstance.py:2076} INFO - Dependencies all met for dep_context=non-requeueable deps ti=<TaskInstance: flask_monitoring.check_flask_health scheduled__2024-05-28T01:00:00+00:00 [queued]>
[2024-05-29T17:09:47.852+0000] {taskinstance.py:2076} INFO - Dependencies all met for dep_context=requeueable deps ti=<TaskInstance: flask_monitoring.check_flask_health scheduled__2024-05-28T01:00:00+00:00 [queued]>
[2024-05-29T17:09:47.853+0000] {taskinstance.py:2306} INFO - Starting attempt 1 of 2
[2024-05-29T17:09:47.939+0000] {taskinstance.py:2330} INFO - Executing <Task(BashOperator): check_flask_health> on 2024-05-28 01:00:00+00:00
[2024-05-29T17:09:47.949+0000] {standard_task_runner.py:90} INFO - Running: ['airflow', 'tasks', 'run', 'flask_monitoring', 'check_flask_health', 'scheduled__2024-05-28T01:00:00+00:00', '--job-id', '117', '--raw', '--subdir', 'DAGS_FOLDER/flask_monitoring.py', '--cfg-path', '/tmp/tmpv24ozt_h']
[2024-05-29T17:09:47.953+0000] {standard_task_runner.py:91} INFO - Job 117: Subtask check_flask_health
[2024-05-29T17:09:47.946+0000] {standard_task_runner.py:63} INFO - Started process 1809 to run task
[2024-05-29T17:09:48.131+0000] {task_command.py:426} INFO - Running <TaskInstance: flask_monitoring.check_flask_health scheduled__2024-05-28T01:00:00+00:00 [running]> on host f708138922bb
[2024-05-29T17:09:48.420+0000] {taskinstance.py:2648} INFO - Exporting env vars: AIRFLOW_CTX_DAG_OWNER='airflow' AIRFLOW_CTX_DAG_ID='flask_monitoring' AIRFLOW_CTX_TASK_ID='check_flask_health' AIRFLOW_CTX_EXECUTION_DATE='2024-05-28T01:00:00+00:00' AIRFLOW_CTX_TRY_NUMBER='1' AIRFLOW_CTX_DAG_RUN_ID='scheduled__2024-05-28T01:00:00+00:00'
[2024-05-29T17:09:48.422+0000] {taskinstance.py:430} INFO - ::endgroup::
[2024-05-29T17:09:48.458+0000] {subprocess.py:63} INFO - Tmp dir root location: /tmp
[2024-05-29T17:09:48.472+0000] {subprocess.py:75} INFO - Running command: ['/usr/bin/bash', '-c', 'curl -X GET http://flask:5000/check_send_status']
[2024-05-29T17:09:48.489+0000] {subprocess.py:86} INFO - Output:
[2024-05-29T17:09:48.527+0000] {subprocess.py:93} INFO -   % Total    % Received % Xferd  Average Speed   Time    Time     Time  Current
[2024-05-29T17:09:48.548+0000] {subprocess.py:93} INFO -                                  Dload  Upload   Total   Spent    Left  Speed
[2024-05-29T17:09:48.557+0000] {subprocess.py:93} INFO -   0     0    0     0    0     0      0      0 --:--:-- --:--:-- --:--:--     0<!doctype html>
[2024-05-29T17:09:48.561+0000] {subprocess.py:93} INFO - <html lang=en>
[2024-05-29T17:09:48.570+0000] {subprocess.py:93} INFO -   <head>
[2024-05-29T17:09:48.582+0000] {subprocess.py:93} INFO -     <title>NameError: name &#39;last_status&#39; is not defined
[2024-05-29T17:09:48.604+0000] {subprocess.py:93} INFO -  // Werkzeug Debugger</title>
[2024-05-29T17:09:48.660+0000] {subprocess.py:93} INFO -     <link rel="stylesheet" href="?__debugger__=yes&amp;cmd=resource&amp;f=style.css">
[2024-05-29T17:09:48.683+0000] {subprocess.py:93} INFO -     <link rel="shortcut icon"
[2024-05-29T17:09:48.863+0000] {subprocess.py:93} INFO -         href="?__debugger__=yes&amp;cmd=resource&amp;f=console.png">
[2024-05-29T17:09:49.250+0000] {subprocess.py:93} INFO -     <script src="?__debugger__=yes&amp;cmd=resource&amp;f=debugger.js"></script>
[2024-05-29T17:09:49.276+0000] {subprocess.py:93} INFO -     <script>
[2024-05-29T17:09:49.285+0000] {subprocess.py:93} INFO -       var CONSOLE_MODE = false,
[2024-05-29T17:09:49.305+0000] {subprocess.py:93} INFO -           EVALEX = false,
[2024-05-29T17:09:49.364+0000] {subprocess.py:93} INFO -           EVALEX_TRUSTED = false,
[2024-05-29T17:09:49.376+0000] {subprocess.py:93} INFO -           SECRET = "m0W2mug263yMqd81oBK2";
[2024-05-29T17:09:49.394+0000] {subprocess.py:93} INFO -     </script>
[2024-05-29T17:09:49.404+0000] {subprocess.py:93} INFO -   </head>
[2024-05-29T17:09:49.408+0000] {subprocess.py:93} INFO -   <body style="background-color: #fff">
[2024-05-29T17:09:49.416+0000] {subprocess.py:93} INFO -     <div class="debugger">
[2024-05-29T17:09:49.423+0000] {subprocess.py:93} INFO - <h1>NameError</h1>
[2024-05-29T17:09:49.430+0000] {subprocess.py:93} INFO - <div class="detail">
[2024-05-29T17:09:49.439+0000] {subprocess.py:93} INFO -   <p class="errormsg">NameError: name &#39;last_status&#39; is not defined
[2024-05-29T17:09:49.445+0000] {subprocess.py:93} INFO - </p>
[2024-05-29T17:09:49.477+0000] {subprocess.py:93} INFO - </div>
[2024-05-29T17:09:49.568+0000] {subprocess.py:93} INFO - <h2 class="traceback">Traceback <em>(most recent call last)</em></h2>
[2024-05-29T17:09:49.584+0000] {subprocess.py:93} INFO - <div class="traceback">
[2024-05-29T17:09:49.621+0000] {subprocess.py:93} INFO -   <h3></h3>
[2024-05-29T17:09:49.639+0000] {subprocess.py:93} INFO -   <ul><li><div class="frame" id="frame-140474387892480">
[2024-05-29T17:09:49.710+0000] {subprocess.py:93} INFO -   <h4>File <cite class="filename">"/usr/local/lib/python3.9/site-packages/flask/app.py"</cite>,
[2024-05-29T17:09:49.774+0000] {subprocess.py:93} INFO -       line <em class="line">1498</em>,
[2024-05-29T17:09:49.849+0000] {subprocess.py:93} INFO -       in <code class="function">__call__</code></h4>
[2024-05-29T17:09:49.859+0000] {subprocess.py:93} INFO -   <div class="source library"><pre class="line before"><span class="ws">    </span>) -&gt; cabc.Iterable[bytes]:</pre>
[2024-05-29T17:09:49.871+0000] {subprocess.py:93} INFO - <pre class="line before"><span class="ws">        </span>&#34;&#34;&#34;The WSGI server calls the Flask application object as the</pre>
[2024-05-29T17:09:49.885+0000] {subprocess.py:93} INFO - <pre class="line before"><span class="ws">        </span>WSGI application. This calls :meth:`wsgi_app`, which can be</pre>
[2024-05-29T17:09:49.890+0000] {subprocess.py:93} INFO - <pre class="line before"><span class="ws">        </span>wrapped to apply middleware.</pre>
[2024-05-29T17:09:49.895+0000] {subprocess.py:93} INFO - <pre class="line before"><span class="ws">        </span>&#34;&#34;&#34;</pre>
[2024-05-29T17:09:49.904+0000] {subprocess.py:93} INFO - <pre class="line current"><span class="ws">        </span>return self.wsgi_app(environ, start_response)</pre></div>
[2024-05-29T17:09:49.913+0000] {subprocess.py:93} INFO - </div>
[2024-05-29T17:09:49.924+0000] {subprocess.py:93} INFO - 
[2024-05-29T17:09:49.946+0000] {subprocess.py:93} INFO - <li><div class="frame" id="frame-140474387892592">
[2024-05-29T17:09:50.016+0000] {subprocess.py:93} INFO -   <h4>File <cite class="filename">"/usr/local/lib/python3.9/site-packages/flask/app.py"</cite>,
[2024-05-29T17:09:50.019+0000] {subprocess.py:93} INFO -       line <em class="line">1476</em>,
[2024-05-29T17:09:50.028+0000] {subprocess.py:93} INFO -       in <code class="function">wsgi_app</code></h4>
[2024-05-29T17:09:50.033+0000] {subprocess.py:93} INFO -   <div class="source library"><pre class="line before"><span class="ws">            </span>try:</pre>
[2024-05-29T17:09:50.074+0000] {subprocess.py:93} INFO - <pre class="line before"><span class="ws">                </span>ctx.push()</pre>
[2024-05-29T17:09:50.080+0000] {subprocess.py:93} INFO - <pre class="line before"><span class="ws">                </span>response = self.full_dispatch_request()</pre>
[2024-05-29T17:09:50.086+0000] {subprocess.py:93} INFO - <pre class="line before"><span class="ws">            </span>except Exception as e:</pre>
[2024-05-29T17:09:50.090+0000] {subprocess.py:93} INFO - <pre class="line before"><span class="ws">                </span>error = e</pre>
[2024-05-29T17:09:50.195+0000] {subprocess.py:93} INFO - <pre class="line current"><span class="ws">                </span>response = self.handle_exception(e)</pre>
[2024-05-29T17:09:50.212+0000] {subprocess.py:93} INFO - <pre class="line after"><span class="ws">            </span>except:  # noqa: B001</pre>
[2024-05-29T17:09:50.239+0000] {subprocess.py:93} INFO - <pre class="line after"><span class="ws">                </span>error = sys.exc_info()[1]</pre>
[2024-05-29T17:09:50.269+0000] {subprocess.py:93} INFO - <pre class="line after"><span class="ws">                </span>raise</pre>
[2024-05-29T17:09:50.296+0000] {subprocess.py:93} INFO - <pre class="line after"><span class="ws">            </span>return response(environ, start_response)</pre>
[2024-05-29T17:09:50.299+0000] {subprocess.py:93} INFO - <pre class="line after"><span class="ws">        </span>finally:</pre></div>
[2024-05-29T17:09:50.347+0000] {subprocess.py:93} INFO - </div>
[2024-05-29T17:09:50.404+0000] {subprocess.py:93} INFO - 
[2024-05-29T17:09:50.435+0000] {subprocess.py:93} INFO - <li><div class="frame" id="frame-140474387892704">
[2024-05-29T17:09:50.438+0000] {subprocess.py:93} INFO -   <h4>File <cite class="filename">"/usr/local/lib/python3.9/site-packages/flask/app.py"</cite>,
[2024-05-29T17:09:50.500+0000] {subprocess.py:93} INFO -       line <em class="line">1473</em>,
[2024-05-29T17:09:50.602+0000] {subprocess.py:93} INFO -       in <code class="function">wsgi_app</code></h4>
[2024-05-29T17:09:50.629+0000] {subprocess.py:93} INFO -   <div class="source library"><pre class="line before"><span class="ws">        </span>ctx = self.request_context(environ)</pre>
[2024-05-29T17:09:50.643+0000] {subprocess.py:93} INFO - <pre class="line before"><span class="ws">        </span>error: BaseException | None = None</pre>
[2024-05-29T17:09:50.646+0000] {subprocess.py:93} INFO - <pre class="line before"><span class="ws">        </span>try:</pre>
[2024-05-29T17:09:50.707+0000] {subprocess.py:93} INFO - <pre class="line before"><span class="ws">            </span>try:</pre>
[2024-05-29T17:09:50.732+0000] {subprocess.py:93} INFO - <pre class="line before"><span class="ws">                </span>ctx.push()</pre>
[2024-05-29T17:09:50.734+0000] {subprocess.py:93} INFO - <pre class="line current"><span class="ws">                </span>response = self.full_dispatch_request()</pre>
[2024-05-29T17:09:50.736+0000] {subprocess.py:93} INFO - <pre class="line after"><span class="ws">            </span>except Exception as e:</pre>
[2024-05-29T17:09:50.821+0000] {subprocess.py:93} INFO - <pre class="line after"><span class="ws">                </span>error = e</pre>
[2024-05-29T17:09:50.913+0000] {subprocess.py:93} INFO - <pre class="line after"><span class="ws">                </span>response = self.handle_exception(e)</pre>
[2024-05-29T17:09:50.920+0000] {subprocess.py:93} INFO - <pre class="line after"><span class="ws">            </span>except:  # noqa: B001</pre>
[2024-05-29T17:09:50.941+0000] {subprocess.py:93} INFO - <pre class="line after"><span class="ws">                </span>error = sys.exc_info()[1]</pre></div>
[2024-05-29T17:09:50.972+0000] {subprocess.py:93} INFO - </div>
[2024-05-29T17:09:50.987+0000] {subprocess.py:93} INFO - 
[2024-05-29T17:09:51.006+0000] {subprocess.py:93} INFO - <li><div class="frame" id="frame-140474387892816">
[2024-05-29T17:09:51.054+0000] {subprocess.py:93} INFO -   <h4>File <cite class="filename">"/usr/local/lib/python3.9/site-packages/flask/app.py"</cite>,
[2024-05-29T17:09:51.056+0000] {subprocess.py:93} INFO -       line <em class="line">882</em>,
[2024-05-29T17:09:51.172+0000] {subprocess.py:93} INFO -       in <code class="function">full_dispatch_request</code></h4>
[2024-05-29T17:09:51.204+0000] {subprocess.py:93} INFO -   <div class="source library"><pre class="line before"><span class="ws">            </span>request_started.send(self, _async_wrapper=self.ensure_sync)</pre>
[2024-05-29T17:09:51.745+0000] {subprocess.py:93} INFO - <pre class="line before"><span class="ws">            </span>rv = self.preprocess_request()</pre>
[2024-05-29T17:09:51.936+0000] {subprocess.py:93} INFO - <pre class="line before"><span class="ws">            </span>if rv is None:</pre>
[2024-05-29T17:09:52.002+0000] {subprocess.py:93} INFO - <pre class="line before"><span class="ws">                </span>rv = self.dispatch_request()</pre>
[2024-05-29T17:09:52.010+0000] {subprocess.py:93} INFO - <pre class="line before"><span class="ws">        </span>except Exception as e:</pre>
[2024-05-29T17:09:52.019+0000] {subprocess.py:93} INFO - <pre class="line current"><span class="ws">            </span>rv = self.handle_user_exception(e)</pre>
[2024-05-29T17:09:52.023+0000] {subprocess.py:93} INFO - <pre class="line after"><span class="ws">        </span>return self.finalize_request(rv)</pre>
[2024-05-29T17:09:52.026+0000] {subprocess.py:93} INFO - <pre class="line after"><span class="ws"></span> </pre>
[2024-05-29T17:09:52.028+0000] {subprocess.py:93} INFO - <pre class="line after"><span class="ws">    </span>def finalize_request(</pre>
[2024-05-29T17:09:52.031+0000] {subprocess.py:93} INFO - <pre class="line after"><span class="ws">        </span>self,</pre>
[2024-05-29T17:09:52.033+0000] {subprocess.py:93} INFO - <pre class="line after"><span class="ws">        </span>rv: ft.ResponseReturnValue | HTTPException,</pre></div>
[2024-05-29T17:09:52.040+0000] {subprocess.py:93} INFO - </div>
[2024-05-29T17:09:52.042+0000] {subprocess.py:93} INFO - 
[2024-05-29T17:09:52.053+0000] {subprocess.py:93} INFO - <li><div class="frame" id="frame-140474387892928">
[2024-05-29T17:09:52.058+0000] {subprocess.py:93} INFO -   <h4>File <cite class="filename">"/usr/local/lib/python3.9/site-packages/flask/app.py"</cite>,
[2024-05-29T17:09:52.060+0000] {subprocess.py:93} INFO -       line <em class="line">880</em>,
[2024-05-29T17:09:52.063+0000] {subprocess.py:93} INFO -       in <code class="function">full_dispatch_request</code></h4>
[2024-05-29T17:09:52.067+0000] {subprocess.py:93} INFO -   <div class="source library"><pre class="line before"><span class="ws"></span> </pre>
[2024-05-29T17:09:52.069+0000] {subprocess.py:93} INFO - <pre class="line before"><span class="ws">        </span>try:</pre>
[2024-05-29T17:09:52.090+0000] {subprocess.py:93} INFO - <pre class="line before"><span class="ws">            </span>request_started.send(self, _async_wrapper=self.ensure_sync)</pre>
[2024-05-29T17:09:52.121+0000] {subprocess.py:93} INFO - <pre class="line before"><span class="ws">            </span>rv = self.preprocess_request()</pre>
[2024-05-29T17:09:52.136+0000] {subprocess.py:93} INFO - <pre class="line before"><span class="ws">            </span>if rv is None:</pre>
[2024-05-29T17:09:52.139+0000] {subprocess.py:93} INFO - <pre class="line current"><span class="ws">                </span>rv = self.dispatch_request()</pre>
[2024-05-29T17:09:52.152+0000] {subprocess.py:93} INFO - <pre class="line after"><span class="ws">        </span>except Exception as e:</pre>
[2024-05-29T17:09:52.161+0000] {subprocess.py:93} INFO - <pre class="line after"><span class="ws">            </span>rv = self.handle_user_exception(e)</pre>
[2024-05-29T17:09:52.168+0000] {subprocess.py:93} INFO - <pre class="line after"><span class="ws">        </span>return self.finalize_request(rv)</pre>
[2024-05-29T17:09:52.178+0000] {subprocess.py:93} INFO - <pre class="line after"><span class="ws"></span> </pre>
[2024-05-29T17:09:52.197+0000] {subprocess.py:93} INFO - <pre class="line after"><span class="ws">    </span>def finalize_request(</pre></div>
[2024-05-29T17:09:52.200+0000] {subprocess.py:93} INFO - </div>
[2024-05-29T17:09:52.201+0000] {subprocess.py:93} INFO - 
[2024-05-29T17:09:52.202+0000] {subprocess.py:93} INFO - <li><div class="frame" id="frame-140474387893040">
[2024-05-29T17:09:52.203+0000] {subprocess.py:93} INFO -   <h4>File <cite class="filename">"/usr/local/lib/python3.9/site-packages/flask/app.py"</cite>,
[2024-05-29T17:09:52.207+0000] {subprocess.py:93} INFO -       line <em class="line">865</em>,
[2024-05-29T17:09:52.208+0000] {subprocess.py:93} INFO -       in <code class="function">dispatch_request</code></h4>
[2024-05-29T17:09:52.210+0000] {subprocess.py:93} INFO -   <div class="source library"><pre class="line before"><span class="ws">            </span>and req.method == &#34;OPTIONS&#34;</pre>
[2024-05-29T17:09:52.211+0000] {subprocess.py:93} INFO - <pre class="line before"><span class="ws">        </span>):</pre>
[2024-05-29T17:09:52.212+0000] {subprocess.py:93} INFO - <pre class="line before"><span class="ws">            </span>return self.make_default_options_response()</pre>
[2024-05-29T17:09:52.213+0000] {subprocess.py:93} INFO - <pre class="line before"><span class="ws">        </span># otherwise dispatch to the handler for that endpoint</pre>
[2024-05-29T17:09:52.214+0000] {subprocess.py:93} INFO - <pre class="line before"><span class="ws">        </span>view_args: dict[str, t.Any] = req.view_args  # type: ignore[assignment]</pre>
[2024-05-29T17:09:52.214+0000] {subprocess.py:93} INFO - <pre class="line current"><span class="ws">        </span>return self.ensure_sync(self.view_functions[rule.endpoint])(**view_args)  # type: ignore[no-any-return]</pre>
[2024-05-29T17:09:52.231+0000] {subprocess.py:93} INFO - <pre class="line after"><span class="ws"></span> </pre>
[2024-05-29T17:09:52.244+0000] {subprocess.py:93} INFO - <pre class="line after"><span class="ws">    </span>def full_dispatch_request(self) -&gt; Response:</pre>
[2024-05-29T17:09:52.274+0000] {subprocess.py:93} INFO - <pre class="line after"><span class="ws">        </span>&#34;&#34;&#34;Dispatches the request and on top of that performs request</pre>
[2024-05-29T17:09:52.285+0000] {subprocess.py:93} INFO - <pre class="line after"><span class="ws">        </span>pre and postprocessing as well as HTTP exception catching and</pre>
[2024-05-29T17:09:52.299+0000] {subprocess.py:93} INFO - <pre class="line after"><span class="ws">        </span>error handling.</pre></div>
[2024-05-29T17:09:52.323+0000] {subprocess.py:93} INFO - </div>
[2024-05-29T17:09:52.326+0000] {subprocess.py:93} INFO - 
[2024-05-29T17:09:52.332+0000] {subprocess.py:93} INFO - <li><div class="frame" id="frame-140474387893152">
[2024-05-29T17:09:52.347+0000] {subprocess.py:93} INFO -   <h4>File <cite class="filename">"/app/appflask.py"</cite>,
[2024-05-29T17:09:52.351+0000] {subprocess.py:93} INFO -       line <em class="line">206</em>,
[2024-05-29T17:09:52.353+0000] {subprocess.py:93} INFO -       in <code class="function">check_send_status</code></h4>
[2024-05-29T17:09:52.359+0000] {subprocess.py:93} INFO -   <div class="source "><pre class="line before"><span class="ws">        </span>return str(e)</pre>
[2024-05-29T17:09:52.367+0000] {subprocess.py:93} INFO - <pre class="line before"><span class="ws"></span> </pre>
[2024-05-29T17:09:52.369+0000] {subprocess.py:93} INFO - <pre class="line before"><span class="ws"></span>@app.route(&#39;/check_send_status&#39;, methods=[&#39;GET&#39;])</pre>
[2024-05-29T17:09:52.371+0000] {subprocess.py:93} INFO - <pre class="line before"><span class="ws"></span>def check_send_status():</pre>
[2024-05-29T17:09:52.378+0000] {subprocess.py:93} INFO - <pre class="line before"><span class="ws">    </span>global last_status</pre>
[2024-05-29T17:09:52.388+0000] {subprocess.py:93} INFO - <pre class="line current"><span class="ws">    </span>return jsonify(last_status)</pre>
[2024-05-29T17:09:52.391+0000] {subprocess.py:93} INFO - <pre class="line after"><span class="ws"></span> </pre>
[2024-05-29T17:09:52.392+0000] {subprocess.py:93} INFO - <pre class="line after"><span class="ws"></span>if __name__ == &#39;__main__&#39;:</pre>
[2024-05-29T17:09:52.398+0000] {subprocess.py:93} INFO - <pre class="line after"><span class="ws">    </span>app.run(host=&#39;0.0.0.0&#39;, port=5000, debug=True)</pre></div>
[2024-05-29T17:09:52.405+0000] {subprocess.py:93} INFO - </div>
[2024-05-29T17:09:52.410+0000] {subprocess.py:93} INFO - </ul>
[2024-05-29T17:09:52.412+0000] {subprocess.py:93} INFO -   <blockquote>NameError: name &#39;last_status&#39; is not defined
[2024-05-29T17:09:52.413+0000] {subprocess.py:93} INFO - </blockquote>
[2024-05-29T17:09:52.417+0000] {subprocess.py:93} INFO - </div>
[2024-05-29T17:09:52.425+0000] {subprocess.py:93} INFO - 
[2024-05-29T17:09:52.430+0000] {subprocess.py:93} INFO - <div class="plain">
[2024-05-29T17:09:52.432+0000] {subprocess.py:93} INFO -     <p>
[2024-05-29T17:09:52.434+0000] {subprocess.py:93} INFO -       This is the Copy/Paste friendly version of the traceback.
[2024-05-29T17:09:52.441+0000] {subprocess.py:93} INFO -     </p>
[2024-05-29T17:09:52.443+0000] {subprocess.py:93} INFO -     <textarea cols="50" rows="10" name="code" readonly>Traceback (most recent call last):
[2024-05-29T17:09:52.445+0000] {subprocess.py:93} INFO -   File &#34;/usr/local/lib/python3.9/site-packages/flask/app.py&#34;, line 1498, in __call__
[2024-05-29T17:09:52.461+0000] {subprocess.py:93} INFO -     return self.wsgi_app(environ, start_response)
[2024-05-29T17:09:52.483+0000] {subprocess.py:93} INFO -   File &#34;/usr/local/lib/python3.9/site-packages/flask/app.py&#34;, line 1476, in wsgi_app
[2024-05-29T17:09:52.487+0000] {subprocess.py:93} INFO -     response = self.handle_exception(e)
[2024-05-29T17:09:52.500+0000] {subprocess.py:93} INFO -   File &#34;/usr/local/lib/python3.9/site-packages/flask/app.py&#34;, line 1473, in wsgi_app
[2024-05-29T17:09:52.501+0000] {subprocess.py:93} INFO -     response = self.full_dispatch_request()
[2024-05-29T17:09:52.517+0000] {subprocess.py:93} INFO -   File &#34;/usr/local/lib/python3.9/site-packages/flask/app.py&#34;, line 882, in full_dispatch_request
[2024-05-29T17:09:52.525+0000] {subprocess.py:93} INFO -     rv = self.handle_user_exception(e)
[2024-05-29T17:09:52.530+0000] {subprocess.py:93} INFO -   File &#34;/usr/local/lib/python3.9/site-packages/flask/app.py&#34;, line 880, in full_dispatch_request
[2024-05-29T17:09:52.545+0000] {subprocess.py:93} INFO -     rv = self.dispatch_request()
[2024-05-29T17:09:52.552+0000] {subprocess.py:93} INFO -   File &#34;/usr/local/lib/python3.9/site-packages/flask/app.py&#34;, line 865, in dispatch_request
[2024-05-29T17:09:52.566+0000] {subprocess.py:93} INFO -     return self.ensure_sync(self.view_functions[rule.endpoint])(**view_args)  # type: ignore[no-any-return]
[2024-05-29T17:09:52.573+0000] {subprocess.py:93} INFO -   File &#34;/app/appflask.py&#34;, line 206, in check_send_status
[2024-05-29T17:09:52.575+0000] {subprocess.py:93} INFO -     return jsonify(last_status)
[2024-05-29T17:09:52.577+0000] {subprocess.py:93} INFO - NameError: name &#39;last_status&#39; is not defined
[2024-05-29T17:09:52.582+0000] {subprocess.py:93} INFO - </textarea>
[2024-05-29T17:09:52.585+0000] {subprocess.py:93} INFO - </div>
[2024-05-29T17:09:52.586+0000] {subprocess.py:93} INFO - <div class="explanation">
[2024-05-29T17:09:52.591+0000] {subprocess.py:93} INFO -   The debugger caught an exception in your WSGI application.  You can now
[2024-05-29T17:09:52.594+0000] {subprocess.py:93} INFO -   look at the traceback which led to the error.  <span class="nojavascript">
[2024-05-29T17:09:52.596+0000] {subprocess.py:93} INFO -   If you enable JavaScript you can also use additional features such as code
[2024-05-29T17:09:52.597+0000] {subprocess.py:93} INFO -   execution (if the evalex feature is enabled), automatic pasting of the
[2024-05-29T17:09:52.598+0000] {subprocess.py:93} INFO -   exceptions and much more.</span>
[2024-05-29T17:09:52.600+0000] {subprocess.py:93} INFO - </div>
[2024-05-29T17:09:52.601+0000] {subprocess.py:93} INFO -       <div class="footer">
[2024-05-29T17:09:52.602+0000] {subprocess.py:93} INFO -         Brought to you by <strong class="arthur">DON'T PANIC</strong>, your
[2024-05-29T17:09:52.603+0000] {subprocess.py:93} INFO -         friendly Werkzeug powered traceback interpreter.
[2024-05-29T17:09:52.605+0000] {subprocess.py:93} INFO -       </div>
[2024-05-29T17:09:52.606+0000] {subprocess.py:93} INFO -     </div>
[2024-05-29T17:09:52.610+0000] {subprocess.py:93} INFO - 
[2024-05-29T17:09:52.612+0000] {subprocess.py:93} INFO -     <div class="pin-prompt">
[2024-05-29T17:09:52.615+0000] {subprocess.py:93} INFO -       <div class="inner">
[2024-05-29T17:09:52.617+0000] {subprocess.py:93} INFO -         <h3>Console Locked</h3>
[2024-05-29T17:09:52.619+0000] {subprocess.py:93} INFO -         <p>
[2024-05-29T17:09:52.621+0000] {subprocess.py:93} INFO -           The console is locked and needs to be unlocked by entering the PIN.
[2024-05-29T17:09:52.622+0000] {subprocess.py:93} INFO -           You can find the PIN printed out on the standard output of your
[2024-05-29T17:09:52.623+0000] {subprocess.py:93} INFO -           shell that runs the server.
[2024-05-29T17:09:52.624+0000] {subprocess.py:93} INFO -         <form>
[2024-05-29T17:09:52.626+0000] {subprocess.py:93} INFO -           <p>PIN:
[2024-05-29T17:09:52.628+0000] {subprocess.py:93} INFO -             <input type=text name=pin size=14>
[2024-05-29T17:09:52.630+0000] {subprocess.py:93} INFO -             <input type=submit name=btn value="Confirm Pin">
[2024-05-29T17:09:52.647+0000] {subprocess.py:93} INFO -         </form>
[2024-05-29T17:09:52.652+0000] {subprocess.py:93} INFO -       </div>
[2024-05-29T17:09:52.664+0000] {subprocess.py:93} INFO -     </div>
[2024-05-29T17:09:52.666+0000] {subprocess.py:93} INFO -   </body>
[2024-05-29T17:09:52.668+0000] {subprocess.py:93} INFO - </html>
[2024-05-29T17:09:52.672+0000] {subprocess.py:93} INFO - 
[2024-05-29T17:09:52.675+0000] {subprocess.py:93} INFO - <!--
[2024-05-29T17:09:52.677+0000] {subprocess.py:93} INFO - 
[2024-05-29T17:09:52.677+0000] {subprocess.py:93} INFO - Traceback (most recent call last):
[2024-05-29T17:09:52.680+0000] {subprocess.py:93} INFO -   File "/usr/local/lib/python3.9/site-packages/flask/app.py", line 1498, in __call__
[2024-05-29T17:09:52.681+0000] {subprocess.py:93} INFO -     return self.wsgi_app(environ, start_response)
[2024-05-29T17:09:52.682+0000] {subprocess.py:93} INFO -   File "/usr/local/lib/python3.9/site-packages/flask/app.py", line 1476, in wsgi_app
[2024-05-29T17:09:52.682+0000] {subprocess.py:93} INFO -     response = self.handle_exception(e)
[2024-05-29T17:09:52.684+0000] {subprocess.py:93} INFO -   File "/usr/local/lib/python3.9/site-packages/flask/app.py", line 1473, in wsgi_app
[2024-05-29T17:09:52.685+0000] {subprocess.py:93} INFO -     response = self.full_dispatch_request()
[2024-05-29T17:09:52.686+0000] {subprocess.py:93} INFO -   File "/usr/local/lib/python3.9/site-packages/flask/app.py", line 882, in full_dispatch_r100 12805  100 12805    0     0  1056k      0 --:--:-- --:--:-- --:--:-- 1136k
[2024-05-29T17:09:52.687+0000] {subprocess.py:93} INFO - equest
[2024-05-29T17:09:52.688+0000] {subprocess.py:93} INFO -     rv = self.handle_user_exception(e)
[2024-05-29T17:09:52.689+0000] {subprocess.py:93} INFO -   File "/usr/local/lib/python3.9/site-packages/flask/app.py", line 880, in full_dispatch_request
[2024-05-29T17:09:52.690+0000] {subprocess.py:93} INFO -     rv = self.dispatch_request()
[2024-05-29T17:09:52.691+0000] {subprocess.py:93} INFO -   File "/usr/local/lib/python3.9/site-packages/flask/app.py", line 865, in dispatch_request
[2024-05-29T17:09:52.691+0000] {subprocess.py:93} INFO -     return self.ensure_sync(self.view_functions[rule.endpoint])(**view_args)  # type: ignore[no-any-return]
[2024-05-29T17:09:52.692+0000] {subprocess.py:93} INFO -   File "/app/appflask.py", line 206, in check_send_status
[2024-05-29T17:09:52.693+0000] {subprocess.py:93} INFO -     return jsonify(last_status)
[2024-05-29T17:09:52.694+0000] {subprocess.py:93} INFO - NameError: name 'last_status' is not defined
[2024-05-29T17:09:52.694+0000] {subprocess.py:93} INFO - 
[2024-05-29T17:09:52.695+0000] {subprocess.py:93} INFO - 
[2024-05-29T17:09:52.702+0000] {subprocess.py:93} INFO - -->
[2024-05-29T17:09:52.703+0000] {subprocess.py:97} INFO - Command exited with return code 0
[2024-05-29T17:09:52.705+0000] {taskinstance.py:441} INFO - ::group::Post task execution logs
[2024-05-29T17:09:52.917+0000] {taskinstance.py:1206} INFO - Marking task as SUCCESS. dag_id=flask_monitoring, task_id=check_flask_health, run_id=scheduled__2024-05-28T01:00:00+00:00, execution_date=20240528T010000, start_date=20240529T170947, end_date=20240529T170952
[2024-05-29T17:09:53.112+0000] {local_task_job_runner.py:240} INFO - Task exited with return code 0
[2024-05-29T17:09:53.206+0000] {taskinstance.py:3498} INFO - 1 downstream tasks scheduled from follow-on schedule check
[2024-05-29T17:09:53.225+0000] {local_task_job_runner.py:222} INFO - ::endgroup::
