[2024-06-01T21:33:36.747+0000] {local_task_job_runner.py:120} INFO - ::group::Pre task execution logs
[2024-06-01T21:33:36.797+0000] {taskinstance.py:2076} INFO - Dependencies all met for dep_context=non-requeueable deps ti=<TaskInstance: dag_with_docker_operator.check_status scheduled__2024-06-01T21:00:00+00:00 [queued]>
[2024-06-01T21:33:36.819+0000] {taskinstance.py:2076} INFO - Dependencies all met for dep_context=requeueable deps ti=<TaskInstance: dag_with_docker_operator.check_status scheduled__2024-06-01T21:00:00+00:00 [queued]>
[2024-06-01T21:33:36.825+0000] {taskinstance.py:2306} INFO - Starting attempt 1 of 2
[2024-06-01T21:33:36.967+0000] {taskinstance.py:2330} INFO - Executing <Task(PythonOperator): check_status> on 2024-06-01 21:00:00+00:00
[2024-06-01T21:33:36.973+0000] {standard_task_runner.py:63} INFO - Started process 912 to run task
[2024-06-01T21:33:36.977+0000] {standard_task_runner.py:90} INFO - Running: ['airflow', 'tasks', 'run', 'dag_with_docker_operator', 'check_status', 'scheduled__2024-06-01T21:00:00+00:00', '--job-id', '842', '--raw', '--subdir', 'DAGS_FOLDER/dag_with_docker_operator.py', '--cfg-path', '/tmp/tmpbij56zm_']
[2024-06-01T21:33:36.979+0000] {standard_task_runner.py:91} INFO - Job 842: Subtask check_status
[2024-06-01T21:33:37.110+0000] {task_command.py:426} INFO - Running <TaskInstance: dag_with_docker_operator.check_status scheduled__2024-06-01T21:00:00+00:00 [running]> on host 9c47fcd741af
[2024-06-01T21:33:37.328+0000] {taskinstance.py:2648} INFO - Exporting env vars: AIRFLOW_CTX_DAG_OWNER='airflow' AIRFLOW_CTX_DAG_ID='dag_with_docker_operator' AIRFLOW_CTX_TASK_ID='check_status' AIRFLOW_CTX_EXECUTION_DATE='2024-06-01T21:00:00+00:00' AIRFLOW_CTX_TRY_NUMBER='1' AIRFLOW_CTX_DAG_RUN_ID='scheduled__2024-06-01T21:00:00+00:00'
[2024-06-01T21:33:37.330+0000] {taskinstance.py:430} INFO - ::endgroup::
[2024-06-01T21:33:37.359+0000] {python.py:237} INFO - Done. Returned value was: {'status': 'success'}
[2024-06-01T21:33:37.361+0000] {taskinstance.py:441} INFO - ::group::Post task execution logs
[2024-06-01T21:33:37.427+0000] {taskinstance.py:1206} INFO - Marking task as SUCCESS. dag_id=dag_with_docker_operator, task_id=check_status, run_id=scheduled__2024-06-01T21:00:00+00:00, execution_date=20240601T210000, start_date=20240601T213336, end_date=20240601T213337
[2024-06-01T21:33:37.511+0000] {local_task_job_runner.py:240} INFO - Task exited with return code 0
[2024-06-01T21:33:37.539+0000] {taskinstance.py:3498} INFO - 0 downstream tasks scheduled from follow-on schedule check
[2024-06-01T21:33:37.542+0000] {local_task_job_runner.py:222} INFO - ::endgroup::
[2024-06-02T11:38:23.343+0000] {local_task_job_runner.py:120} INFO - ::group::Pre task execution logs
[2024-06-02T11:38:23.388+0000] {taskinstance.py:2076} INFO - Dependencies all met for dep_context=non-requeueable deps ti=<TaskInstance: dag_with_docker_operator.check_status scheduled__2024-06-01T21:00:00+00:00 [queued]>
[2024-06-02T11:38:23.408+0000] {taskinstance.py:2076} INFO - Dependencies all met for dep_context=requeueable deps ti=<TaskInstance: dag_with_docker_operator.check_status scheduled__2024-06-01T21:00:00+00:00 [queued]>
[2024-06-02T11:38:23.409+0000] {taskinstance.py:2306} INFO - Starting attempt 1 of 2
[2024-06-02T11:38:23.562+0000] {taskinstance.py:2330} INFO - Executing <Task(PythonOperator): check_status> on 2024-06-01 21:00:00+00:00
[2024-06-02T11:38:23.568+0000] {standard_task_runner.py:63} INFO - Started process 1884 to run task
[2024-06-02T11:38:23.571+0000] {standard_task_runner.py:90} INFO - Running: ['airflow', 'tasks', 'run', 'dag_with_docker_operator', 'check_status', 'scheduled__2024-06-01T21:00:00+00:00', '--job-id', '842', '--raw', '--subdir', 'DAGS_FOLDER/dag_with_docker_operator.py', '--cfg-path', '/tmp/tmpyp0_olxz']
[2024-06-02T11:38:23.573+0000] {standard_task_runner.py:91} INFO - Job 842: Subtask check_status
[2024-06-02T11:38:23.691+0000] {task_command.py:426} INFO - Running <TaskInstance: dag_with_docker_operator.check_status scheduled__2024-06-01T21:00:00+00:00 [running]> on host 9c47fcd741af
[2024-06-02T11:38:23.910+0000] {taskinstance.py:2648} INFO - Exporting env vars: AIRFLOW_CTX_DAG_OWNER='airflow' AIRFLOW_CTX_DAG_ID='dag_with_docker_operator' AIRFLOW_CTX_TASK_ID='check_status' AIRFLOW_CTX_EXECUTION_DATE='2024-06-01T21:00:00+00:00' AIRFLOW_CTX_TRY_NUMBER='1' AIRFLOW_CTX_DAG_RUN_ID='scheduled__2024-06-01T21:00:00+00:00'
[2024-06-02T11:38:23.911+0000] {taskinstance.py:430} INFO - ::endgroup::
[2024-06-02T11:38:23.950+0000] {python.py:237} INFO - Done. Returned value was: {'status': 'failed'}
[2024-06-02T11:38:23.950+0000] {taskinstance.py:441} INFO - ::group::Post task execution logs
[2024-06-02T11:38:24.005+0000] {taskinstance.py:1206} INFO - Marking task as SUCCESS. dag_id=dag_with_docker_operator, task_id=check_status, run_id=scheduled__2024-06-01T21:00:00+00:00, execution_date=20240601T210000, start_date=20240602T113823, end_date=20240602T113824
[2024-06-02T11:38:24.068+0000] {local_task_job_runner.py:240} INFO - Task exited with return code 0
[2024-06-02T11:38:24.096+0000] {taskinstance.py:3498} INFO - 0 downstream tasks scheduled from follow-on schedule check
[2024-06-02T11:38:24.098+0000] {local_task_job_runner.py:222} INFO - ::endgroup::
[2024-06-02T12:35:50.190+0000] {local_task_job_runner.py:120} INFO - ::group::Pre task execution logs
[2024-06-02T12:35:50.304+0000] {taskinstance.py:2076} INFO - Dependencies all met for dep_context=non-requeueable deps ti=<TaskInstance: dag_with_docker_operator.check_status scheduled__2024-06-01T21:00:00+00:00 [queued]>
[2024-06-02T12:35:50.341+0000] {taskinstance.py:2076} INFO - Dependencies all met for dep_context=requeueable deps ti=<TaskInstance: dag_with_docker_operator.check_status scheduled__2024-06-01T21:00:00+00:00 [queued]>
[2024-06-02T12:35:50.342+0000] {taskinstance.py:2306} INFO - Starting attempt 1 of 2
[2024-06-02T12:35:50.458+0000] {taskinstance.py:2330} INFO - Executing <Task(PythonOperator): check_status> on 2024-06-01 21:00:00+00:00
[2024-06-02T12:35:50.473+0000] {standard_task_runner.py:63} INFO - Started process 3417 to run task
[2024-06-02T12:35:50.472+0000] {standard_task_runner.py:90} INFO - Running: ['airflow', 'tasks', 'run', 'dag_with_docker_operator', 'check_status', 'scheduled__2024-06-01T21:00:00+00:00', '--job-id', '884', '--raw', '--subdir', 'DAGS_FOLDER/dag_with_docker_operator.py', '--cfg-path', '/tmp/tmp2pq_mq46']
[2024-06-02T12:35:50.482+0000] {standard_task_runner.py:91} INFO - Job 884: Subtask check_status
[2024-06-02T12:35:50.828+0000] {task_command.py:426} INFO - Running <TaskInstance: dag_with_docker_operator.check_status scheduled__2024-06-01T21:00:00+00:00 [running]> on host 9c47fcd741af
[2024-06-02T12:35:51.149+0000] {taskinstance.py:2648} INFO - Exporting env vars: AIRFLOW_CTX_DAG_OWNER='airflow' AIRFLOW_CTX_DAG_ID='dag_with_docker_operator' AIRFLOW_CTX_TASK_ID='check_status' AIRFLOW_CTX_EXECUTION_DATE='2024-06-01T21:00:00+00:00' AIRFLOW_CTX_TRY_NUMBER='1' AIRFLOW_CTX_DAG_RUN_ID='scheduled__2024-06-01T21:00:00+00:00'
[2024-06-02T12:35:51.150+0000] {taskinstance.py:430} INFO - ::endgroup::
[2024-06-02T12:35:51.173+0000] {taskinstance.py:441} INFO - ::group::Post task execution logs
[2024-06-02T12:35:51.174+0000] {taskinstance.py:2905} ERROR - Task failed with exception
Traceback (most recent call last):
  File "/home/airflow/.local/lib/python3.12/site-packages/airflow/models/taskinstance.py", line 465, in _execute_task
    result = _execute_callable(context=context, **execute_callable_kwargs)
             ^^^^^^^^^^^^^^^^^^^^^^^^^^^^^^^^^^^^^^^^^^^^^^^^^^^^^^^^^^^^^
  File "/home/airflow/.local/lib/python3.12/site-packages/airflow/models/taskinstance.py", line 432, in _execute_callable
    return execute_callable(context=context, **execute_callable_kwargs)
           ^^^^^^^^^^^^^^^^^^^^^^^^^^^^^^^^^^^^^^^^^^^^^^^^^^^^^^^^^^^^
  File "/home/airflow/.local/lib/python3.12/site-packages/airflow/models/baseoperator.py", line 400, in wrapper
    return func(self, *args, **kwargs)
           ^^^^^^^^^^^^^^^^^^^^^^^^^^^
  File "/home/airflow/.local/lib/python3.12/site-packages/airflow/operators/python.py", line 235, in execute
    return_value = self.execute_callable()
                   ^^^^^^^^^^^^^^^^^^^^^^^
  File "/home/airflow/.local/lib/python3.12/site-packages/airflow/operators/python.py", line 252, in execute_callable
    return self.python_callable(*self.op_args, **self.op_kwargs)
           ^^^^^^^^^^^^^^^^^^^^^^^^^^^^^^^^^^^^^^^^^^^^^^^^^^^^^
  File "/opt/airflow/dags/dag_with_docker_operator.py", line 24, in check_send_status
    raise ValueError(f"Request returned non-success status: {response_json.get('status')}")
ValueError: Request returned non-success status: failed
[2024-06-02T12:35:51.198+0000] {taskinstance.py:1206} INFO - Marking task as UP_FOR_RETRY. dag_id=dag_with_docker_operator, task_id=check_status, run_id=scheduled__2024-06-01T21:00:00+00:00, execution_date=20240601T210000, start_date=20240602T123550, end_date=20240602T123551
[2024-06-02T12:35:51.320+0000] {standard_task_runner.py:110} ERROR - Failed to execute job 884 for task check_status (Request returned non-success status: failed; 3417)
[2024-06-02T12:35:51.373+0000] {local_task_job_runner.py:240} INFO - Task exited with return code 1
[2024-06-02T12:35:51.520+0000] {taskinstance.py:3498} INFO - 0 downstream tasks scheduled from follow-on schedule check
[2024-06-02T12:35:51.523+0000] {local_task_job_runner.py:222} INFO - ::endgroup::
