[2024-06-02T10:45:27.586+0000] {local_task_job_runner.py:120} INFO - ::group::Pre task execution logs
[2024-06-02T10:45:27.655+0000] {taskinstance.py:2076} INFO - Dependencies all met for dep_context=non-requeueable deps ti=<TaskInstance: dag_with_docker_operator.check_status scheduled__2024-06-02T06:30:00+00:00 [queued]>
[2024-06-02T10:45:27.690+0000] {taskinstance.py:2076} INFO - Dependencies all met for dep_context=requeueable deps ti=<TaskInstance: dag_with_docker_operator.check_status scheduled__2024-06-02T06:30:00+00:00 [queued]>
[2024-06-02T10:45:27.691+0000] {taskinstance.py:2306} INFO - Starting attempt 1 of 2
[2024-06-02T10:45:27.895+0000] {taskinstance.py:2330} INFO - Executing <Task(PythonOperator): check_status> on 2024-06-02 06:30:00+00:00
[2024-06-02T10:45:27.904+0000] {standard_task_runner.py:63} INFO - Started process 1174 to run task
[2024-06-02T10:45:27.907+0000] {standard_task_runner.py:90} INFO - Running: ['airflow', 'tasks', 'run', 'dag_with_docker_operator', 'check_status', 'scheduled__2024-06-02T06:30:00+00:00', '--job-id', '881', '--raw', '--subdir', 'DAGS_FOLDER/dag_with_docker_operator.py', '--cfg-path', '/tmp/tmp1tspc566']
[2024-06-02T10:45:27.911+0000] {standard_task_runner.py:91} INFO - Job 881: Subtask check_status
[2024-06-02T10:45:28.019+0000] {task_command.py:426} INFO - Running <TaskInstance: dag_with_docker_operator.check_status scheduled__2024-06-02T06:30:00+00:00 [running]> on host 9c47fcd741af
[2024-06-02T10:45:28.229+0000] {taskinstance.py:2648} INFO - Exporting env vars: AIRFLOW_CTX_DAG_OWNER='airflow' AIRFLOW_CTX_DAG_ID='dag_with_docker_operator' AIRFLOW_CTX_TASK_ID='check_status' AIRFLOW_CTX_EXECUTION_DATE='2024-06-02T06:30:00+00:00' AIRFLOW_CTX_TRY_NUMBER='1' AIRFLOW_CTX_DAG_RUN_ID='scheduled__2024-06-02T06:30:00+00:00'
[2024-06-02T10:45:28.231+0000] {taskinstance.py:430} INFO - ::endgroup::
[2024-06-02T10:45:28.263+0000] {python.py:237} INFO - Done. Returned value was: {'status': 'success'}
[2024-06-02T10:45:28.266+0000] {taskinstance.py:441} INFO - ::group::Post task execution logs
[2024-06-02T10:45:28.329+0000] {taskinstance.py:1206} INFO - Marking task as SUCCESS. dag_id=dag_with_docker_operator, task_id=check_status, run_id=scheduled__2024-06-02T06:30:00+00:00, execution_date=20240602T063000, start_date=20240602T104527, end_date=20240602T104528
[2024-06-02T10:45:28.404+0000] {local_task_job_runner.py:240} INFO - Task exited with return code 0
[2024-06-02T10:45:28.429+0000] {taskinstance.py:3498} INFO - 0 downstream tasks scheduled from follow-on schedule check
[2024-06-02T10:45:28.432+0000] {local_task_job_runner.py:222} INFO - ::endgroup::
[2024-06-02T11:45:21.062+0000] {local_task_job_runner.py:120} INFO - ::group::Pre task execution logs
[2024-06-02T11:45:21.107+0000] {taskinstance.py:2076} INFO - Dependencies all met for dep_context=non-requeueable deps ti=<TaskInstance: dag_with_docker_operator.check_status scheduled__2024-06-02T06:30:00+00:00 [queued]>
[2024-06-02T11:45:21.127+0000] {taskinstance.py:2076} INFO - Dependencies all met for dep_context=requeueable deps ti=<TaskInstance: dag_with_docker_operator.check_status scheduled__2024-06-02T06:30:00+00:00 [queued]>
[2024-06-02T11:45:21.128+0000] {taskinstance.py:2306} INFO - Starting attempt 1 of 2
[2024-06-02T11:45:21.262+0000] {taskinstance.py:2330} INFO - Executing <Task(PythonOperator): check_status> on 2024-06-02 06:30:00+00:00
[2024-06-02T11:45:21.268+0000] {standard_task_runner.py:63} INFO - Started process 2099 to run task
[2024-06-02T11:45:21.272+0000] {standard_task_runner.py:90} INFO - Running: ['airflow', 'tasks', 'run', 'dag_with_docker_operator', 'check_status', 'scheduled__2024-06-02T06:30:00+00:00', '--job-id', '881', '--raw', '--subdir', 'DAGS_FOLDER/dag_with_docker_operator.py', '--cfg-path', '/tmp/tmp8s6t8ujg']
[2024-06-02T11:45:21.274+0000] {standard_task_runner.py:91} INFO - Job 881: Subtask check_status
[2024-06-02T11:45:21.380+0000] {task_command.py:426} INFO - Running <TaskInstance: dag_with_docker_operator.check_status scheduled__2024-06-02T06:30:00+00:00 [running]> on host 9c47fcd741af
[2024-06-02T11:45:21.565+0000] {taskinstance.py:2648} INFO - Exporting env vars: AIRFLOW_CTX_DAG_OWNER='airflow' AIRFLOW_CTX_DAG_ID='dag_with_docker_operator' AIRFLOW_CTX_TASK_ID='check_status' AIRFLOW_CTX_EXECUTION_DATE='2024-06-02T06:30:00+00:00' AIRFLOW_CTX_TRY_NUMBER='1' AIRFLOW_CTX_DAG_RUN_ID='scheduled__2024-06-02T06:30:00+00:00'
[2024-06-02T11:45:21.566+0000] {taskinstance.py:430} INFO - ::endgroup::
[2024-06-02T11:45:21.593+0000] {python.py:237} INFO - Done. Returned value was: {'status': 'failed'}
[2024-06-02T11:45:21.594+0000] {taskinstance.py:441} INFO - ::group::Post task execution logs
[2024-06-02T11:45:21.680+0000] {taskinstance.py:1206} INFO - Marking task as SUCCESS. dag_id=dag_with_docker_operator, task_id=check_status, run_id=scheduled__2024-06-02T06:30:00+00:00, execution_date=20240602T063000, start_date=20240602T114521, end_date=20240602T114521
[2024-06-02T11:45:21.769+0000] {local_task_job_runner.py:240} INFO - Task exited with return code 0
[2024-06-02T11:45:21.858+0000] {taskinstance.py:3498} INFO - 0 downstream tasks scheduled from follow-on schedule check
[2024-06-02T11:45:21.861+0000] {local_task_job_runner.py:222} INFO - ::endgroup::
[2024-06-02T12:47:10.889+0000] {local_task_job_runner.py:120} INFO - ::group::Pre task execution logs
[2024-06-02T12:47:10.936+0000] {taskinstance.py:2076} INFO - Dependencies all met for dep_context=non-requeueable deps ti=<TaskInstance: dag_with_docker_operator.check_status scheduled__2024-06-02T06:30:00+00:00 [queued]>
[2024-06-02T12:47:10.955+0000] {taskinstance.py:2076} INFO - Dependencies all met for dep_context=requeueable deps ti=<TaskInstance: dag_with_docker_operator.check_status scheduled__2024-06-02T06:30:00+00:00 [queued]>
[2024-06-02T12:47:10.955+0000] {taskinstance.py:2306} INFO - Starting attempt 1 of 2
[2024-06-02T12:47:11.009+0000] {taskinstance.py:2330} INFO - Executing <Task(PythonOperator): check_status> on 2024-06-02 06:30:00+00:00
[2024-06-02T12:47:11.016+0000] {standard_task_runner.py:63} INFO - Started process 3719 to run task
[2024-06-02T12:47:11.019+0000] {standard_task_runner.py:90} INFO - Running: ['airflow', 'tasks', 'run', 'dag_with_docker_operator', 'check_status', 'scheduled__2024-06-02T06:30:00+00:00', '--job-id', '939', '--raw', '--subdir', 'DAGS_FOLDER/dag_with_docker_operator.py', '--cfg-path', '/tmp/tmpao4rqw1y']
[2024-06-02T12:47:11.021+0000] {standard_task_runner.py:91} INFO - Job 939: Subtask check_status
[2024-06-02T12:47:11.297+0000] {task_command.py:426} INFO - Running <TaskInstance: dag_with_docker_operator.check_status scheduled__2024-06-02T06:30:00+00:00 [running]> on host 9c47fcd741af
[2024-06-02T12:47:11.566+0000] {taskinstance.py:2648} INFO - Exporting env vars: AIRFLOW_CTX_DAG_OWNER='airflow' AIRFLOW_CTX_DAG_ID='dag_with_docker_operator' AIRFLOW_CTX_TASK_ID='check_status' AIRFLOW_CTX_EXECUTION_DATE='2024-06-02T06:30:00+00:00' AIRFLOW_CTX_TRY_NUMBER='1' AIRFLOW_CTX_DAG_RUN_ID='scheduled__2024-06-02T06:30:00+00:00'
[2024-06-02T12:47:11.567+0000] {taskinstance.py:430} INFO - ::endgroup::
[2024-06-02T12:47:11.634+0000] {taskinstance.py:441} INFO - ::group::Post task execution logs
[2024-06-02T12:47:11.643+0000] {taskinstance.py:2905} ERROR - Task failed with exception
Traceback (most recent call last):
  File "/home/airflow/.local/lib/python3.12/site-packages/airflow/models/taskinstance.py", line 465, in _execute_task
    result = _execute_callable(context=context, **execute_callable_kwargs)
             ^^^^^^^^^^^^^^^^^^^^^^^^^^^^^^^^^^^^^^^^^^^^^^^^^^^^^^^^^^^^^
  File "/home/airflow/.local/lib/python3.12/site-packages/airflow/models/taskinstance.py", line 432, in _execute_callable
    return execute_callable(context=context, **execute_callable_kwargs)
           ^^^^^^^^^^^^^^^^^^^^^^^^^^^^^^^^^^^^^^^^^^^^^^^^^^^^^^^^^^^^
  File "/home/airflow/.local/lib/python3.12/site-packages/airflow/models/baseoperator.py", line 400, in wrapper
    return func(self, *args, **kwargs)
           ^^^^^^^^^^^^^^^^^^^^^^^^^^^
  File "/home/airflow/.local/lib/python3.12/site-packages/airflow/operators/python.py", line 235, in execute
    return_value = self.execute_callable()
                   ^^^^^^^^^^^^^^^^^^^^^^^
  File "/home/airflow/.local/lib/python3.12/site-packages/airflow/operators/python.py", line 252, in execute_callable
    return self.python_callable(*self.op_args, **self.op_kwargs)
           ^^^^^^^^^^^^^^^^^^^^^^^^^^^^^^^^^^^^^^^^^^^^^^^^^^^^^
  File "/opt/airflow/dags/dag_with_docker_operator.py", line 24, in check_send_status
    raise ValueError(f"Request returned non-success status: {response_json.get('status')}")
ValueError: Request returned non-success status: failed
[2024-06-02T12:47:11.800+0000] {taskinstance.py:1206} INFO - Marking task as UP_FOR_RETRY. dag_id=dag_with_docker_operator, task_id=check_status, run_id=scheduled__2024-06-02T06:30:00+00:00, execution_date=20240602T063000, start_date=20240602T124710, end_date=20240602T124711
[2024-06-02T12:47:11.969+0000] {standard_task_runner.py:110} ERROR - Failed to execute job 939 for task check_status (Request returned non-success status: failed; 3719)
[2024-06-02T12:47:12.027+0000] {local_task_job_runner.py:240} INFO - Task exited with return code 1
[2024-06-02T12:47:12.169+0000] {taskinstance.py:3498} INFO - 0 downstream tasks scheduled from follow-on schedule check
[2024-06-02T12:47:12.172+0000] {local_task_job_runner.py:222} INFO - ::endgroup::
