[2024-06-02T10:51:24.600+0000] {local_task_job_runner.py:120} INFO - ::group::Pre task execution logs
[2024-06-02T10:51:24.647+0000] {taskinstance.py:2076} INFO - Dependencies all met for dep_context=non-requeueable deps ti=<TaskInstance: dag_with_docker_operator.check_status scheduled__2024-06-02T09:30:00+00:00 [queued]>
[2024-06-02T10:51:24.668+0000] {taskinstance.py:2076} INFO - Dependencies all met for dep_context=requeueable deps ti=<TaskInstance: dag_with_docker_operator.check_status scheduled__2024-06-02T09:30:00+00:00 [queued]>
[2024-06-02T10:51:24.674+0000] {taskinstance.py:2306} INFO - Starting attempt 1 of 2
[2024-06-02T10:51:24.817+0000] {taskinstance.py:2330} INFO - Executing <Task(PythonOperator): check_status> on 2024-06-02 09:30:00+00:00
[2024-06-02T10:51:24.823+0000] {standard_task_runner.py:63} INFO - Started process 1255 to run task
[2024-06-02T10:51:24.827+0000] {standard_task_runner.py:90} INFO - Running: ['airflow', 'tasks', 'run', 'dag_with_docker_operator', 'check_status', 'scheduled__2024-06-02T09:30:00+00:00', '--job-id', '893', '--raw', '--subdir', 'DAGS_FOLDER/dag_with_docker_operator.py', '--cfg-path', '/tmp/tmp0obyyeqd']
[2024-06-02T10:51:24.829+0000] {standard_task_runner.py:91} INFO - Job 893: Subtask check_status
[2024-06-02T10:51:24.943+0000] {task_command.py:426} INFO - Running <TaskInstance: dag_with_docker_operator.check_status scheduled__2024-06-02T09:30:00+00:00 [running]> on host 9c47fcd741af
[2024-06-02T10:51:25.161+0000] {taskinstance.py:2648} INFO - Exporting env vars: AIRFLOW_CTX_DAG_OWNER='airflow' AIRFLOW_CTX_DAG_ID='dag_with_docker_operator' AIRFLOW_CTX_TASK_ID='check_status' AIRFLOW_CTX_EXECUTION_DATE='2024-06-02T09:30:00+00:00' AIRFLOW_CTX_TRY_NUMBER='1' AIRFLOW_CTX_DAG_RUN_ID='scheduled__2024-06-02T09:30:00+00:00'
[2024-06-02T10:51:25.162+0000] {taskinstance.py:430} INFO - ::endgroup::
[2024-06-02T10:51:25.190+0000] {python.py:237} INFO - Done. Returned value was: {'status': 'success'}
[2024-06-02T10:51:25.191+0000] {taskinstance.py:441} INFO - ::group::Post task execution logs
[2024-06-02T10:51:25.259+0000] {taskinstance.py:1206} INFO - Marking task as SUCCESS. dag_id=dag_with_docker_operator, task_id=check_status, run_id=scheduled__2024-06-02T09:30:00+00:00, execution_date=20240602T093000, start_date=20240602T105124, end_date=20240602T105125
[2024-06-02T10:51:25.361+0000] {local_task_job_runner.py:240} INFO - Task exited with return code 0
[2024-06-02T10:51:25.404+0000] {taskinstance.py:3498} INFO - 0 downstream tasks scheduled from follow-on schedule check
[2024-06-02T10:51:25.407+0000] {local_task_job_runner.py:222} INFO - ::endgroup::
[2024-06-02T11:47:37.622+0000] {local_task_job_runner.py:120} INFO - ::group::Pre task execution logs
[2024-06-02T11:47:37.666+0000] {taskinstance.py:2076} INFO - Dependencies all met for dep_context=non-requeueable deps ti=<TaskInstance: dag_with_docker_operator.check_status scheduled__2024-06-02T09:30:00+00:00 [queued]>
[2024-06-02T11:47:37.693+0000] {taskinstance.py:2076} INFO - Dependencies all met for dep_context=requeueable deps ti=<TaskInstance: dag_with_docker_operator.check_status scheduled__2024-06-02T09:30:00+00:00 [queued]>
[2024-06-02T11:47:37.693+0000] {taskinstance.py:2306} INFO - Starting attempt 1 of 2
[2024-06-02T11:47:37.833+0000] {taskinstance.py:2330} INFO - Executing <Task(PythonOperator): check_status> on 2024-06-02 09:30:00+00:00
[2024-06-02T11:47:37.840+0000] {standard_task_runner.py:63} INFO - Started process 2165 to run task
[2024-06-02T11:47:37.843+0000] {standard_task_runner.py:90} INFO - Running: ['airflow', 'tasks', 'run', 'dag_with_docker_operator', 'check_status', 'scheduled__2024-06-02T09:30:00+00:00', '--job-id', '893', '--raw', '--subdir', 'DAGS_FOLDER/dag_with_docker_operator.py', '--cfg-path', '/tmp/tmpyixd26sn']
[2024-06-02T11:47:37.845+0000] {standard_task_runner.py:91} INFO - Job 893: Subtask check_status
[2024-06-02T11:47:37.961+0000] {task_command.py:426} INFO - Running <TaskInstance: dag_with_docker_operator.check_status scheduled__2024-06-02T09:30:00+00:00 [running]> on host 9c47fcd741af
[2024-06-02T11:47:38.176+0000] {taskinstance.py:2648} INFO - Exporting env vars: AIRFLOW_CTX_DAG_OWNER='airflow' AIRFLOW_CTX_DAG_ID='dag_with_docker_operator' AIRFLOW_CTX_TASK_ID='check_status' AIRFLOW_CTX_EXECUTION_DATE='2024-06-02T09:30:00+00:00' AIRFLOW_CTX_TRY_NUMBER='1' AIRFLOW_CTX_DAG_RUN_ID='scheduled__2024-06-02T09:30:00+00:00'
[2024-06-02T11:47:38.177+0000] {taskinstance.py:430} INFO - ::endgroup::
[2024-06-02T11:47:38.218+0000] {taskinstance.py:441} INFO - ::group::Post task execution logs
[2024-06-02T11:47:38.219+0000] {taskinstance.py:2905} ERROR - Task failed with exception
Traceback (most recent call last):
  File "/home/airflow/.local/lib/python3.12/site-packages/airflow/models/taskinstance.py", line 465, in _execute_task
    result = _execute_callable(context=context, **execute_callable_kwargs)
             ^^^^^^^^^^^^^^^^^^^^^^^^^^^^^^^^^^^^^^^^^^^^^^^^^^^^^^^^^^^^^
  File "/home/airflow/.local/lib/python3.12/site-packages/airflow/models/taskinstance.py", line 432, in _execute_callable
    return execute_callable(context=context, **execute_callable_kwargs)
           ^^^^^^^^^^^^^^^^^^^^^^^^^^^^^^^^^^^^^^^^^^^^^^^^^^^^^^^^^^^^
  File "/home/airflow/.local/lib/python3.12/site-packages/airflow/models/baseoperator.py", line 400, in wrapper
    return func(self, *args, **kwargs)
           ^^^^^^^^^^^^^^^^^^^^^^^^^^^
  File "/home/airflow/.local/lib/python3.12/site-packages/airflow/operators/python.py", line 235, in execute
    return_value = self.execute_callable()
                   ^^^^^^^^^^^^^^^^^^^^^^^
  File "/home/airflow/.local/lib/python3.12/site-packages/airflow/operators/python.py", line 252, in execute_callable
    return self.python_callable(*self.op_args, **self.op_kwargs)
           ^^^^^^^^^^^^^^^^^^^^^^^^^^^^^^^^^^^^^^^^^^^^^^^^^^^^^
  File "/opt/airflow/dags/dag_with_docker_operator.py", line 26, in check_send_status
    raise ValueError(f"Task failed with status: {status}")
ValueError: Task failed with status: failed
[2024-06-02T11:47:38.244+0000] {taskinstance.py:1206} INFO - Marking task as UP_FOR_RETRY. dag_id=dag_with_docker_operator, task_id=check_status, run_id=scheduled__2024-06-02T09:30:00+00:00, execution_date=20240602T093000, start_date=20240602T114737, end_date=20240602T114738
[2024-06-02T11:47:38.290+0000] {standard_task_runner.py:110} ERROR - Failed to execute job 893 for task check_status (Task failed with status: failed; 2165)
[2024-06-02T11:47:38.338+0000] {local_task_job_runner.py:240} INFO - Task exited with return code 1
[2024-06-02T11:47:38.362+0000] {taskinstance.py:3498} INFO - 0 downstream tasks scheduled from follow-on schedule check
[2024-06-02T11:47:38.364+0000] {local_task_job_runner.py:222} INFO - ::endgroup::
[2024-06-02T12:52:20.509+0000] {local_task_job_runner.py:120} INFO - ::group::Pre task execution logs
[2024-06-02T12:52:20.555+0000] {taskinstance.py:2076} INFO - Dependencies all met for dep_context=non-requeueable deps ti=<TaskInstance: dag_with_docker_operator.check_status scheduled__2024-06-02T09:30:00+00:00 [queued]>
[2024-06-02T12:52:20.576+0000] {taskinstance.py:2076} INFO - Dependencies all met for dep_context=requeueable deps ti=<TaskInstance: dag_with_docker_operator.check_status scheduled__2024-06-02T09:30:00+00:00 [queued]>
[2024-06-02T12:52:20.576+0000] {taskinstance.py:2306} INFO - Starting attempt 1 of 2
[2024-06-02T12:52:20.629+0000] {taskinstance.py:2330} INFO - Executing <Task(PythonOperator): check_status> on 2024-06-02 09:30:00+00:00
[2024-06-02T12:52:20.635+0000] {standard_task_runner.py:63} INFO - Started process 3845 to run task
[2024-06-02T12:52:20.639+0000] {standard_task_runner.py:90} INFO - Running: ['airflow', 'tasks', 'run', 'dag_with_docker_operator', 'check_status', 'scheduled__2024-06-02T09:30:00+00:00', '--job-id', '962', '--raw', '--subdir', 'DAGS_FOLDER/dag_with_docker_operator.py', '--cfg-path', '/tmp/tmpfrr3x0y4']
[2024-06-02T12:52:20.641+0000] {standard_task_runner.py:91} INFO - Job 962: Subtask check_status
[2024-06-02T12:52:20.904+0000] {task_command.py:426} INFO - Running <TaskInstance: dag_with_docker_operator.check_status scheduled__2024-06-02T09:30:00+00:00 [running]> on host 9c47fcd741af
[2024-06-02T12:52:21.122+0000] {taskinstance.py:2648} INFO - Exporting env vars: AIRFLOW_CTX_DAG_OWNER='airflow' AIRFLOW_CTX_DAG_ID='dag_with_docker_operator' AIRFLOW_CTX_TASK_ID='check_status' AIRFLOW_CTX_EXECUTION_DATE='2024-06-02T09:30:00+00:00' AIRFLOW_CTX_TRY_NUMBER='1' AIRFLOW_CTX_DAG_RUN_ID='scheduled__2024-06-02T09:30:00+00:00'
[2024-06-02T12:52:21.123+0000] {taskinstance.py:430} INFO - ::endgroup::
[2024-06-02T12:52:21.156+0000] {taskinstance.py:441} INFO - ::group::Post task execution logs
[2024-06-02T12:52:21.158+0000] {taskinstance.py:2905} ERROR - Task failed with exception
Traceback (most recent call last):
  File "/home/airflow/.local/lib/python3.12/site-packages/airflow/models/taskinstance.py", line 465, in _execute_task
    result = _execute_callable(context=context, **execute_callable_kwargs)
             ^^^^^^^^^^^^^^^^^^^^^^^^^^^^^^^^^^^^^^^^^^^^^^^^^^^^^^^^^^^^^
  File "/home/airflow/.local/lib/python3.12/site-packages/airflow/models/taskinstance.py", line 432, in _execute_callable
    return execute_callable(context=context, **execute_callable_kwargs)
           ^^^^^^^^^^^^^^^^^^^^^^^^^^^^^^^^^^^^^^^^^^^^^^^^^^^^^^^^^^^^
  File "/home/airflow/.local/lib/python3.12/site-packages/airflow/models/baseoperator.py", line 400, in wrapper
    return func(self, *args, **kwargs)
           ^^^^^^^^^^^^^^^^^^^^^^^^^^^
  File "/home/airflow/.local/lib/python3.12/site-packages/airflow/operators/python.py", line 235, in execute
    return_value = self.execute_callable()
                   ^^^^^^^^^^^^^^^^^^^^^^^
  File "/home/airflow/.local/lib/python3.12/site-packages/airflow/operators/python.py", line 252, in execute_callable
    return self.python_callable(*self.op_args, **self.op_kwargs)
           ^^^^^^^^^^^^^^^^^^^^^^^^^^^^^^^^^^^^^^^^^^^^^^^^^^^^^
  File "/opt/airflow/dags/dag_with_docker_operator.py", line 24, in check_send_status
    raise ValueError(f"Request returned non-success status: {response_json.get('status')}")
ValueError: Request returned non-success status: failed
[2024-06-02T12:52:21.181+0000] {taskinstance.py:1206} INFO - Marking task as UP_FOR_RETRY. dag_id=dag_with_docker_operator, task_id=check_status, run_id=scheduled__2024-06-02T09:30:00+00:00, execution_date=20240602T093000, start_date=20240602T125220, end_date=20240602T125221
[2024-06-02T12:52:21.247+0000] {standard_task_runner.py:110} ERROR - Failed to execute job 962 for task check_status (Request returned non-success status: failed; 3845)
[2024-06-02T12:52:21.293+0000] {local_task_job_runner.py:240} INFO - Task exited with return code 1
[2024-06-02T12:52:21.437+0000] {taskinstance.py:3498} INFO - 0 downstream tasks scheduled from follow-on schedule check
[2024-06-02T12:52:21.440+0000] {local_task_job_runner.py:222} INFO - ::endgroup::
