[2024-06-01T13:07:20.329+0000] {local_task_job_runner.py:120} INFO - ::group::Pre task execution logs
[2024-06-01T13:07:20.385+0000] {taskinstance.py:2076} INFO - Dependencies all met for dep_context=non-requeueable deps ti=<TaskInstance: container_monitoring.monitor_containers manual__2024-06-01T13:07:08.843437+00:00 [queued]>
[2024-06-01T13:07:20.402+0000] {taskinstance.py:2076} INFO - Dependencies all met for dep_context=requeueable deps ti=<TaskInstance: container_monitoring.monitor_containers manual__2024-06-01T13:07:08.843437+00:00 [queued]>
[2024-06-01T13:07:20.402+0000] {taskinstance.py:2306} INFO - Starting attempt 1 of 2
[2024-06-01T13:07:20.450+0000] {taskinstance.py:2330} INFO - Executing <Task(PythonOperator): monitor_containers> on 2024-06-01 13:07:08.843437+00:00
[2024-06-01T13:07:20.456+0000] {standard_task_runner.py:63} INFO - Started process 514 to run task
[2024-06-01T13:07:20.460+0000] {standard_task_runner.py:90} INFO - Running: ['airflow', 'tasks', 'run', 'container_monitoring', 'monitor_containers', 'manual__2024-06-01T13:07:08.843437+00:00', '--job-id', '723', '--raw', '--subdir', 'DAGS_FOLDER/container_monitoring.py', '--cfg-path', '/tmp/tmpxj5ttra6']
[2024-06-01T13:07:20.461+0000] {standard_task_runner.py:91} INFO - Job 723: Subtask monitor_containers
[2024-06-01T13:07:20.714+0000] {task_command.py:426} INFO - Running <TaskInstance: container_monitoring.monitor_containers manual__2024-06-01T13:07:08.843437+00:00 [running]> on host 9c47fcd741af
[2024-06-01T13:07:20.933+0000] {taskinstance.py:2648} INFO - Exporting env vars: AIRFLOW_CTX_DAG_OWNER='airflow' AIRFLOW_CTX_DAG_ID='container_monitoring' AIRFLOW_CTX_TASK_ID='monitor_containers' AIRFLOW_CTX_EXECUTION_DATE='2024-06-01T13:07:08.843437+00:00' AIRFLOW_CTX_TRY_NUMBER='1' AIRFLOW_CTX_DAG_RUN_ID='manual__2024-06-01T13:07:08.843437+00:00'
[2024-06-01T13:07:20.934+0000] {taskinstance.py:430} INFO - ::endgroup::
[2024-06-01T13:07:20.993+0000] {logging_mixin.py:188} INFO - Container composer-zookeeper-1 is running.
[2024-06-01T13:07:20.994+0000] {container_monitoring.py:25} INFO - Container composer-zookeeper-1 is running.
[2024-06-01T13:07:21.018+0000] {logging_mixin.py:188} INFO - Container composer-kafka-1,composer-flask-1, composer-mysql-1 is not running.
[2024-06-01T13:07:21.019+0000] {container_monitoring.py:28} INFO - Container composer-kafka-1,composer-flask-1, composer-mysql-1 is not running.
[2024-06-01T13:07:21.020+0000] {python.py:237} INFO - Done. Returned value was: None
[2024-06-01T13:07:21.020+0000] {taskinstance.py:441} INFO - ::group::Post task execution logs
[2024-06-01T13:07:21.043+0000] {taskinstance.py:1206} INFO - Marking task as SUCCESS. dag_id=container_monitoring, task_id=monitor_containers, run_id=manual__2024-06-01T13:07:08.843437+00:00, execution_date=20240601T130708, start_date=20240601T130720, end_date=20240601T130721
[2024-06-01T13:07:21.115+0000] {local_task_job_runner.py:240} INFO - Task exited with return code 0
[2024-06-01T13:07:21.306+0000] {taskinstance.py:3498} INFO - 0 downstream tasks scheduled from follow-on schedule check
[2024-06-01T13:07:21.309+0000] {local_task_job_runner.py:222} INFO - ::endgroup::
