[2024-06-01T21:28:23.879+0000] {local_task_job_runner.py:120} INFO - ::group::Pre task execution logs
[2024-06-01T21:28:23.932+0000] {taskinstance.py:2076} INFO - Dependencies all met for dep_context=non-requeueable deps ti=<TaskInstance: dag_with_docker_operator.check_status scheduled__2024-06-01T12:00:00+00:00 [queued]>
[2024-06-01T21:28:23.952+0000] {taskinstance.py:2076} INFO - Dependencies all met for dep_context=requeueable deps ti=<TaskInstance: dag_with_docker_operator.check_status scheduled__2024-06-01T12:00:00+00:00 [queued]>
[2024-06-01T21:28:23.953+0000] {taskinstance.py:2306} INFO - Starting attempt 1 of 2
[2024-06-01T21:28:24.161+0000] {taskinstance.py:2330} INFO - Executing <Task(PythonOperator): check_status> on 2024-06-01 12:00:00+00:00
[2024-06-01T21:28:24.173+0000] {standard_task_runner.py:63} INFO - Started process 719 to run task
[2024-06-01T21:28:24.181+0000] {standard_task_runner.py:90} INFO - Running: ['airflow', 'tasks', 'run', 'dag_with_docker_operator', 'check_status', 'scheduled__2024-06-01T12:00:00+00:00', '--job-id', '807', '--raw', '--subdir', 'DAGS_FOLDER/dag_with_docker_operator.py', '--cfg-path', '/tmp/tmpyg39yl26']
[2024-06-01T21:28:24.186+0000] {standard_task_runner.py:91} INFO - Job 807: Subtask check_status
[2024-06-01T21:28:24.595+0000] {task_command.py:426} INFO - Running <TaskInstance: dag_with_docker_operator.check_status scheduled__2024-06-01T12:00:00+00:00 [running]> on host 9c47fcd741af
[2024-06-01T21:28:24.863+0000] {taskinstance.py:2648} INFO - Exporting env vars: AIRFLOW_CTX_DAG_OWNER='airflow' AIRFLOW_CTX_DAG_ID='dag_with_docker_operator' AIRFLOW_CTX_TASK_ID='check_status' AIRFLOW_CTX_EXECUTION_DATE='2024-06-01T12:00:00+00:00' AIRFLOW_CTX_TRY_NUMBER='1' AIRFLOW_CTX_DAG_RUN_ID='scheduled__2024-06-01T12:00:00+00:00'
[2024-06-01T21:28:24.864+0000] {taskinstance.py:430} INFO - ::endgroup::
[2024-06-01T21:28:24.893+0000] {python.py:237} INFO - Done. Returned value was: {'status': 'success'}
[2024-06-01T21:28:24.896+0000] {taskinstance.py:441} INFO - ::group::Post task execution logs
[2024-06-01T21:28:24.967+0000] {taskinstance.py:1206} INFO - Marking task as SUCCESS. dag_id=dag_with_docker_operator, task_id=check_status, run_id=scheduled__2024-06-01T12:00:00+00:00, execution_date=20240601T120000, start_date=20240601T212823, end_date=20240601T212824
[2024-06-01T21:28:25.038+0000] {local_task_job_runner.py:240} INFO - Task exited with return code 0
[2024-06-01T21:28:25.071+0000] {taskinstance.py:3498} INFO - 0 downstream tasks scheduled from follow-on schedule check
[2024-06-01T21:28:25.074+0000] {local_task_job_runner.py:222} INFO - ::endgroup::
[2024-06-02T11:32:37.732+0000] {local_task_job_runner.py:120} INFO - ::group::Pre task execution logs
[2024-06-02T11:32:37.777+0000] {taskinstance.py:2076} INFO - Dependencies all met for dep_context=non-requeueable deps ti=<TaskInstance: dag_with_docker_operator.check_status scheduled__2024-06-01T12:00:00+00:00 [queued]>
[2024-06-02T11:32:37.795+0000] {taskinstance.py:2076} INFO - Dependencies all met for dep_context=requeueable deps ti=<TaskInstance: dag_with_docker_operator.check_status scheduled__2024-06-01T12:00:00+00:00 [queued]>
[2024-06-02T11:32:37.795+0000] {taskinstance.py:2306} INFO - Starting attempt 1 of 2
[2024-06-02T11:32:37.999+0000] {taskinstance.py:2330} INFO - Executing <Task(PythonOperator): check_status> on 2024-06-01 12:00:00+00:00
[2024-06-02T11:32:38.014+0000] {standard_task_runner.py:63} INFO - Started process 1691 to run task
[2024-06-02T11:32:38.019+0000] {standard_task_runner.py:90} INFO - Running: ['airflow', 'tasks', 'run', 'dag_with_docker_operator', 'check_status', 'scheduled__2024-06-01T12:00:00+00:00', '--job-id', '807', '--raw', '--subdir', 'DAGS_FOLDER/dag_with_docker_operator.py', '--cfg-path', '/tmp/tmpyt2tasjh']
[2024-06-02T11:32:38.022+0000] {standard_task_runner.py:91} INFO - Job 807: Subtask check_status
[2024-06-02T11:32:38.217+0000] {task_command.py:426} INFO - Running <TaskInstance: dag_with_docker_operator.check_status scheduled__2024-06-01T12:00:00+00:00 [running]> on host 9c47fcd741af
[2024-06-02T11:32:38.484+0000] {taskinstance.py:2648} INFO - Exporting env vars: AIRFLOW_CTX_DAG_OWNER='airflow' AIRFLOW_CTX_DAG_ID='dag_with_docker_operator' AIRFLOW_CTX_TASK_ID='check_status' AIRFLOW_CTX_EXECUTION_DATE='2024-06-01T12:00:00+00:00' AIRFLOW_CTX_TRY_NUMBER='1' AIRFLOW_CTX_DAG_RUN_ID='scheduled__2024-06-01T12:00:00+00:00'
[2024-06-02T11:32:38.485+0000] {taskinstance.py:430} INFO - ::endgroup::
[2024-06-02T11:32:38.522+0000] {python.py:237} INFO - Done. Returned value was: {'status': 'failed'}
[2024-06-02T11:32:38.523+0000] {taskinstance.py:441} INFO - ::group::Post task execution logs
[2024-06-02T11:32:38.703+0000] {taskinstance.py:1206} INFO - Marking task as SUCCESS. dag_id=dag_with_docker_operator, task_id=check_status, run_id=scheduled__2024-06-01T12:00:00+00:00, execution_date=20240601T120000, start_date=20240602T113237, end_date=20240602T113238
[2024-06-02T11:32:38.795+0000] {local_task_job_runner.py:240} INFO - Task exited with return code 0
[2024-06-02T11:32:38.821+0000] {taskinstance.py:3498} INFO - 0 downstream tasks scheduled from follow-on schedule check
[2024-06-02T11:32:38.826+0000] {local_task_job_runner.py:222} INFO - ::endgroup::
[2024-06-02T12:04:15.114+0000] {local_task_job_runner.py:120} INFO - ::group::Pre task execution logs
[2024-06-02T12:04:15.165+0000] {taskinstance.py:2076} INFO - Dependencies all met for dep_context=non-requeueable deps ti=<TaskInstance: dag_with_docker_operator.check_status scheduled__2024-06-01T12:00:00+00:00 [queued]>
[2024-06-02T12:04:15.182+0000] {taskinstance.py:2076} INFO - Dependencies all met for dep_context=requeueable deps ti=<TaskInstance: dag_with_docker_operator.check_status scheduled__2024-06-01T12:00:00+00:00 [queued]>
[2024-06-02T12:04:15.183+0000] {taskinstance.py:2306} INFO - Starting attempt 1 of 2
[2024-06-02T12:04:15.343+0000] {taskinstance.py:2330} INFO - Executing <Task(PythonOperator): check_status> on 2024-06-01 12:00:00+00:00
[2024-06-02T12:04:15.349+0000] {standard_task_runner.py:63} INFO - Started process 2560 to run task
[2024-06-02T12:04:15.352+0000] {standard_task_runner.py:90} INFO - Running: ['airflow', 'tasks', 'run', 'dag_with_docker_operator', 'check_status', 'scheduled__2024-06-01T12:00:00+00:00', '--job-id', '824', '--raw', '--subdir', 'DAGS_FOLDER/dag_with_docker_operator.py', '--cfg-path', '/tmp/tmpl40ab_f0']
[2024-06-02T12:04:15.354+0000] {standard_task_runner.py:91} INFO - Job 824: Subtask check_status
[2024-06-02T12:04:15.461+0000] {task_command.py:426} INFO - Running <TaskInstance: dag_with_docker_operator.check_status scheduled__2024-06-01T12:00:00+00:00 [running]> on host 9c47fcd741af
[2024-06-02T12:04:15.640+0000] {taskinstance.py:2648} INFO - Exporting env vars: AIRFLOW_CTX_DAG_OWNER='airflow' AIRFLOW_CTX_DAG_ID='dag_with_docker_operator' AIRFLOW_CTX_TASK_ID='check_status' AIRFLOW_CTX_EXECUTION_DATE='2024-06-01T12:00:00+00:00' AIRFLOW_CTX_TRY_NUMBER='1' AIRFLOW_CTX_DAG_RUN_ID='scheduled__2024-06-01T12:00:00+00:00'
[2024-06-02T12:04:15.641+0000] {taskinstance.py:430} INFO - ::endgroup::
[2024-06-02T12:04:15.675+0000] {taskinstance.py:441} INFO - ::group::Post task execution logs
[2024-06-02T12:04:15.677+0000] {taskinstance.py:2905} ERROR - Task failed with exception
Traceback (most recent call last):
  File "/home/airflow/.local/lib/python3.12/site-packages/airflow/models/taskinstance.py", line 465, in _execute_task
    result = _execute_callable(context=context, **execute_callable_kwargs)
             ^^^^^^^^^^^^^^^^^^^^^^^^^^^^^^^^^^^^^^^^^^^^^^^^^^^^^^^^^^^^^
  File "/home/airflow/.local/lib/python3.12/site-packages/airflow/models/taskinstance.py", line 432, in _execute_callable
    return execute_callable(context=context, **execute_callable_kwargs)
           ^^^^^^^^^^^^^^^^^^^^^^^^^^^^^^^^^^^^^^^^^^^^^^^^^^^^^^^^^^^^
  File "/home/airflow/.local/lib/python3.12/site-packages/airflow/models/baseoperator.py", line 400, in wrapper
    return func(self, *args, **kwargs)
           ^^^^^^^^^^^^^^^^^^^^^^^^^^^
  File "/home/airflow/.local/lib/python3.12/site-packages/airflow/operators/python.py", line 235, in execute
    return_value = self.execute_callable()
                   ^^^^^^^^^^^^^^^^^^^^^^^
  File "/home/airflow/.local/lib/python3.12/site-packages/airflow/operators/python.py", line 252, in execute_callable
    return self.python_callable(*self.op_args, **self.op_kwargs)
           ^^^^^^^^^^^^^^^^^^^^^^^^^^^^^^^^^^^^^^^^^^^^^^^^^^^^^
  File "/opt/airflow/dags/dag_with_docker_operator.py", line 24, in check_send_status
    raise ValueError(f"Check send status failed: {result}")
ValueError: Check send status failed: {'status': 'failed'}
[2024-06-02T12:04:15.697+0000] {taskinstance.py:1206} INFO - Marking task as UP_FOR_RETRY. dag_id=dag_with_docker_operator, task_id=check_status, run_id=scheduled__2024-06-01T12:00:00+00:00, execution_date=20240601T120000, start_date=20240602T120415, end_date=20240602T120415
[2024-06-02T12:04:15.749+0000] {standard_task_runner.py:110} ERROR - Failed to execute job 824 for task check_status (Check send status failed: {'status': 'failed'}; 2560)
[2024-06-02T12:04:15.771+0000] {local_task_job_runner.py:240} INFO - Task exited with return code 1
[2024-06-02T12:04:15.798+0000] {taskinstance.py:3498} INFO - 0 downstream tasks scheduled from follow-on schedule check
[2024-06-02T12:04:15.800+0000] {local_task_job_runner.py:222} INFO - ::endgroup::
[2024-06-02T12:23:35.581+0000] {local_task_job_runner.py:120} INFO - ::group::Pre task execution logs
[2024-06-02T12:23:35.662+0000] {taskinstance.py:2076} INFO - Dependencies all met for dep_context=non-requeueable deps ti=<TaskInstance: dag_with_docker_operator.check_status scheduled__2024-06-01T12:00:00+00:00 [queued]>
[2024-06-02T12:23:35.731+0000] {taskinstance.py:2076} INFO - Dependencies all met for dep_context=requeueable deps ti=<TaskInstance: dag_with_docker_operator.check_status scheduled__2024-06-01T12:00:00+00:00 [queued]>
[2024-06-02T12:23:35.733+0000] {taskinstance.py:2306} INFO - Starting attempt 1 of 2
[2024-06-02T12:23:36.040+0000] {taskinstance.py:2330} INFO - Executing <Task(PythonOperator): check_status> on 2024-06-01 12:00:00+00:00
[2024-06-02T12:23:36.053+0000] {standard_task_runner.py:90} INFO - Running: ['airflow', 'tasks', 'run', 'dag_with_docker_operator', 'check_status', 'scheduled__2024-06-01T12:00:00+00:00', '--job-id', '823', '--raw', '--subdir', 'DAGS_FOLDER/dag_with_docker_operator.py', '--cfg-path', '/tmp/tmptgswtg5e']
[2024-06-02T12:23:36.047+0000] {standard_task_runner.py:63} INFO - Started process 3084 to run task
[2024-06-02T12:23:36.061+0000] {standard_task_runner.py:91} INFO - Job 823: Subtask check_status
[2024-06-02T12:23:36.473+0000] {task_command.py:426} INFO - Running <TaskInstance: dag_with_docker_operator.check_status scheduled__2024-06-01T12:00:00+00:00 [running]> on host 9c47fcd741af
[2024-06-02T12:23:36.733+0000] {taskinstance.py:2648} INFO - Exporting env vars: AIRFLOW_CTX_DAG_OWNER='airflow' AIRFLOW_CTX_DAG_ID='dag_with_docker_operator' AIRFLOW_CTX_TASK_ID='check_status' AIRFLOW_CTX_EXECUTION_DATE='2024-06-01T12:00:00+00:00' AIRFLOW_CTX_TRY_NUMBER='1' AIRFLOW_CTX_DAG_RUN_ID='scheduled__2024-06-01T12:00:00+00:00'
[2024-06-02T12:23:36.734+0000] {taskinstance.py:430} INFO - ::endgroup::
[2024-06-02T12:23:36.769+0000] {taskinstance.py:441} INFO - ::group::Post task execution logs
[2024-06-02T12:23:36.783+0000] {taskinstance.py:2905} ERROR - Task failed with exception
Traceback (most recent call last):
  File "/home/airflow/.local/lib/python3.12/site-packages/airflow/models/taskinstance.py", line 465, in _execute_task
    result = _execute_callable(context=context, **execute_callable_kwargs)
             ^^^^^^^^^^^^^^^^^^^^^^^^^^^^^^^^^^^^^^^^^^^^^^^^^^^^^^^^^^^^^
  File "/home/airflow/.local/lib/python3.12/site-packages/airflow/models/taskinstance.py", line 432, in _execute_callable
    return execute_callable(context=context, **execute_callable_kwargs)
           ^^^^^^^^^^^^^^^^^^^^^^^^^^^^^^^^^^^^^^^^^^^^^^^^^^^^^^^^^^^^
  File "/home/airflow/.local/lib/python3.12/site-packages/airflow/models/baseoperator.py", line 400, in wrapper
    return func(self, *args, **kwargs)
           ^^^^^^^^^^^^^^^^^^^^^^^^^^^
  File "/home/airflow/.local/lib/python3.12/site-packages/airflow/operators/python.py", line 235, in execute
    return_value = self.execute_callable()
                   ^^^^^^^^^^^^^^^^^^^^^^^
  File "/home/airflow/.local/lib/python3.12/site-packages/airflow/operators/python.py", line 252, in execute_callable
    return self.python_callable(*self.op_args, **self.op_kwargs)
           ^^^^^^^^^^^^^^^^^^^^^^^^^^^^^^^^^^^^^^^^^^^^^^^^^^^^^
  File "/opt/airflow/dags/dag_with_docker_operator.py", line 24, in check_send_status
    raise ValueError(f"Check send status failed: {result}")
ValueError: Check send status failed: {'status': 'failed'}
[2024-06-02T12:23:36.811+0000] {taskinstance.py:1206} INFO - Marking task as UP_FOR_RETRY. dag_id=dag_with_docker_operator, task_id=check_status, run_id=scheduled__2024-06-01T12:00:00+00:00, execution_date=20240601T120000, start_date=20240602T122335, end_date=20240602T122336
[2024-06-02T12:23:36.897+0000] {standard_task_runner.py:110} ERROR - Failed to execute job 823 for task check_status (Check send status failed: {'status': 'failed'}; 3084)
[2024-06-02T12:23:36.960+0000] {local_task_job_runner.py:240} INFO - Task exited with return code 1
[2024-06-02T12:23:37.170+0000] {taskinstance.py:3498} INFO - 0 downstream tasks scheduled from follow-on schedule check
[2024-06-02T12:23:37.173+0000] {local_task_job_runner.py:222} INFO - ::endgroup::
