[2024-06-01T13:06:18.220+0000] {local_task_job_runner.py:120} INFO - ::group::Pre task execution logs
[2024-06-01T13:06:18.279+0000] {taskinstance.py:2076} INFO - Dependencies all met for dep_context=non-requeueable deps ti=<TaskInstance: container_monitoring.monitor_containers scheduled__2024-06-01T10:00:00+00:00 [queued]>
[2024-06-01T13:06:18.302+0000] {taskinstance.py:2076} INFO - Dependencies all met for dep_context=requeueable deps ti=<TaskInstance: container_monitoring.monitor_containers scheduled__2024-06-01T10:00:00+00:00 [queued]>
[2024-06-01T13:06:18.303+0000] {taskinstance.py:2306} INFO - Starting attempt 1 of 2
[2024-06-01T13:06:18.356+0000] {taskinstance.py:2330} INFO - Executing <Task(PythonOperator): monitor_containers> on 2024-06-01 10:00:00+00:00
[2024-06-01T13:06:18.362+0000] {standard_task_runner.py:63} INFO - Started process 482 to run task
[2024-06-01T13:06:18.365+0000] {standard_task_runner.py:90} INFO - Running: ['airflow', 'tasks', 'run', 'container_monitoring', 'monitor_containers', 'scheduled__2024-06-01T10:00:00+00:00', '--job-id', '717', '--raw', '--subdir', 'DAGS_FOLDER/container_monitoring.py', '--cfg-path', '/tmp/tmp_0yh2lyg']
[2024-06-01T13:06:18.367+0000] {standard_task_runner.py:91} INFO - Job 717: Subtask monitor_containers
[2024-06-01T13:06:18.633+0000] {task_command.py:426} INFO - Running <TaskInstance: container_monitoring.monitor_containers scheduled__2024-06-01T10:00:00+00:00 [running]> on host 9c47fcd741af
[2024-06-01T13:06:18.856+0000] {taskinstance.py:2648} INFO - Exporting env vars: AIRFLOW_CTX_DAG_OWNER='airflow' AIRFLOW_CTX_DAG_ID='container_monitoring' AIRFLOW_CTX_TASK_ID='monitor_containers' AIRFLOW_CTX_EXECUTION_DATE='2024-06-01T10:00:00+00:00' AIRFLOW_CTX_TRY_NUMBER='1' AIRFLOW_CTX_DAG_RUN_ID='scheduled__2024-06-01T10:00:00+00:00'
[2024-06-01T13:06:18.857+0000] {taskinstance.py:430} INFO - ::endgroup::
[2024-06-01T13:06:18.950+0000] {logging_mixin.py:188} INFO - Container composer-zookeeper-1 is running.
[2024-06-01T13:06:18.951+0000] {container_monitoring.py:25} INFO - Container composer-zookeeper-1 is running.
[2024-06-01T13:06:18.989+0000] {logging_mixin.py:188} INFO - Container composer-kafka-1,composer-flask-1, composer-mysql-1 is not running.
[2024-06-01T13:06:18.990+0000] {container_monitoring.py:28} INFO - Container composer-kafka-1,composer-flask-1, composer-mysql-1 is not running.
[2024-06-01T13:06:18.991+0000] {python.py:237} INFO - Done. Returned value was: None
[2024-06-01T13:06:18.992+0000] {taskinstance.py:441} INFO - ::group::Post task execution logs
[2024-06-01T13:06:19.020+0000] {taskinstance.py:1206} INFO - Marking task as SUCCESS. dag_id=container_monitoring, task_id=monitor_containers, run_id=scheduled__2024-06-01T10:00:00+00:00, execution_date=20240601T100000, start_date=20240601T130618, end_date=20240601T130619
[2024-06-01T13:06:19.101+0000] {local_task_job_runner.py:240} INFO - Task exited with return code 0
[2024-06-01T13:06:19.449+0000] {taskinstance.py:3498} INFO - 0 downstream tasks scheduled from follow-on schedule check
[2024-06-01T13:06:19.452+0000] {local_task_job_runner.py:222} INFO - ::endgroup::
