[2024-06-02T12:53:32.831+0000] {local_task_job_runner.py:120} INFO - ::group::Pre task execution logs
[2024-06-02T12:53:32.990+0000] {taskinstance.py:2076} INFO - Dependencies all met for dep_context=non-requeueable deps ti=<TaskInstance: dag_with_docker_operator.execute_get_command_inside_docker scheduled__2024-06-02T11:00:00+00:00 [queued]>
[2024-06-02T12:53:33.043+0000] {taskinstance.py:2076} INFO - Dependencies all met for dep_context=requeueable deps ti=<TaskInstance: dag_with_docker_operator.execute_get_command_inside_docker scheduled__2024-06-02T11:00:00+00:00 [queued]>
[2024-06-02T12:53:33.044+0000] {taskinstance.py:2306} INFO - Starting attempt 1 of 2
[2024-06-02T12:53:33.171+0000] {taskinstance.py:2330} INFO - Executing <Task(DockerOperator): execute_get_command_inside_docker> on 2024-06-02 11:00:00+00:00
[2024-06-02T12:53:33.182+0000] {standard_task_runner.py:63} INFO - Started process 3874 to run task
[2024-06-02T12:53:33.190+0000] {standard_task_runner.py:90} INFO - Running: ['airflow', 'tasks', 'run', 'dag_with_docker_operator', 'execute_get_command_inside_docker', 'scheduled__2024-06-02T11:00:00+00:00', '--job-id', '967', '--raw', '--subdir', 'DAGS_FOLDER/dag_with_docker_operator.py', '--cfg-path', '/tmp/tmp7sfpavzc']
[2024-06-02T12:53:33.192+0000] {standard_task_runner.py:91} INFO - Job 967: Subtask execute_get_command_inside_docker
[2024-06-02T12:53:33.540+0000] {task_command.py:426} INFO - Running <TaskInstance: dag_with_docker_operator.execute_get_command_inside_docker scheduled__2024-06-02T11:00:00+00:00 [running]> on host 9c47fcd741af
[2024-06-02T12:53:33.749+0000] {taskinstance.py:2648} INFO - Exporting env vars: AIRFLOW_CTX_DAG_OWNER='airflow' AIRFLOW_CTX_DAG_ID='dag_with_docker_operator' AIRFLOW_CTX_TASK_ID='execute_get_command_inside_docker' AIRFLOW_CTX_EXECUTION_DATE='2024-06-02T11:00:00+00:00' AIRFLOW_CTX_TRY_NUMBER='1' AIRFLOW_CTX_DAG_RUN_ID='scheduled__2024-06-02T11:00:00+00:00'
[2024-06-02T12:53:33.750+0000] {taskinstance.py:430} INFO - ::endgroup::
[2024-06-02T12:53:33.833+0000] {docker.py:366} INFO - Starting docker container from image composer-flask:latest
[2024-06-02T12:53:33.906+0000] {docker.py:374} WARNING - Using remote engine or docker-in-docker and mounting temporary volume from host is not supported. Falling back to `mount_tmp_dir=False` mode. You can set `mount_tmp_dir` parameter to False to disable mounting and remove the warning
[2024-06-02T12:53:35.945+0000] {docker.py:436} INFO - % Total    % Received % Xferd  Average Speed   Time    Time     Time  Current
                                 Dload  Upload   Total   Spent    Left  Speed
  0     0    0     0    0     0      0      0 --:--:-- --:--:-- --:--:--     0
[2024-06-02T12:53:37.238+0000] {docker.py:436} INFO - 0     0    0     0    0     0      0      0 --:--:--  0:00:01 --:--:--     0
[2024-06-02T12:53:38.238+0000] {docker.py:436} INFO - 0     0    0     0    0     0      0      0 --:--:--  0:00:02 --:--:--     0
[2024-06-02T12:53:38.458+0000] {docker.py:436} INFO - 100   334  100   334    0     0    132      0  0:00:02  0:00:02 --:--:--   132
[2024-06-02T12:53:38.459+0000] {docker.py:436} INFO - <!DOCTYPE html>
<html>
    <head>
        <meta charset="UTF-8" />
        <meta http-equiv="refresh" content="0;url='http://localhost/setup'" />

        <title>Redirecting to http://localhost/setup</title>
    </head>
    <body>
        Redirecting to <a href="http://localhost/setup">http://localhost/setup</a>.
    </body>
</html>
[2024-06-02T12:53:39.226+0000] {taskinstance.py:441} INFO - ::group::Post task execution logs
[2024-06-02T12:53:39.339+0000] {taskinstance.py:1206} INFO - Marking task as SUCCESS. dag_id=dag_with_docker_operator, task_id=execute_get_command_inside_docker, run_id=scheduled__2024-06-02T11:00:00+00:00, execution_date=20240602T110000, start_date=20240602T125332, end_date=20240602T125339
[2024-06-02T12:53:39.443+0000] {local_task_job_runner.py:240} INFO - Task exited with return code 0
[2024-06-02T12:53:39.480+0000] {taskinstance.py:3498} INFO - 1 downstream tasks scheduled from follow-on schedule check
[2024-06-02T12:53:39.538+0000] {local_task_job_runner.py:222} INFO - ::endgroup::
