[2024-06-02T11:00:25.236+0000] {local_task_job_runner.py:120} INFO - ::group::Pre task execution logs
[2024-06-02T11:00:25.295+0000] {taskinstance.py:2076} INFO - Dependencies all met for dep_context=non-requeueable deps ti=<TaskInstance: dag_with_docker_operator.check_status scheduled__2024-06-02T10:30:00+00:00 [queued]>
[2024-06-02T11:00:25.389+0000] {taskinstance.py:2076} INFO - Dependencies all met for dep_context=requeueable deps ti=<TaskInstance: dag_with_docker_operator.check_status scheduled__2024-06-02T10:30:00+00:00 [queued]>
[2024-06-02T11:00:25.393+0000] {taskinstance.py:2306} INFO - Starting attempt 1 of 2
[2024-06-02T11:00:25.745+0000] {taskinstance.py:2330} INFO - Executing <Task(PythonOperator): check_status> on 2024-06-02 10:30:00+00:00
[2024-06-02T11:00:25.749+0000] {standard_task_runner.py:63} INFO - Started process 1314 to run task
[2024-06-02T11:00:25.753+0000] {standard_task_runner.py:90} INFO - Running: ['airflow', 'tasks', 'run', 'dag_with_docker_operator', 'check_status', 'scheduled__2024-06-02T10:30:00+00:00', '--job-id', '898', '--raw', '--subdir', 'DAGS_FOLDER/dag_with_docker_operator.py', '--cfg-path', '/tmp/tmp93pmak18']
[2024-06-02T11:00:25.755+0000] {standard_task_runner.py:91} INFO - Job 898: Subtask check_status
[2024-06-02T11:00:25.987+0000] {task_command.py:426} INFO - Running <TaskInstance: dag_with_docker_operator.check_status scheduled__2024-06-02T10:30:00+00:00 [running]> on host 9c47fcd741af
[2024-06-02T11:00:26.254+0000] {taskinstance.py:2648} INFO - Exporting env vars: AIRFLOW_CTX_DAG_OWNER='airflow' AIRFLOW_CTX_DAG_ID='dag_with_docker_operator' AIRFLOW_CTX_TASK_ID='check_status' AIRFLOW_CTX_EXECUTION_DATE='2024-06-02T10:30:00+00:00' AIRFLOW_CTX_TRY_NUMBER='1' AIRFLOW_CTX_DAG_RUN_ID='scheduled__2024-06-02T10:30:00+00:00'
[2024-06-02T11:00:26.255+0000] {taskinstance.py:430} INFO - ::endgroup::
[2024-06-02T11:00:26.299+0000] {python.py:237} INFO - Done. Returned value was: {'status': 'failed'}
[2024-06-02T11:00:26.300+0000] {taskinstance.py:441} INFO - ::group::Post task execution logs
[2024-06-02T11:00:26.420+0000] {taskinstance.py:1206} INFO - Marking task as SUCCESS. dag_id=dag_with_docker_operator, task_id=check_status, run_id=scheduled__2024-06-02T10:30:00+00:00, execution_date=20240602T103000, start_date=20240602T110025, end_date=20240602T110026
[2024-06-02T11:00:26.488+0000] {local_task_job_runner.py:240} INFO - Task exited with return code 0
[2024-06-02T11:00:26.511+0000] {taskinstance.py:3498} INFO - 0 downstream tasks scheduled from follow-on schedule check
[2024-06-02T11:00:26.513+0000] {local_task_job_runner.py:222} INFO - ::endgroup::
[2024-06-02T12:53:48.267+0000] {local_task_job_runner.py:120} INFO - ::group::Pre task execution logs
[2024-06-02T12:53:48.323+0000] {taskinstance.py:2076} INFO - Dependencies all met for dep_context=non-requeueable deps ti=<TaskInstance: dag_with_docker_operator.check_status scheduled__2024-06-02T10:30:00+00:00 [queued]>
[2024-06-02T12:53:48.342+0000] {taskinstance.py:2076} INFO - Dependencies all met for dep_context=requeueable deps ti=<TaskInstance: dag_with_docker_operator.check_status scheduled__2024-06-02T10:30:00+00:00 [queued]>
[2024-06-02T12:53:48.343+0000] {taskinstance.py:2306} INFO - Starting attempt 1 of 2
[2024-06-02T12:53:48.402+0000] {taskinstance.py:2330} INFO - Executing <Task(PythonOperator): check_status> on 2024-06-02 10:30:00+00:00
[2024-06-02T12:53:48.408+0000] {standard_task_runner.py:63} INFO - Started process 3879 to run task
[2024-06-02T12:53:48.411+0000] {standard_task_runner.py:90} INFO - Running: ['airflow', 'tasks', 'run', 'dag_with_docker_operator', 'check_status', 'scheduled__2024-06-02T10:30:00+00:00', '--job-id', '968', '--raw', '--subdir', 'DAGS_FOLDER/dag_with_docker_operator.py', '--cfg-path', '/tmp/tmphbm7d7pl']
[2024-06-02T12:53:48.421+0000] {standard_task_runner.py:91} INFO - Job 968: Subtask check_status
[2024-06-02T12:53:48.667+0000] {task_command.py:426} INFO - Running <TaskInstance: dag_with_docker_operator.check_status scheduled__2024-06-02T10:30:00+00:00 [running]> on host 9c47fcd741af
[2024-06-02T12:53:48.955+0000] {taskinstance.py:2648} INFO - Exporting env vars: AIRFLOW_CTX_DAG_OWNER='airflow' AIRFLOW_CTX_DAG_ID='dag_with_docker_operator' AIRFLOW_CTX_TASK_ID='check_status' AIRFLOW_CTX_EXECUTION_DATE='2024-06-02T10:30:00+00:00' AIRFLOW_CTX_TRY_NUMBER='1' AIRFLOW_CTX_DAG_RUN_ID='scheduled__2024-06-02T10:30:00+00:00'
[2024-06-02T12:53:48.956+0000] {taskinstance.py:430} INFO - ::endgroup::
[2024-06-02T12:53:49.139+0000] {taskinstance.py:441} INFO - ::group::Post task execution logs
[2024-06-02T12:53:49.140+0000] {taskinstance.py:2905} ERROR - Task failed with exception
Traceback (most recent call last):
  File "/home/airflow/.local/lib/python3.12/site-packages/airflow/models/taskinstance.py", line 465, in _execute_task
    result = _execute_callable(context=context, **execute_callable_kwargs)
             ^^^^^^^^^^^^^^^^^^^^^^^^^^^^^^^^^^^^^^^^^^^^^^^^^^^^^^^^^^^^^
  File "/home/airflow/.local/lib/python3.12/site-packages/airflow/models/taskinstance.py", line 432, in _execute_callable
    return execute_callable(context=context, **execute_callable_kwargs)
           ^^^^^^^^^^^^^^^^^^^^^^^^^^^^^^^^^^^^^^^^^^^^^^^^^^^^^^^^^^^^
  File "/home/airflow/.local/lib/python3.12/site-packages/airflow/models/baseoperator.py", line 400, in wrapper
    return func(self, *args, **kwargs)
           ^^^^^^^^^^^^^^^^^^^^^^^^^^^
  File "/home/airflow/.local/lib/python3.12/site-packages/airflow/operators/python.py", line 235, in execute
    return_value = self.execute_callable()
                   ^^^^^^^^^^^^^^^^^^^^^^^
  File "/home/airflow/.local/lib/python3.12/site-packages/airflow/operators/python.py", line 252, in execute_callable
    return self.python_callable(*self.op_args, **self.op_kwargs)
           ^^^^^^^^^^^^^^^^^^^^^^^^^^^^^^^^^^^^^^^^^^^^^^^^^^^^^
  File "/opt/airflow/dags/dag_with_docker_operator.py", line 24, in check_send_status
    raise ValueError(f"Request returned non-success status: {response_json.get('status')}")
ValueError: Request returned non-success status: failed
[2024-06-02T12:53:49.166+0000] {taskinstance.py:1206} INFO - Marking task as UP_FOR_RETRY. dag_id=dag_with_docker_operator, task_id=check_status, run_id=scheduled__2024-06-02T10:30:00+00:00, execution_date=20240602T103000, start_date=20240602T125348, end_date=20240602T125349
[2024-06-02T12:53:49.306+0000] {standard_task_runner.py:110} ERROR - Failed to execute job 968 for task check_status (Request returned non-success status: failed; 3879)
[2024-06-02T12:53:49.347+0000] {local_task_job_runner.py:240} INFO - Task exited with return code 1
[2024-06-02T12:53:49.560+0000] {taskinstance.py:3498} INFO - 0 downstream tasks scheduled from follow-on schedule check
[2024-06-02T12:53:49.563+0000] {local_task_job_runner.py:222} INFO - ::endgroup::
