[2024-05-30T14:36:55.055+0000] {local_task_job_runner.py:120} INFO - ::group::Pre task execution logs
[2024-05-30T14:36:55.111+0000] {taskinstance.py:2076} INFO - Dependencies all met for dep_context=non-requeueable deps ti=<TaskInstance: monitor_containers.check_kafka scheduled__2023-01-01T06:40:00+00:00 [queued]>
[2024-05-30T14:36:55.128+0000] {taskinstance.py:2076} INFO - Dependencies all met for dep_context=requeueable deps ti=<TaskInstance: monitor_containers.check_kafka scheduled__2023-01-01T06:40:00+00:00 [queued]>
[2024-05-30T14:36:55.378+0000] {taskinstance.py:2306} INFO - Starting attempt 2 of 2
[2024-05-30T14:36:55.777+0000] {taskinstance.py:2330} INFO - Executing <Task(BashOperator): check_kafka> on 2023-01-01 06:40:00+00:00
[2024-05-30T14:36:55.784+0000] {standard_task_runner.py:63} INFO - Started process 2467 to run task
[2024-05-30T14:36:55.788+0000] {standard_task_runner.py:90} INFO - Running: ['airflow', 'tasks', 'run', 'monitor_containers', 'check_kafka', 'scheduled__2023-01-01T06:40:00+00:00', '--job-id', '532', '--raw', '--subdir', 'DAGS_FOLDER/flask_monitoring.py', '--cfg-path', '/tmp/tmprbd3k_ny']
[2024-05-30T14:36:55.792+0000] {standard_task_runner.py:91} INFO - Job 532: Subtask check_kafka
[2024-05-30T14:36:55.942+0000] {task_command.py:426} INFO - Running <TaskInstance: monitor_containers.check_kafka scheduled__2023-01-01T06:40:00+00:00 [running]> on host f708138922bb
[2024-05-30T14:36:56.122+0000] {taskinstance.py:2648} INFO - Exporting env vars: AIRFLOW_CTX_DAG_OWNER='airflow' AIRFLOW_CTX_DAG_ID='monitor_containers' AIRFLOW_CTX_TASK_ID='check_kafka' AIRFLOW_CTX_EXECUTION_DATE='2023-01-01T06:40:00+00:00' AIRFLOW_CTX_TRY_NUMBER='2' AIRFLOW_CTX_DAG_RUN_ID='scheduled__2023-01-01T06:40:00+00:00'
[2024-05-30T14:36:56.123+0000] {taskinstance.py:430} INFO - ::endgroup::
[2024-05-30T14:36:56.142+0000] {subprocess.py:63} INFO - Tmp dir root location: /tmp
[2024-05-30T14:36:56.143+0000] {subprocess.py:75} INFO - Running command: ['/usr/bin/bash', '-c', 'docker ps | grep kafka || exit 1']
[2024-05-30T14:36:56.152+0000] {subprocess.py:86} INFO - Output:
[2024-05-30T14:36:56.185+0000] {subprocess.py:93} INFO - Cannot connect to the Docker daemon at unix:///var/run/docker.sock. Is the docker daemon running?
[2024-05-30T14:36:56.187+0000] {subprocess.py:97} INFO - Command exited with return code 1
[2024-05-30T14:36:56.189+0000] {taskinstance.py:441} INFO - ::group::Post task execution logs
[2024-05-30T14:36:56.216+0000] {taskinstance.py:2905} ERROR - Task failed with exception
Traceback (most recent call last):
  File "/home/airflow/.local/lib/python3.12/site-packages/airflow/models/taskinstance.py", line 465, in _execute_task
    result = _execute_callable(context=context, **execute_callable_kwargs)
             ^^^^^^^^^^^^^^^^^^^^^^^^^^^^^^^^^^^^^^^^^^^^^^^^^^^^^^^^^^^^^
  File "/home/airflow/.local/lib/python3.12/site-packages/airflow/models/taskinstance.py", line 432, in _execute_callable
    return execute_callable(context=context, **execute_callable_kwargs)
           ^^^^^^^^^^^^^^^^^^^^^^^^^^^^^^^^^^^^^^^^^^^^^^^^^^^^^^^^^^^^
  File "/home/airflow/.local/lib/python3.12/site-packages/airflow/models/baseoperator.py", line 400, in wrapper
    return func(self, *args, **kwargs)
           ^^^^^^^^^^^^^^^^^^^^^^^^^^^
  File "/home/airflow/.local/lib/python3.12/site-packages/airflow/operators/bash.py", line 243, in execute
    raise AirflowException(
airflow.exceptions.AirflowException: Bash command failed. The command returned a non-zero exit code 1.
[2024-05-30T14:36:56.226+0000] {taskinstance.py:1206} INFO - Marking task as FAILED. dag_id=monitor_containers, task_id=check_kafka, run_id=scheduled__2023-01-01T06:40:00+00:00, execution_date=20230101T064000, start_date=20240530T143655, end_date=20240530T143656
[2024-05-30T14:36:56.278+0000] {standard_task_runner.py:110} ERROR - Failed to execute job 532 for task check_kafka (Bash command failed. The command returned a non-zero exit code 1.; 2467)
[2024-05-30T14:36:56.324+0000] {local_task_job_runner.py:240} INFO - Task exited with return code 1
[2024-05-30T14:36:56.372+0000] {taskinstance.py:3498} INFO - 0 downstream tasks scheduled from follow-on schedule check
[2024-05-30T14:36:56.406+0000] {local_task_job_runner.py:222} INFO - ::endgroup::
