[2024-06-01T21:19:57.553+0000] {local_task_job_runner.py:120} INFO - ::group::Pre task execution logs
[2024-06-01T21:19:57.611+0000] {taskinstance.py:2076} INFO - Dependencies all met for dep_context=non-requeueable deps ti=<TaskInstance: dag_with_docker_operator.check_status scheduled__2024-06-01T00:00:00+00:00 [queued]>
[2024-06-01T21:19:57.632+0000] {taskinstance.py:2076} INFO - Dependencies all met for dep_context=requeueable deps ti=<TaskInstance: dag_with_docker_operator.check_status scheduled__2024-06-01T00:00:00+00:00 [queued]>
[2024-06-01T21:19:57.633+0000] {taskinstance.py:2306} INFO - Starting attempt 1 of 2
[2024-06-01T21:19:57.779+0000] {taskinstance.py:2330} INFO - Executing <Task(PythonOperator): check_status> on 2024-06-01 00:00:00+00:00
[2024-06-01T21:19:57.786+0000] {standard_task_runner.py:63} INFO - Started process 454 to run task
[2024-06-01T21:19:57.791+0000] {standard_task_runner.py:90} INFO - Running: ['airflow', 'tasks', 'run', 'dag_with_docker_operator', 'check_status', 'scheduled__2024-06-01T00:00:00+00:00', '--job-id', '759', '--raw', '--subdir', 'DAGS_FOLDER/dag_with_docker_operator.py', '--cfg-path', '/tmp/tmpai10239e']
[2024-06-01T21:19:57.794+0000] {standard_task_runner.py:91} INFO - Job 759: Subtask check_status
[2024-06-01T21:19:58.118+0000] {task_command.py:426} INFO - Running <TaskInstance: dag_with_docker_operator.check_status scheduled__2024-06-01T00:00:00+00:00 [running]> on host 9c47fcd741af
[2024-06-01T21:19:58.696+0000] {taskinstance.py:2648} INFO - Exporting env vars: AIRFLOW_CTX_DAG_OWNER='airflow' AIRFLOW_CTX_DAG_ID='dag_with_docker_operator' AIRFLOW_CTX_TASK_ID='check_status' AIRFLOW_CTX_EXECUTION_DATE='2024-06-01T00:00:00+00:00' AIRFLOW_CTX_TRY_NUMBER='1' AIRFLOW_CTX_DAG_RUN_ID='scheduled__2024-06-01T00:00:00+00:00'
[2024-06-01T21:19:58.697+0000] {taskinstance.py:430} INFO - ::endgroup::
[2024-06-01T21:19:58.769+0000] {python.py:237} INFO - Done. Returned value was: {'status': 'success'}
[2024-06-01T21:19:58.779+0000] {taskinstance.py:441} INFO - ::group::Post task execution logs
[2024-06-01T21:19:58.955+0000] {taskinstance.py:1206} INFO - Marking task as SUCCESS. dag_id=dag_with_docker_operator, task_id=check_status, run_id=scheduled__2024-06-01T00:00:00+00:00, execution_date=20240601T000000, start_date=20240601T211957, end_date=20240601T211958
[2024-06-01T21:19:59.153+0000] {local_task_job_runner.py:240} INFO - Task exited with return code 0
[2024-06-01T21:19:59.638+0000] {taskinstance.py:3498} INFO - 0 downstream tasks scheduled from follow-on schedule check
[2024-06-01T21:19:59.646+0000] {local_task_job_runner.py:222} INFO - ::endgroup::
[2024-06-02T11:22:31.036+0000] {local_task_job_runner.py:120} INFO - ::group::Pre task execution logs
[2024-06-02T11:22:31.087+0000] {taskinstance.py:2076} INFO - Dependencies all met for dep_context=non-requeueable deps ti=<TaskInstance: dag_with_docker_operator.check_status scheduled__2024-06-01T00:00:00+00:00 [queued]>
[2024-06-02T11:22:31.105+0000] {taskinstance.py:2076} INFO - Dependencies all met for dep_context=requeueable deps ti=<TaskInstance: dag_with_docker_operator.check_status scheduled__2024-06-01T00:00:00+00:00 [queued]>
[2024-06-02T11:22:31.105+0000] {taskinstance.py:2306} INFO - Starting attempt 1 of 2
[2024-06-02T11:22:31.202+0000] {taskinstance.py:2330} INFO - Executing <Task(PythonOperator): check_status> on 2024-06-01 00:00:00+00:00
[2024-06-02T11:22:31.208+0000] {standard_task_runner.py:63} INFO - Started process 1415 to run task
[2024-06-02T11:22:31.211+0000] {standard_task_runner.py:90} INFO - Running: ['airflow', 'tasks', 'run', 'dag_with_docker_operator', 'check_status', 'scheduled__2024-06-01T00:00:00+00:00', '--job-id', '757', '--raw', '--subdir', 'DAGS_FOLDER/dag_with_docker_operator.py', '--cfg-path', '/tmp/tmp8feov6ru']
[2024-06-02T11:22:31.213+0000] {standard_task_runner.py:91} INFO - Job 757: Subtask check_status
[2024-06-02T11:22:31.513+0000] {task_command.py:426} INFO - Running <TaskInstance: dag_with_docker_operator.check_status scheduled__2024-06-01T00:00:00+00:00 [running]> on host 9c47fcd741af
[2024-06-02T11:22:31.745+0000] {taskinstance.py:2648} INFO - Exporting env vars: AIRFLOW_CTX_DAG_OWNER='airflow' AIRFLOW_CTX_DAG_ID='dag_with_docker_operator' AIRFLOW_CTX_TASK_ID='check_status' AIRFLOW_CTX_EXECUTION_DATE='2024-06-01T00:00:00+00:00' AIRFLOW_CTX_TRY_NUMBER='1' AIRFLOW_CTX_DAG_RUN_ID='scheduled__2024-06-01T00:00:00+00:00'
[2024-06-02T11:22:31.746+0000] {taskinstance.py:430} INFO - ::endgroup::
[2024-06-02T11:22:31.788+0000] {python.py:237} INFO - Done. Returned value was: {'status': 'failed'}
[2024-06-02T11:22:31.789+0000] {taskinstance.py:441} INFO - ::group::Post task execution logs
[2024-06-02T11:22:31.862+0000] {taskinstance.py:1206} INFO - Marking task as SUCCESS. dag_id=dag_with_docker_operator, task_id=check_status, run_id=scheduled__2024-06-01T00:00:00+00:00, execution_date=20240601T000000, start_date=20240602T112231, end_date=20240602T112231
[2024-06-02T11:22:31.990+0000] {local_task_job_runner.py:240} INFO - Task exited with return code 0
[2024-06-02T11:22:32.151+0000] {taskinstance.py:3498} INFO - 0 downstream tasks scheduled from follow-on schedule check
[2024-06-02T11:22:32.153+0000] {local_task_job_runner.py:222} INFO - ::endgroup::
[2024-06-02T11:50:56.716+0000] {local_task_job_runner.py:120} INFO - ::group::Pre task execution logs
[2024-06-02T11:50:56.766+0000] {taskinstance.py:2076} INFO - Dependencies all met for dep_context=non-requeueable deps ti=<TaskInstance: dag_with_docker_operator.check_status scheduled__2024-06-01T00:00:00+00:00 [queued]>
[2024-06-02T11:50:56.784+0000] {taskinstance.py:2076} INFO - Dependencies all met for dep_context=requeueable deps ti=<TaskInstance: dag_with_docker_operator.check_status scheduled__2024-06-01T00:00:00+00:00 [queued]>
[2024-06-02T11:50:56.785+0000] {taskinstance.py:2306} INFO - Starting attempt 1 of 2
[2024-06-02T11:50:56.844+0000] {taskinstance.py:2330} INFO - Executing <Task(PythonOperator): check_status> on 2024-06-01 00:00:00+00:00
[2024-06-02T11:50:56.850+0000] {standard_task_runner.py:63} INFO - Started process 2201 to run task
[2024-06-02T11:50:56.853+0000] {standard_task_runner.py:90} INFO - Running: ['airflow', 'tasks', 'run', 'dag_with_docker_operator', 'check_status', 'scheduled__2024-06-01T00:00:00+00:00', '--job-id', '758', '--raw', '--subdir', 'DAGS_FOLDER/dag_with_docker_operator.py', '--cfg-path', '/tmp/tmpgvvvw3_o']
[2024-06-02T11:50:56.855+0000] {standard_task_runner.py:91} INFO - Job 758: Subtask check_status
[2024-06-02T11:50:57.115+0000] {task_command.py:426} INFO - Running <TaskInstance: dag_with_docker_operator.check_status scheduled__2024-06-01T00:00:00+00:00 [running]> on host 9c47fcd741af
[2024-06-02T11:50:57.528+0000] {taskinstance.py:2648} INFO - Exporting env vars: AIRFLOW_CTX_DAG_OWNER='airflow' AIRFLOW_CTX_DAG_ID='dag_with_docker_operator' AIRFLOW_CTX_TASK_ID='check_status' AIRFLOW_CTX_EXECUTION_DATE='2024-06-01T00:00:00+00:00' AIRFLOW_CTX_TRY_NUMBER='1' AIRFLOW_CTX_DAG_RUN_ID='scheduled__2024-06-01T00:00:00+00:00'
[2024-06-02T11:50:57.530+0000] {taskinstance.py:430} INFO - ::endgroup::
[2024-06-02T11:50:57.598+0000] {taskinstance.py:441} INFO - ::group::Post task execution logs
[2024-06-02T11:50:57.600+0000] {taskinstance.py:2905} ERROR - Task failed with exception
Traceback (most recent call last):
  File "/home/airflow/.local/lib/python3.12/site-packages/airflow/models/taskinstance.py", line 465, in _execute_task
    result = _execute_callable(context=context, **execute_callable_kwargs)
             ^^^^^^^^^^^^^^^^^^^^^^^^^^^^^^^^^^^^^^^^^^^^^^^^^^^^^^^^^^^^^
  File "/home/airflow/.local/lib/python3.12/site-packages/airflow/models/taskinstance.py", line 432, in _execute_callable
    return execute_callable(context=context, **execute_callable_kwargs)
           ^^^^^^^^^^^^^^^^^^^^^^^^^^^^^^^^^^^^^^^^^^^^^^^^^^^^^^^^^^^^
  File "/home/airflow/.local/lib/python3.12/site-packages/airflow/models/baseoperator.py", line 400, in wrapper
    return func(self, *args, **kwargs)
           ^^^^^^^^^^^^^^^^^^^^^^^^^^^
  File "/home/airflow/.local/lib/python3.12/site-packages/airflow/operators/python.py", line 235, in execute
    return_value = self.execute_callable()
                   ^^^^^^^^^^^^^^^^^^^^^^^
  File "/home/airflow/.local/lib/python3.12/site-packages/airflow/operators/python.py", line 252, in execute_callable
    return self.python_callable(*self.op_args, **self.op_kwargs)
           ^^^^^^^^^^^^^^^^^^^^^^^^^^^^^^^^^^^^^^^^^^^^^^^^^^^^^
  File "/opt/airflow/dags/dag_with_docker_operator.py", line 26, in check_send_status
    raise ValueError(f"Task failed with status: {status}")
ValueError: Task failed with status: failed
[2024-06-02T11:50:57.629+0000] {taskinstance.py:1206} INFO - Marking task as UP_FOR_RETRY. dag_id=dag_with_docker_operator, task_id=check_status, run_id=scheduled__2024-06-01T00:00:00+00:00, execution_date=20240601T000000, start_date=20240602T115056, end_date=20240602T115057
[2024-06-02T11:50:57.684+0000] {standard_task_runner.py:110} ERROR - Failed to execute job 758 for task check_status (Task failed with status: failed; 2201)
[2024-06-02T11:50:57.709+0000] {local_task_job_runner.py:240} INFO - Task exited with return code 1
[2024-06-02T11:50:57.848+0000] {taskinstance.py:3498} INFO - 0 downstream tasks scheduled from follow-on schedule check
[2024-06-02T11:50:57.850+0000] {local_task_job_runner.py:222} INFO - ::endgroup::
[2024-06-02T12:12:40.901+0000] {local_task_job_runner.py:120} INFO - ::group::Pre task execution logs
[2024-06-02T12:12:40.956+0000] {taskinstance.py:2076} INFO - Dependencies all met for dep_context=non-requeueable deps ti=<TaskInstance: dag_with_docker_operator.check_status scheduled__2024-06-01T00:00:00+00:00 [queued]>
[2024-06-02T12:12:40.981+0000] {taskinstance.py:2076} INFO - Dependencies all met for dep_context=requeueable deps ti=<TaskInstance: dag_with_docker_operator.check_status scheduled__2024-06-01T00:00:00+00:00 [queued]>
[2024-06-02T12:12:40.983+0000] {taskinstance.py:2306} INFO - Starting attempt 1 of 2
[2024-06-02T12:12:41.041+0000] {taskinstance.py:2330} INFO - Executing <Task(PythonOperator): check_status> on 2024-06-01 00:00:00+00:00
[2024-06-02T12:12:41.047+0000] {standard_task_runner.py:63} INFO - Started process 2724 to run task
[2024-06-02T12:12:41.050+0000] {standard_task_runner.py:90} INFO - Running: ['airflow', 'tasks', 'run', 'dag_with_docker_operator', 'check_status', 'scheduled__2024-06-01T00:00:00+00:00', '--job-id', '758', '--raw', '--subdir', 'DAGS_FOLDER/dag_with_docker_operator.py', '--cfg-path', '/tmp/tmpsnt6iloa']
[2024-06-02T12:12:41.052+0000] {standard_task_runner.py:91} INFO - Job 758: Subtask check_status
[2024-06-02T12:12:41.359+0000] {task_command.py:426} INFO - Running <TaskInstance: dag_with_docker_operator.check_status scheduled__2024-06-01T00:00:00+00:00 [running]> on host 9c47fcd741af
[2024-06-02T12:12:41.642+0000] {taskinstance.py:2648} INFO - Exporting env vars: AIRFLOW_CTX_DAG_OWNER='airflow' AIRFLOW_CTX_DAG_ID='dag_with_docker_operator' AIRFLOW_CTX_TASK_ID='check_status' AIRFLOW_CTX_EXECUTION_DATE='2024-06-01T00:00:00+00:00' AIRFLOW_CTX_TRY_NUMBER='1' AIRFLOW_CTX_DAG_RUN_ID='scheduled__2024-06-01T00:00:00+00:00'
[2024-06-02T12:12:41.643+0000] {taskinstance.py:430} INFO - ::endgroup::
[2024-06-02T12:12:41.687+0000] {taskinstance.py:441} INFO - ::group::Post task execution logs
[2024-06-02T12:12:41.688+0000] {taskinstance.py:2905} ERROR - Task failed with exception
Traceback (most recent call last):
  File "/home/airflow/.local/lib/python3.12/site-packages/airflow/models/taskinstance.py", line 465, in _execute_task
    result = _execute_callable(context=context, **execute_callable_kwargs)
             ^^^^^^^^^^^^^^^^^^^^^^^^^^^^^^^^^^^^^^^^^^^^^^^^^^^^^^^^^^^^^
  File "/home/airflow/.local/lib/python3.12/site-packages/airflow/models/taskinstance.py", line 432, in _execute_callable
    return execute_callable(context=context, **execute_callable_kwargs)
           ^^^^^^^^^^^^^^^^^^^^^^^^^^^^^^^^^^^^^^^^^^^^^^^^^^^^^^^^^^^^
  File "/home/airflow/.local/lib/python3.12/site-packages/airflow/models/baseoperator.py", line 400, in wrapper
    return func(self, *args, **kwargs)
           ^^^^^^^^^^^^^^^^^^^^^^^^^^^
  File "/home/airflow/.local/lib/python3.12/site-packages/airflow/operators/python.py", line 235, in execute
    return_value = self.execute_callable()
                   ^^^^^^^^^^^^^^^^^^^^^^^
  File "/home/airflow/.local/lib/python3.12/site-packages/airflow/operators/python.py", line 252, in execute_callable
    return self.python_callable(*self.op_args, **self.op_kwargs)
           ^^^^^^^^^^^^^^^^^^^^^^^^^^^^^^^^^^^^^^^^^^^^^^^^^^^^^
  File "/opt/airflow/dags/dag_with_docker_operator.py", line 24, in check_send_status
    raise ValueError(f"Check send status failed: {result}")
ValueError: Check send status failed: {'status': 'failed'}
[2024-06-02T12:12:41.718+0000] {taskinstance.py:1206} INFO - Marking task as UP_FOR_RETRY. dag_id=dag_with_docker_operator, task_id=check_status, run_id=scheduled__2024-06-01T00:00:00+00:00, execution_date=20240601T000000, start_date=20240602T121240, end_date=20240602T121241
[2024-06-02T12:12:41.778+0000] {standard_task_runner.py:110} ERROR - Failed to execute job 758 for task check_status (Check send status failed: {'status': 'failed'}; 2724)
[2024-06-02T12:12:41.825+0000] {local_task_job_runner.py:240} INFO - Task exited with return code 1
[2024-06-02T12:12:41.962+0000] {taskinstance.py:3498} INFO - 0 downstream tasks scheduled from follow-on schedule check
[2024-06-02T12:12:41.965+0000] {local_task_job_runner.py:222} INFO - ::endgroup::
