[2024-06-02T10:44:58.757+0000] {local_task_job_runner.py:120} INFO - ::group::Pre task execution logs
[2024-06-02T10:44:58.806+0000] {taskinstance.py:2076} INFO - Dependencies all met for dep_context=non-requeueable deps ti=<TaskInstance: dag_with_docker_operator.check_status scheduled__2024-06-02T06:00:00+00:00 [queued]>
[2024-06-02T10:44:58.830+0000] {taskinstance.py:2076} INFO - Dependencies all met for dep_context=requeueable deps ti=<TaskInstance: dag_with_docker_operator.check_status scheduled__2024-06-02T06:00:00+00:00 [queued]>
[2024-06-02T10:44:58.831+0000] {taskinstance.py:2306} INFO - Starting attempt 1 of 2
[2024-06-02T10:44:58.975+0000] {taskinstance.py:2330} INFO - Executing <Task(PythonOperator): check_status> on 2024-06-02 06:00:00+00:00
[2024-06-02T10:44:58.981+0000] {standard_task_runner.py:63} INFO - Started process 1158 to run task
[2024-06-02T10:44:58.985+0000] {standard_task_runner.py:90} INFO - Running: ['airflow', 'tasks', 'run', 'dag_with_docker_operator', 'check_status', 'scheduled__2024-06-02T06:00:00+00:00', '--job-id', '878', '--raw', '--subdir', 'DAGS_FOLDER/dag_with_docker_operator.py', '--cfg-path', '/tmp/tmp41s5i8p8']
[2024-06-02T10:44:58.987+0000] {standard_task_runner.py:91} INFO - Job 878: Subtask check_status
[2024-06-02T10:44:59.100+0000] {task_command.py:426} INFO - Running <TaskInstance: dag_with_docker_operator.check_status scheduled__2024-06-02T06:00:00+00:00 [running]> on host 9c47fcd741af
[2024-06-02T10:44:59.351+0000] {taskinstance.py:2648} INFO - Exporting env vars: AIRFLOW_CTX_DAG_OWNER='airflow' AIRFLOW_CTX_DAG_ID='dag_with_docker_operator' AIRFLOW_CTX_TASK_ID='check_status' AIRFLOW_CTX_EXECUTION_DATE='2024-06-02T06:00:00+00:00' AIRFLOW_CTX_TRY_NUMBER='1' AIRFLOW_CTX_DAG_RUN_ID='scheduled__2024-06-02T06:00:00+00:00'
[2024-06-02T10:44:59.353+0000] {taskinstance.py:430} INFO - ::endgroup::
[2024-06-02T10:44:59.462+0000] {python.py:237} INFO - Done. Returned value was: {'status': 'success'}
[2024-06-02T10:44:59.468+0000] {taskinstance.py:441} INFO - ::group::Post task execution logs
[2024-06-02T10:44:59.725+0000] {taskinstance.py:1206} INFO - Marking task as SUCCESS. dag_id=dag_with_docker_operator, task_id=check_status, run_id=scheduled__2024-06-02T06:00:00+00:00, execution_date=20240602T060000, start_date=20240602T104458, end_date=20240602T104459
[2024-06-02T10:44:59.851+0000] {local_task_job_runner.py:240} INFO - Task exited with return code 0
[2024-06-02T10:44:59.882+0000] {taskinstance.py:3498} INFO - 0 downstream tasks scheduled from follow-on schedule check
[2024-06-02T10:44:59.884+0000] {local_task_job_runner.py:222} INFO - ::endgroup::
[2024-06-02T11:45:01.503+0000] {local_task_job_runner.py:120} INFO - ::group::Pre task execution logs
[2024-06-02T11:45:01.543+0000] {taskinstance.py:2076} INFO - Dependencies all met for dep_context=non-requeueable deps ti=<TaskInstance: dag_with_docker_operator.check_status scheduled__2024-06-02T06:00:00+00:00 [queued]>
[2024-06-02T11:45:01.563+0000] {taskinstance.py:2076} INFO - Dependencies all met for dep_context=requeueable deps ti=<TaskInstance: dag_with_docker_operator.check_status scheduled__2024-06-02T06:00:00+00:00 [queued]>
[2024-06-02T11:45:01.563+0000] {taskinstance.py:2306} INFO - Starting attempt 1 of 2
[2024-06-02T11:45:01.725+0000] {taskinstance.py:2330} INFO - Executing <Task(PythonOperator): check_status> on 2024-06-02 06:00:00+00:00
[2024-06-02T11:45:01.731+0000] {standard_task_runner.py:63} INFO - Started process 2088 to run task
[2024-06-02T11:45:01.735+0000] {standard_task_runner.py:90} INFO - Running: ['airflow', 'tasks', 'run', 'dag_with_docker_operator', 'check_status', 'scheduled__2024-06-02T06:00:00+00:00', '--job-id', '879', '--raw', '--subdir', 'DAGS_FOLDER/dag_with_docker_operator.py', '--cfg-path', '/tmp/tmpjna2ltek']
[2024-06-02T11:45:01.738+0000] {standard_task_runner.py:91} INFO - Job 879: Subtask check_status
[2024-06-02T11:45:01.841+0000] {task_command.py:426} INFO - Running <TaskInstance: dag_with_docker_operator.check_status scheduled__2024-06-02T06:00:00+00:00 [running]> on host 9c47fcd741af
[2024-06-02T11:45:02.059+0000] {taskinstance.py:2648} INFO - Exporting env vars: AIRFLOW_CTX_DAG_OWNER='airflow' AIRFLOW_CTX_DAG_ID='dag_with_docker_operator' AIRFLOW_CTX_TASK_ID='check_status' AIRFLOW_CTX_EXECUTION_DATE='2024-06-02T06:00:00+00:00' AIRFLOW_CTX_TRY_NUMBER='1' AIRFLOW_CTX_DAG_RUN_ID='scheduled__2024-06-02T06:00:00+00:00'
[2024-06-02T11:45:02.061+0000] {taskinstance.py:430} INFO - ::endgroup::
[2024-06-02T11:45:02.087+0000] {python.py:237} INFO - Done. Returned value was: {'status': 'failed'}
[2024-06-02T11:45:02.089+0000] {taskinstance.py:441} INFO - ::group::Post task execution logs
[2024-06-02T11:45:02.148+0000] {taskinstance.py:1206} INFO - Marking task as SUCCESS. dag_id=dag_with_docker_operator, task_id=check_status, run_id=scheduled__2024-06-02T06:00:00+00:00, execution_date=20240602T060000, start_date=20240602T114501, end_date=20240602T114502
[2024-06-02T11:45:02.229+0000] {local_task_job_runner.py:240} INFO - Task exited with return code 0
[2024-06-02T11:45:02.256+0000] {taskinstance.py:3498} INFO - 0 downstream tasks scheduled from follow-on schedule check
[2024-06-02T11:45:02.258+0000] {local_task_job_runner.py:222} INFO - ::endgroup::
[2024-06-02T12:46:55.496+0000] {local_task_job_runner.py:120} INFO - ::group::Pre task execution logs
[2024-06-02T12:46:55.557+0000] {taskinstance.py:2076} INFO - Dependencies all met for dep_context=non-requeueable deps ti=<TaskInstance: dag_with_docker_operator.check_status scheduled__2024-06-02T06:00:00+00:00 [queued]>
[2024-06-02T12:46:55.574+0000] {taskinstance.py:2076} INFO - Dependencies all met for dep_context=requeueable deps ti=<TaskInstance: dag_with_docker_operator.check_status scheduled__2024-06-02T06:00:00+00:00 [queued]>
[2024-06-02T12:46:55.575+0000] {taskinstance.py:2306} INFO - Starting attempt 1 of 2
[2024-06-02T12:46:55.622+0000] {taskinstance.py:2330} INFO - Executing <Task(PythonOperator): check_status> on 2024-06-02 06:00:00+00:00
[2024-06-02T12:46:55.627+0000] {standard_task_runner.py:63} INFO - Started process 3708 to run task
[2024-06-02T12:46:55.631+0000] {standard_task_runner.py:90} INFO - Running: ['airflow', 'tasks', 'run', 'dag_with_docker_operator', 'check_status', 'scheduled__2024-06-02T06:00:00+00:00', '--job-id', '937', '--raw', '--subdir', 'DAGS_FOLDER/dag_with_docker_operator.py', '--cfg-path', '/tmp/tmph5l1vztn']
[2024-06-02T12:46:55.633+0000] {standard_task_runner.py:91} INFO - Job 937: Subtask check_status
[2024-06-02T12:46:55.916+0000] {task_command.py:426} INFO - Running <TaskInstance: dag_with_docker_operator.check_status scheduled__2024-06-02T06:00:00+00:00 [running]> on host 9c47fcd741af
[2024-06-02T12:46:56.102+0000] {taskinstance.py:2648} INFO - Exporting env vars: AIRFLOW_CTX_DAG_OWNER='airflow' AIRFLOW_CTX_DAG_ID='dag_with_docker_operator' AIRFLOW_CTX_TASK_ID='check_status' AIRFLOW_CTX_EXECUTION_DATE='2024-06-02T06:00:00+00:00' AIRFLOW_CTX_TRY_NUMBER='1' AIRFLOW_CTX_DAG_RUN_ID='scheduled__2024-06-02T06:00:00+00:00'
[2024-06-02T12:46:56.103+0000] {taskinstance.py:430} INFO - ::endgroup::
[2024-06-02T12:46:56.164+0000] {taskinstance.py:441} INFO - ::group::Post task execution logs
[2024-06-02T12:46:56.165+0000] {taskinstance.py:2905} ERROR - Task failed with exception
Traceback (most recent call last):
  File "/home/airflow/.local/lib/python3.12/site-packages/airflow/models/taskinstance.py", line 465, in _execute_task
    result = _execute_callable(context=context, **execute_callable_kwargs)
             ^^^^^^^^^^^^^^^^^^^^^^^^^^^^^^^^^^^^^^^^^^^^^^^^^^^^^^^^^^^^^
  File "/home/airflow/.local/lib/python3.12/site-packages/airflow/models/taskinstance.py", line 432, in _execute_callable
    return execute_callable(context=context, **execute_callable_kwargs)
           ^^^^^^^^^^^^^^^^^^^^^^^^^^^^^^^^^^^^^^^^^^^^^^^^^^^^^^^^^^^^
  File "/home/airflow/.local/lib/python3.12/site-packages/airflow/models/baseoperator.py", line 400, in wrapper
    return func(self, *args, **kwargs)
           ^^^^^^^^^^^^^^^^^^^^^^^^^^^
  File "/home/airflow/.local/lib/python3.12/site-packages/airflow/operators/python.py", line 235, in execute
    return_value = self.execute_callable()
                   ^^^^^^^^^^^^^^^^^^^^^^^
  File "/home/airflow/.local/lib/python3.12/site-packages/airflow/operators/python.py", line 252, in execute_callable
    return self.python_callable(*self.op_args, **self.op_kwargs)
           ^^^^^^^^^^^^^^^^^^^^^^^^^^^^^^^^^^^^^^^^^^^^^^^^^^^^^
  File "/opt/airflow/dags/dag_with_docker_operator.py", line 24, in check_send_status
    raise ValueError(f"Request returned non-success status: {response_json.get('status')}")
ValueError: Request returned non-success status: failed
[2024-06-02T12:46:56.189+0000] {taskinstance.py:1206} INFO - Marking task as UP_FOR_RETRY. dag_id=dag_with_docker_operator, task_id=check_status, run_id=scheduled__2024-06-02T06:00:00+00:00, execution_date=20240602T060000, start_date=20240602T124655, end_date=20240602T124656
[2024-06-02T12:46:56.245+0000] {standard_task_runner.py:110} ERROR - Failed to execute job 937 for task check_status (Request returned non-success status: failed; 3708)
[2024-06-02T12:46:56.286+0000] {local_task_job_runner.py:240} INFO - Task exited with return code 1
[2024-06-02T12:46:56.456+0000] {taskinstance.py:3498} INFO - 0 downstream tasks scheduled from follow-on schedule check
[2024-06-02T12:46:56.459+0000] {local_task_job_runner.py:222} INFO - ::endgroup::
