[2024-06-02T10:39:09.877+0000] {local_task_job_runner.py:120} INFO - ::group::Pre task execution logs
[2024-06-02T10:39:09.930+0000] {taskinstance.py:2076} INFO - Dependencies all met for dep_context=non-requeueable deps ti=<TaskInstance: dag_with_docker_operator.check_status scheduled__2024-06-01T22:00:00+00:00 [queued]>
[2024-06-02T10:39:09.951+0000] {taskinstance.py:2076} INFO - Dependencies all met for dep_context=requeueable deps ti=<TaskInstance: dag_with_docker_operator.check_status scheduled__2024-06-01T22:00:00+00:00 [queued]>
[2024-06-02T10:39:09.952+0000] {taskinstance.py:2306} INFO - Starting attempt 1 of 2
[2024-06-02T10:39:10.132+0000] {taskinstance.py:2330} INFO - Executing <Task(PythonOperator): check_status> on 2024-06-01 22:00:00+00:00
[2024-06-02T10:39:10.140+0000] {standard_task_runner.py:63} INFO - Started process 986 to run task
[2024-06-02T10:39:10.147+0000] {standard_task_runner.py:90} INFO - Running: ['airflow', 'tasks', 'run', 'dag_with_docker_operator', 'check_status', 'scheduled__2024-06-01T22:00:00+00:00', '--job-id', '847', '--raw', '--subdir', 'DAGS_FOLDER/dag_with_docker_operator.py', '--cfg-path', '/tmp/tmpxwtg5lw0']
[2024-06-02T10:39:10.151+0000] {standard_task_runner.py:91} INFO - Job 847: Subtask check_status
[2024-06-02T10:39:10.284+0000] {task_command.py:426} INFO - Running <TaskInstance: dag_with_docker_operator.check_status scheduled__2024-06-01T22:00:00+00:00 [running]> on host 9c47fcd741af
[2024-06-02T10:39:10.651+0000] {taskinstance.py:2648} INFO - Exporting env vars: AIRFLOW_CTX_DAG_OWNER='airflow' AIRFLOW_CTX_DAG_ID='dag_with_docker_operator' AIRFLOW_CTX_TASK_ID='check_status' AIRFLOW_CTX_EXECUTION_DATE='2024-06-01T22:00:00+00:00' AIRFLOW_CTX_TRY_NUMBER='1' AIRFLOW_CTX_DAG_RUN_ID='scheduled__2024-06-01T22:00:00+00:00'
[2024-06-02T10:39:10.653+0000] {taskinstance.py:430} INFO - ::endgroup::
[2024-06-02T10:39:10.753+0000] {python.py:237} INFO - Done. Returned value was: {'status': 'success'}
[2024-06-02T10:39:10.762+0000] {taskinstance.py:441} INFO - ::group::Post task execution logs
[2024-06-02T10:39:11.148+0000] {taskinstance.py:1206} INFO - Marking task as SUCCESS. dag_id=dag_with_docker_operator, task_id=check_status, run_id=scheduled__2024-06-01T22:00:00+00:00, execution_date=20240601T220000, start_date=20240602T103909, end_date=20240602T103911
[2024-06-02T10:39:11.250+0000] {local_task_job_runner.py:240} INFO - Task exited with return code 0
[2024-06-02T10:39:11.290+0000] {taskinstance.py:3498} INFO - 0 downstream tasks scheduled from follow-on schedule check
[2024-06-02T10:39:11.293+0000] {local_task_job_runner.py:222} INFO - ::endgroup::
[2024-06-02T11:39:18.137+0000] {local_task_job_runner.py:120} INFO - ::group::Pre task execution logs
[2024-06-02T11:39:18.183+0000] {taskinstance.py:2076} INFO - Dependencies all met for dep_context=non-requeueable deps ti=<TaskInstance: dag_with_docker_operator.check_status scheduled__2024-06-01T22:00:00+00:00 [queued]>
[2024-06-02T11:39:18.202+0000] {taskinstance.py:2076} INFO - Dependencies all met for dep_context=requeueable deps ti=<TaskInstance: dag_with_docker_operator.check_status scheduled__2024-06-01T22:00:00+00:00 [queued]>
[2024-06-02T11:39:18.203+0000] {taskinstance.py:2306} INFO - Starting attempt 1 of 2
[2024-06-02T11:39:18.345+0000] {taskinstance.py:2330} INFO - Executing <Task(PythonOperator): check_status> on 2024-06-01 22:00:00+00:00
[2024-06-02T11:39:18.353+0000] {standard_task_runner.py:63} INFO - Started process 1911 to run task
[2024-06-02T11:39:18.356+0000] {standard_task_runner.py:90} INFO - Running: ['airflow', 'tasks', 'run', 'dag_with_docker_operator', 'check_status', 'scheduled__2024-06-01T22:00:00+00:00', '--job-id', '847', '--raw', '--subdir', 'DAGS_FOLDER/dag_with_docker_operator.py', '--cfg-path', '/tmp/tmpa_t4_x11']
[2024-06-02T11:39:18.359+0000] {standard_task_runner.py:91} INFO - Job 847: Subtask check_status
[2024-06-02T11:39:18.512+0000] {task_command.py:426} INFO - Running <TaskInstance: dag_with_docker_operator.check_status scheduled__2024-06-01T22:00:00+00:00 [running]> on host 9c47fcd741af
[2024-06-02T11:39:18.778+0000] {taskinstance.py:2648} INFO - Exporting env vars: AIRFLOW_CTX_DAG_OWNER='airflow' AIRFLOW_CTX_DAG_ID='dag_with_docker_operator' AIRFLOW_CTX_TASK_ID='check_status' AIRFLOW_CTX_EXECUTION_DATE='2024-06-01T22:00:00+00:00' AIRFLOW_CTX_TRY_NUMBER='1' AIRFLOW_CTX_DAG_RUN_ID='scheduled__2024-06-01T22:00:00+00:00'
[2024-06-02T11:39:18.780+0000] {taskinstance.py:430} INFO - ::endgroup::
[2024-06-02T11:39:18.818+0000] {python.py:237} INFO - Done. Returned value was: {'status': 'failed'}
[2024-06-02T11:39:18.819+0000] {taskinstance.py:441} INFO - ::group::Post task execution logs
[2024-06-02T11:39:18.934+0000] {taskinstance.py:1206} INFO - Marking task as SUCCESS. dag_id=dag_with_docker_operator, task_id=check_status, run_id=scheduled__2024-06-01T22:00:00+00:00, execution_date=20240601T220000, start_date=20240602T113918, end_date=20240602T113918
[2024-06-02T11:39:19.093+0000] {local_task_job_runner.py:240} INFO - Task exited with return code 0
[2024-06-02T11:39:19.125+0000] {taskinstance.py:3498} INFO - 0 downstream tasks scheduled from follow-on schedule check
[2024-06-02T11:39:19.127+0000] {local_task_job_runner.py:222} INFO - ::endgroup::
[2024-06-02T12:36:48.278+0000] {local_task_job_runner.py:120} INFO - ::group::Pre task execution logs
[2024-06-02T12:36:48.342+0000] {taskinstance.py:2076} INFO - Dependencies all met for dep_context=non-requeueable deps ti=<TaskInstance: dag_with_docker_operator.check_status scheduled__2024-06-01T22:00:00+00:00 [queued]>
[2024-06-02T12:36:48.363+0000] {taskinstance.py:2076} INFO - Dependencies all met for dep_context=requeueable deps ti=<TaskInstance: dag_with_docker_operator.check_status scheduled__2024-06-01T22:00:00+00:00 [queued]>
[2024-06-02T12:36:48.363+0000] {taskinstance.py:2306} INFO - Starting attempt 1 of 2
[2024-06-02T12:36:48.413+0000] {taskinstance.py:2330} INFO - Executing <Task(PythonOperator): check_status> on 2024-06-01 22:00:00+00:00
[2024-06-02T12:36:48.418+0000] {standard_task_runner.py:63} INFO - Started process 3450 to run task
[2024-06-02T12:36:48.421+0000] {standard_task_runner.py:90} INFO - Running: ['airflow', 'tasks', 'run', 'dag_with_docker_operator', 'check_status', 'scheduled__2024-06-01T22:00:00+00:00', '--job-id', '890', '--raw', '--subdir', 'DAGS_FOLDER/dag_with_docker_operator.py', '--cfg-path', '/tmp/tmprk3bwgo5']
[2024-06-02T12:36:48.424+0000] {standard_task_runner.py:91} INFO - Job 890: Subtask check_status
[2024-06-02T12:36:48.668+0000] {task_command.py:426} INFO - Running <TaskInstance: dag_with_docker_operator.check_status scheduled__2024-06-01T22:00:00+00:00 [running]> on host 9c47fcd741af
[2024-06-02T12:36:48.995+0000] {taskinstance.py:2648} INFO - Exporting env vars: AIRFLOW_CTX_DAG_OWNER='airflow' AIRFLOW_CTX_DAG_ID='dag_with_docker_operator' AIRFLOW_CTX_TASK_ID='check_status' AIRFLOW_CTX_EXECUTION_DATE='2024-06-01T22:00:00+00:00' AIRFLOW_CTX_TRY_NUMBER='1' AIRFLOW_CTX_DAG_RUN_ID='scheduled__2024-06-01T22:00:00+00:00'
[2024-06-02T12:36:48.996+0000] {taskinstance.py:430} INFO - ::endgroup::
[2024-06-02T12:36:49.030+0000] {taskinstance.py:441} INFO - ::group::Post task execution logs
[2024-06-02T12:36:49.031+0000] {taskinstance.py:2905} ERROR - Task failed with exception
Traceback (most recent call last):
  File "/home/airflow/.local/lib/python3.12/site-packages/airflow/models/taskinstance.py", line 465, in _execute_task
    result = _execute_callable(context=context, **execute_callable_kwargs)
             ^^^^^^^^^^^^^^^^^^^^^^^^^^^^^^^^^^^^^^^^^^^^^^^^^^^^^^^^^^^^^
  File "/home/airflow/.local/lib/python3.12/site-packages/airflow/models/taskinstance.py", line 432, in _execute_callable
    return execute_callable(context=context, **execute_callable_kwargs)
           ^^^^^^^^^^^^^^^^^^^^^^^^^^^^^^^^^^^^^^^^^^^^^^^^^^^^^^^^^^^^
  File "/home/airflow/.local/lib/python3.12/site-packages/airflow/models/baseoperator.py", line 400, in wrapper
    return func(self, *args, **kwargs)
           ^^^^^^^^^^^^^^^^^^^^^^^^^^^
  File "/home/airflow/.local/lib/python3.12/site-packages/airflow/operators/python.py", line 235, in execute
    return_value = self.execute_callable()
                   ^^^^^^^^^^^^^^^^^^^^^^^
  File "/home/airflow/.local/lib/python3.12/site-packages/airflow/operators/python.py", line 252, in execute_callable
    return self.python_callable(*self.op_args, **self.op_kwargs)
           ^^^^^^^^^^^^^^^^^^^^^^^^^^^^^^^^^^^^^^^^^^^^^^^^^^^^^
  File "/opt/airflow/dags/dag_with_docker_operator.py", line 24, in check_send_status
    raise ValueError(f"Request returned non-success status: {response_json.get('status')}")
ValueError: Request returned non-success status: failed
[2024-06-02T12:36:49.062+0000] {taskinstance.py:1206} INFO - Marking task as UP_FOR_RETRY. dag_id=dag_with_docker_operator, task_id=check_status, run_id=scheduled__2024-06-01T22:00:00+00:00, execution_date=20240601T220000, start_date=20240602T123648, end_date=20240602T123649
[2024-06-02T12:36:49.127+0000] {standard_task_runner.py:110} ERROR - Failed to execute job 890 for task check_status (Request returned non-success status: failed; 3450)
[2024-06-02T12:36:49.156+0000] {local_task_job_runner.py:240} INFO - Task exited with return code 1
[2024-06-02T12:36:49.328+0000] {taskinstance.py:3498} INFO - 0 downstream tasks scheduled from follow-on schedule check
[2024-06-02T12:36:49.330+0000] {local_task_job_runner.py:222} INFO - ::endgroup::
