[2024-05-29T10:52:28.699+0000] {local_task_job_runner.py:120} INFO - ::group::Pre task execution logs
[2024-05-29T10:52:28.749+0000] {taskinstance.py:2076} INFO - Dependencies all met for dep_context=non-requeueable deps ti=<TaskInstance: check_send_status_dag.check_status scheduled__2023-01-01T04:50:00+00:00 [queued]>
[2024-05-29T10:52:28.770+0000] {taskinstance.py:2076} INFO - Dependencies all met for dep_context=requeueable deps ti=<TaskInstance: check_send_status_dag.check_status scheduled__2023-01-01T04:50:00+00:00 [queued]>
[2024-05-29T10:52:28.771+0000] {taskinstance.py:2306} INFO - Starting attempt 1 of 2
[2024-05-29T10:52:28.822+0000] {taskinstance.py:2330} INFO - Executing <Task(PythonOperator): check_status> on 2023-01-01 04:50:00+00:00
[2024-05-29T10:52:28.829+0000] {standard_task_runner.py:63} INFO - Started process 314 to run task
[2024-05-29T10:52:28.832+0000] {standard_task_runner.py:90} INFO - Running: ['airflow', 'tasks', 'run', 'check_send_status_dag', 'check_status', 'scheduled__2023-01-01T04:50:00+00:00', '--job-id', '53', '--raw', '--subdir', 'DAGS_FOLDER/check_send_status_dag.py', '--cfg-path', '/tmp/tmp5b267w_v']
[2024-05-29T10:52:28.834+0000] {standard_task_runner.py:91} INFO - Job 53: Subtask check_status
[2024-05-29T10:52:28.949+0000] {task_command.py:426} INFO - Running <TaskInstance: check_send_status_dag.check_status scheduled__2023-01-01T04:50:00+00:00 [running]> on host f708138922bb
[2024-05-29T10:52:29.169+0000] {taskinstance.py:2648} INFO - Exporting env vars: AIRFLOW_CTX_DAG_OWNER='airflow' AIRFLOW_CTX_DAG_ID='check_send_status_dag' AIRFLOW_CTX_TASK_ID='check_status' AIRFLOW_CTX_EXECUTION_DATE='2023-01-01T04:50:00+00:00' AIRFLOW_CTX_TRY_NUMBER='1' AIRFLOW_CTX_DAG_RUN_ID='scheduled__2023-01-01T04:50:00+00:00'
[2024-05-29T10:52:29.170+0000] {taskinstance.py:430} INFO - ::endgroup::
[2024-05-29T10:52:29.655+0000] {check_send_status_dag.py:15} ERROR - Error fetching status: 404 Client Error: Not Found for url: http://host.docker.internal/check_send_status
[2024-05-29T10:52:29.659+0000] {taskinstance.py:441} INFO - ::group::Post task execution logs
[2024-05-29T10:52:29.665+0000] {taskinstance.py:2905} ERROR - Task failed with exception
Traceback (most recent call last):
  File "/home/airflow/.local/lib/python3.12/site-packages/airflow/models/taskinstance.py", line 465, in _execute_task
    result = _execute_callable(context=context, **execute_callable_kwargs)
             ^^^^^^^^^^^^^^^^^^^^^^^^^^^^^^^^^^^^^^^^^^^^^^^^^^^^^^^^^^^^^
  File "/home/airflow/.local/lib/python3.12/site-packages/airflow/models/taskinstance.py", line 432, in _execute_callable
    return execute_callable(context=context, **execute_callable_kwargs)
           ^^^^^^^^^^^^^^^^^^^^^^^^^^^^^^^^^^^^^^^^^^^^^^^^^^^^^^^^^^^^
  File "/home/airflow/.local/lib/python3.12/site-packages/airflow/models/baseoperator.py", line 400, in wrapper
    return func(self, *args, **kwargs)
           ^^^^^^^^^^^^^^^^^^^^^^^^^^^
  File "/home/airflow/.local/lib/python3.12/site-packages/airflow/operators/python.py", line 235, in execute
    return_value = self.execute_callable()
                   ^^^^^^^^^^^^^^^^^^^^^^^
  File "/home/airflow/.local/lib/python3.12/site-packages/airflow/operators/python.py", line 252, in execute_callable
    return self.python_callable(*self.op_args, **self.op_kwargs)
           ^^^^^^^^^^^^^^^^^^^^^^^^^^^^^^^^^^^^^^^^^^^^^^^^^^^^^
  File "/opt/airflow/dags/check_send_status_dag.py", line 11, in check_send_status
    response.raise_for_status()
  File "/home/airflow/.local/lib/python3.12/site-packages/requests/models.py", line 1021, in raise_for_status
    raise HTTPError(http_error_msg, response=self)
requests.exceptions.HTTPError: 404 Client Error: Not Found for url: http://host.docker.internal/check_send_status
[2024-05-29T10:52:29.744+0000] {taskinstance.py:1206} INFO - Marking task as UP_FOR_RETRY. dag_id=check_send_status_dag, task_id=check_status, run_id=scheduled__2023-01-01T04:50:00+00:00, execution_date=20230101T045000, start_date=20240529T105228, end_date=20240529T105229
[2024-05-29T10:52:29.810+0000] {standard_task_runner.py:110} ERROR - Failed to execute job 53 for task check_status (404 Client Error: Not Found for url: http://host.docker.internal/check_send_status; 314)
[2024-05-29T10:52:29.849+0000] {local_task_job_runner.py:240} INFO - Task exited with return code 1
[2024-05-29T10:52:29.940+0000] {taskinstance.py:3498} INFO - 0 downstream tasks scheduled from follow-on schedule check
[2024-05-29T10:52:29.949+0000] {local_task_job_runner.py:222} INFO - ::endgroup::
[2024-05-29T14:30:59.821+0000] {local_task_job_runner.py:120} INFO - ::group::Pre task execution logs
[2024-05-29T14:31:00.128+0000] {taskinstance.py:2076} INFO - Dependencies all met for dep_context=non-requeueable deps ti=<TaskInstance: check_send_status_dag.check_status scheduled__2023-01-01T04:50:00+00:00 [queued]>
[2024-05-29T14:31:00.437+0000] {taskinstance.py:2076} INFO - Dependencies all met for dep_context=requeueable deps ti=<TaskInstance: check_send_status_dag.check_status scheduled__2023-01-01T04:50:00+00:00 [queued]>
[2024-05-29T14:31:00.446+0000] {taskinstance.py:2306} INFO - Starting attempt 1 of 2
[2024-05-29T14:31:00.617+0000] {taskinstance.py:2330} INFO - Executing <Task(PythonOperator): check_status> on 2023-01-01 04:50:00+00:00
[2024-05-29T14:31:00.626+0000] {standard_task_runner.py:63} INFO - Started process 1485 to run task
[2024-05-29T14:31:00.631+0000] {standard_task_runner.py:90} INFO - Running: ['airflow', 'tasks', 'run', 'check_send_status_dag', 'check_status', 'scheduled__2023-01-01T04:50:00+00:00', '--job-id', '58', '--raw', '--subdir', 'DAGS_FOLDER/check_send_status_dag.py', '--cfg-path', '/tmp/tmpp_zmqxr6']
[2024-05-29T14:31:00.641+0000] {standard_task_runner.py:91} INFO - Job 58: Subtask check_status
[2024-05-29T14:31:00.802+0000] {task_command.py:426} INFO - Running <TaskInstance: check_send_status_dag.check_status scheduled__2023-01-01T04:50:00+00:00 [running]> on host f708138922bb
[2024-05-29T14:31:01.188+0000] {taskinstance.py:2648} INFO - Exporting env vars: AIRFLOW_CTX_DAG_OWNER='airflow' AIRFLOW_CTX_DAG_ID='check_send_status_dag' AIRFLOW_CTX_TASK_ID='check_status' AIRFLOW_CTX_EXECUTION_DATE='2023-01-01T04:50:00+00:00' AIRFLOW_CTX_TRY_NUMBER='1' AIRFLOW_CTX_DAG_RUN_ID='scheduled__2023-01-01T04:50:00+00:00'
[2024-05-29T14:31:01.191+0000] {taskinstance.py:430} INFO - ::endgroup::
[2024-05-29T14:31:01.263+0000] {check_send_status_dag.py:15} ERROR - Error fetching status: 500 Server Error: INTERNAL SERVER ERROR for url: http://flask:5000/check_send_status
[2024-05-29T14:31:01.264+0000] {taskinstance.py:441} INFO - ::group::Post task execution logs
[2024-05-29T14:31:01.265+0000] {taskinstance.py:2905} ERROR - Task failed with exception
Traceback (most recent call last):
  File "/home/airflow/.local/lib/python3.12/site-packages/airflow/models/taskinstance.py", line 465, in _execute_task
    result = _execute_callable(context=context, **execute_callable_kwargs)
             ^^^^^^^^^^^^^^^^^^^^^^^^^^^^^^^^^^^^^^^^^^^^^^^^^^^^^^^^^^^^^
  File "/home/airflow/.local/lib/python3.12/site-packages/airflow/models/taskinstance.py", line 432, in _execute_callable
    return execute_callable(context=context, **execute_callable_kwargs)
           ^^^^^^^^^^^^^^^^^^^^^^^^^^^^^^^^^^^^^^^^^^^^^^^^^^^^^^^^^^^^
  File "/home/airflow/.local/lib/python3.12/site-packages/airflow/models/baseoperator.py", line 400, in wrapper
    return func(self, *args, **kwargs)
           ^^^^^^^^^^^^^^^^^^^^^^^^^^^
  File "/home/airflow/.local/lib/python3.12/site-packages/airflow/operators/python.py", line 235, in execute
    return_value = self.execute_callable()
                   ^^^^^^^^^^^^^^^^^^^^^^^
  File "/home/airflow/.local/lib/python3.12/site-packages/airflow/operators/python.py", line 252, in execute_callable
    return self.python_callable(*self.op_args, **self.op_kwargs)
           ^^^^^^^^^^^^^^^^^^^^^^^^^^^^^^^^^^^^^^^^^^^^^^^^^^^^^
  File "/opt/airflow/dags/check_send_status_dag.py", line 11, in check_send_status
    response.raise_for_status()
  File "/home/airflow/.local/lib/python3.12/site-packages/requests/models.py", line 1021, in raise_for_status
    raise HTTPError(http_error_msg, response=self)
requests.exceptions.HTTPError: 500 Server Error: INTERNAL SERVER ERROR for url: http://flask:5000/check_send_status
[2024-05-29T14:31:01.303+0000] {taskinstance.py:1206} INFO - Marking task as UP_FOR_RETRY. dag_id=check_send_status_dag, task_id=check_status, run_id=scheduled__2023-01-01T04:50:00+00:00, execution_date=20230101T045000, start_date=20240529T143100, end_date=20240529T143101
[2024-05-29T14:31:01.398+0000] {standard_task_runner.py:110} ERROR - Failed to execute job 58 for task check_status (500 Server Error: INTERNAL SERVER ERROR for url: http://flask:5000/check_send_status; 1485)
[2024-05-29T14:31:01.462+0000] {local_task_job_runner.py:240} INFO - Task exited with return code 1
[2024-05-29T14:31:01.538+0000] {taskinstance.py:3498} INFO - 0 downstream tasks scheduled from follow-on schedule check
[2024-05-29T14:31:01.547+0000] {local_task_job_runner.py:222} INFO - ::endgroup::
[2024-05-29T14:55:41.654+0000] {local_task_job_runner.py:120} INFO - ::group::Pre task execution logs
[2024-05-29T14:55:41.711+0000] {taskinstance.py:2076} INFO - Dependencies all met for dep_context=non-requeueable deps ti=<TaskInstance: check_send_status_dag.check_status scheduled__2023-01-01T04:50:00+00:00 [queued]>
[2024-05-29T14:55:41.732+0000] {taskinstance.py:2076} INFO - Dependencies all met for dep_context=requeueable deps ti=<TaskInstance: check_send_status_dag.check_status scheduled__2023-01-01T04:50:00+00:00 [queued]>
[2024-05-29T14:55:41.733+0000] {taskinstance.py:2306} INFO - Starting attempt 1 of 2
[2024-05-29T14:55:41.799+0000] {taskinstance.py:2330} INFO - Executing <Task(PythonOperator): check_status> on 2023-01-01 04:50:00+00:00
[2024-05-29T14:55:41.807+0000] {standard_task_runner.py:63} INFO - Started process 1748 to run task
[2024-05-29T14:55:41.811+0000] {standard_task_runner.py:90} INFO - Running: ['airflow', 'tasks', 'run', 'check_send_status_dag', 'check_status', 'scheduled__2023-01-01T04:50:00+00:00', '--job-id', '40', '--raw', '--subdir', 'DAGS_FOLDER/check_send_status_dag.py', '--cfg-path', '/tmp/tmp6kmh_zjq']
[2024-05-29T14:55:41.815+0000] {standard_task_runner.py:91} INFO - Job 40: Subtask check_status
[2024-05-29T14:55:42.333+0000] {task_command.py:426} INFO - Running <TaskInstance: check_send_status_dag.check_status scheduled__2023-01-01T04:50:00+00:00 [running]> on host f708138922bb
[2024-05-29T14:55:42.722+0000] {taskinstance.py:2648} INFO - Exporting env vars: AIRFLOW_CTX_DAG_OWNER='airflow' AIRFLOW_CTX_DAG_ID='check_send_status_dag' AIRFLOW_CTX_TASK_ID='check_status' AIRFLOW_CTX_EXECUTION_DATE='2023-01-01T04:50:00+00:00' AIRFLOW_CTX_TRY_NUMBER='1' AIRFLOW_CTX_DAG_RUN_ID='scheduled__2023-01-01T04:50:00+00:00'
[2024-05-29T14:55:42.725+0000] {taskinstance.py:430} INFO - ::endgroup::
[2024-05-29T14:55:42.800+0000] {check_send_status_dag.py:13} INFO - Status: {'status': 'unknown'}
[2024-05-29T14:55:42.811+0000] {python.py:237} INFO - Done. Returned value was: None
[2024-05-29T14:55:42.814+0000] {taskinstance.py:441} INFO - ::group::Post task execution logs
[2024-05-29T14:55:42.851+0000] {taskinstance.py:1206} INFO - Marking task as SUCCESS. dag_id=check_send_status_dag, task_id=check_status, run_id=scheduled__2023-01-01T04:50:00+00:00, execution_date=20230101T045000, start_date=20240529T145541, end_date=20240529T145542
[2024-05-29T14:55:42.999+0000] {local_task_job_runner.py:240} INFO - Task exited with return code 0
[2024-05-29T14:55:43.033+0000] {taskinstance.py:3498} INFO - 0 downstream tasks scheduled from follow-on schedule check
[2024-05-29T14:55:43.036+0000] {local_task_job_runner.py:222} INFO - ::endgroup::
