[2024-05-30T14:32:52.133+0000] {local_task_job_runner.py:120} INFO - ::group::Pre task execution logs
[2024-05-30T14:32:52.192+0000] {taskinstance.py:2076} INFO - Dependencies all met for dep_context=non-requeueable deps ti=<TaskInstance: monitor_containers.check_kafka scheduled__2023-01-01T07:40:00+00:00 [queued]>
[2024-05-30T14:32:52.227+0000] {taskinstance.py:2076} INFO - Dependencies all met for dep_context=requeueable deps ti=<TaskInstance: monitor_containers.check_kafka scheduled__2023-01-01T07:40:00+00:00 [queued]>
[2024-05-30T14:32:52.228+0000] {taskinstance.py:2306} INFO - Starting attempt 1 of 2
[2024-05-30T14:32:52.293+0000] {taskinstance.py:2330} INFO - Executing <Task(BashOperator): check_kafka> on 2023-01-01 07:40:00+00:00
[2024-05-30T14:32:52.300+0000] {standard_task_runner.py:63} INFO - Started process 2279 to run task
[2024-05-30T14:32:52.305+0000] {standard_task_runner.py:90} INFO - Running: ['airflow', 'tasks', 'run', 'monitor_containers', 'check_kafka', 'scheduled__2023-01-01T07:40:00+00:00', '--job-id', '518', '--raw', '--subdir', 'DAGS_FOLDER/monitor_containers.py', '--cfg-path', '/tmp/tmp2p565cq5']
[2024-05-30T14:32:52.307+0000] {standard_task_runner.py:91} INFO - Job 518: Subtask check_kafka
[2024-05-30T14:32:52.432+0000] {task_command.py:426} INFO - Running <TaskInstance: monitor_containers.check_kafka scheduled__2023-01-01T07:40:00+00:00 [running]> on host f708138922bb
[2024-05-30T14:32:52.666+0000] {taskinstance.py:2648} INFO - Exporting env vars: AIRFLOW_CTX_DAG_OWNER='airflow' AIRFLOW_CTX_DAG_ID='monitor_containers' AIRFLOW_CTX_TASK_ID='check_kafka' AIRFLOW_CTX_EXECUTION_DATE='2023-01-01T07:40:00+00:00' AIRFLOW_CTX_TRY_NUMBER='1' AIRFLOW_CTX_DAG_RUN_ID='scheduled__2023-01-01T07:40:00+00:00'
[2024-05-30T14:32:52.668+0000] {taskinstance.py:430} INFO - ::endgroup::
[2024-05-30T14:32:52.695+0000] {subprocess.py:63} INFO - Tmp dir root location: /tmp
[2024-05-30T14:32:52.696+0000] {subprocess.py:75} INFO - Running command: ['/usr/bin/bash', '-c', 'docker ps | grep kafka || exit 1']
[2024-05-30T14:32:52.708+0000] {subprocess.py:86} INFO - Output:
[2024-05-30T14:32:52.727+0000] {subprocess.py:93} INFO - Cannot connect to the Docker daemon at unix:///var/run/docker.sock. Is the docker daemon running?
[2024-05-30T14:32:52.728+0000] {subprocess.py:97} INFO - Command exited with return code 1
[2024-05-30T14:32:52.729+0000] {taskinstance.py:441} INFO - ::group::Post task execution logs
[2024-05-30T14:32:52.746+0000] {taskinstance.py:2905} ERROR - Task failed with exception
Traceback (most recent call last):
  File "/home/airflow/.local/lib/python3.12/site-packages/airflow/models/taskinstance.py", line 465, in _execute_task
    result = _execute_callable(context=context, **execute_callable_kwargs)
             ^^^^^^^^^^^^^^^^^^^^^^^^^^^^^^^^^^^^^^^^^^^^^^^^^^^^^^^^^^^^^
  File "/home/airflow/.local/lib/python3.12/site-packages/airflow/models/taskinstance.py", line 432, in _execute_callable
    return execute_callable(context=context, **execute_callable_kwargs)
           ^^^^^^^^^^^^^^^^^^^^^^^^^^^^^^^^^^^^^^^^^^^^^^^^^^^^^^^^^^^^
  File "/home/airflow/.local/lib/python3.12/site-packages/airflow/models/baseoperator.py", line 400, in wrapper
    return func(self, *args, **kwargs)
           ^^^^^^^^^^^^^^^^^^^^^^^^^^^
  File "/home/airflow/.local/lib/python3.12/site-packages/airflow/operators/bash.py", line 243, in execute
    raise AirflowException(
airflow.exceptions.AirflowException: Bash command failed. The command returned a non-zero exit code 1.
[2024-05-30T14:32:52.755+0000] {taskinstance.py:1206} INFO - Marking task as UP_FOR_RETRY. dag_id=monitor_containers, task_id=check_kafka, run_id=scheduled__2023-01-01T07:40:00+00:00, execution_date=20230101T074000, start_date=20240530T143252, end_date=20240530T143252
[2024-05-30T14:32:52.821+0000] {standard_task_runner.py:110} ERROR - Failed to execute job 518 for task check_kafka (Bash command failed. The command returned a non-zero exit code 1.; 2279)
[2024-05-30T14:32:52.842+0000] {local_task_job_runner.py:240} INFO - Task exited with return code 1
[2024-05-30T14:32:52.880+0000] {taskinstance.py:3498} INFO - 0 downstream tasks scheduled from follow-on schedule check
[2024-05-30T14:32:52.883+0000] {local_task_job_runner.py:222} INFO - ::endgroup::
