[2024-05-29T10:54:05.620+0000] {local_task_job_runner.py:120} INFO - ::group::Pre task execution logs
[2024-05-29T10:54:05.740+0000] {taskinstance.py:2076} INFO - Dependencies all met for dep_context=non-requeueable deps ti=<TaskInstance: check_send_status_dag.check_status scheduled__2023-01-01T02:30:00+00:00 [queued]>
[2024-05-29T10:54:05.801+0000] {taskinstance.py:2076} INFO - Dependencies all met for dep_context=requeueable deps ti=<TaskInstance: check_send_status_dag.check_status scheduled__2023-01-01T02:30:00+00:00 [queued]>
[2024-05-29T10:54:05.802+0000] {taskinstance.py:2306} INFO - Starting attempt 2 of 2
[2024-05-29T10:54:05.877+0000] {taskinstance.py:2330} INFO - Executing <Task(PythonOperator): check_status> on 2023-01-01 02:30:00+00:00
[2024-05-29T10:54:05.884+0000] {standard_task_runner.py:63} INFO - Started process 327 to run task
[2024-05-29T10:54:05.888+0000] {standard_task_runner.py:90} INFO - Running: ['airflow', 'tasks', 'run', 'check_send_status_dag', 'check_status', 'scheduled__2023-01-01T02:30:00+00:00', '--job-id', '55', '--raw', '--subdir', 'DAGS_FOLDER/check_send_status_dag.py', '--cfg-path', '/tmp/tmppiw0nryj']
[2024-05-29T10:54:05.891+0000] {standard_task_runner.py:91} INFO - Job 55: Subtask check_status
[2024-05-29T10:54:06.034+0000] {task_command.py:426} INFO - Running <TaskInstance: check_send_status_dag.check_status scheduled__2023-01-01T02:30:00+00:00 [running]> on host f708138922bb
[2024-05-29T10:54:06.269+0000] {taskinstance.py:2648} INFO - Exporting env vars: AIRFLOW_CTX_DAG_OWNER='airflow' AIRFLOW_CTX_DAG_ID='check_send_status_dag' AIRFLOW_CTX_TASK_ID='check_status' AIRFLOW_CTX_EXECUTION_DATE='2023-01-01T02:30:00+00:00' AIRFLOW_CTX_TRY_NUMBER='2' AIRFLOW_CTX_DAG_RUN_ID='scheduled__2023-01-01T02:30:00+00:00'
[2024-05-29T10:54:06.270+0000] {taskinstance.py:430} INFO - ::endgroup::
[2024-05-29T10:54:08.481+0000] {check_send_status_dag.py:15} ERROR - Error fetching status: 404 Client Error: Not Found for url: http://host.docker.internal/check_send_status
[2024-05-29T10:54:08.498+0000] {taskinstance.py:441} INFO - ::group::Post task execution logs
[2024-05-29T10:54:08.507+0000] {taskinstance.py:2905} ERROR - Task failed with exception
Traceback (most recent call last):
  File "/home/airflow/.local/lib/python3.12/site-packages/airflow/models/taskinstance.py", line 465, in _execute_task
    result = _execute_callable(context=context, **execute_callable_kwargs)
             ^^^^^^^^^^^^^^^^^^^^^^^^^^^^^^^^^^^^^^^^^^^^^^^^^^^^^^^^^^^^^
  File "/home/airflow/.local/lib/python3.12/site-packages/airflow/models/taskinstance.py", line 432, in _execute_callable
    return execute_callable(context=context, **execute_callable_kwargs)
           ^^^^^^^^^^^^^^^^^^^^^^^^^^^^^^^^^^^^^^^^^^^^^^^^^^^^^^^^^^^^
  File "/home/airflow/.local/lib/python3.12/site-packages/airflow/models/baseoperator.py", line 400, in wrapper
    return func(self, *args, **kwargs)
           ^^^^^^^^^^^^^^^^^^^^^^^^^^^
  File "/home/airflow/.local/lib/python3.12/site-packages/airflow/operators/python.py", line 235, in execute
    return_value = self.execute_callable()
                   ^^^^^^^^^^^^^^^^^^^^^^^
  File "/home/airflow/.local/lib/python3.12/site-packages/airflow/operators/python.py", line 252, in execute_callable
    return self.python_callable(*self.op_args, **self.op_kwargs)
           ^^^^^^^^^^^^^^^^^^^^^^^^^^^^^^^^^^^^^^^^^^^^^^^^^^^^^
  File "/opt/airflow/dags/check_send_status_dag.py", line 11, in check_send_status
    response.raise_for_status()
  File "/home/airflow/.local/lib/python3.12/site-packages/requests/models.py", line 1021, in raise_for_status
    raise HTTPError(http_error_msg, response=self)
requests.exceptions.HTTPError: 404 Client Error: Not Found for url: http://host.docker.internal/check_send_status
[2024-05-29T10:54:08.636+0000] {taskinstance.py:1206} INFO - Marking task as FAILED. dag_id=check_send_status_dag, task_id=check_status, run_id=scheduled__2023-01-01T02:30:00+00:00, execution_date=20230101T023000, start_date=20240529T105405, end_date=20240529T105408
[2024-05-29T10:54:08.796+0000] {standard_task_runner.py:110} ERROR - Failed to execute job 55 for task check_status (404 Client Error: Not Found for url: http://host.docker.internal/check_send_status; 327)
[2024-05-29T10:54:08.837+0000] {local_task_job_runner.py:240} INFO - Task exited with return code 1
[2024-05-29T10:54:08.906+0000] {taskinstance.py:3498} INFO - 0 downstream tasks scheduled from follow-on schedule check
[2024-05-29T10:54:08.910+0000] {local_task_job_runner.py:222} INFO - ::endgroup::
[2024-05-29T14:10:14.262+0000] {local_task_job_runner.py:120} INFO - ::group::Pre task execution logs
[2024-05-29T14:10:14.332+0000] {taskinstance.py:2076} INFO - Dependencies all met for dep_context=non-requeueable deps ti=<TaskInstance: check_send_status_dag.check_status scheduled__2023-01-01T02:30:00+00:00 [queued]>
[2024-05-29T14:10:14.355+0000] {taskinstance.py:2076} INFO - Dependencies all met for dep_context=requeueable deps ti=<TaskInstance: check_send_status_dag.check_status scheduled__2023-01-01T02:30:00+00:00 [queued]>
[2024-05-29T14:10:14.356+0000] {taskinstance.py:2306} INFO - Starting attempt 2 of 2
[2024-05-29T14:10:14.481+0000] {taskinstance.py:2330} INFO - Executing <Task(PythonOperator): check_status> on 2023-01-01 02:30:00+00:00
[2024-05-29T14:10:14.489+0000] {standard_task_runner.py:63} INFO - Started process 1358 to run task
[2024-05-29T14:10:14.494+0000] {standard_task_runner.py:90} INFO - Running: ['airflow', 'tasks', 'run', 'check_send_status_dag', 'check_status', 'scheduled__2023-01-01T02:30:00+00:00', '--job-id', '40', '--raw', '--subdir', 'DAGS_FOLDER/check_send_status_dag.py', '--cfg-path', '/tmp/tmp3kwgxdur']
[2024-05-29T14:10:14.502+0000] {standard_task_runner.py:91} INFO - Job 40: Subtask check_status
[2024-05-29T14:10:14.683+0000] {task_command.py:426} INFO - Running <TaskInstance: check_send_status_dag.check_status scheduled__2023-01-01T02:30:00+00:00 [running]> on host f708138922bb
[2024-05-29T14:10:14.891+0000] {taskinstance.py:2648} INFO - Exporting env vars: AIRFLOW_CTX_DAG_OWNER='airflow' AIRFLOW_CTX_DAG_ID='check_send_status_dag' AIRFLOW_CTX_TASK_ID='check_status' AIRFLOW_CTX_EXECUTION_DATE='2023-01-01T02:30:00+00:00' AIRFLOW_CTX_TRY_NUMBER='2' AIRFLOW_CTX_DAG_RUN_ID='scheduled__2023-01-01T02:30:00+00:00'
[2024-05-29T14:10:14.893+0000] {taskinstance.py:430} INFO - ::endgroup::
[2024-05-29T14:10:14.946+0000] {check_send_status_dag.py:15} ERROR - Error fetching status: 500 Server Error: INTERNAL SERVER ERROR for url: http://flask:5000/check_send_status
[2024-05-29T14:10:14.948+0000] {taskinstance.py:441} INFO - ::group::Post task execution logs
[2024-05-29T14:10:14.952+0000] {taskinstance.py:2905} ERROR - Task failed with exception
Traceback (most recent call last):
  File "/home/airflow/.local/lib/python3.12/site-packages/airflow/models/taskinstance.py", line 465, in _execute_task
    result = _execute_callable(context=context, **execute_callable_kwargs)
             ^^^^^^^^^^^^^^^^^^^^^^^^^^^^^^^^^^^^^^^^^^^^^^^^^^^^^^^^^^^^^
  File "/home/airflow/.local/lib/python3.12/site-packages/airflow/models/taskinstance.py", line 432, in _execute_callable
    return execute_callable(context=context, **execute_callable_kwargs)
           ^^^^^^^^^^^^^^^^^^^^^^^^^^^^^^^^^^^^^^^^^^^^^^^^^^^^^^^^^^^^
  File "/home/airflow/.local/lib/python3.12/site-packages/airflow/models/baseoperator.py", line 400, in wrapper
    return func(self, *args, **kwargs)
           ^^^^^^^^^^^^^^^^^^^^^^^^^^^
  File "/home/airflow/.local/lib/python3.12/site-packages/airflow/operators/python.py", line 235, in execute
    return_value = self.execute_callable()
                   ^^^^^^^^^^^^^^^^^^^^^^^
  File "/home/airflow/.local/lib/python3.12/site-packages/airflow/operators/python.py", line 252, in execute_callable
    return self.python_callable(*self.op_args, **self.op_kwargs)
           ^^^^^^^^^^^^^^^^^^^^^^^^^^^^^^^^^^^^^^^^^^^^^^^^^^^^^
  File "/opt/airflow/dags/check_send_status_dag.py", line 11, in check_send_status
    response.raise_for_status()
  File "/home/airflow/.local/lib/python3.12/site-packages/requests/models.py", line 1021, in raise_for_status
    raise HTTPError(http_error_msg, response=self)
requests.exceptions.HTTPError: 500 Server Error: INTERNAL SERVER ERROR for url: http://flask:5000/check_send_status
[2024-05-29T14:10:14.987+0000] {taskinstance.py:1206} INFO - Marking task as FAILED. dag_id=check_send_status_dag, task_id=check_status, run_id=scheduled__2023-01-01T02:30:00+00:00, execution_date=20230101T023000, start_date=20240529T141014, end_date=20240529T141014
[2024-05-29T14:10:15.099+0000] {standard_task_runner.py:110} ERROR - Failed to execute job 40 for task check_status (500 Server Error: INTERNAL SERVER ERROR for url: http://flask:5000/check_send_status; 1358)
[2024-05-29T14:10:15.117+0000] {local_task_job_runner.py:240} INFO - Task exited with return code 1
[2024-05-29T14:10:15.160+0000] {taskinstance.py:3498} INFO - 0 downstream tasks scheduled from follow-on schedule check
[2024-05-29T14:10:15.162+0000] {local_task_job_runner.py:222} INFO - ::endgroup::
[2024-05-29T14:52:23.160+0000] {local_task_job_runner.py:120} INFO - ::group::Pre task execution logs
[2024-05-29T14:52:23.237+0000] {taskinstance.py:2076} INFO - Dependencies all met for dep_context=non-requeueable deps ti=<TaskInstance: check_send_status_dag.check_status scheduled__2023-01-01T02:30:00+00:00 [queued]>
[2024-05-29T14:52:23.267+0000] {taskinstance.py:2076} INFO - Dependencies all met for dep_context=requeueable deps ti=<TaskInstance: check_send_status_dag.check_status scheduled__2023-01-01T02:30:00+00:00 [queued]>
[2024-05-29T14:52:23.268+0000] {taskinstance.py:2306} INFO - Starting attempt 2 of 2
[2024-05-29T14:52:23.353+0000] {taskinstance.py:2330} INFO - Executing <Task(PythonOperator): check_status> on 2023-01-01 02:30:00+00:00
[2024-05-29T14:52:23.360+0000] {standard_task_runner.py:63} INFO - Started process 1668 to run task
[2024-05-29T14:52:23.363+0000] {standard_task_runner.py:90} INFO - Running: ['airflow', 'tasks', 'run', 'check_send_status_dag', 'check_status', 'scheduled__2023-01-01T02:30:00+00:00', '--job-id', '25', '--raw', '--subdir', 'DAGS_FOLDER/check_send_status_dag.py', '--cfg-path', '/tmp/tmp7oewj1bk']
[2024-05-29T14:52:23.365+0000] {standard_task_runner.py:91} INFO - Job 25: Subtask check_status
[2024-05-29T14:52:23.599+0000] {task_command.py:426} INFO - Running <TaskInstance: check_send_status_dag.check_status scheduled__2023-01-01T02:30:00+00:00 [running]> on host f708138922bb
[2024-05-29T14:52:23.805+0000] {taskinstance.py:2648} INFO - Exporting env vars: AIRFLOW_CTX_DAG_OWNER='airflow' AIRFLOW_CTX_DAG_ID='check_send_status_dag' AIRFLOW_CTX_TASK_ID='check_status' AIRFLOW_CTX_EXECUTION_DATE='2023-01-01T02:30:00+00:00' AIRFLOW_CTX_TRY_NUMBER='2' AIRFLOW_CTX_DAG_RUN_ID='scheduled__2023-01-01T02:30:00+00:00'
[2024-05-29T14:52:23.808+0000] {taskinstance.py:430} INFO - ::endgroup::
[2024-05-29T14:52:23.876+0000] {check_send_status_dag.py:13} INFO - Status: {'status': 'unknown'}
[2024-05-29T14:52:23.882+0000] {python.py:237} INFO - Done. Returned value was: None
[2024-05-29T14:52:23.886+0000] {taskinstance.py:441} INFO - ::group::Post task execution logs
[2024-05-29T14:52:23.920+0000] {taskinstance.py:1206} INFO - Marking task as SUCCESS. dag_id=check_send_status_dag, task_id=check_status, run_id=scheduled__2023-01-01T02:30:00+00:00, execution_date=20230101T023000, start_date=20240529T145223, end_date=20240529T145223
[2024-05-29T14:52:24.023+0000] {local_task_job_runner.py:240} INFO - Task exited with return code 0
[2024-05-29T14:52:24.065+0000] {taskinstance.py:3498} INFO - 0 downstream tasks scheduled from follow-on schedule check
[2024-05-29T14:52:24.068+0000] {local_task_job_runner.py:222} INFO - ::endgroup::
