[2024-06-01T21:31:59.078+0000] {local_task_job_runner.py:120} INFO - ::group::Pre task execution logs
[2024-06-01T21:31:59.124+0000] {taskinstance.py:2076} INFO - Dependencies all met for dep_context=non-requeueable deps ti=<TaskInstance: dag_with_docker_operator.check_status scheduled__2024-06-01T18:00:00+00:00 [queued]>
[2024-06-01T21:31:59.144+0000] {taskinstance.py:2076} INFO - Dependencies all met for dep_context=requeueable deps ti=<TaskInstance: dag_with_docker_operator.check_status scheduled__2024-06-01T18:00:00+00:00 [queued]>
[2024-06-01T21:31:59.144+0000] {taskinstance.py:2306} INFO - Starting attempt 1 of 2
[2024-06-01T21:31:59.294+0000] {taskinstance.py:2330} INFO - Executing <Task(PythonOperator): check_status> on 2024-06-01 18:00:00+00:00
[2024-06-01T21:31:59.300+0000] {standard_task_runner.py:63} INFO - Started process 851 to run task
[2024-06-01T21:31:59.303+0000] {standard_task_runner.py:90} INFO - Running: ['airflow', 'tasks', 'run', 'dag_with_docker_operator', 'check_status', 'scheduled__2024-06-01T18:00:00+00:00', '--job-id', '831', '--raw', '--subdir', 'DAGS_FOLDER/dag_with_docker_operator.py', '--cfg-path', '/tmp/tmp_h8zw_63']
[2024-06-01T21:31:59.305+0000] {standard_task_runner.py:91} INFO - Job 831: Subtask check_status
[2024-06-01T21:31:59.448+0000] {task_command.py:426} INFO - Running <TaskInstance: dag_with_docker_operator.check_status scheduled__2024-06-01T18:00:00+00:00 [running]> on host 9c47fcd741af
[2024-06-01T21:31:59.912+0000] {taskinstance.py:2648} INFO - Exporting env vars: AIRFLOW_CTX_DAG_OWNER='airflow' AIRFLOW_CTX_DAG_ID='dag_with_docker_operator' AIRFLOW_CTX_TASK_ID='check_status' AIRFLOW_CTX_EXECUTION_DATE='2024-06-01T18:00:00+00:00' AIRFLOW_CTX_TRY_NUMBER='1' AIRFLOW_CTX_DAG_RUN_ID='scheduled__2024-06-01T18:00:00+00:00'
[2024-06-01T21:31:59.914+0000] {taskinstance.py:430} INFO - ::endgroup::
[2024-06-01T21:31:59.948+0000] {python.py:237} INFO - Done. Returned value was: {'status': 'success'}
[2024-06-01T21:31:59.952+0000] {taskinstance.py:441} INFO - ::group::Post task execution logs
[2024-06-01T21:32:00.018+0000] {taskinstance.py:1206} INFO - Marking task as SUCCESS. dag_id=dag_with_docker_operator, task_id=check_status, run_id=scheduled__2024-06-01T18:00:00+00:00, execution_date=20240601T180000, start_date=20240601T213159, end_date=20240601T213200
[2024-06-01T21:32:00.118+0000] {local_task_job_runner.py:240} INFO - Task exited with return code 0
[2024-06-01T21:32:00.144+0000] {taskinstance.py:3498} INFO - 0 downstream tasks scheduled from follow-on schedule check
[2024-06-01T21:32:00.146+0000] {local_task_job_runner.py:222} INFO - ::endgroup::
[2024-06-02T11:36:26.086+0000] {local_task_job_runner.py:120} INFO - ::group::Pre task execution logs
[2024-06-02T11:36:26.129+0000] {taskinstance.py:2076} INFO - Dependencies all met for dep_context=non-requeueable deps ti=<TaskInstance: dag_with_docker_operator.check_status scheduled__2024-06-01T18:00:00+00:00 [queued]>
[2024-06-02T11:36:26.147+0000] {taskinstance.py:2076} INFO - Dependencies all met for dep_context=requeueable deps ti=<TaskInstance: dag_with_docker_operator.check_status scheduled__2024-06-01T18:00:00+00:00 [queued]>
[2024-06-02T11:36:26.148+0000] {taskinstance.py:2306} INFO - Starting attempt 1 of 2
[2024-06-02T11:36:26.287+0000] {taskinstance.py:2330} INFO - Executing <Task(PythonOperator): check_status> on 2024-06-01 18:00:00+00:00
[2024-06-02T11:36:26.293+0000] {standard_task_runner.py:63} INFO - Started process 1823 to run task
[2024-06-02T11:36:26.297+0000] {standard_task_runner.py:90} INFO - Running: ['airflow', 'tasks', 'run', 'dag_with_docker_operator', 'check_status', 'scheduled__2024-06-01T18:00:00+00:00', '--job-id', '831', '--raw', '--subdir', 'DAGS_FOLDER/dag_with_docker_operator.py', '--cfg-path', '/tmp/tmpemx8abhk']
[2024-06-02T11:36:26.299+0000] {standard_task_runner.py:91} INFO - Job 831: Subtask check_status
[2024-06-02T11:36:26.397+0000] {task_command.py:426} INFO - Running <TaskInstance: dag_with_docker_operator.check_status scheduled__2024-06-01T18:00:00+00:00 [running]> on host 9c47fcd741af
[2024-06-02T11:36:26.599+0000] {taskinstance.py:2648} INFO - Exporting env vars: AIRFLOW_CTX_DAG_OWNER='airflow' AIRFLOW_CTX_DAG_ID='dag_with_docker_operator' AIRFLOW_CTX_TASK_ID='check_status' AIRFLOW_CTX_EXECUTION_DATE='2024-06-01T18:00:00+00:00' AIRFLOW_CTX_TRY_NUMBER='1' AIRFLOW_CTX_DAG_RUN_ID='scheduled__2024-06-01T18:00:00+00:00'
[2024-06-02T11:36:26.600+0000] {taskinstance.py:430} INFO - ::endgroup::
[2024-06-02T11:36:26.626+0000] {python.py:237} INFO - Done. Returned value was: {'status': 'failed'}
[2024-06-02T11:36:26.629+0000] {taskinstance.py:441} INFO - ::group::Post task execution logs
[2024-06-02T11:36:26.712+0000] {taskinstance.py:1206} INFO - Marking task as SUCCESS. dag_id=dag_with_docker_operator, task_id=check_status, run_id=scheduled__2024-06-01T18:00:00+00:00, execution_date=20240601T180000, start_date=20240602T113626, end_date=20240602T113626
[2024-06-02T11:36:26.831+0000] {local_task_job_runner.py:240} INFO - Task exited with return code 0
[2024-06-02T11:36:26.868+0000] {taskinstance.py:3498} INFO - 0 downstream tasks scheduled from follow-on schedule check
[2024-06-02T11:36:26.870+0000] {local_task_job_runner.py:222} INFO - ::endgroup::
[2024-06-02T12:30:29.676+0000] {local_task_job_runner.py:120} INFO - ::group::Pre task execution logs
[2024-06-02T12:30:29.734+0000] {taskinstance.py:2076} INFO - Dependencies all met for dep_context=non-requeueable deps ti=<TaskInstance: dag_with_docker_operator.check_status scheduled__2024-06-01T18:00:00+00:00 [queued]>
[2024-06-02T12:30:29.753+0000] {taskinstance.py:2076} INFO - Dependencies all met for dep_context=requeueable deps ti=<TaskInstance: dag_with_docker_operator.check_status scheduled__2024-06-01T18:00:00+00:00 [queued]>
[2024-06-02T12:30:29.755+0000] {taskinstance.py:2306} INFO - Starting attempt 1 of 2
[2024-06-02T12:30:29.814+0000] {taskinstance.py:2330} INFO - Executing <Task(PythonOperator): check_status> on 2024-06-01 18:00:00+00:00
[2024-06-02T12:30:29.821+0000] {standard_task_runner.py:63} INFO - Started process 3291 to run task
[2024-06-02T12:30:29.825+0000] {standard_task_runner.py:90} INFO - Running: ['airflow', 'tasks', 'run', 'dag_with_docker_operator', 'check_status', 'scheduled__2024-06-01T18:00:00+00:00', '--job-id', '861', '--raw', '--subdir', 'DAGS_FOLDER/dag_with_docker_operator.py', '--cfg-path', '/tmp/tmp3tdwml07']
[2024-06-02T12:30:29.827+0000] {standard_task_runner.py:91} INFO - Job 861: Subtask check_status
[2024-06-02T12:30:30.115+0000] {task_command.py:426} INFO - Running <TaskInstance: dag_with_docker_operator.check_status scheduled__2024-06-01T18:00:00+00:00 [running]> on host 9c47fcd741af
[2024-06-02T12:30:30.330+0000] {taskinstance.py:2648} INFO - Exporting env vars: AIRFLOW_CTX_DAG_OWNER='airflow' AIRFLOW_CTX_DAG_ID='dag_with_docker_operator' AIRFLOW_CTX_TASK_ID='check_status' AIRFLOW_CTX_EXECUTION_DATE='2024-06-01T18:00:00+00:00' AIRFLOW_CTX_TRY_NUMBER='1' AIRFLOW_CTX_DAG_RUN_ID='scheduled__2024-06-01T18:00:00+00:00'
[2024-06-02T12:30:30.331+0000] {taskinstance.py:430} INFO - ::endgroup::
[2024-06-02T12:30:30.362+0000] {taskinstance.py:441} INFO - ::group::Post task execution logs
[2024-06-02T12:30:30.363+0000] {taskinstance.py:2905} ERROR - Task failed with exception
Traceback (most recent call last):
  File "/home/airflow/.local/lib/python3.12/site-packages/airflow/models/taskinstance.py", line 465, in _execute_task
    result = _execute_callable(context=context, **execute_callable_kwargs)
             ^^^^^^^^^^^^^^^^^^^^^^^^^^^^^^^^^^^^^^^^^^^^^^^^^^^^^^^^^^^^^
  File "/home/airflow/.local/lib/python3.12/site-packages/airflow/models/taskinstance.py", line 432, in _execute_callable
    return execute_callable(context=context, **execute_callable_kwargs)
           ^^^^^^^^^^^^^^^^^^^^^^^^^^^^^^^^^^^^^^^^^^^^^^^^^^^^^^^^^^^^
  File "/home/airflow/.local/lib/python3.12/site-packages/airflow/models/baseoperator.py", line 400, in wrapper
    return func(self, *args, **kwargs)
           ^^^^^^^^^^^^^^^^^^^^^^^^^^^
  File "/home/airflow/.local/lib/python3.12/site-packages/airflow/operators/python.py", line 235, in execute
    return_value = self.execute_callable()
                   ^^^^^^^^^^^^^^^^^^^^^^^
  File "/home/airflow/.local/lib/python3.12/site-packages/airflow/operators/python.py", line 252, in execute_callable
    return self.python_callable(*self.op_args, **self.op_kwargs)
           ^^^^^^^^^^^^^^^^^^^^^^^^^^^^^^^^^^^^^^^^^^^^^^^^^^^^^
  File "/opt/airflow/dags/dag_with_docker_operator.py", line 24, in check_send_status
    raise ValueError(f"Request returned non-success status: {response_json.get('status')}")
ValueError: Request returned non-success status: failed
[2024-06-02T12:30:30.385+0000] {taskinstance.py:1206} INFO - Marking task as UP_FOR_RETRY. dag_id=dag_with_docker_operator, task_id=check_status, run_id=scheduled__2024-06-01T18:00:00+00:00, execution_date=20240601T180000, start_date=20240602T123029, end_date=20240602T123030
[2024-06-02T12:30:30.434+0000] {standard_task_runner.py:110} ERROR - Failed to execute job 861 for task check_status (Request returned non-success status: failed; 3291)
[2024-06-02T12:30:30.481+0000] {local_task_job_runner.py:240} INFO - Task exited with return code 1
[2024-06-02T12:30:30.660+0000] {taskinstance.py:3498} INFO - 0 downstream tasks scheduled from follow-on schedule check
[2024-06-02T12:30:30.663+0000] {local_task_job_runner.py:222} INFO - ::endgroup::
