[2024-06-02T10:39:49.738+0000] {local_task_job_runner.py:120} INFO - ::group::Pre task execution logs
[2024-06-02T10:39:49.871+0000] {taskinstance.py:2076} INFO - Dependencies all met for dep_context=non-requeueable deps ti=<TaskInstance: dag_with_docker_operator.check_status scheduled__2024-06-01T23:00:00+00:00 [queued]>
[2024-06-02T10:39:49.918+0000] {taskinstance.py:2076} INFO - Dependencies all met for dep_context=requeueable deps ti=<TaskInstance: dag_with_docker_operator.check_status scheduled__2024-06-01T23:00:00+00:00 [queued]>
[2024-06-02T10:39:49.922+0000] {taskinstance.py:2306} INFO - Starting attempt 1 of 2
[2024-06-02T10:39:50.280+0000] {taskinstance.py:2330} INFO - Executing <Task(PythonOperator): check_status> on 2024-06-01 23:00:00+00:00
[2024-06-02T10:39:50.288+0000] {standard_task_runner.py:63} INFO - Started process 1003 to run task
[2024-06-02T10:39:50.292+0000] {standard_task_runner.py:90} INFO - Running: ['airflow', 'tasks', 'run', 'dag_with_docker_operator', 'check_status', 'scheduled__2024-06-01T23:00:00+00:00', '--job-id', '850', '--raw', '--subdir', 'DAGS_FOLDER/dag_with_docker_operator.py', '--cfg-path', '/tmp/tmpus1p3a9l']
[2024-06-02T10:39:50.296+0000] {standard_task_runner.py:91} INFO - Job 850: Subtask check_status
[2024-06-02T10:39:50.541+0000] {task_command.py:426} INFO - Running <TaskInstance: dag_with_docker_operator.check_status scheduled__2024-06-01T23:00:00+00:00 [running]> on host 9c47fcd741af
[2024-06-02T10:39:50.906+0000] {taskinstance.py:2648} INFO - Exporting env vars: AIRFLOW_CTX_DAG_OWNER='airflow' AIRFLOW_CTX_DAG_ID='dag_with_docker_operator' AIRFLOW_CTX_TASK_ID='check_status' AIRFLOW_CTX_EXECUTION_DATE='2024-06-01T23:00:00+00:00' AIRFLOW_CTX_TRY_NUMBER='1' AIRFLOW_CTX_DAG_RUN_ID='scheduled__2024-06-01T23:00:00+00:00'
[2024-06-02T10:39:50.907+0000] {taskinstance.py:430} INFO - ::endgroup::
[2024-06-02T10:39:50.937+0000] {python.py:237} INFO - Done. Returned value was: {'status': 'success'}
[2024-06-02T10:39:50.938+0000] {taskinstance.py:441} INFO - ::group::Post task execution logs
[2024-06-02T10:39:51.008+0000] {taskinstance.py:1206} INFO - Marking task as SUCCESS. dag_id=dag_with_docker_operator, task_id=check_status, run_id=scheduled__2024-06-01T23:00:00+00:00, execution_date=20240601T230000, start_date=20240602T103949, end_date=20240602T103951
[2024-06-02T10:39:51.073+0000] {local_task_job_runner.py:240} INFO - Task exited with return code 0
[2024-06-02T10:39:51.101+0000] {taskinstance.py:3498} INFO - 0 downstream tasks scheduled from follow-on schedule check
[2024-06-02T10:39:51.105+0000] {local_task_job_runner.py:222} INFO - ::endgroup::
[2024-06-02T11:39:43.597+0000] {local_task_job_runner.py:120} INFO - ::group::Pre task execution logs
[2024-06-02T11:39:43.663+0000] {taskinstance.py:2076} INFO - Dependencies all met for dep_context=non-requeueable deps ti=<TaskInstance: dag_with_docker_operator.check_status scheduled__2024-06-01T23:00:00+00:00 [queued]>
[2024-06-02T11:39:43.740+0000] {taskinstance.py:2076} INFO - Dependencies all met for dep_context=requeueable deps ti=<TaskInstance: dag_with_docker_operator.check_status scheduled__2024-06-01T23:00:00+00:00 [queued]>
[2024-06-02T11:39:43.741+0000] {taskinstance.py:2306} INFO - Starting attempt 1 of 2
[2024-06-02T11:39:44.008+0000] {taskinstance.py:2330} INFO - Executing <Task(PythonOperator): check_status> on 2024-06-01 23:00:00+00:00
[2024-06-02T11:39:44.015+0000] {standard_task_runner.py:63} INFO - Started process 1928 to run task
[2024-06-02T11:39:44.018+0000] {standard_task_runner.py:90} INFO - Running: ['airflow', 'tasks', 'run', 'dag_with_docker_operator', 'check_status', 'scheduled__2024-06-01T23:00:00+00:00', '--job-id', '850', '--raw', '--subdir', 'DAGS_FOLDER/dag_with_docker_operator.py', '--cfg-path', '/tmp/tmpb7hwejh1']
[2024-06-02T11:39:44.020+0000] {standard_task_runner.py:91} INFO - Job 850: Subtask check_status
[2024-06-02T11:39:44.117+0000] {task_command.py:426} INFO - Running <TaskInstance: dag_with_docker_operator.check_status scheduled__2024-06-01T23:00:00+00:00 [running]> on host 9c47fcd741af
[2024-06-02T11:39:44.313+0000] {taskinstance.py:2648} INFO - Exporting env vars: AIRFLOW_CTX_DAG_OWNER='airflow' AIRFLOW_CTX_DAG_ID='dag_with_docker_operator' AIRFLOW_CTX_TASK_ID='check_status' AIRFLOW_CTX_EXECUTION_DATE='2024-06-01T23:00:00+00:00' AIRFLOW_CTX_TRY_NUMBER='1' AIRFLOW_CTX_DAG_RUN_ID='scheduled__2024-06-01T23:00:00+00:00'
[2024-06-02T11:39:44.314+0000] {taskinstance.py:430} INFO - ::endgroup::
[2024-06-02T11:39:44.342+0000] {python.py:237} INFO - Done. Returned value was: {'status': 'failed'}
[2024-06-02T11:39:44.343+0000] {taskinstance.py:441} INFO - ::group::Post task execution logs
[2024-06-02T11:39:44.398+0000] {taskinstance.py:1206} INFO - Marking task as SUCCESS. dag_id=dag_with_docker_operator, task_id=check_status, run_id=scheduled__2024-06-01T23:00:00+00:00, execution_date=20240601T230000, start_date=20240602T113943, end_date=20240602T113944
[2024-06-02T11:39:44.472+0000] {local_task_job_runner.py:240} INFO - Task exited with return code 0
[2024-06-02T11:39:44.497+0000] {taskinstance.py:3498} INFO - 0 downstream tasks scheduled from follow-on schedule check
[2024-06-02T11:39:44.499+0000] {local_task_job_runner.py:222} INFO - ::endgroup::
[2024-06-02T12:38:20.434+0000] {local_task_job_runner.py:120} INFO - ::group::Pre task execution logs
[2024-06-02T12:38:20.543+0000] {taskinstance.py:2076} INFO - Dependencies all met for dep_context=non-requeueable deps ti=<TaskInstance: dag_with_docker_operator.check_status scheduled__2024-06-01T23:00:00+00:00 [queued]>
[2024-06-02T12:38:20.575+0000] {taskinstance.py:2076} INFO - Dependencies all met for dep_context=requeueable deps ti=<TaskInstance: dag_with_docker_operator.check_status scheduled__2024-06-01T23:00:00+00:00 [queued]>
[2024-06-02T12:38:20.592+0000] {taskinstance.py:2306} INFO - Starting attempt 1 of 2
[2024-06-02T12:38:20.654+0000] {taskinstance.py:2330} INFO - Executing <Task(PythonOperator): check_status> on 2024-06-01 23:00:00+00:00
[2024-06-02T12:38:20.661+0000] {standard_task_runner.py:63} INFO - Started process 3483 to run task
[2024-06-02T12:38:20.665+0000] {standard_task_runner.py:90} INFO - Running: ['airflow', 'tasks', 'run', 'dag_with_docker_operator', 'check_status', 'scheduled__2024-06-01T23:00:00+00:00', '--job-id', '896', '--raw', '--subdir', 'DAGS_FOLDER/dag_with_docker_operator.py', '--cfg-path', '/tmp/tmpm59vuo3z']
[2024-06-02T12:38:20.668+0000] {standard_task_runner.py:91} INFO - Job 896: Subtask check_status
[2024-06-02T12:38:21.039+0000] {task_command.py:426} INFO - Running <TaskInstance: dag_with_docker_operator.check_status scheduled__2024-06-01T23:00:00+00:00 [running]> on host 9c47fcd741af
[2024-06-02T12:38:21.337+0000] {taskinstance.py:2648} INFO - Exporting env vars: AIRFLOW_CTX_DAG_OWNER='airflow' AIRFLOW_CTX_DAG_ID='dag_with_docker_operator' AIRFLOW_CTX_TASK_ID='check_status' AIRFLOW_CTX_EXECUTION_DATE='2024-06-01T23:00:00+00:00' AIRFLOW_CTX_TRY_NUMBER='1' AIRFLOW_CTX_DAG_RUN_ID='scheduled__2024-06-01T23:00:00+00:00'
[2024-06-02T12:38:21.339+0000] {taskinstance.py:430} INFO - ::endgroup::
[2024-06-02T12:38:21.362+0000] {taskinstance.py:441} INFO - ::group::Post task execution logs
[2024-06-02T12:38:21.363+0000] {taskinstance.py:2905} ERROR - Task failed with exception
Traceback (most recent call last):
  File "/home/airflow/.local/lib/python3.12/site-packages/airflow/models/taskinstance.py", line 465, in _execute_task
    result = _execute_callable(context=context, **execute_callable_kwargs)
             ^^^^^^^^^^^^^^^^^^^^^^^^^^^^^^^^^^^^^^^^^^^^^^^^^^^^^^^^^^^^^
  File "/home/airflow/.local/lib/python3.12/site-packages/airflow/models/taskinstance.py", line 432, in _execute_callable
    return execute_callable(context=context, **execute_callable_kwargs)
           ^^^^^^^^^^^^^^^^^^^^^^^^^^^^^^^^^^^^^^^^^^^^^^^^^^^^^^^^^^^^
  File "/home/airflow/.local/lib/python3.12/site-packages/airflow/models/baseoperator.py", line 400, in wrapper
    return func(self, *args, **kwargs)
           ^^^^^^^^^^^^^^^^^^^^^^^^^^^
  File "/home/airflow/.local/lib/python3.12/site-packages/airflow/operators/python.py", line 235, in execute
    return_value = self.execute_callable()
                   ^^^^^^^^^^^^^^^^^^^^^^^
  File "/home/airflow/.local/lib/python3.12/site-packages/airflow/operators/python.py", line 252, in execute_callable
    return self.python_callable(*self.op_args, **self.op_kwargs)
           ^^^^^^^^^^^^^^^^^^^^^^^^^^^^^^^^^^^^^^^^^^^^^^^^^^^^^
  File "/opt/airflow/dags/dag_with_docker_operator.py", line 24, in check_send_status
    raise ValueError(f"Request returned non-success status: {response_json.get('status')}")
ValueError: Request returned non-success status: failed
[2024-06-02T12:38:21.385+0000] {taskinstance.py:1206} INFO - Marking task as UP_FOR_RETRY. dag_id=dag_with_docker_operator, task_id=check_status, run_id=scheduled__2024-06-01T23:00:00+00:00, execution_date=20240601T230000, start_date=20240602T123820, end_date=20240602T123821
[2024-06-02T12:38:21.431+0000] {standard_task_runner.py:110} ERROR - Failed to execute job 896 for task check_status (Request returned non-success status: failed; 3483)
[2024-06-02T12:38:21.485+0000] {local_task_job_runner.py:240} INFO - Task exited with return code 1
[2024-06-02T12:38:21.617+0000] {taskinstance.py:3498} INFO - 0 downstream tasks scheduled from follow-on schedule check
[2024-06-02T12:38:21.619+0000] {local_task_job_runner.py:222} INFO - ::endgroup::
