[2024-06-02T10:43:44.283+0000] {local_task_job_runner.py:120} INFO - ::group::Pre task execution logs
[2024-06-02T10:43:44.335+0000] {taskinstance.py:2076} INFO - Dependencies all met for dep_context=non-requeueable deps ti=<TaskInstance: dag_with_docker_operator.check_status scheduled__2024-06-02T04:00:00+00:00 [queued]>
[2024-06-02T10:43:44.359+0000] {taskinstance.py:2076} INFO - Dependencies all met for dep_context=requeueable deps ti=<TaskInstance: dag_with_docker_operator.check_status scheduled__2024-06-02T04:00:00+00:00 [queued]>
[2024-06-02T10:43:44.360+0000] {taskinstance.py:2306} INFO - Starting attempt 1 of 2
[2024-06-02T10:43:44.499+0000] {taskinstance.py:2330} INFO - Executing <Task(PythonOperator): check_status> on 2024-06-02 04:00:00+00:00
[2024-06-02T10:43:44.505+0000] {standard_task_runner.py:63} INFO - Started process 1114 to run task
[2024-06-02T10:43:44.508+0000] {standard_task_runner.py:90} INFO - Running: ['airflow', 'tasks', 'run', 'dag_with_docker_operator', 'check_status', 'scheduled__2024-06-02T04:00:00+00:00', '--job-id', '870', '--raw', '--subdir', 'DAGS_FOLDER/dag_with_docker_operator.py', '--cfg-path', '/tmp/tmpd1rb04h7']
[2024-06-02T10:43:44.510+0000] {standard_task_runner.py:91} INFO - Job 870: Subtask check_status
[2024-06-02T10:43:44.619+0000] {task_command.py:426} INFO - Running <TaskInstance: dag_with_docker_operator.check_status scheduled__2024-06-02T04:00:00+00:00 [running]> on host 9c47fcd741af
[2024-06-02T10:43:44.840+0000] {taskinstance.py:2648} INFO - Exporting env vars: AIRFLOW_CTX_DAG_OWNER='airflow' AIRFLOW_CTX_DAG_ID='dag_with_docker_operator' AIRFLOW_CTX_TASK_ID='check_status' AIRFLOW_CTX_EXECUTION_DATE='2024-06-02T04:00:00+00:00' AIRFLOW_CTX_TRY_NUMBER='1' AIRFLOW_CTX_DAG_RUN_ID='scheduled__2024-06-02T04:00:00+00:00'
[2024-06-02T10:43:44.841+0000] {taskinstance.py:430} INFO - ::endgroup::
[2024-06-02T10:43:44.870+0000] {python.py:237} INFO - Done. Returned value was: {'status': 'success'}
[2024-06-02T10:43:44.871+0000] {taskinstance.py:441} INFO - ::group::Post task execution logs
[2024-06-02T10:43:44.947+0000] {taskinstance.py:1206} INFO - Marking task as SUCCESS. dag_id=dag_with_docker_operator, task_id=check_status, run_id=scheduled__2024-06-02T04:00:00+00:00, execution_date=20240602T040000, start_date=20240602T104344, end_date=20240602T104344
[2024-06-02T10:43:45.042+0000] {local_task_job_runner.py:240} INFO - Task exited with return code 0
[2024-06-02T10:43:45.075+0000] {taskinstance.py:3498} INFO - 0 downstream tasks scheduled from follow-on schedule check
[2024-06-02T10:43:45.078+0000] {local_task_job_runner.py:222} INFO - ::endgroup::
[2024-06-02T11:43:41.477+0000] {local_task_job_runner.py:120} INFO - ::group::Pre task execution logs
[2024-06-02T11:43:41.531+0000] {taskinstance.py:2076} INFO - Dependencies all met for dep_context=non-requeueable deps ti=<TaskInstance: dag_with_docker_operator.check_status scheduled__2024-06-02T04:00:00+00:00 [queued]>
[2024-06-02T11:43:41.577+0000] {taskinstance.py:2076} INFO - Dependencies all met for dep_context=requeueable deps ti=<TaskInstance: dag_with_docker_operator.check_status scheduled__2024-06-02T04:00:00+00:00 [queued]>
[2024-06-02T11:43:41.578+0000] {taskinstance.py:2306} INFO - Starting attempt 1 of 2
[2024-06-02T11:43:41.838+0000] {taskinstance.py:2330} INFO - Executing <Task(PythonOperator): check_status> on 2024-06-02 04:00:00+00:00
[2024-06-02T11:43:41.844+0000] {standard_task_runner.py:63} INFO - Started process 2044 to run task
[2024-06-02T11:43:41.847+0000] {standard_task_runner.py:90} INFO - Running: ['airflow', 'tasks', 'run', 'dag_with_docker_operator', 'check_status', 'scheduled__2024-06-02T04:00:00+00:00', '--job-id', '871', '--raw', '--subdir', 'DAGS_FOLDER/dag_with_docker_operator.py', '--cfg-path', '/tmp/tmpjddutr2v']
[2024-06-02T11:43:41.849+0000] {standard_task_runner.py:91} INFO - Job 871: Subtask check_status
[2024-06-02T11:43:41.979+0000] {task_command.py:426} INFO - Running <TaskInstance: dag_with_docker_operator.check_status scheduled__2024-06-02T04:00:00+00:00 [running]> on host 9c47fcd741af
[2024-06-02T11:43:42.200+0000] {taskinstance.py:2648} INFO - Exporting env vars: AIRFLOW_CTX_DAG_OWNER='airflow' AIRFLOW_CTX_DAG_ID='dag_with_docker_operator' AIRFLOW_CTX_TASK_ID='check_status' AIRFLOW_CTX_EXECUTION_DATE='2024-06-02T04:00:00+00:00' AIRFLOW_CTX_TRY_NUMBER='1' AIRFLOW_CTX_DAG_RUN_ID='scheduled__2024-06-02T04:00:00+00:00'
[2024-06-02T11:43:42.202+0000] {taskinstance.py:430} INFO - ::endgroup::
[2024-06-02T11:43:42.229+0000] {python.py:237} INFO - Done. Returned value was: {'status': 'failed'}
[2024-06-02T11:43:42.230+0000] {taskinstance.py:441} INFO - ::group::Post task execution logs
[2024-06-02T11:43:42.282+0000] {taskinstance.py:1206} INFO - Marking task as SUCCESS. dag_id=dag_with_docker_operator, task_id=check_status, run_id=scheduled__2024-06-02T04:00:00+00:00, execution_date=20240602T040000, start_date=20240602T114341, end_date=20240602T114342
[2024-06-02T11:43:42.342+0000] {local_task_job_runner.py:240} INFO - Task exited with return code 0
[2024-06-02T11:43:42.368+0000] {taskinstance.py:3498} INFO - 0 downstream tasks scheduled from follow-on schedule check
[2024-06-02T11:43:42.371+0000] {local_task_job_runner.py:222} INFO - ::endgroup::
[2024-06-02T12:44:47.158+0000] {local_task_job_runner.py:120} INFO - ::group::Pre task execution logs
[2024-06-02T12:44:47.216+0000] {taskinstance.py:2076} INFO - Dependencies all met for dep_context=non-requeueable deps ti=<TaskInstance: dag_with_docker_operator.check_status scheduled__2024-06-02T04:00:00+00:00 [queued]>
[2024-06-02T12:44:47.239+0000] {taskinstance.py:2076} INFO - Dependencies all met for dep_context=requeueable deps ti=<TaskInstance: dag_with_docker_operator.check_status scheduled__2024-06-02T04:00:00+00:00 [queued]>
[2024-06-02T12:44:47.240+0000] {taskinstance.py:2306} INFO - Starting attempt 1 of 2
[2024-06-02T12:44:47.291+0000] {taskinstance.py:2330} INFO - Executing <Task(PythonOperator): check_status> on 2024-06-02 04:00:00+00:00
[2024-06-02T12:44:47.298+0000] {standard_task_runner.py:63} INFO - Started process 3648 to run task
[2024-06-02T12:44:47.301+0000] {standard_task_runner.py:90} INFO - Running: ['airflow', 'tasks', 'run', 'dag_with_docker_operator', 'check_status', 'scheduled__2024-06-02T04:00:00+00:00', '--job-id', '926', '--raw', '--subdir', 'DAGS_FOLDER/dag_with_docker_operator.py', '--cfg-path', '/tmp/tmp9edkgmfx']
[2024-06-02T12:44:47.304+0000] {standard_task_runner.py:91} INFO - Job 926: Subtask check_status
[2024-06-02T12:44:47.626+0000] {task_command.py:426} INFO - Running <TaskInstance: dag_with_docker_operator.check_status scheduled__2024-06-02T04:00:00+00:00 [running]> on host 9c47fcd741af
[2024-06-02T12:44:47.856+0000] {taskinstance.py:2648} INFO - Exporting env vars: AIRFLOW_CTX_DAG_OWNER='airflow' AIRFLOW_CTX_DAG_ID='dag_with_docker_operator' AIRFLOW_CTX_TASK_ID='check_status' AIRFLOW_CTX_EXECUTION_DATE='2024-06-02T04:00:00+00:00' AIRFLOW_CTX_TRY_NUMBER='1' AIRFLOW_CTX_DAG_RUN_ID='scheduled__2024-06-02T04:00:00+00:00'
[2024-06-02T12:44:47.857+0000] {taskinstance.py:430} INFO - ::endgroup::
[2024-06-02T12:44:47.891+0000] {taskinstance.py:441} INFO - ::group::Post task execution logs
[2024-06-02T12:44:47.892+0000] {taskinstance.py:2905} ERROR - Task failed with exception
Traceback (most recent call last):
  File "/home/airflow/.local/lib/python3.12/site-packages/airflow/models/taskinstance.py", line 465, in _execute_task
    result = _execute_callable(context=context, **execute_callable_kwargs)
             ^^^^^^^^^^^^^^^^^^^^^^^^^^^^^^^^^^^^^^^^^^^^^^^^^^^^^^^^^^^^^
  File "/home/airflow/.local/lib/python3.12/site-packages/airflow/models/taskinstance.py", line 432, in _execute_callable
    return execute_callable(context=context, **execute_callable_kwargs)
           ^^^^^^^^^^^^^^^^^^^^^^^^^^^^^^^^^^^^^^^^^^^^^^^^^^^^^^^^^^^^
  File "/home/airflow/.local/lib/python3.12/site-packages/airflow/models/baseoperator.py", line 400, in wrapper
    return func(self, *args, **kwargs)
           ^^^^^^^^^^^^^^^^^^^^^^^^^^^
  File "/home/airflow/.local/lib/python3.12/site-packages/airflow/operators/python.py", line 235, in execute
    return_value = self.execute_callable()
                   ^^^^^^^^^^^^^^^^^^^^^^^
  File "/home/airflow/.local/lib/python3.12/site-packages/airflow/operators/python.py", line 252, in execute_callable
    return self.python_callable(*self.op_args, **self.op_kwargs)
           ^^^^^^^^^^^^^^^^^^^^^^^^^^^^^^^^^^^^^^^^^^^^^^^^^^^^^
  File "/opt/airflow/dags/dag_with_docker_operator.py", line 24, in check_send_status
    raise ValueError(f"Request returned non-success status: {response_json.get('status')}")
ValueError: Request returned non-success status: failed
[2024-06-02T12:44:47.917+0000] {taskinstance.py:1206} INFO - Marking task as UP_FOR_RETRY. dag_id=dag_with_docker_operator, task_id=check_status, run_id=scheduled__2024-06-02T04:00:00+00:00, execution_date=20240602T040000, start_date=20240602T124447, end_date=20240602T124447
[2024-06-02T12:44:47.968+0000] {standard_task_runner.py:110} ERROR - Failed to execute job 926 for task check_status (Request returned non-success status: failed; 3648)
[2024-06-02T12:44:48.001+0000] {local_task_job_runner.py:240} INFO - Task exited with return code 1
[2024-06-02T12:44:48.139+0000] {taskinstance.py:3498} INFO - 0 downstream tasks scheduled from follow-on schedule check
[2024-06-02T12:44:48.141+0000] {local_task_job_runner.py:222} INFO - ::endgroup::
