[2024-06-01T21:32:07.007+0000] {local_task_job_runner.py:120} INFO - ::group::Pre task execution logs
[2024-06-01T21:32:07.059+0000] {taskinstance.py:2076} INFO - Dependencies all met for dep_context=non-requeueable deps ti=<TaskInstance: dag_with_docker_operator.check_status scheduled__2024-06-01T18:30:00+00:00 [queued]>
[2024-06-01T21:32:07.079+0000] {taskinstance.py:2076} INFO - Dependencies all met for dep_context=requeueable deps ti=<TaskInstance: dag_with_docker_operator.check_status scheduled__2024-06-01T18:30:00+00:00 [queued]>
[2024-06-01T21:32:07.080+0000] {taskinstance.py:2306} INFO - Starting attempt 1 of 2
[2024-06-01T21:32:07.239+0000] {taskinstance.py:2330} INFO - Executing <Task(PythonOperator): check_status> on 2024-06-01 18:30:00+00:00
[2024-06-01T21:32:07.246+0000] {standard_task_runner.py:63} INFO - Started process 857 to run task
[2024-06-01T21:32:07.250+0000] {standard_task_runner.py:90} INFO - Running: ['airflow', 'tasks', 'run', 'dag_with_docker_operator', 'check_status', 'scheduled__2024-06-01T18:30:00+00:00', '--job-id', '832', '--raw', '--subdir', 'DAGS_FOLDER/dag_with_docker_operator.py', '--cfg-path', '/tmp/tmpc9snrmp9']
[2024-06-01T21:32:07.252+0000] {standard_task_runner.py:91} INFO - Job 832: Subtask check_status
[2024-06-01T21:32:07.353+0000] {task_command.py:426} INFO - Running <TaskInstance: dag_with_docker_operator.check_status scheduled__2024-06-01T18:30:00+00:00 [running]> on host 9c47fcd741af
[2024-06-01T21:32:07.554+0000] {taskinstance.py:2648} INFO - Exporting env vars: AIRFLOW_CTX_DAG_OWNER='airflow' AIRFLOW_CTX_DAG_ID='dag_with_docker_operator' AIRFLOW_CTX_TASK_ID='check_status' AIRFLOW_CTX_EXECUTION_DATE='2024-06-01T18:30:00+00:00' AIRFLOW_CTX_TRY_NUMBER='1' AIRFLOW_CTX_DAG_RUN_ID='scheduled__2024-06-01T18:30:00+00:00'
[2024-06-01T21:32:07.555+0000] {taskinstance.py:430} INFO - ::endgroup::
[2024-06-01T21:32:07.608+0000] {python.py:237} INFO - Done. Returned value was: {'status': 'success'}
[2024-06-01T21:32:07.610+0000] {taskinstance.py:441} INFO - ::group::Post task execution logs
[2024-06-01T21:32:07.708+0000] {taskinstance.py:1206} INFO - Marking task as SUCCESS. dag_id=dag_with_docker_operator, task_id=check_status, run_id=scheduled__2024-06-01T18:30:00+00:00, execution_date=20240601T183000, start_date=20240601T213207, end_date=20240601T213207
[2024-06-01T21:32:07.784+0000] {local_task_job_runner.py:240} INFO - Task exited with return code 0
[2024-06-01T21:32:07.821+0000] {taskinstance.py:3498} INFO - 0 downstream tasks scheduled from follow-on schedule check
[2024-06-01T21:32:07.829+0000] {local_task_job_runner.py:222} INFO - ::endgroup::
[2024-06-02T11:36:34.070+0000] {local_task_job_runner.py:120} INFO - ::group::Pre task execution logs
[2024-06-02T11:36:34.114+0000] {taskinstance.py:2076} INFO - Dependencies all met for dep_context=non-requeueable deps ti=<TaskInstance: dag_with_docker_operator.check_status scheduled__2024-06-01T18:30:00+00:00 [queued]>
[2024-06-02T11:36:34.134+0000] {taskinstance.py:2076} INFO - Dependencies all met for dep_context=requeueable deps ti=<TaskInstance: dag_with_docker_operator.check_status scheduled__2024-06-01T18:30:00+00:00 [queued]>
[2024-06-02T11:36:34.135+0000] {taskinstance.py:2306} INFO - Starting attempt 1 of 2
[2024-06-02T11:36:34.276+0000] {taskinstance.py:2330} INFO - Executing <Task(PythonOperator): check_status> on 2024-06-01 18:30:00+00:00
[2024-06-02T11:36:34.282+0000] {standard_task_runner.py:63} INFO - Started process 1829 to run task
[2024-06-02T11:36:34.284+0000] {standard_task_runner.py:90} INFO - Running: ['airflow', 'tasks', 'run', 'dag_with_docker_operator', 'check_status', 'scheduled__2024-06-01T18:30:00+00:00', '--job-id', '832', '--raw', '--subdir', 'DAGS_FOLDER/dag_with_docker_operator.py', '--cfg-path', '/tmp/tmp69igmfwu']
[2024-06-02T11:36:34.286+0000] {standard_task_runner.py:91} INFO - Job 832: Subtask check_status
[2024-06-02T11:36:34.384+0000] {task_command.py:426} INFO - Running <TaskInstance: dag_with_docker_operator.check_status scheduled__2024-06-01T18:30:00+00:00 [running]> on host 9c47fcd741af
[2024-06-02T11:36:34.580+0000] {taskinstance.py:2648} INFO - Exporting env vars: AIRFLOW_CTX_DAG_OWNER='airflow' AIRFLOW_CTX_DAG_ID='dag_with_docker_operator' AIRFLOW_CTX_TASK_ID='check_status' AIRFLOW_CTX_EXECUTION_DATE='2024-06-01T18:30:00+00:00' AIRFLOW_CTX_TRY_NUMBER='1' AIRFLOW_CTX_DAG_RUN_ID='scheduled__2024-06-01T18:30:00+00:00'
[2024-06-02T11:36:34.582+0000] {taskinstance.py:430} INFO - ::endgroup::
[2024-06-02T11:36:34.610+0000] {python.py:237} INFO - Done. Returned value was: {'status': 'failed'}
[2024-06-02T11:36:34.613+0000] {taskinstance.py:441} INFO - ::group::Post task execution logs
[2024-06-02T11:36:34.718+0000] {taskinstance.py:1206} INFO - Marking task as SUCCESS. dag_id=dag_with_docker_operator, task_id=check_status, run_id=scheduled__2024-06-01T18:30:00+00:00, execution_date=20240601T183000, start_date=20240602T113634, end_date=20240602T113634
[2024-06-02T11:36:34.781+0000] {local_task_job_runner.py:240} INFO - Task exited with return code 0
[2024-06-02T11:36:34.804+0000] {taskinstance.py:3498} INFO - 0 downstream tasks scheduled from follow-on schedule check
[2024-06-02T11:36:34.806+0000] {local_task_job_runner.py:222} INFO - ::endgroup::
[2024-06-02T12:31:12.826+0000] {local_task_job_runner.py:120} INFO - ::group::Pre task execution logs
[2024-06-02T12:31:12.873+0000] {taskinstance.py:2076} INFO - Dependencies all met for dep_context=non-requeueable deps ti=<TaskInstance: dag_with_docker_operator.check_status scheduled__2024-06-01T18:30:00+00:00 [queued]>
[2024-06-02T12:31:12.895+0000] {taskinstance.py:2076} INFO - Dependencies all met for dep_context=requeueable deps ti=<TaskInstance: dag_with_docker_operator.check_status scheduled__2024-06-01T18:30:00+00:00 [queued]>
[2024-06-02T12:31:12.895+0000] {taskinstance.py:2306} INFO - Starting attempt 1 of 2
[2024-06-02T12:31:12.946+0000] {taskinstance.py:2330} INFO - Executing <Task(PythonOperator): check_status> on 2024-06-01 18:30:00+00:00
[2024-06-02T12:31:12.953+0000] {standard_task_runner.py:63} INFO - Started process 3313 to run task
[2024-06-02T12:31:12.956+0000] {standard_task_runner.py:90} INFO - Running: ['airflow', 'tasks', 'run', 'dag_with_docker_operator', 'check_status', 'scheduled__2024-06-01T18:30:00+00:00', '--job-id', '865', '--raw', '--subdir', 'DAGS_FOLDER/dag_with_docker_operator.py', '--cfg-path', '/tmp/tmpknujh7ba']
[2024-06-02T12:31:12.957+0000] {standard_task_runner.py:91} INFO - Job 865: Subtask check_status
[2024-06-02T12:31:13.203+0000] {task_command.py:426} INFO - Running <TaskInstance: dag_with_docker_operator.check_status scheduled__2024-06-01T18:30:00+00:00 [running]> on host 9c47fcd741af
[2024-06-02T12:31:13.386+0000] {taskinstance.py:2648} INFO - Exporting env vars: AIRFLOW_CTX_DAG_OWNER='airflow' AIRFLOW_CTX_DAG_ID='dag_with_docker_operator' AIRFLOW_CTX_TASK_ID='check_status' AIRFLOW_CTX_EXECUTION_DATE='2024-06-01T18:30:00+00:00' AIRFLOW_CTX_TRY_NUMBER='1' AIRFLOW_CTX_DAG_RUN_ID='scheduled__2024-06-01T18:30:00+00:00'
[2024-06-02T12:31:13.387+0000] {taskinstance.py:430} INFO - ::endgroup::
[2024-06-02T12:31:13.411+0000] {taskinstance.py:441} INFO - ::group::Post task execution logs
[2024-06-02T12:31:13.412+0000] {taskinstance.py:2905} ERROR - Task failed with exception
Traceback (most recent call last):
  File "/home/airflow/.local/lib/python3.12/site-packages/airflow/models/taskinstance.py", line 465, in _execute_task
    result = _execute_callable(context=context, **execute_callable_kwargs)
             ^^^^^^^^^^^^^^^^^^^^^^^^^^^^^^^^^^^^^^^^^^^^^^^^^^^^^^^^^^^^^
  File "/home/airflow/.local/lib/python3.12/site-packages/airflow/models/taskinstance.py", line 432, in _execute_callable
    return execute_callable(context=context, **execute_callable_kwargs)
           ^^^^^^^^^^^^^^^^^^^^^^^^^^^^^^^^^^^^^^^^^^^^^^^^^^^^^^^^^^^^
  File "/home/airflow/.local/lib/python3.12/site-packages/airflow/models/baseoperator.py", line 400, in wrapper
    return func(self, *args, **kwargs)
           ^^^^^^^^^^^^^^^^^^^^^^^^^^^
  File "/home/airflow/.local/lib/python3.12/site-packages/airflow/operators/python.py", line 235, in execute
    return_value = self.execute_callable()
                   ^^^^^^^^^^^^^^^^^^^^^^^
  File "/home/airflow/.local/lib/python3.12/site-packages/airflow/operators/python.py", line 252, in execute_callable
    return self.python_callable(*self.op_args, **self.op_kwargs)
           ^^^^^^^^^^^^^^^^^^^^^^^^^^^^^^^^^^^^^^^^^^^^^^^^^^^^^
  File "/opt/airflow/dags/dag_with_docker_operator.py", line 24, in check_send_status
    raise ValueError(f"Request returned non-success status: {response_json.get('status')}")
ValueError: Request returned non-success status: failed
[2024-06-02T12:31:13.436+0000] {taskinstance.py:1206} INFO - Marking task as UP_FOR_RETRY. dag_id=dag_with_docker_operator, task_id=check_status, run_id=scheduled__2024-06-01T18:30:00+00:00, execution_date=20240601T183000, start_date=20240602T123112, end_date=20240602T123113
[2024-06-02T12:31:13.540+0000] {standard_task_runner.py:110} ERROR - Failed to execute job 865 for task check_status (Request returned non-success status: failed; 3313)
[2024-06-02T12:31:13.573+0000] {local_task_job_runner.py:240} INFO - Task exited with return code 1
[2024-06-02T12:31:13.708+0000] {taskinstance.py:3498} INFO - 0 downstream tasks scheduled from follow-on schedule check
[2024-06-02T12:31:13.711+0000] {local_task_job_runner.py:222} INFO - ::endgroup::
