[2024-06-01T21:30:54.860+0000] {local_task_job_runner.py:120} INFO - ::group::Pre task execution logs
[2024-06-01T21:30:54.911+0000] {taskinstance.py:2076} INFO - Dependencies all met for dep_context=non-requeueable deps ti=<TaskInstance: dag_with_docker_operator.check_status scheduled__2024-06-01T16:30:00+00:00 [queued]>
[2024-06-01T21:30:54.933+0000] {taskinstance.py:2076} INFO - Dependencies all met for dep_context=requeueable deps ti=<TaskInstance: dag_with_docker_operator.check_status scheduled__2024-06-01T16:30:00+00:00 [queued]>
[2024-06-01T21:30:54.935+0000] {taskinstance.py:2306} INFO - Starting attempt 1 of 2
[2024-06-01T21:30:55.302+0000] {taskinstance.py:2330} INFO - Executing <Task(PythonOperator): check_status> on 2024-06-01 16:30:00+00:00
[2024-06-01T21:30:55.311+0000] {standard_task_runner.py:63} INFO - Started process 813 to run task
[2024-06-01T21:30:55.323+0000] {standard_task_runner.py:90} INFO - Running: ['airflow', 'tasks', 'run', 'dag_with_docker_operator', 'check_status', 'scheduled__2024-06-01T16:30:00+00:00', '--job-id', '824', '--raw', '--subdir', 'DAGS_FOLDER/dag_with_docker_operator.py', '--cfg-path', '/tmp/tmptny70kef']
[2024-06-01T21:30:55.326+0000] {standard_task_runner.py:91} INFO - Job 824: Subtask check_status
[2024-06-01T21:30:55.450+0000] {task_command.py:426} INFO - Running <TaskInstance: dag_with_docker_operator.check_status scheduled__2024-06-01T16:30:00+00:00 [running]> on host 9c47fcd741af
[2024-06-01T21:30:55.652+0000] {taskinstance.py:2648} INFO - Exporting env vars: AIRFLOW_CTX_DAG_OWNER='airflow' AIRFLOW_CTX_DAG_ID='dag_with_docker_operator' AIRFLOW_CTX_TASK_ID='check_status' AIRFLOW_CTX_EXECUTION_DATE='2024-06-01T16:30:00+00:00' AIRFLOW_CTX_TRY_NUMBER='1' AIRFLOW_CTX_DAG_RUN_ID='scheduled__2024-06-01T16:30:00+00:00'
[2024-06-01T21:30:55.653+0000] {taskinstance.py:430} INFO - ::endgroup::
[2024-06-01T21:30:55.684+0000] {python.py:237} INFO - Done. Returned value was: {'status': 'success'}
[2024-06-01T21:30:55.685+0000] {taskinstance.py:441} INFO - ::group::Post task execution logs
[2024-06-01T21:30:55.761+0000] {taskinstance.py:1206} INFO - Marking task as SUCCESS. dag_id=dag_with_docker_operator, task_id=check_status, run_id=scheduled__2024-06-01T16:30:00+00:00, execution_date=20240601T163000, start_date=20240601T213054, end_date=20240601T213055
[2024-06-01T21:30:55.853+0000] {local_task_job_runner.py:240} INFO - Task exited with return code 0
[2024-06-01T21:30:55.880+0000] {taskinstance.py:3498} INFO - 0 downstream tasks scheduled from follow-on schedule check
[2024-06-01T21:30:55.883+0000] {local_task_job_runner.py:222} INFO - ::endgroup::
[2024-06-02T11:35:22.152+0000] {local_task_job_runner.py:120} INFO - ::group::Pre task execution logs
[2024-06-02T11:35:22.193+0000] {taskinstance.py:2076} INFO - Dependencies all met for dep_context=non-requeueable deps ti=<TaskInstance: dag_with_docker_operator.check_status scheduled__2024-06-01T16:30:00+00:00 [queued]>
[2024-06-02T11:35:22.211+0000] {taskinstance.py:2076} INFO - Dependencies all met for dep_context=requeueable deps ti=<TaskInstance: dag_with_docker_operator.check_status scheduled__2024-06-01T16:30:00+00:00 [queued]>
[2024-06-02T11:35:22.212+0000] {taskinstance.py:2306} INFO - Starting attempt 1 of 2
[2024-06-02T11:35:22.364+0000] {taskinstance.py:2330} INFO - Executing <Task(PythonOperator): check_status> on 2024-06-01 16:30:00+00:00
[2024-06-02T11:35:22.371+0000] {standard_task_runner.py:63} INFO - Started process 1785 to run task
[2024-06-02T11:35:22.374+0000] {standard_task_runner.py:90} INFO - Running: ['airflow', 'tasks', 'run', 'dag_with_docker_operator', 'check_status', 'scheduled__2024-06-01T16:30:00+00:00', '--job-id', '824', '--raw', '--subdir', 'DAGS_FOLDER/dag_with_docker_operator.py', '--cfg-path', '/tmp/tmpp2pw1494']
[2024-06-02T11:35:22.377+0000] {standard_task_runner.py:91} INFO - Job 824: Subtask check_status
[2024-06-02T11:35:22.488+0000] {task_command.py:426} INFO - Running <TaskInstance: dag_with_docker_operator.check_status scheduled__2024-06-01T16:30:00+00:00 [running]> on host 9c47fcd741af
[2024-06-02T11:35:22.677+0000] {taskinstance.py:2648} INFO - Exporting env vars: AIRFLOW_CTX_DAG_OWNER='airflow' AIRFLOW_CTX_DAG_ID='dag_with_docker_operator' AIRFLOW_CTX_TASK_ID='check_status' AIRFLOW_CTX_EXECUTION_DATE='2024-06-01T16:30:00+00:00' AIRFLOW_CTX_TRY_NUMBER='1' AIRFLOW_CTX_DAG_RUN_ID='scheduled__2024-06-01T16:30:00+00:00'
[2024-06-02T11:35:22.678+0000] {taskinstance.py:430} INFO - ::endgroup::
[2024-06-02T11:35:22.705+0000] {python.py:237} INFO - Done. Returned value was: {'status': 'failed'}
[2024-06-02T11:35:22.707+0000] {taskinstance.py:441} INFO - ::group::Post task execution logs
[2024-06-02T11:35:22.764+0000] {taskinstance.py:1206} INFO - Marking task as SUCCESS. dag_id=dag_with_docker_operator, task_id=check_status, run_id=scheduled__2024-06-01T16:30:00+00:00, execution_date=20240601T163000, start_date=20240602T113522, end_date=20240602T113522
[2024-06-02T11:35:22.828+0000] {local_task_job_runner.py:240} INFO - Task exited with return code 0
[2024-06-02T11:35:22.867+0000] {taskinstance.py:3498} INFO - 0 downstream tasks scheduled from follow-on schedule check
[2024-06-02T11:35:22.869+0000] {local_task_job_runner.py:222} INFO - ::endgroup::
[2024-06-02T12:07:36.848+0000] {local_task_job_runner.py:120} INFO - ::group::Pre task execution logs
[2024-06-02T12:07:36.924+0000] {taskinstance.py:2076} INFO - Dependencies all met for dep_context=non-requeueable deps ti=<TaskInstance: dag_with_docker_operator.check_status scheduled__2024-06-01T16:30:00+00:00 [queued]>
[2024-06-02T12:07:36.946+0000] {taskinstance.py:2076} INFO - Dependencies all met for dep_context=requeueable deps ti=<TaskInstance: dag_with_docker_operator.check_status scheduled__2024-06-01T16:30:00+00:00 [queued]>
[2024-06-02T12:07:36.947+0000] {taskinstance.py:2306} INFO - Starting attempt 1 of 2
[2024-06-02T12:07:37.113+0000] {taskinstance.py:2330} INFO - Executing <Task(PythonOperator): check_status> on 2024-06-01 16:30:00+00:00
[2024-06-02T12:07:37.119+0000] {standard_task_runner.py:63} INFO - Started process 2664 to run task
[2024-06-02T12:07:37.123+0000] {standard_task_runner.py:90} INFO - Running: ['airflow', 'tasks', 'run', 'dag_with_docker_operator', 'check_status', 'scheduled__2024-06-01T16:30:00+00:00', '--job-id', '843', '--raw', '--subdir', 'DAGS_FOLDER/dag_with_docker_operator.py', '--cfg-path', '/tmp/tmpj9jk6o47']
[2024-06-02T12:07:37.127+0000] {standard_task_runner.py:91} INFO - Job 843: Subtask check_status
[2024-06-02T12:07:37.235+0000] {task_command.py:426} INFO - Running <TaskInstance: dag_with_docker_operator.check_status scheduled__2024-06-01T16:30:00+00:00 [running]> on host 9c47fcd741af
[2024-06-02T12:07:37.541+0000] {taskinstance.py:2648} INFO - Exporting env vars: AIRFLOW_CTX_DAG_OWNER='airflow' AIRFLOW_CTX_DAG_ID='dag_with_docker_operator' AIRFLOW_CTX_TASK_ID='check_status' AIRFLOW_CTX_EXECUTION_DATE='2024-06-01T16:30:00+00:00' AIRFLOW_CTX_TRY_NUMBER='1' AIRFLOW_CTX_DAG_RUN_ID='scheduled__2024-06-01T16:30:00+00:00'
[2024-06-02T12:07:37.542+0000] {taskinstance.py:430} INFO - ::endgroup::
[2024-06-02T12:07:37.575+0000] {taskinstance.py:441} INFO - ::group::Post task execution logs
[2024-06-02T12:07:37.578+0000] {taskinstance.py:2905} ERROR - Task failed with exception
Traceback (most recent call last):
  File "/home/airflow/.local/lib/python3.12/site-packages/airflow/models/taskinstance.py", line 465, in _execute_task
    result = _execute_callable(context=context, **execute_callable_kwargs)
             ^^^^^^^^^^^^^^^^^^^^^^^^^^^^^^^^^^^^^^^^^^^^^^^^^^^^^^^^^^^^^
  File "/home/airflow/.local/lib/python3.12/site-packages/airflow/models/taskinstance.py", line 432, in _execute_callable
    return execute_callable(context=context, **execute_callable_kwargs)
           ^^^^^^^^^^^^^^^^^^^^^^^^^^^^^^^^^^^^^^^^^^^^^^^^^^^^^^^^^^^^
  File "/home/airflow/.local/lib/python3.12/site-packages/airflow/models/baseoperator.py", line 400, in wrapper
    return func(self, *args, **kwargs)
           ^^^^^^^^^^^^^^^^^^^^^^^^^^^
  File "/home/airflow/.local/lib/python3.12/site-packages/airflow/operators/python.py", line 235, in execute
    return_value = self.execute_callable()
                   ^^^^^^^^^^^^^^^^^^^^^^^
  File "/home/airflow/.local/lib/python3.12/site-packages/airflow/operators/python.py", line 252, in execute_callable
    return self.python_callable(*self.op_args, **self.op_kwargs)
           ^^^^^^^^^^^^^^^^^^^^^^^^^^^^^^^^^^^^^^^^^^^^^^^^^^^^^
  File "/opt/airflow/dags/dag_with_docker_operator.py", line 24, in check_send_status
    raise ValueError(f"Check send status failed: {result}")
ValueError: Check send status failed: {'status': 'failed'}
[2024-06-02T12:07:37.600+0000] {taskinstance.py:1206} INFO - Marking task as UP_FOR_RETRY. dag_id=dag_with_docker_operator, task_id=check_status, run_id=scheduled__2024-06-01T16:30:00+00:00, execution_date=20240601T163000, start_date=20240602T120736, end_date=20240602T120737
[2024-06-02T12:07:37.651+0000] {standard_task_runner.py:110} ERROR - Failed to execute job 843 for task check_status (Check send status failed: {'status': 'failed'}; 2664)
[2024-06-02T12:07:37.699+0000] {local_task_job_runner.py:240} INFO - Task exited with return code 1
[2024-06-02T12:07:37.723+0000] {taskinstance.py:3498} INFO - 0 downstream tasks scheduled from follow-on schedule check
[2024-06-02T12:07:37.725+0000] {local_task_job_runner.py:222} INFO - ::endgroup::
[2024-06-02T12:28:49.871+0000] {local_task_job_runner.py:120} INFO - ::group::Pre task execution logs
[2024-06-02T12:28:50.033+0000] {taskinstance.py:2076} INFO - Dependencies all met for dep_context=non-requeueable deps ti=<TaskInstance: dag_with_docker_operator.check_status scheduled__2024-06-01T16:30:00+00:00 [queued]>
[2024-06-02T12:28:50.074+0000] {taskinstance.py:2076} INFO - Dependencies all met for dep_context=requeueable deps ti=<TaskInstance: dag_with_docker_operator.check_status scheduled__2024-06-01T16:30:00+00:00 [queued]>
[2024-06-02T12:28:50.075+0000] {taskinstance.py:2306} INFO - Starting attempt 1 of 2
[2024-06-02T12:28:50.151+0000] {taskinstance.py:2330} INFO - Executing <Task(PythonOperator): check_status> on 2024-06-01 16:30:00+00:00
[2024-06-02T12:28:50.166+0000] {standard_task_runner.py:63} INFO - Started process 3236 to run task
[2024-06-02T12:28:50.170+0000] {standard_task_runner.py:90} INFO - Running: ['airflow', 'tasks', 'run', 'dag_with_docker_operator', 'check_status', 'scheduled__2024-06-01T16:30:00+00:00', '--job-id', '851', '--raw', '--subdir', 'DAGS_FOLDER/dag_with_docker_operator.py', '--cfg-path', '/tmp/tmpk9g0bhfx']
[2024-06-02T12:28:50.172+0000] {standard_task_runner.py:91} INFO - Job 851: Subtask check_status
[2024-06-02T12:28:50.650+0000] {task_command.py:426} INFO - Running <TaskInstance: dag_with_docker_operator.check_status scheduled__2024-06-01T16:30:00+00:00 [running]> on host 9c47fcd741af
[2024-06-02T12:28:51.598+0000] {taskinstance.py:2648} INFO - Exporting env vars: AIRFLOW_CTX_DAG_OWNER='airflow' AIRFLOW_CTX_DAG_ID='dag_with_docker_operator' AIRFLOW_CTX_TASK_ID='check_status' AIRFLOW_CTX_EXECUTION_DATE='2024-06-01T16:30:00+00:00' AIRFLOW_CTX_TRY_NUMBER='1' AIRFLOW_CTX_DAG_RUN_ID='scheduled__2024-06-01T16:30:00+00:00'
[2024-06-02T12:28:51.600+0000] {taskinstance.py:430} INFO - ::endgroup::
[2024-06-02T12:28:51.636+0000] {taskinstance.py:441} INFO - ::group::Post task execution logs
[2024-06-02T12:28:51.637+0000] {taskinstance.py:2905} ERROR - Task failed with exception
Traceback (most recent call last):
  File "/home/airflow/.local/lib/python3.12/site-packages/airflow/models/taskinstance.py", line 465, in _execute_task
    result = _execute_callable(context=context, **execute_callable_kwargs)
             ^^^^^^^^^^^^^^^^^^^^^^^^^^^^^^^^^^^^^^^^^^^^^^^^^^^^^^^^^^^^^
  File "/home/airflow/.local/lib/python3.12/site-packages/airflow/models/taskinstance.py", line 432, in _execute_callable
    return execute_callable(context=context, **execute_callable_kwargs)
           ^^^^^^^^^^^^^^^^^^^^^^^^^^^^^^^^^^^^^^^^^^^^^^^^^^^^^^^^^^^^
  File "/home/airflow/.local/lib/python3.12/site-packages/airflow/models/baseoperator.py", line 400, in wrapper
    return func(self, *args, **kwargs)
           ^^^^^^^^^^^^^^^^^^^^^^^^^^^
  File "/home/airflow/.local/lib/python3.12/site-packages/airflow/operators/python.py", line 235, in execute
    return_value = self.execute_callable()
                   ^^^^^^^^^^^^^^^^^^^^^^^
  File "/home/airflow/.local/lib/python3.12/site-packages/airflow/operators/python.py", line 252, in execute_callable
    return self.python_callable(*self.op_args, **self.op_kwargs)
           ^^^^^^^^^^^^^^^^^^^^^^^^^^^^^^^^^^^^^^^^^^^^^^^^^^^^^
  File "/opt/airflow/dags/dag_with_docker_operator.py", line 24, in check_send_status
    raise ValueError(f"Request returned non-success status: {response_json.get('status')}")
ValueError: Request returned non-success status: failed
[2024-06-02T12:28:51.674+0000] {taskinstance.py:1206} INFO - Marking task as UP_FOR_RETRY. dag_id=dag_with_docker_operator, task_id=check_status, run_id=scheduled__2024-06-01T16:30:00+00:00, execution_date=20240601T163000, start_date=20240602T122850, end_date=20240602T122851
[2024-06-02T12:28:51.875+0000] {standard_task_runner.py:110} ERROR - Failed to execute job 851 for task check_status (Request returned non-success status: failed; 3236)
[2024-06-02T12:28:51.915+0000] {local_task_job_runner.py:240} INFO - Task exited with return code 1
[2024-06-02T12:28:52.157+0000] {taskinstance.py:3498} INFO - 0 downstream tasks scheduled from follow-on schedule check
[2024-06-02T12:28:52.165+0000] {local_task_job_runner.py:222} INFO - ::endgroup::
