[2024-06-02T10:46:08.904+0000] {local_task_job_runner.py:120} INFO - ::group::Pre task execution logs
[2024-06-02T10:46:08.959+0000] {taskinstance.py:2076} INFO - Dependencies all met for dep_context=non-requeueable deps ti=<TaskInstance: dag_with_docker_operator.check_status scheduled__2024-06-02T08:00:00+00:00 [queued]>
[2024-06-02T10:46:08.980+0000] {taskinstance.py:2076} INFO - Dependencies all met for dep_context=requeueable deps ti=<TaskInstance: dag_with_docker_operator.check_status scheduled__2024-06-02T08:00:00+00:00 [queued]>
[2024-06-02T10:46:08.981+0000] {taskinstance.py:2306} INFO - Starting attempt 1 of 2
[2024-06-02T10:46:09.122+0000] {taskinstance.py:2330} INFO - Executing <Task(PythonOperator): check_status> on 2024-06-02 08:00:00+00:00
[2024-06-02T10:46:09.128+0000] {standard_task_runner.py:63} INFO - Started process 1202 to run task
[2024-06-02T10:46:09.131+0000] {standard_task_runner.py:90} INFO - Running: ['airflow', 'tasks', 'run', 'dag_with_docker_operator', 'check_status', 'scheduled__2024-06-02T08:00:00+00:00', '--job-id', '886', '--raw', '--subdir', 'DAGS_FOLDER/dag_with_docker_operator.py', '--cfg-path', '/tmp/tmp3l04iypu']
[2024-06-02T10:46:09.134+0000] {standard_task_runner.py:91} INFO - Job 886: Subtask check_status
[2024-06-02T10:46:09.241+0000] {task_command.py:426} INFO - Running <TaskInstance: dag_with_docker_operator.check_status scheduled__2024-06-02T08:00:00+00:00 [running]> on host 9c47fcd741af
[2024-06-02T10:46:09.444+0000] {taskinstance.py:2648} INFO - Exporting env vars: AIRFLOW_CTX_DAG_OWNER='airflow' AIRFLOW_CTX_DAG_ID='dag_with_docker_operator' AIRFLOW_CTX_TASK_ID='check_status' AIRFLOW_CTX_EXECUTION_DATE='2024-06-02T08:00:00+00:00' AIRFLOW_CTX_TRY_NUMBER='1' AIRFLOW_CTX_DAG_RUN_ID='scheduled__2024-06-02T08:00:00+00:00'
[2024-06-02T10:46:09.445+0000] {taskinstance.py:430} INFO - ::endgroup::
[2024-06-02T10:46:09.474+0000] {python.py:237} INFO - Done. Returned value was: {'status': 'success'}
[2024-06-02T10:46:09.476+0000] {taskinstance.py:441} INFO - ::group::Post task execution logs
[2024-06-02T10:46:09.544+0000] {taskinstance.py:1206} INFO - Marking task as SUCCESS. dag_id=dag_with_docker_operator, task_id=check_status, run_id=scheduled__2024-06-02T08:00:00+00:00, execution_date=20240602T080000, start_date=20240602T104608, end_date=20240602T104609
[2024-06-02T10:46:09.629+0000] {local_task_job_runner.py:240} INFO - Task exited with return code 0
[2024-06-02T10:46:09.663+0000] {taskinstance.py:3498} INFO - 0 downstream tasks scheduled from follow-on schedule check
[2024-06-02T10:46:09.666+0000] {local_task_job_runner.py:222} INFO - ::endgroup::
[2024-06-02T11:46:20.468+0000] {local_task_job_runner.py:120} INFO - ::group::Pre task execution logs
[2024-06-02T11:46:20.516+0000] {taskinstance.py:2076} INFO - Dependencies all met for dep_context=non-requeueable deps ti=<TaskInstance: dag_with_docker_operator.check_status scheduled__2024-06-02T08:00:00+00:00 [queued]>
[2024-06-02T11:46:20.537+0000] {taskinstance.py:2076} INFO - Dependencies all met for dep_context=requeueable deps ti=<TaskInstance: dag_with_docker_operator.check_status scheduled__2024-06-02T08:00:00+00:00 [queued]>
[2024-06-02T11:46:20.538+0000] {taskinstance.py:2306} INFO - Starting attempt 1 of 2
[2024-06-02T11:46:20.759+0000] {taskinstance.py:2330} INFO - Executing <Task(PythonOperator): check_status> on 2024-06-02 08:00:00+00:00
[2024-06-02T11:46:20.766+0000] {standard_task_runner.py:63} INFO - Started process 2132 to run task
[2024-06-02T11:46:20.773+0000] {standard_task_runner.py:90} INFO - Running: ['airflow', 'tasks', 'run', 'dag_with_docker_operator', 'check_status', 'scheduled__2024-06-02T08:00:00+00:00', '--job-id', '887', '--raw', '--subdir', 'DAGS_FOLDER/dag_with_docker_operator.py', '--cfg-path', '/tmp/tmp7m9vh0cw']
[2024-06-02T11:46:20.777+0000] {standard_task_runner.py:91} INFO - Job 887: Subtask check_status
[2024-06-02T11:46:21.307+0000] {task_command.py:426} INFO - Running <TaskInstance: dag_with_docker_operator.check_status scheduled__2024-06-02T08:00:00+00:00 [running]> on host 9c47fcd741af
[2024-06-02T11:46:21.678+0000] {taskinstance.py:2648} INFO - Exporting env vars: AIRFLOW_CTX_DAG_OWNER='airflow' AIRFLOW_CTX_DAG_ID='dag_with_docker_operator' AIRFLOW_CTX_TASK_ID='check_status' AIRFLOW_CTX_EXECUTION_DATE='2024-06-02T08:00:00+00:00' AIRFLOW_CTX_TRY_NUMBER='1' AIRFLOW_CTX_DAG_RUN_ID='scheduled__2024-06-02T08:00:00+00:00'
[2024-06-02T11:46:21.680+0000] {taskinstance.py:430} INFO - ::endgroup::
[2024-06-02T11:46:21.720+0000] {python.py:237} INFO - Done. Returned value was: {'status': 'failed'}
[2024-06-02T11:46:21.724+0000] {taskinstance.py:441} INFO - ::group::Post task execution logs
[2024-06-02T11:46:21.875+0000] {taskinstance.py:1206} INFO - Marking task as SUCCESS. dag_id=dag_with_docker_operator, task_id=check_status, run_id=scheduled__2024-06-02T08:00:00+00:00, execution_date=20240602T080000, start_date=20240602T114620, end_date=20240602T114621
[2024-06-02T11:46:21.950+0000] {local_task_job_runner.py:240} INFO - Task exited with return code 0
[2024-06-02T11:46:21.990+0000] {taskinstance.py:3498} INFO - 0 downstream tasks scheduled from follow-on schedule check
[2024-06-02T11:46:21.995+0000] {local_task_job_runner.py:222} INFO - ::endgroup::
[2024-06-02T12:50:31.152+0000] {local_task_job_runner.py:120} INFO - ::group::Pre task execution logs
[2024-06-02T12:50:31.198+0000] {taskinstance.py:2076} INFO - Dependencies all met for dep_context=non-requeueable deps ti=<TaskInstance: dag_with_docker_operator.check_status scheduled__2024-06-02T08:00:00+00:00 [queued]>
[2024-06-02T12:50:31.220+0000] {taskinstance.py:2076} INFO - Dependencies all met for dep_context=requeueable deps ti=<TaskInstance: dag_with_docker_operator.check_status scheduled__2024-06-02T08:00:00+00:00 [queued]>
[2024-06-02T12:50:31.221+0000] {taskinstance.py:2306} INFO - Starting attempt 1 of 2
[2024-06-02T12:50:31.320+0000] {taskinstance.py:2330} INFO - Executing <Task(PythonOperator): check_status> on 2024-06-02 08:00:00+00:00
[2024-06-02T12:50:31.327+0000] {standard_task_runner.py:63} INFO - Started process 3794 to run task
[2024-06-02T12:50:31.331+0000] {standard_task_runner.py:90} INFO - Running: ['airflow', 'tasks', 'run', 'dag_with_docker_operator', 'check_status', 'scheduled__2024-06-02T08:00:00+00:00', '--job-id', '953', '--raw', '--subdir', 'DAGS_FOLDER/dag_with_docker_operator.py', '--cfg-path', '/tmp/tmpmwr99vxp']
[2024-06-02T12:50:31.333+0000] {standard_task_runner.py:91} INFO - Job 953: Subtask check_status
[2024-06-02T12:50:31.681+0000] {task_command.py:426} INFO - Running <TaskInstance: dag_with_docker_operator.check_status scheduled__2024-06-02T08:00:00+00:00 [running]> on host 9c47fcd741af
[2024-06-02T12:50:31.944+0000] {taskinstance.py:2648} INFO - Exporting env vars: AIRFLOW_CTX_DAG_OWNER='airflow' AIRFLOW_CTX_DAG_ID='dag_with_docker_operator' AIRFLOW_CTX_TASK_ID='check_status' AIRFLOW_CTX_EXECUTION_DATE='2024-06-02T08:00:00+00:00' AIRFLOW_CTX_TRY_NUMBER='1' AIRFLOW_CTX_DAG_RUN_ID='scheduled__2024-06-02T08:00:00+00:00'
[2024-06-02T12:50:31.945+0000] {taskinstance.py:430} INFO - ::endgroup::
[2024-06-02T12:50:31.972+0000] {taskinstance.py:441} INFO - ::group::Post task execution logs
[2024-06-02T12:50:31.976+0000] {taskinstance.py:2905} ERROR - Task failed with exception
Traceback (most recent call last):
  File "/home/airflow/.local/lib/python3.12/site-packages/airflow/models/taskinstance.py", line 465, in _execute_task
    result = _execute_callable(context=context, **execute_callable_kwargs)
             ^^^^^^^^^^^^^^^^^^^^^^^^^^^^^^^^^^^^^^^^^^^^^^^^^^^^^^^^^^^^^
  File "/home/airflow/.local/lib/python3.12/site-packages/airflow/models/taskinstance.py", line 432, in _execute_callable
    return execute_callable(context=context, **execute_callable_kwargs)
           ^^^^^^^^^^^^^^^^^^^^^^^^^^^^^^^^^^^^^^^^^^^^^^^^^^^^^^^^^^^^
  File "/home/airflow/.local/lib/python3.12/site-packages/airflow/models/baseoperator.py", line 400, in wrapper
    return func(self, *args, **kwargs)
           ^^^^^^^^^^^^^^^^^^^^^^^^^^^
  File "/home/airflow/.local/lib/python3.12/site-packages/airflow/operators/python.py", line 235, in execute
    return_value = self.execute_callable()
                   ^^^^^^^^^^^^^^^^^^^^^^^
  File "/home/airflow/.local/lib/python3.12/site-packages/airflow/operators/python.py", line 252, in execute_callable
    return self.python_callable(*self.op_args, **self.op_kwargs)
           ^^^^^^^^^^^^^^^^^^^^^^^^^^^^^^^^^^^^^^^^^^^^^^^^^^^^^
  File "/opt/airflow/dags/dag_with_docker_operator.py", line 24, in check_send_status
    raise ValueError(f"Request returned non-success status: {response_json.get('status')}")
ValueError: Request returned non-success status: failed
[2024-06-02T12:50:32.010+0000] {taskinstance.py:1206} INFO - Marking task as UP_FOR_RETRY. dag_id=dag_with_docker_operator, task_id=check_status, run_id=scheduled__2024-06-02T08:00:00+00:00, execution_date=20240602T080000, start_date=20240602T125031, end_date=20240602T125032
[2024-06-02T12:50:32.131+0000] {standard_task_runner.py:110} ERROR - Failed to execute job 953 for task check_status (Request returned non-success status: failed; 3794)
[2024-06-02T12:50:32.148+0000] {local_task_job_runner.py:240} INFO - Task exited with return code 1
[2024-06-02T12:50:32.288+0000] {taskinstance.py:3498} INFO - 0 downstream tasks scheduled from follow-on schedule check
[2024-06-02T12:50:32.290+0000] {local_task_job_runner.py:222} INFO - ::endgroup::
