[2024-05-30T08:36:28.319+0000] {local_task_job_runner.py:120} INFO - ::group::Pre task execution logs
[2024-05-30T08:36:28.576+0000] {taskinstance.py:2076} INFO - Dependencies all met for dep_context=non-requeueable deps ti=<TaskInstance: flask_monitoring.check_flask_health manual__2024-05-30T08:31:01.138809+00:00 [queued]>
[2024-05-30T08:36:28.626+0000] {taskinstance.py:2076} INFO - Dependencies all met for dep_context=requeueable deps ti=<TaskInstance: flask_monitoring.check_flask_health manual__2024-05-30T08:31:01.138809+00:00 [queued]>
[2024-05-30T08:36:28.627+0000] {taskinstance.py:2306} INFO - Starting attempt 1 of 2
[2024-05-30T08:36:28.763+0000] {taskinstance.py:2330} INFO - Executing <Task(BashOperator): check_flask_health> on 2024-05-30 08:31:01.138809+00:00
[2024-05-30T08:36:28.775+0000] {standard_task_runner.py:63} INFO - Started process 237 to run task
[2024-05-30T08:36:28.786+0000] {standard_task_runner.py:90} INFO - Running: ['airflow', 'tasks', 'run', 'flask_monitoring', 'check_flask_health', 'manual__2024-05-30T08:31:01.138809+00:00', '--job-id', '235', '--raw', '--subdir', 'DAGS_FOLDER/flask_monitoring.py', '--cfg-path', '/tmp/tmpkijc_m54']
[2024-05-30T08:36:28.788+0000] {standard_task_runner.py:91} INFO - Job 235: Subtask check_flask_health
[2024-05-30T08:36:29.190+0000] {task_command.py:426} INFO - Running <TaskInstance: flask_monitoring.check_flask_health manual__2024-05-30T08:31:01.138809+00:00 [running]> on host f708138922bb
[2024-05-30T08:36:29.834+0000] {taskinstance.py:2648} INFO - Exporting env vars: AIRFLOW_CTX_DAG_OWNER='airflow' AIRFLOW_CTX_DAG_ID='flask_monitoring' AIRFLOW_CTX_TASK_ID='check_flask_health' AIRFLOW_CTX_EXECUTION_DATE='2024-05-30T08:31:01.138809+00:00' AIRFLOW_CTX_TRY_NUMBER='1' AIRFLOW_CTX_DAG_RUN_ID='manual__2024-05-30T08:31:01.138809+00:00'
[2024-05-30T08:36:29.836+0000] {taskinstance.py:430} INFO - ::endgroup::
[2024-05-30T08:36:29.860+0000] {subprocess.py:63} INFO - Tmp dir root location: /tmp
[2024-05-30T08:36:29.861+0000] {subprocess.py:75} INFO - Running command: ['/usr/bin/bash', '-c', 'curl -X GET http://flask:5000/check_send_status']
[2024-05-30T08:36:29.887+0000] {subprocess.py:86} INFO - Output:
[2024-05-30T08:36:29.919+0000] {subprocess.py:93} INFO -   % Total    % Received % Xferd  Average Speed   Time    Time     Time  Current
[2024-05-30T08:36:29.933+0000] {subprocess.py:93} INFO -                                  Dload  Upload   Total   Spent    Left  Speed
[2024-05-30T08:36:29.936+0000] {subprocess.py:93} INFO -   0     0    0     0    0     0      0      0 --:--:-- --:--:-- --:--:--     0100    26  100    26    0     0   6537      0 --:--:-- --:--:-- --:--:--  8666
[2024-05-30T08:36:29.938+0000] {subprocess.py:93} INFO - {
[2024-05-30T08:36:29.939+0000] {subprocess.py:93} INFO -   "status": "unknown"
[2024-05-30T08:36:29.939+0000] {subprocess.py:93} INFO - }
[2024-05-30T08:36:29.940+0000] {subprocess.py:97} INFO - Command exited with return code 0
[2024-05-30T08:36:29.941+0000] {taskinstance.py:441} INFO - ::group::Post task execution logs
[2024-05-30T08:36:30.036+0000] {taskinstance.py:1206} INFO - Marking task as SUCCESS. dag_id=flask_monitoring, task_id=check_flask_health, run_id=manual__2024-05-30T08:31:01.138809+00:00, execution_date=20240530T083101, start_date=20240530T083628, end_date=20240530T083630
[2024-05-30T08:36:30.166+0000] {local_task_job_runner.py:240} INFO - Task exited with return code 0
[2024-05-30T08:36:30.276+0000] {taskinstance.py:3498} INFO - 1 downstream tasks scheduled from follow-on schedule check
[2024-05-30T08:36:30.324+0000] {local_task_job_runner.py:222} INFO - ::endgroup::
