[2024-05-29T17:17:19.218+0000] {local_task_job_runner.py:120} INFO - ::group::Pre task execution logs
[2024-05-29T17:17:19.271+0000] {taskinstance.py:2076} INFO - Dependencies all met for dep_context=non-requeueable deps ti=<TaskInstance: flask_monitoring.check_flask_health scheduled__2024-05-28T01:40:00+00:00 [queued]>
[2024-05-29T17:17:19.299+0000] {taskinstance.py:2076} INFO - Dependencies all met for dep_context=requeueable deps ti=<TaskInstance: flask_monitoring.check_flask_health scheduled__2024-05-28T01:40:00+00:00 [queued]>
[2024-05-29T17:17:19.300+0000] {taskinstance.py:2306} INFO - Starting attempt 1 of 2
[2024-05-29T17:17:19.418+0000] {taskinstance.py:2330} INFO - Executing <Task(BashOperator): check_flask_health> on 2024-05-28 01:40:00+00:00
[2024-05-29T17:17:19.431+0000] {standard_task_runner.py:63} INFO - Started process 2150 to run task
[2024-05-29T17:17:19.432+0000] {standard_task_runner.py:90} INFO - Running: ['airflow', 'tasks', 'run', 'flask_monitoring', 'check_flask_health', 'scheduled__2024-05-28T01:40:00+00:00', '--job-id', '149', '--raw', '--subdir', 'DAGS_FOLDER/flask_monitoring.py', '--cfg-path', '/tmp/tmpt6od0fdl']
[2024-05-29T17:17:19.445+0000] {standard_task_runner.py:91} INFO - Job 149: Subtask check_flask_health
[2024-05-29T17:17:20.085+0000] {task_command.py:426} INFO - Running <TaskInstance: flask_monitoring.check_flask_health scheduled__2024-05-28T01:40:00+00:00 [running]> on host f708138922bb
[2024-05-29T17:17:20.314+0000] {taskinstance.py:2648} INFO - Exporting env vars: AIRFLOW_CTX_DAG_OWNER='airflow' AIRFLOW_CTX_DAG_ID='flask_monitoring' AIRFLOW_CTX_TASK_ID='check_flask_health' AIRFLOW_CTX_EXECUTION_DATE='2024-05-28T01:40:00+00:00' AIRFLOW_CTX_TRY_NUMBER='1' AIRFLOW_CTX_DAG_RUN_ID='scheduled__2024-05-28T01:40:00+00:00'
[2024-05-29T17:17:20.315+0000] {taskinstance.py:430} INFO - ::endgroup::
[2024-05-29T17:17:20.333+0000] {subprocess.py:63} INFO - Tmp dir root location: /tmp
[2024-05-29T17:17:20.334+0000] {subprocess.py:75} INFO - Running command: ['/usr/bin/bash', '-c', 'curl -X GET http://flask:5000/check_send_status']
[2024-05-29T17:17:20.356+0000] {subprocess.py:86} INFO - Output:
[2024-05-29T17:17:20.378+0000] {subprocess.py:93} INFO -   % Total    % Received % Xferd  Average Speed   Time    Time     Time  Current
[2024-05-29T17:17:20.381+0000] {subprocess.py:93} INFO -                                  Dload  Upload   Total   Spent    Left  Speed
[2024-05-29T17:17:20.395+0000] {subprocess.py:93} INFO -   0     0    0     0    0     0      0      0 --:--:-- --:--:-- --:--:--     0<!doctype html>
[2024-05-29T17:17:20.396+0000] {subprocess.py:93} INFO - <html lang=en>
[2024-05-29T17:17:20.397+0000] {subprocess.py:93} INFO -   <head>
[2024-05-29T17:17:20.398+0000] {subprocess.py:93} INFO -     <title>NameError: name &#39;last_status&#39; is not defined
[2024-05-29T17:17:20.399+0000] {subprocess.py:93} INFO -  // Werkzeug Debugger</title>
[2024-05-29T17:17:20.400+0000] {subprocess.py:93} INFO -     <link rel="stylesheet" href="?__debugger__=yes&amp;cmd=resource&amp;f=style.css">
[2024-05-29T17:17:20.402+0000] {subprocess.py:93} INFO -     <link rel="shortcut icon"
[2024-05-29T17:17:20.403+0000] {subprocess.py:93} INFO -         href="?__debugger__=yes&amp;cmd=resource&amp;f=console.png">
[2024-05-29T17:17:20.405+0000] {subprocess.py:93} INFO -     <script src="?__debugger__=yes&amp;cmd=resource&amp;f=debugger.js"></script>
[2024-05-29T17:17:20.406+0000] {subprocess.py:93} INFO -     <script>
[2024-05-29T17:17:20.408+0000] {subprocess.py:93} INFO -       var CONSOLE_MODE = false,
[2024-05-29T17:17:20.409+0000] {subprocess.py:93} INFO -           EVALEX = false,
[2024-05-29T17:17:20.410+0000] {subprocess.py:93} INFO -           EVALEX_TRUSTED = false,
[2024-05-29T17:17:20.412+0000] {subprocess.py:93} INFO -           SECRET = "m0W2mug263yMqd81oBK2";
[2024-05-29T17:17:20.413+0000] {subprocess.py:93} INFO -     </script>
[2024-05-29T17:17:20.415+0000] {subprocess.py:93} INFO -   </head>
[2024-05-29T17:17:20.417+0000] {subprocess.py:93} INFO -   <body style="background-color: #fff">
[2024-05-29T17:17:20.418+0000] {subprocess.py:93} INFO -     <div class="debugger">
[2024-05-29T17:17:20.427+0000] {subprocess.py:93} INFO - <h1>NameError</h1>
[2024-05-29T17:17:20.428+0000] {subprocess.py:93} INFO - <div class="detail">
[2024-05-29T17:17:20.430+0000] {subprocess.py:93} INFO -   <p class="errormsg">NameError: name &#39;last_status&#39; is not defined
[2024-05-29T17:17:20.432+0000] {subprocess.py:93} INFO - </p>
[2024-05-29T17:17:20.434+0000] {subprocess.py:93} INFO - </div>
[2024-05-29T17:17:20.436+0000] {subprocess.py:93} INFO - <h2 class="traceback">Traceback <em>(most recent call last)</em></h2>
[2024-05-29T17:17:20.438+0000] {subprocess.py:93} INFO - <div class="traceback">
[2024-05-29T17:17:20.440+0000] {subprocess.py:93} INFO -   <h3></h3>
[2024-05-29T17:17:20.442+0000] {subprocess.py:93} INFO -   <ul><li><div class="frame" id="frame-140474388013680">
[2024-05-29T17:17:20.443+0000] {subprocess.py:93} INFO -   <h4>File <cite class="filename">"/usr/local/lib/python3.9/site-packages/flask/app.py"</cite>,
[2024-05-29T17:17:20.443+0000] {subprocess.py:93} INFO -       line <em class="line">1498</em>,
[2024-05-29T17:17:20.444+0000] {subprocess.py:93} INFO -       in <code class="function">__call__</code></h4>
[2024-05-29T17:17:20.445+0000] {subprocess.py:93} INFO -   <div class="source library"><pre class="line before"><span class="ws">    </span>) -&gt; cabc.Iterable[bytes]:</pre>
[2024-05-29T17:17:20.446+0000] {subprocess.py:93} INFO - <pre class="line before"><span class="ws">        </span>&#34;&#34;&#34;The WSGI server calls the Flask application object as the</pre>
[2024-05-29T17:17:20.447+0000] {subprocess.py:93} INFO - <pre class="line before"><span class="ws">        </span>WSGI application. This calls :meth:`wsgi_app`, which can be</pre>
[2024-05-29T17:17:20.448+0000] {subprocess.py:93} INFO - <pre class="line before"><span class="ws">        </span>wrapped to apply middleware.</pre>
[2024-05-29T17:17:20.448+0000] {subprocess.py:93} INFO - <pre class="line before"><span class="ws">        </span>&#34;&#34;&#34;</pre>
[2024-05-29T17:17:20.449+0000] {subprocess.py:93} INFO - <pre class="line current"><span class="ws">        </span>return self.wsgi_app(environ, start_response)</pre></div>
[2024-05-29T17:17:20.449+0000] {subprocess.py:93} INFO - </div>
[2024-05-29T17:17:20.450+0000] {subprocess.py:93} INFO - 
[2024-05-29T17:17:20.450+0000] {subprocess.py:93} INFO - <li><div class="frame" id="frame-140474388013792">
[2024-05-29T17:17:20.451+0000] {subprocess.py:93} INFO -   <h4>File <cite class="filename">"/usr/local/lib/python3.9/site-packages/flask/app.py"</cite>,
[2024-05-29T17:17:20.452+0000] {subprocess.py:93} INFO -       line <em class="line">1476</em>,
[2024-05-29T17:17:20.453+0000] {subprocess.py:93} INFO -       in <code class="function">wsgi_app</code></h4>
[2024-05-29T17:17:20.454+0000] {subprocess.py:93} INFO -   <div class="source library"><pre class="line before"><span class="ws">            </span>try:</pre>
[2024-05-29T17:17:20.455+0000] {subprocess.py:93} INFO - <pre class="line before"><span class="ws">                </span>ctx.push()</pre>
[2024-05-29T17:17:20.456+0000] {subprocess.py:93} INFO - <pre class="line before"><span class="ws">                </span>response = self.full_dispatch_request()</pre>
[2024-05-29T17:17:20.457+0000] {subprocess.py:93} INFO - <pre class="line before"><span class="ws">            </span>except Exception as e:</pre>
[2024-05-29T17:17:20.458+0000] {subprocess.py:93} INFO - <pre class="line before"><span class="ws">                </span>error = e</pre>
[2024-05-29T17:17:20.459+0000] {subprocess.py:93} INFO - <pre class="line current"><span class="ws">                </span>response = self.handle_exception(e)</pre>
[2024-05-29T17:17:20.459+0000] {subprocess.py:93} INFO - <pre class="line after"><span class="ws">            </span>except:  # noqa: B001</pre>
[2024-05-29T17:17:20.460+0000] {subprocess.py:93} INFO - <pre class="line after"><span class="ws">                </span>error = sys.exc_info()[1]</pre>
[2024-05-29T17:17:20.461+0000] {subprocess.py:93} INFO - <pre class="line after"><span class="ws">                </span>raise</pre>
[2024-05-29T17:17:20.462+0000] {subprocess.py:93} INFO - <pre class="line after"><span class="ws">            </span>return response(environ, start_response)</pre>
[2024-05-29T17:17:20.462+0000] {subprocess.py:93} INFO - <pre class="line after"><span class="ws">        </span>finally:</pre></div>
[2024-05-29T17:17:20.463+0000] {subprocess.py:93} INFO - </div>
[2024-05-29T17:17:20.463+0000] {subprocess.py:93} INFO - 
[2024-05-29T17:17:20.463+0000] {subprocess.py:93} INFO - <li><div class="frame" id="frame-140474388013904">
[2024-05-29T17:17:20.464+0000] {subprocess.py:93} INFO -   <h4>File <cite class="filename">"/usr/local/lib/python3.9/site-packages/flask/app.py"</cite>,
[2024-05-29T17:17:20.465+0000] {subprocess.py:93} INFO -       line <em class="line">1473</em>,
[2024-05-29T17:17:20.465+0000] {subprocess.py:93} INFO -       in <code class="function">wsgi_app</code></h4>
[2024-05-29T17:17:20.466+0000] {subprocess.py:93} INFO -   <div class="source library"><pre class="line before"><span class="ws">        </span>ctx = self.request_context(environ)</pre>
[2024-05-29T17:17:20.467+0000] {subprocess.py:93} INFO - <pre class="line before"><span class="ws">        </span>error: BaseException | None = None</pre>
[2024-05-29T17:17:20.467+0000] {subprocess.py:93} INFO - <pre class="line before"><span class="ws">        </span>try:</pre>
[2024-05-29T17:17:20.468+0000] {subprocess.py:93} INFO - <pre class="line before"><span class="ws">            </span>try:</pre>
[2024-05-29T17:17:20.469+0000] {subprocess.py:93} INFO - <pre class="line before"><span class="ws">                </span>ctx.push()</pre>
[2024-05-29T17:17:20.469+0000] {subprocess.py:93} INFO - <pre class="line current"><span class="ws">                </span>response = self.full_dispatch_request()</pre>
[2024-05-29T17:17:20.470+0000] {subprocess.py:93} INFO - <pre class="line after"><span class="ws">            </span>except Exception as e:</pre>
[2024-05-29T17:17:20.470+0000] {subprocess.py:93} INFO - <pre class="line after"><span class="ws">                </span>error = e</pre>
[2024-05-29T17:17:20.471+0000] {subprocess.py:93} INFO - <pre class="line after"><span class="ws">                </span>response = self.handle_exception(e)</pre>
[2024-05-29T17:17:20.472+0000] {subprocess.py:93} INFO - <pre class="line after"><span class="ws">            </span>except:  # noqa: B001</pre>
[2024-05-29T17:17:20.472+0000] {subprocess.py:93} INFO - <pre class="line after"><span class="ws">                </span>error = sys.exc_info()[1]</pre></div>
[2024-05-29T17:17:20.473+0000] {subprocess.py:93} INFO - </div>
[2024-05-29T17:17:20.473+0000] {subprocess.py:93} INFO - 
[2024-05-29T17:17:20.474+0000] {subprocess.py:93} INFO - <li><div class="frame" id="frame-140474388014016">
[2024-05-29T17:17:20.475+0000] {subprocess.py:93} INFO -   <h4>File <cite class="filename">"/usr/local/lib/python3.9/site-packages/flask/app.py"</cite>,
[2024-05-29T17:17:20.476+0000] {subprocess.py:93} INFO -       line <em class="line">882</em>,
[2024-05-29T17:17:20.476+0000] {subprocess.py:93} INFO -       in <code class="function">full_dispatch_request</code></h4>
[2024-05-29T17:17:20.477+0000] {subprocess.py:93} INFO -   <div class="source library"><pre class="line before"><span class="ws">            </span>request_started.send(self, _async_wrapper=self.ensure_sync)</pre>
[2024-05-29T17:17:20.477+0000] {subprocess.py:93} INFO - <pre class="line before"><span class="ws">            </span>rv = self.preprocess_request()</pre>
[2024-05-29T17:17:20.478+0000] {subprocess.py:93} INFO - <pre class="line before"><span class="ws">            </span>if rv is None:</pre>
[2024-05-29T17:17:20.478+0000] {subprocess.py:93} INFO - <pre class="line before"><span class="ws">                </span>rv = self.dispatch_request()</pre>
[2024-05-29T17:17:20.479+0000] {subprocess.py:93} INFO - <pre class="line before"><span class="ws">        </span>except Exception as e:</pre>
[2024-05-29T17:17:20.479+0000] {subprocess.py:93} INFO - <pre class="line current"><span class="ws">            </span>rv = self.handle_user_exception(e)</pre>
[2024-05-29T17:17:20.479+0000] {subprocess.py:93} INFO - <pre class="line after"><span class="ws">        </span>return self.finalize_request(rv)</pre>
[2024-05-29T17:17:20.480+0000] {subprocess.py:93} INFO - <pre class="line after"><span class="ws"></span> </pre>
[2024-05-29T17:17:20.480+0000] {subprocess.py:93} INFO - <pre class="line after"><span class="ws">    </span>def finalize_request(</pre>
[2024-05-29T17:17:20.481+0000] {subprocess.py:93} INFO - <pre class="line after"><span class="ws">        </span>self,</pre>
[2024-05-29T17:17:20.481+0000] {subprocess.py:93} INFO - <pre class="line after"><span class="ws">        </span>rv: ft.ResponseReturnValue | HTTPException,</pre></div>
[2024-05-29T17:17:20.482+0000] {subprocess.py:93} INFO - </div>
[2024-05-29T17:17:20.482+0000] {subprocess.py:93} INFO - 
[2024-05-29T17:17:20.482+0000] {subprocess.py:93} INFO - <li><div class="frame" id="frame-140474388013568">
[2024-05-29T17:17:20.483+0000] {subprocess.py:93} INFO -   <h4>File <cite class="filename">"/usr/local/lib/python3.9/site-packages/flask/app.py"</cite>,
[2024-05-29T17:17:20.483+0000] {subprocess.py:93} INFO -       line <em class="line">880</em>,
[2024-05-29T17:17:20.484+0000] {subprocess.py:93} INFO -       in <code class="function">full_dispatch_request</code></h4>
[2024-05-29T17:17:20.484+0000] {subprocess.py:93} INFO -   <div class="source library"><pre class="line before"><span class="ws"></span> </pre>
[2024-05-29T17:17:20.487+0000] {subprocess.py:93} INFO - <pre class="line before"><span class="ws">        </span>try:</pre>
[2024-05-29T17:17:20.488+0000] {subprocess.py:93} INFO - <pre class="line before"><span class="ws">            </span>request_started.send(self, _async_wrapper=self.ensure_sync)</pre>
[2024-05-29T17:17:20.488+0000] {subprocess.py:93} INFO - <pre class="line before"><span class="ws">            </span>rv = self.preprocess_request()</pre>
[2024-05-29T17:17:20.489+0000] {subprocess.py:93} INFO - <pre class="line before"><span class="ws">            </span>if rv is None:</pre>
[2024-05-29T17:17:20.489+0000] {subprocess.py:93} INFO - <pre class="line current"><span class="ws">                </span>rv = self.dispatch_request()</pre>
[2024-05-29T17:17:20.490+0000] {subprocess.py:93} INFO - <pre class="line after"><span class="ws">        </span>except Exception as e:</pre>
[2024-05-29T17:17:20.490+0000] {subprocess.py:93} INFO - <pre class="line after"><span class="ws">            </span>rv = self.handle_user_exception(e)</pre>
[2024-05-29T17:17:20.491+0000] {subprocess.py:93} INFO - <pre class="line after"><span class="ws">        </span>return self.finalize_request(rv)</pre>
[2024-05-29T17:17:20.491+0000] {subprocess.py:93} INFO - <pre class="line after"><span class="ws"></span> </pre>
[2024-05-29T17:17:20.491+0000] {subprocess.py:93} INFO - <pre class="line after"><span class="ws">    </span>def finalize_request(</pre></div>
[2024-05-29T17:17:20.492+0000] {subprocess.py:93} INFO - </div>
[2024-05-29T17:17:20.492+0000] {subprocess.py:93} INFO - 
[2024-05-29T17:17:20.493+0000] {subprocess.py:93} INFO - <li><div class="frame" id="frame-140474388014128">
[2024-05-29T17:17:20.493+0000] {subprocess.py:93} INFO -   <h4>File <cite class="filename">"/usr/local/lib/python3.9/site-packages/flask/app.py"</cite>,
[2024-05-29T17:17:20.493+0000] {subprocess.py:93} INFO -       line <em class="line">865</em>,
[2024-05-29T17:17:20.494+0000] {subprocess.py:93} INFO -       in <code class="function">dispatch_request</code></h4>
[2024-05-29T17:17:20.494+0000] {subprocess.py:93} INFO -   <div class="source library"><pre class="line before"><span class="ws">            </span>and req.method == &#34;OPTIONS&#34;</pre>
[2024-05-29T17:17:20.495+0000] {subprocess.py:93} INFO - <pre class="line before"><span class="ws">        </span>):</pre>
[2024-05-29T17:17:20.496+0000] {subprocess.py:93} INFO - <pre class="line before"><span class="ws">            </span>return self.make_default_options_response()</pre>
[2024-05-29T17:17:20.496+0000] {subprocess.py:93} INFO - <pre class="line before"><span class="ws">        </span># otherwise dispatch to the handler for that endpoint</pre>
[2024-05-29T17:17:20.497+0000] {subprocess.py:93} INFO - <pre class="line before"><span class="ws">        </span>view_args: dict[str, t.Any] = req.view_args  # type: ignore[assignment]</pre>
[2024-05-29T17:17:20.498+0000] {subprocess.py:93} INFO - <pre class="line current"><span class="ws">        </span>return self.ensure_sync(self.view_functions[rule.endpoint])(**view_args)  # type: ignore[no-any-return]</pre>
[2024-05-29T17:17:20.498+0000] {subprocess.py:93} INFO - <pre class="line after"><span class="ws"></span> </pre>
[2024-05-29T17:17:20.499+0000] {subprocess.py:93} INFO - <pre class="line after"><span class="ws">    </span>def full_dispatch_request(self) -&gt; Response:</pre>
[2024-05-29T17:17:20.499+0000] {subprocess.py:93} INFO - <pre class="line after"><span class="ws">        </span>&#34;&#34;&#34;Dispatches the request and on top of that performs request</pre>
[2024-05-29T17:17:20.500+0000] {subprocess.py:93} INFO - <pre class="line after"><span class="ws">        </span>pre and postprocessing as well as HTTP exception catching and</pre>
[2024-05-29T17:17:20.500+0000] {subprocess.py:93} INFO - <pre class="line after"><span class="ws">        </span>error handling.</pre></div>
[2024-05-29T17:17:20.501+0000] {subprocess.py:93} INFO - </div>
[2024-05-29T17:17:20.502+0000] {subprocess.py:93} INFO - 
[2024-05-29T17:17:20.503+0000] {subprocess.py:93} INFO - <li><div class="frame" id="frame-140474388014240">
[2024-05-29T17:17:20.504+0000] {subprocess.py:93} INFO -   <h4>File <cite class="filename">"/app/appflask.py"</cite>,
[2024-05-29T17:17:20.505+0000] {subprocess.py:93} INFO -       line <em class="line">206</em>,
[2024-05-29T17:17:20.506+0000] {subprocess.py:93} INFO -       in <code class="function">check_send_status</code></h4>
[2024-05-29T17:17:20.506+0000] {subprocess.py:93} INFO -   <div class="source "><pre class="line before"><span class="ws">        </span>return str(e)</pre>
[2024-05-29T17:17:20.506+0000] {subprocess.py:93} INFO - <pre class="line before"><span class="ws"></span> </pre>
[2024-05-29T17:17:20.507+0000] {subprocess.py:93} INFO - <pre class="line before"><span class="ws"></span>@app.route(&#39;/check_send_status&#39;, methods=[&#39;GET&#39;])</pre>
[2024-05-29T17:17:20.507+0000] {subprocess.py:93} INFO - <pre class="line before"><span class="ws"></span>def check_send_status():</pre>
[2024-05-29T17:17:20.508+0000] {subprocess.py:93} INFO - <pre class="line before"><span class="ws">    </span>global last_status</pre>
[2024-05-29T17:17:20.508+0000] {subprocess.py:93} INFO - <pre class="line current"><span class="ws">    </span>return jsonify(last_status)</pre>
[2024-05-29T17:17:20.509+0000] {subprocess.py:93} INFO - <pre class="line after"><span class="ws"></span> </pre>
[2024-05-29T17:17:20.509+0000] {subprocess.py:93} INFO - <pre class="line after"><span class="ws"></span>if __name__ == &#39;__main__&#39;:</pre>
[2024-05-29T17:17:20.509+0000] {subprocess.py:93} INFO - <pre class="line after"><span class="ws">    </span>app.run(host=&#39;0.0.0.0&#39;, port=5000, debug=True)</pre></div>
[2024-05-29T17:17:20.510+0000] {subprocess.py:93} INFO - </div>
[2024-05-29T17:17:20.510+0000] {subprocess.py:93} INFO - </ul>
[2024-05-29T17:17:20.511+0000] {subprocess.py:93} INFO -   <blockquote>NameError: name &#39;last_status&#39; is not defined
[2024-05-29T17:17:20.511+0000] {subprocess.py:93} INFO - </blockquote>
[2024-05-29T17:17:20.511+0000] {subprocess.py:93} INFO - </div>
[2024-05-29T17:17:20.512+0000] {subprocess.py:93} INFO - 
[2024-05-29T17:17:20.512+0000] {subprocess.py:93} INFO - <div class="plain">
[2024-05-29T17:17:20.513+0000] {subprocess.py:93} INFO -     <p>
[2024-05-29T17:17:20.513+0000] {subprocess.py:93} INFO -       This is the Copy/Paste friendly version of the traceback.
[2024-05-29T17:17:20.513+0000] {subprocess.py:93} INFO -     </p>
[2024-05-29T17:17:20.514+0000] {subprocess.py:93} INFO -     <textarea cols="50" rows="10" name="code" readonly>Traceback (most recent call last):
[2024-05-29T17:17:20.514+0000] {subprocess.py:93} INFO -   File &#34;/usr/local/lib/python3.9/site-packages/flask/app.py&#34;, line 1498, in __call__
[2024-05-29T17:17:20.515+0000] {subprocess.py:93} INFO -     return self.wsgi_app(environ, start_response)
[2024-05-29T17:17:20.515+0000] {subprocess.py:93} INFO -   File &#34;/usr/local/lib/python3.9/site-packages/flask/app.py&#34;, line 1476, in wsgi_app
[2024-05-29T17:17:20.516+0000] {subprocess.py:93} INFO -     response = self.handle_exception(e)
[2024-05-29T17:17:20.516+0000] {subprocess.py:93} INFO -   File &#34;/usr/local/lib/python3.9/site-packages/flask/app.py&#34;, line 1473, in wsgi_app
[2024-05-29T17:17:20.517+0000] {subprocess.py:93} INFO -     response = self.full_dispatch_request()
[2024-05-29T17:17:20.517+0000] {subprocess.py:93} INFO -   File &#34;/usr/local/lib/python3.9/site-packages/flask/app.py&#34;, line 882, in full_dispatch_request
[2024-05-29T17:17:20.518+0000] {subprocess.py:93} INFO -     rv = self.handle_user_exception(e)
[2024-05-29T17:17:20.519+0000] {subprocess.py:93} INFO -   File &#34;/usr/local/lib/python3.9/site-packages/flask/app.py&#34;, line 880, in full_dispatch_request
[2024-05-29T17:17:20.520+0000] {subprocess.py:93} INFO -     rv = self.dispatch_request()
[2024-05-29T17:17:20.521+0000] {subprocess.py:93} INFO -   File &#34;/usr/local/lib/python3.9/site-packages/flask/app.py&#34;, line 865, in dispatch_request
[2024-05-29T17:17:20.521+0000] {subprocess.py:93} INFO -     return self.ensure_sync(self.view_functions[rule.endpoint])(**view_args)  # type: ignore[no-any-return]
[2024-05-29T17:17:20.522+0000] {subprocess.py:93} INFO -   File &#34;/app/appflask.py&#34;, line 206, in check_send_status
[2024-05-29T17:17:20.523+0000] {subprocess.py:93} INFO -     return jsonify(last_status)
[2024-05-29T17:17:20.523+0000] {subprocess.py:93} INFO - NameError: name &#39;last_status&#39; is not defined
[2024-05-29T17:17:20.524+0000] {subprocess.py:93} INFO - </textarea>
[2024-05-29T17:17:20.524+0000] {subprocess.py:93} INFO - </div>
[2024-05-29T17:17:20.525+0000] {subprocess.py:93} INFO - <div class="explanation">
[2024-05-29T17:17:20.526+0000] {subprocess.py:93} INFO -   The debugger caught an exception in your WSGI application.  You can now
[2024-05-29T17:17:20.527+0000] {subprocess.py:93} INFO -   look at the traceback which led to the error.  <span class="nojavascript">
[2024-05-29T17:17:20.527+0000] {subprocess.py:93} INFO -   If you enable JavaScript you can also use additional features such as code
[2024-05-29T17:17:20.528+0000] {subprocess.py:93} INFO -   execution (if the evalex feature is enabled), automatic pasting of the
[2024-05-29T17:17:20.528+0000] {subprocess.py:93} INFO -   exceptions and much more.</span>
[2024-05-29T17:17:20.529+0000] {subprocess.py:93} INFO - </div>
[2024-05-29T17:17:20.529+0000] {subprocess.py:93} INFO -       <div class="footer">
[2024-05-29T17:17:20.530+0000] {subprocess.py:93} INFO -         Brought to you by <strong class="arthur">DON'T PANIC</strong>, your
[2024-05-29T17:17:20.530+0000] {subprocess.py:93} INFO -         friendly Werkzeug powered traceback interpreter.
[2024-05-29T17:17:20.531+0000] {subprocess.py:93} INFO -       </div>
[2024-05-29T17:17:20.531+0000] {subprocess.py:93} INFO -     </div>
[2024-05-29T17:17:20.532+0000] {subprocess.py:93} INFO - 
[2024-05-29T17:17:20.532+0000] {subprocess.py:93} INFO -     <div class="pin-prompt">
[2024-05-29T17:17:20.532+0000] {subprocess.py:93} INFO -       <div class="inner">
[2024-05-29T17:17:20.533+0000] {subprocess.py:93} INFO -         <h3>Console Locked</h3>
[2024-05-29T17:17:20.533+0000] {subprocess.py:93} INFO -         <p>
[2024-05-29T17:17:20.534+0000] {subprocess.py:93} INFO -           The console is locked and needs to be unlocked by entering the PIN.
[2024-05-29T17:17:20.534+0000] {subprocess.py:93} INFO -           You can find the PIN printed out on the standard output of your
[2024-05-29T17:17:20.535+0000] {subprocess.py:93} INFO -           shell that runs the server.
[2024-05-29T17:17:20.536+0000] {subprocess.py:93} INFO -         <form>
[2024-05-29T17:17:20.537+0000] {subprocess.py:93} INFO -           <p>PIN:
[2024-05-29T17:17:20.537+0000] {subprocess.py:93} INFO -             <input type=text name=pin size=14>
[2024-05-29T17:17:20.538+0000] {subprocess.py:93} INFO -             <input type=submit name=btn value="Confirm Pin">
[2024-05-29T17:17:20.538+0000] {subprocess.py:93} INFO -         </form>
[2024-05-29T17:17:20.539+0000] {subprocess.py:93} INFO -       </div>
[2024-05-29T17:17:20.539+0000] {subprocess.py:93} INFO -     </div>
[2024-05-29T17:17:20.540+0000] {subprocess.py:93} INFO -   </body>
[2024-05-29T17:17:20.540+0000] {subprocess.py:93} INFO - </html>
[2024-05-29T17:17:20.540+0000] {subprocess.py:93} INFO - 
[2024-05-29T17:17:20.541+0000] {subprocess.py:93} INFO - <!--
[2024-05-29T17:17:20.541+0000] {subprocess.py:93} INFO - 
[2024-05-29T17:17:20.542+0000] {subprocess.py:93} INFO - Traceback (most recent call last):
[2024-05-29T17:17:20.542+0000] {subprocess.py:93} INFO -   File "/usr/local/lib/python3.9/site-packages/flask/app.py", line 1498, in __call__
[2024-05-29T17:17:20.542+0000] {subprocess.py:93} INFO -     return self.wsgi_app(environ, start_response)
[2024-05-29T17:17:20.543+0000] {subprocess.py:93} INFO -   File "/usr/local/lib/python3.9/site-packages/flask/app.py", line 1476, in wsgi_app
[2024-05-29T17:17:20.543+0000] {subprocess.py:93} INFO -     response = self.handle_exception(e)
[2024-05-29T17:17:20.544+0000] {subprocess.py:93} INFO -   File "/usr/local/lib/python3.9/site-packages/flask/app.py", line 1473, in wsgi_app
[2024-05-29T17:17:20.544+0000] {subprocess.py:93} INFO -     response = self.full_dispatch_request()
[2024-05-29T17:17:20.545+0000] {subprocess.py:93} INFO -   File "/usr/local/lib/python3.9/site-packages/flask/app.py", line 882, in full_dispatch_r100 12805  100 12805    0     0   687k      0 --:--:-- --:--:-- --:--:--  735k
[2024-05-29T17:17:20.546+0000] {subprocess.py:93} INFO - equest
[2024-05-29T17:17:20.546+0000] {subprocess.py:93} INFO -     rv = self.handle_user_exception(e)
[2024-05-29T17:17:20.547+0000] {subprocess.py:93} INFO -   File "/usr/local/lib/python3.9/site-packages/flask/app.py", line 880, in full_dispatch_request
[2024-05-29T17:17:20.548+0000] {subprocess.py:93} INFO -     rv = self.dispatch_request()
[2024-05-29T17:17:20.548+0000] {subprocess.py:93} INFO -   File "/usr/local/lib/python3.9/site-packages/flask/app.py", line 865, in dispatch_request
[2024-05-29T17:17:20.549+0000] {subprocess.py:93} INFO -     return self.ensure_sync(self.view_functions[rule.endpoint])(**view_args)  # type: ignore[no-any-return]
[2024-05-29T17:17:20.549+0000] {subprocess.py:93} INFO -   File "/app/appflask.py", line 206, in check_send_status
[2024-05-29T17:17:20.550+0000] {subprocess.py:93} INFO -     return jsonify(last_status)
[2024-05-29T17:17:20.550+0000] {subprocess.py:93} INFO - NameError: name 'last_status' is not defined
[2024-05-29T17:17:20.551+0000] {subprocess.py:93} INFO - 
[2024-05-29T17:17:20.552+0000] {subprocess.py:93} INFO - 
[2024-05-29T17:17:20.553+0000] {subprocess.py:93} INFO - -->
[2024-05-29T17:17:20.553+0000] {subprocess.py:97} INFO - Command exited with return code 0
[2024-05-29T17:17:20.554+0000] {taskinstance.py:441} INFO - ::group::Post task execution logs
[2024-05-29T17:17:20.627+0000] {taskinstance.py:1206} INFO - Marking task as SUCCESS. dag_id=flask_monitoring, task_id=check_flask_health, run_id=scheduled__2024-05-28T01:40:00+00:00, execution_date=20240528T014000, start_date=20240529T171719, end_date=20240529T171720
[2024-05-29T17:17:20.738+0000] {local_task_job_runner.py:240} INFO - Task exited with return code 0
[2024-05-29T17:17:20.798+0000] {taskinstance.py:3498} INFO - 1 downstream tasks scheduled from follow-on schedule check
[2024-05-29T17:17:20.814+0000] {local_task_job_runner.py:222} INFO - ::endgroup::
