[2024-06-01T21:24:50.790+0000] {local_task_job_runner.py:120} INFO - ::group::Pre task execution logs
[2024-06-01T21:24:50.856+0000] {taskinstance.py:2076} INFO - Dependencies all met for dep_context=non-requeueable deps ti=<TaskInstance: dag_with_docker_operator.check_status scheduled__2024-06-01T07:00:00+00:00 [queued]>
[2024-06-01T21:24:50.930+0000] {taskinstance.py:2076} INFO - Dependencies all met for dep_context=requeueable deps ti=<TaskInstance: dag_with_docker_operator.check_status scheduled__2024-06-01T07:00:00+00:00 [queued]>
[2024-06-01T21:24:50.933+0000] {taskinstance.py:2306} INFO - Starting attempt 1 of 2
[2024-06-01T21:24:51.335+0000] {taskinstance.py:2330} INFO - Executing <Task(PythonOperator): check_status> on 2024-06-01 07:00:00+00:00
[2024-06-01T21:24:51.342+0000] {standard_task_runner.py:63} INFO - Started process 604 to run task
[2024-06-01T21:24:51.347+0000] {standard_task_runner.py:90} INFO - Running: ['airflow', 'tasks', 'run', 'dag_with_docker_operator', 'check_status', 'scheduled__2024-06-01T07:00:00+00:00', '--job-id', '786', '--raw', '--subdir', 'DAGS_FOLDER/dag_with_docker_operator.py', '--cfg-path', '/tmp/tmpmryjurzq']
[2024-06-01T21:24:51.351+0000] {standard_task_runner.py:91} INFO - Job 786: Subtask check_status
[2024-06-01T21:24:51.491+0000] {task_command.py:426} INFO - Running <TaskInstance: dag_with_docker_operator.check_status scheduled__2024-06-01T07:00:00+00:00 [running]> on host 9c47fcd741af
[2024-06-01T21:24:51.681+0000] {taskinstance.py:2648} INFO - Exporting env vars: AIRFLOW_CTX_DAG_OWNER='airflow' AIRFLOW_CTX_DAG_ID='dag_with_docker_operator' AIRFLOW_CTX_TASK_ID='check_status' AIRFLOW_CTX_EXECUTION_DATE='2024-06-01T07:00:00+00:00' AIRFLOW_CTX_TRY_NUMBER='1' AIRFLOW_CTX_DAG_RUN_ID='scheduled__2024-06-01T07:00:00+00:00'
[2024-06-01T21:24:51.682+0000] {taskinstance.py:430} INFO - ::endgroup::
[2024-06-01T21:24:51.717+0000] {python.py:237} INFO - Done. Returned value was: {'status': 'success'}
[2024-06-01T21:24:51.721+0000] {taskinstance.py:441} INFO - ::group::Post task execution logs
[2024-06-01T21:24:51.782+0000] {taskinstance.py:1206} INFO - Marking task as SUCCESS. dag_id=dag_with_docker_operator, task_id=check_status, run_id=scheduled__2024-06-01T07:00:00+00:00, execution_date=20240601T070000, start_date=20240601T212450, end_date=20240601T212451
[2024-06-01T21:24:51.885+0000] {local_task_job_runner.py:240} INFO - Task exited with return code 0
[2024-06-01T21:24:51.913+0000] {taskinstance.py:3498} INFO - 0 downstream tasks scheduled from follow-on schedule check
[2024-06-01T21:24:51.915+0000] {local_task_job_runner.py:222} INFO - ::endgroup::
[2024-06-02T11:28:58.901+0000] {local_task_job_runner.py:120} INFO - ::group::Pre task execution logs
[2024-06-02T11:28:58.941+0000] {taskinstance.py:2076} INFO - Dependencies all met for dep_context=non-requeueable deps ti=<TaskInstance: dag_with_docker_operator.check_status scheduled__2024-06-01T07:00:00+00:00 [queued]>
[2024-06-02T11:28:58.962+0000] {taskinstance.py:2076} INFO - Dependencies all met for dep_context=requeueable deps ti=<TaskInstance: dag_with_docker_operator.check_status scheduled__2024-06-01T07:00:00+00:00 [queued]>
[2024-06-02T11:28:58.962+0000] {taskinstance.py:2306} INFO - Starting attempt 1 of 2
[2024-06-02T11:28:59.153+0000] {taskinstance.py:2330} INFO - Executing <Task(PythonOperator): check_status> on 2024-06-01 07:00:00+00:00
[2024-06-02T11:28:59.159+0000] {standard_task_runner.py:63} INFO - Started process 1581 to run task
[2024-06-02T11:28:59.162+0000] {standard_task_runner.py:90} INFO - Running: ['airflow', 'tasks', 'run', 'dag_with_docker_operator', 'check_status', 'scheduled__2024-06-01T07:00:00+00:00', '--job-id', '787', '--raw', '--subdir', 'DAGS_FOLDER/dag_with_docker_operator.py', '--cfg-path', '/tmp/tmp3u22yf_e']
[2024-06-02T11:28:59.164+0000] {standard_task_runner.py:91} INFO - Job 787: Subtask check_status
[2024-06-02T11:28:59.278+0000] {task_command.py:426} INFO - Running <TaskInstance: dag_with_docker_operator.check_status scheduled__2024-06-01T07:00:00+00:00 [running]> on host 9c47fcd741af
[2024-06-02T11:28:59.548+0000] {taskinstance.py:2648} INFO - Exporting env vars: AIRFLOW_CTX_DAG_OWNER='airflow' AIRFLOW_CTX_DAG_ID='dag_with_docker_operator' AIRFLOW_CTX_TASK_ID='check_status' AIRFLOW_CTX_EXECUTION_DATE='2024-06-01T07:00:00+00:00' AIRFLOW_CTX_TRY_NUMBER='1' AIRFLOW_CTX_DAG_RUN_ID='scheduled__2024-06-01T07:00:00+00:00'
[2024-06-02T11:28:59.549+0000] {taskinstance.py:430} INFO - ::endgroup::
[2024-06-02T11:28:59.576+0000] {python.py:237} INFO - Done. Returned value was: {'status': 'failed'}
[2024-06-02T11:28:59.576+0000] {taskinstance.py:441} INFO - ::group::Post task execution logs
[2024-06-02T11:28:59.683+0000] {taskinstance.py:1206} INFO - Marking task as SUCCESS. dag_id=dag_with_docker_operator, task_id=check_status, run_id=scheduled__2024-06-01T07:00:00+00:00, execution_date=20240601T070000, start_date=20240602T112858, end_date=20240602T112859
[2024-06-02T11:28:59.820+0000] {local_task_job_runner.py:240} INFO - Task exited with return code 0
[2024-06-02T11:28:59.854+0000] {taskinstance.py:3498} INFO - 0 downstream tasks scheduled from follow-on schedule check
[2024-06-02T11:28:59.856+0000] {local_task_job_runner.py:222} INFO - ::endgroup::
[2024-06-02T11:58:53.568+0000] {local_task_job_runner.py:120} INFO - ::group::Pre task execution logs
[2024-06-02T11:58:53.615+0000] {taskinstance.py:2076} INFO - Dependencies all met for dep_context=non-requeueable deps ti=<TaskInstance: dag_with_docker_operator.check_status scheduled__2024-06-01T07:00:00+00:00 [queued]>
[2024-06-02T11:58:53.641+0000] {taskinstance.py:2076} INFO - Dependencies all met for dep_context=requeueable deps ti=<TaskInstance: dag_with_docker_operator.check_status scheduled__2024-06-01T07:00:00+00:00 [queued]>
[2024-06-02T11:58:53.642+0000] {taskinstance.py:2306} INFO - Starting attempt 1 of 2
[2024-06-02T11:58:53.744+0000] {taskinstance.py:2330} INFO - Executing <Task(PythonOperator): check_status> on 2024-06-01 07:00:00+00:00
[2024-06-02T11:58:53.755+0000] {standard_task_runner.py:63} INFO - Started process 2395 to run task
[2024-06-02T11:58:53.756+0000] {standard_task_runner.py:90} INFO - Running: ['airflow', 'tasks', 'run', 'dag_with_docker_operator', 'check_status', 'scheduled__2024-06-01T07:00:00+00:00', '--job-id', '794', '--raw', '--subdir', 'DAGS_FOLDER/dag_with_docker_operator.py', '--cfg-path', '/tmp/tmpz6un9dru']
[2024-06-02T11:58:53.760+0000] {standard_task_runner.py:91} INFO - Job 794: Subtask check_status
[2024-06-02T11:58:54.204+0000] {task_command.py:426} INFO - Running <TaskInstance: dag_with_docker_operator.check_status scheduled__2024-06-01T07:00:00+00:00 [running]> on host 9c47fcd741af
[2024-06-02T11:58:54.475+0000] {taskinstance.py:2648} INFO - Exporting env vars: AIRFLOW_CTX_DAG_OWNER='airflow' AIRFLOW_CTX_DAG_ID='dag_with_docker_operator' AIRFLOW_CTX_TASK_ID='check_status' AIRFLOW_CTX_EXECUTION_DATE='2024-06-01T07:00:00+00:00' AIRFLOW_CTX_TRY_NUMBER='1' AIRFLOW_CTX_DAG_RUN_ID='scheduled__2024-06-01T07:00:00+00:00'
[2024-06-02T11:58:54.475+0000] {taskinstance.py:430} INFO - ::endgroup::
[2024-06-02T11:58:54.497+0000] {python.py:237} INFO - Done. Returned value was: {'status': 'success'}
[2024-06-02T11:58:54.499+0000] {taskinstance.py:441} INFO - ::group::Post task execution logs
[2024-06-02T11:58:54.569+0000] {taskinstance.py:1206} INFO - Marking task as SUCCESS. dag_id=dag_with_docker_operator, task_id=check_status, run_id=scheduled__2024-06-01T07:00:00+00:00, execution_date=20240601T070000, start_date=20240602T115853, end_date=20240602T115854
[2024-06-02T11:58:54.704+0000] {local_task_job_runner.py:240} INFO - Task exited with return code 0
[2024-06-02T11:58:54.842+0000] {taskinstance.py:3498} INFO - 0 downstream tasks scheduled from follow-on schedule check
[2024-06-02T11:58:54.844+0000] {local_task_job_runner.py:222} INFO - ::endgroup::
[2024-06-02T12:17:02.282+0000] {local_task_job_runner.py:120} INFO - ::group::Pre task execution logs
[2024-06-02T12:17:02.331+0000] {taskinstance.py:2076} INFO - Dependencies all met for dep_context=non-requeueable deps ti=<TaskInstance: dag_with_docker_operator.check_status scheduled__2024-06-01T07:00:00+00:00 [queued]>
[2024-06-02T12:17:02.356+0000] {taskinstance.py:2076} INFO - Dependencies all met for dep_context=requeueable deps ti=<TaskInstance: dag_with_docker_operator.check_status scheduled__2024-06-01T07:00:00+00:00 [queued]>
[2024-06-02T12:17:02.358+0000] {taskinstance.py:2306} INFO - Starting attempt 1 of 2
[2024-06-02T12:17:02.418+0000] {taskinstance.py:2330} INFO - Executing <Task(PythonOperator): check_status> on 2024-06-01 07:00:00+00:00
[2024-06-02T12:17:02.425+0000] {standard_task_runner.py:63} INFO - Started process 2878 to run task
[2024-06-02T12:17:02.428+0000] {standard_task_runner.py:90} INFO - Running: ['airflow', 'tasks', 'run', 'dag_with_docker_operator', 'check_status', 'scheduled__2024-06-01T07:00:00+00:00', '--job-id', '786', '--raw', '--subdir', 'DAGS_FOLDER/dag_with_docker_operator.py', '--cfg-path', '/tmp/tmph_m50y20']
[2024-06-02T12:17:02.430+0000] {standard_task_runner.py:91} INFO - Job 786: Subtask check_status
[2024-06-02T12:17:02.784+0000] {task_command.py:426} INFO - Running <TaskInstance: dag_with_docker_operator.check_status scheduled__2024-06-01T07:00:00+00:00 [running]> on host 9c47fcd741af
[2024-06-02T12:17:03.161+0000] {taskinstance.py:2648} INFO - Exporting env vars: AIRFLOW_CTX_DAG_OWNER='airflow' AIRFLOW_CTX_DAG_ID='dag_with_docker_operator' AIRFLOW_CTX_TASK_ID='check_status' AIRFLOW_CTX_EXECUTION_DATE='2024-06-01T07:00:00+00:00' AIRFLOW_CTX_TRY_NUMBER='1' AIRFLOW_CTX_DAG_RUN_ID='scheduled__2024-06-01T07:00:00+00:00'
[2024-06-02T12:17:03.162+0000] {taskinstance.py:430} INFO - ::endgroup::
[2024-06-02T12:17:03.191+0000] {taskinstance.py:441} INFO - ::group::Post task execution logs
[2024-06-02T12:17:03.192+0000] {taskinstance.py:2905} ERROR - Task failed with exception
Traceback (most recent call last):
  File "/home/airflow/.local/lib/python3.12/site-packages/airflow/models/taskinstance.py", line 465, in _execute_task
    result = _execute_callable(context=context, **execute_callable_kwargs)
             ^^^^^^^^^^^^^^^^^^^^^^^^^^^^^^^^^^^^^^^^^^^^^^^^^^^^^^^^^^^^^
  File "/home/airflow/.local/lib/python3.12/site-packages/airflow/models/taskinstance.py", line 432, in _execute_callable
    return execute_callable(context=context, **execute_callable_kwargs)
           ^^^^^^^^^^^^^^^^^^^^^^^^^^^^^^^^^^^^^^^^^^^^^^^^^^^^^^^^^^^^
  File "/home/airflow/.local/lib/python3.12/site-packages/airflow/models/baseoperator.py", line 400, in wrapper
    return func(self, *args, **kwargs)
           ^^^^^^^^^^^^^^^^^^^^^^^^^^^
  File "/home/airflow/.local/lib/python3.12/site-packages/airflow/operators/python.py", line 235, in execute
    return_value = self.execute_callable()
                   ^^^^^^^^^^^^^^^^^^^^^^^
  File "/home/airflow/.local/lib/python3.12/site-packages/airflow/operators/python.py", line 252, in execute_callable
    return self.python_callable(*self.op_args, **self.op_kwargs)
           ^^^^^^^^^^^^^^^^^^^^^^^^^^^^^^^^^^^^^^^^^^^^^^^^^^^^^
  File "/opt/airflow/dags/dag_with_docker_operator.py", line 24, in check_send_status
    raise ValueError(f"Check send status failed: {result}")
ValueError: Check send status failed: {'status': 'failed'}
[2024-06-02T12:17:03.212+0000] {taskinstance.py:1206} INFO - Marking task as UP_FOR_RETRY. dag_id=dag_with_docker_operator, task_id=check_status, run_id=scheduled__2024-06-01T07:00:00+00:00, execution_date=20240601T070000, start_date=20240602T121702, end_date=20240602T121703
[2024-06-02T12:17:03.258+0000] {standard_task_runner.py:110} ERROR - Failed to execute job 786 for task check_status (Check send status failed: {'status': 'failed'}; 2878)
[2024-06-02T12:17:03.282+0000] {local_task_job_runner.py:240} INFO - Task exited with return code 1
[2024-06-02T12:17:03.457+0000] {taskinstance.py:3498} INFO - 0 downstream tasks scheduled from follow-on schedule check
[2024-06-02T12:17:03.459+0000] {local_task_job_runner.py:222} INFO - ::endgroup::
