[2024-05-29T10:52:36.638+0000] {local_task_job_runner.py:120} INFO - ::group::Pre task execution logs
[2024-05-29T10:52:36.786+0000] {taskinstance.py:2076} INFO - Dependencies all met for dep_context=non-requeueable deps ti=<TaskInstance: check_send_status_dag.check_status scheduled__2023-01-01T05:00:00+00:00 [queued]>
[2024-05-29T10:52:36.815+0000] {taskinstance.py:2076} INFO - Dependencies all met for dep_context=requeueable deps ti=<TaskInstance: check_send_status_dag.check_status scheduled__2023-01-01T05:00:00+00:00 [queued]>
[2024-05-29T10:52:36.817+0000] {taskinstance.py:2306} INFO - Starting attempt 1 of 2
[2024-05-29T10:52:36.880+0000] {taskinstance.py:2330} INFO - Executing <Task(PythonOperator): check_status> on 2023-01-01 05:00:00+00:00
[2024-05-29T10:52:36.887+0000] {standard_task_runner.py:63} INFO - Started process 319 to run task
[2024-05-29T10:52:36.890+0000] {standard_task_runner.py:90} INFO - Running: ['airflow', 'tasks', 'run', 'check_send_status_dag', 'check_status', 'scheduled__2023-01-01T05:00:00+00:00', '--job-id', '54', '--raw', '--subdir', 'DAGS_FOLDER/check_send_status_dag.py', '--cfg-path', '/tmp/tmp0hookzjw']
[2024-05-29T10:52:36.892+0000] {standard_task_runner.py:91} INFO - Job 54: Subtask check_status
[2024-05-29T10:52:36.996+0000] {task_command.py:426} INFO - Running <TaskInstance: check_send_status_dag.check_status scheduled__2023-01-01T05:00:00+00:00 [running]> on host f708138922bb
[2024-05-29T10:52:37.189+0000] {taskinstance.py:2648} INFO - Exporting env vars: AIRFLOW_CTX_DAG_OWNER='airflow' AIRFLOW_CTX_DAG_ID='check_send_status_dag' AIRFLOW_CTX_TASK_ID='check_status' AIRFLOW_CTX_EXECUTION_DATE='2023-01-01T05:00:00+00:00' AIRFLOW_CTX_TRY_NUMBER='1' AIRFLOW_CTX_DAG_RUN_ID='scheduled__2023-01-01T05:00:00+00:00'
[2024-05-29T10:52:37.190+0000] {taskinstance.py:430} INFO - ::endgroup::
[2024-05-29T10:52:37.583+0000] {check_send_status_dag.py:15} ERROR - Error fetching status: 404 Client Error: Not Found for url: http://host.docker.internal/check_send_status
[2024-05-29T10:52:37.584+0000] {taskinstance.py:441} INFO - ::group::Post task execution logs
[2024-05-29T10:52:37.585+0000] {taskinstance.py:2905} ERROR - Task failed with exception
Traceback (most recent call last):
  File "/home/airflow/.local/lib/python3.12/site-packages/airflow/models/taskinstance.py", line 465, in _execute_task
    result = _execute_callable(context=context, **execute_callable_kwargs)
             ^^^^^^^^^^^^^^^^^^^^^^^^^^^^^^^^^^^^^^^^^^^^^^^^^^^^^^^^^^^^^
  File "/home/airflow/.local/lib/python3.12/site-packages/airflow/models/taskinstance.py", line 432, in _execute_callable
    return execute_callable(context=context, **execute_callable_kwargs)
           ^^^^^^^^^^^^^^^^^^^^^^^^^^^^^^^^^^^^^^^^^^^^^^^^^^^^^^^^^^^^
  File "/home/airflow/.local/lib/python3.12/site-packages/airflow/models/baseoperator.py", line 400, in wrapper
    return func(self, *args, **kwargs)
           ^^^^^^^^^^^^^^^^^^^^^^^^^^^
  File "/home/airflow/.local/lib/python3.12/site-packages/airflow/operators/python.py", line 235, in execute
    return_value = self.execute_callable()
                   ^^^^^^^^^^^^^^^^^^^^^^^
  File "/home/airflow/.local/lib/python3.12/site-packages/airflow/operators/python.py", line 252, in execute_callable
    return self.python_callable(*self.op_args, **self.op_kwargs)
           ^^^^^^^^^^^^^^^^^^^^^^^^^^^^^^^^^^^^^^^^^^^^^^^^^^^^^
  File "/opt/airflow/dags/check_send_status_dag.py", line 11, in check_send_status
    response.raise_for_status()
  File "/home/airflow/.local/lib/python3.12/site-packages/requests/models.py", line 1021, in raise_for_status
    raise HTTPError(http_error_msg, response=self)
requests.exceptions.HTTPError: 404 Client Error: Not Found for url: http://host.docker.internal/check_send_status
[2024-05-29T10:52:37.608+0000] {taskinstance.py:1206} INFO - Marking task as UP_FOR_RETRY. dag_id=check_send_status_dag, task_id=check_status, run_id=scheduled__2023-01-01T05:00:00+00:00, execution_date=20230101T050000, start_date=20240529T105236, end_date=20240529T105237
[2024-05-29T10:52:37.656+0000] {standard_task_runner.py:110} ERROR - Failed to execute job 54 for task check_status (404 Client Error: Not Found for url: http://host.docker.internal/check_send_status; 319)
[2024-05-29T10:52:37.669+0000] {local_task_job_runner.py:240} INFO - Task exited with return code 1
[2024-05-29T10:52:37.701+0000] {taskinstance.py:3498} INFO - 0 downstream tasks scheduled from follow-on schedule check
[2024-05-29T10:52:37.703+0000] {local_task_job_runner.py:222} INFO - ::endgroup::
[2024-05-29T14:31:11.704+0000] {local_task_job_runner.py:120} INFO - ::group::Pre task execution logs
[2024-05-29T14:31:11.778+0000] {taskinstance.py:2076} INFO - Dependencies all met for dep_context=non-requeueable deps ti=<TaskInstance: check_send_status_dag.check_status scheduled__2023-01-01T05:00:00+00:00 [queued]>
[2024-05-29T14:31:11.801+0000] {taskinstance.py:2076} INFO - Dependencies all met for dep_context=requeueable deps ti=<TaskInstance: check_send_status_dag.check_status scheduled__2023-01-01T05:00:00+00:00 [queued]>
[2024-05-29T14:31:11.802+0000] {taskinstance.py:2306} INFO - Starting attempt 1 of 2
[2024-05-29T14:31:11.917+0000] {taskinstance.py:2330} INFO - Executing <Task(PythonOperator): check_status> on 2023-01-01 05:00:00+00:00
[2024-05-29T14:31:11.934+0000] {standard_task_runner.py:63} INFO - Started process 1490 to run task
[2024-05-29T14:31:11.930+0000] {standard_task_runner.py:90} INFO - Running: ['airflow', 'tasks', 'run', 'check_send_status_dag', 'check_status', 'scheduled__2023-01-01T05:00:00+00:00', '--job-id', '59', '--raw', '--subdir', 'DAGS_FOLDER/check_send_status_dag.py', '--cfg-path', '/tmp/tmp7sb13jww']
[2024-05-29T14:31:11.948+0000] {standard_task_runner.py:91} INFO - Job 59: Subtask check_status
[2024-05-29T14:31:12.560+0000] {task_command.py:426} INFO - Running <TaskInstance: check_send_status_dag.check_status scheduled__2023-01-01T05:00:00+00:00 [running]> on host f708138922bb
[2024-05-29T14:31:12.971+0000] {taskinstance.py:2648} INFO - Exporting env vars: AIRFLOW_CTX_DAG_OWNER='airflow' AIRFLOW_CTX_DAG_ID='check_send_status_dag' AIRFLOW_CTX_TASK_ID='check_status' AIRFLOW_CTX_EXECUTION_DATE='2023-01-01T05:00:00+00:00' AIRFLOW_CTX_TRY_NUMBER='1' AIRFLOW_CTX_DAG_RUN_ID='scheduled__2023-01-01T05:00:00+00:00'
[2024-05-29T14:31:12.975+0000] {taskinstance.py:430} INFO - ::endgroup::
[2024-05-29T14:31:13.020+0000] {check_send_status_dag.py:15} ERROR - Error fetching status: 500 Server Error: INTERNAL SERVER ERROR for url: http://flask:5000/check_send_status
[2024-05-29T14:31:13.026+0000] {taskinstance.py:441} INFO - ::group::Post task execution logs
[2024-05-29T14:31:13.028+0000] {taskinstance.py:2905} ERROR - Task failed with exception
Traceback (most recent call last):
  File "/home/airflow/.local/lib/python3.12/site-packages/airflow/models/taskinstance.py", line 465, in _execute_task
    result = _execute_callable(context=context, **execute_callable_kwargs)
             ^^^^^^^^^^^^^^^^^^^^^^^^^^^^^^^^^^^^^^^^^^^^^^^^^^^^^^^^^^^^^
  File "/home/airflow/.local/lib/python3.12/site-packages/airflow/models/taskinstance.py", line 432, in _execute_callable
    return execute_callable(context=context, **execute_callable_kwargs)
           ^^^^^^^^^^^^^^^^^^^^^^^^^^^^^^^^^^^^^^^^^^^^^^^^^^^^^^^^^^^^
  File "/home/airflow/.local/lib/python3.12/site-packages/airflow/models/baseoperator.py", line 400, in wrapper
    return func(self, *args, **kwargs)
           ^^^^^^^^^^^^^^^^^^^^^^^^^^^
  File "/home/airflow/.local/lib/python3.12/site-packages/airflow/operators/python.py", line 235, in execute
    return_value = self.execute_callable()
                   ^^^^^^^^^^^^^^^^^^^^^^^
  File "/home/airflow/.local/lib/python3.12/site-packages/airflow/operators/python.py", line 252, in execute_callable
    return self.python_callable(*self.op_args, **self.op_kwargs)
           ^^^^^^^^^^^^^^^^^^^^^^^^^^^^^^^^^^^^^^^^^^^^^^^^^^^^^
  File "/opt/airflow/dags/check_send_status_dag.py", line 11, in check_send_status
    response.raise_for_status()
  File "/home/airflow/.local/lib/python3.12/site-packages/requests/models.py", line 1021, in raise_for_status
    raise HTTPError(http_error_msg, response=self)
requests.exceptions.HTTPError: 500 Server Error: INTERNAL SERVER ERROR for url: http://flask:5000/check_send_status
[2024-05-29T14:31:13.050+0000] {taskinstance.py:1206} INFO - Marking task as UP_FOR_RETRY. dag_id=check_send_status_dag, task_id=check_status, run_id=scheduled__2023-01-01T05:00:00+00:00, execution_date=20230101T050000, start_date=20240529T143111, end_date=20240529T143113
[2024-05-29T14:31:13.120+0000] {standard_task_runner.py:110} ERROR - Failed to execute job 59 for task check_status (500 Server Error: INTERNAL SERVER ERROR for url: http://flask:5000/check_send_status; 1490)
[2024-05-29T14:31:13.174+0000] {local_task_job_runner.py:240} INFO - Task exited with return code 1
[2024-05-29T14:31:13.213+0000] {taskinstance.py:3498} INFO - 0 downstream tasks scheduled from follow-on schedule check
[2024-05-29T14:31:13.216+0000] {local_task_job_runner.py:222} INFO - ::endgroup::
[2024-05-29T14:55:59.249+0000] {local_task_job_runner.py:120} INFO - ::group::Pre task execution logs
[2024-05-29T14:55:59.379+0000] {taskinstance.py:2076} INFO - Dependencies all met for dep_context=non-requeueable deps ti=<TaskInstance: check_send_status_dag.check_status scheduled__2023-01-01T05:00:00+00:00 [queued]>
[2024-05-29T14:55:59.431+0000] {taskinstance.py:2076} INFO - Dependencies all met for dep_context=requeueable deps ti=<TaskInstance: check_send_status_dag.check_status scheduled__2023-01-01T05:00:00+00:00 [queued]>
[2024-05-29T14:55:59.432+0000] {taskinstance.py:2306} INFO - Starting attempt 1 of 2
[2024-05-29T14:55:59.572+0000] {taskinstance.py:2330} INFO - Executing <Task(PythonOperator): check_status> on 2023-01-01 05:00:00+00:00
[2024-05-29T14:55:59.590+0000] {standard_task_runner.py:63} INFO - Started process 1754 to run task
[2024-05-29T14:55:59.586+0000] {standard_task_runner.py:90} INFO - Running: ['airflow', 'tasks', 'run', 'check_send_status_dag', 'check_status', 'scheduled__2023-01-01T05:00:00+00:00', '--job-id', '41', '--raw', '--subdir', 'DAGS_FOLDER/check_send_status_dag.py', '--cfg-path', '/tmp/tmpsxlx17uo']
[2024-05-29T14:55:59.599+0000] {standard_task_runner.py:91} INFO - Job 41: Subtask check_status
[2024-05-29T14:55:59.824+0000] {task_command.py:426} INFO - Running <TaskInstance: check_send_status_dag.check_status scheduled__2023-01-01T05:00:00+00:00 [running]> on host f708138922bb
[2024-05-29T14:56:00.088+0000] {taskinstance.py:2648} INFO - Exporting env vars: AIRFLOW_CTX_DAG_OWNER='airflow' AIRFLOW_CTX_DAG_ID='check_send_status_dag' AIRFLOW_CTX_TASK_ID='check_status' AIRFLOW_CTX_EXECUTION_DATE='2023-01-01T05:00:00+00:00' AIRFLOW_CTX_TRY_NUMBER='1' AIRFLOW_CTX_DAG_RUN_ID='scheduled__2023-01-01T05:00:00+00:00'
[2024-05-29T14:56:00.091+0000] {taskinstance.py:430} INFO - ::endgroup::
[2024-05-29T14:56:00.202+0000] {check_send_status_dag.py:13} INFO - Status: {'status': 'unknown'}
[2024-05-29T14:56:00.228+0000] {python.py:237} INFO - Done. Returned value was: None
[2024-05-29T14:56:00.244+0000] {taskinstance.py:441} INFO - ::group::Post task execution logs
[2024-05-29T14:56:00.770+0000] {taskinstance.py:1206} INFO - Marking task as SUCCESS. dag_id=check_send_status_dag, task_id=check_status, run_id=scheduled__2023-01-01T05:00:00+00:00, execution_date=20230101T050000, start_date=20240529T145559, end_date=20240529T145600
[2024-05-29T14:56:00.956+0000] {local_task_job_runner.py:240} INFO - Task exited with return code 0
[2024-05-29T14:56:01.122+0000] {taskinstance.py:3498} INFO - 0 downstream tasks scheduled from follow-on schedule check
[2024-05-29T14:56:01.125+0000] {local_task_job_runner.py:222} INFO - ::endgroup::
