[2024-05-30T08:58:08.996+0000] {local_task_job_runner.py:120} INFO - ::group::Pre task execution logs
[2024-05-30T08:58:09.055+0000] {taskinstance.py:2076} INFO - Dependencies all met for dep_context=non-requeueable deps ti=<TaskInstance: flask_monitoring.check_flask_health scheduled__2024-05-29T02:10:00+00:00 [queued]>
[2024-05-30T08:58:09.078+0000] {taskinstance.py:2076} INFO - Dependencies all met for dep_context=requeueable deps ti=<TaskInstance: flask_monitoring.check_flask_health scheduled__2024-05-29T02:10:00+00:00 [queued]>
[2024-05-30T08:58:09.080+0000] {taskinstance.py:2306} INFO - Starting attempt 1 of 2
[2024-05-30T08:58:09.132+0000] {taskinstance.py:2330} INFO - Executing <Task(BashOperator): check_flask_health> on 2024-05-29 02:10:00+00:00
[2024-05-30T08:58:09.142+0000] {standard_task_runner.py:63} INFO - Started process 979 to run task
[2024-05-30T08:58:09.145+0000] {standard_task_runner.py:90} INFO - Running: ['airflow', 'tasks', 'run', 'flask_monitoring', 'check_flask_health', 'scheduled__2024-05-29T02:10:00+00:00', '--job-id', '308', '--raw', '--subdir', 'DAGS_FOLDER/flask_monitoring.py', '--cfg-path', '/tmp/tmpe85_dif5']
[2024-05-30T08:58:09.148+0000] {standard_task_runner.py:91} INFO - Job 308: Subtask check_flask_health
[2024-05-30T08:58:09.353+0000] {task_command.py:426} INFO - Running <TaskInstance: flask_monitoring.check_flask_health scheduled__2024-05-29T02:10:00+00:00 [running]> on host f708138922bb
[2024-05-30T08:58:09.964+0000] {taskinstance.py:2648} INFO - Exporting env vars: AIRFLOW_CTX_DAG_OWNER='airflow' AIRFLOW_CTX_DAG_ID='flask_monitoring' AIRFLOW_CTX_TASK_ID='check_flask_health' AIRFLOW_CTX_EXECUTION_DATE='2024-05-29T02:10:00+00:00' AIRFLOW_CTX_TRY_NUMBER='1' AIRFLOW_CTX_DAG_RUN_ID='scheduled__2024-05-29T02:10:00+00:00'
[2024-05-30T08:58:09.965+0000] {taskinstance.py:430} INFO - ::endgroup::
[2024-05-30T08:58:10.016+0000] {subprocess.py:63} INFO - Tmp dir root location: /tmp
[2024-05-30T08:58:10.018+0000] {subprocess.py:75} INFO - Running command: ['/usr/bin/bash', '-c', 'curl -X GET http://flask:5000/check_send_status']
[2024-05-30T08:58:10.051+0000] {subprocess.py:86} INFO - Output:
[2024-05-30T08:58:10.080+0000] {subprocess.py:93} INFO -   % Total    % Received % Xferd  Average Speed   Time    Time     Time  Current
[2024-05-30T08:58:10.083+0000] {subprocess.py:93} INFO -                                  Dload  Upload   Total   Spent    Left  Speed
[2024-05-30T08:58:10.093+0000] {subprocess.py:93} INFO -   0     0    0     0    0     0      0      0 --:--:-- --:--:-- --:--:--     0100    26  100    26    0     0   1960      0 --:--:-- --:--:-- --:--:--  2166
[2024-05-30T08:58:10.103+0000] {subprocess.py:93} INFO - {
[2024-05-30T08:58:10.106+0000] {subprocess.py:93} INFO -   "status": "success"
[2024-05-30T08:58:10.109+0000] {subprocess.py:93} INFO - }
[2024-05-30T08:58:10.110+0000] {subprocess.py:97} INFO - Command exited with return code 0
[2024-05-30T08:58:10.112+0000] {taskinstance.py:441} INFO - ::group::Post task execution logs
[2024-05-30T08:58:10.271+0000] {taskinstance.py:1206} INFO - Marking task as SUCCESS. dag_id=flask_monitoring, task_id=check_flask_health, run_id=scheduled__2024-05-29T02:10:00+00:00, execution_date=20240529T021000, start_date=20240530T085809, end_date=20240530T085810
[2024-05-30T08:58:10.393+0000] {local_task_job_runner.py:240} INFO - Task exited with return code 0
[2024-05-30T08:58:10.529+0000] {taskinstance.py:3498} INFO - 1 downstream tasks scheduled from follow-on schedule check
[2024-05-30T08:58:10.545+0000] {local_task_job_runner.py:222} INFO - ::endgroup::
