[2024-05-29T17:18:49.205+0000] {local_task_job_runner.py:120} INFO - ::group::Pre task execution logs
[2024-05-29T17:18:49.255+0000] {taskinstance.py:2076} INFO - Dependencies all met for dep_context=non-requeueable deps ti=<TaskInstance: flask_monitoring.check_flask_health scheduled__2024-05-28T02:05:00+00:00 [queued]>
[2024-05-29T17:18:49.278+0000] {taskinstance.py:2076} INFO - Dependencies all met for dep_context=requeueable deps ti=<TaskInstance: flask_monitoring.check_flask_health scheduled__2024-05-28T02:05:00+00:00 [queued]>
[2024-05-29T17:18:49.279+0000] {taskinstance.py:2306} INFO - Starting attempt 1 of 2
[2024-05-29T17:18:49.333+0000] {taskinstance.py:2330} INFO - Executing <Task(BashOperator): check_flask_health> on 2024-05-28 02:05:00+00:00
[2024-05-29T17:18:49.339+0000] {standard_task_runner.py:63} INFO - Started process 2244 to run task
[2024-05-29T17:18:49.344+0000] {standard_task_runner.py:90} INFO - Running: ['airflow', 'tasks', 'run', 'flask_monitoring', 'check_flask_health', 'scheduled__2024-05-28T02:05:00+00:00', '--job-id', '159', '--raw', '--subdir', 'DAGS_FOLDER/flask_monitoring.py', '--cfg-path', '/tmp/tmpsmdscdfj']
[2024-05-29T17:18:49.347+0000] {standard_task_runner.py:91} INFO - Job 159: Subtask check_flask_health
[2024-05-29T17:18:49.527+0000] {task_command.py:426} INFO - Running <TaskInstance: flask_monitoring.check_flask_health scheduled__2024-05-28T02:05:00+00:00 [running]> on host f708138922bb
[2024-05-29T17:18:49.757+0000] {taskinstance.py:2648} INFO - Exporting env vars: AIRFLOW_CTX_DAG_OWNER='airflow' AIRFLOW_CTX_DAG_ID='flask_monitoring' AIRFLOW_CTX_TASK_ID='check_flask_health' AIRFLOW_CTX_EXECUTION_DATE='2024-05-28T02:05:00+00:00' AIRFLOW_CTX_TRY_NUMBER='1' AIRFLOW_CTX_DAG_RUN_ID='scheduled__2024-05-28T02:05:00+00:00'
[2024-05-29T17:18:49.758+0000] {taskinstance.py:430} INFO - ::endgroup::
[2024-05-29T17:18:49.782+0000] {subprocess.py:63} INFO - Tmp dir root location: /tmp
[2024-05-29T17:18:49.789+0000] {subprocess.py:75} INFO - Running command: ['/usr/bin/bash', '-c', 'curl -X GET http://flask:5000/check_send_status']
[2024-05-29T17:18:49.802+0000] {subprocess.py:86} INFO - Output:
[2024-05-29T17:18:49.816+0000] {subprocess.py:93} INFO -   % Total    % Received % Xferd  Average Speed   Time    Time     Time  Current
[2024-05-29T17:18:49.818+0000] {subprocess.py:93} INFO -                                  Dload  Upload   Total   Spent    Left  Speed
[2024-05-29T17:18:49.827+0000] {subprocess.py:93} INFO -   0     0    0     0    0     0      0      0 --:--:-- --:--:-- --:--:--     0<!doctype html>
[2024-05-29T17:18:49.832+0000] {subprocess.py:93} INFO - <html lang=en>
[2024-05-29T17:18:49.836+0000] {subprocess.py:93} INFO -   <head>
[2024-05-29T17:18:49.838+0000] {subprocess.py:93} INFO -     <title>NameError: name &#39;last_status&#39; is not defined
[2024-05-29T17:18:49.846+0000] {subprocess.py:93} INFO -  // Werkzeug Debugger</title>
[2024-05-29T17:18:49.849+0000] {subprocess.py:93} INFO -     <link rel="stylesheet" href="?__debugger__=yes&amp;cmd=resource&amp;f=style.css">
[2024-05-29T17:18:49.852+0000] {subprocess.py:93} INFO -     <link rel="shortcut icon"
[2024-05-29T17:18:49.853+0000] {subprocess.py:93} INFO -         href="?__debugger__=yes&amp;cmd=resource&amp;f=console.png">
[2024-05-29T17:18:49.853+0000] {subprocess.py:93} INFO -     <script src="?__debugger__=yes&amp;cmd=resource&amp;f=debugger.js"></script>
[2024-05-29T17:18:49.854+0000] {subprocess.py:93} INFO -     <script>
[2024-05-29T17:18:49.855+0000] {subprocess.py:93} INFO -       var CONSOLE_MODE = false,
[2024-05-29T17:18:49.856+0000] {subprocess.py:93} INFO -           EVALEX = false,
[2024-05-29T17:18:49.859+0000] {subprocess.py:93} INFO -           EVALEX_TRUSTED = false,
[2024-05-29T17:18:49.860+0000] {subprocess.py:93} INFO -           SECRET = "m0W2mug263yMqd81oBK2";
[2024-05-29T17:18:49.860+0000] {subprocess.py:93} INFO -     </script>
[2024-05-29T17:18:49.861+0000] {subprocess.py:93} INFO -   </head>
[2024-05-29T17:18:49.861+0000] {subprocess.py:93} INFO -   <body style="background-color: #fff">
[2024-05-29T17:18:49.862+0000] {subprocess.py:93} INFO -     <div class="debugger">
[2024-05-29T17:18:49.863+0000] {subprocess.py:93} INFO - <h1>NameError</h1>
[2024-05-29T17:18:49.863+0000] {subprocess.py:93} INFO - <div class="detail">
[2024-05-29T17:18:49.864+0000] {subprocess.py:93} INFO -   <p class="errormsg">NameError: name &#39;last_status&#39; is not defined
[2024-05-29T17:18:49.865+0000] {subprocess.py:93} INFO - </p>
[2024-05-29T17:18:49.866+0000] {subprocess.py:93} INFO - </div>
[2024-05-29T17:18:49.867+0000] {subprocess.py:93} INFO - <h2 class="traceback">Traceback <em>(most recent call last)</em></h2>
[2024-05-29T17:18:49.868+0000] {subprocess.py:93} INFO - <div class="traceback">
[2024-05-29T17:18:49.869+0000] {subprocess.py:93} INFO -   <h3></h3>
[2024-05-29T17:18:49.870+0000] {subprocess.py:93} INFO -   <ul><li><div class="frame" id="frame-140474387542416">
[2024-05-29T17:18:49.874+0000] {subprocess.py:93} INFO -   <h4>File <cite class="filename">"/usr/local/lib/python3.9/site-packages/flask/app.py"</cite>,
[2024-05-29T17:18:49.875+0000] {subprocess.py:93} INFO -       line <em class="line">1498</em>,
[2024-05-29T17:18:49.876+0000] {subprocess.py:93} INFO -       in <code class="function">__call__</code></h4>
[2024-05-29T17:18:49.876+0000] {subprocess.py:93} INFO -   <div class="source library"><pre class="line before"><span class="ws">    </span>) -&gt; cabc.Iterable[bytes]:</pre>
[2024-05-29T17:18:49.880+0000] {subprocess.py:93} INFO - <pre class="line before"><span class="ws">        </span>&#34;&#34;&#34;The WSGI server calls the Flask application object as the</pre>
[2024-05-29T17:18:49.882+0000] {subprocess.py:93} INFO - <pre class="line before"><span class="ws">        </span>WSGI application. This calls :meth:`wsgi_app`, which can be</pre>
[2024-05-29T17:18:49.884+0000] {subprocess.py:93} INFO - <pre class="line before"><span class="ws">        </span>wrapped to apply middleware.</pre>
[2024-05-29T17:18:49.885+0000] {subprocess.py:93} INFO - <pre class="line before"><span class="ws">        </span>&#34;&#34;&#34;</pre>
[2024-05-29T17:18:49.886+0000] {subprocess.py:93} INFO - <pre class="line current"><span class="ws">        </span>return self.wsgi_app(environ, start_response)</pre></div>
[2024-05-29T17:18:49.887+0000] {subprocess.py:93} INFO - </div>
[2024-05-29T17:18:49.888+0000] {subprocess.py:93} INFO - 
[2024-05-29T17:18:49.889+0000] {subprocess.py:93} INFO - <li><div class="frame" id="frame-140474387542528">
[2024-05-29T17:18:49.890+0000] {subprocess.py:93} INFO -   <h4>File <cite class="filename">"/usr/local/lib/python3.9/site-packages/flask/app.py"</cite>,
[2024-05-29T17:18:49.891+0000] {subprocess.py:93} INFO -       line <em class="line">1476</em>,
[2024-05-29T17:18:49.893+0000] {subprocess.py:93} INFO -       in <code class="function">wsgi_app</code></h4>
[2024-05-29T17:18:49.894+0000] {subprocess.py:93} INFO -   <div class="source library"><pre class="line before"><span class="ws">            </span>try:</pre>
[2024-05-29T17:18:49.895+0000] {subprocess.py:93} INFO - <pre class="line before"><span class="ws">                </span>ctx.push()</pre>
[2024-05-29T17:18:49.896+0000] {subprocess.py:93} INFO - <pre class="line before"><span class="ws">                </span>response = self.full_dispatch_request()</pre>
[2024-05-29T17:18:49.896+0000] {subprocess.py:93} INFO - <pre class="line before"><span class="ws">            </span>except Exception as e:</pre>
[2024-05-29T17:18:49.897+0000] {subprocess.py:93} INFO - <pre class="line before"><span class="ws">                </span>error = e</pre>
[2024-05-29T17:18:49.898+0000] {subprocess.py:93} INFO - <pre class="line current"><span class="ws">                </span>response = self.handle_exception(e)</pre>
[2024-05-29T17:18:49.899+0000] {subprocess.py:93} INFO - <pre class="line after"><span class="ws">            </span>except:  # noqa: B001</pre>
[2024-05-29T17:18:49.900+0000] {subprocess.py:93} INFO - <pre class="line after"><span class="ws">                </span>error = sys.exc_info()[1]</pre>
[2024-05-29T17:18:49.902+0000] {subprocess.py:93} INFO - <pre class="line after"><span class="ws">                </span>raise</pre>
[2024-05-29T17:18:49.903+0000] {subprocess.py:93} INFO - <pre class="line after"><span class="ws">            </span>return response(environ, start_response)</pre>
[2024-05-29T17:18:49.904+0000] {subprocess.py:93} INFO - <pre class="line after"><span class="ws">        </span>finally:</pre></div>
[2024-05-29T17:18:49.905+0000] {subprocess.py:93} INFO - </div>
[2024-05-29T17:18:49.906+0000] {subprocess.py:93} INFO - 
[2024-05-29T17:18:49.907+0000] {subprocess.py:93} INFO - <li><div class="frame" id="frame-140474387542640">
[2024-05-29T17:18:49.908+0000] {subprocess.py:93} INFO -   <h4>File <cite class="filename">"/usr/local/lib/python3.9/site-packages/flask/app.py"</cite>,
[2024-05-29T17:18:49.909+0000] {subprocess.py:93} INFO -       line <em class="line">1473</em>,
[2024-05-29T17:18:49.910+0000] {subprocess.py:93} INFO -       in <code class="function">wsgi_app</code></h4>
[2024-05-29T17:18:49.912+0000] {subprocess.py:93} INFO -   <div class="source library"><pre class="line before"><span class="ws">        </span>ctx = self.request_context(environ)</pre>
[2024-05-29T17:18:49.913+0000] {subprocess.py:93} INFO - <pre class="line before"><span class="ws">        </span>error: BaseException | None = None</pre>
[2024-05-29T17:18:49.918+0000] {subprocess.py:93} INFO - <pre class="line before"><span class="ws">        </span>try:</pre>
[2024-05-29T17:18:49.920+0000] {subprocess.py:93} INFO - <pre class="line before"><span class="ws">            </span>try:</pre>
[2024-05-29T17:18:49.924+0000] {subprocess.py:93} INFO - <pre class="line before"><span class="ws">                </span>ctx.push()</pre>
[2024-05-29T17:18:49.926+0000] {subprocess.py:93} INFO - <pre class="line current"><span class="ws">                </span>response = self.full_dispatch_request()</pre>
[2024-05-29T17:18:49.928+0000] {subprocess.py:93} INFO - <pre class="line after"><span class="ws">            </span>except Exception as e:</pre>
[2024-05-29T17:18:49.929+0000] {subprocess.py:93} INFO - <pre class="line after"><span class="ws">                </span>error = e</pre>
[2024-05-29T17:18:49.930+0000] {subprocess.py:93} INFO - <pre class="line after"><span class="ws">                </span>response = self.handle_exception(e)</pre>
[2024-05-29T17:18:49.936+0000] {subprocess.py:93} INFO - <pre class="line after"><span class="ws">            </span>except:  # noqa: B001</pre>
[2024-05-29T17:18:49.937+0000] {subprocess.py:93} INFO - <pre class="line after"><span class="ws">                </span>error = sys.exc_info()[1]</pre></div>
[2024-05-29T17:18:49.942+0000] {subprocess.py:93} INFO - </div>
[2024-05-29T17:18:49.943+0000] {subprocess.py:93} INFO - 
[2024-05-29T17:18:49.944+0000] {subprocess.py:93} INFO - <li><div class="frame" id="frame-140474387542752">
[2024-05-29T17:18:49.945+0000] {subprocess.py:93} INFO -   <h4>File <cite class="filename">"/usr/local/lib/python3.9/site-packages/flask/app.py"</cite>,
[2024-05-29T17:18:49.946+0000] {subprocess.py:93} INFO -       line <em class="line">882</em>,
[2024-05-29T17:18:49.947+0000] {subprocess.py:93} INFO -       in <code class="function">full_dispatch_request</code></h4>
[2024-05-29T17:18:49.950+0000] {subprocess.py:93} INFO -   <div class="source library"><pre class="line before"><span class="ws">            </span>request_started.send(self, _async_wrapper=self.ensure_sync)</pre>
[2024-05-29T17:18:49.951+0000] {subprocess.py:93} INFO - <pre class="line before"><span class="ws">            </span>rv = self.preprocess_request()</pre>
[2024-05-29T17:18:49.952+0000] {subprocess.py:93} INFO - <pre class="line before"><span class="ws">            </span>if rv is None:</pre>
[2024-05-29T17:18:49.953+0000] {subprocess.py:93} INFO - <pre class="line before"><span class="ws">                </span>rv = self.dispatch_request()</pre>
[2024-05-29T17:18:49.958+0000] {subprocess.py:93} INFO - <pre class="line before"><span class="ws">        </span>except Exception as e:</pre>
[2024-05-29T17:18:49.960+0000] {subprocess.py:93} INFO - <pre class="line current"><span class="ws">            </span>rv = self.handle_user_exception(e)</pre>
[2024-05-29T17:18:49.961+0000] {subprocess.py:93} INFO - <pre class="line after"><span class="ws">        </span>return self.finalize_request(rv)</pre>
[2024-05-29T17:18:49.962+0000] {subprocess.py:93} INFO - <pre class="line after"><span class="ws"></span> </pre>
[2024-05-29T17:18:49.963+0000] {subprocess.py:93} INFO - <pre class="line after"><span class="ws">    </span>def finalize_request(</pre>
[2024-05-29T17:18:49.965+0000] {subprocess.py:93} INFO - <pre class="line after"><span class="ws">        </span>self,</pre>
[2024-05-29T17:18:49.966+0000] {subprocess.py:93} INFO - <pre class="line after"><span class="ws">        </span>rv: ft.ResponseReturnValue | HTTPException,</pre></div>
[2024-05-29T17:18:49.969+0000] {subprocess.py:93} INFO - </div>
[2024-05-29T17:18:49.970+0000] {subprocess.py:93} INFO - 
[2024-05-29T17:18:49.972+0000] {subprocess.py:93} INFO - <li><div class="frame" id="frame-140474387542864">
[2024-05-29T17:18:49.973+0000] {subprocess.py:93} INFO -   <h4>File <cite class="filename">"/usr/local/lib/python3.9/site-packages/flask/app.py"</cite>,
[2024-05-29T17:18:49.974+0000] {subprocess.py:93} INFO -       line <em class="line">880</em>,
[2024-05-29T17:18:49.976+0000] {subprocess.py:93} INFO -       in <code class="function">full_dispatch_request</code></h4>
[2024-05-29T17:18:49.978+0000] {subprocess.py:93} INFO -   <div class="source library"><pre class="line before"><span class="ws"></span> </pre>
[2024-05-29T17:18:49.980+0000] {subprocess.py:93} INFO - <pre class="line before"><span class="ws">        </span>try:</pre>
[2024-05-29T17:18:49.984+0000] {subprocess.py:93} INFO - <pre class="line before"><span class="ws">            </span>request_started.send(self, _async_wrapper=self.ensure_sync)</pre>
[2024-05-29T17:18:49.987+0000] {subprocess.py:93} INFO - <pre class="line before"><span class="ws">            </span>rv = self.preprocess_request()</pre>
[2024-05-29T17:18:49.988+0000] {subprocess.py:93} INFO - <pre class="line before"><span class="ws">            </span>if rv is None:</pre>
[2024-05-29T17:18:49.990+0000] {subprocess.py:93} INFO - <pre class="line current"><span class="ws">                </span>rv = self.dispatch_request()</pre>
[2024-05-29T17:18:49.991+0000] {subprocess.py:93} INFO - <pre class="line after"><span class="ws">        </span>except Exception as e:</pre>
[2024-05-29T17:18:49.993+0000] {subprocess.py:93} INFO - <pre class="line after"><span class="ws">            </span>rv = self.handle_user_exception(e)</pre>
[2024-05-29T17:18:49.995+0000] {subprocess.py:93} INFO - <pre class="line after"><span class="ws">        </span>return self.finalize_request(rv)</pre>
[2024-05-29T17:18:49.996+0000] {subprocess.py:93} INFO - <pre class="line after"><span class="ws"></span> </pre>
[2024-05-29T17:18:49.999+0000] {subprocess.py:93} INFO - <pre class="line after"><span class="ws">    </span>def finalize_request(</pre></div>
[2024-05-29T17:18:50.000+0000] {subprocess.py:93} INFO - </div>
[2024-05-29T17:18:50.001+0000] {subprocess.py:93} INFO - 
[2024-05-29T17:18:50.002+0000] {subprocess.py:93} INFO - <li><div class="frame" id="frame-140474387542976">
[2024-05-29T17:18:50.003+0000] {subprocess.py:93} INFO -   <h4>File <cite class="filename">"/usr/local/lib/python3.9/site-packages/flask/app.py"</cite>,
[2024-05-29T17:18:50.003+0000] {subprocess.py:93} INFO -       line <em class="line">865</em>,
[2024-05-29T17:18:50.004+0000] {subprocess.py:93} INFO -       in <code class="function">dispatch_request</code></h4>
[2024-05-29T17:18:50.008+0000] {subprocess.py:93} INFO -   <div class="source library"><pre class="line before"><span class="ws">            </span>and req.method == &#34;OPTIONS&#34;</pre>
[2024-05-29T17:18:50.009+0000] {subprocess.py:93} INFO - <pre class="line before"><span class="ws">        </span>):</pre>
[2024-05-29T17:18:50.010+0000] {subprocess.py:93} INFO - <pre class="line before"><span class="ws">            </span>return self.make_default_options_response()</pre>
[2024-05-29T17:18:50.010+0000] {subprocess.py:93} INFO - <pre class="line before"><span class="ws">        </span># otherwise dispatch to the handler for that endpoint</pre>
[2024-05-29T17:18:50.011+0000] {subprocess.py:93} INFO - <pre class="line before"><span class="ws">        </span>view_args: dict[str, t.Any] = req.view_args  # type: ignore[assignment]</pre>
[2024-05-29T17:18:50.012+0000] {subprocess.py:93} INFO - <pre class="line current"><span class="ws">        </span>return self.ensure_sync(self.view_functions[rule.endpoint])(**view_args)  # type: ignore[no-any-return]</pre>
[2024-05-29T17:18:50.013+0000] {subprocess.py:93} INFO - <pre class="line after"><span class="ws"></span> </pre>
[2024-05-29T17:18:50.013+0000] {subprocess.py:93} INFO - <pre class="line after"><span class="ws">    </span>def full_dispatch_request(self) -&gt; Response:</pre>
[2024-05-29T17:18:50.016+0000] {subprocess.py:93} INFO - <pre class="line after"><span class="ws">        </span>&#34;&#34;&#34;Dispatches the request and on top of that performs request</pre>
[2024-05-29T17:18:50.018+0000] {subprocess.py:93} INFO - <pre class="line after"><span class="ws">        </span>pre and postprocessing as well as HTTP exception catching and</pre>
[2024-05-29T17:18:50.018+0000] {subprocess.py:93} INFO - <pre class="line after"><span class="ws">        </span>error handling.</pre></div>
[2024-05-29T17:18:50.027+0000] {subprocess.py:93} INFO - </div>
[2024-05-29T17:18:50.028+0000] {subprocess.py:93} INFO - 
[2024-05-29T17:18:50.029+0000] {subprocess.py:93} INFO - <li><div class="frame" id="frame-140474387543088">
[2024-05-29T17:18:50.030+0000] {subprocess.py:93} INFO -   <h4>File <cite class="filename">"/app/appflask.py"</cite>,
[2024-05-29T17:18:50.032+0000] {subprocess.py:93} INFO -       line <em class="line">206</em>,
[2024-05-29T17:18:50.033+0000] {subprocess.py:93} INFO -       in <code class="function">check_send_status</code></h4>
[2024-05-29T17:18:50.034+0000] {subprocess.py:93} INFO -   <div class="source "><pre class="line before"><span class="ws">        </span>return str(e)</pre>
[2024-05-29T17:18:50.036+0000] {subprocess.py:93} INFO - <pre class="line before"><span class="ws"></span> </pre>
[2024-05-29T17:18:50.037+0000] {subprocess.py:93} INFO - <pre class="line before"><span class="ws"></span>@app.route(&#39;/check_send_status&#39;, methods=[&#39;GET&#39;])</pre>
[2024-05-29T17:18:50.040+0000] {subprocess.py:93} INFO - <pre class="line before"><span class="ws"></span>def check_send_status():</pre>
[2024-05-29T17:18:50.048+0000] {subprocess.py:93} INFO - <pre class="line before"><span class="ws">    </span>global last_status</pre>
[2024-05-29T17:18:50.050+0000] {subprocess.py:93} INFO - <pre class="line current"><span class="ws">    </span>return jsonify(last_status)</pre>
[2024-05-29T17:18:50.052+0000] {subprocess.py:93} INFO - <pre class="line after"><span class="ws"></span> </pre>
[2024-05-29T17:18:50.054+0000] {subprocess.py:93} INFO - <pre class="line after"><span class="ws"></span>if __name__ == &#39;__main__&#39;:</pre>
[2024-05-29T17:18:50.059+0000] {subprocess.py:93} INFO - <pre class="line after"><span class="ws">    </span>app.run(host=&#39;0.0.0.0&#39;, port=5000, debug=True)</pre></div>
[2024-05-29T17:18:50.062+0000] {subprocess.py:93} INFO - </div>
[2024-05-29T17:18:50.076+0000] {subprocess.py:93} INFO - </ul>
[2024-05-29T17:18:50.077+0000] {subprocess.py:93} INFO -   <blockquote>NameError: name &#39;last_status&#39; is not defined
[2024-05-29T17:18:50.079+0000] {subprocess.py:93} INFO - </blockquote>
[2024-05-29T17:18:50.080+0000] {subprocess.py:93} INFO - </div>
[2024-05-29T17:18:50.086+0000] {subprocess.py:93} INFO - 
[2024-05-29T17:18:50.091+0000] {subprocess.py:93} INFO - <div class="plain">
[2024-05-29T17:18:50.093+0000] {subprocess.py:93} INFO -     <p>
[2024-05-29T17:18:50.094+0000] {subprocess.py:93} INFO -       This is the Copy/Paste friendly version of the traceback.
[2024-05-29T17:18:50.095+0000] {subprocess.py:93} INFO -     </p>
[2024-05-29T17:18:50.100+0000] {subprocess.py:93} INFO -     <textarea cols="50" rows="10" name="code" readonly>Traceback (most recent call last):
[2024-05-29T17:18:50.103+0000] {subprocess.py:93} INFO -   File &#34;/usr/local/lib/python3.9/site-packages/flask/app.py&#34;, line 1498, in __call__
[2024-05-29T17:18:50.106+0000] {subprocess.py:93} INFO -     return self.wsgi_app(environ, start_response)
[2024-05-29T17:18:50.107+0000] {subprocess.py:93} INFO -   File &#34;/usr/local/lib/python3.9/site-packages/flask/app.py&#34;, line 1476, in wsgi_app
[2024-05-29T17:18:50.109+0000] {subprocess.py:93} INFO -     response = self.handle_exception(e)
[2024-05-29T17:18:50.110+0000] {subprocess.py:93} INFO -   File &#34;/usr/local/lib/python3.9/site-packages/flask/app.py&#34;, line 1473, in wsgi_app
[2024-05-29T17:18:50.111+0000] {subprocess.py:93} INFO -     response = self.full_dispatch_request()
[2024-05-29T17:18:50.113+0000] {subprocess.py:93} INFO -   File &#34;/usr/local/lib/python3.9/site-packages/flask/app.py&#34;, line 882, in full_dispatch_request
[2024-05-29T17:18:50.115+0000] {subprocess.py:93} INFO -     rv = self.handle_user_exception(e)
[2024-05-29T17:18:50.119+0000] {subprocess.py:93} INFO -   File &#34;/usr/local/lib/python3.9/site-packages/flask/app.py&#34;, line 880, in full_dispatch_request
[2024-05-29T17:18:50.120+0000] {subprocess.py:93} INFO -     rv = self.dispatch_request()
[2024-05-29T17:18:50.122+0000] {subprocess.py:93} INFO -   File &#34;/usr/local/lib/python3.9/site-packages/flask/app.py&#34;, line 865, in dispatch_request
[2024-05-29T17:18:50.124+0000] {subprocess.py:93} INFO -     return self.ensure_sync(self.view_functions[rule.endpoint])(**view_args)  # type: ignore[no-any-return]
[2024-05-29T17:18:50.128+0000] {subprocess.py:93} INFO -   File &#34;/app/appflask.py&#34;, line 206, in check_send_status
[2024-05-29T17:18:50.129+0000] {subprocess.py:93} INFO -     return jsonify(last_status)
[2024-05-29T17:18:50.133+0000] {subprocess.py:93} INFO - NameError: name &#39;last_status&#39; is not defined
[2024-05-29T17:18:50.136+0000] {subprocess.py:93} INFO - </textarea>
[2024-05-29T17:18:50.139+0000] {subprocess.py:93} INFO - </div>
[2024-05-29T17:18:50.140+0000] {subprocess.py:93} INFO - <div class="explanation">
[2024-05-29T17:18:50.141+0000] {subprocess.py:93} INFO -   The debugger caught an exception in your WSGI application.  You can now
[2024-05-29T17:18:50.146+0000] {subprocess.py:93} INFO -   look at the traceback which led to the error.  <span class="nojavascript">
[2024-05-29T17:18:50.154+0000] {subprocess.py:93} INFO -   If you enable JavaScript you can also use additional features such as code
[2024-05-29T17:18:50.157+0000] {subprocess.py:93} INFO -   execution (if the evalex feature is enabled), automatic pasting of the
[2024-05-29T17:18:50.159+0000] {subprocess.py:93} INFO -   exceptions and much more.</span>
[2024-05-29T17:18:50.161+0000] {subprocess.py:93} INFO - </div>
[2024-05-29T17:18:50.163+0000] {subprocess.py:93} INFO -       <div class="footer">
[2024-05-29T17:18:50.175+0000] {subprocess.py:93} INFO -         Brought to you by <strong class="arthur">DON'T PANIC</strong>, your
[2024-05-29T17:18:50.178+0000] {subprocess.py:93} INFO -         friendly Werkzeug powered traceback interpreter.
[2024-05-29T17:18:50.182+0000] {subprocess.py:93} INFO -       </div>
[2024-05-29T17:18:50.183+0000] {subprocess.py:93} INFO -     </div>
[2024-05-29T17:18:50.185+0000] {subprocess.py:93} INFO - 
[2024-05-29T17:18:50.189+0000] {subprocess.py:93} INFO -     <div class="pin-prompt">
[2024-05-29T17:18:50.191+0000] {subprocess.py:93} INFO -       <div class="inner">
[2024-05-29T17:18:50.193+0000] {subprocess.py:93} INFO -         <h3>Console Locked</h3>
[2024-05-29T17:18:50.195+0000] {subprocess.py:93} INFO -         <p>
[2024-05-29T17:18:50.198+0000] {subprocess.py:93} INFO -           The console is locked and needs to be unlocked by entering the PIN.
[2024-05-29T17:18:50.200+0000] {subprocess.py:93} INFO -           You can find the PIN printed out on the standard output of your
[2024-05-29T17:18:50.209+0000] {subprocess.py:93} INFO -           shell that runs the server.
[2024-05-29T17:18:50.210+0000] {subprocess.py:93} INFO -         <form>
[2024-05-29T17:18:50.212+0000] {subprocess.py:93} INFO -           <p>PIN:
[2024-05-29T17:18:50.227+0000] {subprocess.py:93} INFO -             <input type=text name=pin size=14>
[2024-05-29T17:18:50.245+0000] {subprocess.py:93} INFO -             <input type=submit name=btn value="Confirm Pin">
[2024-05-29T17:18:50.252+0000] {subprocess.py:93} INFO -         </form>
[2024-05-29T17:18:50.256+0000] {subprocess.py:93} INFO -       </div>
[2024-05-29T17:18:50.258+0000] {subprocess.py:93} INFO -     </div>
[2024-05-29T17:18:50.260+0000] {subprocess.py:93} INFO -   </body>
[2024-05-29T17:18:50.266+0000] {subprocess.py:93} INFO - </html>
[2024-05-29T17:18:50.268+0000] {subprocess.py:93} INFO - 
[2024-05-29T17:18:50.292+0000] {subprocess.py:93} INFO - <!--
[2024-05-29T17:18:50.301+0000] {subprocess.py:93} INFO - 
[2024-05-29T17:18:50.308+0000] {subprocess.py:93} INFO - Traceback (most recent call last):
[2024-05-29T17:18:50.310+0000] {subprocess.py:93} INFO -   File "/usr/local/lib/python3.9/site-packages/flask/app.py", line 1498, in __call__
[2024-05-29T17:18:50.316+0000] {subprocess.py:93} INFO -     return self.wsgi_app(environ, start_response)
[2024-05-29T17:18:50.325+0000] {subprocess.py:93} INFO -   File "/usr/local/lib/python3.9/site-packages/flask/app.py", line 1476, in wsgi_app
[2024-05-29T17:18:50.327+0000] {subprocess.py:93} INFO -     response = self.handle_exception(e)
[2024-05-29T17:18:50.333+0000] {subprocess.py:93} INFO -   File "/usr/local/lib/python3.9/site-packages/flask/app.py", line 1473, in wsgi_app
[2024-05-29T17:18:50.338+0000] {subprocess.py:93} INFO -     response = self.full_dispatch_request()
[2024-05-29T17:18:50.342+0000] {subprocess.py:93} INFO -   File "/usr/local/lib/python3.9/site-packages/flask/app.py", line 882, in full_dispatch_r100 12805  100 12805    0     0  1133k      0 --:--:-- --:--:-- --:--:-- 1250k
[2024-05-29T17:18:50.343+0000] {subprocess.py:93} INFO - equest
[2024-05-29T17:18:50.344+0000] {subprocess.py:93} INFO -     rv = self.handle_user_exception(e)
[2024-05-29T17:18:50.354+0000] {subprocess.py:93} INFO -   File "/usr/local/lib/python3.9/site-packages/flask/app.py", line 880, in full_dispatch_request
[2024-05-29T17:18:50.358+0000] {subprocess.py:93} INFO -     rv = self.dispatch_request()
[2024-05-29T17:18:50.360+0000] {subprocess.py:93} INFO -   File "/usr/local/lib/python3.9/site-packages/flask/app.py", line 865, in dispatch_request
[2024-05-29T17:18:50.395+0000] {subprocess.py:93} INFO -     return self.ensure_sync(self.view_functions[rule.endpoint])(**view_args)  # type: ignore[no-any-return]
[2024-05-29T17:18:50.405+0000] {subprocess.py:93} INFO -   File "/app/appflask.py", line 206, in check_send_status
[2024-05-29T17:18:50.412+0000] {subprocess.py:93} INFO -     return jsonify(last_status)
[2024-05-29T17:18:50.423+0000] {subprocess.py:93} INFO - NameError: name 'last_status' is not defined
[2024-05-29T17:18:50.426+0000] {subprocess.py:93} INFO - 
[2024-05-29T17:18:50.440+0000] {subprocess.py:93} INFO - 
[2024-05-29T17:18:50.445+0000] {subprocess.py:93} INFO - -->
[2024-05-29T17:18:50.461+0000] {subprocess.py:97} INFO - Command exited with return code 0
[2024-05-29T17:18:50.471+0000] {taskinstance.py:441} INFO - ::group::Post task execution logs
[2024-05-29T17:18:50.621+0000] {taskinstance.py:1206} INFO - Marking task as SUCCESS. dag_id=flask_monitoring, task_id=check_flask_health, run_id=scheduled__2024-05-28T02:05:00+00:00, execution_date=20240528T020500, start_date=20240529T171849, end_date=20240529T171850
[2024-05-29T17:18:50.726+0000] {local_task_job_runner.py:240} INFO - Task exited with return code 0
[2024-05-29T17:18:50.821+0000] {taskinstance.py:3498} INFO - 1 downstream tasks scheduled from follow-on schedule check
[2024-05-29T17:18:50.844+0000] {local_task_job_runner.py:222} INFO - ::endgroup::
