[2024-06-02T10:51:33.337+0000] {local_task_job_runner.py:120} INFO - ::group::Pre task execution logs
[2024-06-02T10:51:33.388+0000] {taskinstance.py:2076} INFO - Dependencies all met for dep_context=non-requeueable deps ti=<TaskInstance: dag_with_docker_operator.check_status scheduled__2024-06-02T10:00:00+00:00 [queued]>
[2024-06-02T10:51:33.411+0000] {taskinstance.py:2076} INFO - Dependencies all met for dep_context=requeueable deps ti=<TaskInstance: dag_with_docker_operator.check_status scheduled__2024-06-02T10:00:00+00:00 [queued]>
[2024-06-02T10:51:33.412+0000] {taskinstance.py:2306} INFO - Starting attempt 1 of 2
[2024-06-02T10:51:33.571+0000] {taskinstance.py:2330} INFO - Executing <Task(PythonOperator): check_status> on 2024-06-02 10:00:00+00:00
[2024-06-02T10:51:33.578+0000] {standard_task_runner.py:63} INFO - Started process 1261 to run task
[2024-06-02T10:51:33.581+0000] {standard_task_runner.py:90} INFO - Running: ['airflow', 'tasks', 'run', 'dag_with_docker_operator', 'check_status', 'scheduled__2024-06-02T10:00:00+00:00', '--job-id', '894', '--raw', '--subdir', 'DAGS_FOLDER/dag_with_docker_operator.py', '--cfg-path', '/tmp/tmp1l0f9qqn']
[2024-06-02T10:51:33.583+0000] {standard_task_runner.py:91} INFO - Job 894: Subtask check_status
[2024-06-02T10:51:33.816+0000] {task_command.py:426} INFO - Running <TaskInstance: dag_with_docker_operator.check_status scheduled__2024-06-02T10:00:00+00:00 [running]> on host 9c47fcd741af
[2024-06-02T10:51:34.143+0000] {taskinstance.py:2648} INFO - Exporting env vars: AIRFLOW_CTX_DAG_OWNER='airflow' AIRFLOW_CTX_DAG_ID='dag_with_docker_operator' AIRFLOW_CTX_TASK_ID='check_status' AIRFLOW_CTX_EXECUTION_DATE='2024-06-02T10:00:00+00:00' AIRFLOW_CTX_TRY_NUMBER='1' AIRFLOW_CTX_DAG_RUN_ID='scheduled__2024-06-02T10:00:00+00:00'
[2024-06-02T10:51:34.144+0000] {taskinstance.py:430} INFO - ::endgroup::
[2024-06-02T10:51:34.173+0000] {python.py:237} INFO - Done. Returned value was: {'status': 'success'}
[2024-06-02T10:51:34.175+0000] {taskinstance.py:441} INFO - ::group::Post task execution logs
[2024-06-02T10:51:34.243+0000] {taskinstance.py:1206} INFO - Marking task as SUCCESS. dag_id=dag_with_docker_operator, task_id=check_status, run_id=scheduled__2024-06-02T10:00:00+00:00, execution_date=20240602T100000, start_date=20240602T105133, end_date=20240602T105134
[2024-06-02T10:51:34.320+0000] {local_task_job_runner.py:240} INFO - Task exited with return code 0
[2024-06-02T10:51:34.350+0000] {taskinstance.py:3498} INFO - 0 downstream tasks scheduled from follow-on schedule check
[2024-06-02T10:51:34.353+0000] {local_task_job_runner.py:222} INFO - ::endgroup::
[2024-06-02T11:47:45.012+0000] {local_task_job_runner.py:120} INFO - ::group::Pre task execution logs
[2024-06-02T11:47:45.063+0000] {taskinstance.py:2076} INFO - Dependencies all met for dep_context=non-requeueable deps ti=<TaskInstance: dag_with_docker_operator.check_status scheduled__2024-06-02T10:00:00+00:00 [queued]>
[2024-06-02T11:47:45.084+0000] {taskinstance.py:2076} INFO - Dependencies all met for dep_context=requeueable deps ti=<TaskInstance: dag_with_docker_operator.check_status scheduled__2024-06-02T10:00:00+00:00 [queued]>
[2024-06-02T11:47:45.085+0000] {taskinstance.py:2306} INFO - Starting attempt 1 of 2
[2024-06-02T11:47:45.219+0000] {taskinstance.py:2330} INFO - Executing <Task(PythonOperator): check_status> on 2024-06-02 10:00:00+00:00
[2024-06-02T11:47:45.225+0000] {standard_task_runner.py:63} INFO - Started process 2171 to run task
[2024-06-02T11:47:45.228+0000] {standard_task_runner.py:90} INFO - Running: ['airflow', 'tasks', 'run', 'dag_with_docker_operator', 'check_status', 'scheduled__2024-06-02T10:00:00+00:00', '--job-id', '894', '--raw', '--subdir', 'DAGS_FOLDER/dag_with_docker_operator.py', '--cfg-path', '/tmp/tmpku0ta26d']
[2024-06-02T11:47:45.230+0000] {standard_task_runner.py:91} INFO - Job 894: Subtask check_status
[2024-06-02T11:47:45.337+0000] {task_command.py:426} INFO - Running <TaskInstance: dag_with_docker_operator.check_status scheduled__2024-06-02T10:00:00+00:00 [running]> on host 9c47fcd741af
[2024-06-02T11:47:45.544+0000] {taskinstance.py:2648} INFO - Exporting env vars: AIRFLOW_CTX_DAG_OWNER='airflow' AIRFLOW_CTX_DAG_ID='dag_with_docker_operator' AIRFLOW_CTX_TASK_ID='check_status' AIRFLOW_CTX_EXECUTION_DATE='2024-06-02T10:00:00+00:00' AIRFLOW_CTX_TRY_NUMBER='1' AIRFLOW_CTX_DAG_RUN_ID='scheduled__2024-06-02T10:00:00+00:00'
[2024-06-02T11:47:45.545+0000] {taskinstance.py:430} INFO - ::endgroup::
[2024-06-02T11:47:45.579+0000] {taskinstance.py:441} INFO - ::group::Post task execution logs
[2024-06-02T11:47:45.580+0000] {taskinstance.py:2905} ERROR - Task failed with exception
Traceback (most recent call last):
  File "/home/airflow/.local/lib/python3.12/site-packages/airflow/models/taskinstance.py", line 465, in _execute_task
    result = _execute_callable(context=context, **execute_callable_kwargs)
             ^^^^^^^^^^^^^^^^^^^^^^^^^^^^^^^^^^^^^^^^^^^^^^^^^^^^^^^^^^^^^
  File "/home/airflow/.local/lib/python3.12/site-packages/airflow/models/taskinstance.py", line 432, in _execute_callable
    return execute_callable(context=context, **execute_callable_kwargs)
           ^^^^^^^^^^^^^^^^^^^^^^^^^^^^^^^^^^^^^^^^^^^^^^^^^^^^^^^^^^^^
  File "/home/airflow/.local/lib/python3.12/site-packages/airflow/models/baseoperator.py", line 400, in wrapper
    return func(self, *args, **kwargs)
           ^^^^^^^^^^^^^^^^^^^^^^^^^^^
  File "/home/airflow/.local/lib/python3.12/site-packages/airflow/operators/python.py", line 235, in execute
    return_value = self.execute_callable()
                   ^^^^^^^^^^^^^^^^^^^^^^^
  File "/home/airflow/.local/lib/python3.12/site-packages/airflow/operators/python.py", line 252, in execute_callable
    return self.python_callable(*self.op_args, **self.op_kwargs)
           ^^^^^^^^^^^^^^^^^^^^^^^^^^^^^^^^^^^^^^^^^^^^^^^^^^^^^
  File "/opt/airflow/dags/dag_with_docker_operator.py", line 26, in check_send_status
    raise ValueError(f"Task failed with status: {status}")
ValueError: Task failed with status: failed
[2024-06-02T11:47:45.602+0000] {taskinstance.py:1206} INFO - Marking task as UP_FOR_RETRY. dag_id=dag_with_docker_operator, task_id=check_status, run_id=scheduled__2024-06-02T10:00:00+00:00, execution_date=20240602T100000, start_date=20240602T114745, end_date=20240602T114745
[2024-06-02T11:47:45.659+0000] {standard_task_runner.py:110} ERROR - Failed to execute job 894 for task check_status (Task failed with status: failed; 2171)
[2024-06-02T11:47:45.682+0000] {local_task_job_runner.py:240} INFO - Task exited with return code 1
[2024-06-02T11:47:45.710+0000] {taskinstance.py:3498} INFO - 0 downstream tasks scheduled from follow-on schedule check
[2024-06-02T11:47:45.713+0000] {local_task_job_runner.py:222} INFO - ::endgroup::
[2024-06-02T12:53:00.767+0000] {local_task_job_runner.py:120} INFO - ::group::Pre task execution logs
[2024-06-02T12:53:00.821+0000] {taskinstance.py:2076} INFO - Dependencies all met for dep_context=non-requeueable deps ti=<TaskInstance: dag_with_docker_operator.check_status scheduled__2024-06-02T10:00:00+00:00 [queued]>
[2024-06-02T12:53:00.845+0000] {taskinstance.py:2076} INFO - Dependencies all met for dep_context=requeueable deps ti=<TaskInstance: dag_with_docker_operator.check_status scheduled__2024-06-02T10:00:00+00:00 [queued]>
[2024-06-02T12:53:00.846+0000] {taskinstance.py:2306} INFO - Starting attempt 1 of 2
[2024-06-02T12:53:00.910+0000] {taskinstance.py:2330} INFO - Executing <Task(PythonOperator): check_status> on 2024-06-02 10:00:00+00:00
[2024-06-02T12:53:00.915+0000] {standard_task_runner.py:63} INFO - Started process 3862 to run task
[2024-06-02T12:53:00.918+0000] {standard_task_runner.py:90} INFO - Running: ['airflow', 'tasks', 'run', 'dag_with_docker_operator', 'check_status', 'scheduled__2024-06-02T10:00:00+00:00', '--job-id', '965', '--raw', '--subdir', 'DAGS_FOLDER/dag_with_docker_operator.py', '--cfg-path', '/tmp/tmprniluls0']
[2024-06-02T12:53:00.920+0000] {standard_task_runner.py:91} INFO - Job 965: Subtask check_status
[2024-06-02T12:53:01.175+0000] {task_command.py:426} INFO - Running <TaskInstance: dag_with_docker_operator.check_status scheduled__2024-06-02T10:00:00+00:00 [running]> on host 9c47fcd741af
[2024-06-02T12:53:01.394+0000] {taskinstance.py:2648} INFO - Exporting env vars: AIRFLOW_CTX_DAG_OWNER='airflow' AIRFLOW_CTX_DAG_ID='dag_with_docker_operator' AIRFLOW_CTX_TASK_ID='check_status' AIRFLOW_CTX_EXECUTION_DATE='2024-06-02T10:00:00+00:00' AIRFLOW_CTX_TRY_NUMBER='1' AIRFLOW_CTX_DAG_RUN_ID='scheduled__2024-06-02T10:00:00+00:00'
[2024-06-02T12:53:01.395+0000] {taskinstance.py:430} INFO - ::endgroup::
[2024-06-02T12:53:01.435+0000] {taskinstance.py:441} INFO - ::group::Post task execution logs
[2024-06-02T12:53:01.437+0000] {taskinstance.py:2905} ERROR - Task failed with exception
Traceback (most recent call last):
  File "/home/airflow/.local/lib/python3.12/site-packages/airflow/models/taskinstance.py", line 465, in _execute_task
    result = _execute_callable(context=context, **execute_callable_kwargs)
             ^^^^^^^^^^^^^^^^^^^^^^^^^^^^^^^^^^^^^^^^^^^^^^^^^^^^^^^^^^^^^
  File "/home/airflow/.local/lib/python3.12/site-packages/airflow/models/taskinstance.py", line 432, in _execute_callable
    return execute_callable(context=context, **execute_callable_kwargs)
           ^^^^^^^^^^^^^^^^^^^^^^^^^^^^^^^^^^^^^^^^^^^^^^^^^^^^^^^^^^^^
  File "/home/airflow/.local/lib/python3.12/site-packages/airflow/models/baseoperator.py", line 400, in wrapper
    return func(self, *args, **kwargs)
           ^^^^^^^^^^^^^^^^^^^^^^^^^^^
  File "/home/airflow/.local/lib/python3.12/site-packages/airflow/operators/python.py", line 235, in execute
    return_value = self.execute_callable()
                   ^^^^^^^^^^^^^^^^^^^^^^^
  File "/home/airflow/.local/lib/python3.12/site-packages/airflow/operators/python.py", line 252, in execute_callable
    return self.python_callable(*self.op_args, **self.op_kwargs)
           ^^^^^^^^^^^^^^^^^^^^^^^^^^^^^^^^^^^^^^^^^^^^^^^^^^^^^
  File "/opt/airflow/dags/dag_with_docker_operator.py", line 24, in check_send_status
    raise ValueError(f"Request returned non-success status: {response_json.get('status')}")
ValueError: Request returned non-success status: failed
[2024-06-02T12:53:01.470+0000] {taskinstance.py:1206} INFO - Marking task as UP_FOR_RETRY. dag_id=dag_with_docker_operator, task_id=check_status, run_id=scheduled__2024-06-02T10:00:00+00:00, execution_date=20240602T100000, start_date=20240602T125300, end_date=20240602T125301
[2024-06-02T12:53:01.539+0000] {standard_task_runner.py:110} ERROR - Failed to execute job 965 for task check_status (Request returned non-success status: failed; 3862)
[2024-06-02T12:53:01.576+0000] {local_task_job_runner.py:240} INFO - Task exited with return code 1
[2024-06-02T12:53:01.796+0000] {taskinstance.py:3498} INFO - 0 downstream tasks scheduled from follow-on schedule check
[2024-06-02T12:53:01.801+0000] {local_task_job_runner.py:222} INFO - ::endgroup::
