[2024-05-29T17:15:35.943+0000] {local_task_job_runner.py:120} INFO - ::group::Pre task execution logs
[2024-05-29T17:15:36.112+0000] {taskinstance.py:2076} INFO - Dependencies all met for dep_context=non-requeueable deps ti=<TaskInstance: flask_monitoring.monitor_flask_logs scheduled__2024-05-28T00:50:00+00:00 [queued]>
[2024-05-29T17:15:36.210+0000] {taskinstance.py:2076} INFO - Dependencies all met for dep_context=requeueable deps ti=<TaskInstance: flask_monitoring.monitor_flask_logs scheduled__2024-05-28T00:50:00+00:00 [queued]>
[2024-05-29T17:15:36.212+0000] {taskinstance.py:2306} INFO - Starting attempt 2 of 2
[2024-05-29T17:15:36.401+0000] {taskinstance.py:2330} INFO - Executing <Task(BashOperator): monitor_flask_logs> on 2024-05-28 00:50:00+00:00
[2024-05-29T17:15:36.408+0000] {standard_task_runner.py:63} INFO - Started process 2060 to run task
[2024-05-29T17:15:36.413+0000] {standard_task_runner.py:90} INFO - Running: ['airflow', 'tasks', 'run', 'flask_monitoring', 'monitor_flask_logs', 'scheduled__2024-05-28T00:50:00+00:00', '--job-id', '141', '--raw', '--subdir', 'DAGS_FOLDER/flask_monitoring.py', '--cfg-path', '/tmp/tmpi962bcer']
[2024-05-29T17:15:36.416+0000] {standard_task_runner.py:91} INFO - Job 141: Subtask monitor_flask_logs
[2024-05-29T17:15:36.619+0000] {task_command.py:426} INFO - Running <TaskInstance: flask_monitoring.monitor_flask_logs scheduled__2024-05-28T00:50:00+00:00 [running]> on host f708138922bb
[2024-05-29T17:15:37.078+0000] {taskinstance.py:2648} INFO - Exporting env vars: AIRFLOW_CTX_DAG_OWNER='airflow' AIRFLOW_CTX_DAG_ID='flask_monitoring' AIRFLOW_CTX_TASK_ID='monitor_flask_logs' AIRFLOW_CTX_EXECUTION_DATE='2024-05-28T00:50:00+00:00' AIRFLOW_CTX_TRY_NUMBER='2' AIRFLOW_CTX_DAG_RUN_ID='scheduled__2024-05-28T00:50:00+00:00'
[2024-05-29T17:15:37.080+0000] {taskinstance.py:430} INFO - ::endgroup::
[2024-05-29T17:15:37.129+0000] {subprocess.py:63} INFO - Tmp dir root location: /tmp
[2024-05-29T17:15:37.171+0000] {subprocess.py:75} INFO - Running command: ['/usr/bin/bash', '-c', 'docker logs 93adf74dff35']
[2024-05-29T17:15:37.188+0000] {subprocess.py:86} INFO - Output:
[2024-05-29T17:15:37.429+0000] {subprocess.py:93} INFO - Cannot connect to the Docker daemon at unix:///var/run/docker.sock. Is the docker daemon running?
[2024-05-29T17:15:37.459+0000] {subprocess.py:97} INFO - Command exited with return code 1
[2024-05-29T17:15:37.481+0000] {taskinstance.py:441} INFO - ::group::Post task execution logs
[2024-05-29T17:15:38.022+0000] {taskinstance.py:2905} ERROR - Task failed with exception
Traceback (most recent call last):
  File "/home/airflow/.local/lib/python3.12/site-packages/airflow/models/taskinstance.py", line 465, in _execute_task
    result = _execute_callable(context=context, **execute_callable_kwargs)
             ^^^^^^^^^^^^^^^^^^^^^^^^^^^^^^^^^^^^^^^^^^^^^^^^^^^^^^^^^^^^^
  File "/home/airflow/.local/lib/python3.12/site-packages/airflow/models/taskinstance.py", line 432, in _execute_callable
    return execute_callable(context=context, **execute_callable_kwargs)
           ^^^^^^^^^^^^^^^^^^^^^^^^^^^^^^^^^^^^^^^^^^^^^^^^^^^^^^^^^^^^
  File "/home/airflow/.local/lib/python3.12/site-packages/airflow/models/baseoperator.py", line 400, in wrapper
    return func(self, *args, **kwargs)
           ^^^^^^^^^^^^^^^^^^^^^^^^^^^
  File "/home/airflow/.local/lib/python3.12/site-packages/airflow/operators/bash.py", line 243, in execute
    raise AirflowException(
airflow.exceptions.AirflowException: Bash command failed. The command returned a non-zero exit code 1.
[2024-05-29T17:15:38.115+0000] {taskinstance.py:1206} INFO - Marking task as FAILED. dag_id=flask_monitoring, task_id=monitor_flask_logs, run_id=scheduled__2024-05-28T00:50:00+00:00, execution_date=20240528T005000, start_date=20240529T171536, end_date=20240529T171538
[2024-05-29T17:15:40.363+0000] {standard_task_runner.py:110} ERROR - Failed to execute job 141 for task monitor_flask_logs (Bash command failed. The command returned a non-zero exit code 1.; 2060)
[2024-05-29T17:15:40.390+0000] {local_task_job_runner.py:240} INFO - Task exited with return code 1
[2024-05-29T17:15:40.492+0000] {taskinstance.py:3498} INFO - 0 downstream tasks scheduled from follow-on schedule check
[2024-05-29T17:15:40.556+0000] {local_task_job_runner.py:222} INFO - ::endgroup::
