[2024-06-01T21:20:33.191+0000] {local_task_job_runner.py:120} INFO - ::group::Pre task execution logs
[2024-06-01T21:20:33.245+0000] {taskinstance.py:2076} INFO - Dependencies all met for dep_context=non-requeueable deps ti=<TaskInstance: dag_with_docker_operator.check_status scheduled__2024-06-01T01:00:00+00:00 [queued]>
[2024-06-01T21:20:33.263+0000] {taskinstance.py:2076} INFO - Dependencies all met for dep_context=requeueable deps ti=<TaskInstance: dag_with_docker_operator.check_status scheduled__2024-06-01T01:00:00+00:00 [queued]>
[2024-06-01T21:20:33.264+0000] {taskinstance.py:2306} INFO - Starting attempt 1 of 2
[2024-06-01T21:20:33.433+0000] {taskinstance.py:2330} INFO - Executing <Task(PythonOperator): check_status> on 2024-06-01 01:00:00+00:00
[2024-06-01T21:20:33.441+0000] {standard_task_runner.py:63} INFO - Started process 471 to run task
[2024-06-01T21:20:33.445+0000] {standard_task_runner.py:90} INFO - Running: ['airflow', 'tasks', 'run', 'dag_with_docker_operator', 'check_status', 'scheduled__2024-06-01T01:00:00+00:00', '--job-id', '762', '--raw', '--subdir', 'DAGS_FOLDER/dag_with_docker_operator.py', '--cfg-path', '/tmp/tmps58mgf9f']
[2024-06-01T21:20:33.448+0000] {standard_task_runner.py:91} INFO - Job 762: Subtask check_status
[2024-06-01T21:20:33.575+0000] {task_command.py:426} INFO - Running <TaskInstance: dag_with_docker_operator.check_status scheduled__2024-06-01T01:00:00+00:00 [running]> on host 9c47fcd741af
[2024-06-01T21:20:33.777+0000] {taskinstance.py:2648} INFO - Exporting env vars: AIRFLOW_CTX_DAG_OWNER='airflow' AIRFLOW_CTX_DAG_ID='dag_with_docker_operator' AIRFLOW_CTX_TASK_ID='check_status' AIRFLOW_CTX_EXECUTION_DATE='2024-06-01T01:00:00+00:00' AIRFLOW_CTX_TRY_NUMBER='1' AIRFLOW_CTX_DAG_RUN_ID='scheduled__2024-06-01T01:00:00+00:00'
[2024-06-01T21:20:33.778+0000] {taskinstance.py:430} INFO - ::endgroup::
[2024-06-01T21:20:33.816+0000] {python.py:237} INFO - Done. Returned value was: {'status': 'success'}
[2024-06-01T21:20:33.817+0000] {taskinstance.py:441} INFO - ::group::Post task execution logs
[2024-06-01T21:20:33.879+0000] {taskinstance.py:1206} INFO - Marking task as SUCCESS. dag_id=dag_with_docker_operator, task_id=check_status, run_id=scheduled__2024-06-01T01:00:00+00:00, execution_date=20240601T010000, start_date=20240601T212033, end_date=20240601T212033
[2024-06-01T21:20:33.979+0000] {local_task_job_runner.py:240} INFO - Task exited with return code 0
[2024-06-01T21:20:34.013+0000] {taskinstance.py:3498} INFO - 0 downstream tasks scheduled from follow-on schedule check
[2024-06-01T21:20:34.015+0000] {local_task_job_runner.py:222} INFO - ::endgroup::
[2024-06-02T11:23:16.311+0000] {local_task_job_runner.py:120} INFO - ::group::Pre task execution logs
[2024-06-02T11:23:16.365+0000] {taskinstance.py:2076} INFO - Dependencies all met for dep_context=non-requeueable deps ti=<TaskInstance: dag_with_docker_operator.check_status scheduled__2024-06-01T01:00:00+00:00 [queued]>
[2024-06-02T11:23:16.387+0000] {taskinstance.py:2076} INFO - Dependencies all met for dep_context=requeueable deps ti=<TaskInstance: dag_with_docker_operator.check_status scheduled__2024-06-01T01:00:00+00:00 [queued]>
[2024-06-02T11:23:16.387+0000] {taskinstance.py:2306} INFO - Starting attempt 1 of 2
[2024-06-02T11:23:16.534+0000] {taskinstance.py:2330} INFO - Executing <Task(PythonOperator): check_status> on 2024-06-01 01:00:00+00:00
[2024-06-02T11:23:16.541+0000] {standard_task_runner.py:63} INFO - Started process 1442 to run task
[2024-06-02T11:23:16.544+0000] {standard_task_runner.py:90} INFO - Running: ['airflow', 'tasks', 'run', 'dag_with_docker_operator', 'check_status', 'scheduled__2024-06-01T01:00:00+00:00', '--job-id', '762', '--raw', '--subdir', 'DAGS_FOLDER/dag_with_docker_operator.py', '--cfg-path', '/tmp/tmpd8d4_jq3']
[2024-06-02T11:23:16.546+0000] {standard_task_runner.py:91} INFO - Job 762: Subtask check_status
[2024-06-02T11:23:16.646+0000] {task_command.py:426} INFO - Running <TaskInstance: dag_with_docker_operator.check_status scheduled__2024-06-01T01:00:00+00:00 [running]> on host 9c47fcd741af
[2024-06-02T11:23:16.877+0000] {taskinstance.py:2648} INFO - Exporting env vars: AIRFLOW_CTX_DAG_OWNER='airflow' AIRFLOW_CTX_DAG_ID='dag_with_docker_operator' AIRFLOW_CTX_TASK_ID='check_status' AIRFLOW_CTX_EXECUTION_DATE='2024-06-01T01:00:00+00:00' AIRFLOW_CTX_TRY_NUMBER='1' AIRFLOW_CTX_DAG_RUN_ID='scheduled__2024-06-01T01:00:00+00:00'
[2024-06-02T11:23:16.882+0000] {taskinstance.py:430} INFO - ::endgroup::
[2024-06-02T11:23:16.941+0000] {python.py:237} INFO - Done. Returned value was: {'status': 'failed'}
[2024-06-02T11:23:16.944+0000] {taskinstance.py:441} INFO - ::group::Post task execution logs
[2024-06-02T11:23:17.037+0000] {taskinstance.py:1206} INFO - Marking task as SUCCESS. dag_id=dag_with_docker_operator, task_id=check_status, run_id=scheduled__2024-06-01T01:00:00+00:00, execution_date=20240601T010000, start_date=20240602T112316, end_date=20240602T112317
[2024-06-02T11:23:17.122+0000] {local_task_job_runner.py:240} INFO - Task exited with return code 0
[2024-06-02T11:23:17.151+0000] {taskinstance.py:3498} INFO - 0 downstream tasks scheduled from follow-on schedule check
[2024-06-02T11:23:17.153+0000] {local_task_job_runner.py:222} INFO - ::endgroup::
[2024-06-02T11:51:53.223+0000] {local_task_job_runner.py:120} INFO - ::group::Pre task execution logs
[2024-06-02T11:51:53.264+0000] {taskinstance.py:2076} INFO - Dependencies all met for dep_context=non-requeueable deps ti=<TaskInstance: dag_with_docker_operator.check_status scheduled__2024-06-01T01:00:00+00:00 [queued]>
[2024-06-02T11:51:53.285+0000] {taskinstance.py:2076} INFO - Dependencies all met for dep_context=requeueable deps ti=<TaskInstance: dag_with_docker_operator.check_status scheduled__2024-06-01T01:00:00+00:00 [queued]>
[2024-06-02T11:51:53.286+0000] {taskinstance.py:2306} INFO - Starting attempt 1 of 2
[2024-06-02T11:51:53.336+0000] {taskinstance.py:2330} INFO - Executing <Task(PythonOperator): check_status> on 2024-06-01 01:00:00+00:00
[2024-06-02T11:51:53.341+0000] {standard_task_runner.py:63} INFO - Started process 2228 to run task
[2024-06-02T11:51:53.344+0000] {standard_task_runner.py:90} INFO - Running: ['airflow', 'tasks', 'run', 'dag_with_docker_operator', 'check_status', 'scheduled__2024-06-01T01:00:00+00:00', '--job-id', '763', '--raw', '--subdir', 'DAGS_FOLDER/dag_with_docker_operator.py', '--cfg-path', '/tmp/tmpft5f9wjm']
[2024-06-02T11:51:53.347+0000] {standard_task_runner.py:91} INFO - Job 763: Subtask check_status
[2024-06-02T11:51:53.615+0000] {task_command.py:426} INFO - Running <TaskInstance: dag_with_docker_operator.check_status scheduled__2024-06-01T01:00:00+00:00 [running]> on host 9c47fcd741af
[2024-06-02T11:51:53.777+0000] {taskinstance.py:2648} INFO - Exporting env vars: AIRFLOW_CTX_DAG_OWNER='airflow' AIRFLOW_CTX_DAG_ID='dag_with_docker_operator' AIRFLOW_CTX_TASK_ID='check_status' AIRFLOW_CTX_EXECUTION_DATE='2024-06-01T01:00:00+00:00' AIRFLOW_CTX_TRY_NUMBER='1' AIRFLOW_CTX_DAG_RUN_ID='scheduled__2024-06-01T01:00:00+00:00'
[2024-06-02T11:51:53.777+0000] {taskinstance.py:430} INFO - ::endgroup::
[2024-06-02T11:51:53.799+0000] {taskinstance.py:441} INFO - ::group::Post task execution logs
[2024-06-02T11:51:53.801+0000] {taskinstance.py:2905} ERROR - Task failed with exception
Traceback (most recent call last):
  File "/home/airflow/.local/lib/python3.12/site-packages/airflow/models/taskinstance.py", line 465, in _execute_task
    result = _execute_callable(context=context, **execute_callable_kwargs)
             ^^^^^^^^^^^^^^^^^^^^^^^^^^^^^^^^^^^^^^^^^^^^^^^^^^^^^^^^^^^^^
  File "/home/airflow/.local/lib/python3.12/site-packages/airflow/models/taskinstance.py", line 432, in _execute_callable
    return execute_callable(context=context, **execute_callable_kwargs)
           ^^^^^^^^^^^^^^^^^^^^^^^^^^^^^^^^^^^^^^^^^^^^^^^^^^^^^^^^^^^^
  File "/home/airflow/.local/lib/python3.12/site-packages/airflow/models/baseoperator.py", line 400, in wrapper
    return func(self, *args, **kwargs)
           ^^^^^^^^^^^^^^^^^^^^^^^^^^^
  File "/home/airflow/.local/lib/python3.12/site-packages/airflow/operators/python.py", line 235, in execute
    return_value = self.execute_callable()
                   ^^^^^^^^^^^^^^^^^^^^^^^
  File "/home/airflow/.local/lib/python3.12/site-packages/airflow/operators/python.py", line 252, in execute_callable
    return self.python_callable(*self.op_args, **self.op_kwargs)
           ^^^^^^^^^^^^^^^^^^^^^^^^^^^^^^^^^^^^^^^^^^^^^^^^^^^^^
  File "/opt/airflow/dags/dag_with_docker_operator.py", line 26, in check_send_status
    raise ValueError(f"Task failed with status: {status}")
ValueError: Task failed with status: failed
[2024-06-02T11:51:53.825+0000] {taskinstance.py:1206} INFO - Marking task as UP_FOR_RETRY. dag_id=dag_with_docker_operator, task_id=check_status, run_id=scheduled__2024-06-01T01:00:00+00:00, execution_date=20240601T010000, start_date=20240602T115153, end_date=20240602T115153
[2024-06-02T11:51:53.873+0000] {standard_task_runner.py:110} ERROR - Failed to execute job 763 for task check_status (Task failed with status: failed; 2228)
[2024-06-02T11:51:53.922+0000] {local_task_job_runner.py:240} INFO - Task exited with return code 1
[2024-06-02T11:51:54.065+0000] {taskinstance.py:3498} INFO - 0 downstream tasks scheduled from follow-on schedule check
[2024-06-02T11:51:54.069+0000] {local_task_job_runner.py:222} INFO - ::endgroup::
[2024-06-02T12:13:25.075+0000] {local_task_job_runner.py:120} INFO - ::group::Pre task execution logs
[2024-06-02T12:13:25.137+0000] {taskinstance.py:2076} INFO - Dependencies all met for dep_context=non-requeueable deps ti=<TaskInstance: dag_with_docker_operator.check_status scheduled__2024-06-01T01:00:00+00:00 [queued]>
[2024-06-02T12:13:25.160+0000] {taskinstance.py:2076} INFO - Dependencies all met for dep_context=requeueable deps ti=<TaskInstance: dag_with_docker_operator.check_status scheduled__2024-06-01T01:00:00+00:00 [queued]>
[2024-06-02T12:13:25.161+0000] {taskinstance.py:2306} INFO - Starting attempt 1 of 2
[2024-06-02T12:13:25.211+0000] {taskinstance.py:2330} INFO - Executing <Task(PythonOperator): check_status> on 2024-06-01 01:00:00+00:00
[2024-06-02T12:13:25.216+0000] {standard_task_runner.py:63} INFO - Started process 2751 to run task
[2024-06-02T12:13:25.219+0000] {standard_task_runner.py:90} INFO - Running: ['airflow', 'tasks', 'run', 'dag_with_docker_operator', 'check_status', 'scheduled__2024-06-01T01:00:00+00:00', '--job-id', '763', '--raw', '--subdir', 'DAGS_FOLDER/dag_with_docker_operator.py', '--cfg-path', '/tmp/tmpoov8hiwk']
[2024-06-02T12:13:25.222+0000] {standard_task_runner.py:91} INFO - Job 763: Subtask check_status
[2024-06-02T12:13:25.470+0000] {task_command.py:426} INFO - Running <TaskInstance: dag_with_docker_operator.check_status scheduled__2024-06-01T01:00:00+00:00 [running]> on host 9c47fcd741af
[2024-06-02T12:13:25.663+0000] {taskinstance.py:2648} INFO - Exporting env vars: AIRFLOW_CTX_DAG_OWNER='airflow' AIRFLOW_CTX_DAG_ID='dag_with_docker_operator' AIRFLOW_CTX_TASK_ID='check_status' AIRFLOW_CTX_EXECUTION_DATE='2024-06-01T01:00:00+00:00' AIRFLOW_CTX_TRY_NUMBER='1' AIRFLOW_CTX_DAG_RUN_ID='scheduled__2024-06-01T01:00:00+00:00'
[2024-06-02T12:13:25.664+0000] {taskinstance.py:430} INFO - ::endgroup::
[2024-06-02T12:13:25.687+0000] {taskinstance.py:441} INFO - ::group::Post task execution logs
[2024-06-02T12:13:25.689+0000] {taskinstance.py:2905} ERROR - Task failed with exception
Traceback (most recent call last):
  File "/home/airflow/.local/lib/python3.12/site-packages/airflow/models/taskinstance.py", line 465, in _execute_task
    result = _execute_callable(context=context, **execute_callable_kwargs)
             ^^^^^^^^^^^^^^^^^^^^^^^^^^^^^^^^^^^^^^^^^^^^^^^^^^^^^^^^^^^^^
  File "/home/airflow/.local/lib/python3.12/site-packages/airflow/models/taskinstance.py", line 432, in _execute_callable
    return execute_callable(context=context, **execute_callable_kwargs)
           ^^^^^^^^^^^^^^^^^^^^^^^^^^^^^^^^^^^^^^^^^^^^^^^^^^^^^^^^^^^^
  File "/home/airflow/.local/lib/python3.12/site-packages/airflow/models/baseoperator.py", line 400, in wrapper
    return func(self, *args, **kwargs)
           ^^^^^^^^^^^^^^^^^^^^^^^^^^^
  File "/home/airflow/.local/lib/python3.12/site-packages/airflow/operators/python.py", line 235, in execute
    return_value = self.execute_callable()
                   ^^^^^^^^^^^^^^^^^^^^^^^
  File "/home/airflow/.local/lib/python3.12/site-packages/airflow/operators/python.py", line 252, in execute_callable
    return self.python_callable(*self.op_args, **self.op_kwargs)
           ^^^^^^^^^^^^^^^^^^^^^^^^^^^^^^^^^^^^^^^^^^^^^^^^^^^^^
  File "/opt/airflow/dags/dag_with_docker_operator.py", line 24, in check_send_status
    raise ValueError(f"Check send status failed: {result}")
ValueError: Check send status failed: {'status': 'failed'}
[2024-06-02T12:13:25.713+0000] {taskinstance.py:1206} INFO - Marking task as UP_FOR_RETRY. dag_id=dag_with_docker_operator, task_id=check_status, run_id=scheduled__2024-06-01T01:00:00+00:00, execution_date=20240601T010000, start_date=20240602T121325, end_date=20240602T121325
[2024-06-02T12:13:25.776+0000] {standard_task_runner.py:110} ERROR - Failed to execute job 763 for task check_status (Check send status failed: {'status': 'failed'}; 2751)
[2024-06-02T12:13:25.795+0000] {local_task_job_runner.py:240} INFO - Task exited with return code 1
[2024-06-02T12:13:26.026+0000] {taskinstance.py:3498} INFO - 0 downstream tasks scheduled from follow-on schedule check
[2024-06-02T12:13:26.029+0000] {local_task_job_runner.py:222} INFO - ::endgroup::
