[2024-06-02T11:57:33.984+0000] {local_task_job_runner.py:120} INFO - ::group::Pre task execution logs
[2024-06-02T11:57:34.634+0000] {taskinstance.py:2076} INFO - Dependencies all met for dep_context=non-requeueable deps ti=<TaskInstance: dag_with_docker_operator.check_status scheduled__2024-06-01T01:00:00+00:00 [queued]>
[2024-06-02T11:57:34.655+0000] {taskinstance.py:2076} INFO - Dependencies all met for dep_context=requeueable deps ti=<TaskInstance: dag_with_docker_operator.check_status scheduled__2024-06-01T01:00:00+00:00 [queued]>
[2024-06-02T11:57:34.656+0000] {taskinstance.py:2306} INFO - Starting attempt 2 of 2
[2024-06-02T11:57:34.714+0000] {taskinstance.py:2330} INFO - Executing <Task(PythonOperator): check_status> on 2024-06-01 01:00:00+00:00
[2024-06-02T11:57:34.720+0000] {standard_task_runner.py:63} INFO - Started process 2364 to run task
[2024-06-02T11:57:34.723+0000] {standard_task_runner.py:90} INFO - Running: ['airflow', 'tasks', 'run', 'dag_with_docker_operator', 'check_status', 'scheduled__2024-06-01T01:00:00+00:00', '--job-id', '788', '--raw', '--subdir', 'DAGS_FOLDER/dag_with_docker_operator.py', '--cfg-path', '/tmp/tmpiczuibw6']
[2024-06-02T11:57:34.726+0000] {standard_task_runner.py:91} INFO - Job 788: Subtask check_status
[2024-06-02T11:57:34.966+0000] {task_command.py:426} INFO - Running <TaskInstance: dag_with_docker_operator.check_status scheduled__2024-06-01T01:00:00+00:00 [running]> on host 9c47fcd741af
[2024-06-02T11:57:35.137+0000] {taskinstance.py:2648} INFO - Exporting env vars: AIRFLOW_CTX_DAG_OWNER='airflow' AIRFLOW_CTX_DAG_ID='dag_with_docker_operator' AIRFLOW_CTX_TASK_ID='check_status' AIRFLOW_CTX_EXECUTION_DATE='2024-06-01T01:00:00+00:00' AIRFLOW_CTX_TRY_NUMBER='2' AIRFLOW_CTX_DAG_RUN_ID='scheduled__2024-06-01T01:00:00+00:00'
[2024-06-02T11:57:35.138+0000] {taskinstance.py:430} INFO - ::endgroup::
[2024-06-02T11:57:35.164+0000] {taskinstance.py:441} INFO - ::group::Post task execution logs
[2024-06-02T11:57:35.167+0000] {taskinstance.py:2905} ERROR - Task failed with exception
Traceback (most recent call last):
  File "/home/airflow/.local/lib/python3.12/site-packages/airflow/models/taskinstance.py", line 465, in _execute_task
    result = _execute_callable(context=context, **execute_callable_kwargs)
             ^^^^^^^^^^^^^^^^^^^^^^^^^^^^^^^^^^^^^^^^^^^^^^^^^^^^^^^^^^^^^
  File "/home/airflow/.local/lib/python3.12/site-packages/airflow/models/taskinstance.py", line 432, in _execute_callable
    return execute_callable(context=context, **execute_callable_kwargs)
           ^^^^^^^^^^^^^^^^^^^^^^^^^^^^^^^^^^^^^^^^^^^^^^^^^^^^^^^^^^^^
  File "/home/airflow/.local/lib/python3.12/site-packages/airflow/models/baseoperator.py", line 400, in wrapper
    return func(self, *args, **kwargs)
           ^^^^^^^^^^^^^^^^^^^^^^^^^^^
  File "/home/airflow/.local/lib/python3.12/site-packages/airflow/operators/python.py", line 235, in execute
    return_value = self.execute_callable()
                   ^^^^^^^^^^^^^^^^^^^^^^^
  File "/home/airflow/.local/lib/python3.12/site-packages/airflow/operators/python.py", line 252, in execute_callable
    return self.python_callable(*self.op_args, **self.op_kwargs)
           ^^^^^^^^^^^^^^^^^^^^^^^^^^^^^^^^^^^^^^^^^^^^^^^^^^^^^
  File "/opt/airflow/dags/dag_with_docker_operator.py", line 24, in check_send_status
    raise ValueError(f"Check send status failed: {result}")
ValueError: Check send status failed: {'status': 'failed'}
[2024-06-02T11:57:35.201+0000] {taskinstance.py:1206} INFO - Marking task as FAILED. dag_id=dag_with_docker_operator, task_id=check_status, run_id=scheduled__2024-06-01T01:00:00+00:00, execution_date=20240601T010000, start_date=20240602T115734, end_date=20240602T115735
[2024-06-02T11:57:35.294+0000] {standard_task_runner.py:110} ERROR - Failed to execute job 788 for task check_status (Check send status failed: {'status': 'failed'}; 2364)
[2024-06-02T11:57:35.340+0000] {local_task_job_runner.py:240} INFO - Task exited with return code 1
[2024-06-02T11:57:35.471+0000] {taskinstance.py:3498} INFO - 0 downstream tasks scheduled from follow-on schedule check
[2024-06-02T11:57:35.473+0000] {local_task_job_runner.py:222} INFO - ::endgroup::
[2024-06-02T12:18:48.378+0000] {local_task_job_runner.py:120} INFO - ::group::Pre task execution logs
[2024-06-02T12:18:48.428+0000] {taskinstance.py:2076} INFO - Dependencies all met for dep_context=non-requeueable deps ti=<TaskInstance: dag_with_docker_operator.check_status scheduled__2024-06-01T01:00:00+00:00 [queued]>
[2024-06-02T12:18:48.451+0000] {taskinstance.py:2076} INFO - Dependencies all met for dep_context=requeueable deps ti=<TaskInstance: dag_with_docker_operator.check_status scheduled__2024-06-01T01:00:00+00:00 [queued]>
[2024-06-02T12:18:48.451+0000] {taskinstance.py:2306} INFO - Starting attempt 2 of 2
[2024-06-02T12:18:48.549+0000] {taskinstance.py:2330} INFO - Executing <Task(PythonOperator): check_status> on 2024-06-01 01:00:00+00:00
[2024-06-02T12:18:48.555+0000] {standard_task_runner.py:63} INFO - Started process 2919 to run task
[2024-06-02T12:18:48.558+0000] {standard_task_runner.py:90} INFO - Running: ['airflow', 'tasks', 'run', 'dag_with_docker_operator', 'check_status', 'scheduled__2024-06-01T01:00:00+00:00', '--job-id', '793', '--raw', '--subdir', 'DAGS_FOLDER/dag_with_docker_operator.py', '--cfg-path', '/tmp/tmp420pt25_']
[2024-06-02T12:18:48.560+0000] {standard_task_runner.py:91} INFO - Job 793: Subtask check_status
[2024-06-02T12:18:48.815+0000] {task_command.py:426} INFO - Running <TaskInstance: dag_with_docker_operator.check_status scheduled__2024-06-01T01:00:00+00:00 [running]> on host 9c47fcd741af
[2024-06-02T12:18:48.999+0000] {taskinstance.py:2648} INFO - Exporting env vars: AIRFLOW_CTX_DAG_OWNER='airflow' AIRFLOW_CTX_DAG_ID='dag_with_docker_operator' AIRFLOW_CTX_TASK_ID='check_status' AIRFLOW_CTX_EXECUTION_DATE='2024-06-01T01:00:00+00:00' AIRFLOW_CTX_TRY_NUMBER='2' AIRFLOW_CTX_DAG_RUN_ID='scheduled__2024-06-01T01:00:00+00:00'
[2024-06-02T12:18:49.000+0000] {taskinstance.py:430} INFO - ::endgroup::
[2024-06-02T12:18:49.026+0000] {taskinstance.py:441} INFO - ::group::Post task execution logs
[2024-06-02T12:18:49.030+0000] {taskinstance.py:2905} ERROR - Task failed with exception
Traceback (most recent call last):
  File "/home/airflow/.local/lib/python3.12/site-packages/airflow/models/taskinstance.py", line 465, in _execute_task
    result = _execute_callable(context=context, **execute_callable_kwargs)
             ^^^^^^^^^^^^^^^^^^^^^^^^^^^^^^^^^^^^^^^^^^^^^^^^^^^^^^^^^^^^^
  File "/home/airflow/.local/lib/python3.12/site-packages/airflow/models/taskinstance.py", line 432, in _execute_callable
    return execute_callable(context=context, **execute_callable_kwargs)
           ^^^^^^^^^^^^^^^^^^^^^^^^^^^^^^^^^^^^^^^^^^^^^^^^^^^^^^^^^^^^
  File "/home/airflow/.local/lib/python3.12/site-packages/airflow/models/baseoperator.py", line 400, in wrapper
    return func(self, *args, **kwargs)
           ^^^^^^^^^^^^^^^^^^^^^^^^^^^
  File "/home/airflow/.local/lib/python3.12/site-packages/airflow/operators/python.py", line 235, in execute
    return_value = self.execute_callable()
                   ^^^^^^^^^^^^^^^^^^^^^^^
  File "/home/airflow/.local/lib/python3.12/site-packages/airflow/operators/python.py", line 252, in execute_callable
    return self.python_callable(*self.op_args, **self.op_kwargs)
           ^^^^^^^^^^^^^^^^^^^^^^^^^^^^^^^^^^^^^^^^^^^^^^^^^^^^^
  File "/opt/airflow/dags/dag_with_docker_operator.py", line 24, in check_send_status
    raise ValueError(f"Check send status failed: {result}")
ValueError: Check send status failed: {'status': 'failed'}
[2024-06-02T12:18:49.072+0000] {taskinstance.py:1206} INFO - Marking task as FAILED. dag_id=dag_with_docker_operator, task_id=check_status, run_id=scheduled__2024-06-01T01:00:00+00:00, execution_date=20240601T010000, start_date=20240602T121848, end_date=20240602T121849
[2024-06-02T12:18:49.218+0000] {standard_task_runner.py:110} ERROR - Failed to execute job 793 for task check_status (Check send status failed: {'status': 'failed'}; 2919)
[2024-06-02T12:18:49.253+0000] {local_task_job_runner.py:240} INFO - Task exited with return code 1
[2024-06-02T12:18:49.504+0000] {taskinstance.py:3498} INFO - 0 downstream tasks scheduled from follow-on schedule check
[2024-06-02T12:18:49.506+0000] {local_task_job_runner.py:222} INFO - ::endgroup::
