[2024-06-02T13:59:19.100+0000] {local_task_job_runner.py:120} INFO - ::group::Pre task execution logs
[2024-06-02T13:59:19.152+0000] {taskinstance.py:2076} INFO - Dependencies all met for dep_context=non-requeueable deps ti=<TaskInstance: dag_with_docker_operator.execute_get_command_inside_docker scheduled__2024-06-02T13:45:00+00:00 [queued]>
[2024-06-02T13:59:19.190+0000] {taskinstance.py:2076} INFO - Dependencies all met for dep_context=requeueable deps ti=<TaskInstance: dag_with_docker_operator.execute_get_command_inside_docker scheduled__2024-06-02T13:45:00+00:00 [queued]>
[2024-06-02T13:59:19.192+0000] {taskinstance.py:2306} INFO - Starting attempt 1 of 2
[2024-06-02T13:59:19.471+0000] {taskinstance.py:2330} INFO - Executing <Task(DockerOperator): execute_get_command_inside_docker> on 2024-06-02 13:45:00+00:00
[2024-06-02T13:59:19.479+0000] {standard_task_runner.py:63} INFO - Started process 4387 to run task
[2024-06-02T13:59:19.483+0000] {standard_task_runner.py:90} INFO - Running: ['airflow', 'tasks', 'run', 'dag_with_docker_operator', 'execute_get_command_inside_docker', 'scheduled__2024-06-02T13:45:00+00:00', '--job-id', '1028', '--raw', '--subdir', 'DAGS_FOLDER/dag_with_docker_operator.py', '--cfg-path', '/tmp/tmpsoy9iwlv']
[2024-06-02T13:59:19.492+0000] {standard_task_runner.py:91} INFO - Job 1028: Subtask execute_get_command_inside_docker
[2024-06-02T13:59:19.762+0000] {task_command.py:426} INFO - Running <TaskInstance: dag_with_docker_operator.execute_get_command_inside_docker scheduled__2024-06-02T13:45:00+00:00 [running]> on host 9c47fcd741af
[2024-06-02T13:59:20.144+0000] {taskinstance.py:2648} INFO - Exporting env vars: AIRFLOW_CTX_DAG_OWNER='airflow' AIRFLOW_CTX_DAG_ID='dag_with_docker_operator' AIRFLOW_CTX_TASK_ID='execute_get_command_inside_docker' AIRFLOW_CTX_EXECUTION_DATE='2024-06-02T13:45:00+00:00' AIRFLOW_CTX_TRY_NUMBER='1' AIRFLOW_CTX_DAG_RUN_ID='scheduled__2024-06-02T13:45:00+00:00'
[2024-06-02T13:59:20.146+0000] {taskinstance.py:430} INFO - ::endgroup::
[2024-06-02T13:59:20.229+0000] {docker.py:366} INFO - Starting docker container from image composer-flask:latest
[2024-06-02T13:59:20.248+0000] {docker.py:374} WARNING - Using remote engine or docker-in-docker and mounting temporary volume from host is not supported. Falling back to `mount_tmp_dir=False` mode. You can set `mount_tmp_dir` parameter to False to disable mounting and remove the warning
[2024-06-02T13:59:22.013+0000] {docker.py:436} INFO - % Total    % Received % Xferd  Average Speed   Time    Time     Time  Current
                                 Dload  Upload   Total   Spent    Left  Speed
[2024-06-02T13:59:22.015+0000] {docker.py:436} INFO - 0     0    0     0    0     0      0      0 --:--:-- --:--:-- --:--:--     0
[2024-06-02T13:59:23.222+0000] {docker.py:436} INFO - 0     0    0     0    0     0      0      0 --:--:--  0:00:01 --:--:--     0
[2024-06-02T13:59:24.227+0000] {docker.py:436} INFO - 0     0    0     0    0     0      0      0 --:--:--  0:00:02 --:--:--     0
[2024-06-02T13:59:24.831+0000] {docker.py:436} INFO - 100   334  100   334    0     0    118      0  0:00:02  0:00:02 --:--:--   118100   334  100   334    0     0    118      0  0:00:02  0:00:02 --:--:--   118
[2024-06-02T13:59:24.832+0000] {docker.py:436} INFO - <!DOCTYPE html>
<html>
    <head>
        <meta charset="UTF-8" />
        <meta http-equiv="refresh" content="0;url='http://localhost/setup'" />

        <title>Redirecting to http://localhost/setup</title>
    </head>
    <body>
        Redirecting to <a href="http://localhost/setup">http://localhost/setup</a>.
    </body>
</html>
[2024-06-02T13:59:25.512+0000] {taskinstance.py:441} INFO - ::group::Post task execution logs
[2024-06-02T13:59:25.966+0000] {taskinstance.py:1206} INFO - Marking task as SUCCESS. dag_id=dag_with_docker_operator, task_id=execute_get_command_inside_docker, run_id=scheduled__2024-06-02T13:45:00+00:00, execution_date=20240602T134500, start_date=20240602T135919, end_date=20240602T135925
[2024-06-02T13:59:26.074+0000] {local_task_job_runner.py:240} INFO - Task exited with return code 0
[2024-06-02T13:59:26.116+0000] {taskinstance.py:3498} INFO - 1 downstream tasks scheduled from follow-on schedule check
[2024-06-02T13:59:26.130+0000] {local_task_job_runner.py:222} INFO - ::endgroup::
