[2024-05-29T17:07:29.871+0000] {local_task_job_runner.py:120} INFO - ::group::Pre task execution logs
[2024-05-29T17:07:29.936+0000] {taskinstance.py:2076} INFO - Dependencies all met for dep_context=non-requeueable deps ti=<TaskInstance: flask_monitoring.check_flask_health scheduled__2024-05-28T00:25:00+00:00 [queued]>
[2024-05-29T17:07:29.967+0000] {taskinstance.py:2076} INFO - Dependencies all met for dep_context=requeueable deps ti=<TaskInstance: flask_monitoring.check_flask_health scheduled__2024-05-28T00:25:00+00:00 [queued]>
[2024-05-29T17:07:29.969+0000] {taskinstance.py:2306} INFO - Starting attempt 1 of 2
[2024-05-29T17:07:30.036+0000] {taskinstance.py:2330} INFO - Executing <Task(BashOperator): check_flask_health> on 2024-05-28 00:25:00+00:00
[2024-05-29T17:07:30.043+0000] {standard_task_runner.py:63} INFO - Started process 1679 to run task
[2024-05-29T17:07:30.046+0000] {standard_task_runner.py:90} INFO - Running: ['airflow', 'tasks', 'run', 'flask_monitoring', 'check_flask_health', 'scheduled__2024-05-28T00:25:00+00:00', '--job-id', '103', '--raw', '--subdir', 'DAGS_FOLDER/flask_monitoring.py', '--cfg-path', '/tmp/tmpkqg944lj']
[2024-05-29T17:07:30.049+0000] {standard_task_runner.py:91} INFO - Job 103: Subtask check_flask_health
[2024-05-29T17:07:30.168+0000] {task_command.py:426} INFO - Running <TaskInstance: flask_monitoring.check_flask_health scheduled__2024-05-28T00:25:00+00:00 [running]> on host f708138922bb
[2024-05-29T17:07:30.352+0000] {taskinstance.py:2648} INFO - Exporting env vars: AIRFLOW_CTX_DAG_OWNER='airflow' AIRFLOW_CTX_DAG_ID='flask_monitoring' AIRFLOW_CTX_TASK_ID='check_flask_health' AIRFLOW_CTX_EXECUTION_DATE='2024-05-28T00:25:00+00:00' AIRFLOW_CTX_TRY_NUMBER='1' AIRFLOW_CTX_DAG_RUN_ID='scheduled__2024-05-28T00:25:00+00:00'
[2024-05-29T17:07:30.353+0000] {taskinstance.py:430} INFO - ::endgroup::
[2024-05-29T17:07:30.374+0000] {subprocess.py:63} INFO - Tmp dir root location: /tmp
[2024-05-29T17:07:30.377+0000] {subprocess.py:75} INFO - Running command: ['/usr/bin/bash', '-c', 'curl -X GET http://flask:5000/check_send_status']
[2024-05-29T17:07:30.392+0000] {subprocess.py:86} INFO - Output:
[2024-05-29T17:07:30.436+0000] {subprocess.py:93} INFO -   % Total    % Received % Xferd  Average Speed   Time    Time     Time  Current
[2024-05-29T17:07:30.441+0000] {subprocess.py:93} INFO -                                  Dload  Upload   Total   Spent    Left  Speed
[2024-05-29T17:07:30.467+0000] {subprocess.py:93} INFO -   0     0    0     0    0     0      0      0 --:--:-- --:--:-- --:--:--     0<!doctype html>
[2024-05-29T17:07:30.493+0000] {subprocess.py:93} INFO - <html lang=en>
[2024-05-29T17:07:30.522+0000] {subprocess.py:93} INFO -   <head>
[2024-05-29T17:07:30.543+0000] {subprocess.py:93} INFO -     <title>NameError: name &#39;last_status&#39; is not defined
[2024-05-29T17:07:30.589+0000] {subprocess.py:93} INFO -  // Werkzeug Debugger</title>
[2024-05-29T17:07:30.639+0000] {subprocess.py:93} INFO -     <link rel="stylesheet" href="?__debugger__=yes&amp;cmd=resource&amp;f=style.css">
[2024-05-29T17:07:30.650+0000] {subprocess.py:93} INFO -     <link rel="shortcut icon"
[2024-05-29T17:07:30.663+0000] {subprocess.py:93} INFO -         href="?__debugger__=yes&amp;cmd=resource&amp;f=console.png">
[2024-05-29T17:07:30.667+0000] {subprocess.py:93} INFO -     <script src="?__debugger__=yes&amp;cmd=resource&amp;f=debugger.js"></script>
[2024-05-29T17:07:30.674+0000] {subprocess.py:93} INFO -     <script>
[2024-05-29T17:07:30.680+0000] {subprocess.py:93} INFO -       var CONSOLE_MODE = false,
[2024-05-29T17:07:30.687+0000] {subprocess.py:93} INFO -           EVALEX = false,
[2024-05-29T17:07:30.695+0000] {subprocess.py:93} INFO -           EVALEX_TRUSTED = false,
[2024-05-29T17:07:30.697+0000] {subprocess.py:93} INFO -           SECRET = "m0W2mug263yMqd81oBK2";
[2024-05-29T17:07:30.699+0000] {subprocess.py:93} INFO -     </script>
[2024-05-29T17:07:30.702+0000] {subprocess.py:93} INFO -   </head>
[2024-05-29T17:07:30.705+0000] {subprocess.py:93} INFO -   <body style="background-color: #fff">
[2024-05-29T17:07:30.706+0000] {subprocess.py:93} INFO -     <div class="debugger">
[2024-05-29T17:07:30.708+0000] {subprocess.py:93} INFO - <h1>NameError</h1>
[2024-05-29T17:07:30.709+0000] {subprocess.py:93} INFO - <div class="detail">
[2024-05-29T17:07:30.712+0000] {subprocess.py:93} INFO -   <p class="errormsg">NameError: name &#39;last_status&#39; is not defined
[2024-05-29T17:07:30.713+0000] {subprocess.py:93} INFO - </p>
[2024-05-29T17:07:30.717+0000] {subprocess.py:93} INFO - </div>
[2024-05-29T17:07:30.718+0000] {subprocess.py:93} INFO - <h2 class="traceback">Traceback <em>(most recent call last)</em></h2>
[2024-05-29T17:07:30.720+0000] {subprocess.py:93} INFO - <div class="traceback">
[2024-05-29T17:07:30.721+0000] {subprocess.py:93} INFO -   <h3></h3>
[2024-05-29T17:07:30.724+0000] {subprocess.py:93} INFO -   <ul><li><div class="frame" id="frame-140474387809552">
[2024-05-29T17:07:30.725+0000] {subprocess.py:93} INFO -   <h4>File <cite class="filename">"/usr/local/lib/python3.9/site-packages/flask/app.py"</cite>,
[2024-05-29T17:07:30.726+0000] {subprocess.py:93} INFO -       line <em class="line">1498</em>,
[2024-05-29T17:07:30.728+0000] {subprocess.py:93} INFO -       in <code class="function">__call__</code></h4>
[2024-05-29T17:07:30.731+0000] {subprocess.py:93} INFO -   <div class="source library"><pre class="line before"><span class="ws">    </span>) -&gt; cabc.Iterable[bytes]:</pre>
[2024-05-29T17:07:30.732+0000] {subprocess.py:93} INFO - <pre class="line before"><span class="ws">        </span>&#34;&#34;&#34;The WSGI server calls the Flask application object as the</pre>
[2024-05-29T17:07:30.733+0000] {subprocess.py:93} INFO - <pre class="line before"><span class="ws">        </span>WSGI application. This calls :meth:`wsgi_app`, which can be</pre>
[2024-05-29T17:07:30.734+0000] {subprocess.py:93} INFO - <pre class="line before"><span class="ws">        </span>wrapped to apply middleware.</pre>
[2024-05-29T17:07:30.735+0000] {subprocess.py:93} INFO - <pre class="line before"><span class="ws">        </span>&#34;&#34;&#34;</pre>
[2024-05-29T17:07:30.737+0000] {subprocess.py:93} INFO - <pre class="line current"><span class="ws">        </span>return self.wsgi_app(environ, start_response)</pre></div>
[2024-05-29T17:07:30.739+0000] {subprocess.py:93} INFO - </div>
[2024-05-29T17:07:30.741+0000] {subprocess.py:93} INFO - 
[2024-05-29T17:07:30.751+0000] {subprocess.py:93} INFO - <li><div class="frame" id="frame-140474387809104">
[2024-05-29T17:07:30.754+0000] {subprocess.py:93} INFO -   <h4>File <cite class="filename">"/usr/local/lib/python3.9/site-packages/flask/app.py"</cite>,
[2024-05-29T17:07:30.755+0000] {subprocess.py:93} INFO -       line <em class="line">1476</em>,
[2024-05-29T17:07:30.761+0000] {subprocess.py:93} INFO -       in <code class="function">wsgi_app</code></h4>
[2024-05-29T17:07:30.763+0000] {subprocess.py:93} INFO -   <div class="source library"><pre class="line before"><span class="ws">            </span>try:</pre>
[2024-05-29T17:07:30.766+0000] {subprocess.py:93} INFO - <pre class="line before"><span class="ws">                </span>ctx.push()</pre>
[2024-05-29T17:07:30.768+0000] {subprocess.py:93} INFO - <pre class="line before"><span class="ws">                </span>response = self.full_dispatch_request()</pre>
[2024-05-29T17:07:30.769+0000] {subprocess.py:93} INFO - <pre class="line before"><span class="ws">            </span>except Exception as e:</pre>
[2024-05-29T17:07:30.770+0000] {subprocess.py:93} INFO - <pre class="line before"><span class="ws">                </span>error = e</pre>
[2024-05-29T17:07:30.771+0000] {subprocess.py:93} INFO - <pre class="line current"><span class="ws">                </span>response = self.handle_exception(e)</pre>
[2024-05-29T17:07:30.773+0000] {subprocess.py:93} INFO - <pre class="line after"><span class="ws">            </span>except:  # noqa: B001</pre>
[2024-05-29T17:07:30.774+0000] {subprocess.py:93} INFO - <pre class="line after"><span class="ws">                </span>error = sys.exc_info()[1]</pre>
[2024-05-29T17:07:30.776+0000] {subprocess.py:93} INFO - <pre class="line after"><span class="ws">                </span>raise</pre>
[2024-05-29T17:07:30.778+0000] {subprocess.py:93} INFO - <pre class="line after"><span class="ws">            </span>return response(environ, start_response)</pre>
[2024-05-29T17:07:30.781+0000] {subprocess.py:93} INFO - <pre class="line after"><span class="ws">        </span>finally:</pre></div>
[2024-05-29T17:07:30.783+0000] {subprocess.py:93} INFO - </div>
[2024-05-29T17:07:30.784+0000] {subprocess.py:93} INFO - 
[2024-05-29T17:07:30.786+0000] {subprocess.py:93} INFO - <li><div class="frame" id="frame-140474387809216">
[2024-05-29T17:07:30.787+0000] {subprocess.py:93} INFO -   <h4>File <cite class="filename">"/usr/local/lib/python3.9/site-packages/flask/app.py"</cite>,
[2024-05-29T17:07:30.789+0000] {subprocess.py:93} INFO -       line <em class="line">1473</em>,
[2024-05-29T17:07:30.791+0000] {subprocess.py:93} INFO -       in <code class="function">wsgi_app</code></h4>
[2024-05-29T17:07:30.793+0000] {subprocess.py:93} INFO -   <div class="source library"><pre class="line before"><span class="ws">        </span>ctx = self.request_context(environ)</pre>
[2024-05-29T17:07:30.794+0000] {subprocess.py:93} INFO - <pre class="line before"><span class="ws">        </span>error: BaseException | None = None</pre>
[2024-05-29T17:07:30.800+0000] {subprocess.py:93} INFO - <pre class="line before"><span class="ws">        </span>try:</pre>
[2024-05-29T17:07:30.803+0000] {subprocess.py:93} INFO - <pre class="line before"><span class="ws">            </span>try:</pre>
[2024-05-29T17:07:30.804+0000] {subprocess.py:93} INFO - <pre class="line before"><span class="ws">                </span>ctx.push()</pre>
[2024-05-29T17:07:30.805+0000] {subprocess.py:93} INFO - <pre class="line current"><span class="ws">                </span>response = self.full_dispatch_request()</pre>
[2024-05-29T17:07:30.806+0000] {subprocess.py:93} INFO - <pre class="line after"><span class="ws">            </span>except Exception as e:</pre>
[2024-05-29T17:07:30.806+0000] {subprocess.py:93} INFO - <pre class="line after"><span class="ws">                </span>error = e</pre>
[2024-05-29T17:07:30.807+0000] {subprocess.py:93} INFO - <pre class="line after"><span class="ws">                </span>response = self.handle_exception(e)</pre>
[2024-05-29T17:07:30.808+0000] {subprocess.py:93} INFO - <pre class="line after"><span class="ws">            </span>except:  # noqa: B001</pre>
[2024-05-29T17:07:30.809+0000] {subprocess.py:93} INFO - <pre class="line after"><span class="ws">                </span>error = sys.exc_info()[1]</pre></div>
[2024-05-29T17:07:30.810+0000] {subprocess.py:93} INFO - </div>
[2024-05-29T17:07:30.811+0000] {subprocess.py:93} INFO - 
[2024-05-29T17:07:30.812+0000] {subprocess.py:93} INFO - <li><div class="frame" id="frame-140474387809328">
[2024-05-29T17:07:30.812+0000] {subprocess.py:93} INFO -   <h4>File <cite class="filename">"/usr/local/lib/python3.9/site-packages/flask/app.py"</cite>,
[2024-05-29T17:07:30.822+0000] {subprocess.py:93} INFO -       line <em class="line">882</em>,
[2024-05-29T17:07:30.823+0000] {subprocess.py:93} INFO -       in <code class="function">full_dispatch_request</code></h4>
[2024-05-29T17:07:30.823+0000] {subprocess.py:93} INFO -   <div class="source library"><pre class="line before"><span class="ws">            </span>request_started.send(self, _async_wrapper=self.ensure_sync)</pre>
[2024-05-29T17:07:30.824+0000] {subprocess.py:93} INFO - <pre class="line before"><span class="ws">            </span>rv = self.preprocess_request()</pre>
[2024-05-29T17:07:30.825+0000] {subprocess.py:93} INFO - <pre class="line before"><span class="ws">            </span>if rv is None:</pre>
[2024-05-29T17:07:30.826+0000] {subprocess.py:93} INFO - <pre class="line before"><span class="ws">                </span>rv = self.dispatch_request()</pre>
[2024-05-29T17:07:30.827+0000] {subprocess.py:93} INFO - <pre class="line before"><span class="ws">        </span>except Exception as e:</pre>
[2024-05-29T17:07:30.828+0000] {subprocess.py:93} INFO - <pre class="line current"><span class="ws">            </span>rv = self.handle_user_exception(e)</pre>
[2024-05-29T17:07:30.829+0000] {subprocess.py:93} INFO - <pre class="line after"><span class="ws">        </span>return self.finalize_request(rv)</pre>
[2024-05-29T17:07:30.838+0000] {subprocess.py:93} INFO - <pre class="line after"><span class="ws"></span> </pre>
[2024-05-29T17:07:30.839+0000] {subprocess.py:93} INFO - <pre class="line after"><span class="ws">    </span>def finalize_request(</pre>
[2024-05-29T17:07:30.840+0000] {subprocess.py:93} INFO - <pre class="line after"><span class="ws">        </span>self,</pre>
[2024-05-29T17:07:30.840+0000] {subprocess.py:93} INFO - <pre class="line after"><span class="ws">        </span>rv: ft.ResponseReturnValue | HTTPException,</pre></div>
[2024-05-29T17:07:30.841+0000] {subprocess.py:93} INFO - </div>
[2024-05-29T17:07:30.842+0000] {subprocess.py:93} INFO - 
[2024-05-29T17:07:30.843+0000] {subprocess.py:93} INFO - <li><div class="frame" id="frame-140474387809440">
[2024-05-29T17:07:30.843+0000] {subprocess.py:93} INFO -   <h4>File <cite class="filename">"/usr/local/lib/python3.9/site-packages/flask/app.py"</cite>,
[2024-05-29T17:07:30.844+0000] {subprocess.py:93} INFO -       line <em class="line">880</em>,
[2024-05-29T17:07:30.845+0000] {subprocess.py:93} INFO -       in <code class="function">full_dispatch_request</code></h4>
[2024-05-29T17:07:30.845+0000] {subprocess.py:93} INFO -   <div class="source library"><pre class="line before"><span class="ws"></span> </pre>
[2024-05-29T17:07:30.846+0000] {subprocess.py:93} INFO - <pre class="line before"><span class="ws">        </span>try:</pre>
[2024-05-29T17:07:30.854+0000] {subprocess.py:93} INFO - <pre class="line before"><span class="ws">            </span>request_started.send(self, _async_wrapper=self.ensure_sync)</pre>
[2024-05-29T17:07:30.855+0000] {subprocess.py:93} INFO - <pre class="line before"><span class="ws">            </span>rv = self.preprocess_request()</pre>
[2024-05-29T17:07:30.856+0000] {subprocess.py:93} INFO - <pre class="line before"><span class="ws">            </span>if rv is None:</pre>
[2024-05-29T17:07:30.857+0000] {subprocess.py:93} INFO - <pre class="line current"><span class="ws">                </span>rv = self.dispatch_request()</pre>
[2024-05-29T17:07:30.857+0000] {subprocess.py:93} INFO - <pre class="line after"><span class="ws">        </span>except Exception as e:</pre>
[2024-05-29T17:07:30.858+0000] {subprocess.py:93} INFO - <pre class="line after"><span class="ws">            </span>rv = self.handle_user_exception(e)</pre>
[2024-05-29T17:07:30.859+0000] {subprocess.py:93} INFO - <pre class="line after"><span class="ws">        </span>return self.finalize_request(rv)</pre>
[2024-05-29T17:07:30.860+0000] {subprocess.py:93} INFO - <pre class="line after"><span class="ws"></span> </pre>
[2024-05-29T17:07:30.861+0000] {subprocess.py:93} INFO - <pre class="line after"><span class="ws">    </span>def finalize_request(</pre></div>
[2024-05-29T17:07:30.862+0000] {subprocess.py:93} INFO - </div>
[2024-05-29T17:07:30.863+0000] {subprocess.py:93} INFO - 
[2024-05-29T17:07:30.870+0000] {subprocess.py:93} INFO - <li><div class="frame" id="frame-140474387809664">
[2024-05-29T17:07:30.871+0000] {subprocess.py:93} INFO -   <h4>File <cite class="filename">"/usr/local/lib/python3.9/site-packages/flask/app.py"</cite>,
[2024-05-29T17:07:30.872+0000] {subprocess.py:93} INFO -       line <em class="line">865</em>,
[2024-05-29T17:07:30.873+0000] {subprocess.py:93} INFO -       in <code class="function">dispatch_request</code></h4>
[2024-05-29T17:07:30.873+0000] {subprocess.py:93} INFO -   <div class="source library"><pre class="line before"><span class="ws">            </span>and req.method == &#34;OPTIONS&#34;</pre>
[2024-05-29T17:07:30.874+0000] {subprocess.py:93} INFO - <pre class="line before"><span class="ws">        </span>):</pre>
[2024-05-29T17:07:30.875+0000] {subprocess.py:93} INFO - <pre class="line before"><span class="ws">            </span>return self.make_default_options_response()</pre>
[2024-05-29T17:07:30.876+0000] {subprocess.py:93} INFO - <pre class="line before"><span class="ws">        </span># otherwise dispatch to the handler for that endpoint</pre>
[2024-05-29T17:07:30.887+0000] {subprocess.py:93} INFO - <pre class="line before"><span class="ws">        </span>view_args: dict[str, t.Any] = req.view_args  # type: ignore[assignment]</pre>
[2024-05-29T17:07:30.888+0000] {subprocess.py:93} INFO - <pre class="line current"><span class="ws">        </span>return self.ensure_sync(self.view_functions[rule.endpoint])(**view_args)  # type: ignore[no-any-return]</pre>
[2024-05-29T17:07:30.889+0000] {subprocess.py:93} INFO - <pre class="line after"><span class="ws"></span> </pre>
[2024-05-29T17:07:30.890+0000] {subprocess.py:93} INFO - <pre class="line after"><span class="ws">    </span>def full_dispatch_request(self) -&gt; Response:</pre>
[2024-05-29T17:07:30.891+0000] {subprocess.py:93} INFO - <pre class="line after"><span class="ws">        </span>&#34;&#34;&#34;Dispatches the request and on top of that performs request</pre>
[2024-05-29T17:07:30.892+0000] {subprocess.py:93} INFO - <pre class="line after"><span class="ws">        </span>pre and postprocessing as well as HTTP exception catching and</pre>
[2024-05-29T17:07:30.893+0000] {subprocess.py:93} INFO - <pre class="line after"><span class="ws">        </span>error handling.</pre></div>
[2024-05-29T17:07:30.894+0000] {subprocess.py:93} INFO - </div>
[2024-05-29T17:07:30.901+0000] {subprocess.py:93} INFO - 
[2024-05-29T17:07:30.902+0000] {subprocess.py:93} INFO - <li><div class="frame" id="frame-140474387809776">
[2024-05-29T17:07:30.903+0000] {subprocess.py:93} INFO -   <h4>File <cite class="filename">"/app/appflask.py"</cite>,
[2024-05-29T17:07:30.904+0000] {subprocess.py:93} INFO -       line <em class="line">206</em>,
[2024-05-29T17:07:30.904+0000] {subprocess.py:93} INFO -       in <code class="function">check_send_status</code></h4>
[2024-05-29T17:07:30.905+0000] {subprocess.py:93} INFO -   <div class="source "><pre class="line before"><span class="ws">        </span>return str(e)</pre>
[2024-05-29T17:07:30.906+0000] {subprocess.py:93} INFO - <pre class="line before"><span class="ws"></span> </pre>
[2024-05-29T17:07:30.907+0000] {subprocess.py:93} INFO - <pre class="line before"><span class="ws"></span>@app.route(&#39;/check_send_status&#39;, methods=[&#39;GET&#39;])</pre>
[2024-05-29T17:07:30.908+0000] {subprocess.py:93} INFO - <pre class="line before"><span class="ws"></span>def check_send_status():</pre>
[2024-05-29T17:07:30.909+0000] {subprocess.py:93} INFO - <pre class="line before"><span class="ws">    </span>global last_status</pre>
[2024-05-29T17:07:30.917+0000] {subprocess.py:93} INFO - <pre class="line current"><span class="ws">    </span>return jsonify(last_status)</pre>
[2024-05-29T17:07:30.918+0000] {subprocess.py:93} INFO - <pre class="line after"><span class="ws"></span> </pre>
[2024-05-29T17:07:30.920+0000] {subprocess.py:93} INFO - <pre class="line after"><span class="ws"></span>if __name__ == &#39;__main__&#39;:</pre>
[2024-05-29T17:07:30.921+0000] {subprocess.py:93} INFO - <pre class="line after"><span class="ws">    </span>app.run(host=&#39;0.0.0.0&#39;, port=5000, debug=True)</pre></div>
[2024-05-29T17:07:30.921+0000] {subprocess.py:93} INFO - </div>
[2024-05-29T17:07:30.922+0000] {subprocess.py:93} INFO - </ul>
[2024-05-29T17:07:30.923+0000] {subprocess.py:93} INFO -   <blockquote>NameError: name &#39;last_status&#39; is not defined
[2024-05-29T17:07:30.924+0000] {subprocess.py:93} INFO - </blockquote>
[2024-05-29T17:07:30.924+0000] {subprocess.py:93} INFO - </div>
[2024-05-29T17:07:30.933+0000] {subprocess.py:93} INFO - 
[2024-05-29T17:07:30.934+0000] {subprocess.py:93} INFO - <div class="plain">
[2024-05-29T17:07:30.935+0000] {subprocess.py:93} INFO -     <p>
[2024-05-29T17:07:30.936+0000] {subprocess.py:93} INFO -       This is the Copy/Paste friendly version of the traceback.
[2024-05-29T17:07:30.936+0000] {subprocess.py:93} INFO -     </p>
[2024-05-29T17:07:30.937+0000] {subprocess.py:93} INFO -     <textarea cols="50" rows="10" name="code" readonly>Traceback (most recent call last):
[2024-05-29T17:07:30.938+0000] {subprocess.py:93} INFO -   File &#34;/usr/local/lib/python3.9/site-packages/flask/app.py&#34;, line 1498, in __call__
[2024-05-29T17:07:30.939+0000] {subprocess.py:93} INFO -     return self.wsgi_app(environ, start_response)
[2024-05-29T17:07:30.940+0000] {subprocess.py:93} INFO -   File &#34;/usr/local/lib/python3.9/site-packages/flask/app.py&#34;, line 1476, in wsgi_app
[2024-05-29T17:07:30.941+0000] {subprocess.py:93} INFO -     response = self.handle_exception(e)
[2024-05-29T17:07:30.941+0000] {subprocess.py:93} INFO -   File &#34;/usr/local/lib/python3.9/site-packages/flask/app.py&#34;, line 1473, in wsgi_app
[2024-05-29T17:07:30.942+0000] {subprocess.py:93} INFO -     response = self.full_dispatch_request()
[2024-05-29T17:07:30.949+0000] {subprocess.py:93} INFO -   File &#34;/usr/local/lib/python3.9/site-packages/flask/app.py&#34;, line 882, in full_dispatch_request
[2024-05-29T17:07:30.950+0000] {subprocess.py:93} INFO -     rv = self.handle_user_exception(e)
[2024-05-29T17:07:30.951+0000] {subprocess.py:93} INFO -   File &#34;/usr/local/lib/python3.9/site-packages/flask/app.py&#34;, line 880, in full_dispatch_request
[2024-05-29T17:07:30.951+0000] {subprocess.py:93} INFO -     rv = self.dispatch_request()
[2024-05-29T17:07:30.952+0000] {subprocess.py:93} INFO -   File &#34;/usr/local/lib/python3.9/site-packages/flask/app.py&#34;, line 865, in dispatch_request
[2024-05-29T17:07:30.953+0000] {subprocess.py:93} INFO -     return self.ensure_sync(self.view_functions[rule.endpoint])(**view_args)  # type: ignore[no-any-return]
[2024-05-29T17:07:30.954+0000] {subprocess.py:93} INFO -   File &#34;/app/appflask.py&#34;, line 206, in check_send_status
[2024-05-29T17:07:30.954+0000] {subprocess.py:93} INFO -     return jsonify(last_status)
[2024-05-29T17:07:30.956+0000] {subprocess.py:93} INFO - NameError: name &#39;last_status&#39; is not defined
[2024-05-29T17:07:30.957+0000] {subprocess.py:93} INFO - </textarea>
[2024-05-29T17:07:30.958+0000] {subprocess.py:93} INFO - </div>
[2024-05-29T17:07:30.959+0000] {subprocess.py:93} INFO - <div class="explanation">
[2024-05-29T17:07:30.965+0000] {subprocess.py:93} INFO -   The debugger caught an exception in your WSGI application.  You can now
[2024-05-29T17:07:30.966+0000] {subprocess.py:93} INFO -   look at the traceback which led to the error.  <span class="nojavascript">
[2024-05-29T17:07:30.966+0000] {subprocess.py:93} INFO -   If you enable JavaScript you can also use additional features such as code
[2024-05-29T17:07:30.967+0000] {subprocess.py:93} INFO -   execution (if the evalex feature is enabled), automatic pasting of the
[2024-05-29T17:07:30.968+0000] {subprocess.py:93} INFO -   exceptions and much more.</span>
[2024-05-29T17:07:30.969+0000] {subprocess.py:93} INFO - </div>
[2024-05-29T17:07:30.970+0000] {subprocess.py:93} INFO -       <div class="footer">
[2024-05-29T17:07:30.971+0000] {subprocess.py:93} INFO -         Brought to you by <strong class="arthur">DON'T PANIC</strong>, your
[2024-05-29T17:07:30.972+0000] {subprocess.py:93} INFO -         friendly Werkzeug powered traceback interpreter.
[2024-05-29T17:07:30.973+0000] {subprocess.py:93} INFO -       </div>
[2024-05-29T17:07:30.973+0000] {subprocess.py:93} INFO -     </div>
[2024-05-29T17:07:30.981+0000] {subprocess.py:93} INFO - 
[2024-05-29T17:07:30.982+0000] {subprocess.py:93} INFO -     <div class="pin-prompt">
[2024-05-29T17:07:30.983+0000] {subprocess.py:93} INFO -       <div class="inner">
[2024-05-29T17:07:30.984+0000] {subprocess.py:93} INFO -         <h3>Console Locked</h3>
[2024-05-29T17:07:30.985+0000] {subprocess.py:93} INFO -         <p>
[2024-05-29T17:07:30.986+0000] {subprocess.py:93} INFO -           The console is locked and needs to be unlocked by entering the PIN.
[2024-05-29T17:07:30.987+0000] {subprocess.py:93} INFO -           You can find the PIN printed out on the standard output of your
[2024-05-29T17:07:30.988+0000] {subprocess.py:93} INFO -           shell that runs the server.
[2024-05-29T17:07:30.989+0000] {subprocess.py:93} INFO -         <form>
[2024-05-29T17:07:30.996+0000] {subprocess.py:93} INFO -           <p>PIN:
[2024-05-29T17:07:30.997+0000] {subprocess.py:93} INFO -             <input type=text name=pin size=14>
[2024-05-29T17:07:30.998+0000] {subprocess.py:93} INFO -             <input type=submit name=btn value="Confirm Pin">
[2024-05-29T17:07:30.999+0000] {subprocess.py:93} INFO -         </form>
[2024-05-29T17:07:31.000+0000] {subprocess.py:93} INFO -       </div>
[2024-05-29T17:07:31.001+0000] {subprocess.py:93} INFO -     </div>
[2024-05-29T17:07:31.002+0000] {subprocess.py:93} INFO -   </body>
[2024-05-29T17:07:31.003+0000] {subprocess.py:93} INFO - </html>
[2024-05-29T17:07:31.005+0000] {subprocess.py:93} INFO - 
[2024-05-29T17:07:31.007+0000] {subprocess.py:93} INFO - <!--
[2024-05-29T17:07:31.014+0000] {subprocess.py:93} INFO - 
[2024-05-29T17:07:31.015+0000] {subprocess.py:93} INFO - Traceback (most recent call last):
[2024-05-29T17:07:31.018+0000] {subprocess.py:93} INFO -   File "/usr/local/lib/python3.9/site-packages/flask/app.py", line 1498, in __call__
[2024-05-29T17:07:31.021+0000] {subprocess.py:93} INFO -     return self.wsgi_app(environ, start_response)
[2024-05-29T17:07:31.022+0000] {subprocess.py:93} INFO -   File "/usr/local/lib/python3.9/site-packages/flask/app.py", line 1476, in wsgi_app
[2024-05-29T17:07:31.023+0000] {subprocess.py:93} INFO -     response = self.handle_exception(e)
[2024-05-29T17:07:31.024+0000] {subprocess.py:93} INFO -   File "/usr/local/lib/python3.9/site-packages/flask/app.py", line 1473, in wsgi_app
[2024-05-29T17:07:31.025+0000] {subprocess.py:93} INFO -     response = self.full_dispatch_request()
[2024-05-29T17:07:31.028+0000] {subprocess.py:93} INFO -   File "/usr/local/lib/python3.9/site-packages/flask/app.py", line 882, in full_dispatch_r100 12805  100 12805    0     0   409k      0 --:--:-- --:--:-- --:--:--  416k
[2024-05-29T17:07:31.029+0000] {subprocess.py:93} INFO - equest
[2024-05-29T17:07:31.030+0000] {subprocess.py:93} INFO -     rv = self.handle_user_exception(e)
[2024-05-29T17:07:31.031+0000] {subprocess.py:93} INFO -   File "/usr/local/lib/python3.9/site-packages/flask/app.py", line 880, in full_dispatch_request
[2024-05-29T17:07:31.032+0000] {subprocess.py:93} INFO -     rv = self.dispatch_request()
[2024-05-29T17:07:31.032+0000] {subprocess.py:93} INFO -   File "/usr/local/lib/python3.9/site-packages/flask/app.py", line 865, in dispatch_request
[2024-05-29T17:07:31.033+0000] {subprocess.py:93} INFO -     return self.ensure_sync(self.view_functions[rule.endpoint])(**view_args)  # type: ignore[no-any-return]
[2024-05-29T17:07:31.034+0000] {subprocess.py:93} INFO -   File "/app/appflask.py", line 206, in check_send_status
[2024-05-29T17:07:31.035+0000] {subprocess.py:93} INFO -     return jsonify(last_status)
[2024-05-29T17:07:31.036+0000] {subprocess.py:93} INFO - NameError: name 'last_status' is not defined
[2024-05-29T17:07:31.037+0000] {subprocess.py:93} INFO - 
[2024-05-29T17:07:31.044+0000] {subprocess.py:93} INFO - 
[2024-05-29T17:07:31.046+0000] {subprocess.py:93} INFO - -->
[2024-05-29T17:07:31.047+0000] {subprocess.py:97} INFO - Command exited with return code 0
[2024-05-29T17:07:31.049+0000] {taskinstance.py:441} INFO - ::group::Post task execution logs
[2024-05-29T17:07:31.143+0000] {taskinstance.py:1206} INFO - Marking task as SUCCESS. dag_id=flask_monitoring, task_id=check_flask_health, run_id=scheduled__2024-05-28T00:25:00+00:00, execution_date=20240528T002500, start_date=20240529T170729, end_date=20240529T170731
[2024-05-29T17:07:31.224+0000] {local_task_job_runner.py:240} INFO - Task exited with return code 0
[2024-05-29T17:07:31.303+0000] {taskinstance.py:3498} INFO - 1 downstream tasks scheduled from follow-on schedule check
[2024-05-29T17:07:31.322+0000] {local_task_job_runner.py:222} INFO - ::endgroup::
