[2024-05-29T17:18:28.835+0000] {local_task_job_runner.py:120} INFO - ::group::Pre task execution logs
[2024-05-29T17:18:28.907+0000] {taskinstance.py:2076} INFO - Dependencies all met for dep_context=non-requeueable deps ti=<TaskInstance: flask_monitoring.check_flask_health scheduled__2024-05-28T02:00:00+00:00 [queued]>
[2024-05-29T17:18:28.925+0000] {taskinstance.py:2076} INFO - Dependencies all met for dep_context=requeueable deps ti=<TaskInstance: flask_monitoring.check_flask_health scheduled__2024-05-28T02:00:00+00:00 [queued]>
[2024-05-29T17:18:28.925+0000] {taskinstance.py:2306} INFO - Starting attempt 1 of 2
[2024-05-29T17:18:28.980+0000] {taskinstance.py:2330} INFO - Executing <Task(BashOperator): check_flask_health> on 2024-05-28 02:00:00+00:00
[2024-05-29T17:18:28.986+0000] {standard_task_runner.py:63} INFO - Started process 2225 to run task
[2024-05-29T17:18:28.990+0000] {standard_task_runner.py:90} INFO - Running: ['airflow', 'tasks', 'run', 'flask_monitoring', 'check_flask_health', 'scheduled__2024-05-28T02:00:00+00:00', '--job-id', '157', '--raw', '--subdir', 'DAGS_FOLDER/flask_monitoring.py', '--cfg-path', '/tmp/tmpp6exmazu']
[2024-05-29T17:18:28.992+0000] {standard_task_runner.py:91} INFO - Job 157: Subtask check_flask_health
[2024-05-29T17:18:29.092+0000] {task_command.py:426} INFO - Running <TaskInstance: flask_monitoring.check_flask_health scheduled__2024-05-28T02:00:00+00:00 [running]> on host f708138922bb
[2024-05-29T17:18:29.431+0000] {taskinstance.py:2648} INFO - Exporting env vars: AIRFLOW_CTX_DAG_OWNER='airflow' AIRFLOW_CTX_DAG_ID='flask_monitoring' AIRFLOW_CTX_TASK_ID='check_flask_health' AIRFLOW_CTX_EXECUTION_DATE='2024-05-28T02:00:00+00:00' AIRFLOW_CTX_TRY_NUMBER='1' AIRFLOW_CTX_DAG_RUN_ID='scheduled__2024-05-28T02:00:00+00:00'
[2024-05-29T17:18:29.433+0000] {taskinstance.py:430} INFO - ::endgroup::
[2024-05-29T17:18:29.459+0000] {subprocess.py:63} INFO - Tmp dir root location: /tmp
[2024-05-29T17:18:29.461+0000] {subprocess.py:75} INFO - Running command: ['/usr/bin/bash', '-c', 'curl -X GET http://flask:5000/check_send_status']
[2024-05-29T17:18:29.472+0000] {subprocess.py:86} INFO - Output:
[2024-05-29T17:18:29.487+0000] {subprocess.py:93} INFO -   % Total    % Received % Xferd  Average Speed   Time    Time     Time  Current
[2024-05-29T17:18:29.488+0000] {subprocess.py:93} INFO -                                  Dload  Upload   Total   Spent    Left  Speed
[2024-05-29T17:18:29.495+0000] {subprocess.py:93} INFO -   0     0    0     0    0     0      0      0 --:--:-- --:--:-- --:--:--     0<!doctype html>
[2024-05-29T17:18:29.509+0000] {subprocess.py:93} INFO - <html lang=en>
[2024-05-29T17:18:29.526+0000] {subprocess.py:93} INFO -   <head>
[2024-05-29T17:18:29.527+0000] {subprocess.py:93} INFO -     <title>NameError: name &#39;last_status&#39; is not defined
[2024-05-29T17:18:29.529+0000] {subprocess.py:93} INFO -  // Werkzeug Debugger</title>
[2024-05-29T17:18:29.533+0000] {subprocess.py:93} INFO -     <link rel="stylesheet" href="?__debugger__=yes&amp;cmd=resource&amp;f=style.css">
[2024-05-29T17:18:29.539+0000] {subprocess.py:93} INFO -     <link rel="shortcut icon"
[2024-05-29T17:18:29.541+0000] {subprocess.py:93} INFO -         href="?__debugger__=yes&amp;cmd=resource&amp;f=console.png">
[2024-05-29T17:18:29.541+0000] {subprocess.py:93} INFO -     <script src="?__debugger__=yes&amp;cmd=resource&amp;f=debugger.js"></script>
[2024-05-29T17:18:29.542+0000] {subprocess.py:93} INFO -     <script>
[2024-05-29T17:18:29.543+0000] {subprocess.py:93} INFO -       var CONSOLE_MODE = false,
[2024-05-29T17:18:29.544+0000] {subprocess.py:93} INFO -           EVALEX = false,
[2024-05-29T17:18:29.544+0000] {subprocess.py:93} INFO -           EVALEX_TRUSTED = false,
[2024-05-29T17:18:29.545+0000] {subprocess.py:93} INFO -           SECRET = "m0W2mug263yMqd81oBK2";
[2024-05-29T17:18:29.545+0000] {subprocess.py:93} INFO -     </script>
[2024-05-29T17:18:29.546+0000] {subprocess.py:93} INFO -   </head>
[2024-05-29T17:18:29.547+0000] {subprocess.py:93} INFO -   <body style="background-color: #fff">
[2024-05-29T17:18:29.548+0000] {subprocess.py:93} INFO -     <div class="debugger">
[2024-05-29T17:18:29.548+0000] {subprocess.py:93} INFO - <h1>NameError</h1>
[2024-05-29T17:18:29.549+0000] {subprocess.py:93} INFO - <div class="detail">
[2024-05-29T17:18:29.549+0000] {subprocess.py:93} INFO -   <p class="errormsg">NameError: name &#39;last_status&#39; is not defined
[2024-05-29T17:18:29.550+0000] {subprocess.py:93} INFO - </p>
[2024-05-29T17:18:29.550+0000] {subprocess.py:93} INFO - </div>
[2024-05-29T17:18:29.551+0000] {subprocess.py:93} INFO - <h2 class="traceback">Traceback <em>(most recent call last)</em></h2>
[2024-05-29T17:18:29.552+0000] {subprocess.py:93} INFO - <div class="traceback">
[2024-05-29T17:18:29.552+0000] {subprocess.py:93} INFO -   <h3></h3>
[2024-05-29T17:18:29.553+0000] {subprocess.py:93} INFO -   <ul><li><div class="frame" id="frame-140474388017040">
[2024-05-29T17:18:29.553+0000] {subprocess.py:93} INFO -   <h4>File <cite class="filename">"/usr/local/lib/python3.9/site-packages/flask/app.py"</cite>,
[2024-05-29T17:18:29.554+0000] {subprocess.py:93} INFO -       line <em class="line">1498</em>,
[2024-05-29T17:18:29.554+0000] {subprocess.py:93} INFO -       in <code class="function">__call__</code></h4>
[2024-05-29T17:18:29.555+0000] {subprocess.py:93} INFO -   <div class="source library"><pre class="line before"><span class="ws">    </span>) -&gt; cabc.Iterable[bytes]:</pre>
[2024-05-29T17:18:29.555+0000] {subprocess.py:93} INFO - <pre class="line before"><span class="ws">        </span>&#34;&#34;&#34;The WSGI server calls the Flask application object as the</pre>
[2024-05-29T17:18:29.556+0000] {subprocess.py:93} INFO - <pre class="line before"><span class="ws">        </span>WSGI application. This calls :meth:`wsgi_app`, which can be</pre>
[2024-05-29T17:18:29.556+0000] {subprocess.py:93} INFO - <pre class="line before"><span class="ws">        </span>wrapped to apply middleware.</pre>
[2024-05-29T17:18:29.557+0000] {subprocess.py:93} INFO - <pre class="line before"><span class="ws">        </span>&#34;&#34;&#34;</pre>
[2024-05-29T17:18:29.557+0000] {subprocess.py:93} INFO - <pre class="line current"><span class="ws">        </span>return self.wsgi_app(environ, start_response)</pre></div>
[2024-05-29T17:18:29.558+0000] {subprocess.py:93} INFO - </div>
[2024-05-29T17:18:29.558+0000] {subprocess.py:93} INFO - 
[2024-05-29T17:18:29.559+0000] {subprocess.py:93} INFO - <li><div class="frame" id="frame-140474388016704">
[2024-05-29T17:18:29.560+0000] {subprocess.py:93} INFO -   <h4>File <cite class="filename">"/usr/local/lib/python3.9/site-packages/flask/app.py"</cite>,
[2024-05-29T17:18:29.560+0000] {subprocess.py:93} INFO -       line <em class="line">1476</em>,
[2024-05-29T17:18:29.561+0000] {subprocess.py:93} INFO -       in <code class="function">wsgi_app</code></h4>
[2024-05-29T17:18:29.561+0000] {subprocess.py:93} INFO -   <div class="source library"><pre class="line before"><span class="ws">            </span>try:</pre>
[2024-05-29T17:18:29.562+0000] {subprocess.py:93} INFO - <pre class="line before"><span class="ws">                </span>ctx.push()</pre>
[2024-05-29T17:18:29.562+0000] {subprocess.py:93} INFO - <pre class="line before"><span class="ws">                </span>response = self.full_dispatch_request()</pre>
[2024-05-29T17:18:29.563+0000] {subprocess.py:93} INFO - <pre class="line before"><span class="ws">            </span>except Exception as e:</pre>
[2024-05-29T17:18:29.563+0000] {subprocess.py:93} INFO - <pre class="line before"><span class="ws">                </span>error = e</pre>
[2024-05-29T17:18:29.564+0000] {subprocess.py:93} INFO - <pre class="line current"><span class="ws">                </span>response = self.handle_exception(e)</pre>
[2024-05-29T17:18:29.565+0000] {subprocess.py:93} INFO - <pre class="line after"><span class="ws">            </span>except:  # noqa: B001</pre>
[2024-05-29T17:18:29.565+0000] {subprocess.py:93} INFO - <pre class="line after"><span class="ws">                </span>error = sys.exc_info()[1]</pre>
[2024-05-29T17:18:29.565+0000] {subprocess.py:93} INFO - <pre class="line after"><span class="ws">                </span>raise</pre>
[2024-05-29T17:18:29.567+0000] {subprocess.py:93} INFO - <pre class="line after"><span class="ws">            </span>return response(environ, start_response)</pre>
[2024-05-29T17:18:29.568+0000] {subprocess.py:93} INFO - <pre class="line after"><span class="ws">        </span>finally:</pre></div>
[2024-05-29T17:18:29.568+0000] {subprocess.py:93} INFO - </div>
[2024-05-29T17:18:29.569+0000] {subprocess.py:93} INFO - 
[2024-05-29T17:18:29.569+0000] {subprocess.py:93} INFO - <li><div class="frame" id="frame-140474388016816">
[2024-05-29T17:18:29.570+0000] {subprocess.py:93} INFO -   <h4>File <cite class="filename">"/usr/local/lib/python3.9/site-packages/flask/app.py"</cite>,
[2024-05-29T17:18:29.570+0000] {subprocess.py:93} INFO -       line <em class="line">1473</em>,
[2024-05-29T17:18:29.571+0000] {subprocess.py:93} INFO -       in <code class="function">wsgi_app</code></h4>
[2024-05-29T17:18:29.572+0000] {subprocess.py:93} INFO -   <div class="source library"><pre class="line before"><span class="ws">        </span>ctx = self.request_context(environ)</pre>
[2024-05-29T17:18:29.572+0000] {subprocess.py:93} INFO - <pre class="line before"><span class="ws">        </span>error: BaseException | None = None</pre>
[2024-05-29T17:18:29.573+0000] {subprocess.py:93} INFO - <pre class="line before"><span class="ws">        </span>try:</pre>
[2024-05-29T17:18:29.573+0000] {subprocess.py:93} INFO - <pre class="line before"><span class="ws">            </span>try:</pre>
[2024-05-29T17:18:29.574+0000] {subprocess.py:93} INFO - <pre class="line before"><span class="ws">                </span>ctx.push()</pre>
[2024-05-29T17:18:29.574+0000] {subprocess.py:93} INFO - <pre class="line current"><span class="ws">                </span>response = self.full_dispatch_request()</pre>
[2024-05-29T17:18:29.574+0000] {subprocess.py:93} INFO - <pre class="line after"><span class="ws">            </span>except Exception as e:</pre>
[2024-05-29T17:18:29.575+0000] {subprocess.py:93} INFO - <pre class="line after"><span class="ws">                </span>error = e</pre>
[2024-05-29T17:18:29.575+0000] {subprocess.py:93} INFO - <pre class="line after"><span class="ws">                </span>response = self.handle_exception(e)</pre>
[2024-05-29T17:18:29.576+0000] {subprocess.py:93} INFO - <pre class="line after"><span class="ws">            </span>except:  # noqa: B001</pre>
[2024-05-29T17:18:29.576+0000] {subprocess.py:93} INFO - <pre class="line after"><span class="ws">                </span>error = sys.exc_info()[1]</pre></div>
[2024-05-29T17:18:29.577+0000] {subprocess.py:93} INFO - </div>
[2024-05-29T17:18:29.577+0000] {subprocess.py:93} INFO - 
[2024-05-29T17:18:29.578+0000] {subprocess.py:93} INFO - <li><div class="frame" id="frame-140474388016928">
[2024-05-29T17:18:29.578+0000] {subprocess.py:93} INFO -   <h4>File <cite class="filename">"/usr/local/lib/python3.9/site-packages/flask/app.py"</cite>,
[2024-05-29T17:18:29.579+0000] {subprocess.py:93} INFO -       line <em class="line">882</em>,
[2024-05-29T17:18:29.579+0000] {subprocess.py:93} INFO -       in <code class="function">full_dispatch_request</code></h4>
[2024-05-29T17:18:29.580+0000] {subprocess.py:93} INFO -   <div class="source library"><pre class="line before"><span class="ws">            </span>request_started.send(self, _async_wrapper=self.ensure_sync)</pre>
[2024-05-29T17:18:29.581+0000] {subprocess.py:93} INFO - <pre class="line before"><span class="ws">            </span>rv = self.preprocess_request()</pre>
[2024-05-29T17:18:29.581+0000] {subprocess.py:93} INFO - <pre class="line before"><span class="ws">            </span>if rv is None:</pre>
[2024-05-29T17:18:29.582+0000] {subprocess.py:93} INFO - <pre class="line before"><span class="ws">                </span>rv = self.dispatch_request()</pre>
[2024-05-29T17:18:29.582+0000] {subprocess.py:93} INFO - <pre class="line before"><span class="ws">        </span>except Exception as e:</pre>
[2024-05-29T17:18:29.583+0000] {subprocess.py:93} INFO - <pre class="line current"><span class="ws">            </span>rv = self.handle_user_exception(e)</pre>
[2024-05-29T17:18:29.584+0000] {subprocess.py:93} INFO - <pre class="line after"><span class="ws">        </span>return self.finalize_request(rv)</pre>
[2024-05-29T17:18:29.585+0000] {subprocess.py:93} INFO - <pre class="line after"><span class="ws"></span> </pre>
[2024-05-29T17:18:29.585+0000] {subprocess.py:93} INFO - <pre class="line after"><span class="ws">    </span>def finalize_request(</pre>
[2024-05-29T17:18:29.586+0000] {subprocess.py:93} INFO - <pre class="line after"><span class="ws">        </span>self,</pre>
[2024-05-29T17:18:29.587+0000] {subprocess.py:93} INFO - <pre class="line after"><span class="ws">        </span>rv: ft.ResponseReturnValue | HTTPException,</pre></div>
[2024-05-29T17:18:29.588+0000] {subprocess.py:93} INFO - </div>
[2024-05-29T17:18:29.588+0000] {subprocess.py:93} INFO - 
[2024-05-29T17:18:29.589+0000] {subprocess.py:93} INFO - <li><div class="frame" id="frame-140474387542080">
[2024-05-29T17:18:29.589+0000] {subprocess.py:93} INFO -   <h4>File <cite class="filename">"/usr/local/lib/python3.9/site-packages/flask/app.py"</cite>,
[2024-05-29T17:18:29.590+0000] {subprocess.py:93} INFO -       line <em class="line">880</em>,
[2024-05-29T17:18:29.590+0000] {subprocess.py:93} INFO -       in <code class="function">full_dispatch_request</code></h4>
[2024-05-29T17:18:29.591+0000] {subprocess.py:93} INFO -   <div class="source library"><pre class="line before"><span class="ws"></span> </pre>
[2024-05-29T17:18:29.592+0000] {subprocess.py:93} INFO - <pre class="line before"><span class="ws">        </span>try:</pre>
[2024-05-29T17:18:29.592+0000] {subprocess.py:93} INFO - <pre class="line before"><span class="ws">            </span>request_started.send(self, _async_wrapper=self.ensure_sync)</pre>
[2024-05-29T17:18:29.593+0000] {subprocess.py:93} INFO - <pre class="line before"><span class="ws">            </span>rv = self.preprocess_request()</pre>
[2024-05-29T17:18:29.593+0000] {subprocess.py:93} INFO - <pre class="line before"><span class="ws">            </span>if rv is None:</pre>
[2024-05-29T17:18:29.594+0000] {subprocess.py:93} INFO - <pre class="line current"><span class="ws">                </span>rv = self.dispatch_request()</pre>
[2024-05-29T17:18:29.594+0000] {subprocess.py:93} INFO - <pre class="line after"><span class="ws">        </span>except Exception as e:</pre>
[2024-05-29T17:18:29.595+0000] {subprocess.py:93} INFO - <pre class="line after"><span class="ws">            </span>rv = self.handle_user_exception(e)</pre>
[2024-05-29T17:18:29.595+0000] {subprocess.py:93} INFO - <pre class="line after"><span class="ws">        </span>return self.finalize_request(rv)</pre>
[2024-05-29T17:18:29.596+0000] {subprocess.py:93} INFO - <pre class="line after"><span class="ws"></span> </pre>
[2024-05-29T17:18:29.596+0000] {subprocess.py:93} INFO - <pre class="line after"><span class="ws">    </span>def finalize_request(</pre></div>
[2024-05-29T17:18:29.597+0000] {subprocess.py:93} INFO - </div>
[2024-05-29T17:18:29.597+0000] {subprocess.py:93} INFO - 
[2024-05-29T17:18:29.598+0000] {subprocess.py:93} INFO - <li><div class="frame" id="frame-140474387542192">
[2024-05-29T17:18:29.598+0000] {subprocess.py:93} INFO -   <h4>File <cite class="filename">"/usr/local/lib/python3.9/site-packages/flask/app.py"</cite>,
[2024-05-29T17:18:29.599+0000] {subprocess.py:93} INFO -       line <em class="line">865</em>,
[2024-05-29T17:18:29.600+0000] {subprocess.py:93} INFO -       in <code class="function">dispatch_request</code></h4>
[2024-05-29T17:18:29.600+0000] {subprocess.py:93} INFO -   <div class="source library"><pre class="line before"><span class="ws">            </span>and req.method == &#34;OPTIONS&#34;</pre>
[2024-05-29T17:18:29.601+0000] {subprocess.py:93} INFO - <pre class="line before"><span class="ws">        </span>):</pre>
[2024-05-29T17:18:29.601+0000] {subprocess.py:93} INFO - <pre class="line before"><span class="ws">            </span>return self.make_default_options_response()</pre>
[2024-05-29T17:18:29.602+0000] {subprocess.py:93} INFO - <pre class="line before"><span class="ws">        </span># otherwise dispatch to the handler for that endpoint</pre>
[2024-05-29T17:18:29.603+0000] {subprocess.py:93} INFO - <pre class="line before"><span class="ws">        </span>view_args: dict[str, t.Any] = req.view_args  # type: ignore[assignment]</pre>
[2024-05-29T17:18:29.603+0000] {subprocess.py:93} INFO - <pre class="line current"><span class="ws">        </span>return self.ensure_sync(self.view_functions[rule.endpoint])(**view_args)  # type: ignore[no-any-return]</pre>
[2024-05-29T17:18:29.604+0000] {subprocess.py:93} INFO - <pre class="line after"><span class="ws"></span> </pre>
[2024-05-29T17:18:29.604+0000] {subprocess.py:93} INFO - <pre class="line after"><span class="ws">    </span>def full_dispatch_request(self) -&gt; Response:</pre>
[2024-05-29T17:18:29.605+0000] {subprocess.py:93} INFO - <pre class="line after"><span class="ws">        </span>&#34;&#34;&#34;Dispatches the request and on top of that performs request</pre>
[2024-05-29T17:18:29.606+0000] {subprocess.py:93} INFO - <pre class="line after"><span class="ws">        </span>pre and postprocessing as well as HTTP exception catching and</pre>
[2024-05-29T17:18:29.607+0000] {subprocess.py:93} INFO - <pre class="line after"><span class="ws">        </span>error handling.</pre></div>
[2024-05-29T17:18:29.608+0000] {subprocess.py:93} INFO - </div>
[2024-05-29T17:18:29.608+0000] {subprocess.py:93} INFO - 
[2024-05-29T17:18:29.609+0000] {subprocess.py:93} INFO - <li><div class="frame" id="frame-140474387542304">
[2024-05-29T17:18:29.610+0000] {subprocess.py:93} INFO -   <h4>File <cite class="filename">"/app/appflask.py"</cite>,
[2024-05-29T17:18:29.610+0000] {subprocess.py:93} INFO -       line <em class="line">206</em>,
[2024-05-29T17:18:29.611+0000] {subprocess.py:93} INFO -       in <code class="function">check_send_status</code></h4>
[2024-05-29T17:18:29.611+0000] {subprocess.py:93} INFO -   <div class="source "><pre class="line before"><span class="ws">        </span>return str(e)</pre>
[2024-05-29T17:18:29.612+0000] {subprocess.py:93} INFO - <pre class="line before"><span class="ws"></span> </pre>
[2024-05-29T17:18:29.612+0000] {subprocess.py:93} INFO - <pre class="line before"><span class="ws"></span>@app.route(&#39;/check_send_status&#39;, methods=[&#39;GET&#39;])</pre>
[2024-05-29T17:18:29.612+0000] {subprocess.py:93} INFO - <pre class="line before"><span class="ws"></span>def check_send_status():</pre>
[2024-05-29T17:18:29.613+0000] {subprocess.py:93} INFO - <pre class="line before"><span class="ws">    </span>global last_status</pre>
[2024-05-29T17:18:29.613+0000] {subprocess.py:93} INFO - <pre class="line current"><span class="ws">    </span>return jsonify(last_status)</pre>
[2024-05-29T17:18:29.614+0000] {subprocess.py:93} INFO - <pre class="line after"><span class="ws"></span> </pre>
[2024-05-29T17:18:29.614+0000] {subprocess.py:93} INFO - <pre class="line after"><span class="ws"></span>if __name__ == &#39;__main__&#39;:</pre>
[2024-05-29T17:18:29.614+0000] {subprocess.py:93} INFO - <pre class="line after"><span class="ws">    </span>app.run(host=&#39;0.0.0.0&#39;, port=5000, debug=True)</pre></div>
[2024-05-29T17:18:29.615+0000] {subprocess.py:93} INFO - </div>
[2024-05-29T17:18:29.615+0000] {subprocess.py:93} INFO - </ul>
[2024-05-29T17:18:29.616+0000] {subprocess.py:93} INFO -   <blockquote>NameError: name &#39;last_status&#39; is not defined
[2024-05-29T17:18:29.616+0000] {subprocess.py:93} INFO - </blockquote>
[2024-05-29T17:18:29.617+0000] {subprocess.py:93} INFO - </div>
[2024-05-29T17:18:29.617+0000] {subprocess.py:93} INFO - 
[2024-05-29T17:18:29.617+0000] {subprocess.py:93} INFO - <div class="plain">
[2024-05-29T17:18:29.618+0000] {subprocess.py:93} INFO -     <p>
[2024-05-29T17:18:29.618+0000] {subprocess.py:93} INFO -       This is the Copy/Paste friendly version of the traceback.
[2024-05-29T17:18:29.619+0000] {subprocess.py:93} INFO -     </p>
[2024-05-29T17:18:29.619+0000] {subprocess.py:93} INFO -     <textarea cols="50" rows="10" name="code" readonly>Traceback (most recent call last):
[2024-05-29T17:18:29.620+0000] {subprocess.py:93} INFO -   File &#34;/usr/local/lib/python3.9/site-packages/flask/app.py&#34;, line 1498, in __call__
[2024-05-29T17:18:29.620+0000] {subprocess.py:93} INFO -     return self.wsgi_app(environ, start_response)
[2024-05-29T17:18:29.620+0000] {subprocess.py:93} INFO -   File &#34;/usr/local/lib/python3.9/site-packages/flask/app.py&#34;, line 1476, in wsgi_app
[2024-05-29T17:18:29.621+0000] {subprocess.py:93} INFO -     response = self.handle_exception(e)
[2024-05-29T17:18:29.621+0000] {subprocess.py:93} INFO -   File &#34;/usr/local/lib/python3.9/site-packages/flask/app.py&#34;, line 1473, in wsgi_app
[2024-05-29T17:18:29.622+0000] {subprocess.py:93} INFO -     response = self.full_dispatch_request()
[2024-05-29T17:18:29.622+0000] {subprocess.py:93} INFO -   File &#34;/usr/local/lib/python3.9/site-packages/flask/app.py&#34;, line 882, in full_dispatch_request
[2024-05-29T17:18:29.623+0000] {subprocess.py:93} INFO -     rv = self.handle_user_exception(e)
[2024-05-29T17:18:29.623+0000] {subprocess.py:93} INFO -   File &#34;/usr/local/lib/python3.9/site-packages/flask/app.py&#34;, line 880, in full_dispatch_request
[2024-05-29T17:18:29.624+0000] {subprocess.py:93} INFO -     rv = self.dispatch_request()
[2024-05-29T17:18:29.624+0000] {subprocess.py:93} INFO -   File &#34;/usr/local/lib/python3.9/site-packages/flask/app.py&#34;, line 865, in dispatch_request
[2024-05-29T17:18:29.625+0000] {subprocess.py:93} INFO -     return self.ensure_sync(self.view_functions[rule.endpoint])(**view_args)  # type: ignore[no-any-return]
[2024-05-29T17:18:29.625+0000] {subprocess.py:93} INFO -   File &#34;/app/appflask.py&#34;, line 206, in check_send_status
[2024-05-29T17:18:29.625+0000] {subprocess.py:93} INFO -     return jsonify(last_status)
[2024-05-29T17:18:29.626+0000] {subprocess.py:93} INFO - NameError: name &#39;last_status&#39; is not defined
[2024-05-29T17:18:29.626+0000] {subprocess.py:93} INFO - </textarea>
[2024-05-29T17:18:29.627+0000] {subprocess.py:93} INFO - </div>
[2024-05-29T17:18:29.627+0000] {subprocess.py:93} INFO - <div class="explanation">
[2024-05-29T17:18:29.628+0000] {subprocess.py:93} INFO -   The debugger caught an exception in your WSGI application.  You can now
[2024-05-29T17:18:29.628+0000] {subprocess.py:93} INFO -   look at the traceback which led to the error.  <span class="nojavascript">
[2024-05-29T17:18:29.628+0000] {subprocess.py:93} INFO -   If you enable JavaScript you can also use additional features such as code
[2024-05-29T17:18:29.629+0000] {subprocess.py:93} INFO -   execution (if the evalex feature is enabled), automatic pasting of the
[2024-05-29T17:18:29.629+0000] {subprocess.py:93} INFO -   exceptions and much more.</span>
[2024-05-29T17:18:29.630+0000] {subprocess.py:93} INFO - </div>
[2024-05-29T17:18:29.630+0000] {subprocess.py:93} INFO -       <div class="footer">
[2024-05-29T17:18:29.631+0000] {subprocess.py:93} INFO -         Brought to you by <strong class="arthur">DON'T PANIC</strong>, your
[2024-05-29T17:18:29.631+0000] {subprocess.py:93} INFO -         friendly Werkzeug powered traceback interpreter.
[2024-05-29T17:18:29.631+0000] {subprocess.py:93} INFO -       </div>
[2024-05-29T17:18:29.632+0000] {subprocess.py:93} INFO -     </div>
[2024-05-29T17:18:29.632+0000] {subprocess.py:93} INFO - 
[2024-05-29T17:18:29.633+0000] {subprocess.py:93} INFO -     <div class="pin-prompt">
[2024-05-29T17:18:29.633+0000] {subprocess.py:93} INFO -       <div class="inner">
[2024-05-29T17:18:29.634+0000] {subprocess.py:93} INFO -         <h3>Console Locked</h3>
[2024-05-29T17:18:29.634+0000] {subprocess.py:93} INFO -         <p>
[2024-05-29T17:18:29.634+0000] {subprocess.py:93} INFO -           The console is locked and needs to be unlocked by entering the PIN.
[2024-05-29T17:18:29.635+0000] {subprocess.py:93} INFO -           You can find the PIN printed out on the standard output of your
[2024-05-29T17:18:29.635+0000] {subprocess.py:93} INFO -           shell that runs the server.
[2024-05-29T17:18:29.636+0000] {subprocess.py:93} INFO -         <form>
[2024-05-29T17:18:29.636+0000] {subprocess.py:93} INFO -           <p>PIN:
[2024-05-29T17:18:29.636+0000] {subprocess.py:93} INFO -             <input type=text name=pin size=14>
[2024-05-29T17:18:29.637+0000] {subprocess.py:93} INFO -             <input type=submit name=btn value="Confirm Pin">
[2024-05-29T17:18:29.637+0000] {subprocess.py:93} INFO -         </form>
[2024-05-29T17:18:29.638+0000] {subprocess.py:93} INFO -       </div>
[2024-05-29T17:18:29.638+0000] {subprocess.py:93} INFO -     </div>
[2024-05-29T17:18:29.638+0000] {subprocess.py:93} INFO -   </body>
[2024-05-29T17:18:29.639+0000] {subprocess.py:93} INFO - </html>
[2024-05-29T17:18:29.639+0000] {subprocess.py:93} INFO - 
[2024-05-29T17:18:29.640+0000] {subprocess.py:93} INFO - <!--
[2024-05-29T17:18:29.640+0000] {subprocess.py:93} INFO - 
[2024-05-29T17:18:29.640+0000] {subprocess.py:93} INFO - Traceback (most recent call last):
[2024-05-29T17:18:29.641+0000] {subprocess.py:93} INFO -   File "/usr/local/lib/python3.9/site-packages/flask/app.py", line 1498, in __call__
[2024-05-29T17:18:29.641+0000] {subprocess.py:93} INFO -     return self.wsgi_app(environ, start_response)
[2024-05-29T17:18:29.642+0000] {subprocess.py:93} INFO -   File "/usr/local/lib/python3.9/site-packages/flask/app.py", line 1476, in wsgi_app
[2024-05-29T17:18:29.642+0000] {subprocess.py:93} INFO -     response = self.handle_exception(e)
[2024-05-29T17:18:29.643+0000] {subprocess.py:93} INFO -   File "/usr/local/lib/python3.9/site-packages/flask/app.py", line 1473, in wsgi_app
[2024-05-29T17:18:29.643+0000] {subprocess.py:93} INFO -     response = self.full_dispatch_request()
[2024-05-29T17:18:29.644+0000] {subprocess.py:93} INFO -   File "/usr/local/lib/python3.9/site-packages/flask/app.py", line 882, in full_dispatch_r100 12805  100 12805    0     0  1455k      0 --:--:-- --:--:-- --:--:-- 1563k
[2024-05-29T17:18:29.644+0000] {subprocess.py:93} INFO - equest
[2024-05-29T17:18:29.644+0000] {subprocess.py:93} INFO -     rv = self.handle_user_exception(e)
[2024-05-29T17:18:29.645+0000] {subprocess.py:93} INFO -   File "/usr/local/lib/python3.9/site-packages/flask/app.py", line 880, in full_dispatch_request
[2024-05-29T17:18:29.645+0000] {subprocess.py:93} INFO -     rv = self.dispatch_request()
[2024-05-29T17:18:29.646+0000] {subprocess.py:93} INFO -   File "/usr/local/lib/python3.9/site-packages/flask/app.py", line 865, in dispatch_request
[2024-05-29T17:18:29.646+0000] {subprocess.py:93} INFO -     return self.ensure_sync(self.view_functions[rule.endpoint])(**view_args)  # type: ignore[no-any-return]
[2024-05-29T17:18:29.647+0000] {subprocess.py:93} INFO -   File "/app/appflask.py", line 206, in check_send_status
[2024-05-29T17:18:29.647+0000] {subprocess.py:93} INFO -     return jsonify(last_status)
[2024-05-29T17:18:29.648+0000] {subprocess.py:93} INFO - NameError: name 'last_status' is not defined
[2024-05-29T17:18:29.649+0000] {subprocess.py:93} INFO - 
[2024-05-29T17:18:29.649+0000] {subprocess.py:93} INFO - 
[2024-05-29T17:18:29.650+0000] {subprocess.py:93} INFO - -->
[2024-05-29T17:18:29.650+0000] {subprocess.py:97} INFO - Command exited with return code 0
[2024-05-29T17:18:29.653+0000] {taskinstance.py:441} INFO - ::group::Post task execution logs
[2024-05-29T17:18:29.717+0000] {taskinstance.py:1206} INFO - Marking task as SUCCESS. dag_id=flask_monitoring, task_id=check_flask_health, run_id=scheduled__2024-05-28T02:00:00+00:00, execution_date=20240528T020000, start_date=20240529T171828, end_date=20240529T171829
[2024-05-29T17:18:29.925+0000] {local_task_job_runner.py:240} INFO - Task exited with return code 0
[2024-05-29T17:18:30.006+0000] {taskinstance.py:3498} INFO - 1 downstream tasks scheduled from follow-on schedule check
[2024-05-29T17:18:30.024+0000] {local_task_job_runner.py:222} INFO - ::endgroup::
