[2024-06-02T10:44:17.298+0000] {local_task_job_runner.py:120} INFO - ::group::Pre task execution logs
[2024-06-02T10:44:17.363+0000] {taskinstance.py:2076} INFO - Dependencies all met for dep_context=non-requeueable deps ti=<TaskInstance: dag_with_docker_operator.check_status scheduled__2024-06-02T04:30:00+00:00 [queued]>
[2024-06-02T10:44:17.387+0000] {taskinstance.py:2076} INFO - Dependencies all met for dep_context=requeueable deps ti=<TaskInstance: dag_with_docker_operator.check_status scheduled__2024-06-02T04:30:00+00:00 [queued]>
[2024-06-02T10:44:17.388+0000] {taskinstance.py:2306} INFO - Starting attempt 1 of 2
[2024-06-02T10:44:17.586+0000] {taskinstance.py:2330} INFO - Executing <Task(PythonOperator): check_status> on 2024-06-02 04:30:00+00:00
[2024-06-02T10:44:17.593+0000] {standard_task_runner.py:63} INFO - Started process 1130 to run task
[2024-06-02T10:44:17.597+0000] {standard_task_runner.py:90} INFO - Running: ['airflow', 'tasks', 'run', 'dag_with_docker_operator', 'check_status', 'scheduled__2024-06-02T04:30:00+00:00', '--job-id', '873', '--raw', '--subdir', 'DAGS_FOLDER/dag_with_docker_operator.py', '--cfg-path', '/tmp/tmp33rpthmn']
[2024-06-02T10:44:17.600+0000] {standard_task_runner.py:91} INFO - Job 873: Subtask check_status
[2024-06-02T10:44:17.787+0000] {task_command.py:426} INFO - Running <TaskInstance: dag_with_docker_operator.check_status scheduled__2024-06-02T04:30:00+00:00 [running]> on host 9c47fcd741af
[2024-06-02T10:44:18.016+0000] {taskinstance.py:2648} INFO - Exporting env vars: AIRFLOW_CTX_DAG_OWNER='airflow' AIRFLOW_CTX_DAG_ID='dag_with_docker_operator' AIRFLOW_CTX_TASK_ID='check_status' AIRFLOW_CTX_EXECUTION_DATE='2024-06-02T04:30:00+00:00' AIRFLOW_CTX_TRY_NUMBER='1' AIRFLOW_CTX_DAG_RUN_ID='scheduled__2024-06-02T04:30:00+00:00'
[2024-06-02T10:44:18.017+0000] {taskinstance.py:430} INFO - ::endgroup::
[2024-06-02T10:44:18.054+0000] {python.py:237} INFO - Done. Returned value was: {'status': 'success'}
[2024-06-02T10:44:18.055+0000] {taskinstance.py:441} INFO - ::group::Post task execution logs
[2024-06-02T10:44:18.118+0000] {taskinstance.py:1206} INFO - Marking task as SUCCESS. dag_id=dag_with_docker_operator, task_id=check_status, run_id=scheduled__2024-06-02T04:30:00+00:00, execution_date=20240602T043000, start_date=20240602T104417, end_date=20240602T104418
[2024-06-02T10:44:18.178+0000] {local_task_job_runner.py:240} INFO - Task exited with return code 0
[2024-06-02T10:44:18.217+0000] {taskinstance.py:3498} INFO - 0 downstream tasks scheduled from follow-on schedule check
[2024-06-02T10:44:18.219+0000] {local_task_job_runner.py:222} INFO - ::endgroup::
[2024-06-02T11:44:00.103+0000] {local_task_job_runner.py:120} INFO - ::group::Pre task execution logs
[2024-06-02T11:44:00.144+0000] {taskinstance.py:2076} INFO - Dependencies all met for dep_context=non-requeueable deps ti=<TaskInstance: dag_with_docker_operator.check_status scheduled__2024-06-02T04:30:00+00:00 [queued]>
[2024-06-02T11:44:00.162+0000] {taskinstance.py:2076} INFO - Dependencies all met for dep_context=requeueable deps ti=<TaskInstance: dag_with_docker_operator.check_status scheduled__2024-06-02T04:30:00+00:00 [queued]>
[2024-06-02T11:44:00.162+0000] {taskinstance.py:2306} INFO - Starting attempt 1 of 2
[2024-06-02T11:44:00.298+0000] {taskinstance.py:2330} INFO - Executing <Task(PythonOperator): check_status> on 2024-06-02 04:30:00+00:00
[2024-06-02T11:44:00.304+0000] {standard_task_runner.py:63} INFO - Started process 2055 to run task
[2024-06-02T11:44:00.307+0000] {standard_task_runner.py:90} INFO - Running: ['airflow', 'tasks', 'run', 'dag_with_docker_operator', 'check_status', 'scheduled__2024-06-02T04:30:00+00:00', '--job-id', '873', '--raw', '--subdir', 'DAGS_FOLDER/dag_with_docker_operator.py', '--cfg-path', '/tmp/tmpttr1bdnn']
[2024-06-02T11:44:00.309+0000] {standard_task_runner.py:91} INFO - Job 873: Subtask check_status
[2024-06-02T11:44:00.430+0000] {task_command.py:426} INFO - Running <TaskInstance: dag_with_docker_operator.check_status scheduled__2024-06-02T04:30:00+00:00 [running]> on host 9c47fcd741af
[2024-06-02T11:44:00.643+0000] {taskinstance.py:2648} INFO - Exporting env vars: AIRFLOW_CTX_DAG_OWNER='airflow' AIRFLOW_CTX_DAG_ID='dag_with_docker_operator' AIRFLOW_CTX_TASK_ID='check_status' AIRFLOW_CTX_EXECUTION_DATE='2024-06-02T04:30:00+00:00' AIRFLOW_CTX_TRY_NUMBER='1' AIRFLOW_CTX_DAG_RUN_ID='scheduled__2024-06-02T04:30:00+00:00'
[2024-06-02T11:44:00.645+0000] {taskinstance.py:430} INFO - ::endgroup::
[2024-06-02T11:44:00.672+0000] {python.py:237} INFO - Done. Returned value was: {'status': 'failed'}
[2024-06-02T11:44:00.673+0000] {taskinstance.py:441} INFO - ::group::Post task execution logs
[2024-06-02T11:44:00.757+0000] {taskinstance.py:1206} INFO - Marking task as SUCCESS. dag_id=dag_with_docker_operator, task_id=check_status, run_id=scheduled__2024-06-02T04:30:00+00:00, execution_date=20240602T043000, start_date=20240602T114400, end_date=20240602T114400
[2024-06-02T11:44:00.805+0000] {local_task_job_runner.py:240} INFO - Task exited with return code 0
[2024-06-02T11:44:00.828+0000] {taskinstance.py:3498} INFO - 0 downstream tasks scheduled from follow-on schedule check
[2024-06-02T11:44:00.830+0000] {local_task_job_runner.py:222} INFO - ::endgroup::
[2024-06-02T12:44:57.270+0000] {local_task_job_runner.py:120} INFO - ::group::Pre task execution logs
[2024-06-02T12:44:57.333+0000] {taskinstance.py:2076} INFO - Dependencies all met for dep_context=non-requeueable deps ti=<TaskInstance: dag_with_docker_operator.check_status scheduled__2024-06-02T04:30:00+00:00 [queued]>
[2024-06-02T12:44:57.353+0000] {taskinstance.py:2076} INFO - Dependencies all met for dep_context=requeueable deps ti=<TaskInstance: dag_with_docker_operator.check_status scheduled__2024-06-02T04:30:00+00:00 [queued]>
[2024-06-02T12:44:57.355+0000] {taskinstance.py:2306} INFO - Starting attempt 1 of 2
[2024-06-02T12:44:57.401+0000] {taskinstance.py:2330} INFO - Executing <Task(PythonOperator): check_status> on 2024-06-02 04:30:00+00:00
[2024-06-02T12:44:57.407+0000] {standard_task_runner.py:63} INFO - Started process 3654 to run task
[2024-06-02T12:44:57.411+0000] {standard_task_runner.py:90} INFO - Running: ['airflow', 'tasks', 'run', 'dag_with_docker_operator', 'check_status', 'scheduled__2024-06-02T04:30:00+00:00', '--job-id', '927', '--raw', '--subdir', 'DAGS_FOLDER/dag_with_docker_operator.py', '--cfg-path', '/tmp/tmppvqiv5yq']
[2024-06-02T12:44:57.413+0000] {standard_task_runner.py:91} INFO - Job 927: Subtask check_status
[2024-06-02T12:44:57.668+0000] {task_command.py:426} INFO - Running <TaskInstance: dag_with_docker_operator.check_status scheduled__2024-06-02T04:30:00+00:00 [running]> on host 9c47fcd741af
[2024-06-02T12:44:57.913+0000] {taskinstance.py:2648} INFO - Exporting env vars: AIRFLOW_CTX_DAG_OWNER='airflow' AIRFLOW_CTX_DAG_ID='dag_with_docker_operator' AIRFLOW_CTX_TASK_ID='check_status' AIRFLOW_CTX_EXECUTION_DATE='2024-06-02T04:30:00+00:00' AIRFLOW_CTX_TRY_NUMBER='1' AIRFLOW_CTX_DAG_RUN_ID='scheduled__2024-06-02T04:30:00+00:00'
[2024-06-02T12:44:57.915+0000] {taskinstance.py:430} INFO - ::endgroup::
[2024-06-02T12:44:57.937+0000] {taskinstance.py:441} INFO - ::group::Post task execution logs
[2024-06-02T12:44:57.938+0000] {taskinstance.py:2905} ERROR - Task failed with exception
Traceback (most recent call last):
  File "/home/airflow/.local/lib/python3.12/site-packages/airflow/models/taskinstance.py", line 465, in _execute_task
    result = _execute_callable(context=context, **execute_callable_kwargs)
             ^^^^^^^^^^^^^^^^^^^^^^^^^^^^^^^^^^^^^^^^^^^^^^^^^^^^^^^^^^^^^
  File "/home/airflow/.local/lib/python3.12/site-packages/airflow/models/taskinstance.py", line 432, in _execute_callable
    return execute_callable(context=context, **execute_callable_kwargs)
           ^^^^^^^^^^^^^^^^^^^^^^^^^^^^^^^^^^^^^^^^^^^^^^^^^^^^^^^^^^^^
  File "/home/airflow/.local/lib/python3.12/site-packages/airflow/models/baseoperator.py", line 400, in wrapper
    return func(self, *args, **kwargs)
           ^^^^^^^^^^^^^^^^^^^^^^^^^^^
  File "/home/airflow/.local/lib/python3.12/site-packages/airflow/operators/python.py", line 235, in execute
    return_value = self.execute_callable()
                   ^^^^^^^^^^^^^^^^^^^^^^^
  File "/home/airflow/.local/lib/python3.12/site-packages/airflow/operators/python.py", line 252, in execute_callable
    return self.python_callable(*self.op_args, **self.op_kwargs)
           ^^^^^^^^^^^^^^^^^^^^^^^^^^^^^^^^^^^^^^^^^^^^^^^^^^^^^
  File "/opt/airflow/dags/dag_with_docker_operator.py", line 24, in check_send_status
    raise ValueError(f"Request returned non-success status: {response_json.get('status')}")
ValueError: Request returned non-success status: failed
[2024-06-02T12:44:57.980+0000] {taskinstance.py:1206} INFO - Marking task as UP_FOR_RETRY. dag_id=dag_with_docker_operator, task_id=check_status, run_id=scheduled__2024-06-02T04:30:00+00:00, execution_date=20240602T043000, start_date=20240602T124457, end_date=20240602T124457
[2024-06-02T12:44:58.132+0000] {standard_task_runner.py:110} ERROR - Failed to execute job 927 for task check_status (Request returned non-success status: failed; 3654)
[2024-06-02T12:44:58.150+0000] {local_task_job_runner.py:240} INFO - Task exited with return code 1
[2024-06-02T12:44:58.291+0000] {taskinstance.py:3498} INFO - 0 downstream tasks scheduled from follow-on schedule check
[2024-06-02T12:44:58.293+0000] {local_task_job_runner.py:222} INFO - ::endgroup::
