[2024-06-02T10:42:00.086+0000] {local_task_job_runner.py:120} INFO - ::group::Pre task execution logs
[2024-06-02T10:42:00.133+0000] {taskinstance.py:2076} INFO - Dependencies all met for dep_context=non-requeueable deps ti=<TaskInstance: dag_with_docker_operator.check_status scheduled__2024-06-02T01:00:00+00:00 [queued]>
[2024-06-02T10:42:00.157+0000] {taskinstance.py:2076} INFO - Dependencies all met for dep_context=requeueable deps ti=<TaskInstance: dag_with_docker_operator.check_status scheduled__2024-06-02T01:00:00+00:00 [queued]>
[2024-06-02T10:42:00.158+0000] {taskinstance.py:2306} INFO - Starting attempt 1 of 2
[2024-06-02T10:42:00.499+0000] {taskinstance.py:2330} INFO - Executing <Task(PythonOperator): check_status> on 2024-06-02 01:00:00+00:00
[2024-06-02T10:42:00.508+0000] {standard_task_runner.py:63} INFO - Started process 1053 to run task
[2024-06-02T10:42:00.513+0000] {standard_task_runner.py:90} INFO - Running: ['airflow', 'tasks', 'run', 'dag_with_docker_operator', 'check_status', 'scheduled__2024-06-02T01:00:00+00:00', '--job-id', '859', '--raw', '--subdir', 'DAGS_FOLDER/dag_with_docker_operator.py', '--cfg-path', '/tmp/tmpky20ojch']
[2024-06-02T10:42:00.521+0000] {standard_task_runner.py:91} INFO - Job 859: Subtask check_status
[2024-06-02T10:42:00.996+0000] {task_command.py:426} INFO - Running <TaskInstance: dag_with_docker_operator.check_status scheduled__2024-06-02T01:00:00+00:00 [running]> on host 9c47fcd741af
[2024-06-02T10:42:01.269+0000] {taskinstance.py:2648} INFO - Exporting env vars: AIRFLOW_CTX_DAG_OWNER='airflow' AIRFLOW_CTX_DAG_ID='dag_with_docker_operator' AIRFLOW_CTX_TASK_ID='check_status' AIRFLOW_CTX_EXECUTION_DATE='2024-06-02T01:00:00+00:00' AIRFLOW_CTX_TRY_NUMBER='1' AIRFLOW_CTX_DAG_RUN_ID='scheduled__2024-06-02T01:00:00+00:00'
[2024-06-02T10:42:01.271+0000] {taskinstance.py:430} INFO - ::endgroup::
[2024-06-02T10:42:01.311+0000] {python.py:237} INFO - Done. Returned value was: {'status': 'success'}
[2024-06-02T10:42:01.313+0000] {taskinstance.py:441} INFO - ::group::Post task execution logs
[2024-06-02T10:42:01.378+0000] {taskinstance.py:1206} INFO - Marking task as SUCCESS. dag_id=dag_with_docker_operator, task_id=check_status, run_id=scheduled__2024-06-02T01:00:00+00:00, execution_date=20240602T010000, start_date=20240602T104200, end_date=20240602T104201
[2024-06-02T10:42:01.458+0000] {local_task_job_runner.py:240} INFO - Task exited with return code 0
[2024-06-02T10:42:01.487+0000] {taskinstance.py:3498} INFO - 0 downstream tasks scheduled from follow-on schedule check
[2024-06-02T10:42:01.490+0000] {local_task_job_runner.py:222} INFO - ::endgroup::
[2024-06-02T11:41:12.669+0000] {local_task_job_runner.py:120} INFO - ::group::Pre task execution logs
[2024-06-02T11:41:12.714+0000] {taskinstance.py:2076} INFO - Dependencies all met for dep_context=non-requeueable deps ti=<TaskInstance: dag_with_docker_operator.check_status scheduled__2024-06-02T01:00:00+00:00 [queued]>
[2024-06-02T11:41:12.732+0000] {taskinstance.py:2076} INFO - Dependencies all met for dep_context=requeueable deps ti=<TaskInstance: dag_with_docker_operator.check_status scheduled__2024-06-02T01:00:00+00:00 [queued]>
[2024-06-02T11:41:12.733+0000] {taskinstance.py:2306} INFO - Starting attempt 1 of 2
[2024-06-02T11:41:12.918+0000] {taskinstance.py:2330} INFO - Executing <Task(PythonOperator): check_status> on 2024-06-02 01:00:00+00:00
[2024-06-02T11:41:12.925+0000] {standard_task_runner.py:63} INFO - Started process 1972 to run task
[2024-06-02T11:41:12.928+0000] {standard_task_runner.py:90} INFO - Running: ['airflow', 'tasks', 'run', 'dag_with_docker_operator', 'check_status', 'scheduled__2024-06-02T01:00:00+00:00', '--job-id', '858', '--raw', '--subdir', 'DAGS_FOLDER/dag_with_docker_operator.py', '--cfg-path', '/tmp/tmpw06h7wuw']
[2024-06-02T11:41:12.930+0000] {standard_task_runner.py:91} INFO - Job 858: Subtask check_status
[2024-06-02T11:41:13.037+0000] {task_command.py:426} INFO - Running <TaskInstance: dag_with_docker_operator.check_status scheduled__2024-06-02T01:00:00+00:00 [running]> on host 9c47fcd741af
[2024-06-02T11:41:13.393+0000] {taskinstance.py:2648} INFO - Exporting env vars: AIRFLOW_CTX_DAG_OWNER='airflow' AIRFLOW_CTX_DAG_ID='dag_with_docker_operator' AIRFLOW_CTX_TASK_ID='check_status' AIRFLOW_CTX_EXECUTION_DATE='2024-06-02T01:00:00+00:00' AIRFLOW_CTX_TRY_NUMBER='1' AIRFLOW_CTX_DAG_RUN_ID='scheduled__2024-06-02T01:00:00+00:00'
[2024-06-02T11:41:13.395+0000] {taskinstance.py:430} INFO - ::endgroup::
[2024-06-02T11:41:13.422+0000] {python.py:237} INFO - Done. Returned value was: {'status': 'failed'}
[2024-06-02T11:41:13.423+0000] {taskinstance.py:441} INFO - ::group::Post task execution logs
[2024-06-02T11:41:13.475+0000] {taskinstance.py:1206} INFO - Marking task as SUCCESS. dag_id=dag_with_docker_operator, task_id=check_status, run_id=scheduled__2024-06-02T01:00:00+00:00, execution_date=20240602T010000, start_date=20240602T114112, end_date=20240602T114113
[2024-06-02T11:41:13.623+0000] {local_task_job_runner.py:240} INFO - Task exited with return code 0
[2024-06-02T11:41:13.652+0000] {taskinstance.py:3498} INFO - 0 downstream tasks scheduled from follow-on schedule check
[2024-06-02T11:41:13.654+0000] {local_task_job_runner.py:222} INFO - ::endgroup::
[2024-06-02T12:40:40.721+0000] {local_task_job_runner.py:120} INFO - ::group::Pre task execution logs
[2024-06-02T12:40:40.778+0000] {taskinstance.py:2076} INFO - Dependencies all met for dep_context=non-requeueable deps ti=<TaskInstance: dag_with_docker_operator.check_status scheduled__2024-06-02T01:00:00+00:00 [queued]>
[2024-06-02T12:40:40.799+0000] {taskinstance.py:2076} INFO - Dependencies all met for dep_context=requeueable deps ti=<TaskInstance: dag_with_docker_operator.check_status scheduled__2024-06-02T01:00:00+00:00 [queued]>
[2024-06-02T12:40:40.801+0000] {taskinstance.py:2306} INFO - Starting attempt 1 of 2
[2024-06-02T12:40:40.854+0000] {taskinstance.py:2330} INFO - Executing <Task(PythonOperator): check_status> on 2024-06-02 01:00:00+00:00
[2024-06-02T12:40:40.860+0000] {standard_task_runner.py:63} INFO - Started process 3539 to run task
[2024-06-02T12:40:40.863+0000] {standard_task_runner.py:90} INFO - Running: ['airflow', 'tasks', 'run', 'dag_with_docker_operator', 'check_status', 'scheduled__2024-06-02T01:00:00+00:00', '--job-id', '906', '--raw', '--subdir', 'DAGS_FOLDER/dag_with_docker_operator.py', '--cfg-path', '/tmp/tmphg5bxcim']
[2024-06-02T12:40:40.865+0000] {standard_task_runner.py:91} INFO - Job 906: Subtask check_status
[2024-06-02T12:40:41.409+0000] {task_command.py:426} INFO - Running <TaskInstance: dag_with_docker_operator.check_status scheduled__2024-06-02T01:00:00+00:00 [running]> on host 9c47fcd741af
[2024-06-02T12:40:41.893+0000] {taskinstance.py:2648} INFO - Exporting env vars: AIRFLOW_CTX_DAG_OWNER='airflow' AIRFLOW_CTX_DAG_ID='dag_with_docker_operator' AIRFLOW_CTX_TASK_ID='check_status' AIRFLOW_CTX_EXECUTION_DATE='2024-06-02T01:00:00+00:00' AIRFLOW_CTX_TRY_NUMBER='1' AIRFLOW_CTX_DAG_RUN_ID='scheduled__2024-06-02T01:00:00+00:00'
[2024-06-02T12:40:41.895+0000] {taskinstance.py:430} INFO - ::endgroup::
[2024-06-02T12:40:41.924+0000] {taskinstance.py:441} INFO - ::group::Post task execution logs
[2024-06-02T12:40:41.925+0000] {taskinstance.py:2905} ERROR - Task failed with exception
Traceback (most recent call last):
  File "/home/airflow/.local/lib/python3.12/site-packages/airflow/models/taskinstance.py", line 465, in _execute_task
    result = _execute_callable(context=context, **execute_callable_kwargs)
             ^^^^^^^^^^^^^^^^^^^^^^^^^^^^^^^^^^^^^^^^^^^^^^^^^^^^^^^^^^^^^
  File "/home/airflow/.local/lib/python3.12/site-packages/airflow/models/taskinstance.py", line 432, in _execute_callable
    return execute_callable(context=context, **execute_callable_kwargs)
           ^^^^^^^^^^^^^^^^^^^^^^^^^^^^^^^^^^^^^^^^^^^^^^^^^^^^^^^^^^^^
  File "/home/airflow/.local/lib/python3.12/site-packages/airflow/models/baseoperator.py", line 400, in wrapper
    return func(self, *args, **kwargs)
           ^^^^^^^^^^^^^^^^^^^^^^^^^^^
  File "/home/airflow/.local/lib/python3.12/site-packages/airflow/operators/python.py", line 235, in execute
    return_value = self.execute_callable()
                   ^^^^^^^^^^^^^^^^^^^^^^^
  File "/home/airflow/.local/lib/python3.12/site-packages/airflow/operators/python.py", line 252, in execute_callable
    return self.python_callable(*self.op_args, **self.op_kwargs)
           ^^^^^^^^^^^^^^^^^^^^^^^^^^^^^^^^^^^^^^^^^^^^^^^^^^^^^
  File "/opt/airflow/dags/dag_with_docker_operator.py", line 24, in check_send_status
    raise ValueError(f"Request returned non-success status: {response_json.get('status')}")
ValueError: Request returned non-success status: failed
[2024-06-02T12:40:42.048+0000] {taskinstance.py:1206} INFO - Marking task as UP_FOR_RETRY. dag_id=dag_with_docker_operator, task_id=check_status, run_id=scheduled__2024-06-02T01:00:00+00:00, execution_date=20240602T010000, start_date=20240602T124040, end_date=20240602T124042
[2024-06-02T12:40:42.249+0000] {standard_task_runner.py:110} ERROR - Failed to execute job 906 for task check_status (Request returned non-success status: failed; 3539)
[2024-06-02T12:40:42.286+0000] {local_task_job_runner.py:240} INFO - Task exited with return code 1
[2024-06-02T12:40:42.537+0000] {taskinstance.py:3498} INFO - 0 downstream tasks scheduled from follow-on schedule check
[2024-06-02T12:40:42.542+0000] {local_task_job_runner.py:222} INFO - ::endgroup::
