[2024-06-02T10:46:01.195+0000] {local_task_job_runner.py:120} INFO - ::group::Pre task execution logs
[2024-06-02T10:46:01.339+0000] {taskinstance.py:2076} INFO - Dependencies all met for dep_context=non-requeueable deps ti=<TaskInstance: dag_with_docker_operator.check_status scheduled__2024-06-02T07:30:00+00:00 [queued]>
[2024-06-02T10:46:01.378+0000] {taskinstance.py:2076} INFO - Dependencies all met for dep_context=requeueable deps ti=<TaskInstance: dag_with_docker_operator.check_status scheduled__2024-06-02T07:30:00+00:00 [queued]>
[2024-06-02T10:46:01.380+0000] {taskinstance.py:2306} INFO - Starting attempt 1 of 2
[2024-06-02T10:46:01.545+0000] {taskinstance.py:2330} INFO - Executing <Task(PythonOperator): check_status> on 2024-06-02 07:30:00+00:00
[2024-06-02T10:46:01.551+0000] {standard_task_runner.py:63} INFO - Started process 1196 to run task
[2024-06-02T10:46:01.555+0000] {standard_task_runner.py:90} INFO - Running: ['airflow', 'tasks', 'run', 'dag_with_docker_operator', 'check_status', 'scheduled__2024-06-02T07:30:00+00:00', '--job-id', '885', '--raw', '--subdir', 'DAGS_FOLDER/dag_with_docker_operator.py', '--cfg-path', '/tmp/tmp64c8szek']
[2024-06-02T10:46:01.558+0000] {standard_task_runner.py:91} INFO - Job 885: Subtask check_status
[2024-06-02T10:46:01.658+0000] {task_command.py:426} INFO - Running <TaskInstance: dag_with_docker_operator.check_status scheduled__2024-06-02T07:30:00+00:00 [running]> on host 9c47fcd741af
[2024-06-02T10:46:01.894+0000] {taskinstance.py:2648} INFO - Exporting env vars: AIRFLOW_CTX_DAG_OWNER='airflow' AIRFLOW_CTX_DAG_ID='dag_with_docker_operator' AIRFLOW_CTX_TASK_ID='check_status' AIRFLOW_CTX_EXECUTION_DATE='2024-06-02T07:30:00+00:00' AIRFLOW_CTX_TRY_NUMBER='1' AIRFLOW_CTX_DAG_RUN_ID='scheduled__2024-06-02T07:30:00+00:00'
[2024-06-02T10:46:01.896+0000] {taskinstance.py:430} INFO - ::endgroup::
[2024-06-02T10:46:01.934+0000] {python.py:237} INFO - Done. Returned value was: {'status': 'success'}
[2024-06-02T10:46:01.935+0000] {taskinstance.py:441} INFO - ::group::Post task execution logs
[2024-06-02T10:46:01.995+0000] {taskinstance.py:1206} INFO - Marking task as SUCCESS. dag_id=dag_with_docker_operator, task_id=check_status, run_id=scheduled__2024-06-02T07:30:00+00:00, execution_date=20240602T073000, start_date=20240602T104601, end_date=20240602T104601
[2024-06-02T10:46:02.089+0000] {local_task_job_runner.py:240} INFO - Task exited with return code 0
[2024-06-02T10:46:02.118+0000] {taskinstance.py:3498} INFO - 0 downstream tasks scheduled from follow-on schedule check
[2024-06-02T10:46:02.121+0000] {local_task_job_runner.py:222} INFO - ::endgroup::
[2024-06-02T11:45:44.400+0000] {local_task_job_runner.py:120} INFO - ::group::Pre task execution logs
[2024-06-02T11:45:44.464+0000] {taskinstance.py:2076} INFO - Dependencies all met for dep_context=non-requeueable deps ti=<TaskInstance: dag_with_docker_operator.check_status scheduled__2024-06-02T07:30:00+00:00 [queued]>
[2024-06-02T11:45:44.496+0000] {taskinstance.py:2076} INFO - Dependencies all met for dep_context=requeueable deps ti=<TaskInstance: dag_with_docker_operator.check_status scheduled__2024-06-02T07:30:00+00:00 [queued]>
[2024-06-02T11:45:44.498+0000] {taskinstance.py:2306} INFO - Starting attempt 1 of 2
[2024-06-02T11:45:44.676+0000] {taskinstance.py:2330} INFO - Executing <Task(PythonOperator): check_status> on 2024-06-02 07:30:00+00:00
[2024-06-02T11:45:44.684+0000] {standard_task_runner.py:63} INFO - Started process 2116 to run task
[2024-06-02T11:45:44.687+0000] {standard_task_runner.py:90} INFO - Running: ['airflow', 'tasks', 'run', 'dag_with_docker_operator', 'check_status', 'scheduled__2024-06-02T07:30:00+00:00', '--job-id', '884', '--raw', '--subdir', 'DAGS_FOLDER/dag_with_docker_operator.py', '--cfg-path', '/tmp/tmpk1zdnyii']
[2024-06-02T11:45:44.693+0000] {standard_task_runner.py:91} INFO - Job 884: Subtask check_status
[2024-06-02T11:45:44.794+0000] {task_command.py:426} INFO - Running <TaskInstance: dag_with_docker_operator.check_status scheduled__2024-06-02T07:30:00+00:00 [running]> on host 9c47fcd741af
[2024-06-02T11:45:44.984+0000] {taskinstance.py:2648} INFO - Exporting env vars: AIRFLOW_CTX_DAG_OWNER='airflow' AIRFLOW_CTX_DAG_ID='dag_with_docker_operator' AIRFLOW_CTX_TASK_ID='check_status' AIRFLOW_CTX_EXECUTION_DATE='2024-06-02T07:30:00+00:00' AIRFLOW_CTX_TRY_NUMBER='1' AIRFLOW_CTX_DAG_RUN_ID='scheduled__2024-06-02T07:30:00+00:00'
[2024-06-02T11:45:44.985+0000] {taskinstance.py:430} INFO - ::endgroup::
[2024-06-02T11:45:45.023+0000] {python.py:237} INFO - Done. Returned value was: {'status': 'failed'}
[2024-06-02T11:45:45.024+0000] {taskinstance.py:441} INFO - ::group::Post task execution logs
[2024-06-02T11:45:45.099+0000] {taskinstance.py:1206} INFO - Marking task as SUCCESS. dag_id=dag_with_docker_operator, task_id=check_status, run_id=scheduled__2024-06-02T07:30:00+00:00, execution_date=20240602T073000, start_date=20240602T114544, end_date=20240602T114545
[2024-06-02T11:45:45.187+0000] {local_task_job_runner.py:240} INFO - Task exited with return code 0
[2024-06-02T11:45:45.219+0000] {taskinstance.py:3498} INFO - 0 downstream tasks scheduled from follow-on schedule check
[2024-06-02T11:45:45.221+0000] {local_task_job_runner.py:222} INFO - ::endgroup::
[2024-06-02T12:49:24.614+0000] {local_task_job_runner.py:120} INFO - ::group::Pre task execution logs
[2024-06-02T12:49:24.664+0000] {taskinstance.py:2076} INFO - Dependencies all met for dep_context=non-requeueable deps ti=<TaskInstance: dag_with_docker_operator.check_status scheduled__2024-06-02T07:30:00+00:00 [queued]>
[2024-06-02T12:49:24.685+0000] {taskinstance.py:2076} INFO - Dependencies all met for dep_context=requeueable deps ti=<TaskInstance: dag_with_docker_operator.check_status scheduled__2024-06-02T07:30:00+00:00 [queued]>
[2024-06-02T12:49:24.685+0000] {taskinstance.py:2306} INFO - Starting attempt 1 of 2
[2024-06-02T12:49:24.786+0000] {taskinstance.py:2330} INFO - Executing <Task(PythonOperator): check_status> on 2024-06-02 07:30:00+00:00
[2024-06-02T12:49:24.792+0000] {standard_task_runner.py:63} INFO - Started process 3762 to run task
[2024-06-02T12:49:24.796+0000] {standard_task_runner.py:90} INFO - Running: ['airflow', 'tasks', 'run', 'dag_with_docker_operator', 'check_status', 'scheduled__2024-06-02T07:30:00+00:00', '--job-id', '947', '--raw', '--subdir', 'DAGS_FOLDER/dag_with_docker_operator.py', '--cfg-path', '/tmp/tmp3ob5loe2']
[2024-06-02T12:49:24.798+0000] {standard_task_runner.py:91} INFO - Job 947: Subtask check_status
[2024-06-02T12:49:25.431+0000] {task_command.py:426} INFO - Running <TaskInstance: dag_with_docker_operator.check_status scheduled__2024-06-02T07:30:00+00:00 [running]> on host 9c47fcd741af
[2024-06-02T12:49:25.635+0000] {taskinstance.py:2648} INFO - Exporting env vars: AIRFLOW_CTX_DAG_OWNER='airflow' AIRFLOW_CTX_DAG_ID='dag_with_docker_operator' AIRFLOW_CTX_TASK_ID='check_status' AIRFLOW_CTX_EXECUTION_DATE='2024-06-02T07:30:00+00:00' AIRFLOW_CTX_TRY_NUMBER='1' AIRFLOW_CTX_DAG_RUN_ID='scheduled__2024-06-02T07:30:00+00:00'
[2024-06-02T12:49:25.636+0000] {taskinstance.py:430} INFO - ::endgroup::
[2024-06-02T12:49:25.661+0000] {taskinstance.py:441} INFO - ::group::Post task execution logs
[2024-06-02T12:49:25.664+0000] {taskinstance.py:2905} ERROR - Task failed with exception
Traceback (most recent call last):
  File "/home/airflow/.local/lib/python3.12/site-packages/airflow/models/taskinstance.py", line 465, in _execute_task
    result = _execute_callable(context=context, **execute_callable_kwargs)
             ^^^^^^^^^^^^^^^^^^^^^^^^^^^^^^^^^^^^^^^^^^^^^^^^^^^^^^^^^^^^^
  File "/home/airflow/.local/lib/python3.12/site-packages/airflow/models/taskinstance.py", line 432, in _execute_callable
    return execute_callable(context=context, **execute_callable_kwargs)
           ^^^^^^^^^^^^^^^^^^^^^^^^^^^^^^^^^^^^^^^^^^^^^^^^^^^^^^^^^^^^
  File "/home/airflow/.local/lib/python3.12/site-packages/airflow/models/baseoperator.py", line 400, in wrapper
    return func(self, *args, **kwargs)
           ^^^^^^^^^^^^^^^^^^^^^^^^^^^
  File "/home/airflow/.local/lib/python3.12/site-packages/airflow/operators/python.py", line 235, in execute
    return_value = self.execute_callable()
                   ^^^^^^^^^^^^^^^^^^^^^^^
  File "/home/airflow/.local/lib/python3.12/site-packages/airflow/operators/python.py", line 252, in execute_callable
    return self.python_callable(*self.op_args, **self.op_kwargs)
           ^^^^^^^^^^^^^^^^^^^^^^^^^^^^^^^^^^^^^^^^^^^^^^^^^^^^^
  File "/opt/airflow/dags/dag_with_docker_operator.py", line 24, in check_send_status
    raise ValueError(f"Request returned non-success status: {response_json.get('status')}")
ValueError: Request returned non-success status: failed
[2024-06-02T12:49:25.683+0000] {taskinstance.py:1206} INFO - Marking task as UP_FOR_RETRY. dag_id=dag_with_docker_operator, task_id=check_status, run_id=scheduled__2024-06-02T07:30:00+00:00, execution_date=20240602T073000, start_date=20240602T124924, end_date=20240602T124925
[2024-06-02T12:49:25.735+0000] {standard_task_runner.py:110} ERROR - Failed to execute job 947 for task check_status (Request returned non-success status: failed; 3762)
[2024-06-02T12:49:25.773+0000] {local_task_job_runner.py:240} INFO - Task exited with return code 1
[2024-06-02T12:49:25.969+0000] {taskinstance.py:3498} INFO - 0 downstream tasks scheduled from follow-on schedule check
[2024-06-02T12:49:25.970+0000] {local_task_job_runner.py:222} INFO - ::endgroup::
