[2024-06-01T21:25:49.417+0000] {local_task_job_runner.py:120} INFO - ::group::Pre task execution logs
[2024-06-01T21:25:49.469+0000] {taskinstance.py:2076} INFO - Dependencies all met for dep_context=non-requeueable deps ti=<TaskInstance: dag_with_docker_operator.check_status scheduled__2024-06-01T08:30:00+00:00 [queued]>
[2024-06-01T21:25:49.488+0000] {taskinstance.py:2076} INFO - Dependencies all met for dep_context=requeueable deps ti=<TaskInstance: dag_with_docker_operator.check_status scheduled__2024-06-01T08:30:00+00:00 [queued]>
[2024-06-01T21:25:49.489+0000] {taskinstance.py:2306} INFO - Starting attempt 1 of 2
[2024-06-01T21:25:49.687+0000] {taskinstance.py:2330} INFO - Executing <Task(PythonOperator): check_status> on 2024-06-01 08:30:00+00:00
[2024-06-01T21:25:49.695+0000] {standard_task_runner.py:63} INFO - Started process 637 to run task
[2024-06-01T21:25:49.708+0000] {standard_task_runner.py:90} INFO - Running: ['airflow', 'tasks', 'run', 'dag_with_docker_operator', 'check_status', 'scheduled__2024-06-01T08:30:00+00:00', '--job-id', '792', '--raw', '--subdir', 'DAGS_FOLDER/dag_with_docker_operator.py', '--cfg-path', '/tmp/tmpgs77rmll']
[2024-06-01T21:25:49.715+0000] {standard_task_runner.py:91} INFO - Job 792: Subtask check_status
[2024-06-01T21:25:49.894+0000] {task_command.py:426} INFO - Running <TaskInstance: dag_with_docker_operator.check_status scheduled__2024-06-01T08:30:00+00:00 [running]> on host 9c47fcd741af
[2024-06-01T21:25:50.145+0000] {taskinstance.py:2648} INFO - Exporting env vars: AIRFLOW_CTX_DAG_OWNER='airflow' AIRFLOW_CTX_DAG_ID='dag_with_docker_operator' AIRFLOW_CTX_TASK_ID='check_status' AIRFLOW_CTX_EXECUTION_DATE='2024-06-01T08:30:00+00:00' AIRFLOW_CTX_TRY_NUMBER='1' AIRFLOW_CTX_DAG_RUN_ID='scheduled__2024-06-01T08:30:00+00:00'
[2024-06-01T21:25:50.147+0000] {taskinstance.py:430} INFO - ::endgroup::
[2024-06-01T21:25:50.177+0000] {python.py:237} INFO - Done. Returned value was: {'status': 'success'}
[2024-06-01T21:25:50.182+0000] {taskinstance.py:441} INFO - ::group::Post task execution logs
[2024-06-01T21:25:50.247+0000] {taskinstance.py:1206} INFO - Marking task as SUCCESS. dag_id=dag_with_docker_operator, task_id=check_status, run_id=scheduled__2024-06-01T08:30:00+00:00, execution_date=20240601T083000, start_date=20240601T212549, end_date=20240601T212550
[2024-06-01T21:25:50.331+0000] {local_task_job_runner.py:240} INFO - Task exited with return code 0
[2024-06-01T21:25:50.364+0000] {taskinstance.py:3498} INFO - 0 downstream tasks scheduled from follow-on schedule check
[2024-06-01T21:25:50.368+0000] {local_task_job_runner.py:222} INFO - ::endgroup::
[2024-06-02T11:29:53.017+0000] {local_task_job_runner.py:120} INFO - ::group::Pre task execution logs
[2024-06-02T11:29:53.063+0000] {taskinstance.py:2076} INFO - Dependencies all met for dep_context=non-requeueable deps ti=<TaskInstance: dag_with_docker_operator.check_status scheduled__2024-06-01T08:30:00+00:00 [queued]>
[2024-06-02T11:29:53.084+0000] {taskinstance.py:2076} INFO - Dependencies all met for dep_context=requeueable deps ti=<TaskInstance: dag_with_docker_operator.check_status scheduled__2024-06-01T08:30:00+00:00 [queued]>
[2024-06-02T11:29:53.084+0000] {taskinstance.py:2306} INFO - Starting attempt 1 of 2
[2024-06-02T11:29:53.221+0000] {taskinstance.py:2330} INFO - Executing <Task(PythonOperator): check_status> on 2024-06-01 08:30:00+00:00
[2024-06-02T11:29:53.227+0000] {standard_task_runner.py:63} INFO - Started process 1614 to run task
[2024-06-02T11:29:53.231+0000] {standard_task_runner.py:90} INFO - Running: ['airflow', 'tasks', 'run', 'dag_with_docker_operator', 'check_status', 'scheduled__2024-06-01T08:30:00+00:00', '--job-id', '793', '--raw', '--subdir', 'DAGS_FOLDER/dag_with_docker_operator.py', '--cfg-path', '/tmp/tmphl9j62w7']
[2024-06-02T11:29:53.234+0000] {standard_task_runner.py:91} INFO - Job 793: Subtask check_status
[2024-06-02T11:29:53.344+0000] {task_command.py:426} INFO - Running <TaskInstance: dag_with_docker_operator.check_status scheduled__2024-06-01T08:30:00+00:00 [running]> on host 9c47fcd741af
[2024-06-02T11:29:53.524+0000] {taskinstance.py:2648} INFO - Exporting env vars: AIRFLOW_CTX_DAG_OWNER='airflow' AIRFLOW_CTX_DAG_ID='dag_with_docker_operator' AIRFLOW_CTX_TASK_ID='check_status' AIRFLOW_CTX_EXECUTION_DATE='2024-06-01T08:30:00+00:00' AIRFLOW_CTX_TRY_NUMBER='1' AIRFLOW_CTX_DAG_RUN_ID='scheduled__2024-06-01T08:30:00+00:00'
[2024-06-02T11:29:53.525+0000] {taskinstance.py:430} INFO - ::endgroup::
[2024-06-02T11:29:53.551+0000] {python.py:237} INFO - Done. Returned value was: {'status': 'failed'}
[2024-06-02T11:29:53.554+0000] {taskinstance.py:441} INFO - ::group::Post task execution logs
[2024-06-02T11:29:53.611+0000] {taskinstance.py:1206} INFO - Marking task as SUCCESS. dag_id=dag_with_docker_operator, task_id=check_status, run_id=scheduled__2024-06-01T08:30:00+00:00, execution_date=20240601T083000, start_date=20240602T112953, end_date=20240602T112953
[2024-06-02T11:29:53.689+0000] {local_task_job_runner.py:240} INFO - Task exited with return code 0
[2024-06-02T11:29:53.732+0000] {taskinstance.py:3498} INFO - 0 downstream tasks scheduled from follow-on schedule check
[2024-06-02T11:29:53.739+0000] {local_task_job_runner.py:222} INFO - ::endgroup::
[2024-06-02T12:00:50.766+0000] {local_task_job_runner.py:120} INFO - ::group::Pre task execution logs
[2024-06-02T12:00:50.825+0000] {taskinstance.py:2076} INFO - Dependencies all met for dep_context=non-requeueable deps ti=<TaskInstance: dag_with_docker_operator.check_status scheduled__2024-06-01T08:30:00+00:00 [queued]>
[2024-06-02T12:00:50.849+0000] {taskinstance.py:2076} INFO - Dependencies all met for dep_context=requeueable deps ti=<TaskInstance: dag_with_docker_operator.check_status scheduled__2024-06-01T08:30:00+00:00 [queued]>
[2024-06-02T12:00:50.850+0000] {taskinstance.py:2306} INFO - Starting attempt 1 of 2
[2024-06-02T12:00:51.117+0000] {taskinstance.py:2330} INFO - Executing <Task(PythonOperator): check_status> on 2024-06-01 08:30:00+00:00
[2024-06-02T12:00:51.124+0000] {standard_task_runner.py:63} INFO - Started process 2460 to run task
[2024-06-02T12:00:51.128+0000] {standard_task_runner.py:90} INFO - Running: ['airflow', 'tasks', 'run', 'dag_with_docker_operator', 'check_status', 'scheduled__2024-06-01T08:30:00+00:00', '--job-id', '806', '--raw', '--subdir', 'DAGS_FOLDER/dag_with_docker_operator.py', '--cfg-path', '/tmp/tmpci7indwu']
[2024-06-02T12:00:51.132+0000] {standard_task_runner.py:91} INFO - Job 806: Subtask check_status
[2024-06-02T12:00:51.323+0000] {task_command.py:426} INFO - Running <TaskInstance: dag_with_docker_operator.check_status scheduled__2024-06-01T08:30:00+00:00 [running]> on host 9c47fcd741af
[2024-06-02T12:00:51.991+0000] {taskinstance.py:2648} INFO - Exporting env vars: AIRFLOW_CTX_DAG_OWNER='airflow' AIRFLOW_CTX_DAG_ID='dag_with_docker_operator' AIRFLOW_CTX_TASK_ID='check_status' AIRFLOW_CTX_EXECUTION_DATE='2024-06-01T08:30:00+00:00' AIRFLOW_CTX_TRY_NUMBER='1' AIRFLOW_CTX_DAG_RUN_ID='scheduled__2024-06-01T08:30:00+00:00'
[2024-06-02T12:00:52.017+0000] {taskinstance.py:430} INFO - ::endgroup::
[2024-06-02T12:00:52.097+0000] {python.py:237} INFO - Done. Returned value was: {'status': 'success'}
[2024-06-02T12:00:52.099+0000] {taskinstance.py:441} INFO - ::group::Post task execution logs
[2024-06-02T12:00:52.249+0000] {taskinstance.py:1206} INFO - Marking task as SUCCESS. dag_id=dag_with_docker_operator, task_id=check_status, run_id=scheduled__2024-06-01T08:30:00+00:00, execution_date=20240601T083000, start_date=20240602T120050, end_date=20240602T120052
[2024-06-02T12:00:52.351+0000] {local_task_job_runner.py:240} INFO - Task exited with return code 0
[2024-06-02T12:00:52.389+0000] {taskinstance.py:3498} INFO - 0 downstream tasks scheduled from follow-on schedule check
[2024-06-02T12:00:52.393+0000] {local_task_job_runner.py:222} INFO - ::endgroup::
[2024-06-02T12:19:41.168+0000] {local_task_job_runner.py:120} INFO - ::group::Pre task execution logs
[2024-06-02T12:19:41.209+0000] {taskinstance.py:2076} INFO - Dependencies all met for dep_context=non-requeueable deps ti=<TaskInstance: dag_with_docker_operator.check_status scheduled__2024-06-01T08:30:00+00:00 [queued]>
[2024-06-02T12:19:41.227+0000] {taskinstance.py:2076} INFO - Dependencies all met for dep_context=requeueable deps ti=<TaskInstance: dag_with_docker_operator.check_status scheduled__2024-06-01T08:30:00+00:00 [queued]>
[2024-06-02T12:19:41.228+0000] {taskinstance.py:2306} INFO - Starting attempt 1 of 2
[2024-06-02T12:19:41.273+0000] {taskinstance.py:2330} INFO - Executing <Task(PythonOperator): check_status> on 2024-06-01 08:30:00+00:00
[2024-06-02T12:19:41.279+0000] {standard_task_runner.py:63} INFO - Started process 2952 to run task
[2024-06-02T12:19:41.284+0000] {standard_task_runner.py:90} INFO - Running: ['airflow', 'tasks', 'run', 'dag_with_docker_operator', 'check_status', 'scheduled__2024-06-01T08:30:00+00:00', '--job-id', '799', '--raw', '--subdir', 'DAGS_FOLDER/dag_with_docker_operator.py', '--cfg-path', '/tmp/tmp_g2fqqvz']
[2024-06-02T12:19:41.286+0000] {standard_task_runner.py:91} INFO - Job 799: Subtask check_status
[2024-06-02T12:19:41.534+0000] {task_command.py:426} INFO - Running <TaskInstance: dag_with_docker_operator.check_status scheduled__2024-06-01T08:30:00+00:00 [running]> on host 9c47fcd741af
[2024-06-02T12:19:41.723+0000] {taskinstance.py:2648} INFO - Exporting env vars: AIRFLOW_CTX_DAG_OWNER='airflow' AIRFLOW_CTX_DAG_ID='dag_with_docker_operator' AIRFLOW_CTX_TASK_ID='check_status' AIRFLOW_CTX_EXECUTION_DATE='2024-06-01T08:30:00+00:00' AIRFLOW_CTX_TRY_NUMBER='1' AIRFLOW_CTX_DAG_RUN_ID='scheduled__2024-06-01T08:30:00+00:00'
[2024-06-02T12:19:41.724+0000] {taskinstance.py:430} INFO - ::endgroup::
[2024-06-02T12:19:41.747+0000] {taskinstance.py:441} INFO - ::group::Post task execution logs
[2024-06-02T12:19:41.750+0000] {taskinstance.py:2905} ERROR - Task failed with exception
Traceback (most recent call last):
  File "/home/airflow/.local/lib/python3.12/site-packages/airflow/models/taskinstance.py", line 465, in _execute_task
    result = _execute_callable(context=context, **execute_callable_kwargs)
             ^^^^^^^^^^^^^^^^^^^^^^^^^^^^^^^^^^^^^^^^^^^^^^^^^^^^^^^^^^^^^
  File "/home/airflow/.local/lib/python3.12/site-packages/airflow/models/taskinstance.py", line 432, in _execute_callable
    return execute_callable(context=context, **execute_callable_kwargs)
           ^^^^^^^^^^^^^^^^^^^^^^^^^^^^^^^^^^^^^^^^^^^^^^^^^^^^^^^^^^^^
  File "/home/airflow/.local/lib/python3.12/site-packages/airflow/models/baseoperator.py", line 400, in wrapper
    return func(self, *args, **kwargs)
           ^^^^^^^^^^^^^^^^^^^^^^^^^^^
  File "/home/airflow/.local/lib/python3.12/site-packages/airflow/operators/python.py", line 235, in execute
    return_value = self.execute_callable()
                   ^^^^^^^^^^^^^^^^^^^^^^^
  File "/home/airflow/.local/lib/python3.12/site-packages/airflow/operators/python.py", line 252, in execute_callable
    return self.python_callable(*self.op_args, **self.op_kwargs)
           ^^^^^^^^^^^^^^^^^^^^^^^^^^^^^^^^^^^^^^^^^^^^^^^^^^^^^
  File "/opt/airflow/dags/dag_with_docker_operator.py", line 24, in check_send_status
    raise ValueError(f"Check send status failed: {result}")
ValueError: Check send status failed: {'status': 'failed'}
[2024-06-02T12:19:41.773+0000] {taskinstance.py:1206} INFO - Marking task as UP_FOR_RETRY. dag_id=dag_with_docker_operator, task_id=check_status, run_id=scheduled__2024-06-01T08:30:00+00:00, execution_date=20240601T083000, start_date=20240602T121941, end_date=20240602T121941
[2024-06-02T12:19:41.831+0000] {standard_task_runner.py:110} ERROR - Failed to execute job 799 for task check_status (Check send status failed: {'status': 'failed'}; 2952)
[2024-06-02T12:19:41.859+0000] {local_task_job_runner.py:240} INFO - Task exited with return code 1
[2024-06-02T12:19:42.103+0000] {taskinstance.py:3498} INFO - 0 downstream tasks scheduled from follow-on schedule check
[2024-06-02T12:19:42.108+0000] {local_task_job_runner.py:222} INFO - ::endgroup::
