[2024-05-30T14:29:24.126+0000] {local_task_job_runner.py:120} INFO - ::group::Pre task execution logs
[2024-05-30T14:29:24.200+0000] {taskinstance.py:2076} INFO - Dependencies all met for dep_context=non-requeueable deps ti=<TaskInstance: monitor_containers.check_kafka scheduled__2023-01-01T03:40:00+00:00 [queued]>
[2024-05-30T14:29:24.231+0000] {taskinstance.py:2076} INFO - Dependencies all met for dep_context=requeueable deps ti=<TaskInstance: monitor_containers.check_kafka scheduled__2023-01-01T03:40:00+00:00 [queued]>
[2024-05-30T14:29:24.232+0000] {taskinstance.py:2306} INFO - Starting attempt 2 of 2
[2024-05-30T14:29:24.295+0000] {taskinstance.py:2330} INFO - Executing <Task(BashOperator): check_kafka> on 2023-01-01 03:40:00+00:00
[2024-05-30T14:29:24.301+0000] {standard_task_runner.py:63} INFO - Started process 2019 to run task
[2024-05-30T14:29:24.304+0000] {standard_task_runner.py:90} INFO - Running: ['airflow', 'tasks', 'run', 'monitor_containers', 'check_kafka', 'scheduled__2023-01-01T03:40:00+00:00', '--job-id', '499', '--raw', '--subdir', 'DAGS_FOLDER/monitor_containers.py', '--cfg-path', '/tmp/tmpb28rsehi']
[2024-05-30T14:29:24.306+0000] {standard_task_runner.py:91} INFO - Job 499: Subtask check_kafka
[2024-05-30T14:29:24.407+0000] {task_command.py:426} INFO - Running <TaskInstance: monitor_containers.check_kafka scheduled__2023-01-01T03:40:00+00:00 [running]> on host f708138922bb
[2024-05-30T14:29:24.582+0000] {taskinstance.py:2648} INFO - Exporting env vars: AIRFLOW_CTX_DAG_OWNER='airflow' AIRFLOW_CTX_DAG_ID='monitor_containers' AIRFLOW_CTX_TASK_ID='check_kafka' AIRFLOW_CTX_EXECUTION_DATE='2023-01-01T03:40:00+00:00' AIRFLOW_CTX_TRY_NUMBER='2' AIRFLOW_CTX_DAG_RUN_ID='scheduled__2023-01-01T03:40:00+00:00'
[2024-05-30T14:29:24.583+0000] {taskinstance.py:430} INFO - ::endgroup::
[2024-05-30T14:29:24.605+0000] {subprocess.py:63} INFO - Tmp dir root location: /tmp
[2024-05-30T14:29:24.606+0000] {subprocess.py:75} INFO - Running command: ['/usr/bin/bash', '-c', 'docker ps | grep kafka || exit 1']
[2024-05-30T14:29:24.618+0000] {subprocess.py:86} INFO - Output:
[2024-05-30T14:29:24.642+0000] {subprocess.py:93} INFO - Cannot connect to the Docker daemon at unix:///var/run/docker.sock. Is the docker daemon running?
[2024-05-30T14:29:24.647+0000] {subprocess.py:97} INFO - Command exited with return code 1
[2024-05-30T14:29:24.648+0000] {taskinstance.py:441} INFO - ::group::Post task execution logs
[2024-05-30T14:29:24.665+0000] {taskinstance.py:2905} ERROR - Task failed with exception
Traceback (most recent call last):
  File "/home/airflow/.local/lib/python3.12/site-packages/airflow/models/taskinstance.py", line 465, in _execute_task
    result = _execute_callable(context=context, **execute_callable_kwargs)
             ^^^^^^^^^^^^^^^^^^^^^^^^^^^^^^^^^^^^^^^^^^^^^^^^^^^^^^^^^^^^^
  File "/home/airflow/.local/lib/python3.12/site-packages/airflow/models/taskinstance.py", line 432, in _execute_callable
    return execute_callable(context=context, **execute_callable_kwargs)
           ^^^^^^^^^^^^^^^^^^^^^^^^^^^^^^^^^^^^^^^^^^^^^^^^^^^^^^^^^^^^
  File "/home/airflow/.local/lib/python3.12/site-packages/airflow/models/baseoperator.py", line 400, in wrapper
    return func(self, *args, **kwargs)
           ^^^^^^^^^^^^^^^^^^^^^^^^^^^
  File "/home/airflow/.local/lib/python3.12/site-packages/airflow/operators/bash.py", line 243, in execute
    raise AirflowException(
airflow.exceptions.AirflowException: Bash command failed. The command returned a non-zero exit code 1.
[2024-05-30T14:29:24.671+0000] {taskinstance.py:1206} INFO - Marking task as FAILED. dag_id=monitor_containers, task_id=check_kafka, run_id=scheduled__2023-01-01T03:40:00+00:00, execution_date=20230101T034000, start_date=20240530T142924, end_date=20240530T142924
[2024-05-30T14:29:24.772+0000] {standard_task_runner.py:110} ERROR - Failed to execute job 499 for task check_kafka (Bash command failed. The command returned a non-zero exit code 1.; 2019)
[2024-05-30T14:29:24.799+0000] {local_task_job_runner.py:240} INFO - Task exited with return code 1
[2024-05-30T14:29:24.837+0000] {taskinstance.py:3498} INFO - 0 downstream tasks scheduled from follow-on schedule check
[2024-05-30T14:29:25.527+0000] {local_task_job_runner.py:222} INFO - ::endgroup::
