[2024-05-29T10:50:50.283+0000] {local_task_job_runner.py:120} INFO - ::group::Pre task execution logs
[2024-05-29T10:50:50.337+0000] {taskinstance.py:2076} INFO - Dependencies all met for dep_context=non-requeueable deps ti=<TaskInstance: check_send_status_dag.check_status scheduled__2023-01-01T03:00:00+00:00 [queued]>
[2024-05-29T10:50:50.358+0000] {taskinstance.py:2076} INFO - Dependencies all met for dep_context=requeueable deps ti=<TaskInstance: check_send_status_dag.check_status scheduled__2023-01-01T03:00:00+00:00 [queued]>
[2024-05-29T10:50:50.359+0000] {taskinstance.py:2306} INFO - Starting attempt 1 of 2
[2024-05-29T10:50:50.404+0000] {taskinstance.py:2330} INFO - Executing <Task(PythonOperator): check_status> on 2023-01-01 03:00:00+00:00
[2024-05-29T10:50:50.409+0000] {standard_task_runner.py:63} INFO - Started process 251 to run task
[2024-05-29T10:50:50.412+0000] {standard_task_runner.py:90} INFO - Running: ['airflow', 'tasks', 'run', 'check_send_status_dag', 'check_status', 'scheduled__2023-01-01T03:00:00+00:00', '--job-id', '41', '--raw', '--subdir', 'DAGS_FOLDER/check_send_status_dag.py', '--cfg-path', '/tmp/tmp5l61noyc']
[2024-05-29T10:50:50.414+0000] {standard_task_runner.py:91} INFO - Job 41: Subtask check_status
[2024-05-29T10:50:50.530+0000] {task_command.py:426} INFO - Running <TaskInstance: check_send_status_dag.check_status scheduled__2023-01-01T03:00:00+00:00 [running]> on host f708138922bb
[2024-05-29T10:50:50.722+0000] {taskinstance.py:2648} INFO - Exporting env vars: AIRFLOW_CTX_DAG_OWNER='airflow' AIRFLOW_CTX_DAG_ID='check_send_status_dag' AIRFLOW_CTX_TASK_ID='check_status' AIRFLOW_CTX_EXECUTION_DATE='2023-01-01T03:00:00+00:00' AIRFLOW_CTX_TRY_NUMBER='1' AIRFLOW_CTX_DAG_RUN_ID='scheduled__2023-01-01T03:00:00+00:00'
[2024-05-29T10:50:50.723+0000] {taskinstance.py:430} INFO - ::endgroup::
[2024-05-29T10:50:51.116+0000] {check_send_status_dag.py:15} ERROR - Error fetching status: 404 Client Error: Not Found for url: http://host.docker.internal/check_send_status
[2024-05-29T10:50:51.117+0000] {taskinstance.py:441} INFO - ::group::Post task execution logs
[2024-05-29T10:50:51.118+0000] {taskinstance.py:2905} ERROR - Task failed with exception
Traceback (most recent call last):
  File "/home/airflow/.local/lib/python3.12/site-packages/airflow/models/taskinstance.py", line 465, in _execute_task
    result = _execute_callable(context=context, **execute_callable_kwargs)
             ^^^^^^^^^^^^^^^^^^^^^^^^^^^^^^^^^^^^^^^^^^^^^^^^^^^^^^^^^^^^^
  File "/home/airflow/.local/lib/python3.12/site-packages/airflow/models/taskinstance.py", line 432, in _execute_callable
    return execute_callable(context=context, **execute_callable_kwargs)
           ^^^^^^^^^^^^^^^^^^^^^^^^^^^^^^^^^^^^^^^^^^^^^^^^^^^^^^^^^^^^
  File "/home/airflow/.local/lib/python3.12/site-packages/airflow/models/baseoperator.py", line 400, in wrapper
    return func(self, *args, **kwargs)
           ^^^^^^^^^^^^^^^^^^^^^^^^^^^
  File "/home/airflow/.local/lib/python3.12/site-packages/airflow/operators/python.py", line 235, in execute
    return_value = self.execute_callable()
                   ^^^^^^^^^^^^^^^^^^^^^^^
  File "/home/airflow/.local/lib/python3.12/site-packages/airflow/operators/python.py", line 252, in execute_callable
    return self.python_callable(*self.op_args, **self.op_kwargs)
           ^^^^^^^^^^^^^^^^^^^^^^^^^^^^^^^^^^^^^^^^^^^^^^^^^^^^^
  File "/opt/airflow/dags/check_send_status_dag.py", line 11, in check_send_status
    response.raise_for_status()
  File "/home/airflow/.local/lib/python3.12/site-packages/requests/models.py", line 1021, in raise_for_status
    raise HTTPError(http_error_msg, response=self)
requests.exceptions.HTTPError: 404 Client Error: Not Found for url: http://host.docker.internal/check_send_status
[2024-05-29T10:50:51.146+0000] {taskinstance.py:1206} INFO - Marking task as UP_FOR_RETRY. dag_id=check_send_status_dag, task_id=check_status, run_id=scheduled__2023-01-01T03:00:00+00:00, execution_date=20230101T030000, start_date=20240529T105050, end_date=20240529T105051
[2024-05-29T10:50:51.192+0000] {standard_task_runner.py:110} ERROR - Failed to execute job 41 for task check_status (404 Client Error: Not Found for url: http://host.docker.internal/check_send_status; 251)
[2024-05-29T10:50:51.228+0000] {local_task_job_runner.py:240} INFO - Task exited with return code 1
[2024-05-29T10:50:51.257+0000] {taskinstance.py:3498} INFO - 0 downstream tasks scheduled from follow-on schedule check
[2024-05-29T10:50:51.260+0000] {local_task_job_runner.py:222} INFO - ::endgroup::
[2024-05-29T14:09:29.178+0000] {local_task_job_runner.py:120} INFO - ::group::Pre task execution logs
[2024-05-29T14:09:29.396+0000] {taskinstance.py:2076} INFO - Dependencies all met for dep_context=non-requeueable deps ti=<TaskInstance: check_send_status_dag.check_status scheduled__2023-01-01T03:00:00+00:00 [queued]>
[2024-05-29T14:09:29.542+0000] {taskinstance.py:2076} INFO - Dependencies all met for dep_context=requeueable deps ti=<TaskInstance: check_send_status_dag.check_status scheduled__2023-01-01T03:00:00+00:00 [queued]>
[2024-05-29T14:09:29.543+0000] {taskinstance.py:2306} INFO - Starting attempt 1 of 2
[2024-05-29T14:09:29.689+0000] {taskinstance.py:2330} INFO - Executing <Task(PythonOperator): check_status> on 2023-01-01 03:00:00+00:00
[2024-05-29T14:09:29.707+0000] {standard_task_runner.py:63} INFO - Started process 1337 to run task
[2024-05-29T14:09:29.711+0000] {standard_task_runner.py:90} INFO - Running: ['airflow', 'tasks', 'run', 'check_send_status_dag', 'check_status', 'scheduled__2023-01-01T03:00:00+00:00', '--job-id', '36', '--raw', '--subdir', 'DAGS_FOLDER/check_send_status_dag.py', '--cfg-path', '/tmp/tmpeg4mss2k']
[2024-05-29T14:09:29.717+0000] {standard_task_runner.py:91} INFO - Job 36: Subtask check_status
[2024-05-29T14:09:29.989+0000] {task_command.py:426} INFO - Running <TaskInstance: check_send_status_dag.check_status scheduled__2023-01-01T03:00:00+00:00 [running]> on host f708138922bb
[2024-05-29T14:09:30.507+0000] {taskinstance.py:2648} INFO - Exporting env vars: AIRFLOW_CTX_DAG_OWNER='airflow' AIRFLOW_CTX_DAG_ID='check_send_status_dag' AIRFLOW_CTX_TASK_ID='check_status' AIRFLOW_CTX_EXECUTION_DATE='2023-01-01T03:00:00+00:00' AIRFLOW_CTX_TRY_NUMBER='1' AIRFLOW_CTX_DAG_RUN_ID='scheduled__2023-01-01T03:00:00+00:00'
[2024-05-29T14:09:30.509+0000] {taskinstance.py:430} INFO - ::endgroup::
[2024-05-29T14:09:30.620+0000] {check_send_status_dag.py:15} ERROR - Error fetching status: 500 Server Error: INTERNAL SERVER ERROR for url: http://flask:5000/check_send_status
[2024-05-29T14:09:30.624+0000] {taskinstance.py:441} INFO - ::group::Post task execution logs
[2024-05-29T14:09:30.627+0000] {taskinstance.py:2905} ERROR - Task failed with exception
Traceback (most recent call last):
  File "/home/airflow/.local/lib/python3.12/site-packages/airflow/models/taskinstance.py", line 465, in _execute_task
    result = _execute_callable(context=context, **execute_callable_kwargs)
             ^^^^^^^^^^^^^^^^^^^^^^^^^^^^^^^^^^^^^^^^^^^^^^^^^^^^^^^^^^^^^
  File "/home/airflow/.local/lib/python3.12/site-packages/airflow/models/taskinstance.py", line 432, in _execute_callable
    return execute_callable(context=context, **execute_callable_kwargs)
           ^^^^^^^^^^^^^^^^^^^^^^^^^^^^^^^^^^^^^^^^^^^^^^^^^^^^^^^^^^^^
  File "/home/airflow/.local/lib/python3.12/site-packages/airflow/models/baseoperator.py", line 400, in wrapper
    return func(self, *args, **kwargs)
           ^^^^^^^^^^^^^^^^^^^^^^^^^^^
  File "/home/airflow/.local/lib/python3.12/site-packages/airflow/operators/python.py", line 235, in execute
    return_value = self.execute_callable()
                   ^^^^^^^^^^^^^^^^^^^^^^^
  File "/home/airflow/.local/lib/python3.12/site-packages/airflow/operators/python.py", line 252, in execute_callable
    return self.python_callable(*self.op_args, **self.op_kwargs)
           ^^^^^^^^^^^^^^^^^^^^^^^^^^^^^^^^^^^^^^^^^^^^^^^^^^^^^
  File "/opt/airflow/dags/check_send_status_dag.py", line 11, in check_send_status
    response.raise_for_status()
  File "/home/airflow/.local/lib/python3.12/site-packages/requests/models.py", line 1021, in raise_for_status
    raise HTTPError(http_error_msg, response=self)
requests.exceptions.HTTPError: 500 Server Error: INTERNAL SERVER ERROR for url: http://flask:5000/check_send_status
[2024-05-29T14:09:30.682+0000] {taskinstance.py:1206} INFO - Marking task as UP_FOR_RETRY. dag_id=check_send_status_dag, task_id=check_status, run_id=scheduled__2023-01-01T03:00:00+00:00, execution_date=20230101T030000, start_date=20240529T140929, end_date=20240529T140930
[2024-05-29T14:09:30.832+0000] {standard_task_runner.py:110} ERROR - Failed to execute job 36 for task check_status (500 Server Error: INTERNAL SERVER ERROR for url: http://flask:5000/check_send_status; 1337)
[2024-05-29T14:09:30.862+0000] {local_task_job_runner.py:240} INFO - Task exited with return code 1
[2024-05-29T14:09:30.929+0000] {taskinstance.py:3498} INFO - 0 downstream tasks scheduled from follow-on schedule check
[2024-05-29T14:09:30.933+0000] {local_task_job_runner.py:222} INFO - ::endgroup::
[2024-05-29T14:52:56.773+0000] {local_task_job_runner.py:120} INFO - ::group::Pre task execution logs
[2024-05-29T14:52:56.817+0000] {taskinstance.py:2076} INFO - Dependencies all met for dep_context=non-requeueable deps ti=<TaskInstance: check_send_status_dag.check_status scheduled__2023-01-01T03:00:00+00:00 [queued]>
[2024-05-29T14:52:56.837+0000] {taskinstance.py:2076} INFO - Dependencies all met for dep_context=requeueable deps ti=<TaskInstance: check_send_status_dag.check_status scheduled__2023-01-01T03:00:00+00:00 [queued]>
[2024-05-29T14:52:56.838+0000] {taskinstance.py:2306} INFO - Starting attempt 1 of 2
[2024-05-29T14:52:56.890+0000] {taskinstance.py:2330} INFO - Executing <Task(PythonOperator): check_status> on 2023-01-01 03:00:00+00:00
[2024-05-29T14:52:56.898+0000] {standard_task_runner.py:63} INFO - Started process 1684 to run task
[2024-05-29T14:52:56.902+0000] {standard_task_runner.py:90} INFO - Running: ['airflow', 'tasks', 'run', 'check_send_status_dag', 'check_status', 'scheduled__2023-01-01T03:00:00+00:00', '--job-id', '28', '--raw', '--subdir', 'DAGS_FOLDER/check_send_status_dag.py', '--cfg-path', '/tmp/tmpbbldzvf6']
[2024-05-29T14:52:56.904+0000] {standard_task_runner.py:91} INFO - Job 28: Subtask check_status
[2024-05-29T14:52:57.022+0000] {task_command.py:426} INFO - Running <TaskInstance: check_send_status_dag.check_status scheduled__2023-01-01T03:00:00+00:00 [running]> on host f708138922bb
[2024-05-29T14:52:57.276+0000] {taskinstance.py:2648} INFO - Exporting env vars: AIRFLOW_CTX_DAG_OWNER='airflow' AIRFLOW_CTX_DAG_ID='check_send_status_dag' AIRFLOW_CTX_TASK_ID='check_status' AIRFLOW_CTX_EXECUTION_DATE='2023-01-01T03:00:00+00:00' AIRFLOW_CTX_TRY_NUMBER='1' AIRFLOW_CTX_DAG_RUN_ID='scheduled__2023-01-01T03:00:00+00:00'
[2024-05-29T14:52:57.278+0000] {taskinstance.py:430} INFO - ::endgroup::
[2024-05-29T14:52:57.348+0000] {check_send_status_dag.py:13} INFO - Status: {'status': 'unknown'}
[2024-05-29T14:52:57.351+0000] {python.py:237} INFO - Done. Returned value was: None
[2024-05-29T14:52:57.356+0000] {taskinstance.py:441} INFO - ::group::Post task execution logs
[2024-05-29T14:52:57.384+0000] {taskinstance.py:1206} INFO - Marking task as SUCCESS. dag_id=check_send_status_dag, task_id=check_status, run_id=scheduled__2023-01-01T03:00:00+00:00, execution_date=20230101T030000, start_date=20240529T145256, end_date=20240529T145257
[2024-05-29T14:52:57.479+0000] {local_task_job_runner.py:240} INFO - Task exited with return code 0
[2024-05-29T14:52:57.516+0000] {taskinstance.py:3498} INFO - 0 downstream tasks scheduled from follow-on schedule check
[2024-05-29T14:52:57.519+0000] {local_task_job_runner.py:222} INFO - ::endgroup::
