[2024-05-30T14:30:43.540+0000] {local_task_job_runner.py:120} INFO - ::group::Pre task execution logs
[2024-05-30T14:30:43.594+0000] {taskinstance.py:2076} INFO - Dependencies all met for dep_context=non-requeueable deps ti=<TaskInstance: monitor_containers.check_kafka scheduled__2023-01-01T06:20:00+00:00 [queued]>
[2024-05-30T14:30:43.614+0000] {taskinstance.py:2076} INFO - Dependencies all met for dep_context=requeueable deps ti=<TaskInstance: monitor_containers.check_kafka scheduled__2023-01-01T06:20:00+00:00 [queued]>
[2024-05-30T14:30:43.615+0000] {taskinstance.py:2306} INFO - Starting attempt 1 of 2
[2024-05-30T14:30:43.725+0000] {taskinstance.py:2330} INFO - Executing <Task(BashOperator): check_kafka> on 2023-01-01 06:20:00+00:00
[2024-05-30T14:30:43.731+0000] {standard_task_runner.py:63} INFO - Started process 2100 to run task
[2024-05-30T14:30:43.734+0000] {standard_task_runner.py:90} INFO - Running: ['airflow', 'tasks', 'run', 'monitor_containers', 'check_kafka', 'scheduled__2023-01-01T06:20:00+00:00', '--job-id', '505', '--raw', '--subdir', 'DAGS_FOLDER/monitor_containers.py', '--cfg-path', '/tmp/tmpxu56ey17']
[2024-05-30T14:30:43.736+0000] {standard_task_runner.py:91} INFO - Job 505: Subtask check_kafka
[2024-05-30T14:30:43.992+0000] {task_command.py:426} INFO - Running <TaskInstance: monitor_containers.check_kafka scheduled__2023-01-01T06:20:00+00:00 [running]> on host f708138922bb
[2024-05-30T14:30:44.590+0000] {taskinstance.py:2648} INFO - Exporting env vars: AIRFLOW_CTX_DAG_OWNER='airflow' AIRFLOW_CTX_DAG_ID='monitor_containers' AIRFLOW_CTX_TASK_ID='check_kafka' AIRFLOW_CTX_EXECUTION_DATE='2023-01-01T06:20:00+00:00' AIRFLOW_CTX_TRY_NUMBER='1' AIRFLOW_CTX_DAG_RUN_ID='scheduled__2023-01-01T06:20:00+00:00'
[2024-05-30T14:30:44.591+0000] {taskinstance.py:430} INFO - ::endgroup::
[2024-05-30T14:30:44.619+0000] {subprocess.py:63} INFO - Tmp dir root location: /tmp
[2024-05-30T14:30:44.621+0000] {subprocess.py:75} INFO - Running command: ['/usr/bin/bash', '-c', 'docker ps | grep kafka || exit 1']
[2024-05-30T14:30:44.633+0000] {subprocess.py:86} INFO - Output:
[2024-05-30T14:30:44.656+0000] {subprocess.py:93} INFO - Cannot connect to the Docker daemon at unix:///var/run/docker.sock. Is the docker daemon running?
[2024-05-30T14:30:44.658+0000] {subprocess.py:97} INFO - Command exited with return code 1
[2024-05-30T14:30:44.659+0000] {taskinstance.py:441} INFO - ::group::Post task execution logs
[2024-05-30T14:30:44.678+0000] {taskinstance.py:2905} ERROR - Task failed with exception
Traceback (most recent call last):
  File "/home/airflow/.local/lib/python3.12/site-packages/airflow/models/taskinstance.py", line 465, in _execute_task
    result = _execute_callable(context=context, **execute_callable_kwargs)
             ^^^^^^^^^^^^^^^^^^^^^^^^^^^^^^^^^^^^^^^^^^^^^^^^^^^^^^^^^^^^^
  File "/home/airflow/.local/lib/python3.12/site-packages/airflow/models/taskinstance.py", line 432, in _execute_callable
    return execute_callable(context=context, **execute_callable_kwargs)
           ^^^^^^^^^^^^^^^^^^^^^^^^^^^^^^^^^^^^^^^^^^^^^^^^^^^^^^^^^^^^
  File "/home/airflow/.local/lib/python3.12/site-packages/airflow/models/baseoperator.py", line 400, in wrapper
    return func(self, *args, **kwargs)
           ^^^^^^^^^^^^^^^^^^^^^^^^^^^
  File "/home/airflow/.local/lib/python3.12/site-packages/airflow/operators/bash.py", line 243, in execute
    raise AirflowException(
airflow.exceptions.AirflowException: Bash command failed. The command returned a non-zero exit code 1.
[2024-05-30T14:30:44.686+0000] {taskinstance.py:1206} INFO - Marking task as UP_FOR_RETRY. dag_id=monitor_containers, task_id=check_kafka, run_id=scheduled__2023-01-01T06:20:00+00:00, execution_date=20230101T062000, start_date=20240530T143043, end_date=20240530T143044
[2024-05-30T14:30:44.856+0000] {standard_task_runner.py:110} ERROR - Failed to execute job 505 for task check_kafka (Bash command failed. The command returned a non-zero exit code 1.; 2100)
[2024-05-30T14:30:44.872+0000] {local_task_job_runner.py:240} INFO - Task exited with return code 1
[2024-05-30T14:30:44.916+0000] {taskinstance.py:3498} INFO - 0 downstream tasks scheduled from follow-on schedule check
[2024-05-30T14:30:44.919+0000] {local_task_job_runner.py:222} INFO - ::endgroup::
