[2024-05-29T17:19:23.630+0000] {local_task_job_runner.py:120} INFO - ::group::Pre task execution logs
[2024-05-29T17:19:23.736+0000] {taskinstance.py:2076} INFO - Dependencies all met for dep_context=non-requeueable deps ti=<TaskInstance: flask_monitoring.check_flask_health scheduled__2024-05-28T02:10:00+00:00 [queued]>
[2024-05-29T17:19:23.768+0000] {taskinstance.py:2076} INFO - Dependencies all met for dep_context=requeueable deps ti=<TaskInstance: flask_monitoring.check_flask_health scheduled__2024-05-28T02:10:00+00:00 [queued]>
[2024-05-29T17:19:23.769+0000] {taskinstance.py:2306} INFO - Starting attempt 1 of 2
[2024-05-29T17:19:23.942+0000] {taskinstance.py:2330} INFO - Executing <Task(BashOperator): check_flask_health> on 2024-05-28 02:10:00+00:00
[2024-05-29T17:19:23.952+0000] {standard_task_runner.py:63} INFO - Started process 2275 to run task
[2024-05-29T17:19:23.957+0000] {standard_task_runner.py:90} INFO - Running: ['airflow', 'tasks', 'run', 'flask_monitoring', 'check_flask_health', 'scheduled__2024-05-28T02:10:00+00:00', '--job-id', '162', '--raw', '--subdir', 'DAGS_FOLDER/flask_monitoring.py', '--cfg-path', '/tmp/tmpi4bsdyh7']
[2024-05-29T17:19:23.961+0000] {standard_task_runner.py:91} INFO - Job 162: Subtask check_flask_health
[2024-05-29T17:19:24.300+0000] {task_command.py:426} INFO - Running <TaskInstance: flask_monitoring.check_flask_health scheduled__2024-05-28T02:10:00+00:00 [running]> on host f708138922bb
[2024-05-29T17:19:24.621+0000] {taskinstance.py:2648} INFO - Exporting env vars: AIRFLOW_CTX_DAG_OWNER='airflow' AIRFLOW_CTX_DAG_ID='flask_monitoring' AIRFLOW_CTX_TASK_ID='check_flask_health' AIRFLOW_CTX_EXECUTION_DATE='2024-05-28T02:10:00+00:00' AIRFLOW_CTX_TRY_NUMBER='1' AIRFLOW_CTX_DAG_RUN_ID='scheduled__2024-05-28T02:10:00+00:00'
[2024-05-29T17:19:24.627+0000] {taskinstance.py:430} INFO - ::endgroup::
[2024-05-29T17:19:24.707+0000] {subprocess.py:63} INFO - Tmp dir root location: /tmp
[2024-05-29T17:19:24.718+0000] {subprocess.py:75} INFO - Running command: ['/usr/bin/bash', '-c', 'curl -X GET http://flask:5000/check_send_status']
[2024-05-29T17:19:24.759+0000] {subprocess.py:86} INFO - Output:
[2024-05-29T17:19:24.775+0000] {subprocess.py:93} INFO -   % Total    % Received % Xferd  Average Speed   Time    Time     Time  Current
[2024-05-29T17:19:24.783+0000] {subprocess.py:93} INFO -                                  Dload  Upload   Total   Spent    Left  Speed
[2024-05-29T17:19:24.796+0000] {subprocess.py:93} INFO -   0     0    0     0    0     0      0      0 --:--:-- --:--:-- --:--:--     0<!doctype html>
[2024-05-29T17:19:24.801+0000] {subprocess.py:93} INFO - <html lang=en>
[2024-05-29T17:19:24.803+0000] {subprocess.py:93} INFO -   <head>
[2024-05-29T17:19:24.805+0000] {subprocess.py:93} INFO -     <title>NameError: name &#39;last_status&#39; is not defined
[2024-05-29T17:19:24.807+0000] {subprocess.py:93} INFO -  // Werkzeug Debugger</title>
[2024-05-29T17:19:24.809+0000] {subprocess.py:93} INFO -     <link rel="stylesheet" href="?__debugger__=yes&amp;cmd=resource&amp;f=style.css">
[2024-05-29T17:19:24.811+0000] {subprocess.py:93} INFO -     <link rel="shortcut icon"
[2024-05-29T17:19:24.816+0000] {subprocess.py:93} INFO -         href="?__debugger__=yes&amp;cmd=resource&amp;f=console.png">
[2024-05-29T17:19:24.819+0000] {subprocess.py:93} INFO -     <script src="?__debugger__=yes&amp;cmd=resource&amp;f=debugger.js"></script>
[2024-05-29T17:19:24.821+0000] {subprocess.py:93} INFO -     <script>
[2024-05-29T17:19:24.827+0000] {subprocess.py:93} INFO -       var CONSOLE_MODE = false,
[2024-05-29T17:19:24.833+0000] {subprocess.py:93} INFO -           EVALEX = false,
[2024-05-29T17:19:24.840+0000] {subprocess.py:93} INFO -           EVALEX_TRUSTED = false,
[2024-05-29T17:19:24.846+0000] {subprocess.py:93} INFO -           SECRET = "m0W2mug263yMqd81oBK2";
[2024-05-29T17:19:24.860+0000] {subprocess.py:93} INFO -     </script>
[2024-05-29T17:19:24.865+0000] {subprocess.py:93} INFO -   </head>
[2024-05-29T17:19:24.868+0000] {subprocess.py:93} INFO -   <body style="background-color: #fff">
[2024-05-29T17:19:24.870+0000] {subprocess.py:93} INFO -     <div class="debugger">
[2024-05-29T17:19:24.873+0000] {subprocess.py:93} INFO - <h1>NameError</h1>
[2024-05-29T17:19:24.874+0000] {subprocess.py:93} INFO - <div class="detail">
[2024-05-29T17:19:24.876+0000] {subprocess.py:93} INFO -   <p class="errormsg">NameError: name &#39;last_status&#39; is not defined
[2024-05-29T17:19:24.880+0000] {subprocess.py:93} INFO - </p>
[2024-05-29T17:19:24.892+0000] {subprocess.py:93} INFO - </div>
[2024-05-29T17:19:24.925+0000] {subprocess.py:93} INFO - <h2 class="traceback">Traceback <em>(most recent call last)</em></h2>
[2024-05-29T17:19:24.938+0000] {subprocess.py:93} INFO - <div class="traceback">
[2024-05-29T17:19:24.947+0000] {subprocess.py:93} INFO -   <h3></h3>
[2024-05-29T17:19:24.959+0000] {subprocess.py:93} INFO -   <ul><li><div class="frame" id="frame-140474387543200">
[2024-05-29T17:19:24.967+0000] {subprocess.py:93} INFO -   <h4>File <cite class="filename">"/usr/local/lib/python3.9/site-packages/flask/app.py"</cite>,
[2024-05-29T17:19:24.970+0000] {subprocess.py:93} INFO -       line <em class="line">1498</em>,
[2024-05-29T17:19:24.972+0000] {subprocess.py:93} INFO -       in <code class="function">__call__</code></h4>
[2024-05-29T17:19:24.973+0000] {subprocess.py:93} INFO -   <div class="source library"><pre class="line before"><span class="ws">    </span>) -&gt; cabc.Iterable[bytes]:</pre>
[2024-05-29T17:19:24.975+0000] {subprocess.py:93} INFO - <pre class="line before"><span class="ws">        </span>&#34;&#34;&#34;The WSGI server calls the Flask application object as the</pre>
[2024-05-29T17:19:24.976+0000] {subprocess.py:93} INFO - <pre class="line before"><span class="ws">        </span>WSGI application. This calls :meth:`wsgi_app`, which can be</pre>
[2024-05-29T17:19:24.982+0000] {subprocess.py:93} INFO - <pre class="line before"><span class="ws">        </span>wrapped to apply middleware.</pre>
[2024-05-29T17:19:24.984+0000] {subprocess.py:93} INFO - <pre class="line before"><span class="ws">        </span>&#34;&#34;&#34;</pre>
[2024-05-29T17:19:24.986+0000] {subprocess.py:93} INFO - <pre class="line current"><span class="ws">        </span>return self.wsgi_app(environ, start_response)</pre></div>
[2024-05-29T17:19:24.992+0000] {subprocess.py:93} INFO - </div>
[2024-05-29T17:19:24.994+0000] {subprocess.py:93} INFO - 
[2024-05-29T17:19:24.999+0000] {subprocess.py:93} INFO - <li><div class="frame" id="frame-140474387543312">
[2024-05-29T17:19:25.004+0000] {subprocess.py:93} INFO -   <h4>File <cite class="filename">"/usr/local/lib/python3.9/site-packages/flask/app.py"</cite>,
[2024-05-29T17:19:25.007+0000] {subprocess.py:93} INFO -       line <em class="line">1476</em>,
[2024-05-29T17:19:25.008+0000] {subprocess.py:93} INFO -       in <code class="function">wsgi_app</code></h4>
[2024-05-29T17:19:25.010+0000] {subprocess.py:93} INFO -   <div class="source library"><pre class="line before"><span class="ws">            </span>try:</pre>
[2024-05-29T17:19:25.011+0000] {subprocess.py:93} INFO - <pre class="line before"><span class="ws">                </span>ctx.push()</pre>
[2024-05-29T17:19:25.017+0000] {subprocess.py:93} INFO - <pre class="line before"><span class="ws">                </span>response = self.full_dispatch_request()</pre>
[2024-05-29T17:19:25.018+0000] {subprocess.py:93} INFO - <pre class="line before"><span class="ws">            </span>except Exception as e:</pre>
[2024-05-29T17:19:25.020+0000] {subprocess.py:93} INFO - <pre class="line before"><span class="ws">                </span>error = e</pre>
[2024-05-29T17:19:25.021+0000] {subprocess.py:93} INFO - <pre class="line current"><span class="ws">                </span>response = self.handle_exception(e)</pre>
[2024-05-29T17:19:25.023+0000] {subprocess.py:93} INFO - <pre class="line after"><span class="ws">            </span>except:  # noqa: B001</pre>
[2024-05-29T17:19:25.025+0000] {subprocess.py:93} INFO - <pre class="line after"><span class="ws">                </span>error = sys.exc_info()[1]</pre>
[2024-05-29T17:19:25.027+0000] {subprocess.py:93} INFO - <pre class="line after"><span class="ws">                </span>raise</pre>
[2024-05-29T17:19:25.037+0000] {subprocess.py:93} INFO - <pre class="line after"><span class="ws">            </span>return response(environ, start_response)</pre>
[2024-05-29T17:19:25.039+0000] {subprocess.py:93} INFO - <pre class="line after"><span class="ws">        </span>finally:</pre></div>
[2024-05-29T17:19:25.040+0000] {subprocess.py:93} INFO - </div>
[2024-05-29T17:19:25.044+0000] {subprocess.py:93} INFO - 
[2024-05-29T17:19:25.047+0000] {subprocess.py:93} INFO - <li><div class="frame" id="frame-140474387543424">
[2024-05-29T17:19:25.050+0000] {subprocess.py:93} INFO -   <h4>File <cite class="filename">"/usr/local/lib/python3.9/site-packages/flask/app.py"</cite>,
[2024-05-29T17:19:25.051+0000] {subprocess.py:93} INFO -       line <em class="line">1473</em>,
[2024-05-29T17:19:25.054+0000] {subprocess.py:93} INFO -       in <code class="function">wsgi_app</code></h4>
[2024-05-29T17:19:25.056+0000] {subprocess.py:93} INFO -   <div class="source library"><pre class="line before"><span class="ws">        </span>ctx = self.request_context(environ)</pre>
[2024-05-29T17:19:25.059+0000] {subprocess.py:93} INFO - <pre class="line before"><span class="ws">        </span>error: BaseException | None = None</pre>
[2024-05-29T17:19:25.060+0000] {subprocess.py:93} INFO - <pre class="line before"><span class="ws">        </span>try:</pre>
[2024-05-29T17:19:25.063+0000] {subprocess.py:93} INFO - <pre class="line before"><span class="ws">            </span>try:</pre>
[2024-05-29T17:19:25.065+0000] {subprocess.py:93} INFO - <pre class="line before"><span class="ws">                </span>ctx.push()</pre>
[2024-05-29T17:19:25.066+0000] {subprocess.py:93} INFO - <pre class="line current"><span class="ws">                </span>response = self.full_dispatch_request()</pre>
[2024-05-29T17:19:25.067+0000] {subprocess.py:93} INFO - <pre class="line after"><span class="ws">            </span>except Exception as e:</pre>
[2024-05-29T17:19:25.068+0000] {subprocess.py:93} INFO - <pre class="line after"><span class="ws">                </span>error = e</pre>
[2024-05-29T17:19:25.069+0000] {subprocess.py:93} INFO - <pre class="line after"><span class="ws">                </span>response = self.handle_exception(e)</pre>
[2024-05-29T17:19:25.070+0000] {subprocess.py:93} INFO - <pre class="line after"><span class="ws">            </span>except:  # noqa: B001</pre>
[2024-05-29T17:19:25.071+0000] {subprocess.py:93} INFO - <pre class="line after"><span class="ws">                </span>error = sys.exc_info()[1]</pre></div>
[2024-05-29T17:19:25.073+0000] {subprocess.py:93} INFO - </div>
[2024-05-29T17:19:25.076+0000] {subprocess.py:93} INFO - 
[2024-05-29T17:19:25.077+0000] {subprocess.py:93} INFO - <li><div class="frame" id="frame-140474387543536">
[2024-05-29T17:19:25.079+0000] {subprocess.py:93} INFO -   <h4>File <cite class="filename">"/usr/local/lib/python3.9/site-packages/flask/app.py"</cite>,
[2024-05-29T17:19:25.081+0000] {subprocess.py:93} INFO -       line <em class="line">882</em>,
[2024-05-29T17:19:25.084+0000] {subprocess.py:93} INFO -       in <code class="function">full_dispatch_request</code></h4>
[2024-05-29T17:19:25.087+0000] {subprocess.py:93} INFO -   <div class="source library"><pre class="line before"><span class="ws">            </span>request_started.send(self, _async_wrapper=self.ensure_sync)</pre>
[2024-05-29T17:19:25.090+0000] {subprocess.py:93} INFO - <pre class="line before"><span class="ws">            </span>rv = self.preprocess_request()</pre>
[2024-05-29T17:19:25.091+0000] {subprocess.py:93} INFO - <pre class="line before"><span class="ws">            </span>if rv is None:</pre>
[2024-05-29T17:19:25.093+0000] {subprocess.py:93} INFO - <pre class="line before"><span class="ws">                </span>rv = self.dispatch_request()</pre>
[2024-05-29T17:19:25.094+0000] {subprocess.py:93} INFO - <pre class="line before"><span class="ws">        </span>except Exception as e:</pre>
[2024-05-29T17:19:25.097+0000] {subprocess.py:93} INFO - <pre class="line current"><span class="ws">            </span>rv = self.handle_user_exception(e)</pre>
[2024-05-29T17:19:25.098+0000] {subprocess.py:93} INFO - <pre class="line after"><span class="ws">        </span>return self.finalize_request(rv)</pre>
[2024-05-29T17:19:25.100+0000] {subprocess.py:93} INFO - <pre class="line after"><span class="ws"></span> </pre>
[2024-05-29T17:19:25.101+0000] {subprocess.py:93} INFO - <pre class="line after"><span class="ws">    </span>def finalize_request(</pre>
[2024-05-29T17:19:25.102+0000] {subprocess.py:93} INFO - <pre class="line after"><span class="ws">        </span>self,</pre>
[2024-05-29T17:19:25.103+0000] {subprocess.py:93} INFO - <pre class="line after"><span class="ws">        </span>rv: ft.ResponseReturnValue | HTTPException,</pre></div>
[2024-05-29T17:19:25.104+0000] {subprocess.py:93} INFO - </div>
[2024-05-29T17:19:25.105+0000] {subprocess.py:93} INFO - 
[2024-05-29T17:19:25.105+0000] {subprocess.py:93} INFO - <li><div class="frame" id="frame-140474387543648">
[2024-05-29T17:19:25.106+0000] {subprocess.py:93} INFO -   <h4>File <cite class="filename">"/usr/local/lib/python3.9/site-packages/flask/app.py"</cite>,
[2024-05-29T17:19:25.107+0000] {subprocess.py:93} INFO -       line <em class="line">880</em>,
[2024-05-29T17:19:25.108+0000] {subprocess.py:93} INFO -       in <code class="function">full_dispatch_request</code></h4>
[2024-05-29T17:19:25.109+0000] {subprocess.py:93} INFO -   <div class="source library"><pre class="line before"><span class="ws"></span> </pre>
[2024-05-29T17:19:25.110+0000] {subprocess.py:93} INFO - <pre class="line before"><span class="ws">        </span>try:</pre>
[2024-05-29T17:19:25.112+0000] {subprocess.py:93} INFO - <pre class="line before"><span class="ws">            </span>request_started.send(self, _async_wrapper=self.ensure_sync)</pre>
[2024-05-29T17:19:25.115+0000] {subprocess.py:93} INFO - <pre class="line before"><span class="ws">            </span>rv = self.preprocess_request()</pre>
[2024-05-29T17:19:25.116+0000] {subprocess.py:93} INFO - <pre class="line before"><span class="ws">            </span>if rv is None:</pre>
[2024-05-29T17:19:25.118+0000] {subprocess.py:93} INFO - <pre class="line current"><span class="ws">                </span>rv = self.dispatch_request()</pre>
[2024-05-29T17:19:25.119+0000] {subprocess.py:93} INFO - <pre class="line after"><span class="ws">        </span>except Exception as e:</pre>
[2024-05-29T17:19:25.120+0000] {subprocess.py:93} INFO - <pre class="line after"><span class="ws">            </span>rv = self.handle_user_exception(e)</pre>
[2024-05-29T17:19:25.121+0000] {subprocess.py:93} INFO - <pre class="line after"><span class="ws">        </span>return self.finalize_request(rv)</pre>
[2024-05-29T17:19:25.122+0000] {subprocess.py:93} INFO - <pre class="line after"><span class="ws"></span> </pre>
[2024-05-29T17:19:25.123+0000] {subprocess.py:93} INFO - <pre class="line after"><span class="ws">    </span>def finalize_request(</pre></div>
[2024-05-29T17:19:25.124+0000] {subprocess.py:93} INFO - </div>
[2024-05-29T17:19:25.125+0000] {subprocess.py:93} INFO - 
[2024-05-29T17:19:25.126+0000] {subprocess.py:93} INFO - <li><div class="frame" id="frame-140474387543760">
[2024-05-29T17:19:25.127+0000] {subprocess.py:93} INFO -   <h4>File <cite class="filename">"/usr/local/lib/python3.9/site-packages/flask/app.py"</cite>,
[2024-05-29T17:19:25.127+0000] {subprocess.py:93} INFO -       line <em class="line">865</em>,
[2024-05-29T17:19:25.129+0000] {subprocess.py:93} INFO -       in <code class="function">dispatch_request</code></h4>
[2024-05-29T17:19:25.135+0000] {subprocess.py:93} INFO -   <div class="source library"><pre class="line before"><span class="ws">            </span>and req.method == &#34;OPTIONS&#34;</pre>
[2024-05-29T17:19:25.136+0000] {subprocess.py:93} INFO - <pre class="line before"><span class="ws">        </span>):</pre>
[2024-05-29T17:19:25.136+0000] {subprocess.py:93} INFO - <pre class="line before"><span class="ws">            </span>return self.make_default_options_response()</pre>
[2024-05-29T17:19:25.137+0000] {subprocess.py:93} INFO - <pre class="line before"><span class="ws">        </span># otherwise dispatch to the handler for that endpoint</pre>
[2024-05-29T17:19:25.138+0000] {subprocess.py:93} INFO - <pre class="line before"><span class="ws">        </span>view_args: dict[str, t.Any] = req.view_args  # type: ignore[assignment]</pre>
[2024-05-29T17:19:25.138+0000] {subprocess.py:93} INFO - <pre class="line current"><span class="ws">        </span>return self.ensure_sync(self.view_functions[rule.endpoint])(**view_args)  # type: ignore[no-any-return]</pre>
[2024-05-29T17:19:25.139+0000] {subprocess.py:93} INFO - <pre class="line after"><span class="ws"></span> </pre>
[2024-05-29T17:19:25.140+0000] {subprocess.py:93} INFO - <pre class="line after"><span class="ws">    </span>def full_dispatch_request(self) -&gt; Response:</pre>
[2024-05-29T17:19:25.140+0000] {subprocess.py:93} INFO - <pre class="line after"><span class="ws">        </span>&#34;&#34;&#34;Dispatches the request and on top of that performs request</pre>
[2024-05-29T17:19:25.141+0000] {subprocess.py:93} INFO - <pre class="line after"><span class="ws">        </span>pre and postprocessing as well as HTTP exception catching and</pre>
[2024-05-29T17:19:25.141+0000] {subprocess.py:93} INFO - <pre class="line after"><span class="ws">        </span>error handling.</pre></div>
[2024-05-29T17:19:25.142+0000] {subprocess.py:93} INFO - </div>
[2024-05-29T17:19:25.143+0000] {subprocess.py:93} INFO - 
[2024-05-29T17:19:25.144+0000] {subprocess.py:93} INFO - <li><div class="frame" id="frame-140474387543872">
[2024-05-29T17:19:25.144+0000] {subprocess.py:93} INFO -   <h4>File <cite class="filename">"/app/appflask.py"</cite>,
[2024-05-29T17:19:25.145+0000] {subprocess.py:93} INFO -       line <em class="line">206</em>,
[2024-05-29T17:19:25.146+0000] {subprocess.py:93} INFO -       in <code class="function">check_send_status</code></h4>
[2024-05-29T17:19:25.147+0000] {subprocess.py:93} INFO -   <div class="source "><pre class="line before"><span class="ws">        </span>return str(e)</pre>
[2024-05-29T17:19:25.148+0000] {subprocess.py:93} INFO - <pre class="line before"><span class="ws"></span> </pre>
[2024-05-29T17:19:25.148+0000] {subprocess.py:93} INFO - <pre class="line before"><span class="ws"></span>@app.route(&#39;/check_send_status&#39;, methods=[&#39;GET&#39;])</pre>
[2024-05-29T17:19:25.149+0000] {subprocess.py:93} INFO - <pre class="line before"><span class="ws"></span>def check_send_status():</pre>
[2024-05-29T17:19:25.149+0000] {subprocess.py:93} INFO - <pre class="line before"><span class="ws">    </span>global last_status</pre>
[2024-05-29T17:19:25.150+0000] {subprocess.py:93} INFO - <pre class="line current"><span class="ws">    </span>return jsonify(last_status)</pre>
[2024-05-29T17:19:25.150+0000] {subprocess.py:93} INFO - <pre class="line after"><span class="ws"></span> </pre>
[2024-05-29T17:19:25.150+0000] {subprocess.py:93} INFO - <pre class="line after"><span class="ws"></span>if __name__ == &#39;__main__&#39;:</pre>
[2024-05-29T17:19:25.151+0000] {subprocess.py:93} INFO - <pre class="line after"><span class="ws">    </span>app.run(host=&#39;0.0.0.0&#39;, port=5000, debug=True)</pre></div>
[2024-05-29T17:19:25.151+0000] {subprocess.py:93} INFO - </div>
[2024-05-29T17:19:25.152+0000] {subprocess.py:93} INFO - </ul>
[2024-05-29T17:19:25.152+0000] {subprocess.py:93} INFO -   <blockquote>NameError: name &#39;last_status&#39; is not defined
[2024-05-29T17:19:25.153+0000] {subprocess.py:93} INFO - </blockquote>
[2024-05-29T17:19:25.153+0000] {subprocess.py:93} INFO - </div>
[2024-05-29T17:19:25.154+0000] {subprocess.py:93} INFO - 
[2024-05-29T17:19:25.154+0000] {subprocess.py:93} INFO - <div class="plain">
[2024-05-29T17:19:25.154+0000] {subprocess.py:93} INFO -     <p>
[2024-05-29T17:19:25.155+0000] {subprocess.py:93} INFO -       This is the Copy/Paste friendly version of the traceback.
[2024-05-29T17:19:25.155+0000] {subprocess.py:93} INFO -     </p>
[2024-05-29T17:19:25.156+0000] {subprocess.py:93} INFO -     <textarea cols="50" rows="10" name="code" readonly>Traceback (most recent call last):
[2024-05-29T17:19:25.157+0000] {subprocess.py:93} INFO -   File &#34;/usr/local/lib/python3.9/site-packages/flask/app.py&#34;, line 1498, in __call__
[2024-05-29T17:19:25.157+0000] {subprocess.py:93} INFO -     return self.wsgi_app(environ, start_response)
[2024-05-29T17:19:25.158+0000] {subprocess.py:93} INFO -   File &#34;/usr/local/lib/python3.9/site-packages/flask/app.py&#34;, line 1476, in wsgi_app
[2024-05-29T17:19:25.159+0000] {subprocess.py:93} INFO -     response = self.handle_exception(e)
[2024-05-29T17:19:25.159+0000] {subprocess.py:93} INFO -   File &#34;/usr/local/lib/python3.9/site-packages/flask/app.py&#34;, line 1473, in wsgi_app
[2024-05-29T17:19:25.159+0000] {subprocess.py:93} INFO -     response = self.full_dispatch_request()
[2024-05-29T17:19:25.160+0000] {subprocess.py:93} INFO -   File &#34;/usr/local/lib/python3.9/site-packages/flask/app.py&#34;, line 882, in full_dispatch_request
[2024-05-29T17:19:25.160+0000] {subprocess.py:93} INFO -     rv = self.handle_user_exception(e)
[2024-05-29T17:19:25.161+0000] {subprocess.py:93} INFO -   File &#34;/usr/local/lib/python3.9/site-packages/flask/app.py&#34;, line 880, in full_dispatch_request
[2024-05-29T17:19:25.161+0000] {subprocess.py:93} INFO -     rv = self.dispatch_request()
[2024-05-29T17:19:25.162+0000] {subprocess.py:93} INFO -   File &#34;/usr/local/lib/python3.9/site-packages/flask/app.py&#34;, line 865, in dispatch_request
[2024-05-29T17:19:25.163+0000] {subprocess.py:93} INFO -     return self.ensure_sync(self.view_functions[rule.endpoint])(**view_args)  # type: ignore[no-any-return]
[2024-05-29T17:19:25.163+0000] {subprocess.py:93} INFO -   File &#34;/app/appflask.py&#34;, line 206, in check_send_status
[2024-05-29T17:19:25.164+0000] {subprocess.py:93} INFO -     return jsonify(last_status)
[2024-05-29T17:19:25.165+0000] {subprocess.py:93} INFO - NameError: name &#39;last_status&#39; is not defined
[2024-05-29T17:19:25.166+0000] {subprocess.py:93} INFO - </textarea>
[2024-05-29T17:19:25.167+0000] {subprocess.py:93} INFO - </div>
[2024-05-29T17:19:25.167+0000] {subprocess.py:93} INFO - <div class="explanation">
[2024-05-29T17:19:25.168+0000] {subprocess.py:93} INFO -   The debugger caught an exception in your WSGI application.  You can now
[2024-05-29T17:19:25.168+0000] {subprocess.py:93} INFO -   look at the traceback which led to the error.  <span class="nojavascript">
[2024-05-29T17:19:25.169+0000] {subprocess.py:93} INFO -   If you enable JavaScript you can also use additional features such as code
[2024-05-29T17:19:25.169+0000] {subprocess.py:93} INFO -   execution (if the evalex feature is enabled), automatic pasting of the
[2024-05-29T17:19:25.169+0000] {subprocess.py:93} INFO -   exceptions and much more.</span>
[2024-05-29T17:19:25.170+0000] {subprocess.py:93} INFO - </div>
[2024-05-29T17:19:25.170+0000] {subprocess.py:93} INFO -       <div class="footer">
[2024-05-29T17:19:25.171+0000] {subprocess.py:93} INFO -         Brought to you by <strong class="arthur">DON'T PANIC</strong>, your
[2024-05-29T17:19:25.171+0000] {subprocess.py:93} INFO -         friendly Werkzeug powered traceback interpreter.
[2024-05-29T17:19:25.172+0000] {subprocess.py:93} INFO -       </div>
[2024-05-29T17:19:25.172+0000] {subprocess.py:93} INFO -     </div>
[2024-05-29T17:19:25.173+0000] {subprocess.py:93} INFO - 
[2024-05-29T17:19:25.173+0000] {subprocess.py:93} INFO -     <div class="pin-prompt">
[2024-05-29T17:19:25.173+0000] {subprocess.py:93} INFO -       <div class="inner">
[2024-05-29T17:19:25.174+0000] {subprocess.py:93} INFO -         <h3>Console Locked</h3>
[2024-05-29T17:19:25.174+0000] {subprocess.py:93} INFO -         <p>
[2024-05-29T17:19:25.175+0000] {subprocess.py:93} INFO -           The console is locked and needs to be unlocked by entering the PIN.
[2024-05-29T17:19:25.175+0000] {subprocess.py:93} INFO -           You can find the PIN printed out on the standard output of your
[2024-05-29T17:19:25.175+0000] {subprocess.py:93} INFO -           shell that runs the server.
[2024-05-29T17:19:25.176+0000] {subprocess.py:93} INFO -         <form>
[2024-05-29T17:19:25.176+0000] {subprocess.py:93} INFO -           <p>PIN:
[2024-05-29T17:19:25.177+0000] {subprocess.py:93} INFO -             <input type=text name=pin size=14>
[2024-05-29T17:19:25.177+0000] {subprocess.py:93} INFO -             <input type=submit name=btn value="Confirm Pin">
[2024-05-29T17:19:25.177+0000] {subprocess.py:93} INFO -         </form>
[2024-05-29T17:19:25.178+0000] {subprocess.py:93} INFO -       </div>
[2024-05-29T17:19:25.178+0000] {subprocess.py:93} INFO -     </div>
[2024-05-29T17:19:25.179+0000] {subprocess.py:93} INFO -   </body>
[2024-05-29T17:19:25.179+0000] {subprocess.py:93} INFO - </html>
[2024-05-29T17:19:25.180+0000] {subprocess.py:93} INFO - 
[2024-05-29T17:19:25.180+0000] {subprocess.py:93} INFO - <!--
[2024-05-29T17:19:25.180+0000] {subprocess.py:93} INFO - 
[2024-05-29T17:19:25.181+0000] {subprocess.py:93} INFO - Traceback (most recent call last):
[2024-05-29T17:19:25.181+0000] {subprocess.py:93} INFO -   File "/usr/local/lib/python3.9/site-packages/flask/app.py", line 1498, in __call__
[2024-05-29T17:19:25.181+0000] {subprocess.py:93} INFO -     return self.wsgi_app(environ, start_response)
[2024-05-29T17:19:25.182+0000] {subprocess.py:93} INFO -   File "/usr/local/lib/python3.9/site-packages/flask/app.py", line 1476, in wsgi_app
[2024-05-29T17:19:25.182+0000] {subprocess.py:93} INFO -     response = self.handle_exception(e)
[2024-05-29T17:19:25.183+0000] {subprocess.py:93} INFO -   File "/usr/local/lib/python3.9/site-packages/flask/app.py", line 1473, in wsgi_app
[2024-05-29T17:19:25.183+0000] {subprocess.py:93} INFO -     response = self.full_dispatch_request()
[2024-05-29T17:19:25.184+0000] {subprocess.py:93} INFO -   File "/usr/local/lib/python3.9/site-packages/flask/app.py", line 882, in full_dispatch_r100 12805  100 12805    0     0   598k      0 --:--:-- --:--:-- --:--:--  625k
[2024-05-29T17:19:25.184+0000] {subprocess.py:93} INFO - equest
[2024-05-29T17:19:25.185+0000] {subprocess.py:93} INFO -     rv = self.handle_user_exception(e)
[2024-05-29T17:19:25.185+0000] {subprocess.py:93} INFO -   File "/usr/local/lib/python3.9/site-packages/flask/app.py", line 880, in full_dispatch_request
[2024-05-29T17:19:25.185+0000] {subprocess.py:93} INFO -     rv = self.dispatch_request()
[2024-05-29T17:19:25.186+0000] {subprocess.py:93} INFO -   File "/usr/local/lib/python3.9/site-packages/flask/app.py", line 865, in dispatch_request
[2024-05-29T17:19:25.186+0000] {subprocess.py:93} INFO -     return self.ensure_sync(self.view_functions[rule.endpoint])(**view_args)  # type: ignore[no-any-return]
[2024-05-29T17:19:25.187+0000] {subprocess.py:93} INFO -   File "/app/appflask.py", line 206, in check_send_status
[2024-05-29T17:19:25.187+0000] {subprocess.py:93} INFO -     return jsonify(last_status)
[2024-05-29T17:19:25.188+0000] {subprocess.py:93} INFO - NameError: name 'last_status' is not defined
[2024-05-29T17:19:25.188+0000] {subprocess.py:93} INFO - 
[2024-05-29T17:19:25.189+0000] {subprocess.py:93} INFO - 
[2024-05-29T17:19:25.189+0000] {subprocess.py:93} INFO - -->
[2024-05-29T17:19:25.190+0000] {subprocess.py:97} INFO - Command exited with return code 0
[2024-05-29T17:19:25.191+0000] {taskinstance.py:441} INFO - ::group::Post task execution logs
[2024-05-29T17:19:25.295+0000] {taskinstance.py:1206} INFO - Marking task as SUCCESS. dag_id=flask_monitoring, task_id=check_flask_health, run_id=scheduled__2024-05-28T02:10:00+00:00, execution_date=20240528T021000, start_date=20240529T171923, end_date=20240529T171925
[2024-05-29T17:19:25.428+0000] {local_task_job_runner.py:240} INFO - Task exited with return code 0
[2024-05-29T17:19:25.614+0000] {taskinstance.py:3498} INFO - 1 downstream tasks scheduled from follow-on schedule check
[2024-05-29T17:19:25.633+0000] {local_task_job_runner.py:222} INFO - ::endgroup::
