[2024-06-02T11:51:04.900+0000] {local_task_job_runner.py:120} INFO - ::group::Pre task execution logs
[2024-06-02T11:51:04.976+0000] {taskinstance.py:2076} INFO - Dependencies all met for dep_context=non-requeueable deps ti=<TaskInstance: dag_with_docker_operator.check_status manual__2024-06-02T11:49:56.026332+00:00 [queued]>
[2024-06-02T11:51:05.011+0000] {taskinstance.py:2076} INFO - Dependencies all met for dep_context=requeueable deps ti=<TaskInstance: dag_with_docker_operator.check_status manual__2024-06-02T11:49:56.026332+00:00 [queued]>
[2024-06-02T11:51:05.013+0000] {taskinstance.py:2306} INFO - Starting attempt 1 of 2
[2024-06-02T11:51:05.987+0000] {taskinstance.py:2330} INFO - Executing <Task(PythonOperator): check_status> on 2024-06-02 11:49:56.026332+00:00
[2024-06-02T11:51:05.995+0000] {standard_task_runner.py:63} INFO - Started process 2206 to run task
[2024-06-02T11:51:05.998+0000] {standard_task_runner.py:90} INFO - Running: ['airflow', 'tasks', 'run', 'dag_with_docker_operator', 'check_status', 'manual__2024-06-02T11:49:56.026332+00:00', '--job-id', '759', '--raw', '--subdir', 'DAGS_FOLDER/dag_with_docker_operator.py', '--cfg-path', '/tmp/tmp28dr3c2c']
[2024-06-02T11:51:06.014+0000] {standard_task_runner.py:91} INFO - Job 759: Subtask check_status
[2024-06-02T11:51:06.447+0000] {task_command.py:426} INFO - Running <TaskInstance: dag_with_docker_operator.check_status manual__2024-06-02T11:49:56.026332+00:00 [running]> on host 9c47fcd741af
[2024-06-02T11:51:06.636+0000] {taskinstance.py:2648} INFO - Exporting env vars: AIRFLOW_CTX_DAG_OWNER='airflow' AIRFLOW_CTX_DAG_ID='dag_with_docker_operator' AIRFLOW_CTX_TASK_ID='check_status' AIRFLOW_CTX_EXECUTION_DATE='2024-06-02T11:49:56.026332+00:00' AIRFLOW_CTX_TRY_NUMBER='1' AIRFLOW_CTX_DAG_RUN_ID='manual__2024-06-02T11:49:56.026332+00:00'
[2024-06-02T11:51:06.637+0000] {taskinstance.py:430} INFO - ::endgroup::
[2024-06-02T11:51:06.662+0000] {taskinstance.py:441} INFO - ::group::Post task execution logs
[2024-06-02T11:51:06.668+0000] {taskinstance.py:2905} ERROR - Task failed with exception
Traceback (most recent call last):
  File "/home/airflow/.local/lib/python3.12/site-packages/airflow/models/taskinstance.py", line 465, in _execute_task
    result = _execute_callable(context=context, **execute_callable_kwargs)
             ^^^^^^^^^^^^^^^^^^^^^^^^^^^^^^^^^^^^^^^^^^^^^^^^^^^^^^^^^^^^^
  File "/home/airflow/.local/lib/python3.12/site-packages/airflow/models/taskinstance.py", line 432, in _execute_callable
    return execute_callable(context=context, **execute_callable_kwargs)
           ^^^^^^^^^^^^^^^^^^^^^^^^^^^^^^^^^^^^^^^^^^^^^^^^^^^^^^^^^^^^
  File "/home/airflow/.local/lib/python3.12/site-packages/airflow/models/baseoperator.py", line 400, in wrapper
    return func(self, *args, **kwargs)
           ^^^^^^^^^^^^^^^^^^^^^^^^^^^
  File "/home/airflow/.local/lib/python3.12/site-packages/airflow/operators/python.py", line 235, in execute
    return_value = self.execute_callable()
                   ^^^^^^^^^^^^^^^^^^^^^^^
  File "/home/airflow/.local/lib/python3.12/site-packages/airflow/operators/python.py", line 252, in execute_callable
    return self.python_callable(*self.op_args, **self.op_kwargs)
           ^^^^^^^^^^^^^^^^^^^^^^^^^^^^^^^^^^^^^^^^^^^^^^^^^^^^^
  File "/opt/airflow/dags/dag_with_docker_operator.py", line 26, in check_send_status
    raise ValueError(f"Task failed with status: {status}")
ValueError: Task failed with status: failed
[2024-06-02T11:51:06.693+0000] {taskinstance.py:1206} INFO - Marking task as UP_FOR_RETRY. dag_id=dag_with_docker_operator, task_id=check_status, run_id=manual__2024-06-02T11:49:56.026332+00:00, execution_date=20240602T114956, start_date=20240602T115104, end_date=20240602T115106
[2024-06-02T11:51:06.909+0000] {standard_task_runner.py:110} ERROR - Failed to execute job 759 for task check_status (Task failed with status: failed; 2206)
[2024-06-02T11:51:06.951+0000] {local_task_job_runner.py:240} INFO - Task exited with return code 1
[2024-06-02T11:51:07.227+0000] {taskinstance.py:3498} INFO - 0 downstream tasks scheduled from follow-on schedule check
[2024-06-02T11:51:07.238+0000] {local_task_job_runner.py:222} INFO - ::endgroup::
