[2024-06-01T21:25:22.175+0000] {local_task_job_runner.py:120} INFO - ::group::Pre task execution logs
[2024-06-01T21:25:22.223+0000] {taskinstance.py:2076} INFO - Dependencies all met for dep_context=non-requeueable deps ti=<TaskInstance: dag_with_docker_operator.check_status scheduled__2024-06-01T07:30:00+00:00 [queued]>
[2024-06-01T21:25:22.253+0000] {taskinstance.py:2076} INFO - Dependencies all met for dep_context=requeueable deps ti=<TaskInstance: dag_with_docker_operator.check_status scheduled__2024-06-01T07:30:00+00:00 [queued]>
[2024-06-01T21:25:22.260+0000] {taskinstance.py:2306} INFO - Starting attempt 1 of 2
[2024-06-01T21:25:22.458+0000] {taskinstance.py:2330} INFO - Executing <Task(PythonOperator): check_status> on 2024-06-01 07:30:00+00:00
[2024-06-01T21:25:22.464+0000] {standard_task_runner.py:63} INFO - Started process 620 to run task
[2024-06-01T21:25:22.468+0000] {standard_task_runner.py:90} INFO - Running: ['airflow', 'tasks', 'run', 'dag_with_docker_operator', 'check_status', 'scheduled__2024-06-01T07:30:00+00:00', '--job-id', '789', '--raw', '--subdir', 'DAGS_FOLDER/dag_with_docker_operator.py', '--cfg-path', '/tmp/tmp69246boy']
[2024-06-01T21:25:22.470+0000] {standard_task_runner.py:91} INFO - Job 789: Subtask check_status
[2024-06-01T21:25:22.681+0000] {task_command.py:426} INFO - Running <TaskInstance: dag_with_docker_operator.check_status scheduled__2024-06-01T07:30:00+00:00 [running]> on host 9c47fcd741af
[2024-06-01T21:25:23.350+0000] {taskinstance.py:2648} INFO - Exporting env vars: AIRFLOW_CTX_DAG_OWNER='airflow' AIRFLOW_CTX_DAG_ID='dag_with_docker_operator' AIRFLOW_CTX_TASK_ID='check_status' AIRFLOW_CTX_EXECUTION_DATE='2024-06-01T07:30:00+00:00' AIRFLOW_CTX_TRY_NUMBER='1' AIRFLOW_CTX_DAG_RUN_ID='scheduled__2024-06-01T07:30:00+00:00'
[2024-06-01T21:25:23.351+0000] {taskinstance.py:430} INFO - ::endgroup::
[2024-06-01T21:25:23.393+0000] {python.py:237} INFO - Done. Returned value was: {'status': 'success'}
[2024-06-01T21:25:23.396+0000] {taskinstance.py:441} INFO - ::group::Post task execution logs
[2024-06-01T21:25:23.508+0000] {taskinstance.py:1206} INFO - Marking task as SUCCESS. dag_id=dag_with_docker_operator, task_id=check_status, run_id=scheduled__2024-06-01T07:30:00+00:00, execution_date=20240601T073000, start_date=20240601T212522, end_date=20240601T212523
[2024-06-01T21:25:23.564+0000] {local_task_job_runner.py:240} INFO - Task exited with return code 0
[2024-06-01T21:25:23.590+0000] {taskinstance.py:3498} INFO - 0 downstream tasks scheduled from follow-on schedule check
[2024-06-01T21:25:23.592+0000] {local_task_job_runner.py:222} INFO - ::endgroup::
[2024-06-02T11:29:06.218+0000] {local_task_job_runner.py:120} INFO - ::group::Pre task execution logs
[2024-06-02T11:29:06.264+0000] {taskinstance.py:2076} INFO - Dependencies all met for dep_context=non-requeueable deps ti=<TaskInstance: dag_with_docker_operator.check_status scheduled__2024-06-01T07:30:00+00:00 [queued]>
[2024-06-02T11:29:06.285+0000] {taskinstance.py:2076} INFO - Dependencies all met for dep_context=requeueable deps ti=<TaskInstance: dag_with_docker_operator.check_status scheduled__2024-06-01T07:30:00+00:00 [queued]>
[2024-06-02T11:29:06.285+0000] {taskinstance.py:2306} INFO - Starting attempt 1 of 2
[2024-06-02T11:29:06.436+0000] {taskinstance.py:2330} INFO - Executing <Task(PythonOperator): check_status> on 2024-06-01 07:30:00+00:00
[2024-06-02T11:29:06.442+0000] {standard_task_runner.py:63} INFO - Started process 1587 to run task
[2024-06-02T11:29:06.446+0000] {standard_task_runner.py:90} INFO - Running: ['airflow', 'tasks', 'run', 'dag_with_docker_operator', 'check_status', 'scheduled__2024-06-01T07:30:00+00:00', '--job-id', '788', '--raw', '--subdir', 'DAGS_FOLDER/dag_with_docker_operator.py', '--cfg-path', '/tmp/tmp1eifiqg9']
[2024-06-02T11:29:06.449+0000] {standard_task_runner.py:91} INFO - Job 788: Subtask check_status
[2024-06-02T11:29:06.555+0000] {task_command.py:426} INFO - Running <TaskInstance: dag_with_docker_operator.check_status scheduled__2024-06-01T07:30:00+00:00 [running]> on host 9c47fcd741af
[2024-06-02T11:29:06.821+0000] {taskinstance.py:2648} INFO - Exporting env vars: AIRFLOW_CTX_DAG_OWNER='airflow' AIRFLOW_CTX_DAG_ID='dag_with_docker_operator' AIRFLOW_CTX_TASK_ID='check_status' AIRFLOW_CTX_EXECUTION_DATE='2024-06-01T07:30:00+00:00' AIRFLOW_CTX_TRY_NUMBER='1' AIRFLOW_CTX_DAG_RUN_ID='scheduled__2024-06-01T07:30:00+00:00'
[2024-06-02T11:29:06.823+0000] {taskinstance.py:430} INFO - ::endgroup::
[2024-06-02T11:29:06.906+0000] {python.py:237} INFO - Done. Returned value was: {'status': 'failed'}
[2024-06-02T11:29:06.908+0000] {taskinstance.py:441} INFO - ::group::Post task execution logs
[2024-06-02T11:29:07.041+0000] {taskinstance.py:1206} INFO - Marking task as SUCCESS. dag_id=dag_with_docker_operator, task_id=check_status, run_id=scheduled__2024-06-01T07:30:00+00:00, execution_date=20240601T073000, start_date=20240602T112906, end_date=20240602T112907
[2024-06-02T11:29:07.103+0000] {local_task_job_runner.py:240} INFO - Task exited with return code 0
[2024-06-02T11:29:07.134+0000] {taskinstance.py:3498} INFO - 0 downstream tasks scheduled from follow-on schedule check
[2024-06-02T11:29:07.136+0000] {local_task_job_runner.py:222} INFO - ::endgroup::
[2024-06-02T11:59:38.191+0000] {local_task_job_runner.py:120} INFO - ::group::Pre task execution logs
[2024-06-02T11:59:38.241+0000] {taskinstance.py:2076} INFO - Dependencies all met for dep_context=non-requeueable deps ti=<TaskInstance: dag_with_docker_operator.check_status scheduled__2024-06-01T07:30:00+00:00 [queued]>
[2024-06-02T11:59:38.264+0000] {taskinstance.py:2076} INFO - Dependencies all met for dep_context=requeueable deps ti=<TaskInstance: dag_with_docker_operator.check_status scheduled__2024-06-01T07:30:00+00:00 [queued]>
[2024-06-02T11:59:38.265+0000] {taskinstance.py:2306} INFO - Starting attempt 1 of 2
[2024-06-02T11:59:38.423+0000] {taskinstance.py:2330} INFO - Executing <Task(PythonOperator): check_status> on 2024-06-01 07:30:00+00:00
[2024-06-02T11:59:38.430+0000] {standard_task_runner.py:63} INFO - Started process 2422 to run task
[2024-06-02T11:59:38.433+0000] {standard_task_runner.py:90} INFO - Running: ['airflow', 'tasks', 'run', 'dag_with_docker_operator', 'check_status', 'scheduled__2024-06-01T07:30:00+00:00', '--job-id', '799', '--raw', '--subdir', 'DAGS_FOLDER/dag_with_docker_operator.py', '--cfg-path', '/tmp/tmpvfl96yy0']
[2024-06-02T11:59:38.435+0000] {standard_task_runner.py:91} INFO - Job 799: Subtask check_status
[2024-06-02T11:59:38.561+0000] {task_command.py:426} INFO - Running <TaskInstance: dag_with_docker_operator.check_status scheduled__2024-06-01T07:30:00+00:00 [running]> on host 9c47fcd741af
[2024-06-02T11:59:39.068+0000] {taskinstance.py:2648} INFO - Exporting env vars: AIRFLOW_CTX_DAG_OWNER='airflow' AIRFLOW_CTX_DAG_ID='dag_with_docker_operator' AIRFLOW_CTX_TASK_ID='check_status' AIRFLOW_CTX_EXECUTION_DATE='2024-06-01T07:30:00+00:00' AIRFLOW_CTX_TRY_NUMBER='1' AIRFLOW_CTX_DAG_RUN_ID='scheduled__2024-06-01T07:30:00+00:00'
[2024-06-02T11:59:39.070+0000] {taskinstance.py:430} INFO - ::endgroup::
[2024-06-02T11:59:39.116+0000] {python.py:237} INFO - Done. Returned value was: {'status': 'success'}
[2024-06-02T11:59:39.117+0000] {taskinstance.py:441} INFO - ::group::Post task execution logs
[2024-06-02T11:59:39.171+0000] {taskinstance.py:1206} INFO - Marking task as SUCCESS. dag_id=dag_with_docker_operator, task_id=check_status, run_id=scheduled__2024-06-01T07:30:00+00:00, execution_date=20240601T073000, start_date=20240602T115938, end_date=20240602T115939
[2024-06-02T11:59:39.251+0000] {local_task_job_runner.py:240} INFO - Task exited with return code 0
[2024-06-02T11:59:39.278+0000] {taskinstance.py:3498} INFO - 0 downstream tasks scheduled from follow-on schedule check
[2024-06-02T11:59:39.281+0000] {local_task_job_runner.py:222} INFO - ::endgroup::
[2024-06-02T12:18:39.569+0000] {local_task_job_runner.py:120} INFO - ::group::Pre task execution logs
[2024-06-02T12:18:39.724+0000] {taskinstance.py:2076} INFO - Dependencies all met for dep_context=non-requeueable deps ti=<TaskInstance: dag_with_docker_operator.check_status scheduled__2024-06-01T07:30:00+00:00 [queued]>
[2024-06-02T12:18:39.792+0000] {taskinstance.py:2076} INFO - Dependencies all met for dep_context=requeueable deps ti=<TaskInstance: dag_with_docker_operator.check_status scheduled__2024-06-01T07:30:00+00:00 [queued]>
[2024-06-02T12:18:39.793+0000] {taskinstance.py:2306} INFO - Starting attempt 1 of 2
[2024-06-02T12:18:39.979+0000] {taskinstance.py:2330} INFO - Executing <Task(PythonOperator): check_status> on 2024-06-01 07:30:00+00:00
[2024-06-02T12:18:39.985+0000] {standard_task_runner.py:63} INFO - Started process 2913 to run task
[2024-06-02T12:18:39.989+0000] {standard_task_runner.py:90} INFO - Running: ['airflow', 'tasks', 'run', 'dag_with_docker_operator', 'check_status', 'scheduled__2024-06-01T07:30:00+00:00', '--job-id', '792', '--raw', '--subdir', 'DAGS_FOLDER/dag_with_docker_operator.py', '--cfg-path', '/tmp/tmpoj240w_p']
[2024-06-02T12:18:39.991+0000] {standard_task_runner.py:91} INFO - Job 792: Subtask check_status
[2024-06-02T12:18:40.460+0000] {task_command.py:426} INFO - Running <TaskInstance: dag_with_docker_operator.check_status scheduled__2024-06-01T07:30:00+00:00 [running]> on host 9c47fcd741af
[2024-06-02T12:18:40.767+0000] {taskinstance.py:2648} INFO - Exporting env vars: AIRFLOW_CTX_DAG_OWNER='airflow' AIRFLOW_CTX_DAG_ID='dag_with_docker_operator' AIRFLOW_CTX_TASK_ID='check_status' AIRFLOW_CTX_EXECUTION_DATE='2024-06-01T07:30:00+00:00' AIRFLOW_CTX_TRY_NUMBER='1' AIRFLOW_CTX_DAG_RUN_ID='scheduled__2024-06-01T07:30:00+00:00'
[2024-06-02T12:18:40.767+0000] {taskinstance.py:430} INFO - ::endgroup::
[2024-06-02T12:18:40.789+0000] {taskinstance.py:441} INFO - ::group::Post task execution logs
[2024-06-02T12:18:40.792+0000] {taskinstance.py:2905} ERROR - Task failed with exception
Traceback (most recent call last):
  File "/home/airflow/.local/lib/python3.12/site-packages/airflow/models/taskinstance.py", line 465, in _execute_task
    result = _execute_callable(context=context, **execute_callable_kwargs)
             ^^^^^^^^^^^^^^^^^^^^^^^^^^^^^^^^^^^^^^^^^^^^^^^^^^^^^^^^^^^^^
  File "/home/airflow/.local/lib/python3.12/site-packages/airflow/models/taskinstance.py", line 432, in _execute_callable
    return execute_callable(context=context, **execute_callable_kwargs)
           ^^^^^^^^^^^^^^^^^^^^^^^^^^^^^^^^^^^^^^^^^^^^^^^^^^^^^^^^^^^^
  File "/home/airflow/.local/lib/python3.12/site-packages/airflow/models/baseoperator.py", line 400, in wrapper
    return func(self, *args, **kwargs)
           ^^^^^^^^^^^^^^^^^^^^^^^^^^^
  File "/home/airflow/.local/lib/python3.12/site-packages/airflow/operators/python.py", line 235, in execute
    return_value = self.execute_callable()
                   ^^^^^^^^^^^^^^^^^^^^^^^
  File "/home/airflow/.local/lib/python3.12/site-packages/airflow/operators/python.py", line 252, in execute_callable
    return self.python_callable(*self.op_args, **self.op_kwargs)
           ^^^^^^^^^^^^^^^^^^^^^^^^^^^^^^^^^^^^^^^^^^^^^^^^^^^^^
  File "/opt/airflow/dags/dag_with_docker_operator.py", line 24, in check_send_status
    raise ValueError(f"Check send status failed: {result}")
ValueError: Check send status failed: {'status': 'failed'}
[2024-06-02T12:18:40.810+0000] {taskinstance.py:1206} INFO - Marking task as UP_FOR_RETRY. dag_id=dag_with_docker_operator, task_id=check_status, run_id=scheduled__2024-06-01T07:30:00+00:00, execution_date=20240601T073000, start_date=20240602T121839, end_date=20240602T121840
[2024-06-02T12:18:40.858+0000] {standard_task_runner.py:110} ERROR - Failed to execute job 792 for task check_status (Check send status failed: {'status': 'failed'}; 2913)
[2024-06-02T12:18:40.885+0000] {local_task_job_runner.py:240} INFO - Task exited with return code 1
[2024-06-02T12:18:41.032+0000] {taskinstance.py:3498} INFO - 0 downstream tasks scheduled from follow-on schedule check
[2024-06-02T12:18:41.034+0000] {local_task_job_runner.py:222} INFO - ::endgroup::
