[2024-06-01T21:31:42.229+0000] {local_task_job_runner.py:120} INFO - ::group::Pre task execution logs
[2024-06-01T21:31:42.276+0000] {taskinstance.py:2076} INFO - Dependencies all met for dep_context=non-requeueable deps ti=<TaskInstance: dag_with_docker_operator.check_status scheduled__2024-06-01T17:30:00+00:00 [queued]>
[2024-06-01T21:31:42.295+0000] {taskinstance.py:2076} INFO - Dependencies all met for dep_context=requeueable deps ti=<TaskInstance: dag_with_docker_operator.check_status scheduled__2024-06-01T17:30:00+00:00 [queued]>
[2024-06-01T21:31:42.296+0000] {taskinstance.py:2306} INFO - Starting attempt 1 of 2
[2024-06-01T21:31:42.434+0000] {taskinstance.py:2330} INFO - Executing <Task(PythonOperator): check_status> on 2024-06-01 17:30:00+00:00
[2024-06-01T21:31:42.442+0000] {standard_task_runner.py:63} INFO - Started process 840 to run task
[2024-06-01T21:31:42.446+0000] {standard_task_runner.py:90} INFO - Running: ['airflow', 'tasks', 'run', 'dag_with_docker_operator', 'check_status', 'scheduled__2024-06-01T17:30:00+00:00', '--job-id', '829', '--raw', '--subdir', 'DAGS_FOLDER/dag_with_docker_operator.py', '--cfg-path', '/tmp/tmpep99kfv3']
[2024-06-01T21:31:42.449+0000] {standard_task_runner.py:91} INFO - Job 829: Subtask check_status
[2024-06-01T21:31:42.568+0000] {task_command.py:426} INFO - Running <TaskInstance: dag_with_docker_operator.check_status scheduled__2024-06-01T17:30:00+00:00 [running]> on host 9c47fcd741af
[2024-06-01T21:31:43.137+0000] {taskinstance.py:2648} INFO - Exporting env vars: AIRFLOW_CTX_DAG_OWNER='airflow' AIRFLOW_CTX_DAG_ID='dag_with_docker_operator' AIRFLOW_CTX_TASK_ID='check_status' AIRFLOW_CTX_EXECUTION_DATE='2024-06-01T17:30:00+00:00' AIRFLOW_CTX_TRY_NUMBER='1' AIRFLOW_CTX_DAG_RUN_ID='scheduled__2024-06-01T17:30:00+00:00'
[2024-06-01T21:31:43.138+0000] {taskinstance.py:430} INFO - ::endgroup::
[2024-06-01T21:31:43.166+0000] {python.py:237} INFO - Done. Returned value was: {'status': 'success'}
[2024-06-01T21:31:43.167+0000] {taskinstance.py:441} INFO - ::group::Post task execution logs
[2024-06-01T21:31:43.233+0000] {taskinstance.py:1206} INFO - Marking task as SUCCESS. dag_id=dag_with_docker_operator, task_id=check_status, run_id=scheduled__2024-06-01T17:30:00+00:00, execution_date=20240601T173000, start_date=20240601T213142, end_date=20240601T213143
[2024-06-01T21:31:43.308+0000] {local_task_job_runner.py:240} INFO - Task exited with return code 0
[2024-06-01T21:31:43.336+0000] {taskinstance.py:3498} INFO - 0 downstream tasks scheduled from follow-on schedule check
[2024-06-01T21:31:43.338+0000] {local_task_job_runner.py:222} INFO - ::endgroup::
[2024-06-02T11:36:08.551+0000] {local_task_job_runner.py:120} INFO - ::group::Pre task execution logs
[2024-06-02T11:36:08.603+0000] {taskinstance.py:2076} INFO - Dependencies all met for dep_context=non-requeueable deps ti=<TaskInstance: dag_with_docker_operator.check_status scheduled__2024-06-01T17:30:00+00:00 [queued]>
[2024-06-02T11:36:08.622+0000] {taskinstance.py:2076} INFO - Dependencies all met for dep_context=requeueable deps ti=<TaskInstance: dag_with_docker_operator.check_status scheduled__2024-06-01T17:30:00+00:00 [queued]>
[2024-06-02T11:36:08.623+0000] {taskinstance.py:2306} INFO - Starting attempt 1 of 2
[2024-06-02T11:36:08.774+0000] {taskinstance.py:2330} INFO - Executing <Task(PythonOperator): check_status> on 2024-06-01 17:30:00+00:00
[2024-06-02T11:36:08.780+0000] {standard_task_runner.py:63} INFO - Started process 1812 to run task
[2024-06-02T11:36:08.783+0000] {standard_task_runner.py:90} INFO - Running: ['airflow', 'tasks', 'run', 'dag_with_docker_operator', 'check_status', 'scheduled__2024-06-01T17:30:00+00:00', '--job-id', '829', '--raw', '--subdir', 'DAGS_FOLDER/dag_with_docker_operator.py', '--cfg-path', '/tmp/tmpp5sg9is9']
[2024-06-02T11:36:08.785+0000] {standard_task_runner.py:91} INFO - Job 829: Subtask check_status
[2024-06-02T11:36:08.892+0000] {task_command.py:426} INFO - Running <TaskInstance: dag_with_docker_operator.check_status scheduled__2024-06-01T17:30:00+00:00 [running]> on host 9c47fcd741af
[2024-06-02T11:36:09.295+0000] {taskinstance.py:2648} INFO - Exporting env vars: AIRFLOW_CTX_DAG_OWNER='airflow' AIRFLOW_CTX_DAG_ID='dag_with_docker_operator' AIRFLOW_CTX_TASK_ID='check_status' AIRFLOW_CTX_EXECUTION_DATE='2024-06-01T17:30:00+00:00' AIRFLOW_CTX_TRY_NUMBER='1' AIRFLOW_CTX_DAG_RUN_ID='scheduled__2024-06-01T17:30:00+00:00'
[2024-06-02T11:36:09.296+0000] {taskinstance.py:430} INFO - ::endgroup::
[2024-06-02T11:36:09.329+0000] {python.py:237} INFO - Done. Returned value was: {'status': 'failed'}
[2024-06-02T11:36:09.331+0000] {taskinstance.py:441} INFO - ::group::Post task execution logs
[2024-06-02T11:36:09.382+0000] {taskinstance.py:1206} INFO - Marking task as SUCCESS. dag_id=dag_with_docker_operator, task_id=check_status, run_id=scheduled__2024-06-01T17:30:00+00:00, execution_date=20240601T173000, start_date=20240602T113608, end_date=20240602T113609
[2024-06-02T11:36:09.441+0000] {local_task_job_runner.py:240} INFO - Task exited with return code 0
[2024-06-02T11:36:09.465+0000] {taskinstance.py:3498} INFO - 0 downstream tasks scheduled from follow-on schedule check
[2024-06-02T11:36:09.467+0000] {local_task_job_runner.py:222} INFO - ::endgroup::
[2024-06-02T12:29:38.798+0000] {local_task_job_runner.py:120} INFO - ::group::Pre task execution logs
[2024-06-02T12:29:38.848+0000] {taskinstance.py:2076} INFO - Dependencies all met for dep_context=non-requeueable deps ti=<TaskInstance: dag_with_docker_operator.check_status scheduled__2024-06-01T17:30:00+00:00 [queued]>
[2024-06-02T12:29:38.871+0000] {taskinstance.py:2076} INFO - Dependencies all met for dep_context=requeueable deps ti=<TaskInstance: dag_with_docker_operator.check_status scheduled__2024-06-01T17:30:00+00:00 [queued]>
[2024-06-02T12:29:38.871+0000] {taskinstance.py:2306} INFO - Starting attempt 1 of 2
[2024-06-02T12:29:38.931+0000] {taskinstance.py:2330} INFO - Executing <Task(PythonOperator): check_status> on 2024-06-01 17:30:00+00:00
[2024-06-02T12:29:38.937+0000] {standard_task_runner.py:63} INFO - Started process 3269 to run task
[2024-06-02T12:29:38.940+0000] {standard_task_runner.py:90} INFO - Running: ['airflow', 'tasks', 'run', 'dag_with_docker_operator', 'check_status', 'scheduled__2024-06-01T17:30:00+00:00', '--job-id', '857', '--raw', '--subdir', 'DAGS_FOLDER/dag_with_docker_operator.py', '--cfg-path', '/tmp/tmp8kp_0dr3']
[2024-06-02T12:29:38.942+0000] {standard_task_runner.py:91} INFO - Job 857: Subtask check_status
[2024-06-02T12:29:39.204+0000] {task_command.py:426} INFO - Running <TaskInstance: dag_with_docker_operator.check_status scheduled__2024-06-01T17:30:00+00:00 [running]> on host 9c47fcd741af
[2024-06-02T12:29:39.621+0000] {taskinstance.py:2648} INFO - Exporting env vars: AIRFLOW_CTX_DAG_OWNER='airflow' AIRFLOW_CTX_DAG_ID='dag_with_docker_operator' AIRFLOW_CTX_TASK_ID='check_status' AIRFLOW_CTX_EXECUTION_DATE='2024-06-01T17:30:00+00:00' AIRFLOW_CTX_TRY_NUMBER='1' AIRFLOW_CTX_DAG_RUN_ID='scheduled__2024-06-01T17:30:00+00:00'
[2024-06-02T12:29:39.622+0000] {taskinstance.py:430} INFO - ::endgroup::
[2024-06-02T12:29:39.646+0000] {taskinstance.py:441} INFO - ::group::Post task execution logs
[2024-06-02T12:29:39.647+0000] {taskinstance.py:2905} ERROR - Task failed with exception
Traceback (most recent call last):
  File "/home/airflow/.local/lib/python3.12/site-packages/airflow/models/taskinstance.py", line 465, in _execute_task
    result = _execute_callable(context=context, **execute_callable_kwargs)
             ^^^^^^^^^^^^^^^^^^^^^^^^^^^^^^^^^^^^^^^^^^^^^^^^^^^^^^^^^^^^^
  File "/home/airflow/.local/lib/python3.12/site-packages/airflow/models/taskinstance.py", line 432, in _execute_callable
    return execute_callable(context=context, **execute_callable_kwargs)
           ^^^^^^^^^^^^^^^^^^^^^^^^^^^^^^^^^^^^^^^^^^^^^^^^^^^^^^^^^^^^
  File "/home/airflow/.local/lib/python3.12/site-packages/airflow/models/baseoperator.py", line 400, in wrapper
    return func(self, *args, **kwargs)
           ^^^^^^^^^^^^^^^^^^^^^^^^^^^
  File "/home/airflow/.local/lib/python3.12/site-packages/airflow/operators/python.py", line 235, in execute
    return_value = self.execute_callable()
                   ^^^^^^^^^^^^^^^^^^^^^^^
  File "/home/airflow/.local/lib/python3.12/site-packages/airflow/operators/python.py", line 252, in execute_callable
    return self.python_callable(*self.op_args, **self.op_kwargs)
           ^^^^^^^^^^^^^^^^^^^^^^^^^^^^^^^^^^^^^^^^^^^^^^^^^^^^^
  File "/opt/airflow/dags/dag_with_docker_operator.py", line 24, in check_send_status
    raise ValueError(f"Request returned non-success status: {response_json.get('status')}")
ValueError: Request returned non-success status: failed
[2024-06-02T12:29:39.666+0000] {taskinstance.py:1206} INFO - Marking task as UP_FOR_RETRY. dag_id=dag_with_docker_operator, task_id=check_status, run_id=scheduled__2024-06-01T17:30:00+00:00, execution_date=20240601T173000, start_date=20240602T122938, end_date=20240602T122939
[2024-06-02T12:29:39.714+0000] {standard_task_runner.py:110} ERROR - Failed to execute job 857 for task check_status (Request returned non-success status: failed; 3269)
[2024-06-02T12:29:39.760+0000] {local_task_job_runner.py:240} INFO - Task exited with return code 1
[2024-06-02T12:29:39.902+0000] {taskinstance.py:3498} INFO - 0 downstream tasks scheduled from follow-on schedule check
[2024-06-02T12:29:39.904+0000] {local_task_job_runner.py:222} INFO - ::endgroup::
