[2024-05-30T08:37:39.372+0000] {local_task_job_runner.py:120} INFO - ::group::Pre task execution logs
[2024-05-30T08:37:39.542+0000] {taskinstance.py:2076} INFO - Dependencies all met for dep_context=non-requeueable deps ti=<TaskInstance: flask_monitoring.monitor_flask_logs manual__2024-05-30T08:31:01.138809+00:00 [queued]>
[2024-05-30T08:37:39.576+0000] {taskinstance.py:2076} INFO - Dependencies all met for dep_context=requeueable deps ti=<TaskInstance: flask_monitoring.monitor_flask_logs manual__2024-05-30T08:31:01.138809+00:00 [queued]>
[2024-05-30T08:37:39.578+0000] {taskinstance.py:2306} INFO - Starting attempt 1 of 2
[2024-05-30T08:37:39.652+0000] {taskinstance.py:2330} INFO - Executing <Task(BashOperator): monitor_flask_logs> on 2024-05-30 08:31:01.138809+00:00
[2024-05-30T08:37:39.659+0000] {standard_task_runner.py:63} INFO - Started process 274 to run task
[2024-05-30T08:37:39.663+0000] {standard_task_runner.py:90} INFO - Running: ['airflow', 'tasks', 'run', 'flask_monitoring', 'monitor_flask_logs', 'manual__2024-05-30T08:31:01.138809+00:00', '--job-id', '239', '--raw', '--subdir', 'DAGS_FOLDER/flask_monitoring.py', '--cfg-path', '/tmp/tmpdhzxl4ht']
[2024-05-30T08:37:39.673+0000] {standard_task_runner.py:91} INFO - Job 239: Subtask monitor_flask_logs
[2024-05-30T08:37:39.880+0000] {task_command.py:426} INFO - Running <TaskInstance: flask_monitoring.monitor_flask_logs manual__2024-05-30T08:31:01.138809+00:00 [running]> on host f708138922bb
[2024-05-30T08:37:40.284+0000] {taskinstance.py:2648} INFO - Exporting env vars: AIRFLOW_CTX_DAG_OWNER='airflow' AIRFLOW_CTX_DAG_ID='flask_monitoring' AIRFLOW_CTX_TASK_ID='monitor_flask_logs' AIRFLOW_CTX_EXECUTION_DATE='2024-05-30T08:31:01.138809+00:00' AIRFLOW_CTX_TRY_NUMBER='1' AIRFLOW_CTX_DAG_RUN_ID='manual__2024-05-30T08:31:01.138809+00:00'
[2024-05-30T08:37:40.286+0000] {taskinstance.py:430} INFO - ::endgroup::
[2024-05-30T08:37:40.340+0000] {subprocess.py:63} INFO - Tmp dir root location: /tmp
[2024-05-30T08:37:40.341+0000] {subprocess.py:75} INFO - Running command: ['/usr/bin/bash', '-c', 'docker logs 93adf74dff35']
[2024-05-30T08:37:40.353+0000] {subprocess.py:86} INFO - Output:
[2024-05-30T08:37:40.410+0000] {subprocess.py:93} INFO - Cannot connect to the Docker daemon at unix:///var/run/docker.sock. Is the docker daemon running?
[2024-05-30T08:37:40.412+0000] {subprocess.py:97} INFO - Command exited with return code 1
[2024-05-30T08:37:40.413+0000] {taskinstance.py:441} INFO - ::group::Post task execution logs
[2024-05-30T08:37:40.438+0000] {taskinstance.py:2905} ERROR - Task failed with exception
Traceback (most recent call last):
  File "/home/airflow/.local/lib/python3.12/site-packages/airflow/models/taskinstance.py", line 465, in _execute_task
    result = _execute_callable(context=context, **execute_callable_kwargs)
             ^^^^^^^^^^^^^^^^^^^^^^^^^^^^^^^^^^^^^^^^^^^^^^^^^^^^^^^^^^^^^
  File "/home/airflow/.local/lib/python3.12/site-packages/airflow/models/taskinstance.py", line 432, in _execute_callable
    return execute_callable(context=context, **execute_callable_kwargs)
           ^^^^^^^^^^^^^^^^^^^^^^^^^^^^^^^^^^^^^^^^^^^^^^^^^^^^^^^^^^^^
  File "/home/airflow/.local/lib/python3.12/site-packages/airflow/models/baseoperator.py", line 400, in wrapper
    return func(self, *args, **kwargs)
           ^^^^^^^^^^^^^^^^^^^^^^^^^^^
  File "/home/airflow/.local/lib/python3.12/site-packages/airflow/operators/bash.py", line 243, in execute
    raise AirflowException(
airflow.exceptions.AirflowException: Bash command failed. The command returned a non-zero exit code 1.
[2024-05-30T08:37:40.448+0000] {taskinstance.py:1206} INFO - Marking task as UP_FOR_RETRY. dag_id=flask_monitoring, task_id=monitor_flask_logs, run_id=manual__2024-05-30T08:31:01.138809+00:00, execution_date=20240530T083101, start_date=20240530T083739, end_date=20240530T083740
[2024-05-30T08:37:40.514+0000] {standard_task_runner.py:110} ERROR - Failed to execute job 239 for task monitor_flask_logs (Bash command failed. The command returned a non-zero exit code 1.; 274)
[2024-05-30T08:37:40.532+0000] {local_task_job_runner.py:240} INFO - Task exited with return code 1
[2024-05-30T08:37:40.600+0000] {taskinstance.py:3498} INFO - 0 downstream tasks scheduled from follow-on schedule check
[2024-05-30T08:37:40.605+0000] {local_task_job_runner.py:222} INFO - ::endgroup::
