[2024-05-30T08:33:29.752+0000] {local_task_job_runner.py:120} INFO - ::group::Pre task execution logs
[2024-05-30T08:33:29.809+0000] {taskinstance.py:2076} INFO - Dependencies all met for dep_context=non-requeueable deps ti=<TaskInstance: flask_monitoring.monitor_flask_logs scheduled__2024-05-28T03:00:00+00:00 [queued]>
[2024-05-30T08:33:29.835+0000] {taskinstance.py:2076} INFO - Dependencies all met for dep_context=requeueable deps ti=<TaskInstance: flask_monitoring.monitor_flask_logs scheduled__2024-05-28T03:00:00+00:00 [queued]>
[2024-05-30T08:33:29.835+0000] {taskinstance.py:2306} INFO - Starting attempt 2 of 2
[2024-05-30T08:33:29.948+0000] {taskinstance.py:2330} INFO - Executing <Task(BashOperator): monitor_flask_logs> on 2024-05-28 03:00:00+00:00
[2024-05-30T08:33:29.954+0000] {standard_task_runner.py:63} INFO - Started process 125 to run task
[2024-05-30T08:33:29.959+0000] {standard_task_runner.py:90} INFO - Running: ['airflow', 'tasks', 'run', 'flask_monitoring', 'monitor_flask_logs', 'scheduled__2024-05-28T03:00:00+00:00', '--job-id', '225', '--raw', '--subdir', 'DAGS_FOLDER/flask_monitoring.py', '--cfg-path', '/tmp/tmpoxxwm2xl']
[2024-05-30T08:33:29.964+0000] {standard_task_runner.py:91} INFO - Job 225: Subtask monitor_flask_logs
[2024-05-30T08:33:30.114+0000] {task_command.py:426} INFO - Running <TaskInstance: flask_monitoring.monitor_flask_logs scheduled__2024-05-28T03:00:00+00:00 [running]> on host f708138922bb
[2024-05-30T08:33:30.450+0000] {taskinstance.py:2648} INFO - Exporting env vars: AIRFLOW_CTX_DAG_OWNER='airflow' AIRFLOW_CTX_DAG_ID='flask_monitoring' AIRFLOW_CTX_TASK_ID='monitor_flask_logs' AIRFLOW_CTX_EXECUTION_DATE='2024-05-28T03:00:00+00:00' AIRFLOW_CTX_TRY_NUMBER='2' AIRFLOW_CTX_DAG_RUN_ID='scheduled__2024-05-28T03:00:00+00:00'
[2024-05-30T08:33:30.451+0000] {taskinstance.py:430} INFO - ::endgroup::
[2024-05-30T08:33:30.480+0000] {subprocess.py:63} INFO - Tmp dir root location: /tmp
[2024-05-30T08:33:30.482+0000] {subprocess.py:75} INFO - Running command: ['/usr/bin/bash', '-c', 'docker logs 93adf74dff35']
[2024-05-30T08:33:30.504+0000] {subprocess.py:86} INFO - Output:
[2024-05-30T08:33:30.547+0000] {subprocess.py:93} INFO - Cannot connect to the Docker daemon at unix:///var/run/docker.sock. Is the docker daemon running?
[2024-05-30T08:33:30.548+0000] {subprocess.py:97} INFO - Command exited with return code 1
[2024-05-30T08:33:30.549+0000] {taskinstance.py:441} INFO - ::group::Post task execution logs
[2024-05-30T08:33:30.617+0000] {taskinstance.py:2905} ERROR - Task failed with exception
Traceback (most recent call last):
  File "/home/airflow/.local/lib/python3.12/site-packages/airflow/models/taskinstance.py", line 465, in _execute_task
    result = _execute_callable(context=context, **execute_callable_kwargs)
             ^^^^^^^^^^^^^^^^^^^^^^^^^^^^^^^^^^^^^^^^^^^^^^^^^^^^^^^^^^^^^
  File "/home/airflow/.local/lib/python3.12/site-packages/airflow/models/taskinstance.py", line 432, in _execute_callable
    return execute_callable(context=context, **execute_callable_kwargs)
           ^^^^^^^^^^^^^^^^^^^^^^^^^^^^^^^^^^^^^^^^^^^^^^^^^^^^^^^^^^^^
  File "/home/airflow/.local/lib/python3.12/site-packages/airflow/models/baseoperator.py", line 400, in wrapper
    return func(self, *args, **kwargs)
           ^^^^^^^^^^^^^^^^^^^^^^^^^^^
  File "/home/airflow/.local/lib/python3.12/site-packages/airflow/operators/bash.py", line 243, in execute
    raise AirflowException(
airflow.exceptions.AirflowException: Bash command failed. The command returned a non-zero exit code 1.
[2024-05-30T08:33:30.632+0000] {taskinstance.py:1206} INFO - Marking task as FAILED. dag_id=flask_monitoring, task_id=monitor_flask_logs, run_id=scheduled__2024-05-28T03:00:00+00:00, execution_date=20240528T030000, start_date=20240530T083329, end_date=20240530T083330
[2024-05-30T08:33:30.780+0000] {standard_task_runner.py:110} ERROR - Failed to execute job 225 for task monitor_flask_logs (Bash command failed. The command returned a non-zero exit code 1.; 125)
[2024-05-30T08:33:30.822+0000] {local_task_job_runner.py:240} INFO - Task exited with return code 1
[2024-05-30T08:33:30.868+0000] {taskinstance.py:3498} INFO - 0 downstream tasks scheduled from follow-on schedule check
[2024-05-30T08:33:30.913+0000] {local_task_job_runner.py:222} INFO - ::endgroup::
