[2024-06-01T13:06:50.662+0000] {local_task_job_runner.py:120} INFO - ::group::Pre task execution logs
[2024-06-01T13:06:50.703+0000] {taskinstance.py:2076} INFO - Dependencies all met for dep_context=non-requeueable deps ti=<TaskInstance: container_monitoring.monitor_containers scheduled__2024-06-01T11:30:00+00:00 [queued]>
[2024-06-01T13:06:50.722+0000] {taskinstance.py:2076} INFO - Dependencies all met for dep_context=requeueable deps ti=<TaskInstance: container_monitoring.monitor_containers scheduled__2024-06-01T11:30:00+00:00 [queued]>
[2024-06-01T13:06:50.723+0000] {taskinstance.py:2306} INFO - Starting attempt 1 of 2
[2024-06-01T13:06:50.767+0000] {taskinstance.py:2330} INFO - Executing <Task(PythonOperator): monitor_containers> on 2024-06-01 11:30:00+00:00
[2024-06-01T13:06:50.772+0000] {standard_task_runner.py:63} INFO - Started process 498 to run task
[2024-06-01T13:06:50.775+0000] {standard_task_runner.py:90} INFO - Running: ['airflow', 'tasks', 'run', 'container_monitoring', 'monitor_containers', 'scheduled__2024-06-01T11:30:00+00:00', '--job-id', '720', '--raw', '--subdir', 'DAGS_FOLDER/container_monitoring.py', '--cfg-path', '/tmp/tmpc4d_1g2h']
[2024-06-01T13:06:50.777+0000] {standard_task_runner.py:91} INFO - Job 720: Subtask monitor_containers
[2024-06-01T13:06:51.026+0000] {task_command.py:426} INFO - Running <TaskInstance: container_monitoring.monitor_containers scheduled__2024-06-01T11:30:00+00:00 [running]> on host 9c47fcd741af
[2024-06-01T13:06:51.243+0000] {taskinstance.py:2648} INFO - Exporting env vars: AIRFLOW_CTX_DAG_OWNER='airflow' AIRFLOW_CTX_DAG_ID='container_monitoring' AIRFLOW_CTX_TASK_ID='monitor_containers' AIRFLOW_CTX_EXECUTION_DATE='2024-06-01T11:30:00+00:00' AIRFLOW_CTX_TRY_NUMBER='1' AIRFLOW_CTX_DAG_RUN_ID='scheduled__2024-06-01T11:30:00+00:00'
[2024-06-01T13:06:51.244+0000] {taskinstance.py:430} INFO - ::endgroup::
[2024-06-01T13:06:51.317+0000] {logging_mixin.py:188} INFO - Container composer-zookeeper-1 is running.
[2024-06-01T13:06:51.318+0000] {container_monitoring.py:25} INFO - Container composer-zookeeper-1 is running.
[2024-06-01T13:06:51.374+0000] {logging_mixin.py:188} INFO - Container composer-kafka-1,composer-flask-1, composer-mysql-1 is not running.
[2024-06-01T13:06:51.375+0000] {container_monitoring.py:28} INFO - Container composer-kafka-1,composer-flask-1, composer-mysql-1 is not running.
[2024-06-01T13:06:51.376+0000] {python.py:237} INFO - Done. Returned value was: None
[2024-06-01T13:06:51.380+0000] {taskinstance.py:441} INFO - ::group::Post task execution logs
[2024-06-01T13:06:51.404+0000] {taskinstance.py:1206} INFO - Marking task as SUCCESS. dag_id=container_monitoring, task_id=monitor_containers, run_id=scheduled__2024-06-01T11:30:00+00:00, execution_date=20240601T113000, start_date=20240601T130650, end_date=20240601T130651
[2024-06-01T13:06:51.513+0000] {local_task_job_runner.py:240} INFO - Task exited with return code 0
[2024-06-01T13:06:51.694+0000] {taskinstance.py:3498} INFO - 0 downstream tasks scheduled from follow-on schedule check
[2024-06-01T13:06:51.698+0000] {local_task_job_runner.py:222} INFO - ::endgroup::
