[2024-06-02T10:45:44.737+0000] {local_task_job_runner.py:120} INFO - ::group::Pre task execution logs
[2024-06-02T10:45:44.814+0000] {taskinstance.py:2076} INFO - Dependencies all met for dep_context=non-requeueable deps ti=<TaskInstance: dag_with_docker_operator.check_status scheduled__2024-06-02T07:00:00+00:00 [queued]>
[2024-06-02T10:45:44.834+0000] {taskinstance.py:2076} INFO - Dependencies all met for dep_context=requeueable deps ti=<TaskInstance: dag_with_docker_operator.check_status scheduled__2024-06-02T07:00:00+00:00 [queued]>
[2024-06-02T10:45:44.836+0000] {taskinstance.py:2306} INFO - Starting attempt 1 of 2
[2024-06-02T10:45:44.987+0000] {taskinstance.py:2330} INFO - Executing <Task(PythonOperator): check_status> on 2024-06-02 07:00:00+00:00
[2024-06-02T10:45:44.993+0000] {standard_task_runner.py:63} INFO - Started process 1185 to run task
[2024-06-02T10:45:44.996+0000] {standard_task_runner.py:90} INFO - Running: ['airflow', 'tasks', 'run', 'dag_with_docker_operator', 'check_status', 'scheduled__2024-06-02T07:00:00+00:00', '--job-id', '883', '--raw', '--subdir', 'DAGS_FOLDER/dag_with_docker_operator.py', '--cfg-path', '/tmp/tmpd1u2o04l']
[2024-06-02T10:45:44.999+0000] {standard_task_runner.py:91} INFO - Job 883: Subtask check_status
[2024-06-02T10:45:45.112+0000] {task_command.py:426} INFO - Running <TaskInstance: dag_with_docker_operator.check_status scheduled__2024-06-02T07:00:00+00:00 [running]> on host 9c47fcd741af
[2024-06-02T10:45:45.350+0000] {taskinstance.py:2648} INFO - Exporting env vars: AIRFLOW_CTX_DAG_OWNER='airflow' AIRFLOW_CTX_DAG_ID='dag_with_docker_operator' AIRFLOW_CTX_TASK_ID='check_status' AIRFLOW_CTX_EXECUTION_DATE='2024-06-02T07:00:00+00:00' AIRFLOW_CTX_TRY_NUMBER='1' AIRFLOW_CTX_DAG_RUN_ID='scheduled__2024-06-02T07:00:00+00:00'
[2024-06-02T10:45:45.351+0000] {taskinstance.py:430} INFO - ::endgroup::
[2024-06-02T10:45:45.394+0000] {python.py:237} INFO - Done. Returned value was: {'status': 'success'}
[2024-06-02T10:45:45.394+0000] {taskinstance.py:441} INFO - ::group::Post task execution logs
[2024-06-02T10:45:45.466+0000] {taskinstance.py:1206} INFO - Marking task as SUCCESS. dag_id=dag_with_docker_operator, task_id=check_status, run_id=scheduled__2024-06-02T07:00:00+00:00, execution_date=20240602T070000, start_date=20240602T104544, end_date=20240602T104545
[2024-06-02T10:45:45.574+0000] {local_task_job_runner.py:240} INFO - Task exited with return code 0
[2024-06-02T10:45:45.601+0000] {taskinstance.py:3498} INFO - 0 downstream tasks scheduled from follow-on schedule check
[2024-06-02T10:45:45.604+0000] {local_task_job_runner.py:222} INFO - ::endgroup::
[2024-06-02T11:45:37.478+0000] {local_task_job_runner.py:120} INFO - ::group::Pre task execution logs
[2024-06-02T11:45:37.524+0000] {taskinstance.py:2076} INFO - Dependencies all met for dep_context=non-requeueable deps ti=<TaskInstance: dag_with_docker_operator.check_status scheduled__2024-06-02T07:00:00+00:00 [queued]>
[2024-06-02T11:45:37.546+0000] {taskinstance.py:2076} INFO - Dependencies all met for dep_context=requeueable deps ti=<TaskInstance: dag_with_docker_operator.check_status scheduled__2024-06-02T07:00:00+00:00 [queued]>
[2024-06-02T11:45:37.547+0000] {taskinstance.py:2306} INFO - Starting attempt 1 of 2
[2024-06-02T11:45:37.698+0000] {taskinstance.py:2330} INFO - Executing <Task(PythonOperator): check_status> on 2024-06-02 07:00:00+00:00
[2024-06-02T11:45:37.704+0000] {standard_task_runner.py:63} INFO - Started process 2110 to run task
[2024-06-02T11:45:37.707+0000] {standard_task_runner.py:90} INFO - Running: ['airflow', 'tasks', 'run', 'dag_with_docker_operator', 'check_status', 'scheduled__2024-06-02T07:00:00+00:00', '--job-id', '883', '--raw', '--subdir', 'DAGS_FOLDER/dag_with_docker_operator.py', '--cfg-path', '/tmp/tmppq6tsmyq']
[2024-06-02T11:45:37.709+0000] {standard_task_runner.py:91} INFO - Job 883: Subtask check_status
[2024-06-02T11:45:37.816+0000] {task_command.py:426} INFO - Running <TaskInstance: dag_with_docker_operator.check_status scheduled__2024-06-02T07:00:00+00:00 [running]> on host 9c47fcd741af
[2024-06-02T11:45:38.045+0000] {taskinstance.py:2648} INFO - Exporting env vars: AIRFLOW_CTX_DAG_OWNER='airflow' AIRFLOW_CTX_DAG_ID='dag_with_docker_operator' AIRFLOW_CTX_TASK_ID='check_status' AIRFLOW_CTX_EXECUTION_DATE='2024-06-02T07:00:00+00:00' AIRFLOW_CTX_TRY_NUMBER='1' AIRFLOW_CTX_DAG_RUN_ID='scheduled__2024-06-02T07:00:00+00:00'
[2024-06-02T11:45:38.047+0000] {taskinstance.py:430} INFO - ::endgroup::
[2024-06-02T11:45:38.081+0000] {python.py:237} INFO - Done. Returned value was: {'status': 'failed'}
[2024-06-02T11:45:38.083+0000] {taskinstance.py:441} INFO - ::group::Post task execution logs
[2024-06-02T11:45:38.149+0000] {taskinstance.py:1206} INFO - Marking task as SUCCESS. dag_id=dag_with_docker_operator, task_id=check_status, run_id=scheduled__2024-06-02T07:00:00+00:00, execution_date=20240602T070000, start_date=20240602T114537, end_date=20240602T114538
[2024-06-02T11:45:38.241+0000] {local_task_job_runner.py:240} INFO - Task exited with return code 0
[2024-06-02T11:45:38.267+0000] {taskinstance.py:3498} INFO - 0 downstream tasks scheduled from follow-on schedule check
[2024-06-02T11:45:38.269+0000] {local_task_job_runner.py:222} INFO - ::endgroup::
[2024-06-02T12:48:37.006+0000] {local_task_job_runner.py:120} INFO - ::group::Pre task execution logs
[2024-06-02T12:48:37.056+0000] {taskinstance.py:2076} INFO - Dependencies all met for dep_context=non-requeueable deps ti=<TaskInstance: dag_with_docker_operator.check_status scheduled__2024-06-02T07:00:00+00:00 [queued]>
[2024-06-02T12:48:37.073+0000] {taskinstance.py:2076} INFO - Dependencies all met for dep_context=requeueable deps ti=<TaskInstance: dag_with_docker_operator.check_status scheduled__2024-06-02T07:00:00+00:00 [queued]>
[2024-06-02T12:48:37.074+0000] {taskinstance.py:2306} INFO - Starting attempt 1 of 2
[2024-06-02T12:48:37.132+0000] {taskinstance.py:2330} INFO - Executing <Task(PythonOperator): check_status> on 2024-06-02 07:00:00+00:00
[2024-06-02T12:48:37.138+0000] {standard_task_runner.py:63} INFO - Started process 3746 to run task
[2024-06-02T12:48:37.141+0000] {standard_task_runner.py:90} INFO - Running: ['airflow', 'tasks', 'run', 'dag_with_docker_operator', 'check_status', 'scheduled__2024-06-02T07:00:00+00:00', '--job-id', '944', '--raw', '--subdir', 'DAGS_FOLDER/dag_with_docker_operator.py', '--cfg-path', '/tmp/tmp_7gzwbn2']
[2024-06-02T12:48:37.143+0000] {standard_task_runner.py:91} INFO - Job 944: Subtask check_status
[2024-06-02T12:48:37.401+0000] {task_command.py:426} INFO - Running <TaskInstance: dag_with_docker_operator.check_status scheduled__2024-06-02T07:00:00+00:00 [running]> on host 9c47fcd741af
[2024-06-02T12:48:37.623+0000] {taskinstance.py:2648} INFO - Exporting env vars: AIRFLOW_CTX_DAG_OWNER='airflow' AIRFLOW_CTX_DAG_ID='dag_with_docker_operator' AIRFLOW_CTX_TASK_ID='check_status' AIRFLOW_CTX_EXECUTION_DATE='2024-06-02T07:00:00+00:00' AIRFLOW_CTX_TRY_NUMBER='1' AIRFLOW_CTX_DAG_RUN_ID='scheduled__2024-06-02T07:00:00+00:00'
[2024-06-02T12:48:37.624+0000] {taskinstance.py:430} INFO - ::endgroup::
[2024-06-02T12:48:37.656+0000] {taskinstance.py:441} INFO - ::group::Post task execution logs
[2024-06-02T12:48:37.658+0000] {taskinstance.py:2905} ERROR - Task failed with exception
Traceback (most recent call last):
  File "/home/airflow/.local/lib/python3.12/site-packages/airflow/models/taskinstance.py", line 465, in _execute_task
    result = _execute_callable(context=context, **execute_callable_kwargs)
             ^^^^^^^^^^^^^^^^^^^^^^^^^^^^^^^^^^^^^^^^^^^^^^^^^^^^^^^^^^^^^
  File "/home/airflow/.local/lib/python3.12/site-packages/airflow/models/taskinstance.py", line 432, in _execute_callable
    return execute_callable(context=context, **execute_callable_kwargs)
           ^^^^^^^^^^^^^^^^^^^^^^^^^^^^^^^^^^^^^^^^^^^^^^^^^^^^^^^^^^^^
  File "/home/airflow/.local/lib/python3.12/site-packages/airflow/models/baseoperator.py", line 400, in wrapper
    return func(self, *args, **kwargs)
           ^^^^^^^^^^^^^^^^^^^^^^^^^^^
  File "/home/airflow/.local/lib/python3.12/site-packages/airflow/operators/python.py", line 235, in execute
    return_value = self.execute_callable()
                   ^^^^^^^^^^^^^^^^^^^^^^^
  File "/home/airflow/.local/lib/python3.12/site-packages/airflow/operators/python.py", line 252, in execute_callable
    return self.python_callable(*self.op_args, **self.op_kwargs)
           ^^^^^^^^^^^^^^^^^^^^^^^^^^^^^^^^^^^^^^^^^^^^^^^^^^^^^
  File "/opt/airflow/dags/dag_with_docker_operator.py", line 24, in check_send_status
    raise ValueError(f"Request returned non-success status: {response_json.get('status')}")
ValueError: Request returned non-success status: failed
[2024-06-02T12:48:37.687+0000] {taskinstance.py:1206} INFO - Marking task as UP_FOR_RETRY. dag_id=dag_with_docker_operator, task_id=check_status, run_id=scheduled__2024-06-02T07:00:00+00:00, execution_date=20240602T070000, start_date=20240602T124837, end_date=20240602T124837
[2024-06-02T12:48:37.742+0000] {standard_task_runner.py:110} ERROR - Failed to execute job 944 for task check_status (Request returned non-success status: failed; 3746)
[2024-06-02T12:48:37.757+0000] {local_task_job_runner.py:240} INFO - Task exited with return code 1
[2024-06-02T12:48:37.923+0000] {taskinstance.py:3498} INFO - 0 downstream tasks scheduled from follow-on schedule check
[2024-06-02T12:48:37.928+0000] {local_task_job_runner.py:222} INFO - ::endgroup::
