[2024-06-02T11:00:11.367+0000] {local_task_job_runner.py:120} INFO - ::group::Pre task execution logs
[2024-06-02T11:00:11.415+0000] {taskinstance.py:2076} INFO - Dependencies all met for dep_context=non-requeueable deps ti=<TaskInstance: dag_with_docker_operator.execute_get_command_inside_docker scheduled__2024-06-02T10:30:00+00:00 [queued]>
[2024-06-02T11:00:11.436+0000] {taskinstance.py:2076} INFO - Dependencies all met for dep_context=requeueable deps ti=<TaskInstance: dag_with_docker_operator.execute_get_command_inside_docker scheduled__2024-06-02T10:30:00+00:00 [queued]>
[2024-06-02T11:00:11.437+0000] {taskinstance.py:2306} INFO - Starting attempt 1 of 2
[2024-06-02T11:00:11.570+0000] {taskinstance.py:2330} INFO - Executing <Task(DockerOperator): execute_get_command_inside_docker> on 2024-06-02 10:30:00+00:00
[2024-06-02T11:00:11.575+0000] {standard_task_runner.py:63} INFO - Started process 1309 to run task
[2024-06-02T11:00:11.579+0000] {standard_task_runner.py:90} INFO - Running: ['airflow', 'tasks', 'run', 'dag_with_docker_operator', 'execute_get_command_inside_docker', 'scheduled__2024-06-02T10:30:00+00:00', '--job-id', '897', '--raw', '--subdir', 'DAGS_FOLDER/dag_with_docker_operator.py', '--cfg-path', '/tmp/tmp9u3a2ebi']
[2024-06-02T11:00:11.582+0000] {standard_task_runner.py:91} INFO - Job 897: Subtask execute_get_command_inside_docker
[2024-06-02T11:00:11.689+0000] {task_command.py:426} INFO - Running <TaskInstance: dag_with_docker_operator.execute_get_command_inside_docker scheduled__2024-06-02T10:30:00+00:00 [running]> on host 9c47fcd741af
[2024-06-02T11:00:12.016+0000] {taskinstance.py:2648} INFO - Exporting env vars: AIRFLOW_CTX_DAG_OWNER='airflow' AIRFLOW_CTX_DAG_ID='dag_with_docker_operator' AIRFLOW_CTX_TASK_ID='execute_get_command_inside_docker' AIRFLOW_CTX_EXECUTION_DATE='2024-06-02T10:30:00+00:00' AIRFLOW_CTX_TRY_NUMBER='1' AIRFLOW_CTX_DAG_RUN_ID='scheduled__2024-06-02T10:30:00+00:00'
[2024-06-02T11:00:12.018+0000] {taskinstance.py:430} INFO - ::endgroup::
[2024-06-02T11:00:12.193+0000] {docker.py:366} INFO - Starting docker container from image composer-flask:latest
[2024-06-02T11:00:12.240+0000] {docker.py:374} WARNING - Using remote engine or docker-in-docker and mounting temporary volume from host is not supported. Falling back to `mount_tmp_dir=False` mode. You can set `mount_tmp_dir` parameter to False to disable mounting and remove the warning
[2024-06-02T11:00:13.435+0000] {docker.py:436} INFO - % Total    % Received % Xferd  Average Speed   Time    Time     Time  Current
                                 Dload  Upload   Total   Spent    Left  Speed
  0     0    0     0    0     0      0      0 --:--:-- --:--:-- --:--:--     0
[2024-06-02T11:00:14.630+0000] {docker.py:436} INFO - 0     0    0     0    0     0      0      0 --:--:--  0:00:01 --:--:--     0
[2024-06-02T11:00:15.632+0000] {docker.py:436} INFO - 0     0    0     0    0     0      0      0 --:--:--  0:00:02 --:--:--     0
[2024-06-02T11:00:16.496+0000] {docker.py:436} INFO - 100   334  100   334    0     0    108      0  0:00:03  0:00:03 --:--:--   108100   334  100   334    0     0    108      0  0:00:03  0:00:03 --:--:--   108
[2024-06-02T11:00:16.498+0000] {docker.py:436} INFO - <!DOCTYPE html>
<html>
    <head>
        <meta charset="UTF-8" />
        <meta http-equiv="refresh" content="0;url='http://localhost/setup'" />

        <title>Redirecting to http://localhost/setup</title>
    </head>
    <body>
        Redirecting to <a href="http://localhost/setup">http://localhost/setup</a>.
    </body>
</html>
[2024-06-02T11:00:17.772+0000] {taskinstance.py:441} INFO - ::group::Post task execution logs
[2024-06-02T11:00:18.129+0000] {taskinstance.py:1206} INFO - Marking task as SUCCESS. dag_id=dag_with_docker_operator, task_id=execute_get_command_inside_docker, run_id=scheduled__2024-06-02T10:30:00+00:00, execution_date=20240602T103000, start_date=20240602T110011, end_date=20240602T110018
[2024-06-02T11:00:18.217+0000] {local_task_job_runner.py:240} INFO - Task exited with return code 0
[2024-06-02T11:00:18.256+0000] {taskinstance.py:3498} INFO - 1 downstream tasks scheduled from follow-on schedule check
[2024-06-02T11:00:18.273+0000] {local_task_job_runner.py:222} INFO - ::endgroup::
[2024-06-02T12:53:13.097+0000] {local_task_job_runner.py:120} INFO - ::group::Pre task execution logs
[2024-06-02T12:53:13.149+0000] {taskinstance.py:2076} INFO - Dependencies all met for dep_context=non-requeueable deps ti=<TaskInstance: dag_with_docker_operator.execute_get_command_inside_docker scheduled__2024-06-02T10:30:00+00:00 [queued]>
[2024-06-02T12:53:13.181+0000] {taskinstance.py:2076} INFO - Dependencies all met for dep_context=requeueable deps ti=<TaskInstance: dag_with_docker_operator.execute_get_command_inside_docker scheduled__2024-06-02T10:30:00+00:00 [queued]>
[2024-06-02T12:53:13.182+0000] {taskinstance.py:2306} INFO - Starting attempt 1 of 2
[2024-06-02T12:53:13.262+0000] {taskinstance.py:2330} INFO - Executing <Task(DockerOperator): execute_get_command_inside_docker> on 2024-06-02 10:30:00+00:00
[2024-06-02T12:53:13.269+0000] {standard_task_runner.py:63} INFO - Started process 3868 to run task
[2024-06-02T12:53:13.272+0000] {standard_task_runner.py:90} INFO - Running: ['airflow', 'tasks', 'run', 'dag_with_docker_operator', 'execute_get_command_inside_docker', 'scheduled__2024-06-02T10:30:00+00:00', '--job-id', '966', '--raw', '--subdir', 'DAGS_FOLDER/dag_with_docker_operator.py', '--cfg-path', '/tmp/tmprucm7amr']
[2024-06-02T12:53:13.274+0000] {standard_task_runner.py:91} INFO - Job 966: Subtask execute_get_command_inside_docker
[2024-06-02T12:53:13.690+0000] {task_command.py:426} INFO - Running <TaskInstance: dag_with_docker_operator.execute_get_command_inside_docker scheduled__2024-06-02T10:30:00+00:00 [running]> on host 9c47fcd741af
[2024-06-02T12:53:14.057+0000] {taskinstance.py:2648} INFO - Exporting env vars: AIRFLOW_CTX_DAG_OWNER='airflow' AIRFLOW_CTX_DAG_ID='dag_with_docker_operator' AIRFLOW_CTX_TASK_ID='execute_get_command_inside_docker' AIRFLOW_CTX_EXECUTION_DATE='2024-06-02T10:30:00+00:00' AIRFLOW_CTX_TRY_NUMBER='1' AIRFLOW_CTX_DAG_RUN_ID='scheduled__2024-06-02T10:30:00+00:00'
[2024-06-02T12:53:14.059+0000] {taskinstance.py:430} INFO - ::endgroup::
[2024-06-02T12:53:14.494+0000] {docker.py:366} INFO - Starting docker container from image composer-flask:latest
[2024-06-02T12:53:15.166+0000] {docker.py:374} WARNING - Using remote engine or docker-in-docker and mounting temporary volume from host is not supported. Falling back to `mount_tmp_dir=False` mode. You can set `mount_tmp_dir` parameter to False to disable mounting and remove the warning
[2024-06-02T12:53:19.714+0000] {docker.py:436} INFO - % Total    % Received % Xferd  Average Speed   Time    Time     Time  Current
                                 Dload  Upload   Total   Spent    Left  Speed
  0     0    0     0    0     0      0      0 --:--:-- --:--:
[2024-06-02T12:53:19.741+0000] {docker.py:436} INFO - -- --:--:--     0
[2024-06-02T12:53:19.822+0000] {docker.py:436} INFO - 0     0    0     0    0     0      0      0 --:--:-- --:--:-- --:--:--     0
[2024-06-02T12:53:21.026+0000] {docker.py:436} INFO - 0     0    0     0    0     0      0      0 --:--:--  0:00:01 --:--:--     0
[2024-06-02T12:53:22.030+0000] {docker.py:436} INFO - 0     0    0     0    0     0      0      0 --:--:--  0:00:02 --:--:--     0
[2024-06-02T12:53:22.649+0000] {docker.py:436} INFO - 100   334  100   334    0     0    114      0  0:00:02  0:00:02 --:--:--   114
[2024-06-02T12:53:22.650+0000] {docker.py:436} INFO - <!DOCTYPE html>
<html>
    <head>
        <meta charset="UTF-8" />
        <meta http-equiv="refresh" content="0;url='http://localhost/setup'" />

        <title>Redirecting to http://localhost/setup</title>
    </head>
    <body>
        Redirecting to <a href="http://localhost/setup">http://localhost/setup</a>.
    </body>
</html>
[2024-06-02T12:53:23.371+0000] {taskinstance.py:441} INFO - ::group::Post task execution logs
[2024-06-02T12:53:23.601+0000] {taskinstance.py:1206} INFO - Marking task as SUCCESS. dag_id=dag_with_docker_operator, task_id=execute_get_command_inside_docker, run_id=scheduled__2024-06-02T10:30:00+00:00, execution_date=20240602T103000, start_date=20240602T125313, end_date=20240602T125323
[2024-06-02T12:53:23.920+0000] {local_task_job_runner.py:240} INFO - Task exited with return code 0
[2024-06-02T12:53:24.017+0000] {taskinstance.py:3498} INFO - 1 downstream tasks scheduled from follow-on schedule check
[2024-06-02T12:53:24.081+0000] {local_task_job_runner.py:222} INFO - ::endgroup::
