[2024-06-01T21:26:21.309+0000] {local_task_job_runner.py:120} INFO - ::group::Pre task execution logs
[2024-06-01T21:26:21.710+0000] {taskinstance.py:2076} INFO - Dependencies all met for dep_context=non-requeueable deps ti=<TaskInstance: dag_with_docker_operator.check_status scheduled__2024-06-01T09:00:00+00:00 [queued]>
[2024-06-01T21:26:21.866+0000] {taskinstance.py:2076} INFO - Dependencies all met for dep_context=requeueable deps ti=<TaskInstance: dag_with_docker_operator.check_status scheduled__2024-06-01T09:00:00+00:00 [queued]>
[2024-06-01T21:26:21.867+0000] {taskinstance.py:2306} INFO - Starting attempt 1 of 2
[2024-06-01T21:26:22.423+0000] {taskinstance.py:2330} INFO - Executing <Task(PythonOperator): check_status> on 2024-06-01 09:00:00+00:00
[2024-06-01T21:26:22.431+0000] {standard_task_runner.py:63} INFO - Started process 653 to run task
[2024-06-01T21:26:22.435+0000] {standard_task_runner.py:90} INFO - Running: ['airflow', 'tasks', 'run', 'dag_with_docker_operator', 'check_status', 'scheduled__2024-06-01T09:00:00+00:00', '--job-id', '795', '--raw', '--subdir', 'DAGS_FOLDER/dag_with_docker_operator.py', '--cfg-path', '/tmp/tmpm1fok1l_']
[2024-06-01T21:26:22.439+0000] {standard_task_runner.py:91} INFO - Job 795: Subtask check_status
[2024-06-01T21:26:22.853+0000] {task_command.py:426} INFO - Running <TaskInstance: dag_with_docker_operator.check_status scheduled__2024-06-01T09:00:00+00:00 [running]> on host 9c47fcd741af
[2024-06-01T21:26:23.521+0000] {taskinstance.py:2648} INFO - Exporting env vars: AIRFLOW_CTX_DAG_OWNER='airflow' AIRFLOW_CTX_DAG_ID='dag_with_docker_operator' AIRFLOW_CTX_TASK_ID='check_status' AIRFLOW_CTX_EXECUTION_DATE='2024-06-01T09:00:00+00:00' AIRFLOW_CTX_TRY_NUMBER='1' AIRFLOW_CTX_DAG_RUN_ID='scheduled__2024-06-01T09:00:00+00:00'
[2024-06-01T21:26:23.522+0000] {taskinstance.py:430} INFO - ::endgroup::
[2024-06-01T21:26:23.565+0000] {python.py:237} INFO - Done. Returned value was: {'status': 'success'}
[2024-06-01T21:26:23.568+0000] {taskinstance.py:441} INFO - ::group::Post task execution logs
[2024-06-01T21:26:23.670+0000] {taskinstance.py:1206} INFO - Marking task as SUCCESS. dag_id=dag_with_docker_operator, task_id=check_status, run_id=scheduled__2024-06-01T09:00:00+00:00, execution_date=20240601T090000, start_date=20240601T212621, end_date=20240601T212623
[2024-06-01T21:26:23.745+0000] {local_task_job_runner.py:240} INFO - Task exited with return code 0
[2024-06-01T21:26:23.897+0000] {taskinstance.py:3498} INFO - 0 downstream tasks scheduled from follow-on schedule check
[2024-06-01T21:26:23.922+0000] {local_task_job_runner.py:222} INFO - ::endgroup::
[2024-06-02T11:30:17.692+0000] {local_task_job_runner.py:120} INFO - ::group::Pre task execution logs
[2024-06-02T11:30:17.739+0000] {taskinstance.py:2076} INFO - Dependencies all met for dep_context=non-requeueable deps ti=<TaskInstance: dag_with_docker_operator.check_status scheduled__2024-06-01T09:00:00+00:00 [queued]>
[2024-06-02T11:30:17.762+0000] {taskinstance.py:2076} INFO - Dependencies all met for dep_context=requeueable deps ti=<TaskInstance: dag_with_docker_operator.check_status scheduled__2024-06-01T09:00:00+00:00 [queued]>
[2024-06-02T11:30:17.762+0000] {taskinstance.py:2306} INFO - Starting attempt 1 of 2
[2024-06-02T11:30:17.904+0000] {taskinstance.py:2330} INFO - Executing <Task(PythonOperator): check_status> on 2024-06-01 09:00:00+00:00
[2024-06-02T11:30:17.910+0000] {standard_task_runner.py:63} INFO - Started process 1625 to run task
[2024-06-02T11:30:17.913+0000] {standard_task_runner.py:90} INFO - Running: ['airflow', 'tasks', 'run', 'dag_with_docker_operator', 'check_status', 'scheduled__2024-06-01T09:00:00+00:00', '--job-id', '795', '--raw', '--subdir', 'DAGS_FOLDER/dag_with_docker_operator.py', '--cfg-path', '/tmp/tmpp4uq9kmg']
[2024-06-02T11:30:17.915+0000] {standard_task_runner.py:91} INFO - Job 795: Subtask check_status
[2024-06-02T11:30:18.023+0000] {task_command.py:426} INFO - Running <TaskInstance: dag_with_docker_operator.check_status scheduled__2024-06-01T09:00:00+00:00 [running]> on host 9c47fcd741af
[2024-06-02T11:30:18.215+0000] {taskinstance.py:2648} INFO - Exporting env vars: AIRFLOW_CTX_DAG_OWNER='airflow' AIRFLOW_CTX_DAG_ID='dag_with_docker_operator' AIRFLOW_CTX_TASK_ID='check_status' AIRFLOW_CTX_EXECUTION_DATE='2024-06-01T09:00:00+00:00' AIRFLOW_CTX_TRY_NUMBER='1' AIRFLOW_CTX_DAG_RUN_ID='scheduled__2024-06-01T09:00:00+00:00'
[2024-06-02T11:30:18.217+0000] {taskinstance.py:430} INFO - ::endgroup::
[2024-06-02T11:30:18.258+0000] {python.py:237} INFO - Done. Returned value was: {'status': 'failed'}
[2024-06-02T11:30:18.260+0000] {taskinstance.py:441} INFO - ::group::Post task execution logs
[2024-06-02T11:30:18.328+0000] {taskinstance.py:1206} INFO - Marking task as SUCCESS. dag_id=dag_with_docker_operator, task_id=check_status, run_id=scheduled__2024-06-01T09:00:00+00:00, execution_date=20240601T090000, start_date=20240602T113017, end_date=20240602T113018
[2024-06-02T11:30:18.410+0000] {local_task_job_runner.py:240} INFO - Task exited with return code 0
[2024-06-02T11:30:18.438+0000] {taskinstance.py:3498} INFO - 0 downstream tasks scheduled from follow-on schedule check
[2024-06-02T11:30:18.441+0000] {local_task_job_runner.py:222} INFO - ::endgroup::
[2024-06-02T12:01:17.937+0000] {local_task_job_runner.py:120} INFO - ::group::Pre task execution logs
[2024-06-02T12:01:17.988+0000] {taskinstance.py:2076} INFO - Dependencies all met for dep_context=non-requeueable deps ti=<TaskInstance: dag_with_docker_operator.check_status scheduled__2024-06-01T09:00:00+00:00 [queued]>
[2024-06-02T12:01:18.006+0000] {taskinstance.py:2076} INFO - Dependencies all met for dep_context=requeueable deps ti=<TaskInstance: dag_with_docker_operator.check_status scheduled__2024-06-01T09:00:00+00:00 [queued]>
[2024-06-02T12:01:18.006+0000] {taskinstance.py:2306} INFO - Starting attempt 1 of 2
[2024-06-02T12:01:18.167+0000] {taskinstance.py:2330} INFO - Executing <Task(PythonOperator): check_status> on 2024-06-01 09:00:00+00:00
[2024-06-02T12:01:18.173+0000] {standard_task_runner.py:63} INFO - Started process 2472 to run task
[2024-06-02T12:01:18.177+0000] {standard_task_runner.py:90} INFO - Running: ['airflow', 'tasks', 'run', 'dag_with_docker_operator', 'check_status', 'scheduled__2024-06-01T09:00:00+00:00', '--job-id', '808', '--raw', '--subdir', 'DAGS_FOLDER/dag_with_docker_operator.py', '--cfg-path', '/tmp/tmpwy2siht0']
[2024-06-02T12:01:18.180+0000] {standard_task_runner.py:91} INFO - Job 808: Subtask check_status
[2024-06-02T12:01:18.286+0000] {task_command.py:426} INFO - Running <TaskInstance: dag_with_docker_operator.check_status scheduled__2024-06-01T09:00:00+00:00 [running]> on host 9c47fcd741af
[2024-06-02T12:01:18.538+0000] {taskinstance.py:2648} INFO - Exporting env vars: AIRFLOW_CTX_DAG_OWNER='airflow' AIRFLOW_CTX_DAG_ID='dag_with_docker_operator' AIRFLOW_CTX_TASK_ID='check_status' AIRFLOW_CTX_EXECUTION_DATE='2024-06-01T09:00:00+00:00' AIRFLOW_CTX_TRY_NUMBER='1' AIRFLOW_CTX_DAG_RUN_ID='scheduled__2024-06-01T09:00:00+00:00'
[2024-06-02T12:01:18.541+0000] {taskinstance.py:430} INFO - ::endgroup::
[2024-06-02T12:01:18.770+0000] {taskinstance.py:441} INFO - ::group::Post task execution logs
[2024-06-02T12:01:18.775+0000] {taskinstance.py:2905} ERROR - Task failed with exception
Traceback (most recent call last):
  File "/home/airflow/.local/lib/python3.12/site-packages/airflow/models/taskinstance.py", line 465, in _execute_task
    result = _execute_callable(context=context, **execute_callable_kwargs)
             ^^^^^^^^^^^^^^^^^^^^^^^^^^^^^^^^^^^^^^^^^^^^^^^^^^^^^^^^^^^^^
  File "/home/airflow/.local/lib/python3.12/site-packages/airflow/models/taskinstance.py", line 432, in _execute_callable
    return execute_callable(context=context, **execute_callable_kwargs)
           ^^^^^^^^^^^^^^^^^^^^^^^^^^^^^^^^^^^^^^^^^^^^^^^^^^^^^^^^^^^^
  File "/home/airflow/.local/lib/python3.12/site-packages/airflow/models/baseoperator.py", line 400, in wrapper
    return func(self, *args, **kwargs)
           ^^^^^^^^^^^^^^^^^^^^^^^^^^^
  File "/home/airflow/.local/lib/python3.12/site-packages/airflow/operators/python.py", line 235, in execute
    return_value = self.execute_callable()
                   ^^^^^^^^^^^^^^^^^^^^^^^
  File "/home/airflow/.local/lib/python3.12/site-packages/airflow/operators/python.py", line 252, in execute_callable
    return self.python_callable(*self.op_args, **self.op_kwargs)
           ^^^^^^^^^^^^^^^^^^^^^^^^^^^^^^^^^^^^^^^^^^^^^^^^^^^^^
  File "/opt/airflow/dags/dag_with_docker_operator.py", line 24, in check_send_status
    raise ValueError(f"Check send status failed: {result}")
ValueError: Check send status failed: {'status': 'failed'}
[2024-06-02T12:01:18.825+0000] {taskinstance.py:1206} INFO - Marking task as UP_FOR_RETRY. dag_id=dag_with_docker_operator, task_id=check_status, run_id=scheduled__2024-06-01T09:00:00+00:00, execution_date=20240601T090000, start_date=20240602T120117, end_date=20240602T120118
[2024-06-02T12:01:18.925+0000] {standard_task_runner.py:110} ERROR - Failed to execute job 808 for task check_status (Check send status failed: {'status': 'failed'}; 2472)
[2024-06-02T12:01:18.952+0000] {local_task_job_runner.py:240} INFO - Task exited with return code 1
[2024-06-02T12:01:19.027+0000] {taskinstance.py:3498} INFO - 0 downstream tasks scheduled from follow-on schedule check
[2024-06-02T12:01:19.032+0000] {local_task_job_runner.py:222} INFO - ::endgroup::
[2024-06-02T12:20:24.447+0000] {local_task_job_runner.py:120} INFO - ::group::Pre task execution logs
[2024-06-02T12:20:24.495+0000] {taskinstance.py:2076} INFO - Dependencies all met for dep_context=non-requeueable deps ti=<TaskInstance: dag_with_docker_operator.check_status scheduled__2024-06-01T09:00:00+00:00 [queued]>
[2024-06-02T12:20:24.516+0000] {taskinstance.py:2076} INFO - Dependencies all met for dep_context=requeueable deps ti=<TaskInstance: dag_with_docker_operator.check_status scheduled__2024-06-01T09:00:00+00:00 [queued]>
[2024-06-02T12:20:24.517+0000] {taskinstance.py:2306} INFO - Starting attempt 1 of 2
[2024-06-02T12:20:24.571+0000] {taskinstance.py:2330} INFO - Executing <Task(PythonOperator): check_status> on 2024-06-01 09:00:00+00:00
[2024-06-02T12:20:24.578+0000] {standard_task_runner.py:63} INFO - Started process 2974 to run task
[2024-06-02T12:20:24.582+0000] {standard_task_runner.py:90} INFO - Running: ['airflow', 'tasks', 'run', 'dag_with_docker_operator', 'check_status', 'scheduled__2024-06-01T09:00:00+00:00', '--job-id', '803', '--raw', '--subdir', 'DAGS_FOLDER/dag_with_docker_operator.py', '--cfg-path', '/tmp/tmpj3i_nres']
[2024-06-02T12:20:24.584+0000] {standard_task_runner.py:91} INFO - Job 803: Subtask check_status
[2024-06-02T12:20:25.006+0000] {task_command.py:426} INFO - Running <TaskInstance: dag_with_docker_operator.check_status scheduled__2024-06-01T09:00:00+00:00 [running]> on host 9c47fcd741af
[2024-06-02T12:20:25.343+0000] {taskinstance.py:2648} INFO - Exporting env vars: AIRFLOW_CTX_DAG_OWNER='airflow' AIRFLOW_CTX_DAG_ID='dag_with_docker_operator' AIRFLOW_CTX_TASK_ID='check_status' AIRFLOW_CTX_EXECUTION_DATE='2024-06-01T09:00:00+00:00' AIRFLOW_CTX_TRY_NUMBER='1' AIRFLOW_CTX_DAG_RUN_ID='scheduled__2024-06-01T09:00:00+00:00'
[2024-06-02T12:20:25.344+0000] {taskinstance.py:430} INFO - ::endgroup::
[2024-06-02T12:20:25.372+0000] {taskinstance.py:441} INFO - ::group::Post task execution logs
[2024-06-02T12:20:25.377+0000] {taskinstance.py:2905} ERROR - Task failed with exception
Traceback (most recent call last):
  File "/home/airflow/.local/lib/python3.12/site-packages/airflow/models/taskinstance.py", line 465, in _execute_task
    result = _execute_callable(context=context, **execute_callable_kwargs)
             ^^^^^^^^^^^^^^^^^^^^^^^^^^^^^^^^^^^^^^^^^^^^^^^^^^^^^^^^^^^^^
  File "/home/airflow/.local/lib/python3.12/site-packages/airflow/models/taskinstance.py", line 432, in _execute_callable
    return execute_callable(context=context, **execute_callable_kwargs)
           ^^^^^^^^^^^^^^^^^^^^^^^^^^^^^^^^^^^^^^^^^^^^^^^^^^^^^^^^^^^^
  File "/home/airflow/.local/lib/python3.12/site-packages/airflow/models/baseoperator.py", line 400, in wrapper
    return func(self, *args, **kwargs)
           ^^^^^^^^^^^^^^^^^^^^^^^^^^^
  File "/home/airflow/.local/lib/python3.12/site-packages/airflow/operators/python.py", line 235, in execute
    return_value = self.execute_callable()
                   ^^^^^^^^^^^^^^^^^^^^^^^
  File "/home/airflow/.local/lib/python3.12/site-packages/airflow/operators/python.py", line 252, in execute_callable
    return self.python_callable(*self.op_args, **self.op_kwargs)
           ^^^^^^^^^^^^^^^^^^^^^^^^^^^^^^^^^^^^^^^^^^^^^^^^^^^^^
  File "/opt/airflow/dags/dag_with_docker_operator.py", line 24, in check_send_status
    raise ValueError(f"Check send status failed: {result}")
ValueError: Check send status failed: {'status': 'failed'}
[2024-06-02T12:20:25.408+0000] {taskinstance.py:1206} INFO - Marking task as UP_FOR_RETRY. dag_id=dag_with_docker_operator, task_id=check_status, run_id=scheduled__2024-06-01T09:00:00+00:00, execution_date=20240601T090000, start_date=20240602T122024, end_date=20240602T122025
[2024-06-02T12:20:25.466+0000] {standard_task_runner.py:110} ERROR - Failed to execute job 803 for task check_status (Check send status failed: {'status': 'failed'}; 2974)
[2024-06-02T12:20:25.517+0000] {local_task_job_runner.py:240} INFO - Task exited with return code 1
[2024-06-02T12:20:25.640+0000] {taskinstance.py:3498} INFO - 0 downstream tasks scheduled from follow-on schedule check
[2024-06-02T12:20:25.642+0000] {local_task_job_runner.py:222} INFO - ::endgroup::
