[2024-06-02T12:07:14.358+0000] {local_task_job_runner.py:120} INFO - ::group::Pre task execution logs
[2024-06-02T12:07:14.413+0000] {taskinstance.py:2076} INFO - Dependencies all met for dep_context=non-requeueable deps ti=<TaskInstance: dag_with_docker_operator.check_status scheduled__2024-06-01T09:00:00+00:00 [queued]>
[2024-06-02T12:07:14.482+0000] {taskinstance.py:2076} INFO - Dependencies all met for dep_context=requeueable deps ti=<TaskInstance: dag_with_docker_operator.check_status scheduled__2024-06-01T09:00:00+00:00 [queued]>
[2024-06-02T12:07:14.483+0000] {taskinstance.py:2306} INFO - Starting attempt 2 of 2
[2024-06-02T12:07:14.734+0000] {taskinstance.py:2330} INFO - Executing <Task(PythonOperator): check_status> on 2024-06-01 09:00:00+00:00
[2024-06-02T12:07:14.740+0000] {standard_task_runner.py:63} INFO - Started process 2648 to run task
[2024-06-02T12:07:14.745+0000] {standard_task_runner.py:90} INFO - Running: ['airflow', 'tasks', 'run', 'dag_with_docker_operator', 'check_status', 'scheduled__2024-06-01T09:00:00+00:00', '--job-id', '840', '--raw', '--subdir', 'DAGS_FOLDER/dag_with_docker_operator.py', '--cfg-path', '/tmp/tmpx0w9aot6']
[2024-06-02T12:07:14.748+0000] {standard_task_runner.py:91} INFO - Job 840: Subtask check_status
[2024-06-02T12:07:14.854+0000] {task_command.py:426} INFO - Running <TaskInstance: dag_with_docker_operator.check_status scheduled__2024-06-01T09:00:00+00:00 [running]> on host 9c47fcd741af
[2024-06-02T12:07:15.039+0000] {taskinstance.py:2648} INFO - Exporting env vars: AIRFLOW_CTX_DAG_OWNER='airflow' AIRFLOW_CTX_DAG_ID='dag_with_docker_operator' AIRFLOW_CTX_TASK_ID='check_status' AIRFLOW_CTX_EXECUTION_DATE='2024-06-01T09:00:00+00:00' AIRFLOW_CTX_TRY_NUMBER='2' AIRFLOW_CTX_DAG_RUN_ID='scheduled__2024-06-01T09:00:00+00:00'
[2024-06-02T12:07:15.041+0000] {taskinstance.py:430} INFO - ::endgroup::
[2024-06-02T12:07:15.088+0000] {taskinstance.py:441} INFO - ::group::Post task execution logs
[2024-06-02T12:07:15.095+0000] {taskinstance.py:2905} ERROR - Task failed with exception
Traceback (most recent call last):
  File "/home/airflow/.local/lib/python3.12/site-packages/airflow/models/taskinstance.py", line 465, in _execute_task
    result = _execute_callable(context=context, **execute_callable_kwargs)
             ^^^^^^^^^^^^^^^^^^^^^^^^^^^^^^^^^^^^^^^^^^^^^^^^^^^^^^^^^^^^^
  File "/home/airflow/.local/lib/python3.12/site-packages/airflow/models/taskinstance.py", line 432, in _execute_callable
    return execute_callable(context=context, **execute_callable_kwargs)
           ^^^^^^^^^^^^^^^^^^^^^^^^^^^^^^^^^^^^^^^^^^^^^^^^^^^^^^^^^^^^
  File "/home/airflow/.local/lib/python3.12/site-packages/airflow/models/baseoperator.py", line 400, in wrapper
    return func(self, *args, **kwargs)
           ^^^^^^^^^^^^^^^^^^^^^^^^^^^
  File "/home/airflow/.local/lib/python3.12/site-packages/airflow/operators/python.py", line 235, in execute
    return_value = self.execute_callable()
                   ^^^^^^^^^^^^^^^^^^^^^^^
  File "/home/airflow/.local/lib/python3.12/site-packages/airflow/operators/python.py", line 252, in execute_callable
    return self.python_callable(*self.op_args, **self.op_kwargs)
           ^^^^^^^^^^^^^^^^^^^^^^^^^^^^^^^^^^^^^^^^^^^^^^^^^^^^^
  File "/opt/airflow/dags/dag_with_docker_operator.py", line 24, in check_send_status
    raise ValueError(f"Check send status failed: {result}")
ValueError: Check send status failed: {'status': 'failed'}
[2024-06-02T12:07:15.128+0000] {taskinstance.py:1206} INFO - Marking task as FAILED. dag_id=dag_with_docker_operator, task_id=check_status, run_id=scheduled__2024-06-01T09:00:00+00:00, execution_date=20240601T090000, start_date=20240602T120714, end_date=20240602T120715
[2024-06-02T12:07:15.218+0000] {standard_task_runner.py:110} ERROR - Failed to execute job 840 for task check_status (Check send status failed: {'status': 'failed'}; 2648)
[2024-06-02T12:07:15.244+0000] {local_task_job_runner.py:240} INFO - Task exited with return code 1
[2024-06-02T12:07:15.305+0000] {taskinstance.py:3498} INFO - 0 downstream tasks scheduled from follow-on schedule check
[2024-06-02T12:07:15.319+0000] {local_task_job_runner.py:222} INFO - ::endgroup::
[2024-06-02T12:25:31.250+0000] {local_task_job_runner.py:120} INFO - ::group::Pre task execution logs
[2024-06-02T12:25:31.314+0000] {taskinstance.py:2076} INFO - Dependencies all met for dep_context=non-requeueable deps ti=<TaskInstance: dag_with_docker_operator.check_status scheduled__2024-06-01T09:00:00+00:00 [queued]>
[2024-06-02T12:25:31.335+0000] {taskinstance.py:2076} INFO - Dependencies all met for dep_context=requeueable deps ti=<TaskInstance: dag_with_docker_operator.check_status scheduled__2024-06-01T09:00:00+00:00 [queued]>
[2024-06-02T12:25:31.336+0000] {taskinstance.py:2306} INFO - Starting attempt 2 of 2
[2024-06-02T12:25:31.438+0000] {taskinstance.py:2330} INFO - Executing <Task(PythonOperator): check_status> on 2024-06-01 09:00:00+00:00
[2024-06-02T12:25:31.443+0000] {standard_task_runner.py:63} INFO - Started process 3144 to run task
[2024-06-02T12:25:31.446+0000] {standard_task_runner.py:90} INFO - Running: ['airflow', 'tasks', 'run', 'dag_with_docker_operator', 'check_status', 'scheduled__2024-06-01T09:00:00+00:00', '--job-id', '834', '--raw', '--subdir', 'DAGS_FOLDER/dag_with_docker_operator.py', '--cfg-path', '/tmp/tmpb8r5x8vx']
[2024-06-02T12:25:31.448+0000] {standard_task_runner.py:91} INFO - Job 834: Subtask check_status
[2024-06-02T12:25:31.692+0000] {task_command.py:426} INFO - Running <TaskInstance: dag_with_docker_operator.check_status scheduled__2024-06-01T09:00:00+00:00 [running]> on host 9c47fcd741af
[2024-06-02T12:25:31.868+0000] {taskinstance.py:2648} INFO - Exporting env vars: AIRFLOW_CTX_DAG_OWNER='airflow' AIRFLOW_CTX_DAG_ID='dag_with_docker_operator' AIRFLOW_CTX_TASK_ID='check_status' AIRFLOW_CTX_EXECUTION_DATE='2024-06-01T09:00:00+00:00' AIRFLOW_CTX_TRY_NUMBER='2' AIRFLOW_CTX_DAG_RUN_ID='scheduled__2024-06-01T09:00:00+00:00'
[2024-06-02T12:25:31.869+0000] {taskinstance.py:430} INFO - ::endgroup::
[2024-06-02T12:25:31.889+0000] {taskinstance.py:441} INFO - ::group::Post task execution logs
[2024-06-02T12:25:31.890+0000] {taskinstance.py:2905} ERROR - Task failed with exception
Traceback (most recent call last):
  File "/home/airflow/.local/lib/python3.12/site-packages/airflow/models/taskinstance.py", line 465, in _execute_task
    result = _execute_callable(context=context, **execute_callable_kwargs)
             ^^^^^^^^^^^^^^^^^^^^^^^^^^^^^^^^^^^^^^^^^^^^^^^^^^^^^^^^^^^^^
  File "/home/airflow/.local/lib/python3.12/site-packages/airflow/models/taskinstance.py", line 432, in _execute_callable
    return execute_callable(context=context, **execute_callable_kwargs)
           ^^^^^^^^^^^^^^^^^^^^^^^^^^^^^^^^^^^^^^^^^^^^^^^^^^^^^^^^^^^^
  File "/home/airflow/.local/lib/python3.12/site-packages/airflow/models/baseoperator.py", line 400, in wrapper
    return func(self, *args, **kwargs)
           ^^^^^^^^^^^^^^^^^^^^^^^^^^^
  File "/home/airflow/.local/lib/python3.12/site-packages/airflow/operators/python.py", line 235, in execute
    return_value = self.execute_callable()
                   ^^^^^^^^^^^^^^^^^^^^^^^
  File "/home/airflow/.local/lib/python3.12/site-packages/airflow/operators/python.py", line 252, in execute_callable
    return self.python_callable(*self.op_args, **self.op_kwargs)
           ^^^^^^^^^^^^^^^^^^^^^^^^^^^^^^^^^^^^^^^^^^^^^^^^^^^^^
  File "/opt/airflow/dags/dag_with_docker_operator.py", line 24, in check_send_status
    raise ValueError(f"Check send status failed: {result}")
ValueError: Check send status failed: {'status': 'failed'}
[2024-06-02T12:25:31.915+0000] {taskinstance.py:1206} INFO - Marking task as FAILED. dag_id=dag_with_docker_operator, task_id=check_status, run_id=scheduled__2024-06-01T09:00:00+00:00, execution_date=20240601T090000, start_date=20240602T122531, end_date=20240602T122531
[2024-06-02T12:25:31.964+0000] {standard_task_runner.py:110} ERROR - Failed to execute job 834 for task check_status (Check send status failed: {'status': 'failed'}; 3144)
[2024-06-02T12:25:31.980+0000] {local_task_job_runner.py:240} INFO - Task exited with return code 1
[2024-06-02T12:25:32.182+0000] {taskinstance.py:3498} INFO - 0 downstream tasks scheduled from follow-on schedule check
[2024-06-02T12:25:32.186+0000] {local_task_job_runner.py:222} INFO - ::endgroup::
