[2024-06-01T21:22:09.881+0000] {local_task_job_runner.py:120} INFO - ::group::Pre task execution logs
[2024-06-01T21:22:09.935+0000] {taskinstance.py:2076} INFO - Dependencies all met for dep_context=non-requeueable deps ti=<TaskInstance: dag_with_docker_operator.check_status scheduled__2024-06-01T03:00:00+00:00 [queued]>
[2024-06-01T21:22:09.957+0000] {taskinstance.py:2076} INFO - Dependencies all met for dep_context=requeueable deps ti=<TaskInstance: dag_with_docker_operator.check_status scheduled__2024-06-01T03:00:00+00:00 [queued]>
[2024-06-01T21:22:09.958+0000] {taskinstance.py:2306} INFO - Starting attempt 1 of 2
[2024-06-01T21:22:10.181+0000] {taskinstance.py:2330} INFO - Executing <Task(PythonOperator): check_status> on 2024-06-01 03:00:00+00:00
[2024-06-01T21:22:10.188+0000] {standard_task_runner.py:63} INFO - Started process 520 to run task
[2024-06-01T21:22:10.192+0000] {standard_task_runner.py:90} INFO - Running: ['airflow', 'tasks', 'run', 'dag_with_docker_operator', 'check_status', 'scheduled__2024-06-01T03:00:00+00:00', '--job-id', '771', '--raw', '--subdir', 'DAGS_FOLDER/dag_with_docker_operator.py', '--cfg-path', '/tmp/tmply0ynh44']
[2024-06-01T21:22:10.194+0000] {standard_task_runner.py:91} INFO - Job 771: Subtask check_status
[2024-06-01T21:22:10.317+0000] {task_command.py:426} INFO - Running <TaskInstance: dag_with_docker_operator.check_status scheduled__2024-06-01T03:00:00+00:00 [running]> on host 9c47fcd741af
[2024-06-01T21:22:10.611+0000] {taskinstance.py:2648} INFO - Exporting env vars: AIRFLOW_CTX_DAG_OWNER='airflow' AIRFLOW_CTX_DAG_ID='dag_with_docker_operator' AIRFLOW_CTX_TASK_ID='check_status' AIRFLOW_CTX_EXECUTION_DATE='2024-06-01T03:00:00+00:00' AIRFLOW_CTX_TRY_NUMBER='1' AIRFLOW_CTX_DAG_RUN_ID='scheduled__2024-06-01T03:00:00+00:00'
[2024-06-01T21:22:10.612+0000] {taskinstance.py:430} INFO - ::endgroup::
[2024-06-01T21:22:10.662+0000] {python.py:237} INFO - Done. Returned value was: {'status': 'success'}
[2024-06-01T21:22:10.669+0000] {taskinstance.py:441} INFO - ::group::Post task execution logs
[2024-06-01T21:22:10.793+0000] {taskinstance.py:1206} INFO - Marking task as SUCCESS. dag_id=dag_with_docker_operator, task_id=check_status, run_id=scheduled__2024-06-01T03:00:00+00:00, execution_date=20240601T030000, start_date=20240601T212209, end_date=20240601T212210
[2024-06-01T21:22:10.887+0000] {local_task_job_runner.py:240} INFO - Task exited with return code 0
[2024-06-01T21:22:10.953+0000] {taskinstance.py:3498} INFO - 0 downstream tasks scheduled from follow-on schedule check
[2024-06-01T21:22:11.006+0000] {local_task_job_runner.py:222} INFO - ::endgroup::
[2024-06-02T11:24:51.970+0000] {local_task_job_runner.py:120} INFO - ::group::Pre task execution logs
[2024-06-02T11:24:52.010+0000] {taskinstance.py:2076} INFO - Dependencies all met for dep_context=non-requeueable deps ti=<TaskInstance: dag_with_docker_operator.check_status scheduled__2024-06-01T03:00:00+00:00 [queued]>
[2024-06-02T11:24:52.029+0000] {taskinstance.py:2076} INFO - Dependencies all met for dep_context=requeueable deps ti=<TaskInstance: dag_with_docker_operator.check_status scheduled__2024-06-01T03:00:00+00:00 [queued]>
[2024-06-02T11:24:52.029+0000] {taskinstance.py:2306} INFO - Starting attempt 1 of 2
[2024-06-02T11:24:52.215+0000] {taskinstance.py:2330} INFO - Executing <Task(PythonOperator): check_status> on 2024-06-01 03:00:00+00:00
[2024-06-02T11:24:52.222+0000] {standard_task_runner.py:63} INFO - Started process 1486 to run task
[2024-06-02T11:24:52.225+0000] {standard_task_runner.py:90} INFO - Running: ['airflow', 'tasks', 'run', 'dag_with_docker_operator', 'check_status', 'scheduled__2024-06-01T03:00:00+00:00', '--job-id', '770', '--raw', '--subdir', 'DAGS_FOLDER/dag_with_docker_operator.py', '--cfg-path', '/tmp/tmpnmg3pby5']
[2024-06-02T11:24:52.228+0000] {standard_task_runner.py:91} INFO - Job 770: Subtask check_status
[2024-06-02T11:24:52.393+0000] {task_command.py:426} INFO - Running <TaskInstance: dag_with_docker_operator.check_status scheduled__2024-06-01T03:00:00+00:00 [running]> on host 9c47fcd741af
[2024-06-02T11:24:52.616+0000] {taskinstance.py:2648} INFO - Exporting env vars: AIRFLOW_CTX_DAG_OWNER='airflow' AIRFLOW_CTX_DAG_ID='dag_with_docker_operator' AIRFLOW_CTX_TASK_ID='check_status' AIRFLOW_CTX_EXECUTION_DATE='2024-06-01T03:00:00+00:00' AIRFLOW_CTX_TRY_NUMBER='1' AIRFLOW_CTX_DAG_RUN_ID='scheduled__2024-06-01T03:00:00+00:00'
[2024-06-02T11:24:52.618+0000] {taskinstance.py:430} INFO - ::endgroup::
[2024-06-02T11:24:52.656+0000] {python.py:237} INFO - Done. Returned value was: {'status': 'success'}
[2024-06-02T11:24:52.657+0000] {taskinstance.py:441} INFO - ::group::Post task execution logs
[2024-06-02T11:24:52.724+0000] {taskinstance.py:1206} INFO - Marking task as SUCCESS. dag_id=dag_with_docker_operator, task_id=check_status, run_id=scheduled__2024-06-01T03:00:00+00:00, execution_date=20240601T030000, start_date=20240602T112452, end_date=20240602T112452
[2024-06-02T11:24:52.882+0000] {local_task_job_runner.py:240} INFO - Task exited with return code 0
[2024-06-02T11:24:52.917+0000] {taskinstance.py:3498} INFO - 0 downstream tasks scheduled from follow-on schedule check
[2024-06-02T11:24:52.920+0000] {local_task_job_runner.py:222} INFO - ::endgroup::
[2024-06-02T11:53:22.924+0000] {local_task_job_runner.py:120} INFO - ::group::Pre task execution logs
[2024-06-02T11:53:22.999+0000] {taskinstance.py:2076} INFO - Dependencies all met for dep_context=non-requeueable deps ti=<TaskInstance: dag_with_docker_operator.check_status scheduled__2024-06-01T03:00:00+00:00 [queued]>
[2024-06-02T11:53:23.020+0000] {taskinstance.py:2076} INFO - Dependencies all met for dep_context=requeueable deps ti=<TaskInstance: dag_with_docker_operator.check_status scheduled__2024-06-01T03:00:00+00:00 [queued]>
[2024-06-02T11:53:23.020+0000] {taskinstance.py:2306} INFO - Starting attempt 1 of 2
[2024-06-02T11:53:23.073+0000] {taskinstance.py:2330} INFO - Executing <Task(PythonOperator): check_status> on 2024-06-01 03:00:00+00:00
[2024-06-02T11:53:23.083+0000] {standard_task_runner.py:63} INFO - Started process 2272 to run task
[2024-06-02T11:53:23.088+0000] {standard_task_runner.py:90} INFO - Running: ['airflow', 'tasks', 'run', 'dag_with_docker_operator', 'check_status', 'scheduled__2024-06-01T03:00:00+00:00', '--job-id', '771', '--raw', '--subdir', 'DAGS_FOLDER/dag_with_docker_operator.py', '--cfg-path', '/tmp/tmpogs_nfni']
[2024-06-02T11:53:23.090+0000] {standard_task_runner.py:91} INFO - Job 771: Subtask check_status
[2024-06-02T11:53:23.606+0000] {task_command.py:426} INFO - Running <TaskInstance: dag_with_docker_operator.check_status scheduled__2024-06-01T03:00:00+00:00 [running]> on host 9c47fcd741af
[2024-06-02T11:53:23.772+0000] {taskinstance.py:2648} INFO - Exporting env vars: AIRFLOW_CTX_DAG_OWNER='airflow' AIRFLOW_CTX_DAG_ID='dag_with_docker_operator' AIRFLOW_CTX_TASK_ID='check_status' AIRFLOW_CTX_EXECUTION_DATE='2024-06-01T03:00:00+00:00' AIRFLOW_CTX_TRY_NUMBER='1' AIRFLOW_CTX_DAG_RUN_ID='scheduled__2024-06-01T03:00:00+00:00'
[2024-06-02T11:53:23.774+0000] {taskinstance.py:430} INFO - ::endgroup::
[2024-06-02T11:53:23.797+0000] {taskinstance.py:441} INFO - ::group::Post task execution logs
[2024-06-02T11:53:23.797+0000] {taskinstance.py:2905} ERROR - Task failed with exception
Traceback (most recent call last):
  File "/home/airflow/.local/lib/python3.12/site-packages/airflow/models/taskinstance.py", line 465, in _execute_task
    result = _execute_callable(context=context, **execute_callable_kwargs)
             ^^^^^^^^^^^^^^^^^^^^^^^^^^^^^^^^^^^^^^^^^^^^^^^^^^^^^^^^^^^^^
  File "/home/airflow/.local/lib/python3.12/site-packages/airflow/models/taskinstance.py", line 432, in _execute_callable
    return execute_callable(context=context, **execute_callable_kwargs)
           ^^^^^^^^^^^^^^^^^^^^^^^^^^^^^^^^^^^^^^^^^^^^^^^^^^^^^^^^^^^^
  File "/home/airflow/.local/lib/python3.12/site-packages/airflow/models/baseoperator.py", line 400, in wrapper
    return func(self, *args, **kwargs)
           ^^^^^^^^^^^^^^^^^^^^^^^^^^^
  File "/home/airflow/.local/lib/python3.12/site-packages/airflow/operators/python.py", line 235, in execute
    return_value = self.execute_callable()
                   ^^^^^^^^^^^^^^^^^^^^^^^
  File "/home/airflow/.local/lib/python3.12/site-packages/airflow/operators/python.py", line 252, in execute_callable
    return self.python_callable(*self.op_args, **self.op_kwargs)
           ^^^^^^^^^^^^^^^^^^^^^^^^^^^^^^^^^^^^^^^^^^^^^^^^^^^^^
  File "/opt/airflow/dags/dag_with_docker_operator.py", line 26, in check_send_status
    raise ValueError(f"Task failed with status: {status}")
ValueError: Task failed with status: failed
[2024-06-02T11:53:24.114+0000] {taskinstance.py:1206} INFO - Marking task as UP_FOR_RETRY. dag_id=dag_with_docker_operator, task_id=check_status, run_id=scheduled__2024-06-01T03:00:00+00:00, execution_date=20240601T030000, start_date=20240602T115322, end_date=20240602T115324
[2024-06-02T11:53:24.180+0000] {standard_task_runner.py:110} ERROR - Failed to execute job 771 for task check_status (Task failed with status: failed; 2272)
[2024-06-02T11:53:24.226+0000] {local_task_job_runner.py:240} INFO - Task exited with return code 1
[2024-06-02T11:53:24.349+0000] {taskinstance.py:3498} INFO - 0 downstream tasks scheduled from follow-on schedule check
[2024-06-02T11:53:24.351+0000] {local_task_job_runner.py:222} INFO - ::endgroup::
[2024-06-02T12:14:46.112+0000] {local_task_job_runner.py:120} INFO - ::group::Pre task execution logs
[2024-06-02T12:14:46.164+0000] {taskinstance.py:2076} INFO - Dependencies all met for dep_context=non-requeueable deps ti=<TaskInstance: dag_with_docker_operator.check_status scheduled__2024-06-01T03:00:00+00:00 [queued]>
[2024-06-02T12:14:46.192+0000] {taskinstance.py:2076} INFO - Dependencies all met for dep_context=requeueable deps ti=<TaskInstance: dag_with_docker_operator.check_status scheduled__2024-06-01T03:00:00+00:00 [queued]>
[2024-06-02T12:14:46.193+0000] {taskinstance.py:2306} INFO - Starting attempt 1 of 2
[2024-06-02T12:14:46.254+0000] {taskinstance.py:2330} INFO - Executing <Task(PythonOperator): check_status> on 2024-06-01 03:00:00+00:00
[2024-06-02T12:14:46.262+0000] {standard_task_runner.py:63} INFO - Started process 2795 to run task
[2024-06-02T12:14:46.265+0000] {standard_task_runner.py:90} INFO - Running: ['airflow', 'tasks', 'run', 'dag_with_docker_operator', 'check_status', 'scheduled__2024-06-01T03:00:00+00:00', '--job-id', '771', '--raw', '--subdir', 'DAGS_FOLDER/dag_with_docker_operator.py', '--cfg-path', '/tmp/tmpj4g322wd']
[2024-06-02T12:14:46.267+0000] {standard_task_runner.py:91} INFO - Job 771: Subtask check_status
[2024-06-02T12:14:46.522+0000] {task_command.py:426} INFO - Running <TaskInstance: dag_with_docker_operator.check_status scheduled__2024-06-01T03:00:00+00:00 [running]> on host 9c47fcd741af
[2024-06-02T12:14:46.694+0000] {taskinstance.py:2648} INFO - Exporting env vars: AIRFLOW_CTX_DAG_OWNER='airflow' AIRFLOW_CTX_DAG_ID='dag_with_docker_operator' AIRFLOW_CTX_TASK_ID='check_status' AIRFLOW_CTX_EXECUTION_DATE='2024-06-01T03:00:00+00:00' AIRFLOW_CTX_TRY_NUMBER='1' AIRFLOW_CTX_DAG_RUN_ID='scheduled__2024-06-01T03:00:00+00:00'
[2024-06-02T12:14:46.694+0000] {taskinstance.py:430} INFO - ::endgroup::
[2024-06-02T12:14:46.718+0000] {taskinstance.py:441} INFO - ::group::Post task execution logs
[2024-06-02T12:14:46.720+0000] {taskinstance.py:2905} ERROR - Task failed with exception
Traceback (most recent call last):
  File "/home/airflow/.local/lib/python3.12/site-packages/airflow/models/taskinstance.py", line 465, in _execute_task
    result = _execute_callable(context=context, **execute_callable_kwargs)
             ^^^^^^^^^^^^^^^^^^^^^^^^^^^^^^^^^^^^^^^^^^^^^^^^^^^^^^^^^^^^^
  File "/home/airflow/.local/lib/python3.12/site-packages/airflow/models/taskinstance.py", line 432, in _execute_callable
    return execute_callable(context=context, **execute_callable_kwargs)
           ^^^^^^^^^^^^^^^^^^^^^^^^^^^^^^^^^^^^^^^^^^^^^^^^^^^^^^^^^^^^
  File "/home/airflow/.local/lib/python3.12/site-packages/airflow/models/baseoperator.py", line 400, in wrapper
    return func(self, *args, **kwargs)
           ^^^^^^^^^^^^^^^^^^^^^^^^^^^
  File "/home/airflow/.local/lib/python3.12/site-packages/airflow/operators/python.py", line 235, in execute
    return_value = self.execute_callable()
                   ^^^^^^^^^^^^^^^^^^^^^^^
  File "/home/airflow/.local/lib/python3.12/site-packages/airflow/operators/python.py", line 252, in execute_callable
    return self.python_callable(*self.op_args, **self.op_kwargs)
           ^^^^^^^^^^^^^^^^^^^^^^^^^^^^^^^^^^^^^^^^^^^^^^^^^^^^^
  File "/opt/airflow/dags/dag_with_docker_operator.py", line 24, in check_send_status
    raise ValueError(f"Check send status failed: {result}")
ValueError: Check send status failed: {'status': 'failed'}
[2024-06-02T12:14:46.738+0000] {taskinstance.py:1206} INFO - Marking task as UP_FOR_RETRY. dag_id=dag_with_docker_operator, task_id=check_status, run_id=scheduled__2024-06-01T03:00:00+00:00, execution_date=20240601T030000, start_date=20240602T121446, end_date=20240602T121446
[2024-06-02T12:14:46.783+0000] {standard_task_runner.py:110} ERROR - Failed to execute job 771 for task check_status (Check send status failed: {'status': 'failed'}; 2795)
[2024-06-02T12:14:46.803+0000] {local_task_job_runner.py:240} INFO - Task exited with return code 1
[2024-06-02T12:14:46.971+0000] {taskinstance.py:3498} INFO - 0 downstream tasks scheduled from follow-on schedule check
[2024-06-02T12:14:46.974+0000] {local_task_job_runner.py:222} INFO - ::endgroup::
