[2024-06-02T10:47:12.569+0000] {local_task_job_runner.py:120} INFO - ::group::Pre task execution logs
[2024-06-02T10:47:12.705+0000] {taskinstance.py:2076} INFO - Dependencies all met for dep_context=non-requeueable deps ti=<TaskInstance: dag_with_docker_operator.check_status scheduled__2024-06-02T09:00:00+00:00 [queued]>
[2024-06-02T10:47:12.746+0000] {taskinstance.py:2076} INFO - Dependencies all met for dep_context=requeueable deps ti=<TaskInstance: dag_with_docker_operator.check_status scheduled__2024-06-02T09:00:00+00:00 [queued]>
[2024-06-02T10:47:12.747+0000] {taskinstance.py:2306} INFO - Starting attempt 1 of 2
[2024-06-02T10:47:12.987+0000] {taskinstance.py:2330} INFO - Executing <Task(PythonOperator): check_status> on 2024-06-02 09:00:00+00:00
[2024-06-02T10:47:12.994+0000] {standard_task_runner.py:63} INFO - Started process 1229 to run task
[2024-06-02T10:47:12.999+0000] {standard_task_runner.py:90} INFO - Running: ['airflow', 'tasks', 'run', 'dag_with_docker_operator', 'check_status', 'scheduled__2024-06-02T09:00:00+00:00', '--job-id', '891', '--raw', '--subdir', 'DAGS_FOLDER/dag_with_docker_operator.py', '--cfg-path', '/tmp/tmp5fazo23w']
[2024-06-02T10:47:13.002+0000] {standard_task_runner.py:91} INFO - Job 891: Subtask check_status
[2024-06-02T10:47:13.113+0000] {task_command.py:426} INFO - Running <TaskInstance: dag_with_docker_operator.check_status scheduled__2024-06-02T09:00:00+00:00 [running]> on host 9c47fcd741af
[2024-06-02T10:47:13.354+0000] {taskinstance.py:2648} INFO - Exporting env vars: AIRFLOW_CTX_DAG_OWNER='airflow' AIRFLOW_CTX_DAG_ID='dag_with_docker_operator' AIRFLOW_CTX_TASK_ID='check_status' AIRFLOW_CTX_EXECUTION_DATE='2024-06-02T09:00:00+00:00' AIRFLOW_CTX_TRY_NUMBER='1' AIRFLOW_CTX_DAG_RUN_ID='scheduled__2024-06-02T09:00:00+00:00'
[2024-06-02T10:47:13.355+0000] {taskinstance.py:430} INFO - ::endgroup::
[2024-06-02T10:47:13.415+0000] {python.py:237} INFO - Done. Returned value was: {'status': 'success'}
[2024-06-02T10:47:13.416+0000] {taskinstance.py:441} INFO - ::group::Post task execution logs
[2024-06-02T10:47:13.478+0000] {taskinstance.py:1206} INFO - Marking task as SUCCESS. dag_id=dag_with_docker_operator, task_id=check_status, run_id=scheduled__2024-06-02T09:00:00+00:00, execution_date=20240602T090000, start_date=20240602T104712, end_date=20240602T104713
[2024-06-02T10:47:13.541+0000] {local_task_job_runner.py:240} INFO - Task exited with return code 0
[2024-06-02T10:47:13.602+0000] {taskinstance.py:3498} INFO - 0 downstream tasks scheduled from follow-on schedule check
[2024-06-02T10:47:13.610+0000] {local_task_job_runner.py:222} INFO - ::endgroup::
[2024-06-02T11:47:08.991+0000] {local_task_job_runner.py:120} INFO - ::group::Pre task execution logs
[2024-06-02T11:47:09.043+0000] {taskinstance.py:2076} INFO - Dependencies all met for dep_context=non-requeueable deps ti=<TaskInstance: dag_with_docker_operator.check_status scheduled__2024-06-02T09:00:00+00:00 [queued]>
[2024-06-02T11:47:09.064+0000] {taskinstance.py:2076} INFO - Dependencies all met for dep_context=requeueable deps ti=<TaskInstance: dag_with_docker_operator.check_status scheduled__2024-06-02T09:00:00+00:00 [queued]>
[2024-06-02T11:47:09.065+0000] {taskinstance.py:2306} INFO - Starting attempt 1 of 2
[2024-06-02T11:47:09.202+0000] {taskinstance.py:2330} INFO - Executing <Task(PythonOperator): check_status> on 2024-06-02 09:00:00+00:00
[2024-06-02T11:47:09.208+0000] {standard_task_runner.py:63} INFO - Started process 2154 to run task
[2024-06-02T11:47:09.211+0000] {standard_task_runner.py:90} INFO - Running: ['airflow', 'tasks', 'run', 'dag_with_docker_operator', 'check_status', 'scheduled__2024-06-02T09:00:00+00:00', '--job-id', '891', '--raw', '--subdir', 'DAGS_FOLDER/dag_with_docker_operator.py', '--cfg-path', '/tmp/tmpql3lcfc7']
[2024-06-02T11:47:09.213+0000] {standard_task_runner.py:91} INFO - Job 891: Subtask check_status
[2024-06-02T11:47:09.329+0000] {task_command.py:426} INFO - Running <TaskInstance: dag_with_docker_operator.check_status scheduled__2024-06-02T09:00:00+00:00 [running]> on host 9c47fcd741af
[2024-06-02T11:47:09.563+0000] {taskinstance.py:2648} INFO - Exporting env vars: AIRFLOW_CTX_DAG_OWNER='airflow' AIRFLOW_CTX_DAG_ID='dag_with_docker_operator' AIRFLOW_CTX_TASK_ID='check_status' AIRFLOW_CTX_EXECUTION_DATE='2024-06-02T09:00:00+00:00' AIRFLOW_CTX_TRY_NUMBER='1' AIRFLOW_CTX_DAG_RUN_ID='scheduled__2024-06-02T09:00:00+00:00'
[2024-06-02T11:47:09.564+0000] {taskinstance.py:430} INFO - ::endgroup::
[2024-06-02T11:47:09.593+0000] {python.py:237} INFO - Done. Returned value was: {'status': 'failed'}
[2024-06-02T11:47:09.594+0000] {taskinstance.py:441} INFO - ::group::Post task execution logs
[2024-06-02T11:47:09.652+0000] {taskinstance.py:1206} INFO - Marking task as SUCCESS. dag_id=dag_with_docker_operator, task_id=check_status, run_id=scheduled__2024-06-02T09:00:00+00:00, execution_date=20240602T090000, start_date=20240602T114709, end_date=20240602T114709
[2024-06-02T11:47:09.706+0000] {local_task_job_runner.py:240} INFO - Task exited with return code 0
[2024-06-02T11:47:09.732+0000] {taskinstance.py:3498} INFO - 0 downstream tasks scheduled from follow-on schedule check
[2024-06-02T11:47:09.734+0000] {local_task_job_runner.py:222} INFO - ::endgroup::
[2024-06-02T12:51:47.521+0000] {local_task_job_runner.py:120} INFO - ::group::Pre task execution logs
[2024-06-02T12:51:47.586+0000] {taskinstance.py:2076} INFO - Dependencies all met for dep_context=non-requeueable deps ti=<TaskInstance: dag_with_docker_operator.check_status scheduled__2024-06-02T09:00:00+00:00 [queued]>
[2024-06-02T12:51:47.614+0000] {taskinstance.py:2076} INFO - Dependencies all met for dep_context=requeueable deps ti=<TaskInstance: dag_with_docker_operator.check_status scheduled__2024-06-02T09:00:00+00:00 [queued]>
[2024-06-02T12:51:47.615+0000] {taskinstance.py:2306} INFO - Starting attempt 1 of 2
[2024-06-02T12:51:47.714+0000] {taskinstance.py:2330} INFO - Executing <Task(PythonOperator): check_status> on 2024-06-02 09:00:00+00:00
[2024-06-02T12:51:47.719+0000] {standard_task_runner.py:63} INFO - Started process 3828 to run task
[2024-06-02T12:51:47.722+0000] {standard_task_runner.py:90} INFO - Running: ['airflow', 'tasks', 'run', 'dag_with_docker_operator', 'check_status', 'scheduled__2024-06-02T09:00:00+00:00', '--job-id', '959', '--raw', '--subdir', 'DAGS_FOLDER/dag_with_docker_operator.py', '--cfg-path', '/tmp/tmpu49_p5f8']
[2024-06-02T12:51:47.724+0000] {standard_task_runner.py:91} INFO - Job 959: Subtask check_status
[2024-06-02T12:51:48.080+0000] {task_command.py:426} INFO - Running <TaskInstance: dag_with_docker_operator.check_status scheduled__2024-06-02T09:00:00+00:00 [running]> on host 9c47fcd741af
[2024-06-02T12:51:48.391+0000] {taskinstance.py:2648} INFO - Exporting env vars: AIRFLOW_CTX_DAG_OWNER='airflow' AIRFLOW_CTX_DAG_ID='dag_with_docker_operator' AIRFLOW_CTX_TASK_ID='check_status' AIRFLOW_CTX_EXECUTION_DATE='2024-06-02T09:00:00+00:00' AIRFLOW_CTX_TRY_NUMBER='1' AIRFLOW_CTX_DAG_RUN_ID='scheduled__2024-06-02T09:00:00+00:00'
[2024-06-02T12:51:48.392+0000] {taskinstance.py:430} INFO - ::endgroup::
[2024-06-02T12:51:48.429+0000] {taskinstance.py:441} INFO - ::group::Post task execution logs
[2024-06-02T12:51:48.430+0000] {taskinstance.py:2905} ERROR - Task failed with exception
Traceback (most recent call last):
  File "/home/airflow/.local/lib/python3.12/site-packages/airflow/models/taskinstance.py", line 465, in _execute_task
    result = _execute_callable(context=context, **execute_callable_kwargs)
             ^^^^^^^^^^^^^^^^^^^^^^^^^^^^^^^^^^^^^^^^^^^^^^^^^^^^^^^^^^^^^
  File "/home/airflow/.local/lib/python3.12/site-packages/airflow/models/taskinstance.py", line 432, in _execute_callable
    return execute_callable(context=context, **execute_callable_kwargs)
           ^^^^^^^^^^^^^^^^^^^^^^^^^^^^^^^^^^^^^^^^^^^^^^^^^^^^^^^^^^^^
  File "/home/airflow/.local/lib/python3.12/site-packages/airflow/models/baseoperator.py", line 400, in wrapper
    return func(self, *args, **kwargs)
           ^^^^^^^^^^^^^^^^^^^^^^^^^^^
  File "/home/airflow/.local/lib/python3.12/site-packages/airflow/operators/python.py", line 235, in execute
    return_value = self.execute_callable()
                   ^^^^^^^^^^^^^^^^^^^^^^^
  File "/home/airflow/.local/lib/python3.12/site-packages/airflow/operators/python.py", line 252, in execute_callable
    return self.python_callable(*self.op_args, **self.op_kwargs)
           ^^^^^^^^^^^^^^^^^^^^^^^^^^^^^^^^^^^^^^^^^^^^^^^^^^^^^
  File "/opt/airflow/dags/dag_with_docker_operator.py", line 24, in check_send_status
    raise ValueError(f"Request returned non-success status: {response_json.get('status')}")
ValueError: Request returned non-success status: failed
[2024-06-02T12:51:48.459+0000] {taskinstance.py:1206} INFO - Marking task as UP_FOR_RETRY. dag_id=dag_with_docker_operator, task_id=check_status, run_id=scheduled__2024-06-02T09:00:00+00:00, execution_date=20240602T090000, start_date=20240602T125147, end_date=20240602T125148
[2024-06-02T12:51:48.592+0000] {standard_task_runner.py:110} ERROR - Failed to execute job 959 for task check_status (Request returned non-success status: failed; 3828)
[2024-06-02T12:51:48.618+0000] {local_task_job_runner.py:240} INFO - Task exited with return code 1
[2024-06-02T12:51:48.750+0000] {taskinstance.py:3498} INFO - 0 downstream tasks scheduled from follow-on schedule check
[2024-06-02T12:51:48.753+0000] {local_task_job_runner.py:222} INFO - ::endgroup::
