[2024-05-29T10:50:57.404+0000] {local_task_job_runner.py:120} INFO - ::group::Pre task execution logs
[2024-05-29T10:50:57.455+0000] {taskinstance.py:2076} INFO - Dependencies all met for dep_context=non-requeueable deps ti=<TaskInstance: check_send_status_dag.check_status scheduled__2023-01-01T02:20:00+00:00 [queued]>
[2024-05-29T10:50:57.478+0000] {taskinstance.py:2076} INFO - Dependencies all met for dep_context=requeueable deps ti=<TaskInstance: check_send_status_dag.check_status scheduled__2023-01-01T02:20:00+00:00 [queued]>
[2024-05-29T10:50:57.479+0000] {taskinstance.py:2306} INFO - Starting attempt 2 of 2
[2024-05-29T10:50:57.534+0000] {taskinstance.py:2330} INFO - Executing <Task(PythonOperator): check_status> on 2023-01-01 02:20:00+00:00
[2024-05-29T10:50:57.540+0000] {standard_task_runner.py:63} INFO - Started process 256 to run task
[2024-05-29T10:50:57.543+0000] {standard_task_runner.py:90} INFO - Running: ['airflow', 'tasks', 'run', 'check_send_status_dag', 'check_status', 'scheduled__2023-01-01T02:20:00+00:00', '--job-id', '42', '--raw', '--subdir', 'DAGS_FOLDER/check_send_status_dag.py', '--cfg-path', '/tmp/tmplpwovp96']
[2024-05-29T10:50:57.545+0000] {standard_task_runner.py:91} INFO - Job 42: Subtask check_status
[2024-05-29T10:50:57.660+0000] {task_command.py:426} INFO - Running <TaskInstance: check_send_status_dag.check_status scheduled__2023-01-01T02:20:00+00:00 [running]> on host f708138922bb
[2024-05-29T10:50:57.849+0000] {taskinstance.py:2648} INFO - Exporting env vars: AIRFLOW_CTX_DAG_OWNER='airflow' AIRFLOW_CTX_DAG_ID='check_send_status_dag' AIRFLOW_CTX_TASK_ID='check_status' AIRFLOW_CTX_EXECUTION_DATE='2023-01-01T02:20:00+00:00' AIRFLOW_CTX_TRY_NUMBER='2' AIRFLOW_CTX_DAG_RUN_ID='scheduled__2023-01-01T02:20:00+00:00'
[2024-05-29T10:50:57.850+0000] {taskinstance.py:430} INFO - ::endgroup::
[2024-05-29T10:50:58.228+0000] {check_send_status_dag.py:15} ERROR - Error fetching status: 404 Client Error: Not Found for url: http://host.docker.internal/check_send_status
[2024-05-29T10:50:58.229+0000] {taskinstance.py:441} INFO - ::group::Post task execution logs
[2024-05-29T10:50:58.230+0000] {taskinstance.py:2905} ERROR - Task failed with exception
Traceback (most recent call last):
  File "/home/airflow/.local/lib/python3.12/site-packages/airflow/models/taskinstance.py", line 465, in _execute_task
    result = _execute_callable(context=context, **execute_callable_kwargs)
             ^^^^^^^^^^^^^^^^^^^^^^^^^^^^^^^^^^^^^^^^^^^^^^^^^^^^^^^^^^^^^
  File "/home/airflow/.local/lib/python3.12/site-packages/airflow/models/taskinstance.py", line 432, in _execute_callable
    return execute_callable(context=context, **execute_callable_kwargs)
           ^^^^^^^^^^^^^^^^^^^^^^^^^^^^^^^^^^^^^^^^^^^^^^^^^^^^^^^^^^^^
  File "/home/airflow/.local/lib/python3.12/site-packages/airflow/models/baseoperator.py", line 400, in wrapper
    return func(self, *args, **kwargs)
           ^^^^^^^^^^^^^^^^^^^^^^^^^^^
  File "/home/airflow/.local/lib/python3.12/site-packages/airflow/operators/python.py", line 235, in execute
    return_value = self.execute_callable()
                   ^^^^^^^^^^^^^^^^^^^^^^^
  File "/home/airflow/.local/lib/python3.12/site-packages/airflow/operators/python.py", line 252, in execute_callable
    return self.python_callable(*self.op_args, **self.op_kwargs)
           ^^^^^^^^^^^^^^^^^^^^^^^^^^^^^^^^^^^^^^^^^^^^^^^^^^^^^
  File "/opt/airflow/dags/check_send_status_dag.py", line 11, in check_send_status
    response.raise_for_status()
  File "/home/airflow/.local/lib/python3.12/site-packages/requests/models.py", line 1021, in raise_for_status
    raise HTTPError(http_error_msg, response=self)
requests.exceptions.HTTPError: 404 Client Error: Not Found for url: http://host.docker.internal/check_send_status
[2024-05-29T10:50:58.256+0000] {taskinstance.py:1206} INFO - Marking task as FAILED. dag_id=check_send_status_dag, task_id=check_status, run_id=scheduled__2023-01-01T02:20:00+00:00, execution_date=20230101T022000, start_date=20240529T105057, end_date=20240529T105058
[2024-05-29T10:50:58.305+0000] {standard_task_runner.py:110} ERROR - Failed to execute job 42 for task check_status (404 Client Error: Not Found for url: http://host.docker.internal/check_send_status; 256)
[2024-05-29T10:50:58.318+0000] {local_task_job_runner.py:240} INFO - Task exited with return code 1
[2024-05-29T10:50:58.350+0000] {taskinstance.py:3498} INFO - 0 downstream tasks scheduled from follow-on schedule check
[2024-05-29T10:50:58.353+0000] {local_task_job_runner.py:222} INFO - ::endgroup::
[2024-05-29T14:52:15.851+0000] {local_task_job_runner.py:120} INFO - ::group::Pre task execution logs
[2024-05-29T14:52:15.902+0000] {taskinstance.py:2076} INFO - Dependencies all met for dep_context=non-requeueable deps ti=<TaskInstance: check_send_status_dag.check_status scheduled__2023-01-01T02:20:00+00:00 [queued]>
[2024-05-29T14:52:15.923+0000] {taskinstance.py:2076} INFO - Dependencies all met for dep_context=requeueable deps ti=<TaskInstance: check_send_status_dag.check_status scheduled__2023-01-01T02:20:00+00:00 [queued]>
[2024-05-29T14:52:15.924+0000] {taskinstance.py:2306} INFO - Starting attempt 2 of 2
[2024-05-29T14:52:16.038+0000] {taskinstance.py:2330} INFO - Executing <Task(PythonOperator): check_status> on 2023-01-01 02:20:00+00:00
[2024-05-29T14:52:16.048+0000] {standard_task_runner.py:63} INFO - Started process 1663 to run task
[2024-05-29T14:52:16.053+0000] {standard_task_runner.py:90} INFO - Running: ['airflow', 'tasks', 'run', 'check_send_status_dag', 'check_status', 'scheduled__2023-01-01T02:20:00+00:00', '--job-id', '24', '--raw', '--subdir', 'DAGS_FOLDER/check_send_status_dag.py', '--cfg-path', '/tmp/tmpypxn7vv1']
[2024-05-29T14:52:16.057+0000] {standard_task_runner.py:91} INFO - Job 24: Subtask check_status
[2024-05-29T14:52:16.246+0000] {task_command.py:426} INFO - Running <TaskInstance: check_send_status_dag.check_status scheduled__2023-01-01T02:20:00+00:00 [running]> on host f708138922bb
[2024-05-29T14:52:16.440+0000] {taskinstance.py:2648} INFO - Exporting env vars: AIRFLOW_CTX_DAG_OWNER='airflow' AIRFLOW_CTX_DAG_ID='check_send_status_dag' AIRFLOW_CTX_TASK_ID='check_status' AIRFLOW_CTX_EXECUTION_DATE='2023-01-01T02:20:00+00:00' AIRFLOW_CTX_TRY_NUMBER='2' AIRFLOW_CTX_DAG_RUN_ID='scheduled__2023-01-01T02:20:00+00:00'
[2024-05-29T14:52:16.442+0000] {taskinstance.py:430} INFO - ::endgroup::
[2024-05-29T14:52:16.503+0000] {check_send_status_dag.py:13} INFO - Status: {'status': 'unknown'}
[2024-05-29T14:52:16.505+0000] {python.py:237} INFO - Done. Returned value was: None
[2024-05-29T14:52:16.508+0000] {taskinstance.py:441} INFO - ::group::Post task execution logs
[2024-05-29T14:52:16.534+0000] {taskinstance.py:1206} INFO - Marking task as SUCCESS. dag_id=check_send_status_dag, task_id=check_status, run_id=scheduled__2023-01-01T02:20:00+00:00, execution_date=20230101T022000, start_date=20240529T145215, end_date=20240529T145216
[2024-05-29T14:52:16.628+0000] {local_task_job_runner.py:240} INFO - Task exited with return code 0
[2024-05-29T14:52:16.657+0000] {taskinstance.py:3498} INFO - 0 downstream tasks scheduled from follow-on schedule check
[2024-05-29T14:52:16.660+0000] {local_task_job_runner.py:222} INFO - ::endgroup::
