[2024-06-01T21:33:17.585+0000] {local_task_job_runner.py:120} INFO - ::group::Pre task execution logs
[2024-06-01T21:33:17.632+0000] {taskinstance.py:2076} INFO - Dependencies all met for dep_context=non-requeueable deps ti=<TaskInstance: dag_with_docker_operator.check_status scheduled__2024-06-01T20:30:00+00:00 [queued]>
[2024-06-01T21:33:17.652+0000] {taskinstance.py:2076} INFO - Dependencies all met for dep_context=requeueable deps ti=<TaskInstance: dag_with_docker_operator.check_status scheduled__2024-06-01T20:30:00+00:00 [queued]>
[2024-06-01T21:33:17.653+0000] {taskinstance.py:2306} INFO - Starting attempt 1 of 2
[2024-06-01T21:33:17.807+0000] {taskinstance.py:2330} INFO - Executing <Task(PythonOperator): check_status> on 2024-06-01 20:30:00+00:00
[2024-06-01T21:33:17.813+0000] {standard_task_runner.py:63} INFO - Started process 901 to run task
[2024-06-01T21:33:17.817+0000] {standard_task_runner.py:90} INFO - Running: ['airflow', 'tasks', 'run', 'dag_with_docker_operator', 'check_status', 'scheduled__2024-06-01T20:30:00+00:00', '--job-id', '840', '--raw', '--subdir', 'DAGS_FOLDER/dag_with_docker_operator.py', '--cfg-path', '/tmp/tmpcrsqkfe6']
[2024-06-01T21:33:17.819+0000] {standard_task_runner.py:91} INFO - Job 840: Subtask check_status
[2024-06-01T21:33:17.930+0000] {task_command.py:426} INFO - Running <TaskInstance: dag_with_docker_operator.check_status scheduled__2024-06-01T20:30:00+00:00 [running]> on host 9c47fcd741af
[2024-06-01T21:33:18.155+0000] {taskinstance.py:2648} INFO - Exporting env vars: AIRFLOW_CTX_DAG_OWNER='airflow' AIRFLOW_CTX_DAG_ID='dag_with_docker_operator' AIRFLOW_CTX_TASK_ID='check_status' AIRFLOW_CTX_EXECUTION_DATE='2024-06-01T20:30:00+00:00' AIRFLOW_CTX_TRY_NUMBER='1' AIRFLOW_CTX_DAG_RUN_ID='scheduled__2024-06-01T20:30:00+00:00'
[2024-06-01T21:33:18.156+0000] {taskinstance.py:430} INFO - ::endgroup::
[2024-06-01T21:33:18.183+0000] {python.py:237} INFO - Done. Returned value was: {'status': 'success'}
[2024-06-01T21:33:18.187+0000] {taskinstance.py:441} INFO - ::group::Post task execution logs
[2024-06-01T21:33:18.290+0000] {taskinstance.py:1206} INFO - Marking task as SUCCESS. dag_id=dag_with_docker_operator, task_id=check_status, run_id=scheduled__2024-06-01T20:30:00+00:00, execution_date=20240601T203000, start_date=20240601T213317, end_date=20240601T213318
[2024-06-01T21:33:18.355+0000] {local_task_job_runner.py:240} INFO - Task exited with return code 0
[2024-06-01T21:33:18.393+0000] {taskinstance.py:3498} INFO - 0 downstream tasks scheduled from follow-on schedule check
[2024-06-01T21:33:18.396+0000] {local_task_job_runner.py:222} INFO - ::endgroup::
[2024-06-02T11:37:59.899+0000] {local_task_job_runner.py:120} INFO - ::group::Pre task execution logs
[2024-06-02T11:37:59.938+0000] {taskinstance.py:2076} INFO - Dependencies all met for dep_context=non-requeueable deps ti=<TaskInstance: dag_with_docker_operator.check_status scheduled__2024-06-01T20:30:00+00:00 [queued]>
[2024-06-02T11:37:59.957+0000] {taskinstance.py:2076} INFO - Dependencies all met for dep_context=requeueable deps ti=<TaskInstance: dag_with_docker_operator.check_status scheduled__2024-06-01T20:30:00+00:00 [queued]>
[2024-06-02T11:37:59.958+0000] {taskinstance.py:2306} INFO - Starting attempt 1 of 2
[2024-06-02T11:38:00.203+0000] {taskinstance.py:2330} INFO - Executing <Task(PythonOperator): check_status> on 2024-06-01 20:30:00+00:00
[2024-06-02T11:38:00.214+0000] {standard_task_runner.py:63} INFO - Started process 1873 to run task
[2024-06-02T11:38:00.218+0000] {standard_task_runner.py:90} INFO - Running: ['airflow', 'tasks', 'run', 'dag_with_docker_operator', 'check_status', 'scheduled__2024-06-01T20:30:00+00:00', '--job-id', '840', '--raw', '--subdir', 'DAGS_FOLDER/dag_with_docker_operator.py', '--cfg-path', '/tmp/tmp7ge87mi4']
[2024-06-02T11:38:00.221+0000] {standard_task_runner.py:91} INFO - Job 840: Subtask check_status
[2024-06-02T11:38:00.392+0000] {task_command.py:426} INFO - Running <TaskInstance: dag_with_docker_operator.check_status scheduled__2024-06-01T20:30:00+00:00 [running]> on host 9c47fcd741af
[2024-06-02T11:38:00.775+0000] {taskinstance.py:2648} INFO - Exporting env vars: AIRFLOW_CTX_DAG_OWNER='airflow' AIRFLOW_CTX_DAG_ID='dag_with_docker_operator' AIRFLOW_CTX_TASK_ID='check_status' AIRFLOW_CTX_EXECUTION_DATE='2024-06-01T20:30:00+00:00' AIRFLOW_CTX_TRY_NUMBER='1' AIRFLOW_CTX_DAG_RUN_ID='scheduled__2024-06-01T20:30:00+00:00'
[2024-06-02T11:38:00.777+0000] {taskinstance.py:430} INFO - ::endgroup::
[2024-06-02T11:38:00.871+0000] {python.py:237} INFO - Done. Returned value was: {'status': 'failed'}
[2024-06-02T11:38:00.885+0000] {taskinstance.py:441} INFO - ::group::Post task execution logs
[2024-06-02T11:38:01.036+0000] {taskinstance.py:1206} INFO - Marking task as SUCCESS. dag_id=dag_with_docker_operator, task_id=check_status, run_id=scheduled__2024-06-01T20:30:00+00:00, execution_date=20240601T203000, start_date=20240602T113759, end_date=20240602T113801
[2024-06-02T11:38:01.156+0000] {local_task_job_runner.py:240} INFO - Task exited with return code 0
[2024-06-02T11:38:01.366+0000] {taskinstance.py:3498} INFO - 0 downstream tasks scheduled from follow-on schedule check
[2024-06-02T11:38:01.401+0000] {local_task_job_runner.py:222} INFO - ::endgroup::
[2024-06-02T12:34:42.850+0000] {local_task_job_runner.py:120} INFO - ::group::Pre task execution logs
[2024-06-02T12:34:42.894+0000] {taskinstance.py:2076} INFO - Dependencies all met for dep_context=non-requeueable deps ti=<TaskInstance: dag_with_docker_operator.check_status scheduled__2024-06-01T20:30:00+00:00 [queued]>
[2024-06-02T12:34:42.916+0000] {taskinstance.py:2076} INFO - Dependencies all met for dep_context=requeueable deps ti=<TaskInstance: dag_with_docker_operator.check_status scheduled__2024-06-01T20:30:00+00:00 [queued]>
[2024-06-02T12:34:42.917+0000] {taskinstance.py:2306} INFO - Starting attempt 1 of 2
[2024-06-02T12:34:42.967+0000] {taskinstance.py:2330} INFO - Executing <Task(PythonOperator): check_status> on 2024-06-01 20:30:00+00:00
[2024-06-02T12:34:42.972+0000] {standard_task_runner.py:63} INFO - Started process 3385 to run task
[2024-06-02T12:34:42.975+0000] {standard_task_runner.py:90} INFO - Running: ['airflow', 'tasks', 'run', 'dag_with_docker_operator', 'check_status', 'scheduled__2024-06-01T20:30:00+00:00', '--job-id', '878', '--raw', '--subdir', 'DAGS_FOLDER/dag_with_docker_operator.py', '--cfg-path', '/tmp/tmpm3ve11he']
[2024-06-02T12:34:42.977+0000] {standard_task_runner.py:91} INFO - Job 878: Subtask check_status
[2024-06-02T12:34:43.253+0000] {task_command.py:426} INFO - Running <TaskInstance: dag_with_docker_operator.check_status scheduled__2024-06-01T20:30:00+00:00 [running]> on host 9c47fcd741af
[2024-06-02T12:34:43.535+0000] {taskinstance.py:2648} INFO - Exporting env vars: AIRFLOW_CTX_DAG_OWNER='airflow' AIRFLOW_CTX_DAG_ID='dag_with_docker_operator' AIRFLOW_CTX_TASK_ID='check_status' AIRFLOW_CTX_EXECUTION_DATE='2024-06-01T20:30:00+00:00' AIRFLOW_CTX_TRY_NUMBER='1' AIRFLOW_CTX_DAG_RUN_ID='scheduled__2024-06-01T20:30:00+00:00'
[2024-06-02T12:34:43.536+0000] {taskinstance.py:430} INFO - ::endgroup::
[2024-06-02T12:34:43.562+0000] {taskinstance.py:441} INFO - ::group::Post task execution logs
[2024-06-02T12:34:43.564+0000] {taskinstance.py:2905} ERROR - Task failed with exception
Traceback (most recent call last):
  File "/home/airflow/.local/lib/python3.12/site-packages/airflow/models/taskinstance.py", line 465, in _execute_task
    result = _execute_callable(context=context, **execute_callable_kwargs)
             ^^^^^^^^^^^^^^^^^^^^^^^^^^^^^^^^^^^^^^^^^^^^^^^^^^^^^^^^^^^^^
  File "/home/airflow/.local/lib/python3.12/site-packages/airflow/models/taskinstance.py", line 432, in _execute_callable
    return execute_callable(context=context, **execute_callable_kwargs)
           ^^^^^^^^^^^^^^^^^^^^^^^^^^^^^^^^^^^^^^^^^^^^^^^^^^^^^^^^^^^^
  File "/home/airflow/.local/lib/python3.12/site-packages/airflow/models/baseoperator.py", line 400, in wrapper
    return func(self, *args, **kwargs)
           ^^^^^^^^^^^^^^^^^^^^^^^^^^^
  File "/home/airflow/.local/lib/python3.12/site-packages/airflow/operators/python.py", line 235, in execute
    return_value = self.execute_callable()
                   ^^^^^^^^^^^^^^^^^^^^^^^
  File "/home/airflow/.local/lib/python3.12/site-packages/airflow/operators/python.py", line 252, in execute_callable
    return self.python_callable(*self.op_args, **self.op_kwargs)
           ^^^^^^^^^^^^^^^^^^^^^^^^^^^^^^^^^^^^^^^^^^^^^^^^^^^^^
  File "/opt/airflow/dags/dag_with_docker_operator.py", line 24, in check_send_status
    raise ValueError(f"Request returned non-success status: {response_json.get('status')}")
ValueError: Request returned non-success status: failed
[2024-06-02T12:34:43.601+0000] {taskinstance.py:1206} INFO - Marking task as UP_FOR_RETRY. dag_id=dag_with_docker_operator, task_id=check_status, run_id=scheduled__2024-06-01T20:30:00+00:00, execution_date=20240601T203000, start_date=20240602T123442, end_date=20240602T123443
[2024-06-02T12:34:43.718+0000] {standard_task_runner.py:110} ERROR - Failed to execute job 878 for task check_status (Request returned non-success status: failed; 3385)
[2024-06-02T12:34:43.755+0000] {local_task_job_runner.py:240} INFO - Task exited with return code 1
[2024-06-02T12:34:43.895+0000] {taskinstance.py:3498} INFO - 0 downstream tasks scheduled from follow-on schedule check
[2024-06-02T12:34:43.897+0000] {local_task_job_runner.py:222} INFO - ::endgroup::
