[2024-06-01T21:30:30.269+0000] {local_task_job_runner.py:120} INFO - ::group::Pre task execution logs
[2024-06-01T21:30:30.320+0000] {taskinstance.py:2076} INFO - Dependencies all met for dep_context=non-requeueable deps ti=<TaskInstance: dag_with_docker_operator.check_status scheduled__2024-06-01T15:30:00+00:00 [queued]>
[2024-06-01T21:30:30.341+0000] {taskinstance.py:2076} INFO - Dependencies all met for dep_context=requeueable deps ti=<TaskInstance: dag_with_docker_operator.check_status scheduled__2024-06-01T15:30:00+00:00 [queued]>
[2024-06-01T21:30:30.343+0000] {taskinstance.py:2306} INFO - Starting attempt 1 of 2
[2024-06-01T21:30:30.494+0000] {taskinstance.py:2330} INFO - Executing <Task(PythonOperator): check_status> on 2024-06-01 15:30:00+00:00
[2024-06-01T21:30:30.501+0000] {standard_task_runner.py:63} INFO - Started process 796 to run task
[2024-06-01T21:30:30.504+0000] {standard_task_runner.py:90} INFO - Running: ['airflow', 'tasks', 'run', 'dag_with_docker_operator', 'check_status', 'scheduled__2024-06-01T15:30:00+00:00', '--job-id', '821', '--raw', '--subdir', 'DAGS_FOLDER/dag_with_docker_operator.py', '--cfg-path', '/tmp/tmp52ymiczz']
[2024-06-01T21:30:30.507+0000] {standard_task_runner.py:91} INFO - Job 821: Subtask check_status
[2024-06-01T21:30:30.616+0000] {task_command.py:426} INFO - Running <TaskInstance: dag_with_docker_operator.check_status scheduled__2024-06-01T15:30:00+00:00 [running]> on host 9c47fcd741af
[2024-06-01T21:30:31.019+0000] {taskinstance.py:2648} INFO - Exporting env vars: AIRFLOW_CTX_DAG_OWNER='airflow' AIRFLOW_CTX_DAG_ID='dag_with_docker_operator' AIRFLOW_CTX_TASK_ID='check_status' AIRFLOW_CTX_EXECUTION_DATE='2024-06-01T15:30:00+00:00' AIRFLOW_CTX_TRY_NUMBER='1' AIRFLOW_CTX_DAG_RUN_ID='scheduled__2024-06-01T15:30:00+00:00'
[2024-06-01T21:30:31.021+0000] {taskinstance.py:430} INFO - ::endgroup::
[2024-06-01T21:30:31.058+0000] {python.py:237} INFO - Done. Returned value was: {'status': 'success'}
[2024-06-01T21:30:31.063+0000] {taskinstance.py:441} INFO - ::group::Post task execution logs
[2024-06-01T21:30:31.126+0000] {taskinstance.py:1206} INFO - Marking task as SUCCESS. dag_id=dag_with_docker_operator, task_id=check_status, run_id=scheduled__2024-06-01T15:30:00+00:00, execution_date=20240601T153000, start_date=20240601T213030, end_date=20240601T213031
[2024-06-01T21:30:31.204+0000] {local_task_job_runner.py:240} INFO - Task exited with return code 0
[2024-06-01T21:30:31.232+0000] {taskinstance.py:3498} INFO - 0 downstream tasks scheduled from follow-on schedule check
[2024-06-01T21:30:31.235+0000] {local_task_job_runner.py:222} INFO - ::endgroup::
[2024-06-02T11:34:55.835+0000] {local_task_job_runner.py:120} INFO - ::group::Pre task execution logs
[2024-06-02T11:34:55.880+0000] {taskinstance.py:2076} INFO - Dependencies all met for dep_context=non-requeueable deps ti=<TaskInstance: dag_with_docker_operator.check_status scheduled__2024-06-01T15:30:00+00:00 [queued]>
[2024-06-02T11:34:55.898+0000] {taskinstance.py:2076} INFO - Dependencies all met for dep_context=requeueable deps ti=<TaskInstance: dag_with_docker_operator.check_status scheduled__2024-06-01T15:30:00+00:00 [queued]>
[2024-06-02T11:34:55.898+0000] {taskinstance.py:2306} INFO - Starting attempt 1 of 2
[2024-06-02T11:34:56.066+0000] {taskinstance.py:2330} INFO - Executing <Task(PythonOperator): check_status> on 2024-06-01 15:30:00+00:00
[2024-06-02T11:34:56.074+0000] {standard_task_runner.py:63} INFO - Started process 1768 to run task
[2024-06-02T11:34:56.077+0000] {standard_task_runner.py:90} INFO - Running: ['airflow', 'tasks', 'run', 'dag_with_docker_operator', 'check_status', 'scheduled__2024-06-01T15:30:00+00:00', '--job-id', '821', '--raw', '--subdir', 'DAGS_FOLDER/dag_with_docker_operator.py', '--cfg-path', '/tmp/tmpujwwrwwv']
[2024-06-02T11:34:56.080+0000] {standard_task_runner.py:91} INFO - Job 821: Subtask check_status
[2024-06-02T11:34:56.207+0000] {task_command.py:426} INFO - Running <TaskInstance: dag_with_docker_operator.check_status scheduled__2024-06-01T15:30:00+00:00 [running]> on host 9c47fcd741af
[2024-06-02T11:34:56.464+0000] {taskinstance.py:2648} INFO - Exporting env vars: AIRFLOW_CTX_DAG_OWNER='airflow' AIRFLOW_CTX_DAG_ID='dag_with_docker_operator' AIRFLOW_CTX_TASK_ID='check_status' AIRFLOW_CTX_EXECUTION_DATE='2024-06-01T15:30:00+00:00' AIRFLOW_CTX_TRY_NUMBER='1' AIRFLOW_CTX_DAG_RUN_ID='scheduled__2024-06-01T15:30:00+00:00'
[2024-06-02T11:34:56.466+0000] {taskinstance.py:430} INFO - ::endgroup::
[2024-06-02T11:34:56.515+0000] {python.py:237} INFO - Done. Returned value was: {'status': 'failed'}
[2024-06-02T11:34:56.517+0000] {taskinstance.py:441} INFO - ::group::Post task execution logs
[2024-06-02T11:34:56.590+0000] {taskinstance.py:1206} INFO - Marking task as SUCCESS. dag_id=dag_with_docker_operator, task_id=check_status, run_id=scheduled__2024-06-01T15:30:00+00:00, execution_date=20240601T153000, start_date=20240602T113455, end_date=20240602T113456
[2024-06-02T11:34:56.697+0000] {local_task_job_runner.py:240} INFO - Task exited with return code 0
[2024-06-02T11:34:56.737+0000] {taskinstance.py:3498} INFO - 0 downstream tasks scheduled from follow-on schedule check
[2024-06-02T11:34:56.741+0000] {local_task_job_runner.py:222} INFO - ::endgroup::
[2024-06-02T12:06:39.419+0000] {local_task_job_runner.py:120} INFO - ::group::Pre task execution logs
[2024-06-02T12:06:39.468+0000] {taskinstance.py:2076} INFO - Dependencies all met for dep_context=non-requeueable deps ti=<TaskInstance: dag_with_docker_operator.check_status scheduled__2024-06-01T15:30:00+00:00 [queued]>
[2024-06-02T12:06:39.491+0000] {taskinstance.py:2076} INFO - Dependencies all met for dep_context=requeueable deps ti=<TaskInstance: dag_with_docker_operator.check_status scheduled__2024-06-01T15:30:00+00:00 [queued]>
[2024-06-02T12:06:39.492+0000] {taskinstance.py:2306} INFO - Starting attempt 1 of 2
[2024-06-02T12:06:39.631+0000] {taskinstance.py:2330} INFO - Executing <Task(PythonOperator): check_status> on 2024-06-01 15:30:00+00:00
[2024-06-02T12:06:39.637+0000] {standard_task_runner.py:63} INFO - Started process 2637 to run task
[2024-06-02T12:06:39.640+0000] {standard_task_runner.py:90} INFO - Running: ['airflow', 'tasks', 'run', 'dag_with_docker_operator', 'check_status', 'scheduled__2024-06-01T15:30:00+00:00', '--job-id', '838', '--raw', '--subdir', 'DAGS_FOLDER/dag_with_docker_operator.py', '--cfg-path', '/tmp/tmpf3q43v4s']
[2024-06-02T12:06:39.642+0000] {standard_task_runner.py:91} INFO - Job 838: Subtask check_status
[2024-06-02T12:06:39.749+0000] {task_command.py:426} INFO - Running <TaskInstance: dag_with_docker_operator.check_status scheduled__2024-06-01T15:30:00+00:00 [running]> on host 9c47fcd741af
[2024-06-02T12:06:40.321+0000] {taskinstance.py:2648} INFO - Exporting env vars: AIRFLOW_CTX_DAG_OWNER='airflow' AIRFLOW_CTX_DAG_ID='dag_with_docker_operator' AIRFLOW_CTX_TASK_ID='check_status' AIRFLOW_CTX_EXECUTION_DATE='2024-06-01T15:30:00+00:00' AIRFLOW_CTX_TRY_NUMBER='1' AIRFLOW_CTX_DAG_RUN_ID='scheduled__2024-06-01T15:30:00+00:00'
[2024-06-02T12:06:40.325+0000] {taskinstance.py:430} INFO - ::endgroup::
[2024-06-02T12:06:40.388+0000] {taskinstance.py:441} INFO - ::group::Post task execution logs
[2024-06-02T12:06:40.389+0000] {taskinstance.py:2905} ERROR - Task failed with exception
Traceback (most recent call last):
  File "/home/airflow/.local/lib/python3.12/site-packages/airflow/models/taskinstance.py", line 465, in _execute_task
    result = _execute_callable(context=context, **execute_callable_kwargs)
             ^^^^^^^^^^^^^^^^^^^^^^^^^^^^^^^^^^^^^^^^^^^^^^^^^^^^^^^^^^^^^
  File "/home/airflow/.local/lib/python3.12/site-packages/airflow/models/taskinstance.py", line 432, in _execute_callable
    return execute_callable(context=context, **execute_callable_kwargs)
           ^^^^^^^^^^^^^^^^^^^^^^^^^^^^^^^^^^^^^^^^^^^^^^^^^^^^^^^^^^^^
  File "/home/airflow/.local/lib/python3.12/site-packages/airflow/models/baseoperator.py", line 400, in wrapper
    return func(self, *args, **kwargs)
           ^^^^^^^^^^^^^^^^^^^^^^^^^^^
  File "/home/airflow/.local/lib/python3.12/site-packages/airflow/operators/python.py", line 235, in execute
    return_value = self.execute_callable()
                   ^^^^^^^^^^^^^^^^^^^^^^^
  File "/home/airflow/.local/lib/python3.12/site-packages/airflow/operators/python.py", line 252, in execute_callable
    return self.python_callable(*self.op_args, **self.op_kwargs)
           ^^^^^^^^^^^^^^^^^^^^^^^^^^^^^^^^^^^^^^^^^^^^^^^^^^^^^
  File "/opt/airflow/dags/dag_with_docker_operator.py", line 24, in check_send_status
    raise ValueError(f"Check send status failed: {result}")
ValueError: Check send status failed: {'status': 'failed'}
[2024-06-02T12:06:40.426+0000] {taskinstance.py:1206} INFO - Marking task as UP_FOR_RETRY. dag_id=dag_with_docker_operator, task_id=check_status, run_id=scheduled__2024-06-01T15:30:00+00:00, execution_date=20240601T153000, start_date=20240602T120639, end_date=20240602T120640
[2024-06-02T12:06:40.579+0000] {standard_task_runner.py:110} ERROR - Failed to execute job 838 for task check_status (Check send status failed: {'status': 'failed'}; 2637)
[2024-06-02T12:06:40.617+0000] {local_task_job_runner.py:240} INFO - Task exited with return code 1
[2024-06-02T12:06:40.646+0000] {taskinstance.py:3498} INFO - 0 downstream tasks scheduled from follow-on schedule check
[2024-06-02T12:06:40.648+0000] {local_task_job_runner.py:222} INFO - ::endgroup::
[2024-06-02T12:27:21.878+0000] {local_task_job_runner.py:120} INFO - ::group::Pre task execution logs
[2024-06-02T12:27:21.927+0000] {taskinstance.py:2076} INFO - Dependencies all met for dep_context=non-requeueable deps ti=<TaskInstance: dag_with_docker_operator.check_status scheduled__2024-06-01T15:30:00+00:00 [queued]>
[2024-06-02T12:27:21.950+0000] {taskinstance.py:2076} INFO - Dependencies all met for dep_context=requeueable deps ti=<TaskInstance: dag_with_docker_operator.check_status scheduled__2024-06-01T15:30:00+00:00 [queued]>
[2024-06-02T12:27:21.951+0000] {taskinstance.py:2306} INFO - Starting attempt 1 of 2
[2024-06-02T12:27:22.054+0000] {taskinstance.py:2330} INFO - Executing <Task(PythonOperator): check_status> on 2024-06-01 15:30:00+00:00
[2024-06-02T12:27:22.060+0000] {standard_task_runner.py:63} INFO - Started process 3193 to run task
[2024-06-02T12:27:22.063+0000] {standard_task_runner.py:90} INFO - Running: ['airflow', 'tasks', 'run', 'dag_with_docker_operator', 'check_status', 'scheduled__2024-06-01T15:30:00+00:00', '--job-id', '843', '--raw', '--subdir', 'DAGS_FOLDER/dag_with_docker_operator.py', '--cfg-path', '/tmp/tmp0g3vrrto']
[2024-06-02T12:27:22.065+0000] {standard_task_runner.py:91} INFO - Job 843: Subtask check_status
[2024-06-02T12:27:22.352+0000] {task_command.py:426} INFO - Running <TaskInstance: dag_with_docker_operator.check_status scheduled__2024-06-01T15:30:00+00:00 [running]> on host 9c47fcd741af
[2024-06-02T12:27:22.556+0000] {taskinstance.py:2648} INFO - Exporting env vars: AIRFLOW_CTX_DAG_OWNER='airflow' AIRFLOW_CTX_DAG_ID='dag_with_docker_operator' AIRFLOW_CTX_TASK_ID='check_status' AIRFLOW_CTX_EXECUTION_DATE='2024-06-01T15:30:00+00:00' AIRFLOW_CTX_TRY_NUMBER='1' AIRFLOW_CTX_DAG_RUN_ID='scheduled__2024-06-01T15:30:00+00:00'
[2024-06-02T12:27:22.557+0000] {taskinstance.py:430} INFO - ::endgroup::
[2024-06-02T12:27:22.592+0000] {taskinstance.py:441} INFO - ::group::Post task execution logs
[2024-06-02T12:27:22.593+0000] {taskinstance.py:2905} ERROR - Task failed with exception
Traceback (most recent call last):
  File "/home/airflow/.local/lib/python3.12/site-packages/airflow/models/taskinstance.py", line 465, in _execute_task
    result = _execute_callable(context=context, **execute_callable_kwargs)
             ^^^^^^^^^^^^^^^^^^^^^^^^^^^^^^^^^^^^^^^^^^^^^^^^^^^^^^^^^^^^^
  File "/home/airflow/.local/lib/python3.12/site-packages/airflow/models/taskinstance.py", line 432, in _execute_callable
    return execute_callable(context=context, **execute_callable_kwargs)
           ^^^^^^^^^^^^^^^^^^^^^^^^^^^^^^^^^^^^^^^^^^^^^^^^^^^^^^^^^^^^
  File "/home/airflow/.local/lib/python3.12/site-packages/airflow/models/baseoperator.py", line 400, in wrapper
    return func(self, *args, **kwargs)
           ^^^^^^^^^^^^^^^^^^^^^^^^^^^
  File "/home/airflow/.local/lib/python3.12/site-packages/airflow/operators/python.py", line 235, in execute
    return_value = self.execute_callable()
                   ^^^^^^^^^^^^^^^^^^^^^^^
  File "/home/airflow/.local/lib/python3.12/site-packages/airflow/operators/python.py", line 252, in execute_callable
    return self.python_callable(*self.op_args, **self.op_kwargs)
           ^^^^^^^^^^^^^^^^^^^^^^^^^^^^^^^^^^^^^^^^^^^^^^^^^^^^^
  File "/opt/airflow/dags/dag_with_docker_operator.py", line 24, in check_send_status
    raise ValueError(f"Check send status failed: {result}")
ValueError: Check send status failed: {'status': 'failed'}
[2024-06-02T12:27:22.620+0000] {taskinstance.py:1206} INFO - Marking task as UP_FOR_RETRY. dag_id=dag_with_docker_operator, task_id=check_status, run_id=scheduled__2024-06-01T15:30:00+00:00, execution_date=20240601T153000, start_date=20240602T122721, end_date=20240602T122722
[2024-06-02T12:27:22.694+0000] {standard_task_runner.py:110} ERROR - Failed to execute job 843 for task check_status (Check send status failed: {'status': 'failed'}; 3193)
[2024-06-02T12:27:22.719+0000] {local_task_job_runner.py:240} INFO - Task exited with return code 1
[2024-06-02T12:27:22.844+0000] {taskinstance.py:3498} INFO - 0 downstream tasks scheduled from follow-on schedule check
[2024-06-02T12:27:22.846+0000] {local_task_job_runner.py:222} INFO - ::endgroup::
