[2024-06-02T11:57:23.567+0000] {local_task_job_runner.py:120} INFO - ::group::Pre task execution logs
[2024-06-02T11:57:23.637+0000] {taskinstance.py:2076} INFO - Dependencies all met for dep_context=non-requeueable deps ti=<TaskInstance: dag_with_docker_operator.check_status scheduled__2024-06-01T00:30:00+00:00 [queued]>
[2024-06-02T11:57:23.662+0000] {taskinstance.py:2076} INFO - Dependencies all met for dep_context=requeueable deps ti=<TaskInstance: dag_with_docker_operator.check_status scheduled__2024-06-01T00:30:00+00:00 [queued]>
[2024-06-02T11:57:23.664+0000] {taskinstance.py:2306} INFO - Starting attempt 2 of 2
[2024-06-02T11:57:23.726+0000] {taskinstance.py:2330} INFO - Executing <Task(PythonOperator): check_status> on 2024-06-01 00:30:00+00:00
[2024-06-02T11:57:23.732+0000] {standard_task_runner.py:63} INFO - Started process 2359 to run task
[2024-06-02T11:57:23.736+0000] {standard_task_runner.py:90} INFO - Running: ['airflow', 'tasks', 'run', 'dag_with_docker_operator', 'check_status', 'scheduled__2024-06-01T00:30:00+00:00', '--job-id', '787', '--raw', '--subdir', 'DAGS_FOLDER/dag_with_docker_operator.py', '--cfg-path', '/tmp/tmpj4xhd8g2']
[2024-06-02T11:57:23.739+0000] {standard_task_runner.py:91} INFO - Job 787: Subtask check_status
[2024-06-02T11:57:24.077+0000] {task_command.py:426} INFO - Running <TaskInstance: dag_with_docker_operator.check_status scheduled__2024-06-01T00:30:00+00:00 [running]> on host 9c47fcd741af
[2024-06-02T11:57:24.381+0000] {taskinstance.py:2648} INFO - Exporting env vars: AIRFLOW_CTX_DAG_OWNER='airflow' AIRFLOW_CTX_DAG_ID='dag_with_docker_operator' AIRFLOW_CTX_TASK_ID='check_status' AIRFLOW_CTX_EXECUTION_DATE='2024-06-01T00:30:00+00:00' AIRFLOW_CTX_TRY_NUMBER='2' AIRFLOW_CTX_DAG_RUN_ID='scheduled__2024-06-01T00:30:00+00:00'
[2024-06-02T11:57:24.382+0000] {taskinstance.py:430} INFO - ::endgroup::
[2024-06-02T11:57:24.419+0000] {taskinstance.py:441} INFO - ::group::Post task execution logs
[2024-06-02T11:57:24.421+0000] {taskinstance.py:2905} ERROR - Task failed with exception
Traceback (most recent call last):
  File "/home/airflow/.local/lib/python3.12/site-packages/airflow/models/taskinstance.py", line 465, in _execute_task
    result = _execute_callable(context=context, **execute_callable_kwargs)
             ^^^^^^^^^^^^^^^^^^^^^^^^^^^^^^^^^^^^^^^^^^^^^^^^^^^^^^^^^^^^^
  File "/home/airflow/.local/lib/python3.12/site-packages/airflow/models/taskinstance.py", line 432, in _execute_callable
    return execute_callable(context=context, **execute_callable_kwargs)
           ^^^^^^^^^^^^^^^^^^^^^^^^^^^^^^^^^^^^^^^^^^^^^^^^^^^^^^^^^^^^
  File "/home/airflow/.local/lib/python3.12/site-packages/airflow/models/baseoperator.py", line 400, in wrapper
    return func(self, *args, **kwargs)
           ^^^^^^^^^^^^^^^^^^^^^^^^^^^
  File "/home/airflow/.local/lib/python3.12/site-packages/airflow/operators/python.py", line 235, in execute
    return_value = self.execute_callable()
                   ^^^^^^^^^^^^^^^^^^^^^^^
  File "/home/airflow/.local/lib/python3.12/site-packages/airflow/operators/python.py", line 252, in execute_callable
    return self.python_callable(*self.op_args, **self.op_kwargs)
           ^^^^^^^^^^^^^^^^^^^^^^^^^^^^^^^^^^^^^^^^^^^^^^^^^^^^^
  File "/opt/airflow/dags/dag_with_docker_operator.py", line 24, in check_send_status
    raise ValueError(f"Check send status failed: {result}")
ValueError: Check send status failed: {'status': 'failed'}
[2024-06-02T11:57:24.447+0000] {taskinstance.py:1206} INFO - Marking task as FAILED. dag_id=dag_with_docker_operator, task_id=check_status, run_id=scheduled__2024-06-01T00:30:00+00:00, execution_date=20240601T003000, start_date=20240602T115723, end_date=20240602T115724
[2024-06-02T11:57:24.513+0000] {standard_task_runner.py:110} ERROR - Failed to execute job 787 for task check_status (Check send status failed: {'status': 'failed'}; 2359)
[2024-06-02T11:57:24.556+0000] {local_task_job_runner.py:240} INFO - Task exited with return code 1
[2024-06-02T11:57:24.705+0000] {taskinstance.py:3498} INFO - 0 downstream tasks scheduled from follow-on schedule check
[2024-06-02T11:57:24.707+0000] {local_task_job_runner.py:222} INFO - ::endgroup::
[2024-06-02T12:18:32.788+0000] {local_task_job_runner.py:120} INFO - ::group::Pre task execution logs
[2024-06-02T12:18:32.838+0000] {taskinstance.py:2076} INFO - Dependencies all met for dep_context=non-requeueable deps ti=<TaskInstance: dag_with_docker_operator.check_status scheduled__2024-06-01T00:30:00+00:00 [queued]>
[2024-06-02T12:18:32.854+0000] {taskinstance.py:2076} INFO - Dependencies all met for dep_context=requeueable deps ti=<TaskInstance: dag_with_docker_operator.check_status scheduled__2024-06-01T00:30:00+00:00 [queued]>
[2024-06-02T12:18:32.855+0000] {taskinstance.py:2306} INFO - Starting attempt 2 of 2
[2024-06-02T12:18:32.904+0000] {taskinstance.py:2330} INFO - Executing <Task(PythonOperator): check_status> on 2024-06-01 00:30:00+00:00
[2024-06-02T12:18:32.910+0000] {standard_task_runner.py:63} INFO - Started process 2908 to run task
[2024-06-02T12:18:32.914+0000] {standard_task_runner.py:90} INFO - Running: ['airflow', 'tasks', 'run', 'dag_with_docker_operator', 'check_status', 'scheduled__2024-06-01T00:30:00+00:00', '--job-id', '791', '--raw', '--subdir', 'DAGS_FOLDER/dag_with_docker_operator.py', '--cfg-path', '/tmp/tmpb7kn17k3']
[2024-06-02T12:18:32.917+0000] {standard_task_runner.py:91} INFO - Job 791: Subtask check_status
[2024-06-02T12:18:33.184+0000] {task_command.py:426} INFO - Running <TaskInstance: dag_with_docker_operator.check_status scheduled__2024-06-01T00:30:00+00:00 [running]> on host 9c47fcd741af
[2024-06-02T12:18:33.380+0000] {taskinstance.py:2648} INFO - Exporting env vars: AIRFLOW_CTX_DAG_OWNER='airflow' AIRFLOW_CTX_DAG_ID='dag_with_docker_operator' AIRFLOW_CTX_TASK_ID='check_status' AIRFLOW_CTX_EXECUTION_DATE='2024-06-01T00:30:00+00:00' AIRFLOW_CTX_TRY_NUMBER='2' AIRFLOW_CTX_DAG_RUN_ID='scheduled__2024-06-01T00:30:00+00:00'
[2024-06-02T12:18:33.381+0000] {taskinstance.py:430} INFO - ::endgroup::
[2024-06-02T12:18:33.414+0000] {taskinstance.py:441} INFO - ::group::Post task execution logs
[2024-06-02T12:18:33.420+0000] {taskinstance.py:2905} ERROR - Task failed with exception
Traceback (most recent call last):
  File "/home/airflow/.local/lib/python3.12/site-packages/airflow/models/taskinstance.py", line 465, in _execute_task
    result = _execute_callable(context=context, **execute_callable_kwargs)
             ^^^^^^^^^^^^^^^^^^^^^^^^^^^^^^^^^^^^^^^^^^^^^^^^^^^^^^^^^^^^^
  File "/home/airflow/.local/lib/python3.12/site-packages/airflow/models/taskinstance.py", line 432, in _execute_callable
    return execute_callable(context=context, **execute_callable_kwargs)
           ^^^^^^^^^^^^^^^^^^^^^^^^^^^^^^^^^^^^^^^^^^^^^^^^^^^^^^^^^^^^
  File "/home/airflow/.local/lib/python3.12/site-packages/airflow/models/baseoperator.py", line 400, in wrapper
    return func(self, *args, **kwargs)
           ^^^^^^^^^^^^^^^^^^^^^^^^^^^
  File "/home/airflow/.local/lib/python3.12/site-packages/airflow/operators/python.py", line 235, in execute
    return_value = self.execute_callable()
                   ^^^^^^^^^^^^^^^^^^^^^^^
  File "/home/airflow/.local/lib/python3.12/site-packages/airflow/operators/python.py", line 252, in execute_callable
    return self.python_callable(*self.op_args, **self.op_kwargs)
           ^^^^^^^^^^^^^^^^^^^^^^^^^^^^^^^^^^^^^^^^^^^^^^^^^^^^^
  File "/opt/airflow/dags/dag_with_docker_operator.py", line 24, in check_send_status
    raise ValueError(f"Check send status failed: {result}")
ValueError: Check send status failed: {'status': 'failed'}
[2024-06-02T12:18:33.446+0000] {taskinstance.py:1206} INFO - Marking task as FAILED. dag_id=dag_with_docker_operator, task_id=check_status, run_id=scheduled__2024-06-01T00:30:00+00:00, execution_date=20240601T003000, start_date=20240602T121832, end_date=20240602T121833
[2024-06-02T12:18:33.505+0000] {standard_task_runner.py:110} ERROR - Failed to execute job 791 for task check_status (Check send status failed: {'status': 'failed'}; 2908)
[2024-06-02T12:18:33.528+0000] {local_task_job_runner.py:240} INFO - Task exited with return code 1
[2024-06-02T12:18:33.728+0000] {taskinstance.py:3498} INFO - 0 downstream tasks scheduled from follow-on schedule check
[2024-06-02T12:18:33.733+0000] {local_task_job_runner.py:222} INFO - ::endgroup::
