[2024-05-29T10:51:36.066+0000] {local_task_job_runner.py:120} INFO - ::group::Pre task execution logs
[2024-05-29T10:51:36.170+0000] {taskinstance.py:2076} INFO - Dependencies all met for dep_context=non-requeueable deps ti=<TaskInstance: check_send_status_dag.check_status scheduled__2023-01-01T03:40:00+00:00 [queued]>
[2024-05-29T10:51:36.214+0000] {taskinstance.py:2076} INFO - Dependencies all met for dep_context=requeueable deps ti=<TaskInstance: check_send_status_dag.check_status scheduled__2023-01-01T03:40:00+00:00 [queued]>
[2024-05-29T10:51:36.217+0000] {taskinstance.py:2306} INFO - Starting attempt 1 of 2
[2024-05-29T10:51:36.330+0000] {taskinstance.py:2330} INFO - Executing <Task(PythonOperator): check_status> on 2023-01-01 03:40:00+00:00
[2024-05-29T10:51:36.341+0000] {standard_task_runner.py:63} INFO - Started process 278 to run task
[2024-05-29T10:51:36.349+0000] {standard_task_runner.py:90} INFO - Running: ['airflow', 'tasks', 'run', 'check_send_status_dag', 'check_status', 'scheduled__2023-01-01T03:40:00+00:00', '--job-id', '46', '--raw', '--subdir', 'DAGS_FOLDER/check_send_status_dag.py', '--cfg-path', '/tmp/tmpvf6dgtdp']
[2024-05-29T10:51:36.354+0000] {standard_task_runner.py:91} INFO - Job 46: Subtask check_status
[2024-05-29T10:51:36.523+0000] {task_command.py:426} INFO - Running <TaskInstance: check_send_status_dag.check_status scheduled__2023-01-01T03:40:00+00:00 [running]> on host f708138922bb
[2024-05-29T10:51:36.723+0000] {taskinstance.py:2648} INFO - Exporting env vars: AIRFLOW_CTX_DAG_OWNER='airflow' AIRFLOW_CTX_DAG_ID='check_send_status_dag' AIRFLOW_CTX_TASK_ID='check_status' AIRFLOW_CTX_EXECUTION_DATE='2023-01-01T03:40:00+00:00' AIRFLOW_CTX_TRY_NUMBER='1' AIRFLOW_CTX_DAG_RUN_ID='scheduled__2023-01-01T03:40:00+00:00'
[2024-05-29T10:51:36.724+0000] {taskinstance.py:430} INFO - ::endgroup::
[2024-05-29T10:51:37.159+0000] {check_send_status_dag.py:15} ERROR - Error fetching status: 404 Client Error: Not Found for url: http://host.docker.internal/check_send_status
[2024-05-29T10:51:37.161+0000] {taskinstance.py:441} INFO - ::group::Post task execution logs
[2024-05-29T10:51:37.163+0000] {taskinstance.py:2905} ERROR - Task failed with exception
Traceback (most recent call last):
  File "/home/airflow/.local/lib/python3.12/site-packages/airflow/models/taskinstance.py", line 465, in _execute_task
    result = _execute_callable(context=context, **execute_callable_kwargs)
             ^^^^^^^^^^^^^^^^^^^^^^^^^^^^^^^^^^^^^^^^^^^^^^^^^^^^^^^^^^^^^
  File "/home/airflow/.local/lib/python3.12/site-packages/airflow/models/taskinstance.py", line 432, in _execute_callable
    return execute_callable(context=context, **execute_callable_kwargs)
           ^^^^^^^^^^^^^^^^^^^^^^^^^^^^^^^^^^^^^^^^^^^^^^^^^^^^^^^^^^^^
  File "/home/airflow/.local/lib/python3.12/site-packages/airflow/models/baseoperator.py", line 400, in wrapper
    return func(self, *args, **kwargs)
           ^^^^^^^^^^^^^^^^^^^^^^^^^^^
  File "/home/airflow/.local/lib/python3.12/site-packages/airflow/operators/python.py", line 235, in execute
    return_value = self.execute_callable()
                   ^^^^^^^^^^^^^^^^^^^^^^^
  File "/home/airflow/.local/lib/python3.12/site-packages/airflow/operators/python.py", line 252, in execute_callable
    return self.python_callable(*self.op_args, **self.op_kwargs)
           ^^^^^^^^^^^^^^^^^^^^^^^^^^^^^^^^^^^^^^^^^^^^^^^^^^^^^
  File "/opt/airflow/dags/check_send_status_dag.py", line 11, in check_send_status
    response.raise_for_status()
  File "/home/airflow/.local/lib/python3.12/site-packages/requests/models.py", line 1021, in raise_for_status
    raise HTTPError(http_error_msg, response=self)
requests.exceptions.HTTPError: 404 Client Error: Not Found for url: http://host.docker.internal/check_send_status
[2024-05-29T10:51:37.204+0000] {taskinstance.py:1206} INFO - Marking task as UP_FOR_RETRY. dag_id=check_send_status_dag, task_id=check_status, run_id=scheduled__2023-01-01T03:40:00+00:00, execution_date=20230101T034000, start_date=20240529T105136, end_date=20240529T105137
[2024-05-29T10:51:37.326+0000] {standard_task_runner.py:110} ERROR - Failed to execute job 46 for task check_status (404 Client Error: Not Found for url: http://host.docker.internal/check_send_status; 278)
[2024-05-29T10:51:37.365+0000] {local_task_job_runner.py:240} INFO - Task exited with return code 1
[2024-05-29T10:51:37.399+0000] {taskinstance.py:3498} INFO - 0 downstream tasks scheduled from follow-on schedule check
[2024-05-29T10:51:37.401+0000] {local_task_job_runner.py:222} INFO - ::endgroup::
[2024-05-29T14:10:25.230+0000] {local_task_job_runner.py:120} INFO - ::group::Pre task execution logs
[2024-05-29T14:10:25.310+0000] {taskinstance.py:2076} INFO - Dependencies all met for dep_context=non-requeueable deps ti=<TaskInstance: check_send_status_dag.check_status scheduled__2023-01-01T03:40:00+00:00 [queued]>
[2024-05-29T14:10:25.335+0000] {taskinstance.py:2076} INFO - Dependencies all met for dep_context=requeueable deps ti=<TaskInstance: check_send_status_dag.check_status scheduled__2023-01-01T03:40:00+00:00 [queued]>
[2024-05-29T14:10:25.336+0000] {taskinstance.py:2306} INFO - Starting attempt 1 of 2
[2024-05-29T14:10:25.448+0000] {taskinstance.py:2330} INFO - Executing <Task(PythonOperator): check_status> on 2023-01-01 03:40:00+00:00
[2024-05-29T14:10:25.456+0000] {standard_task_runner.py:63} INFO - Started process 1363 to run task
[2024-05-29T14:10:25.459+0000] {standard_task_runner.py:90} INFO - Running: ['airflow', 'tasks', 'run', 'check_send_status_dag', 'check_status', 'scheduled__2023-01-01T03:40:00+00:00', '--job-id', '41', '--raw', '--subdir', 'DAGS_FOLDER/check_send_status_dag.py', '--cfg-path', '/tmp/tmpaf1tzye6']
[2024-05-29T14:10:25.462+0000] {standard_task_runner.py:91} INFO - Job 41: Subtask check_status
[2024-05-29T14:10:25.642+0000] {task_command.py:426} INFO - Running <TaskInstance: check_send_status_dag.check_status scheduled__2023-01-01T03:40:00+00:00 [running]> on host f708138922bb
[2024-05-29T14:10:26.041+0000] {taskinstance.py:2648} INFO - Exporting env vars: AIRFLOW_CTX_DAG_OWNER='airflow' AIRFLOW_CTX_DAG_ID='check_send_status_dag' AIRFLOW_CTX_TASK_ID='check_status' AIRFLOW_CTX_EXECUTION_DATE='2023-01-01T03:40:00+00:00' AIRFLOW_CTX_TRY_NUMBER='1' AIRFLOW_CTX_DAG_RUN_ID='scheduled__2023-01-01T03:40:00+00:00'
[2024-05-29T14:10:26.042+0000] {taskinstance.py:430} INFO - ::endgroup::
[2024-05-29T14:10:26.077+0000] {check_send_status_dag.py:15} ERROR - Error fetching status: 500 Server Error: INTERNAL SERVER ERROR for url: http://flask:5000/check_send_status
[2024-05-29T14:10:26.080+0000] {taskinstance.py:441} INFO - ::group::Post task execution logs
[2024-05-29T14:10:26.082+0000] {taskinstance.py:2905} ERROR - Task failed with exception
Traceback (most recent call last):
  File "/home/airflow/.local/lib/python3.12/site-packages/airflow/models/taskinstance.py", line 465, in _execute_task
    result = _execute_callable(context=context, **execute_callable_kwargs)
             ^^^^^^^^^^^^^^^^^^^^^^^^^^^^^^^^^^^^^^^^^^^^^^^^^^^^^^^^^^^^^
  File "/home/airflow/.local/lib/python3.12/site-packages/airflow/models/taskinstance.py", line 432, in _execute_callable
    return execute_callable(context=context, **execute_callable_kwargs)
           ^^^^^^^^^^^^^^^^^^^^^^^^^^^^^^^^^^^^^^^^^^^^^^^^^^^^^^^^^^^^
  File "/home/airflow/.local/lib/python3.12/site-packages/airflow/models/baseoperator.py", line 400, in wrapper
    return func(self, *args, **kwargs)
           ^^^^^^^^^^^^^^^^^^^^^^^^^^^
  File "/home/airflow/.local/lib/python3.12/site-packages/airflow/operators/python.py", line 235, in execute
    return_value = self.execute_callable()
                   ^^^^^^^^^^^^^^^^^^^^^^^
  File "/home/airflow/.local/lib/python3.12/site-packages/airflow/operators/python.py", line 252, in execute_callable
    return self.python_callable(*self.op_args, **self.op_kwargs)
           ^^^^^^^^^^^^^^^^^^^^^^^^^^^^^^^^^^^^^^^^^^^^^^^^^^^^^
  File "/opt/airflow/dags/check_send_status_dag.py", line 11, in check_send_status
    response.raise_for_status()
  File "/home/airflow/.local/lib/python3.12/site-packages/requests/models.py", line 1021, in raise_for_status
    raise HTTPError(http_error_msg, response=self)
requests.exceptions.HTTPError: 500 Server Error: INTERNAL SERVER ERROR for url: http://flask:5000/check_send_status
[2024-05-29T14:10:26.142+0000] {taskinstance.py:1206} INFO - Marking task as UP_FOR_RETRY. dag_id=check_send_status_dag, task_id=check_status, run_id=scheduled__2023-01-01T03:40:00+00:00, execution_date=20230101T034000, start_date=20240529T141025, end_date=20240529T141026
[2024-05-29T14:10:26.194+0000] {standard_task_runner.py:110} ERROR - Failed to execute job 41 for task check_status (500 Server Error: INTERNAL SERVER ERROR for url: http://flask:5000/check_send_status; 1363)
[2024-05-29T14:10:26.237+0000] {local_task_job_runner.py:240} INFO - Task exited with return code 1
[2024-05-29T14:10:26.265+0000] {taskinstance.py:3498} INFO - 0 downstream tasks scheduled from follow-on schedule check
[2024-05-29T14:10:26.268+0000] {local_task_job_runner.py:222} INFO - ::endgroup::
[2024-05-29T14:53:41.491+0000] {local_task_job_runner.py:120} INFO - ::group::Pre task execution logs
[2024-05-29T14:53:41.549+0000] {taskinstance.py:2076} INFO - Dependencies all met for dep_context=non-requeueable deps ti=<TaskInstance: check_send_status_dag.check_status scheduled__2023-01-01T03:40:00+00:00 [queued]>
[2024-05-29T14:53:41.574+0000] {taskinstance.py:2076} INFO - Dependencies all met for dep_context=requeueable deps ti=<TaskInstance: check_send_status_dag.check_status scheduled__2023-01-01T03:40:00+00:00 [queued]>
[2024-05-29T14:53:41.574+0000] {taskinstance.py:2306} INFO - Starting attempt 1 of 2
[2024-05-29T14:53:41.633+0000] {taskinstance.py:2330} INFO - Executing <Task(PythonOperator): check_status> on 2023-01-01 03:40:00+00:00
[2024-05-29T14:53:41.643+0000] {standard_task_runner.py:63} INFO - Started process 1705 to run task
[2024-05-29T14:53:41.647+0000] {standard_task_runner.py:90} INFO - Running: ['airflow', 'tasks', 'run', 'check_send_status_dag', 'check_status', 'scheduled__2023-01-01T03:40:00+00:00', '--job-id', '32', '--raw', '--subdir', 'DAGS_FOLDER/check_send_status_dag.py', '--cfg-path', '/tmp/tmpi8b4vwxq']
[2024-05-29T14:53:41.650+0000] {standard_task_runner.py:91} INFO - Job 32: Subtask check_status
[2024-05-29T14:53:41.933+0000] {task_command.py:426} INFO - Running <TaskInstance: check_send_status_dag.check_status scheduled__2023-01-01T03:40:00+00:00 [running]> on host f708138922bb
[2024-05-29T14:53:42.200+0000] {taskinstance.py:2648} INFO - Exporting env vars: AIRFLOW_CTX_DAG_OWNER='airflow' AIRFLOW_CTX_DAG_ID='check_send_status_dag' AIRFLOW_CTX_TASK_ID='check_status' AIRFLOW_CTX_EXECUTION_DATE='2023-01-01T03:40:00+00:00' AIRFLOW_CTX_TRY_NUMBER='1' AIRFLOW_CTX_DAG_RUN_ID='scheduled__2023-01-01T03:40:00+00:00'
[2024-05-29T14:53:42.202+0000] {taskinstance.py:430} INFO - ::endgroup::
[2024-05-29T14:53:42.238+0000] {check_send_status_dag.py:13} INFO - Status: {'status': 'unknown'}
[2024-05-29T14:53:42.241+0000] {python.py:237} INFO - Done. Returned value was: None
[2024-05-29T14:53:42.244+0000] {taskinstance.py:441} INFO - ::group::Post task execution logs
[2024-05-29T14:53:42.276+0000] {taskinstance.py:1206} INFO - Marking task as SUCCESS. dag_id=check_send_status_dag, task_id=check_status, run_id=scheduled__2023-01-01T03:40:00+00:00, execution_date=20230101T034000, start_date=20240529T145341, end_date=20240529T145342
[2024-05-29T14:53:42.344+0000] {local_task_job_runner.py:240} INFO - Task exited with return code 0
[2024-05-29T14:53:42.378+0000] {taskinstance.py:3498} INFO - 0 downstream tasks scheduled from follow-on schedule check
[2024-05-29T14:53:42.380+0000] {local_task_job_runner.py:222} INFO - ::endgroup::
