[2024-06-02T13:55:47.572+0000] {local_task_job_runner.py:120} INFO - ::group::Pre task execution logs
[2024-06-02T13:55:47.624+0000] {taskinstance.py:2076} INFO - Dependencies all met for dep_context=non-requeueable deps ti=<TaskInstance: dag_with_docker_operator.execute_get_command_inside_docker scheduled__2024-06-02T13:39:00+00:00 [queued]>
[2024-06-02T13:55:47.647+0000] {taskinstance.py:2076} INFO - Dependencies all met for dep_context=requeueable deps ti=<TaskInstance: dag_with_docker_operator.execute_get_command_inside_docker scheduled__2024-06-02T13:39:00+00:00 [queued]>
[2024-06-02T13:55:47.648+0000] {taskinstance.py:2306} INFO - Starting attempt 1 of 2
[2024-06-02T13:55:47.800+0000] {taskinstance.py:2330} INFO - Executing <Task(DockerOperator): execute_get_command_inside_docker> on 2024-06-02 13:39:00+00:00
[2024-06-02T13:55:47.806+0000] {standard_task_runner.py:63} INFO - Started process 4290 to run task
[2024-06-02T13:55:47.810+0000] {standard_task_runner.py:90} INFO - Running: ['airflow', 'tasks', 'run', 'dag_with_docker_operator', 'execute_get_command_inside_docker', 'scheduled__2024-06-02T13:39:00+00:00', '--job-id', '1010', '--raw', '--subdir', 'DAGS_FOLDER/dag_with_docker_operator.py', '--cfg-path', '/tmp/tmpx8jfvxfh']
[2024-06-02T13:55:47.813+0000] {standard_task_runner.py:91} INFO - Job 1010: Subtask execute_get_command_inside_docker
[2024-06-02T13:55:47.918+0000] {task_command.py:426} INFO - Running <TaskInstance: dag_with_docker_operator.execute_get_command_inside_docker scheduled__2024-06-02T13:39:00+00:00 [running]> on host 9c47fcd741af
[2024-06-02T13:55:48.152+0000] {taskinstance.py:2648} INFO - Exporting env vars: AIRFLOW_CTX_DAG_OWNER='airflow' AIRFLOW_CTX_DAG_ID='dag_with_docker_operator' AIRFLOW_CTX_TASK_ID='execute_get_command_inside_docker' AIRFLOW_CTX_EXECUTION_DATE='2024-06-02T13:39:00+00:00' AIRFLOW_CTX_TRY_NUMBER='1' AIRFLOW_CTX_DAG_RUN_ID='scheduled__2024-06-02T13:39:00+00:00'
[2024-06-02T13:55:48.154+0000] {taskinstance.py:430} INFO - ::endgroup::
[2024-06-02T13:55:48.481+0000] {docker.py:366} INFO - Starting docker container from image composer-flask:latest
[2024-06-02T13:55:49.131+0000] {docker.py:374} WARNING - Using remote engine or docker-in-docker and mounting temporary volume from host is not supported. Falling back to `mount_tmp_dir=False` mode. You can set `mount_tmp_dir` parameter to False to disable mounting and remove the warning
[2024-06-02T13:55:54.063+0000] {docker.py:436} INFO - 
[2024-06-02T13:55:54.064+0000] {docker.py:436} INFO - 
[2024-06-02T13:55:54.066+0000] {docker.py:436} INFO - % Total    % Received % Xferd  Ave
[2024-06-02T13:55:54.085+0000] {docker.py:436} INFO - rage Speed   Time    Time     Time  Current
                                 Dload  Upload   Total   Spent    Left  Speed
  0     0    0     0    0     0      0      0 --:--:-- --:--:-- --:--:--     0
[2024-06-02T13:55:55.311+0000] {docker.py:436} INFO - 0     0    0     0    0     0      0      0 --:--:--  0:00:01 --:--:--     0
[2024-06-02T13:55:56.313+0000] {docker.py:436} INFO - 0     0    0     0    0     0      0      0 --:--:--  0:00:02 --:--:--     0
[2024-06-02T13:55:57.323+0000] {docker.py:436} INFO - 100   334  100   334    0     0    102      0  0:00:03  0:00:03 --:--:--   102100   334  100   334    0     0    102      0  0:00:03  0:00:03 --:--:--   102
[2024-06-02T13:55:57.325+0000] {docker.py:436} INFO - <!DOCTYPE html>
<html>
    <head>
        <meta charset="UTF-8" />
        <meta http-equiv="refresh" content="0;url='http://localhost/setup'" />

        <title>Redirecting to http://localhost/setup</title>
    </head>
    <body>
        Redirecting to <a href="http://localhost/setup">http://localhost/setup</a>.
    </body>
</html>
[2024-06-02T13:55:58.255+0000] {taskinstance.py:441} INFO - ::group::Post task execution logs
[2024-06-02T13:55:58.448+0000] {taskinstance.py:1206} INFO - Marking task as SUCCESS. dag_id=dag_with_docker_operator, task_id=execute_get_command_inside_docker, run_id=scheduled__2024-06-02T13:39:00+00:00, execution_date=20240602T133900, start_date=20240602T135547, end_date=20240602T135558
[2024-06-02T13:55:58.520+0000] {local_task_job_runner.py:240} INFO - Task exited with return code 0
[2024-06-02T13:55:58.579+0000] {taskinstance.py:3498} INFO - 1 downstream tasks scheduled from follow-on schedule check
[2024-06-02T13:55:58.599+0000] {local_task_job_runner.py:222} INFO - ::endgroup::
