[2024-05-29T17:27:41.717+0000] {local_task_job_runner.py:120} INFO - ::group::Pre task execution logs
[2024-05-29T17:27:42.012+0000] {taskinstance.py:2076} INFO - Dependencies all met for dep_context=non-requeueable deps ti=<TaskInstance: flask_monitoring.check_flask_health scheduled__2024-05-28T02:40:00+00:00 [queued]>
[2024-05-29T17:27:42.061+0000] {taskinstance.py:2076} INFO - Dependencies all met for dep_context=requeueable deps ti=<TaskInstance: flask_monitoring.check_flask_health scheduled__2024-05-28T02:40:00+00:00 [queued]>
[2024-05-29T17:27:42.062+0000] {taskinstance.py:2306} INFO - Starting attempt 2 of 2
[2024-05-29T17:27:42.204+0000] {taskinstance.py:2330} INFO - Executing <Task(BashOperator): check_flask_health> on 2024-05-28 02:40:00+00:00
[2024-05-29T17:27:42.221+0000] {standard_task_runner.py:63} INFO - Started process 2675 to run task
[2024-05-29T17:27:42.218+0000] {standard_task_runner.py:90} INFO - Running: ['airflow', 'tasks', 'run', 'flask_monitoring', 'check_flask_health', 'scheduled__2024-05-28T02:40:00+00:00', '--job-id', '201', '--raw', '--subdir', 'DAGS_FOLDER/flask_monitoring.py', '--cfg-path', '/tmp/tmpn3njfy00']
[2024-05-29T17:27:42.232+0000] {standard_task_runner.py:91} INFO - Job 201: Subtask check_flask_health
[2024-05-29T17:27:42.691+0000] {task_command.py:426} INFO - Running <TaskInstance: flask_monitoring.check_flask_health scheduled__2024-05-28T02:40:00+00:00 [running]> on host f708138922bb
[2024-05-29T17:27:43.411+0000] {taskinstance.py:2648} INFO - Exporting env vars: AIRFLOW_CTX_DAG_OWNER='airflow' AIRFLOW_CTX_DAG_ID='flask_monitoring' AIRFLOW_CTX_TASK_ID='check_flask_health' AIRFLOW_CTX_EXECUTION_DATE='2024-05-28T02:40:00+00:00' AIRFLOW_CTX_TRY_NUMBER='2' AIRFLOW_CTX_DAG_RUN_ID='scheduled__2024-05-28T02:40:00+00:00'
[2024-05-29T17:27:43.413+0000] {taskinstance.py:430} INFO - ::endgroup::
[2024-05-29T17:27:43.492+0000] {subprocess.py:63} INFO - Tmp dir root location: /tmp
[2024-05-29T17:27:43.516+0000] {subprocess.py:75} INFO - Running command: ['/usr/bin/bash', '-c', 'curl -X GET http://flask:5000/check_send_status']
[2024-05-29T17:27:43.542+0000] {subprocess.py:86} INFO - Output:
[2024-05-29T17:27:43.587+0000] {subprocess.py:93} INFO -   % Total    % Received % Xferd  Average Speed   Time    Time     Time  Current
[2024-05-29T17:27:43.590+0000] {subprocess.py:93} INFO -                                  Dload  Upload   Total   Spent    Left  Speed
[2024-05-29T17:27:43.594+0000] {subprocess.py:93} INFO -   0     0    0     0    0     0      0      0 --:--:-- --:--:-- --:--:--     0100    26  100    26    0     0   5979      0 --:--:-- --:--:-- --:--:--  6500
[2024-05-29T17:27:43.597+0000] {subprocess.py:93} INFO - {
[2024-05-29T17:27:43.599+0000] {subprocess.py:93} INFO -   "status": "unknown"
[2024-05-29T17:27:43.601+0000] {subprocess.py:93} INFO - }
[2024-05-29T17:27:43.609+0000] {subprocess.py:97} INFO - Command exited with return code 0
[2024-05-29T17:27:43.617+0000] {taskinstance.py:441} INFO - ::group::Post task execution logs
[2024-05-29T17:27:43.858+0000] {taskinstance.py:1206} INFO - Marking task as SUCCESS. dag_id=flask_monitoring, task_id=check_flask_health, run_id=scheduled__2024-05-28T02:40:00+00:00, execution_date=20240528T024000, start_date=20240529T172742, end_date=20240529T172743
[2024-05-29T17:27:43.978+0000] {local_task_job_runner.py:240} INFO - Task exited with return code 0
[2024-05-29T17:27:44.116+0000] {taskinstance.py:3498} INFO - 1 downstream tasks scheduled from follow-on schedule check
[2024-05-29T17:27:44.137+0000] {local_task_job_runner.py:222} INFO - ::endgroup::
