[2024-06-01T21:24:20.238+0000] {local_task_job_runner.py:120} INFO - ::group::Pre task execution logs
[2024-06-01T21:24:20.287+0000] {taskinstance.py:2076} INFO - Dependencies all met for dep_context=non-requeueable deps ti=<TaskInstance: dag_with_docker_operator.check_status scheduled__2024-06-01T06:00:00+00:00 [queued]>
[2024-06-01T21:24:20.313+0000] {taskinstance.py:2076} INFO - Dependencies all met for dep_context=requeueable deps ti=<TaskInstance: dag_with_docker_operator.check_status scheduled__2024-06-01T06:00:00+00:00 [queued]>
[2024-06-01T21:24:20.315+0000] {taskinstance.py:2306} INFO - Starting attempt 1 of 2
[2024-06-01T21:24:20.571+0000] {taskinstance.py:2330} INFO - Executing <Task(PythonOperator): check_status> on 2024-06-01 06:00:00+00:00
[2024-06-01T21:24:20.590+0000] {standard_task_runner.py:63} INFO - Started process 587 to run task
[2024-06-01T21:24:20.601+0000] {standard_task_runner.py:90} INFO - Running: ['airflow', 'tasks', 'run', 'dag_with_docker_operator', 'check_status', 'scheduled__2024-06-01T06:00:00+00:00', '--job-id', '783', '--raw', '--subdir', 'DAGS_FOLDER/dag_with_docker_operator.py', '--cfg-path', '/tmp/tmpna7alvdx']
[2024-06-01T21:24:20.604+0000] {standard_task_runner.py:91} INFO - Job 783: Subtask check_status
[2024-06-01T21:24:20.808+0000] {task_command.py:426} INFO - Running <TaskInstance: dag_with_docker_operator.check_status scheduled__2024-06-01T06:00:00+00:00 [running]> on host 9c47fcd741af
[2024-06-01T21:24:21.117+0000] {taskinstance.py:2648} INFO - Exporting env vars: AIRFLOW_CTX_DAG_OWNER='airflow' AIRFLOW_CTX_DAG_ID='dag_with_docker_operator' AIRFLOW_CTX_TASK_ID='check_status' AIRFLOW_CTX_EXECUTION_DATE='2024-06-01T06:00:00+00:00' AIRFLOW_CTX_TRY_NUMBER='1' AIRFLOW_CTX_DAG_RUN_ID='scheduled__2024-06-01T06:00:00+00:00'
[2024-06-01T21:24:21.120+0000] {taskinstance.py:430} INFO - ::endgroup::
[2024-06-01T21:24:21.194+0000] {python.py:237} INFO - Done. Returned value was: {'status': 'success'}
[2024-06-01T21:24:21.196+0000] {taskinstance.py:441} INFO - ::group::Post task execution logs
[2024-06-01T21:24:21.386+0000] {taskinstance.py:1206} INFO - Marking task as SUCCESS. dag_id=dag_with_docker_operator, task_id=check_status, run_id=scheduled__2024-06-01T06:00:00+00:00, execution_date=20240601T060000, start_date=20240601T212420, end_date=20240601T212421
[2024-06-01T21:24:21.575+0000] {local_task_job_runner.py:240} INFO - Task exited with return code 0
[2024-06-01T21:24:21.676+0000] {taskinstance.py:3498} INFO - 0 downstream tasks scheduled from follow-on schedule check
[2024-06-01T21:24:21.680+0000] {local_task_job_runner.py:222} INFO - ::endgroup::
[2024-06-02T11:28:13.440+0000] {local_task_job_runner.py:120} INFO - ::group::Pre task execution logs
[2024-06-02T11:28:13.522+0000] {taskinstance.py:2076} INFO - Dependencies all met for dep_context=non-requeueable deps ti=<TaskInstance: dag_with_docker_operator.check_status scheduled__2024-06-01T06:00:00+00:00 [queued]>
[2024-06-02T11:28:13.549+0000] {taskinstance.py:2076} INFO - Dependencies all met for dep_context=requeueable deps ti=<TaskInstance: dag_with_docker_operator.check_status scheduled__2024-06-01T06:00:00+00:00 [queued]>
[2024-06-02T11:28:13.550+0000] {taskinstance.py:2306} INFO - Starting attempt 1 of 2
[2024-06-02T11:28:13.919+0000] {taskinstance.py:2330} INFO - Executing <Task(PythonOperator): check_status> on 2024-06-01 06:00:00+00:00
[2024-06-02T11:28:13.933+0000] {standard_task_runner.py:63} INFO - Started process 1559 to run task
[2024-06-02T11:28:13.931+0000] {standard_task_runner.py:90} INFO - Running: ['airflow', 'tasks', 'run', 'dag_with_docker_operator', 'check_status', 'scheduled__2024-06-01T06:00:00+00:00', '--job-id', '783', '--raw', '--subdir', 'DAGS_FOLDER/dag_with_docker_operator.py', '--cfg-path', '/tmp/tmp32owla96']
[2024-06-02T11:28:13.935+0000] {standard_task_runner.py:91} INFO - Job 783: Subtask check_status
[2024-06-02T11:28:14.194+0000] {task_command.py:426} INFO - Running <TaskInstance: dag_with_docker_operator.check_status scheduled__2024-06-01T06:00:00+00:00 [running]> on host 9c47fcd741af
[2024-06-02T11:28:14.628+0000] {taskinstance.py:2648} INFO - Exporting env vars: AIRFLOW_CTX_DAG_OWNER='airflow' AIRFLOW_CTX_DAG_ID='dag_with_docker_operator' AIRFLOW_CTX_TASK_ID='check_status' AIRFLOW_CTX_EXECUTION_DATE='2024-06-01T06:00:00+00:00' AIRFLOW_CTX_TRY_NUMBER='1' AIRFLOW_CTX_DAG_RUN_ID='scheduled__2024-06-01T06:00:00+00:00'
[2024-06-02T11:28:14.637+0000] {taskinstance.py:430} INFO - ::endgroup::
[2024-06-02T11:28:14.736+0000] {python.py:237} INFO - Done. Returned value was: {'status': 'failed'}
[2024-06-02T11:28:14.741+0000] {taskinstance.py:441} INFO - ::group::Post task execution logs
[2024-06-02T11:28:15.005+0000] {taskinstance.py:1206} INFO - Marking task as SUCCESS. dag_id=dag_with_docker_operator, task_id=check_status, run_id=scheduled__2024-06-01T06:00:00+00:00, execution_date=20240601T060000, start_date=20240602T112813, end_date=20240602T112815
[2024-06-02T11:28:15.194+0000] {local_task_job_runner.py:240} INFO - Task exited with return code 0
[2024-06-02T11:28:15.252+0000] {taskinstance.py:3498} INFO - 0 downstream tasks scheduled from follow-on schedule check
[2024-06-02T11:28:15.257+0000] {local_task_job_runner.py:222} INFO - ::endgroup::
[2024-06-02T11:56:48.135+0000] {local_task_job_runner.py:120} INFO - ::group::Pre task execution logs
[2024-06-02T11:56:48.260+0000] {taskinstance.py:2076} INFO - Dependencies all met for dep_context=non-requeueable deps ti=<TaskInstance: dag_with_docker_operator.check_status scheduled__2024-06-01T06:00:00+00:00 [queued]>
[2024-06-02T11:56:48.323+0000] {taskinstance.py:2076} INFO - Dependencies all met for dep_context=requeueable deps ti=<TaskInstance: dag_with_docker_operator.check_status scheduled__2024-06-01T06:00:00+00:00 [queued]>
[2024-06-02T11:56:48.325+0000] {taskinstance.py:2306} INFO - Starting attempt 1 of 2
[2024-06-02T11:56:48.470+0000] {taskinstance.py:2330} INFO - Executing <Task(PythonOperator): check_status> on 2024-06-01 06:00:00+00:00
[2024-06-02T11:56:48.478+0000] {standard_task_runner.py:63} INFO - Started process 2343 to run task
[2024-06-02T11:56:48.482+0000] {standard_task_runner.py:90} INFO - Running: ['airflow', 'tasks', 'run', 'dag_with_docker_operator', 'check_status', 'scheduled__2024-06-01T06:00:00+00:00', '--job-id', '784', '--raw', '--subdir', 'DAGS_FOLDER/dag_with_docker_operator.py', '--cfg-path', '/tmp/tmpyopxtxpx']
[2024-06-02T11:56:48.485+0000] {standard_task_runner.py:91} INFO - Job 784: Subtask check_status
[2024-06-02T11:56:48.799+0000] {task_command.py:426} INFO - Running <TaskInstance: dag_with_docker_operator.check_status scheduled__2024-06-01T06:00:00+00:00 [running]> on host 9c47fcd741af
[2024-06-02T11:56:48.975+0000] {taskinstance.py:2648} INFO - Exporting env vars: AIRFLOW_CTX_DAG_OWNER='airflow' AIRFLOW_CTX_DAG_ID='dag_with_docker_operator' AIRFLOW_CTX_TASK_ID='check_status' AIRFLOW_CTX_EXECUTION_DATE='2024-06-01T06:00:00+00:00' AIRFLOW_CTX_TRY_NUMBER='1' AIRFLOW_CTX_DAG_RUN_ID='scheduled__2024-06-01T06:00:00+00:00'
[2024-06-02T11:56:48.977+0000] {taskinstance.py:430} INFO - ::endgroup::
[2024-06-02T11:56:49.004+0000] {taskinstance.py:441} INFO - ::group::Post task execution logs
[2024-06-02T11:56:49.009+0000] {taskinstance.py:2905} ERROR - Task failed with exception
Traceback (most recent call last):
  File "/home/airflow/.local/lib/python3.12/site-packages/airflow/models/taskinstance.py", line 465, in _execute_task
    result = _execute_callable(context=context, **execute_callable_kwargs)
             ^^^^^^^^^^^^^^^^^^^^^^^^^^^^^^^^^^^^^^^^^^^^^^^^^^^^^^^^^^^^^
  File "/home/airflow/.local/lib/python3.12/site-packages/airflow/models/taskinstance.py", line 432, in _execute_callable
    return execute_callable(context=context, **execute_callable_kwargs)
           ^^^^^^^^^^^^^^^^^^^^^^^^^^^^^^^^^^^^^^^^^^^^^^^^^^^^^^^^^^^^
  File "/home/airflow/.local/lib/python3.12/site-packages/airflow/models/baseoperator.py", line 400, in wrapper
    return func(self, *args, **kwargs)
           ^^^^^^^^^^^^^^^^^^^^^^^^^^^
  File "/home/airflow/.local/lib/python3.12/site-packages/airflow/operators/python.py", line 235, in execute
    return_value = self.execute_callable()
                   ^^^^^^^^^^^^^^^^^^^^^^^
  File "/home/airflow/.local/lib/python3.12/site-packages/airflow/operators/python.py", line 252, in execute_callable
    return self.python_callable(*self.op_args, **self.op_kwargs)
           ^^^^^^^^^^^^^^^^^^^^^^^^^^^^^^^^^^^^^^^^^^^^^^^^^^^^^
  File "/opt/airflow/dags/dag_with_docker_operator.py", line 24, in check_send_status
    raise ValueError(f"Check send status failed: {result}")
ValueError: Check send status failed: {'status': 'failed'}
[2024-06-02T11:56:49.038+0000] {taskinstance.py:1206} INFO - Marking task as UP_FOR_RETRY. dag_id=dag_with_docker_operator, task_id=check_status, run_id=scheduled__2024-06-01T06:00:00+00:00, execution_date=20240601T060000, start_date=20240602T115648, end_date=20240602T115649
[2024-06-02T11:56:49.118+0000] {standard_task_runner.py:110} ERROR - Failed to execute job 784 for task check_status (Check send status failed: {'status': 'failed'}; 2343)
[2024-06-02T11:56:49.142+0000] {local_task_job_runner.py:240} INFO - Task exited with return code 1
[2024-06-02T11:56:49.296+0000] {taskinstance.py:3498} INFO - 0 downstream tasks scheduled from follow-on schedule check
[2024-06-02T11:56:49.298+0000] {local_task_job_runner.py:222} INFO - ::endgroup::
[2024-06-02T12:16:36.291+0000] {local_task_job_runner.py:120} INFO - ::group::Pre task execution logs
[2024-06-02T12:16:36.339+0000] {taskinstance.py:2076} INFO - Dependencies all met for dep_context=non-requeueable deps ti=<TaskInstance: dag_with_docker_operator.check_status scheduled__2024-06-01T06:00:00+00:00 [queued]>
[2024-06-02T12:16:36.358+0000] {taskinstance.py:2076} INFO - Dependencies all met for dep_context=requeueable deps ti=<TaskInstance: dag_with_docker_operator.check_status scheduled__2024-06-01T06:00:00+00:00 [queued]>
[2024-06-02T12:16:36.359+0000] {taskinstance.py:2306} INFO - Starting attempt 1 of 2
[2024-06-02T12:16:36.405+0000] {taskinstance.py:2330} INFO - Executing <Task(PythonOperator): check_status> on 2024-06-01 06:00:00+00:00
[2024-06-02T12:16:36.410+0000] {standard_task_runner.py:63} INFO - Started process 2861 to run task
[2024-06-02T12:16:36.414+0000] {standard_task_runner.py:90} INFO - Running: ['airflow', 'tasks', 'run', 'dag_with_docker_operator', 'check_status', 'scheduled__2024-06-01T06:00:00+00:00', '--job-id', '783', '--raw', '--subdir', 'DAGS_FOLDER/dag_with_docker_operator.py', '--cfg-path', '/tmp/tmpj2s50cn5']
[2024-06-02T12:16:36.416+0000] {standard_task_runner.py:91} INFO - Job 783: Subtask check_status
[2024-06-02T12:16:36.738+0000] {task_command.py:426} INFO - Running <TaskInstance: dag_with_docker_operator.check_status scheduled__2024-06-01T06:00:00+00:00 [running]> on host 9c47fcd741af
[2024-06-02T12:16:37.012+0000] {taskinstance.py:2648} INFO - Exporting env vars: AIRFLOW_CTX_DAG_OWNER='airflow' AIRFLOW_CTX_DAG_ID='dag_with_docker_operator' AIRFLOW_CTX_TASK_ID='check_status' AIRFLOW_CTX_EXECUTION_DATE='2024-06-01T06:00:00+00:00' AIRFLOW_CTX_TRY_NUMBER='1' AIRFLOW_CTX_DAG_RUN_ID='scheduled__2024-06-01T06:00:00+00:00'
[2024-06-02T12:16:37.013+0000] {taskinstance.py:430} INFO - ::endgroup::
[2024-06-02T12:16:37.078+0000] {taskinstance.py:441} INFO - ::group::Post task execution logs
[2024-06-02T12:16:37.080+0000] {taskinstance.py:2905} ERROR - Task failed with exception
Traceback (most recent call last):
  File "/home/airflow/.local/lib/python3.12/site-packages/airflow/models/taskinstance.py", line 465, in _execute_task
    result = _execute_callable(context=context, **execute_callable_kwargs)
             ^^^^^^^^^^^^^^^^^^^^^^^^^^^^^^^^^^^^^^^^^^^^^^^^^^^^^^^^^^^^^
  File "/home/airflow/.local/lib/python3.12/site-packages/airflow/models/taskinstance.py", line 432, in _execute_callable
    return execute_callable(context=context, **execute_callable_kwargs)
           ^^^^^^^^^^^^^^^^^^^^^^^^^^^^^^^^^^^^^^^^^^^^^^^^^^^^^^^^^^^^
  File "/home/airflow/.local/lib/python3.12/site-packages/airflow/models/baseoperator.py", line 400, in wrapper
    return func(self, *args, **kwargs)
           ^^^^^^^^^^^^^^^^^^^^^^^^^^^
  File "/home/airflow/.local/lib/python3.12/site-packages/airflow/operators/python.py", line 235, in execute
    return_value = self.execute_callable()
                   ^^^^^^^^^^^^^^^^^^^^^^^
  File "/home/airflow/.local/lib/python3.12/site-packages/airflow/operators/python.py", line 252, in execute_callable
    return self.python_callable(*self.op_args, **self.op_kwargs)
           ^^^^^^^^^^^^^^^^^^^^^^^^^^^^^^^^^^^^^^^^^^^^^^^^^^^^^
  File "/opt/airflow/dags/dag_with_docker_operator.py", line 24, in check_send_status
    raise ValueError(f"Check send status failed: {result}")
ValueError: Check send status failed: {'status': 'failed'}
[2024-06-02T12:16:37.162+0000] {taskinstance.py:1206} INFO - Marking task as UP_FOR_RETRY. dag_id=dag_with_docker_operator, task_id=check_status, run_id=scheduled__2024-06-01T06:00:00+00:00, execution_date=20240601T060000, start_date=20240602T121636, end_date=20240602T121637
[2024-06-02T12:16:37.260+0000] {standard_task_runner.py:110} ERROR - Failed to execute job 783 for task check_status (Check send status failed: {'status': 'failed'}; 2861)
[2024-06-02T12:16:37.310+0000] {local_task_job_runner.py:240} INFO - Task exited with return code 1
[2024-06-02T12:16:37.448+0000] {taskinstance.py:3498} INFO - 0 downstream tasks scheduled from follow-on schedule check
[2024-06-02T12:16:37.450+0000] {local_task_job_runner.py:222} INFO - ::endgroup::
