[2024-06-01T21:29:33.646+0000] {local_task_job_runner.py:120} INFO - ::group::Pre task execution logs
[2024-06-01T21:29:33.694+0000] {taskinstance.py:2076} INFO - Dependencies all met for dep_context=non-requeueable deps ti=<TaskInstance: dag_with_docker_operator.check_status scheduled__2024-06-01T14:00:00+00:00 [queued]>
[2024-06-01T21:29:33.717+0000] {taskinstance.py:2076} INFO - Dependencies all met for dep_context=requeueable deps ti=<TaskInstance: dag_with_docker_operator.check_status scheduled__2024-06-01T14:00:00+00:00 [queued]>
[2024-06-01T21:29:33.718+0000] {taskinstance.py:2306} INFO - Starting attempt 1 of 2
[2024-06-01T21:29:33.868+0000] {taskinstance.py:2330} INFO - Executing <Task(PythonOperator): check_status> on 2024-06-01 14:00:00+00:00
[2024-06-01T21:29:33.875+0000] {standard_task_runner.py:63} INFO - Started process 763 to run task
[2024-06-01T21:29:33.878+0000] {standard_task_runner.py:90} INFO - Running: ['airflow', 'tasks', 'run', 'dag_with_docker_operator', 'check_status', 'scheduled__2024-06-01T14:00:00+00:00', '--job-id', '815', '--raw', '--subdir', 'DAGS_FOLDER/dag_with_docker_operator.py', '--cfg-path', '/tmp/tmpipanzsm9']
[2024-06-01T21:29:33.880+0000] {standard_task_runner.py:91} INFO - Job 815: Subtask check_status
[2024-06-01T21:29:33.995+0000] {task_command.py:426} INFO - Running <TaskInstance: dag_with_docker_operator.check_status scheduled__2024-06-01T14:00:00+00:00 [running]> on host 9c47fcd741af
[2024-06-01T21:29:34.221+0000] {taskinstance.py:2648} INFO - Exporting env vars: AIRFLOW_CTX_DAG_OWNER='airflow' AIRFLOW_CTX_DAG_ID='dag_with_docker_operator' AIRFLOW_CTX_TASK_ID='check_status' AIRFLOW_CTX_EXECUTION_DATE='2024-06-01T14:00:00+00:00' AIRFLOW_CTX_TRY_NUMBER='1' AIRFLOW_CTX_DAG_RUN_ID='scheduled__2024-06-01T14:00:00+00:00'
[2024-06-01T21:29:34.223+0000] {taskinstance.py:430} INFO - ::endgroup::
[2024-06-01T21:29:34.276+0000] {python.py:237} INFO - Done. Returned value was: {'status': 'success'}
[2024-06-01T21:29:34.279+0000] {taskinstance.py:441} INFO - ::group::Post task execution logs
[2024-06-01T21:29:34.354+0000] {taskinstance.py:1206} INFO - Marking task as SUCCESS. dag_id=dag_with_docker_operator, task_id=check_status, run_id=scheduled__2024-06-01T14:00:00+00:00, execution_date=20240601T140000, start_date=20240601T212933, end_date=20240601T212934
[2024-06-01T21:29:34.453+0000] {local_task_job_runner.py:240} INFO - Task exited with return code 0
[2024-06-01T21:29:34.479+0000] {taskinstance.py:3498} INFO - 0 downstream tasks scheduled from follow-on schedule check
[2024-06-01T21:29:34.481+0000] {local_task_job_runner.py:222} INFO - ::endgroup::
[2024-06-02T11:33:58.588+0000] {local_task_job_runner.py:120} INFO - ::group::Pre task execution logs
[2024-06-02T11:33:58.631+0000] {taskinstance.py:2076} INFO - Dependencies all met for dep_context=non-requeueable deps ti=<TaskInstance: dag_with_docker_operator.check_status scheduled__2024-06-01T14:00:00+00:00 [queued]>
[2024-06-02T11:33:58.649+0000] {taskinstance.py:2076} INFO - Dependencies all met for dep_context=requeueable deps ti=<TaskInstance: dag_with_docker_operator.check_status scheduled__2024-06-01T14:00:00+00:00 [queued]>
[2024-06-02T11:33:58.650+0000] {taskinstance.py:2306} INFO - Starting attempt 1 of 2
[2024-06-02T11:33:58.789+0000] {taskinstance.py:2330} INFO - Executing <Task(PythonOperator): check_status> on 2024-06-01 14:00:00+00:00
[2024-06-02T11:33:58.796+0000] {standard_task_runner.py:63} INFO - Started process 1735 to run task
[2024-06-02T11:33:58.798+0000] {standard_task_runner.py:90} INFO - Running: ['airflow', 'tasks', 'run', 'dag_with_docker_operator', 'check_status', 'scheduled__2024-06-01T14:00:00+00:00', '--job-id', '815', '--raw', '--subdir', 'DAGS_FOLDER/dag_with_docker_operator.py', '--cfg-path', '/tmp/tmpc8ygcjl6']
[2024-06-02T11:33:58.800+0000] {standard_task_runner.py:91} INFO - Job 815: Subtask check_status
[2024-06-02T11:33:58.915+0000] {task_command.py:426} INFO - Running <TaskInstance: dag_with_docker_operator.check_status scheduled__2024-06-01T14:00:00+00:00 [running]> on host 9c47fcd741af
[2024-06-02T11:33:59.160+0000] {taskinstance.py:2648} INFO - Exporting env vars: AIRFLOW_CTX_DAG_OWNER='airflow' AIRFLOW_CTX_DAG_ID='dag_with_docker_operator' AIRFLOW_CTX_TASK_ID='check_status' AIRFLOW_CTX_EXECUTION_DATE='2024-06-01T14:00:00+00:00' AIRFLOW_CTX_TRY_NUMBER='1' AIRFLOW_CTX_DAG_RUN_ID='scheduled__2024-06-01T14:00:00+00:00'
[2024-06-02T11:33:59.161+0000] {taskinstance.py:430} INFO - ::endgroup::
[2024-06-02T11:33:59.263+0000] {python.py:237} INFO - Done. Returned value was: {'status': 'failed'}
[2024-06-02T11:33:59.267+0000] {taskinstance.py:441} INFO - ::group::Post task execution logs
[2024-06-02T11:33:59.474+0000] {taskinstance.py:1206} INFO - Marking task as SUCCESS. dag_id=dag_with_docker_operator, task_id=check_status, run_id=scheduled__2024-06-01T14:00:00+00:00, execution_date=20240601T140000, start_date=20240602T113358, end_date=20240602T113359
[2024-06-02T11:33:59.538+0000] {local_task_job_runner.py:240} INFO - Task exited with return code 0
[2024-06-02T11:33:59.561+0000] {taskinstance.py:3498} INFO - 0 downstream tasks scheduled from follow-on schedule check
[2024-06-02T11:33:59.563+0000] {local_task_job_runner.py:222} INFO - ::endgroup::
[2024-06-02T12:05:31.758+0000] {local_task_job_runner.py:120} INFO - ::group::Pre task execution logs
[2024-06-02T12:05:32.643+0000] {taskinstance.py:2076} INFO - Dependencies all met for dep_context=non-requeueable deps ti=<TaskInstance: dag_with_docker_operator.check_status scheduled__2024-06-01T14:00:00+00:00 [queued]>
[2024-06-02T12:05:32.679+0000] {taskinstance.py:2076} INFO - Dependencies all met for dep_context=requeueable deps ti=<TaskInstance: dag_with_docker_operator.check_status scheduled__2024-06-01T14:00:00+00:00 [queued]>
[2024-06-02T12:05:32.680+0000] {taskinstance.py:2306} INFO - Starting attempt 1 of 2
[2024-06-02T12:05:33.086+0000] {taskinstance.py:2330} INFO - Executing <Task(PythonOperator): check_status> on 2024-06-01 14:00:00+00:00
[2024-06-02T12:05:33.098+0000] {standard_task_runner.py:90} INFO - Running: ['airflow', 'tasks', 'run', 'dag_with_docker_operator', 'check_status', 'scheduled__2024-06-01T14:00:00+00:00', '--job-id', '832', '--raw', '--subdir', 'DAGS_FOLDER/dag_with_docker_operator.py', '--cfg-path', '/tmp/tmp3l742zic']
[2024-06-02T12:05:33.104+0000] {standard_task_runner.py:91} INFO - Job 832: Subtask check_status
[2024-06-02T12:05:33.094+0000] {standard_task_runner.py:63} INFO - Started process 2604 to run task
[2024-06-02T12:05:34.112+0000] {task_command.py:426} INFO - Running <TaskInstance: dag_with_docker_operator.check_status scheduled__2024-06-01T14:00:00+00:00 [running]> on host 9c47fcd741af
[2024-06-02T12:05:34.316+0000] {taskinstance.py:2648} INFO - Exporting env vars: AIRFLOW_CTX_DAG_OWNER='airflow' AIRFLOW_CTX_DAG_ID='dag_with_docker_operator' AIRFLOW_CTX_TASK_ID='check_status' AIRFLOW_CTX_EXECUTION_DATE='2024-06-01T14:00:00+00:00' AIRFLOW_CTX_TRY_NUMBER='1' AIRFLOW_CTX_DAG_RUN_ID='scheduled__2024-06-01T14:00:00+00:00'
[2024-06-02T12:05:34.318+0000] {taskinstance.py:430} INFO - ::endgroup::
[2024-06-02T12:05:34.357+0000] {taskinstance.py:441} INFO - ::group::Post task execution logs
[2024-06-02T12:05:34.361+0000] {taskinstance.py:2905} ERROR - Task failed with exception
Traceback (most recent call last):
  File "/home/airflow/.local/lib/python3.12/site-packages/airflow/models/taskinstance.py", line 465, in _execute_task
    result = _execute_callable(context=context, **execute_callable_kwargs)
             ^^^^^^^^^^^^^^^^^^^^^^^^^^^^^^^^^^^^^^^^^^^^^^^^^^^^^^^^^^^^^
  File "/home/airflow/.local/lib/python3.12/site-packages/airflow/models/taskinstance.py", line 432, in _execute_callable
    return execute_callable(context=context, **execute_callable_kwargs)
           ^^^^^^^^^^^^^^^^^^^^^^^^^^^^^^^^^^^^^^^^^^^^^^^^^^^^^^^^^^^^
  File "/home/airflow/.local/lib/python3.12/site-packages/airflow/models/baseoperator.py", line 400, in wrapper
    return func(self, *args, **kwargs)
           ^^^^^^^^^^^^^^^^^^^^^^^^^^^
  File "/home/airflow/.local/lib/python3.12/site-packages/airflow/operators/python.py", line 235, in execute
    return_value = self.execute_callable()
                   ^^^^^^^^^^^^^^^^^^^^^^^
  File "/home/airflow/.local/lib/python3.12/site-packages/airflow/operators/python.py", line 252, in execute_callable
    return self.python_callable(*self.op_args, **self.op_kwargs)
           ^^^^^^^^^^^^^^^^^^^^^^^^^^^^^^^^^^^^^^^^^^^^^^^^^^^^^
  File "/opt/airflow/dags/dag_with_docker_operator.py", line 24, in check_send_status
    raise ValueError(f"Check send status failed: {result}")
ValueError: Check send status failed: {'status': 'failed'}
[2024-06-02T12:05:34.427+0000] {taskinstance.py:1206} INFO - Marking task as UP_FOR_RETRY. dag_id=dag_with_docker_operator, task_id=check_status, run_id=scheduled__2024-06-01T14:00:00+00:00, execution_date=20240601T140000, start_date=20240602T120532, end_date=20240602T120534
[2024-06-02T12:05:34.488+0000] {standard_task_runner.py:110} ERROR - Failed to execute job 832 for task check_status (Check send status failed: {'status': 'failed'}; 2604)
[2024-06-02T12:05:34.537+0000] {local_task_job_runner.py:240} INFO - Task exited with return code 1
[2024-06-02T12:05:34.566+0000] {taskinstance.py:3498} INFO - 0 downstream tasks scheduled from follow-on schedule check
[2024-06-02T12:05:34.569+0000] {local_task_job_runner.py:222} INFO - ::endgroup::
[2024-06-02T12:25:24.648+0000] {local_task_job_runner.py:120} INFO - ::group::Pre task execution logs
[2024-06-02T12:25:24.692+0000] {taskinstance.py:2076} INFO - Dependencies all met for dep_context=non-requeueable deps ti=<TaskInstance: dag_with_docker_operator.check_status scheduled__2024-06-01T14:00:00+00:00 [queued]>
[2024-06-02T12:25:24.711+0000] {taskinstance.py:2076} INFO - Dependencies all met for dep_context=requeueable deps ti=<TaskInstance: dag_with_docker_operator.check_status scheduled__2024-06-01T14:00:00+00:00 [queued]>
[2024-06-02T12:25:24.711+0000] {taskinstance.py:2306} INFO - Starting attempt 1 of 2
[2024-06-02T12:25:24.762+0000] {taskinstance.py:2330} INFO - Executing <Task(PythonOperator): check_status> on 2024-06-01 14:00:00+00:00
[2024-06-02T12:25:24.769+0000] {standard_task_runner.py:63} INFO - Started process 3139 to run task
[2024-06-02T12:25:24.772+0000] {standard_task_runner.py:90} INFO - Running: ['airflow', 'tasks', 'run', 'dag_with_docker_operator', 'check_status', 'scheduled__2024-06-01T14:00:00+00:00', '--job-id', '833', '--raw', '--subdir', 'DAGS_FOLDER/dag_with_docker_operator.py', '--cfg-path', '/tmp/tmp7tg5xcfy']
[2024-06-02T12:25:24.774+0000] {standard_task_runner.py:91} INFO - Job 833: Subtask check_status
[2024-06-02T12:25:25.131+0000] {task_command.py:426} INFO - Running <TaskInstance: dag_with_docker_operator.check_status scheduled__2024-06-01T14:00:00+00:00 [running]> on host 9c47fcd741af
[2024-06-02T12:25:25.338+0000] {taskinstance.py:2648} INFO - Exporting env vars: AIRFLOW_CTX_DAG_OWNER='airflow' AIRFLOW_CTX_DAG_ID='dag_with_docker_operator' AIRFLOW_CTX_TASK_ID='check_status' AIRFLOW_CTX_EXECUTION_DATE='2024-06-01T14:00:00+00:00' AIRFLOW_CTX_TRY_NUMBER='1' AIRFLOW_CTX_DAG_RUN_ID='scheduled__2024-06-01T14:00:00+00:00'
[2024-06-02T12:25:25.338+0000] {taskinstance.py:430} INFO - ::endgroup::
[2024-06-02T12:25:25.364+0000] {taskinstance.py:441} INFO - ::group::Post task execution logs
[2024-06-02T12:25:25.366+0000] {taskinstance.py:2905} ERROR - Task failed with exception
Traceback (most recent call last):
  File "/home/airflow/.local/lib/python3.12/site-packages/airflow/models/taskinstance.py", line 465, in _execute_task
    result = _execute_callable(context=context, **execute_callable_kwargs)
             ^^^^^^^^^^^^^^^^^^^^^^^^^^^^^^^^^^^^^^^^^^^^^^^^^^^^^^^^^^^^^
  File "/home/airflow/.local/lib/python3.12/site-packages/airflow/models/taskinstance.py", line 432, in _execute_callable
    return execute_callable(context=context, **execute_callable_kwargs)
           ^^^^^^^^^^^^^^^^^^^^^^^^^^^^^^^^^^^^^^^^^^^^^^^^^^^^^^^^^^^^
  File "/home/airflow/.local/lib/python3.12/site-packages/airflow/models/baseoperator.py", line 400, in wrapper
    return func(self, *args, **kwargs)
           ^^^^^^^^^^^^^^^^^^^^^^^^^^^
  File "/home/airflow/.local/lib/python3.12/site-packages/airflow/operators/python.py", line 235, in execute
    return_value = self.execute_callable()
                   ^^^^^^^^^^^^^^^^^^^^^^^
  File "/home/airflow/.local/lib/python3.12/site-packages/airflow/operators/python.py", line 252, in execute_callable
    return self.python_callable(*self.op_args, **self.op_kwargs)
           ^^^^^^^^^^^^^^^^^^^^^^^^^^^^^^^^^^^^^^^^^^^^^^^^^^^^^
  File "/opt/airflow/dags/dag_with_docker_operator.py", line 24, in check_send_status
    raise ValueError(f"Check send status failed: {result}")
ValueError: Check send status failed: {'status': 'failed'}
[2024-06-02T12:25:25.392+0000] {taskinstance.py:1206} INFO - Marking task as UP_FOR_RETRY. dag_id=dag_with_docker_operator, task_id=check_status, run_id=scheduled__2024-06-01T14:00:00+00:00, execution_date=20240601T140000, start_date=20240602T122524, end_date=20240602T122525
[2024-06-02T12:25:25.449+0000] {standard_task_runner.py:110} ERROR - Failed to execute job 833 for task check_status (Check send status failed: {'status': 'failed'}; 3139)
[2024-06-02T12:25:25.507+0000] {local_task_job_runner.py:240} INFO - Task exited with return code 1
[2024-06-02T12:25:25.688+0000] {taskinstance.py:3498} INFO - 0 downstream tasks scheduled from follow-on schedule check
[2024-06-02T12:25:25.690+0000] {local_task_job_runner.py:222} INFO - ::endgroup::
