[2024-05-29T17:17:47.601+0000] {local_task_job_runner.py:120} INFO - ::group::Pre task execution logs
[2024-05-29T17:17:47.649+0000] {taskinstance.py:2076} INFO - Dependencies all met for dep_context=non-requeueable deps ti=<TaskInstance: flask_monitoring.check_flask_health scheduled__2024-05-28T01:45:00+00:00 [queued]>
[2024-05-29T17:17:47.668+0000] {taskinstance.py:2076} INFO - Dependencies all met for dep_context=requeueable deps ti=<TaskInstance: flask_monitoring.check_flask_health scheduled__2024-05-28T01:45:00+00:00 [queued]>
[2024-05-29T17:17:47.672+0000] {taskinstance.py:2306} INFO - Starting attempt 1 of 2
[2024-05-29T17:17:47.721+0000] {taskinstance.py:2330} INFO - Executing <Task(BashOperator): check_flask_health> on 2024-05-28 01:45:00+00:00
[2024-05-29T17:17:47.728+0000] {standard_task_runner.py:63} INFO - Started process 2180 to run task
[2024-05-29T17:17:47.731+0000] {standard_task_runner.py:90} INFO - Running: ['airflow', 'tasks', 'run', 'flask_monitoring', 'check_flask_health', 'scheduled__2024-05-28T01:45:00+00:00', '--job-id', '152', '--raw', '--subdir', 'DAGS_FOLDER/flask_monitoring.py', '--cfg-path', '/tmp/tmp2yzk14_9']
[2024-05-29T17:17:47.734+0000] {standard_task_runner.py:91} INFO - Job 152: Subtask check_flask_health
[2024-05-29T17:17:48.061+0000] {task_command.py:426} INFO - Running <TaskInstance: flask_monitoring.check_flask_health scheduled__2024-05-28T01:45:00+00:00 [running]> on host f708138922bb
[2024-05-29T17:17:48.282+0000] {taskinstance.py:2648} INFO - Exporting env vars: AIRFLOW_CTX_DAG_OWNER='airflow' AIRFLOW_CTX_DAG_ID='flask_monitoring' AIRFLOW_CTX_TASK_ID='check_flask_health' AIRFLOW_CTX_EXECUTION_DATE='2024-05-28T01:45:00+00:00' AIRFLOW_CTX_TRY_NUMBER='1' AIRFLOW_CTX_DAG_RUN_ID='scheduled__2024-05-28T01:45:00+00:00'
[2024-05-29T17:17:48.283+0000] {taskinstance.py:430} INFO - ::endgroup::
[2024-05-29T17:17:48.300+0000] {subprocess.py:63} INFO - Tmp dir root location: /tmp
[2024-05-29T17:17:48.301+0000] {subprocess.py:75} INFO - Running command: ['/usr/bin/bash', '-c', 'curl -X GET http://flask:5000/check_send_status']
[2024-05-29T17:17:48.313+0000] {subprocess.py:86} INFO - Output:
[2024-05-29T17:17:48.324+0000] {subprocess.py:93} INFO -   % Total    % Received % Xferd  Average Speed   Time    Time     Time  Current
[2024-05-29T17:17:48.325+0000] {subprocess.py:93} INFO -                                  Dload  Upload   Total   Spent    Left  Speed
[2024-05-29T17:17:48.333+0000] {subprocess.py:93} INFO -   0     0    0     0    0     0      0      0 --:--:-- --:--:-- --:--:--     0<!doctype html>
[2024-05-29T17:17:48.337+0000] {subprocess.py:93} INFO - <html lang=en>
[2024-05-29T17:17:48.345+0000] {subprocess.py:93} INFO -   <head>
[2024-05-29T17:17:48.346+0000] {subprocess.py:93} INFO -     <title>NameError: name &#39;last_status&#39; is not defined
[2024-05-29T17:17:48.348+0000] {subprocess.py:93} INFO -  // Werkzeug Debugger</title>
[2024-05-29T17:17:48.349+0000] {subprocess.py:93} INFO -     <link rel="stylesheet" href="?__debugger__=yes&amp;cmd=resource&amp;f=style.css">
[2024-05-29T17:17:48.349+0000] {subprocess.py:93} INFO -     <link rel="shortcut icon"
[2024-05-29T17:17:48.350+0000] {subprocess.py:93} INFO -         href="?__debugger__=yes&amp;cmd=resource&amp;f=console.png">
[2024-05-29T17:17:48.351+0000] {subprocess.py:93} INFO -     <script src="?__debugger__=yes&amp;cmd=resource&amp;f=debugger.js"></script>
[2024-05-29T17:17:48.352+0000] {subprocess.py:93} INFO -     <script>
[2024-05-29T17:17:48.352+0000] {subprocess.py:93} INFO -       var CONSOLE_MODE = false,
[2024-05-29T17:17:48.353+0000] {subprocess.py:93} INFO -           EVALEX = false,
[2024-05-29T17:17:48.353+0000] {subprocess.py:93} INFO -           EVALEX_TRUSTED = false,
[2024-05-29T17:17:48.354+0000] {subprocess.py:93} INFO -           SECRET = "m0W2mug263yMqd81oBK2";
[2024-05-29T17:17:48.354+0000] {subprocess.py:93} INFO -     </script>
[2024-05-29T17:17:48.355+0000] {subprocess.py:93} INFO -   </head>
[2024-05-29T17:17:48.356+0000] {subprocess.py:93} INFO -   <body style="background-color: #fff">
[2024-05-29T17:17:48.356+0000] {subprocess.py:93} INFO -     <div class="debugger">
[2024-05-29T17:17:48.357+0000] {subprocess.py:93} INFO - <h1>NameError</h1>
[2024-05-29T17:17:48.357+0000] {subprocess.py:93} INFO - <div class="detail">
[2024-05-29T17:17:48.358+0000] {subprocess.py:93} INFO -   <p class="errormsg">NameError: name &#39;last_status&#39; is not defined
[2024-05-29T17:17:48.358+0000] {subprocess.py:93} INFO - </p>
[2024-05-29T17:17:48.359+0000] {subprocess.py:93} INFO - </div>
[2024-05-29T17:17:48.359+0000] {subprocess.py:93} INFO - <h2 class="traceback">Traceback <em>(most recent call last)</em></h2>
[2024-05-29T17:17:48.360+0000] {subprocess.py:93} INFO - <div class="traceback">
[2024-05-29T17:17:48.360+0000] {subprocess.py:93} INFO -   <h3></h3>
[2024-05-29T17:17:48.361+0000] {subprocess.py:93} INFO -   <ul><li><div class="frame" id="frame-140474388014576">
[2024-05-29T17:17:48.361+0000] {subprocess.py:93} INFO -   <h4>File <cite class="filename">"/usr/local/lib/python3.9/site-packages/flask/app.py"</cite>,
[2024-05-29T17:17:48.362+0000] {subprocess.py:93} INFO -       line <em class="line">1498</em>,
[2024-05-29T17:17:48.362+0000] {subprocess.py:93} INFO -       in <code class="function">__call__</code></h4>
[2024-05-29T17:17:48.363+0000] {subprocess.py:93} INFO -   <div class="source library"><pre class="line before"><span class="ws">    </span>) -&gt; cabc.Iterable[bytes]:</pre>
[2024-05-29T17:17:48.363+0000] {subprocess.py:93} INFO - <pre class="line before"><span class="ws">        </span>&#34;&#34;&#34;The WSGI server calls the Flask application object as the</pre>
[2024-05-29T17:17:48.363+0000] {subprocess.py:93} INFO - <pre class="line before"><span class="ws">        </span>WSGI application. This calls :meth:`wsgi_app`, which can be</pre>
[2024-05-29T17:17:48.364+0000] {subprocess.py:93} INFO - <pre class="line before"><span class="ws">        </span>wrapped to apply middleware.</pre>
[2024-05-29T17:17:48.364+0000] {subprocess.py:93} INFO - <pre class="line before"><span class="ws">        </span>&#34;&#34;&#34;</pre>
[2024-05-29T17:17:48.365+0000] {subprocess.py:93} INFO - <pre class="line current"><span class="ws">        </span>return self.wsgi_app(environ, start_response)</pre></div>
[2024-05-29T17:17:48.365+0000] {subprocess.py:93} INFO - </div>
[2024-05-29T17:17:48.366+0000] {subprocess.py:93} INFO - 
[2024-05-29T17:17:48.366+0000] {subprocess.py:93} INFO - <li><div class="frame" id="frame-140474388014688">
[2024-05-29T17:17:48.367+0000] {subprocess.py:93} INFO -   <h4>File <cite class="filename">"/usr/local/lib/python3.9/site-packages/flask/app.py"</cite>,
[2024-05-29T17:17:48.367+0000] {subprocess.py:93} INFO -       line <em class="line">1476</em>,
[2024-05-29T17:17:48.368+0000] {subprocess.py:93} INFO -       in <code class="function">wsgi_app</code></h4>
[2024-05-29T17:17:48.368+0000] {subprocess.py:93} INFO -   <div class="source library"><pre class="line before"><span class="ws">            </span>try:</pre>
[2024-05-29T17:17:48.369+0000] {subprocess.py:93} INFO - <pre class="line before"><span class="ws">                </span>ctx.push()</pre>
[2024-05-29T17:17:48.369+0000] {subprocess.py:93} INFO - <pre class="line before"><span class="ws">                </span>response = self.full_dispatch_request()</pre>
[2024-05-29T17:17:48.370+0000] {subprocess.py:93} INFO - <pre class="line before"><span class="ws">            </span>except Exception as e:</pre>
[2024-05-29T17:17:48.370+0000] {subprocess.py:93} INFO - <pre class="line before"><span class="ws">                </span>error = e</pre>
[2024-05-29T17:17:48.371+0000] {subprocess.py:93} INFO - <pre class="line current"><span class="ws">                </span>response = self.handle_exception(e)</pre>
[2024-05-29T17:17:48.371+0000] {subprocess.py:93} INFO - <pre class="line after"><span class="ws">            </span>except:  # noqa: B001</pre>
[2024-05-29T17:17:48.372+0000] {subprocess.py:93} INFO - <pre class="line after"><span class="ws">                </span>error = sys.exc_info()[1]</pre>
[2024-05-29T17:17:48.372+0000] {subprocess.py:93} INFO - <pre class="line after"><span class="ws">                </span>raise</pre>
[2024-05-29T17:17:48.372+0000] {subprocess.py:93} INFO - <pre class="line after"><span class="ws">            </span>return response(environ, start_response)</pre>
[2024-05-29T17:17:48.373+0000] {subprocess.py:93} INFO - <pre class="line after"><span class="ws">        </span>finally:</pre></div>
[2024-05-29T17:17:48.373+0000] {subprocess.py:93} INFO - </div>
[2024-05-29T17:17:48.374+0000] {subprocess.py:93} INFO - 
[2024-05-29T17:17:48.374+0000] {subprocess.py:93} INFO - <li><div class="frame" id="frame-140474388014800">
[2024-05-29T17:17:48.375+0000] {subprocess.py:93} INFO -   <h4>File <cite class="filename">"/usr/local/lib/python3.9/site-packages/flask/app.py"</cite>,
[2024-05-29T17:17:48.375+0000] {subprocess.py:93} INFO -       line <em class="line">1473</em>,
[2024-05-29T17:17:48.376+0000] {subprocess.py:93} INFO -       in <code class="function">wsgi_app</code></h4>
[2024-05-29T17:17:48.376+0000] {subprocess.py:93} INFO -   <div class="source library"><pre class="line before"><span class="ws">        </span>ctx = self.request_context(environ)</pre>
[2024-05-29T17:17:48.377+0000] {subprocess.py:93} INFO - <pre class="line before"><span class="ws">        </span>error: BaseException | None = None</pre>
[2024-05-29T17:17:48.377+0000] {subprocess.py:93} INFO - <pre class="line before"><span class="ws">        </span>try:</pre>
[2024-05-29T17:17:48.378+0000] {subprocess.py:93} INFO - <pre class="line before"><span class="ws">            </span>try:</pre>
[2024-05-29T17:17:48.378+0000] {subprocess.py:93} INFO - <pre class="line before"><span class="ws">                </span>ctx.push()</pre>
[2024-05-29T17:17:48.378+0000] {subprocess.py:93} INFO - <pre class="line current"><span class="ws">                </span>response = self.full_dispatch_request()</pre>
[2024-05-29T17:17:48.379+0000] {subprocess.py:93} INFO - <pre class="line after"><span class="ws">            </span>except Exception as e:</pre>
[2024-05-29T17:17:48.379+0000] {subprocess.py:93} INFO - <pre class="line after"><span class="ws">                </span>error = e</pre>
[2024-05-29T17:17:48.380+0000] {subprocess.py:93} INFO - <pre class="line after"><span class="ws">                </span>response = self.handle_exception(e)</pre>
[2024-05-29T17:17:48.380+0000] {subprocess.py:93} INFO - <pre class="line after"><span class="ws">            </span>except:  # noqa: B001</pre>
[2024-05-29T17:17:48.381+0000] {subprocess.py:93} INFO - <pre class="line after"><span class="ws">                </span>error = sys.exc_info()[1]</pre></div>
[2024-05-29T17:17:48.381+0000] {subprocess.py:93} INFO - </div>
[2024-05-29T17:17:48.382+0000] {subprocess.py:93} INFO - 
[2024-05-29T17:17:48.382+0000] {subprocess.py:93} INFO - <li><div class="frame" id="frame-140474388014352">
[2024-05-29T17:17:48.383+0000] {subprocess.py:93} INFO -   <h4>File <cite class="filename">"/usr/local/lib/python3.9/site-packages/flask/app.py"</cite>,
[2024-05-29T17:17:48.383+0000] {subprocess.py:93} INFO -       line <em class="line">882</em>,
[2024-05-29T17:17:48.384+0000] {subprocess.py:93} INFO -       in <code class="function">full_dispatch_request</code></h4>
[2024-05-29T17:17:48.384+0000] {subprocess.py:93} INFO -   <div class="source library"><pre class="line before"><span class="ws">            </span>request_started.send(self, _async_wrapper=self.ensure_sync)</pre>
[2024-05-29T17:17:48.385+0000] {subprocess.py:93} INFO - <pre class="line before"><span class="ws">            </span>rv = self.preprocess_request()</pre>
[2024-05-29T17:17:48.385+0000] {subprocess.py:93} INFO - <pre class="line before"><span class="ws">            </span>if rv is None:</pre>
[2024-05-29T17:17:48.386+0000] {subprocess.py:93} INFO - <pre class="line before"><span class="ws">                </span>rv = self.dispatch_request()</pre>
[2024-05-29T17:17:48.386+0000] {subprocess.py:93} INFO - <pre class="line before"><span class="ws">        </span>except Exception as e:</pre>
[2024-05-29T17:17:48.387+0000] {subprocess.py:93} INFO - <pre class="line current"><span class="ws">            </span>rv = self.handle_user_exception(e)</pre>
[2024-05-29T17:17:48.387+0000] {subprocess.py:93} INFO - <pre class="line after"><span class="ws">        </span>return self.finalize_request(rv)</pre>
[2024-05-29T17:17:48.388+0000] {subprocess.py:93} INFO - <pre class="line after"><span class="ws"></span> </pre>
[2024-05-29T17:17:48.388+0000] {subprocess.py:93} INFO - <pre class="line after"><span class="ws">    </span>def finalize_request(</pre>
[2024-05-29T17:17:48.389+0000] {subprocess.py:93} INFO - <pre class="line after"><span class="ws">        </span>self,</pre>
[2024-05-29T17:17:48.389+0000] {subprocess.py:93} INFO - <pre class="line after"><span class="ws">        </span>rv: ft.ResponseReturnValue | HTTPException,</pre></div>
[2024-05-29T17:17:48.390+0000] {subprocess.py:93} INFO - </div>
[2024-05-29T17:17:48.390+0000] {subprocess.py:93} INFO - 
[2024-05-29T17:17:48.391+0000] {subprocess.py:93} INFO - <li><div class="frame" id="frame-140474388014464">
[2024-05-29T17:17:48.391+0000] {subprocess.py:93} INFO -   <h4>File <cite class="filename">"/usr/local/lib/python3.9/site-packages/flask/app.py"</cite>,
[2024-05-29T17:17:48.392+0000] {subprocess.py:93} INFO -       line <em class="line">880</em>,
[2024-05-29T17:17:48.392+0000] {subprocess.py:93} INFO -       in <code class="function">full_dispatch_request</code></h4>
[2024-05-29T17:17:48.392+0000] {subprocess.py:93} INFO -   <div class="source library"><pre class="line before"><span class="ws"></span> </pre>
[2024-05-29T17:17:48.393+0000] {subprocess.py:93} INFO - <pre class="line before"><span class="ws">        </span>try:</pre>
[2024-05-29T17:17:48.393+0000] {subprocess.py:93} INFO - <pre class="line before"><span class="ws">            </span>request_started.send(self, _async_wrapper=self.ensure_sync)</pre>
[2024-05-29T17:17:48.394+0000] {subprocess.py:93} INFO - <pre class="line before"><span class="ws">            </span>rv = self.preprocess_request()</pre>
[2024-05-29T17:17:48.394+0000] {subprocess.py:93} INFO - <pre class="line before"><span class="ws">            </span>if rv is None:</pre>
[2024-05-29T17:17:48.395+0000] {subprocess.py:93} INFO - <pre class="line current"><span class="ws">                </span>rv = self.dispatch_request()</pre>
[2024-05-29T17:17:48.395+0000] {subprocess.py:93} INFO - <pre class="line after"><span class="ws">        </span>except Exception as e:</pre>
[2024-05-29T17:17:48.396+0000] {subprocess.py:93} INFO - <pre class="line after"><span class="ws">            </span>rv = self.handle_user_exception(e)</pre>
[2024-05-29T17:17:48.396+0000] {subprocess.py:93} INFO - <pre class="line after"><span class="ws">        </span>return self.finalize_request(rv)</pre>
[2024-05-29T17:17:48.397+0000] {subprocess.py:93} INFO - <pre class="line after"><span class="ws"></span> </pre>
[2024-05-29T17:17:48.397+0000] {subprocess.py:93} INFO - <pre class="line after"><span class="ws">    </span>def finalize_request(</pre></div>
[2024-05-29T17:17:48.397+0000] {subprocess.py:93} INFO - </div>
[2024-05-29T17:17:48.398+0000] {subprocess.py:93} INFO - 
[2024-05-29T17:17:48.398+0000] {subprocess.py:93} INFO - <li><div class="frame" id="frame-140474388014912">
[2024-05-29T17:17:48.399+0000] {subprocess.py:93} INFO -   <h4>File <cite class="filename">"/usr/local/lib/python3.9/site-packages/flask/app.py"</cite>,
[2024-05-29T17:17:48.399+0000] {subprocess.py:93} INFO -       line <em class="line">865</em>,
[2024-05-29T17:17:48.400+0000] {subprocess.py:93} INFO -       in <code class="function">dispatch_request</code></h4>
[2024-05-29T17:17:48.400+0000] {subprocess.py:93} INFO -   <div class="source library"><pre class="line before"><span class="ws">            </span>and req.method == &#34;OPTIONS&#34;</pre>
[2024-05-29T17:17:48.401+0000] {subprocess.py:93} INFO - <pre class="line before"><span class="ws">        </span>):</pre>
[2024-05-29T17:17:48.401+0000] {subprocess.py:93} INFO - <pre class="line before"><span class="ws">            </span>return self.make_default_options_response()</pre>
[2024-05-29T17:17:48.402+0000] {subprocess.py:93} INFO - <pre class="line before"><span class="ws">        </span># otherwise dispatch to the handler for that endpoint</pre>
[2024-05-29T17:17:48.402+0000] {subprocess.py:93} INFO - <pre class="line before"><span class="ws">        </span>view_args: dict[str, t.Any] = req.view_args  # type: ignore[assignment]</pre>
[2024-05-29T17:17:48.403+0000] {subprocess.py:93} INFO - <pre class="line current"><span class="ws">        </span>return self.ensure_sync(self.view_functions[rule.endpoint])(**view_args)  # type: ignore[no-any-return]</pre>
[2024-05-29T17:17:48.404+0000] {subprocess.py:93} INFO - <pre class="line after"><span class="ws"></span> </pre>
[2024-05-29T17:17:48.405+0000] {subprocess.py:93} INFO - <pre class="line after"><span class="ws">    </span>def full_dispatch_request(self) -&gt; Response:</pre>
[2024-05-29T17:17:48.405+0000] {subprocess.py:93} INFO - <pre class="line after"><span class="ws">        </span>&#34;&#34;&#34;Dispatches the request and on top of that performs request</pre>
[2024-05-29T17:17:48.406+0000] {subprocess.py:93} INFO - <pre class="line after"><span class="ws">        </span>pre and postprocessing as well as HTTP exception catching and</pre>
[2024-05-29T17:17:48.406+0000] {subprocess.py:93} INFO - <pre class="line after"><span class="ws">        </span>error handling.</pre></div>
[2024-05-29T17:17:48.407+0000] {subprocess.py:93} INFO - </div>
[2024-05-29T17:17:48.408+0000] {subprocess.py:93} INFO - 
[2024-05-29T17:17:48.408+0000] {subprocess.py:93} INFO - <li><div class="frame" id="frame-140474388015024">
[2024-05-29T17:17:48.409+0000] {subprocess.py:93} INFO -   <h4>File <cite class="filename">"/app/appflask.py"</cite>,
[2024-05-29T17:17:48.409+0000] {subprocess.py:93} INFO -       line <em class="line">206</em>,
[2024-05-29T17:17:48.410+0000] {subprocess.py:93} INFO -       in <code class="function">check_send_status</code></h4>
[2024-05-29T17:17:48.410+0000] {subprocess.py:93} INFO -   <div class="source "><pre class="line before"><span class="ws">        </span>return str(e)</pre>
[2024-05-29T17:17:48.411+0000] {subprocess.py:93} INFO - <pre class="line before"><span class="ws"></span> </pre>
[2024-05-29T17:17:48.411+0000] {subprocess.py:93} INFO - <pre class="line before"><span class="ws"></span>@app.route(&#39;/check_send_status&#39;, methods=[&#39;GET&#39;])</pre>
[2024-05-29T17:17:48.412+0000] {subprocess.py:93} INFO - <pre class="line before"><span class="ws"></span>def check_send_status():</pre>
[2024-05-29T17:17:48.412+0000] {subprocess.py:93} INFO - <pre class="line before"><span class="ws">    </span>global last_status</pre>
[2024-05-29T17:17:48.413+0000] {subprocess.py:93} INFO - <pre class="line current"><span class="ws">    </span>return jsonify(last_status)</pre>
[2024-05-29T17:17:48.413+0000] {subprocess.py:93} INFO - <pre class="line after"><span class="ws"></span> </pre>
[2024-05-29T17:17:48.414+0000] {subprocess.py:93} INFO - <pre class="line after"><span class="ws"></span>if __name__ == &#39;__main__&#39;:</pre>
[2024-05-29T17:17:48.414+0000] {subprocess.py:93} INFO - <pre class="line after"><span class="ws">    </span>app.run(host=&#39;0.0.0.0&#39;, port=5000, debug=True)</pre></div>
[2024-05-29T17:17:48.415+0000] {subprocess.py:93} INFO - </div>
[2024-05-29T17:17:48.415+0000] {subprocess.py:93} INFO - </ul>
[2024-05-29T17:17:48.416+0000] {subprocess.py:93} INFO -   <blockquote>NameError: name &#39;last_status&#39; is not defined
[2024-05-29T17:17:48.416+0000] {subprocess.py:93} INFO - </blockquote>
[2024-05-29T17:17:48.417+0000] {subprocess.py:93} INFO - </div>
[2024-05-29T17:17:48.417+0000] {subprocess.py:93} INFO - 
[2024-05-29T17:17:48.418+0000] {subprocess.py:93} INFO - <div class="plain">
[2024-05-29T17:17:48.418+0000] {subprocess.py:93} INFO -     <p>
[2024-05-29T17:17:48.419+0000] {subprocess.py:93} INFO -       This is the Copy/Paste friendly version of the traceback.
[2024-05-29T17:17:48.419+0000] {subprocess.py:93} INFO -     </p>
[2024-05-29T17:17:48.420+0000] {subprocess.py:93} INFO -     <textarea cols="50" rows="10" name="code" readonly>Traceback (most recent call last):
[2024-05-29T17:17:48.421+0000] {subprocess.py:93} INFO -   File &#34;/usr/local/lib/python3.9/site-packages/flask/app.py&#34;, line 1498, in __call__
[2024-05-29T17:17:48.421+0000] {subprocess.py:93} INFO -     return self.wsgi_app(environ, start_response)
[2024-05-29T17:17:48.422+0000] {subprocess.py:93} INFO -   File &#34;/usr/local/lib/python3.9/site-packages/flask/app.py&#34;, line 1476, in wsgi_app
[2024-05-29T17:17:48.422+0000] {subprocess.py:93} INFO -     response = self.handle_exception(e)
[2024-05-29T17:17:48.423+0000] {subprocess.py:93} INFO -   File &#34;/usr/local/lib/python3.9/site-packages/flask/app.py&#34;, line 1473, in wsgi_app
[2024-05-29T17:17:48.424+0000] {subprocess.py:93} INFO -     response = self.full_dispatch_request()
[2024-05-29T17:17:48.424+0000] {subprocess.py:93} INFO -   File &#34;/usr/local/lib/python3.9/site-packages/flask/app.py&#34;, line 882, in full_dispatch_request
[2024-05-29T17:17:48.425+0000] {subprocess.py:93} INFO -     rv = self.handle_user_exception(e)
[2024-05-29T17:17:48.425+0000] {subprocess.py:93} INFO -   File &#34;/usr/local/lib/python3.9/site-packages/flask/app.py&#34;, line 880, in full_dispatch_request
[2024-05-29T17:17:48.426+0000] {subprocess.py:93} INFO -     rv = self.dispatch_request()
[2024-05-29T17:17:48.426+0000] {subprocess.py:93} INFO -   File &#34;/usr/local/lib/python3.9/site-packages/flask/app.py&#34;, line 865, in dispatch_request
[2024-05-29T17:17:48.427+0000] {subprocess.py:93} INFO -     return self.ensure_sync(self.view_functions[rule.endpoint])(**view_args)  # type: ignore[no-any-return]
[2024-05-29T17:17:48.427+0000] {subprocess.py:93} INFO -   File &#34;/app/appflask.py&#34;, line 206, in check_send_status
[2024-05-29T17:17:48.428+0000] {subprocess.py:93} INFO -     return jsonify(last_status)
[2024-05-29T17:17:48.428+0000] {subprocess.py:93} INFO - NameError: name &#39;last_status&#39; is not defined
[2024-05-29T17:17:48.429+0000] {subprocess.py:93} INFO - </textarea>
[2024-05-29T17:17:48.429+0000] {subprocess.py:93} INFO - </div>
[2024-05-29T17:17:48.430+0000] {subprocess.py:93} INFO - <div class="explanation">
[2024-05-29T17:17:48.431+0000] {subprocess.py:93} INFO -   The debugger caught an exception in your WSGI application.  You can now
[2024-05-29T17:17:48.431+0000] {subprocess.py:93} INFO -   look at the traceback which led to the error.  <span class="nojavascript">
[2024-05-29T17:17:48.432+0000] {subprocess.py:93} INFO -   If you enable JavaScript you can also use additional features such as code
[2024-05-29T17:17:48.432+0000] {subprocess.py:93} INFO -   execution (if the evalex feature is enabled), automatic pasting of the
[2024-05-29T17:17:48.433+0000] {subprocess.py:93} INFO -   exceptions and much more.</span>
[2024-05-29T17:17:48.433+0000] {subprocess.py:93} INFO - </div>
[2024-05-29T17:17:48.434+0000] {subprocess.py:93} INFO -       <div class="footer">
[2024-05-29T17:17:48.434+0000] {subprocess.py:93} INFO -         Brought to you by <strong class="arthur">DON'T PANIC</strong>, your
[2024-05-29T17:17:48.435+0000] {subprocess.py:93} INFO -         friendly Werkzeug powered traceback interpreter.
[2024-05-29T17:17:48.435+0000] {subprocess.py:93} INFO -       </div>
[2024-05-29T17:17:48.436+0000] {subprocess.py:93} INFO -     </div>
[2024-05-29T17:17:48.436+0000] {subprocess.py:93} INFO - 
[2024-05-29T17:17:48.436+0000] {subprocess.py:93} INFO -     <div class="pin-prompt">
[2024-05-29T17:17:48.437+0000] {subprocess.py:93} INFO -       <div class="inner">
[2024-05-29T17:17:48.437+0000] {subprocess.py:93} INFO -         <h3>Console Locked</h3>
[2024-05-29T17:17:48.438+0000] {subprocess.py:93} INFO -         <p>
[2024-05-29T17:17:48.438+0000] {subprocess.py:93} INFO -           The console is locked and needs to be unlocked by entering the PIN.
[2024-05-29T17:17:48.439+0000] {subprocess.py:93} INFO -           You can find the PIN printed out on the standard output of your
[2024-05-29T17:17:48.439+0000] {subprocess.py:93} INFO -           shell that runs the server.
[2024-05-29T17:17:48.440+0000] {subprocess.py:93} INFO -         <form>
[2024-05-29T17:17:48.441+0000] {subprocess.py:93} INFO -           <p>PIN:
[2024-05-29T17:17:48.441+0000] {subprocess.py:93} INFO -             <input type=text name=pin size=14>
[2024-05-29T17:17:48.442+0000] {subprocess.py:93} INFO -             <input type=submit name=btn value="Confirm Pin">
[2024-05-29T17:17:48.442+0000] {subprocess.py:93} INFO -         </form>
[2024-05-29T17:17:48.443+0000] {subprocess.py:93} INFO -       </div>
[2024-05-29T17:17:48.443+0000] {subprocess.py:93} INFO -     </div>
[2024-05-29T17:17:48.444+0000] {subprocess.py:93} INFO -   </body>
[2024-05-29T17:17:48.444+0000] {subprocess.py:93} INFO - </html>
[2024-05-29T17:17:48.445+0000] {subprocess.py:93} INFO - 
[2024-05-29T17:17:48.445+0000] {subprocess.py:93} INFO - <!--
[2024-05-29T17:17:48.446+0000] {subprocess.py:93} INFO - 
[2024-05-29T17:17:48.446+0000] {subprocess.py:93} INFO - Traceback (most recent call last):
[2024-05-29T17:17:48.447+0000] {subprocess.py:93} INFO -   File "/usr/local/lib/python3.9/site-packages/flask/app.py", line 1498, in __call__
[2024-05-29T17:17:48.447+0000] {subprocess.py:93} INFO -     return self.wsgi_app(environ, start_response)
[2024-05-29T17:17:48.448+0000] {subprocess.py:93} INFO -   File "/usr/local/lib/python3.9/site-packages/flask/app.py", line 1476, in wsgi_app
[2024-05-29T17:17:48.448+0000] {subprocess.py:93} INFO -     response = self.handle_exception(e)
[2024-05-29T17:17:48.449+0000] {subprocess.py:93} INFO -   File "/usr/local/lib/python3.9/site-packages/flask/app.py", line 1473, in wsgi_app
[2024-05-29T17:17:48.449+0000] {subprocess.py:93} INFO -     response = self.full_dispatch_request()
[2024-05-29T17:17:48.450+0000] {subprocess.py:93} INFO -   File "/usr/local/lib/python3.9/site-packages/flask/app.py", line 882, in full_dispatch_r100 12805  100 12805    0     0  1462k      0 --:--:-- --:--:-- --:--:-- 1563k
[2024-05-29T17:17:48.451+0000] {subprocess.py:93} INFO - equest
[2024-05-29T17:17:48.451+0000] {subprocess.py:93} INFO -     rv = self.handle_user_exception(e)
[2024-05-29T17:17:48.452+0000] {subprocess.py:93} INFO -   File "/usr/local/lib/python3.9/site-packages/flask/app.py", line 880, in full_dispatch_request
[2024-05-29T17:17:48.452+0000] {subprocess.py:93} INFO -     rv = self.dispatch_request()
[2024-05-29T17:17:48.452+0000] {subprocess.py:93} INFO -   File "/usr/local/lib/python3.9/site-packages/flask/app.py", line 865, in dispatch_request
[2024-05-29T17:17:48.453+0000] {subprocess.py:93} INFO -     return self.ensure_sync(self.view_functions[rule.endpoint])(**view_args)  # type: ignore[no-any-return]
[2024-05-29T17:17:48.453+0000] {subprocess.py:93} INFO -   File "/app/appflask.py", line 206, in check_send_status
[2024-05-29T17:17:48.454+0000] {subprocess.py:93} INFO -     return jsonify(last_status)
[2024-05-29T17:17:48.454+0000] {subprocess.py:93} INFO - NameError: name 'last_status' is not defined
[2024-05-29T17:17:48.455+0000] {subprocess.py:93} INFO - 
[2024-05-29T17:17:48.455+0000] {subprocess.py:93} INFO - 
[2024-05-29T17:17:48.456+0000] {subprocess.py:93} INFO - -->
[2024-05-29T17:17:48.456+0000] {subprocess.py:97} INFO - Command exited with return code 0
[2024-05-29T17:17:48.457+0000] {taskinstance.py:441} INFO - ::group::Post task execution logs
[2024-05-29T17:17:48.527+0000] {taskinstance.py:1206} INFO - Marking task as SUCCESS. dag_id=flask_monitoring, task_id=check_flask_health, run_id=scheduled__2024-05-28T01:45:00+00:00, execution_date=20240528T014500, start_date=20240529T171747, end_date=20240529T171748
[2024-05-29T17:17:48.632+0000] {local_task_job_runner.py:240} INFO - Task exited with return code 0
[2024-05-29T17:17:48.698+0000] {taskinstance.py:3498} INFO - 1 downstream tasks scheduled from follow-on schedule check
[2024-05-29T17:17:48.716+0000] {local_task_job_runner.py:222} INFO - ::endgroup::
