[2024-06-01T21:21:23.127+0000] {local_task_job_runner.py:120} INFO - ::group::Pre task execution logs
[2024-06-01T21:21:23.174+0000] {taskinstance.py:2076} INFO - Dependencies all met for dep_context=non-requeueable deps ti=<TaskInstance: dag_with_docker_operator.check_status scheduled__2024-06-01T02:00:00+00:00 [queued]>
[2024-06-01T21:21:23.195+0000] {taskinstance.py:2076} INFO - Dependencies all met for dep_context=requeueable deps ti=<TaskInstance: dag_with_docker_operator.check_status scheduled__2024-06-01T02:00:00+00:00 [queued]>
[2024-06-01T21:21:23.196+0000] {taskinstance.py:2306} INFO - Starting attempt 1 of 2
[2024-06-01T21:21:23.356+0000] {taskinstance.py:2330} INFO - Executing <Task(PythonOperator): check_status> on 2024-06-01 02:00:00+00:00
[2024-06-01T21:21:23.362+0000] {standard_task_runner.py:63} INFO - Started process 498 to run task
[2024-06-01T21:21:23.366+0000] {standard_task_runner.py:90} INFO - Running: ['airflow', 'tasks', 'run', 'dag_with_docker_operator', 'check_status', 'scheduled__2024-06-01T02:00:00+00:00', '--job-id', '767', '--raw', '--subdir', 'DAGS_FOLDER/dag_with_docker_operator.py', '--cfg-path', '/tmp/tmp5_6fpxts']
[2024-06-01T21:21:23.368+0000] {standard_task_runner.py:91} INFO - Job 767: Subtask check_status
[2024-06-01T21:21:23.477+0000] {task_command.py:426} INFO - Running <TaskInstance: dag_with_docker_operator.check_status scheduled__2024-06-01T02:00:00+00:00 [running]> on host 9c47fcd741af
[2024-06-01T21:21:23.693+0000] {taskinstance.py:2648} INFO - Exporting env vars: AIRFLOW_CTX_DAG_OWNER='airflow' AIRFLOW_CTX_DAG_ID='dag_with_docker_operator' AIRFLOW_CTX_TASK_ID='check_status' AIRFLOW_CTX_EXECUTION_DATE='2024-06-01T02:00:00+00:00' AIRFLOW_CTX_TRY_NUMBER='1' AIRFLOW_CTX_DAG_RUN_ID='scheduled__2024-06-01T02:00:00+00:00'
[2024-06-01T21:21:23.695+0000] {taskinstance.py:430} INFO - ::endgroup::
[2024-06-01T21:21:23.727+0000] {python.py:237} INFO - Done. Returned value was: {'status': 'success'}
[2024-06-01T21:21:23.735+0000] {taskinstance.py:441} INFO - ::group::Post task execution logs
[2024-06-01T21:21:23.823+0000] {taskinstance.py:1206} INFO - Marking task as SUCCESS. dag_id=dag_with_docker_operator, task_id=check_status, run_id=scheduled__2024-06-01T02:00:00+00:00, execution_date=20240601T020000, start_date=20240601T212123, end_date=20240601T212123
[2024-06-01T21:21:23.904+0000] {local_task_job_runner.py:240} INFO - Task exited with return code 0
[2024-06-01T21:21:24.020+0000] {taskinstance.py:3498} INFO - 0 downstream tasks scheduled from follow-on schedule check
[2024-06-01T21:21:24.057+0000] {local_task_job_runner.py:222} INFO - ::endgroup::
[2024-06-02T11:24:17.233+0000] {local_task_job_runner.py:120} INFO - ::group::Pre task execution logs
[2024-06-02T11:24:17.281+0000] {taskinstance.py:2076} INFO - Dependencies all met for dep_context=non-requeueable deps ti=<TaskInstance: dag_with_docker_operator.check_status scheduled__2024-06-01T02:00:00+00:00 [queued]>
[2024-06-02T11:24:17.303+0000] {taskinstance.py:2076} INFO - Dependencies all met for dep_context=requeueable deps ti=<TaskInstance: dag_with_docker_operator.check_status scheduled__2024-06-01T02:00:00+00:00 [queued]>
[2024-06-02T11:24:17.304+0000] {taskinstance.py:2306} INFO - Starting attempt 1 of 2
[2024-06-02T11:24:17.511+0000] {taskinstance.py:2330} INFO - Executing <Task(PythonOperator): check_status> on 2024-06-01 02:00:00+00:00
[2024-06-02T11:24:17.517+0000] {standard_task_runner.py:63} INFO - Started process 1469 to run task
[2024-06-02T11:24:17.520+0000] {standard_task_runner.py:90} INFO - Running: ['airflow', 'tasks', 'run', 'dag_with_docker_operator', 'check_status', 'scheduled__2024-06-01T02:00:00+00:00', '--job-id', '767', '--raw', '--subdir', 'DAGS_FOLDER/dag_with_docker_operator.py', '--cfg-path', '/tmp/tmpfobo52ak']
[2024-06-02T11:24:17.522+0000] {standard_task_runner.py:91} INFO - Job 767: Subtask check_status
[2024-06-02T11:24:17.665+0000] {task_command.py:426} INFO - Running <TaskInstance: dag_with_docker_operator.check_status scheduled__2024-06-01T02:00:00+00:00 [running]> on host 9c47fcd741af
[2024-06-02T11:24:17.987+0000] {taskinstance.py:2648} INFO - Exporting env vars: AIRFLOW_CTX_DAG_OWNER='airflow' AIRFLOW_CTX_DAG_ID='dag_with_docker_operator' AIRFLOW_CTX_TASK_ID='check_status' AIRFLOW_CTX_EXECUTION_DATE='2024-06-01T02:00:00+00:00' AIRFLOW_CTX_TRY_NUMBER='1' AIRFLOW_CTX_DAG_RUN_ID='scheduled__2024-06-01T02:00:00+00:00'
[2024-06-02T11:24:17.988+0000] {taskinstance.py:430} INFO - ::endgroup::
[2024-06-02T11:24:18.015+0000] {python.py:237} INFO - Done. Returned value was: {'status': 'success'}
[2024-06-02T11:24:18.016+0000] {taskinstance.py:441} INFO - ::group::Post task execution logs
[2024-06-02T11:24:18.075+0000] {taskinstance.py:1206} INFO - Marking task as SUCCESS. dag_id=dag_with_docker_operator, task_id=check_status, run_id=scheduled__2024-06-01T02:00:00+00:00, execution_date=20240601T020000, start_date=20240602T112417, end_date=20240602T112418
[2024-06-02T11:24:18.137+0000] {local_task_job_runner.py:240} INFO - Task exited with return code 0
[2024-06-02T11:24:18.159+0000] {taskinstance.py:3498} INFO - 0 downstream tasks scheduled from follow-on schedule check
[2024-06-02T11:24:18.160+0000] {local_task_job_runner.py:222} INFO - ::endgroup::
[2024-06-02T11:52:39.173+0000] {local_task_job_runner.py:120} INFO - ::group::Pre task execution logs
[2024-06-02T11:52:39.220+0000] {taskinstance.py:2076} INFO - Dependencies all met for dep_context=non-requeueable deps ti=<TaskInstance: dag_with_docker_operator.check_status scheduled__2024-06-01T02:00:00+00:00 [queued]>
[2024-06-02T11:52:39.238+0000] {taskinstance.py:2076} INFO - Dependencies all met for dep_context=requeueable deps ti=<TaskInstance: dag_with_docker_operator.check_status scheduled__2024-06-01T02:00:00+00:00 [queued]>
[2024-06-02T11:52:39.239+0000] {taskinstance.py:2306} INFO - Starting attempt 1 of 2
[2024-06-02T11:52:39.289+0000] {taskinstance.py:2330} INFO - Executing <Task(PythonOperator): check_status> on 2024-06-01 02:00:00+00:00
[2024-06-02T11:52:39.295+0000] {standard_task_runner.py:63} INFO - Started process 2250 to run task
[2024-06-02T11:52:39.299+0000] {standard_task_runner.py:90} INFO - Running: ['airflow', 'tasks', 'run', 'dag_with_docker_operator', 'check_status', 'scheduled__2024-06-01T02:00:00+00:00', '--job-id', '767', '--raw', '--subdir', 'DAGS_FOLDER/dag_with_docker_operator.py', '--cfg-path', '/tmp/tmpge9elukr']
[2024-06-02T11:52:39.301+0000] {standard_task_runner.py:91} INFO - Job 767: Subtask check_status
[2024-06-02T11:52:39.548+0000] {task_command.py:426} INFO - Running <TaskInstance: dag_with_docker_operator.check_status scheduled__2024-06-01T02:00:00+00:00 [running]> on host 9c47fcd741af
[2024-06-02T11:52:39.959+0000] {taskinstance.py:2648} INFO - Exporting env vars: AIRFLOW_CTX_DAG_OWNER='airflow' AIRFLOW_CTX_DAG_ID='dag_with_docker_operator' AIRFLOW_CTX_TASK_ID='check_status' AIRFLOW_CTX_EXECUTION_DATE='2024-06-01T02:00:00+00:00' AIRFLOW_CTX_TRY_NUMBER='1' AIRFLOW_CTX_DAG_RUN_ID='scheduled__2024-06-01T02:00:00+00:00'
[2024-06-02T11:52:39.960+0000] {taskinstance.py:430} INFO - ::endgroup::
[2024-06-02T11:52:40.031+0000] {taskinstance.py:441} INFO - ::group::Post task execution logs
[2024-06-02T11:52:40.033+0000] {taskinstance.py:2905} ERROR - Task failed with exception
Traceback (most recent call last):
  File "/home/airflow/.local/lib/python3.12/site-packages/airflow/models/taskinstance.py", line 465, in _execute_task
    result = _execute_callable(context=context, **execute_callable_kwargs)
             ^^^^^^^^^^^^^^^^^^^^^^^^^^^^^^^^^^^^^^^^^^^^^^^^^^^^^^^^^^^^^
  File "/home/airflow/.local/lib/python3.12/site-packages/airflow/models/taskinstance.py", line 432, in _execute_callable
    return execute_callable(context=context, **execute_callable_kwargs)
           ^^^^^^^^^^^^^^^^^^^^^^^^^^^^^^^^^^^^^^^^^^^^^^^^^^^^^^^^^^^^
  File "/home/airflow/.local/lib/python3.12/site-packages/airflow/models/baseoperator.py", line 400, in wrapper
    return func(self, *args, **kwargs)
           ^^^^^^^^^^^^^^^^^^^^^^^^^^^
  File "/home/airflow/.local/lib/python3.12/site-packages/airflow/operators/python.py", line 235, in execute
    return_value = self.execute_callable()
                   ^^^^^^^^^^^^^^^^^^^^^^^
  File "/home/airflow/.local/lib/python3.12/site-packages/airflow/operators/python.py", line 252, in execute_callable
    return self.python_callable(*self.op_args, **self.op_kwargs)
           ^^^^^^^^^^^^^^^^^^^^^^^^^^^^^^^^^^^^^^^^^^^^^^^^^^^^^
  File "/opt/airflow/dags/dag_with_docker_operator.py", line 26, in check_send_status
    raise ValueError(f"Task failed with status: {status}")
ValueError: Task failed with status: failed
[2024-06-02T11:52:40.064+0000] {taskinstance.py:1206} INFO - Marking task as UP_FOR_RETRY. dag_id=dag_with_docker_operator, task_id=check_status, run_id=scheduled__2024-06-01T02:00:00+00:00, execution_date=20240601T020000, start_date=20240602T115239, end_date=20240602T115240
[2024-06-02T11:52:40.118+0000] {standard_task_runner.py:110} ERROR - Failed to execute job 767 for task check_status (Task failed with status: failed; 2250)
[2024-06-02T11:52:40.154+0000] {local_task_job_runner.py:240} INFO - Task exited with return code 1
[2024-06-02T11:52:40.292+0000] {taskinstance.py:3498} INFO - 0 downstream tasks scheduled from follow-on schedule check
[2024-06-02T11:52:40.295+0000] {local_task_job_runner.py:222} INFO - ::endgroup::
[2024-06-02T12:14:07.972+0000] {local_task_job_runner.py:120} INFO - ::group::Pre task execution logs
[2024-06-02T12:14:08.028+0000] {taskinstance.py:2076} INFO - Dependencies all met for dep_context=non-requeueable deps ti=<TaskInstance: dag_with_docker_operator.check_status scheduled__2024-06-01T02:00:00+00:00 [queued]>
[2024-06-02T12:14:08.046+0000] {taskinstance.py:2076} INFO - Dependencies all met for dep_context=requeueable deps ti=<TaskInstance: dag_with_docker_operator.check_status scheduled__2024-06-01T02:00:00+00:00 [queued]>
[2024-06-02T12:14:08.047+0000] {taskinstance.py:2306} INFO - Starting attempt 1 of 2
[2024-06-02T12:14:08.094+0000] {taskinstance.py:2330} INFO - Executing <Task(PythonOperator): check_status> on 2024-06-01 02:00:00+00:00
[2024-06-02T12:14:08.100+0000] {standard_task_runner.py:63} INFO - Started process 2773 to run task
[2024-06-02T12:14:08.103+0000] {standard_task_runner.py:90} INFO - Running: ['airflow', 'tasks', 'run', 'dag_with_docker_operator', 'check_status', 'scheduled__2024-06-01T02:00:00+00:00', '--job-id', '767', '--raw', '--subdir', 'DAGS_FOLDER/dag_with_docker_operator.py', '--cfg-path', '/tmp/tmpcz7cy5we']
[2024-06-02T12:14:08.106+0000] {standard_task_runner.py:91} INFO - Job 767: Subtask check_status
[2024-06-02T12:14:08.416+0000] {task_command.py:426} INFO - Running <TaskInstance: dag_with_docker_operator.check_status scheduled__2024-06-01T02:00:00+00:00 [running]> on host 9c47fcd741af
[2024-06-02T12:14:08.605+0000] {taskinstance.py:2648} INFO - Exporting env vars: AIRFLOW_CTX_DAG_OWNER='airflow' AIRFLOW_CTX_DAG_ID='dag_with_docker_operator' AIRFLOW_CTX_TASK_ID='check_status' AIRFLOW_CTX_EXECUTION_DATE='2024-06-01T02:00:00+00:00' AIRFLOW_CTX_TRY_NUMBER='1' AIRFLOW_CTX_DAG_RUN_ID='scheduled__2024-06-01T02:00:00+00:00'
[2024-06-02T12:14:08.605+0000] {taskinstance.py:430} INFO - ::endgroup::
[2024-06-02T12:14:08.634+0000] {taskinstance.py:441} INFO - ::group::Post task execution logs
[2024-06-02T12:14:08.636+0000] {taskinstance.py:2905} ERROR - Task failed with exception
Traceback (most recent call last):
  File "/home/airflow/.local/lib/python3.12/site-packages/airflow/models/taskinstance.py", line 465, in _execute_task
    result = _execute_callable(context=context, **execute_callable_kwargs)
             ^^^^^^^^^^^^^^^^^^^^^^^^^^^^^^^^^^^^^^^^^^^^^^^^^^^^^^^^^^^^^
  File "/home/airflow/.local/lib/python3.12/site-packages/airflow/models/taskinstance.py", line 432, in _execute_callable
    return execute_callable(context=context, **execute_callable_kwargs)
           ^^^^^^^^^^^^^^^^^^^^^^^^^^^^^^^^^^^^^^^^^^^^^^^^^^^^^^^^^^^^
  File "/home/airflow/.local/lib/python3.12/site-packages/airflow/models/baseoperator.py", line 400, in wrapper
    return func(self, *args, **kwargs)
           ^^^^^^^^^^^^^^^^^^^^^^^^^^^
  File "/home/airflow/.local/lib/python3.12/site-packages/airflow/operators/python.py", line 235, in execute
    return_value = self.execute_callable()
                   ^^^^^^^^^^^^^^^^^^^^^^^
  File "/home/airflow/.local/lib/python3.12/site-packages/airflow/operators/python.py", line 252, in execute_callable
    return self.python_callable(*self.op_args, **self.op_kwargs)
           ^^^^^^^^^^^^^^^^^^^^^^^^^^^^^^^^^^^^^^^^^^^^^^^^^^^^^
  File "/opt/airflow/dags/dag_with_docker_operator.py", line 24, in check_send_status
    raise ValueError(f"Check send status failed: {result}")
ValueError: Check send status failed: {'status': 'failed'}
[2024-06-02T12:14:08.691+0000] {taskinstance.py:1206} INFO - Marking task as UP_FOR_RETRY. dag_id=dag_with_docker_operator, task_id=check_status, run_id=scheduled__2024-06-01T02:00:00+00:00, execution_date=20240601T020000, start_date=20240602T121408, end_date=20240602T121408
[2024-06-02T12:14:08.771+0000] {standard_task_runner.py:110} ERROR - Failed to execute job 767 for task check_status (Check send status failed: {'status': 'failed'}; 2773)
[2024-06-02T12:14:08.802+0000] {local_task_job_runner.py:240} INFO - Task exited with return code 1
[2024-06-02T12:14:08.941+0000] {taskinstance.py:3498} INFO - 0 downstream tasks scheduled from follow-on schedule check
[2024-06-02T12:14:08.943+0000] {local_task_job_runner.py:222} INFO - ::endgroup::
