[2024-06-01T21:26:48.791+0000] {local_task_job_runner.py:120} INFO - ::group::Pre task execution logs
[2024-06-01T21:26:48.838+0000] {taskinstance.py:2076} INFO - Dependencies all met for dep_context=non-requeueable deps ti=<TaskInstance: dag_with_docker_operator.check_status scheduled__2024-06-01T09:30:00+00:00 [queued]>
[2024-06-01T21:26:48.856+0000] {taskinstance.py:2076} INFO - Dependencies all met for dep_context=requeueable deps ti=<TaskInstance: dag_with_docker_operator.check_status scheduled__2024-06-01T09:30:00+00:00 [queued]>
[2024-06-01T21:26:48.857+0000] {taskinstance.py:2306} INFO - Starting attempt 1 of 2
[2024-06-01T21:26:49.008+0000] {taskinstance.py:2330} INFO - Executing <Task(PythonOperator): check_status> on 2024-06-01 09:30:00+00:00
[2024-06-01T21:26:49.015+0000] {standard_task_runner.py:63} INFO - Started process 664 to run task
[2024-06-01T21:26:49.019+0000] {standard_task_runner.py:90} INFO - Running: ['airflow', 'tasks', 'run', 'dag_with_docker_operator', 'check_status', 'scheduled__2024-06-01T09:30:00+00:00', '--job-id', '797', '--raw', '--subdir', 'DAGS_FOLDER/dag_with_docker_operator.py', '--cfg-path', '/tmp/tmpw_g12uzt']
[2024-06-01T21:26:49.021+0000] {standard_task_runner.py:91} INFO - Job 797: Subtask check_status
[2024-06-01T21:26:49.132+0000] {task_command.py:426} INFO - Running <TaskInstance: dag_with_docker_operator.check_status scheduled__2024-06-01T09:30:00+00:00 [running]> on host 9c47fcd741af
[2024-06-01T21:26:49.329+0000] {taskinstance.py:2648} INFO - Exporting env vars: AIRFLOW_CTX_DAG_OWNER='airflow' AIRFLOW_CTX_DAG_ID='dag_with_docker_operator' AIRFLOW_CTX_TASK_ID='check_status' AIRFLOW_CTX_EXECUTION_DATE='2024-06-01T09:30:00+00:00' AIRFLOW_CTX_TRY_NUMBER='1' AIRFLOW_CTX_DAG_RUN_ID='scheduled__2024-06-01T09:30:00+00:00'
[2024-06-01T21:26:49.330+0000] {taskinstance.py:430} INFO - ::endgroup::
[2024-06-01T21:26:49.362+0000] {python.py:237} INFO - Done. Returned value was: {'status': 'success'}
[2024-06-01T21:26:49.363+0000] {taskinstance.py:441} INFO - ::group::Post task execution logs
[2024-06-01T21:26:49.463+0000] {taskinstance.py:1206} INFO - Marking task as SUCCESS. dag_id=dag_with_docker_operator, task_id=check_status, run_id=scheduled__2024-06-01T09:30:00+00:00, execution_date=20240601T093000, start_date=20240601T212648, end_date=20240601T212649
[2024-06-01T21:26:49.594+0000] {local_task_job_runner.py:240} INFO - Task exited with return code 0
[2024-06-01T21:26:49.649+0000] {taskinstance.py:3498} INFO - 0 downstream tasks scheduled from follow-on schedule check
[2024-06-01T21:26:49.656+0000] {local_task_job_runner.py:222} INFO - ::endgroup::
[2024-06-02T11:30:24.295+0000] {local_task_job_runner.py:120} INFO - ::group::Pre task execution logs
[2024-06-02T11:30:24.338+0000] {taskinstance.py:2076} INFO - Dependencies all met for dep_context=non-requeueable deps ti=<TaskInstance: dag_with_docker_operator.check_status scheduled__2024-06-01T09:30:00+00:00 [queued]>
[2024-06-02T11:30:24.358+0000] {taskinstance.py:2076} INFO - Dependencies all met for dep_context=requeueable deps ti=<TaskInstance: dag_with_docker_operator.check_status scheduled__2024-06-01T09:30:00+00:00 [queued]>
[2024-06-02T11:30:24.359+0000] {taskinstance.py:2306} INFO - Starting attempt 1 of 2
[2024-06-02T11:30:24.502+0000] {taskinstance.py:2330} INFO - Executing <Task(PythonOperator): check_status> on 2024-06-01 09:30:00+00:00
[2024-06-02T11:30:24.510+0000] {standard_task_runner.py:63} INFO - Started process 1631 to run task
[2024-06-02T11:30:24.513+0000] {standard_task_runner.py:90} INFO - Running: ['airflow', 'tasks', 'run', 'dag_with_docker_operator', 'check_status', 'scheduled__2024-06-01T09:30:00+00:00', '--job-id', '796', '--raw', '--subdir', 'DAGS_FOLDER/dag_with_docker_operator.py', '--cfg-path', '/tmp/tmpl15rm2c8']
[2024-06-02T11:30:24.515+0000] {standard_task_runner.py:91} INFO - Job 796: Subtask check_status
[2024-06-02T11:30:24.626+0000] {task_command.py:426} INFO - Running <TaskInstance: dag_with_docker_operator.check_status scheduled__2024-06-01T09:30:00+00:00 [running]> on host 9c47fcd741af
[2024-06-02T11:30:24.814+0000] {taskinstance.py:2648} INFO - Exporting env vars: AIRFLOW_CTX_DAG_OWNER='airflow' AIRFLOW_CTX_DAG_ID='dag_with_docker_operator' AIRFLOW_CTX_TASK_ID='check_status' AIRFLOW_CTX_EXECUTION_DATE='2024-06-01T09:30:00+00:00' AIRFLOW_CTX_TRY_NUMBER='1' AIRFLOW_CTX_DAG_RUN_ID='scheduled__2024-06-01T09:30:00+00:00'
[2024-06-02T11:30:24.815+0000] {taskinstance.py:430} INFO - ::endgroup::
[2024-06-02T11:30:24.844+0000] {python.py:237} INFO - Done. Returned value was: {'status': 'failed'}
[2024-06-02T11:30:24.845+0000] {taskinstance.py:441} INFO - ::group::Post task execution logs
[2024-06-02T11:30:24.918+0000] {taskinstance.py:1206} INFO - Marking task as SUCCESS. dag_id=dag_with_docker_operator, task_id=check_status, run_id=scheduled__2024-06-01T09:30:00+00:00, execution_date=20240601T093000, start_date=20240602T113024, end_date=20240602T113024
[2024-06-02T11:30:25.007+0000] {local_task_job_runner.py:240} INFO - Task exited with return code 0
[2024-06-02T11:30:25.043+0000] {taskinstance.py:3498} INFO - 0 downstream tasks scheduled from follow-on schedule check
[2024-06-02T11:30:25.046+0000] {local_task_job_runner.py:222} INFO - ::endgroup::
[2024-06-02T12:01:50.389+0000] {local_task_job_runner.py:120} INFO - ::group::Pre task execution logs
[2024-06-02T12:01:50.438+0000] {taskinstance.py:2076} INFO - Dependencies all met for dep_context=non-requeueable deps ti=<TaskInstance: dag_with_docker_operator.check_status scheduled__2024-06-01T09:30:00+00:00 [queued]>
[2024-06-02T12:01:50.465+0000] {taskinstance.py:2076} INFO - Dependencies all met for dep_context=requeueable deps ti=<TaskInstance: dag_with_docker_operator.check_status scheduled__2024-06-01T09:30:00+00:00 [queued]>
[2024-06-02T12:01:50.466+0000] {taskinstance.py:2306} INFO - Starting attempt 1 of 2
[2024-06-02T12:01:50.739+0000] {taskinstance.py:2330} INFO - Executing <Task(PythonOperator): check_status> on 2024-06-01 09:30:00+00:00
[2024-06-02T12:01:50.756+0000] {standard_task_runner.py:63} INFO - Started process 2489 to run task
[2024-06-02T12:01:50.761+0000] {standard_task_runner.py:90} INFO - Running: ['airflow', 'tasks', 'run', 'dag_with_docker_operator', 'check_status', 'scheduled__2024-06-01T09:30:00+00:00', '--job-id', '811', '--raw', '--subdir', 'DAGS_FOLDER/dag_with_docker_operator.py', '--cfg-path', '/tmp/tmpt4srjzkd']
[2024-06-02T12:01:50.764+0000] {standard_task_runner.py:91} INFO - Job 811: Subtask check_status
[2024-06-02T12:01:50.873+0000] {task_command.py:426} INFO - Running <TaskInstance: dag_with_docker_operator.check_status scheduled__2024-06-01T09:30:00+00:00 [running]> on host 9c47fcd741af
[2024-06-02T12:01:51.121+0000] {taskinstance.py:2648} INFO - Exporting env vars: AIRFLOW_CTX_DAG_OWNER='airflow' AIRFLOW_CTX_DAG_ID='dag_with_docker_operator' AIRFLOW_CTX_TASK_ID='check_status' AIRFLOW_CTX_EXECUTION_DATE='2024-06-01T09:30:00+00:00' AIRFLOW_CTX_TRY_NUMBER='1' AIRFLOW_CTX_DAG_RUN_ID='scheduled__2024-06-01T09:30:00+00:00'
[2024-06-02T12:01:51.122+0000] {taskinstance.py:430} INFO - ::endgroup::
[2024-06-02T12:01:51.160+0000] {taskinstance.py:441} INFO - ::group::Post task execution logs
[2024-06-02T12:01:51.162+0000] {taskinstance.py:2905} ERROR - Task failed with exception
Traceback (most recent call last):
  File "/home/airflow/.local/lib/python3.12/site-packages/airflow/models/taskinstance.py", line 465, in _execute_task
    result = _execute_callable(context=context, **execute_callable_kwargs)
             ^^^^^^^^^^^^^^^^^^^^^^^^^^^^^^^^^^^^^^^^^^^^^^^^^^^^^^^^^^^^^
  File "/home/airflow/.local/lib/python3.12/site-packages/airflow/models/taskinstance.py", line 432, in _execute_callable
    return execute_callable(context=context, **execute_callable_kwargs)
           ^^^^^^^^^^^^^^^^^^^^^^^^^^^^^^^^^^^^^^^^^^^^^^^^^^^^^^^^^^^^
  File "/home/airflow/.local/lib/python3.12/site-packages/airflow/models/baseoperator.py", line 400, in wrapper
    return func(self, *args, **kwargs)
           ^^^^^^^^^^^^^^^^^^^^^^^^^^^
  File "/home/airflow/.local/lib/python3.12/site-packages/airflow/operators/python.py", line 235, in execute
    return_value = self.execute_callable()
                   ^^^^^^^^^^^^^^^^^^^^^^^
  File "/home/airflow/.local/lib/python3.12/site-packages/airflow/operators/python.py", line 252, in execute_callable
    return self.python_callable(*self.op_args, **self.op_kwargs)
           ^^^^^^^^^^^^^^^^^^^^^^^^^^^^^^^^^^^^^^^^^^^^^^^^^^^^^
  File "/opt/airflow/dags/dag_with_docker_operator.py", line 24, in check_send_status
    raise ValueError(f"Check send status failed: {result}")
ValueError: Check send status failed: {'status': 'failed'}
[2024-06-02T12:01:51.190+0000] {taskinstance.py:1206} INFO - Marking task as UP_FOR_RETRY. dag_id=dag_with_docker_operator, task_id=check_status, run_id=scheduled__2024-06-01T09:30:00+00:00, execution_date=20240601T093000, start_date=20240602T120150, end_date=20240602T120151
[2024-06-02T12:01:51.291+0000] {standard_task_runner.py:110} ERROR - Failed to execute job 811 for task check_status (Check send status failed: {'status': 'failed'}; 2489)
[2024-06-02T12:01:51.336+0000] {local_task_job_runner.py:240} INFO - Task exited with return code 1
[2024-06-02T12:01:51.360+0000] {taskinstance.py:3498} INFO - 0 downstream tasks scheduled from follow-on schedule check
[2024-06-02T12:01:51.363+0000] {local_task_job_runner.py:222} INFO - ::endgroup::
[2024-06-02T12:21:02.224+0000] {local_task_job_runner.py:120} INFO - ::group::Pre task execution logs
[2024-06-02T12:21:02.266+0000] {taskinstance.py:2076} INFO - Dependencies all met for dep_context=non-requeueable deps ti=<TaskInstance: dag_with_docker_operator.check_status scheduled__2024-06-01T09:30:00+00:00 [queued]>
[2024-06-02T12:21:02.284+0000] {taskinstance.py:2076} INFO - Dependencies all met for dep_context=requeueable deps ti=<TaskInstance: dag_with_docker_operator.check_status scheduled__2024-06-01T09:30:00+00:00 [queued]>
[2024-06-02T12:21:02.285+0000] {taskinstance.py:2306} INFO - Starting attempt 1 of 2
[2024-06-02T12:21:02.335+0000] {taskinstance.py:2330} INFO - Executing <Task(PythonOperator): check_status> on 2024-06-01 09:30:00+00:00
[2024-06-02T12:21:02.342+0000] {standard_task_runner.py:63} INFO - Started process 2996 to run task
[2024-06-02T12:21:02.345+0000] {standard_task_runner.py:90} INFO - Running: ['airflow', 'tasks', 'run', 'dag_with_docker_operator', 'check_status', 'scheduled__2024-06-01T09:30:00+00:00', '--job-id', '807', '--raw', '--subdir', 'DAGS_FOLDER/dag_with_docker_operator.py', '--cfg-path', '/tmp/tmpp_tgbmb5']
[2024-06-02T12:21:02.347+0000] {standard_task_runner.py:91} INFO - Job 807: Subtask check_status
[2024-06-02T12:21:02.602+0000] {task_command.py:426} INFO - Running <TaskInstance: dag_with_docker_operator.check_status scheduled__2024-06-01T09:30:00+00:00 [running]> on host 9c47fcd741af
[2024-06-02T12:21:02.775+0000] {taskinstance.py:2648} INFO - Exporting env vars: AIRFLOW_CTX_DAG_OWNER='airflow' AIRFLOW_CTX_DAG_ID='dag_with_docker_operator' AIRFLOW_CTX_TASK_ID='check_status' AIRFLOW_CTX_EXECUTION_DATE='2024-06-01T09:30:00+00:00' AIRFLOW_CTX_TRY_NUMBER='1' AIRFLOW_CTX_DAG_RUN_ID='scheduled__2024-06-01T09:30:00+00:00'
[2024-06-02T12:21:02.776+0000] {taskinstance.py:430} INFO - ::endgroup::
[2024-06-02T12:21:02.798+0000] {taskinstance.py:441} INFO - ::group::Post task execution logs
[2024-06-02T12:21:02.799+0000] {taskinstance.py:2905} ERROR - Task failed with exception
Traceback (most recent call last):
  File "/home/airflow/.local/lib/python3.12/site-packages/airflow/models/taskinstance.py", line 465, in _execute_task
    result = _execute_callable(context=context, **execute_callable_kwargs)
             ^^^^^^^^^^^^^^^^^^^^^^^^^^^^^^^^^^^^^^^^^^^^^^^^^^^^^^^^^^^^^
  File "/home/airflow/.local/lib/python3.12/site-packages/airflow/models/taskinstance.py", line 432, in _execute_callable
    return execute_callable(context=context, **execute_callable_kwargs)
           ^^^^^^^^^^^^^^^^^^^^^^^^^^^^^^^^^^^^^^^^^^^^^^^^^^^^^^^^^^^^
  File "/home/airflow/.local/lib/python3.12/site-packages/airflow/models/baseoperator.py", line 400, in wrapper
    return func(self, *args, **kwargs)
           ^^^^^^^^^^^^^^^^^^^^^^^^^^^
  File "/home/airflow/.local/lib/python3.12/site-packages/airflow/operators/python.py", line 235, in execute
    return_value = self.execute_callable()
                   ^^^^^^^^^^^^^^^^^^^^^^^
  File "/home/airflow/.local/lib/python3.12/site-packages/airflow/operators/python.py", line 252, in execute_callable
    return self.python_callable(*self.op_args, **self.op_kwargs)
           ^^^^^^^^^^^^^^^^^^^^^^^^^^^^^^^^^^^^^^^^^^^^^^^^^^^^^
  File "/opt/airflow/dags/dag_with_docker_operator.py", line 24, in check_send_status
    raise ValueError(f"Check send status failed: {result}")
ValueError: Check send status failed: {'status': 'failed'}
[2024-06-02T12:21:02.832+0000] {taskinstance.py:1206} INFO - Marking task as UP_FOR_RETRY. dag_id=dag_with_docker_operator, task_id=check_status, run_id=scheduled__2024-06-01T09:30:00+00:00, execution_date=20240601T093000, start_date=20240602T122102, end_date=20240602T122102
[2024-06-02T12:21:02.899+0000] {standard_task_runner.py:110} ERROR - Failed to execute job 807 for task check_status (Check send status failed: {'status': 'failed'}; 2996)
[2024-06-02T12:21:02.960+0000] {local_task_job_runner.py:240} INFO - Task exited with return code 1
[2024-06-02T12:21:03.090+0000] {taskinstance.py:3498} INFO - 0 downstream tasks scheduled from follow-on schedule check
[2024-06-02T12:21:03.093+0000] {local_task_job_runner.py:222} INFO - ::endgroup::
