[2024-06-01T21:29:16.830+0000] {local_task_job_runner.py:120} INFO - ::group::Pre task execution logs
[2024-06-01T21:29:16.885+0000] {taskinstance.py:2076} INFO - Dependencies all met for dep_context=non-requeueable deps ti=<TaskInstance: dag_with_docker_operator.check_status scheduled__2024-06-01T13:30:00+00:00 [queued]>
[2024-06-01T21:29:16.910+0000] {taskinstance.py:2076} INFO - Dependencies all met for dep_context=requeueable deps ti=<TaskInstance: dag_with_docker_operator.check_status scheduled__2024-06-01T13:30:00+00:00 [queued]>
[2024-06-01T21:29:16.911+0000] {taskinstance.py:2306} INFO - Starting attempt 1 of 2
[2024-06-01T21:29:17.081+0000] {taskinstance.py:2330} INFO - Executing <Task(PythonOperator): check_status> on 2024-06-01 13:30:00+00:00
[2024-06-01T21:29:17.090+0000] {standard_task_runner.py:63} INFO - Started process 752 to run task
[2024-06-01T21:29:17.094+0000] {standard_task_runner.py:90} INFO - Running: ['airflow', 'tasks', 'run', 'dag_with_docker_operator', 'check_status', 'scheduled__2024-06-01T13:30:00+00:00', '--job-id', '813', '--raw', '--subdir', 'DAGS_FOLDER/dag_with_docker_operator.py', '--cfg-path', '/tmp/tmp7y2uutli']
[2024-06-01T21:29:17.096+0000] {standard_task_runner.py:91} INFO - Job 813: Subtask check_status
[2024-06-01T21:29:17.204+0000] {task_command.py:426} INFO - Running <TaskInstance: dag_with_docker_operator.check_status scheduled__2024-06-01T13:30:00+00:00 [running]> on host 9c47fcd741af
[2024-06-01T21:29:17.409+0000] {taskinstance.py:2648} INFO - Exporting env vars: AIRFLOW_CTX_DAG_OWNER='airflow' AIRFLOW_CTX_DAG_ID='dag_with_docker_operator' AIRFLOW_CTX_TASK_ID='check_status' AIRFLOW_CTX_EXECUTION_DATE='2024-06-01T13:30:00+00:00' AIRFLOW_CTX_TRY_NUMBER='1' AIRFLOW_CTX_DAG_RUN_ID='scheduled__2024-06-01T13:30:00+00:00'
[2024-06-01T21:29:17.410+0000] {taskinstance.py:430} INFO - ::endgroup::
[2024-06-01T21:29:17.438+0000] {python.py:237} INFO - Done. Returned value was: {'status': 'success'}
[2024-06-01T21:29:17.441+0000] {taskinstance.py:441} INFO - ::group::Post task execution logs
[2024-06-01T21:29:17.521+0000] {taskinstance.py:1206} INFO - Marking task as SUCCESS. dag_id=dag_with_docker_operator, task_id=check_status, run_id=scheduled__2024-06-01T13:30:00+00:00, execution_date=20240601T133000, start_date=20240601T212916, end_date=20240601T212917
[2024-06-01T21:29:17.589+0000] {local_task_job_runner.py:240} INFO - Task exited with return code 0
[2024-06-01T21:29:17.619+0000] {taskinstance.py:3498} INFO - 0 downstream tasks scheduled from follow-on schedule check
[2024-06-01T21:29:17.622+0000] {local_task_job_runner.py:222} INFO - ::endgroup::
[2024-06-02T11:33:41.053+0000] {local_task_job_runner.py:120} INFO - ::group::Pre task execution logs
[2024-06-02T11:33:41.124+0000] {taskinstance.py:2076} INFO - Dependencies all met for dep_context=non-requeueable deps ti=<TaskInstance: dag_with_docker_operator.check_status scheduled__2024-06-01T13:30:00+00:00 [queued]>
[2024-06-02T11:33:41.141+0000] {taskinstance.py:2076} INFO - Dependencies all met for dep_context=requeueable deps ti=<TaskInstance: dag_with_docker_operator.check_status scheduled__2024-06-01T13:30:00+00:00 [queued]>
[2024-06-02T11:33:41.141+0000] {taskinstance.py:2306} INFO - Starting attempt 1 of 2
[2024-06-02T11:33:41.346+0000] {taskinstance.py:2330} INFO - Executing <Task(PythonOperator): check_status> on 2024-06-01 13:30:00+00:00
[2024-06-02T11:33:41.353+0000] {standard_task_runner.py:63} INFO - Started process 1724 to run task
[2024-06-02T11:33:41.356+0000] {standard_task_runner.py:90} INFO - Running: ['airflow', 'tasks', 'run', 'dag_with_docker_operator', 'check_status', 'scheduled__2024-06-01T13:30:00+00:00', '--job-id', '813', '--raw', '--subdir', 'DAGS_FOLDER/dag_with_docker_operator.py', '--cfg-path', '/tmp/tmpg_9mdm22']
[2024-06-02T11:33:41.358+0000] {standard_task_runner.py:91} INFO - Job 813: Subtask check_status
[2024-06-02T11:33:41.452+0000] {task_command.py:426} INFO - Running <TaskInstance: dag_with_docker_operator.check_status scheduled__2024-06-01T13:30:00+00:00 [running]> on host 9c47fcd741af
[2024-06-02T11:33:41.637+0000] {taskinstance.py:2648} INFO - Exporting env vars: AIRFLOW_CTX_DAG_OWNER='airflow' AIRFLOW_CTX_DAG_ID='dag_with_docker_operator' AIRFLOW_CTX_TASK_ID='check_status' AIRFLOW_CTX_EXECUTION_DATE='2024-06-01T13:30:00+00:00' AIRFLOW_CTX_TRY_NUMBER='1' AIRFLOW_CTX_DAG_RUN_ID='scheduled__2024-06-01T13:30:00+00:00'
[2024-06-02T11:33:41.637+0000] {taskinstance.py:430} INFO - ::endgroup::
[2024-06-02T11:33:41.664+0000] {python.py:237} INFO - Done. Returned value was: {'status': 'failed'}
[2024-06-02T11:33:41.665+0000] {taskinstance.py:441} INFO - ::group::Post task execution logs
[2024-06-02T11:33:41.724+0000] {taskinstance.py:1206} INFO - Marking task as SUCCESS. dag_id=dag_with_docker_operator, task_id=check_status, run_id=scheduled__2024-06-01T13:30:00+00:00, execution_date=20240601T133000, start_date=20240602T113341, end_date=20240602T113341
[2024-06-02T11:33:41.809+0000] {local_task_job_runner.py:240} INFO - Task exited with return code 0
[2024-06-02T11:33:41.839+0000] {taskinstance.py:3498} INFO - 0 downstream tasks scheduled from follow-on schedule check
[2024-06-02T11:33:41.842+0000] {local_task_job_runner.py:222} INFO - ::endgroup::
[2024-06-02T12:05:10.911+0000] {local_task_job_runner.py:120} INFO - ::group::Pre task execution logs
[2024-06-02T12:05:10.962+0000] {taskinstance.py:2076} INFO - Dependencies all met for dep_context=non-requeueable deps ti=<TaskInstance: dag_with_docker_operator.check_status scheduled__2024-06-01T13:30:00+00:00 [queued]>
[2024-06-02T12:05:10.999+0000] {taskinstance.py:2076} INFO - Dependencies all met for dep_context=requeueable deps ti=<TaskInstance: dag_with_docker_operator.check_status scheduled__2024-06-01T13:30:00+00:00 [queued]>
[2024-06-02T12:05:11.000+0000] {taskinstance.py:2306} INFO - Starting attempt 1 of 2
[2024-06-02T12:05:11.171+0000] {taskinstance.py:2330} INFO - Executing <Task(PythonOperator): check_status> on 2024-06-01 13:30:00+00:00
[2024-06-02T12:05:11.178+0000] {standard_task_runner.py:63} INFO - Started process 2593 to run task
[2024-06-02T12:05:11.181+0000] {standard_task_runner.py:90} INFO - Running: ['airflow', 'tasks', 'run', 'dag_with_docker_operator', 'check_status', 'scheduled__2024-06-01T13:30:00+00:00', '--job-id', '830', '--raw', '--subdir', 'DAGS_FOLDER/dag_with_docker_operator.py', '--cfg-path', '/tmp/tmp95egj4nr']
[2024-06-02T12:05:11.184+0000] {standard_task_runner.py:91} INFO - Job 830: Subtask check_status
[2024-06-02T12:05:11.284+0000] {task_command.py:426} INFO - Running <TaskInstance: dag_with_docker_operator.check_status scheduled__2024-06-01T13:30:00+00:00 [running]> on host 9c47fcd741af
[2024-06-02T12:05:11.790+0000] {taskinstance.py:2648} INFO - Exporting env vars: AIRFLOW_CTX_DAG_OWNER='airflow' AIRFLOW_CTX_DAG_ID='dag_with_docker_operator' AIRFLOW_CTX_TASK_ID='check_status' AIRFLOW_CTX_EXECUTION_DATE='2024-06-01T13:30:00+00:00' AIRFLOW_CTX_TRY_NUMBER='1' AIRFLOW_CTX_DAG_RUN_ID='scheduled__2024-06-01T13:30:00+00:00'
[2024-06-02T12:05:11.791+0000] {taskinstance.py:430} INFO - ::endgroup::
[2024-06-02T12:05:11.819+0000] {taskinstance.py:441} INFO - ::group::Post task execution logs
[2024-06-02T12:05:11.820+0000] {taskinstance.py:2905} ERROR - Task failed with exception
Traceback (most recent call last):
  File "/home/airflow/.local/lib/python3.12/site-packages/airflow/models/taskinstance.py", line 465, in _execute_task
    result = _execute_callable(context=context, **execute_callable_kwargs)
             ^^^^^^^^^^^^^^^^^^^^^^^^^^^^^^^^^^^^^^^^^^^^^^^^^^^^^^^^^^^^^
  File "/home/airflow/.local/lib/python3.12/site-packages/airflow/models/taskinstance.py", line 432, in _execute_callable
    return execute_callable(context=context, **execute_callable_kwargs)
           ^^^^^^^^^^^^^^^^^^^^^^^^^^^^^^^^^^^^^^^^^^^^^^^^^^^^^^^^^^^^
  File "/home/airflow/.local/lib/python3.12/site-packages/airflow/models/baseoperator.py", line 400, in wrapper
    return func(self, *args, **kwargs)
           ^^^^^^^^^^^^^^^^^^^^^^^^^^^
  File "/home/airflow/.local/lib/python3.12/site-packages/airflow/operators/python.py", line 235, in execute
    return_value = self.execute_callable()
                   ^^^^^^^^^^^^^^^^^^^^^^^
  File "/home/airflow/.local/lib/python3.12/site-packages/airflow/operators/python.py", line 252, in execute_callable
    return self.python_callable(*self.op_args, **self.op_kwargs)
           ^^^^^^^^^^^^^^^^^^^^^^^^^^^^^^^^^^^^^^^^^^^^^^^^^^^^^
  File "/opt/airflow/dags/dag_with_docker_operator.py", line 24, in check_send_status
    raise ValueError(f"Check send status failed: {result}")
ValueError: Check send status failed: {'status': 'failed'}
[2024-06-02T12:05:11.857+0000] {taskinstance.py:1206} INFO - Marking task as UP_FOR_RETRY. dag_id=dag_with_docker_operator, task_id=check_status, run_id=scheduled__2024-06-01T13:30:00+00:00, execution_date=20240601T133000, start_date=20240602T120510, end_date=20240602T120511
[2024-06-02T12:05:11.908+0000] {standard_task_runner.py:110} ERROR - Failed to execute job 830 for task check_status (Check send status failed: {'status': 'failed'}; 2593)
[2024-06-02T12:05:11.921+0000] {local_task_job_runner.py:240} INFO - Task exited with return code 1
[2024-06-02T12:05:11.946+0000] {taskinstance.py:3498} INFO - 0 downstream tasks scheduled from follow-on schedule check
[2024-06-02T12:05:11.949+0000] {local_task_job_runner.py:222} INFO - ::endgroup::
[2024-06-02T12:24:55.536+0000] {local_task_job_runner.py:120} INFO - ::group::Pre task execution logs
[2024-06-02T12:24:55.583+0000] {taskinstance.py:2076} INFO - Dependencies all met for dep_context=non-requeueable deps ti=<TaskInstance: dag_with_docker_operator.check_status scheduled__2024-06-01T13:30:00+00:00 [queued]>
[2024-06-02T12:24:55.602+0000] {taskinstance.py:2076} INFO - Dependencies all met for dep_context=requeueable deps ti=<TaskInstance: dag_with_docker_operator.check_status scheduled__2024-06-01T13:30:00+00:00 [queued]>
[2024-06-02T12:24:55.602+0000] {taskinstance.py:2306} INFO - Starting attempt 1 of 2
[2024-06-02T12:24:55.664+0000] {taskinstance.py:2330} INFO - Executing <Task(PythonOperator): check_status> on 2024-06-01 13:30:00+00:00
[2024-06-02T12:24:55.672+0000] {standard_task_runner.py:63} INFO - Started process 3127 to run task
[2024-06-02T12:24:55.677+0000] {standard_task_runner.py:90} INFO - Running: ['airflow', 'tasks', 'run', 'dag_with_docker_operator', 'check_status', 'scheduled__2024-06-01T13:30:00+00:00', '--job-id', '831', '--raw', '--subdir', 'DAGS_FOLDER/dag_with_docker_operator.py', '--cfg-path', '/tmp/tmpdmpxl2te']
[2024-06-02T12:24:55.681+0000] {standard_task_runner.py:91} INFO - Job 831: Subtask check_status
[2024-06-02T12:24:55.986+0000] {task_command.py:426} INFO - Running <TaskInstance: dag_with_docker_operator.check_status scheduled__2024-06-01T13:30:00+00:00 [running]> on host 9c47fcd741af
[2024-06-02T12:24:56.192+0000] {taskinstance.py:2648} INFO - Exporting env vars: AIRFLOW_CTX_DAG_OWNER='airflow' AIRFLOW_CTX_DAG_ID='dag_with_docker_operator' AIRFLOW_CTX_TASK_ID='check_status' AIRFLOW_CTX_EXECUTION_DATE='2024-06-01T13:30:00+00:00' AIRFLOW_CTX_TRY_NUMBER='1' AIRFLOW_CTX_DAG_RUN_ID='scheduled__2024-06-01T13:30:00+00:00'
[2024-06-02T12:24:56.193+0000] {taskinstance.py:430} INFO - ::endgroup::
[2024-06-02T12:24:56.216+0000] {taskinstance.py:441} INFO - ::group::Post task execution logs
[2024-06-02T12:24:56.219+0000] {taskinstance.py:2905} ERROR - Task failed with exception
Traceback (most recent call last):
  File "/home/airflow/.local/lib/python3.12/site-packages/airflow/models/taskinstance.py", line 465, in _execute_task
    result = _execute_callable(context=context, **execute_callable_kwargs)
             ^^^^^^^^^^^^^^^^^^^^^^^^^^^^^^^^^^^^^^^^^^^^^^^^^^^^^^^^^^^^^
  File "/home/airflow/.local/lib/python3.12/site-packages/airflow/models/taskinstance.py", line 432, in _execute_callable
    return execute_callable(context=context, **execute_callable_kwargs)
           ^^^^^^^^^^^^^^^^^^^^^^^^^^^^^^^^^^^^^^^^^^^^^^^^^^^^^^^^^^^^
  File "/home/airflow/.local/lib/python3.12/site-packages/airflow/models/baseoperator.py", line 400, in wrapper
    return func(self, *args, **kwargs)
           ^^^^^^^^^^^^^^^^^^^^^^^^^^^
  File "/home/airflow/.local/lib/python3.12/site-packages/airflow/operators/python.py", line 235, in execute
    return_value = self.execute_callable()
                   ^^^^^^^^^^^^^^^^^^^^^^^
  File "/home/airflow/.local/lib/python3.12/site-packages/airflow/operators/python.py", line 252, in execute_callable
    return self.python_callable(*self.op_args, **self.op_kwargs)
           ^^^^^^^^^^^^^^^^^^^^^^^^^^^^^^^^^^^^^^^^^^^^^^^^^^^^^
  File "/opt/airflow/dags/dag_with_docker_operator.py", line 24, in check_send_status
    raise ValueError(f"Check send status failed: {result}")
ValueError: Check send status failed: {'status': 'failed'}
[2024-06-02T12:24:56.242+0000] {taskinstance.py:1206} INFO - Marking task as UP_FOR_RETRY. dag_id=dag_with_docker_operator, task_id=check_status, run_id=scheduled__2024-06-01T13:30:00+00:00, execution_date=20240601T133000, start_date=20240602T122455, end_date=20240602T122456
[2024-06-02T12:24:56.289+0000] {standard_task_runner.py:110} ERROR - Failed to execute job 831 for task check_status (Check send status failed: {'status': 'failed'}; 3127)
[2024-06-02T12:24:56.335+0000] {local_task_job_runner.py:240} INFO - Task exited with return code 1
[2024-06-02T12:24:56.511+0000] {taskinstance.py:3498} INFO - 0 downstream tasks scheduled from follow-on schedule check
[2024-06-02T12:24:56.513+0000] {local_task_job_runner.py:222} INFO - ::endgroup::
