[2024-06-02T10:40:49.966+0000] {local_task_job_runner.py:120} INFO - ::group::Pre task execution logs
[2024-06-02T10:40:50.028+0000] {taskinstance.py:2076} INFO - Dependencies all met for dep_context=non-requeueable deps ti=<TaskInstance: dag_with_docker_operator.check_status scheduled__2024-06-02T00:00:00+00:00 [queued]>
[2024-06-02T10:40:50.055+0000] {taskinstance.py:2076} INFO - Dependencies all met for dep_context=requeueable deps ti=<TaskInstance: dag_with_docker_operator.check_status scheduled__2024-06-02T00:00:00+00:00 [queued]>
[2024-06-02T10:40:50.056+0000] {taskinstance.py:2306} INFO - Starting attempt 1 of 2
[2024-06-02T10:40:50.229+0000] {taskinstance.py:2330} INFO - Executing <Task(PythonOperator): check_status> on 2024-06-02 00:00:00+00:00
[2024-06-02T10:40:50.236+0000] {standard_task_runner.py:63} INFO - Started process 1031 to run task
[2024-06-02T10:40:50.241+0000] {standard_task_runner.py:90} INFO - Running: ['airflow', 'tasks', 'run', 'dag_with_docker_operator', 'check_status', 'scheduled__2024-06-02T00:00:00+00:00', '--job-id', '855', '--raw', '--subdir', 'DAGS_FOLDER/dag_with_docker_operator.py', '--cfg-path', '/tmp/tmpnrcv3028']
[2024-06-02T10:40:50.245+0000] {standard_task_runner.py:91} INFO - Job 855: Subtask check_status
[2024-06-02T10:40:50.489+0000] {task_command.py:426} INFO - Running <TaskInstance: dag_with_docker_operator.check_status scheduled__2024-06-02T00:00:00+00:00 [running]> on host 9c47fcd741af
[2024-06-02T10:40:50.846+0000] {taskinstance.py:2648} INFO - Exporting env vars: AIRFLOW_CTX_DAG_OWNER='airflow' AIRFLOW_CTX_DAG_ID='dag_with_docker_operator' AIRFLOW_CTX_TASK_ID='check_status' AIRFLOW_CTX_EXECUTION_DATE='2024-06-02T00:00:00+00:00' AIRFLOW_CTX_TRY_NUMBER='1' AIRFLOW_CTX_DAG_RUN_ID='scheduled__2024-06-02T00:00:00+00:00'
[2024-06-02T10:40:50.848+0000] {taskinstance.py:430} INFO - ::endgroup::
[2024-06-02T10:40:50.881+0000] {python.py:237} INFO - Done. Returned value was: {'status': 'success'}
[2024-06-02T10:40:50.883+0000] {taskinstance.py:441} INFO - ::group::Post task execution logs
[2024-06-02T10:40:50.967+0000] {taskinstance.py:1206} INFO - Marking task as SUCCESS. dag_id=dag_with_docker_operator, task_id=check_status, run_id=scheduled__2024-06-02T00:00:00+00:00, execution_date=20240602T000000, start_date=20240602T104050, end_date=20240602T104050
[2024-06-02T10:40:51.044+0000] {local_task_job_runner.py:240} INFO - Task exited with return code 0
[2024-06-02T10:40:51.073+0000] {taskinstance.py:3498} INFO - 0 downstream tasks scheduled from follow-on schedule check
[2024-06-02T10:40:51.076+0000] {local_task_job_runner.py:222} INFO - ::endgroup::
[2024-06-02T11:40:44.675+0000] {local_task_job_runner.py:120} INFO - ::group::Pre task execution logs
[2024-06-02T11:40:44.740+0000] {taskinstance.py:2076} INFO - Dependencies all met for dep_context=non-requeueable deps ti=<TaskInstance: dag_with_docker_operator.check_status scheduled__2024-06-02T00:00:00+00:00 [queued]>
[2024-06-02T11:40:44.761+0000] {taskinstance.py:2076} INFO - Dependencies all met for dep_context=requeueable deps ti=<TaskInstance: dag_with_docker_operator.check_status scheduled__2024-06-02T00:00:00+00:00 [queued]>
[2024-06-02T11:40:44.762+0000] {taskinstance.py:2306} INFO - Starting attempt 1 of 2
[2024-06-02T11:40:45.639+0000] {taskinstance.py:2330} INFO - Executing <Task(PythonOperator): check_status> on 2024-06-02 00:00:00+00:00
[2024-06-02T11:40:45.651+0000] {standard_task_runner.py:90} INFO - Running: ['airflow', 'tasks', 'run', 'dag_with_docker_operator', 'check_status', 'scheduled__2024-06-02T00:00:00+00:00', '--job-id', '855', '--raw', '--subdir', 'DAGS_FOLDER/dag_with_docker_operator.py', '--cfg-path', '/tmp/tmpszt8ajse']
[2024-06-02T11:40:45.653+0000] {standard_task_runner.py:91} INFO - Job 855: Subtask check_status
[2024-06-02T11:40:45.647+0000] {standard_task_runner.py:63} INFO - Started process 1955 to run task
[2024-06-02T11:40:46.082+0000] {task_command.py:426} INFO - Running <TaskInstance: dag_with_docker_operator.check_status scheduled__2024-06-02T00:00:00+00:00 [running]> on host 9c47fcd741af
[2024-06-02T11:40:46.600+0000] {taskinstance.py:2648} INFO - Exporting env vars: AIRFLOW_CTX_DAG_OWNER='airflow' AIRFLOW_CTX_DAG_ID='dag_with_docker_operator' AIRFLOW_CTX_TASK_ID='check_status' AIRFLOW_CTX_EXECUTION_DATE='2024-06-02T00:00:00+00:00' AIRFLOW_CTX_TRY_NUMBER='1' AIRFLOW_CTX_DAG_RUN_ID='scheduled__2024-06-02T00:00:00+00:00'
[2024-06-02T11:40:46.602+0000] {taskinstance.py:430} INFO - ::endgroup::
[2024-06-02T11:40:46.641+0000] {python.py:237} INFO - Done. Returned value was: {'status': 'failed'}
[2024-06-02T11:40:46.642+0000] {taskinstance.py:441} INFO - ::group::Post task execution logs
[2024-06-02T11:40:46.837+0000] {taskinstance.py:1206} INFO - Marking task as SUCCESS. dag_id=dag_with_docker_operator, task_id=check_status, run_id=scheduled__2024-06-02T00:00:00+00:00, execution_date=20240602T000000, start_date=20240602T114044, end_date=20240602T114046
[2024-06-02T11:40:46.919+0000] {local_task_job_runner.py:240} INFO - Task exited with return code 0
[2024-06-02T11:40:46.955+0000] {taskinstance.py:3498} INFO - 0 downstream tasks scheduled from follow-on schedule check
[2024-06-02T11:40:46.960+0000] {local_task_job_runner.py:222} INFO - ::endgroup::
[2024-06-02T12:39:51.812+0000] {local_task_job_runner.py:120} INFO - ::group::Pre task execution logs
[2024-06-02T12:39:51.853+0000] {taskinstance.py:2076} INFO - Dependencies all met for dep_context=non-requeueable deps ti=<TaskInstance: dag_with_docker_operator.check_status scheduled__2024-06-02T00:00:00+00:00 [queued]>
[2024-06-02T12:39:51.873+0000] {taskinstance.py:2076} INFO - Dependencies all met for dep_context=requeueable deps ti=<TaskInstance: dag_with_docker_operator.check_status scheduled__2024-06-02T00:00:00+00:00 [queued]>
[2024-06-02T12:39:51.874+0000] {taskinstance.py:2306} INFO - Starting attempt 1 of 2
[2024-06-02T12:39:51.926+0000] {taskinstance.py:2330} INFO - Executing <Task(PythonOperator): check_status> on 2024-06-02 00:00:00+00:00
[2024-06-02T12:39:51.932+0000] {standard_task_runner.py:63} INFO - Started process 3517 to run task
[2024-06-02T12:39:51.935+0000] {standard_task_runner.py:90} INFO - Running: ['airflow', 'tasks', 'run', 'dag_with_docker_operator', 'check_status', 'scheduled__2024-06-02T00:00:00+00:00', '--job-id', '902', '--raw', '--subdir', 'DAGS_FOLDER/dag_with_docker_operator.py', '--cfg-path', '/tmp/tmpj6c4vnar']
[2024-06-02T12:39:51.937+0000] {standard_task_runner.py:91} INFO - Job 902: Subtask check_status
[2024-06-02T12:39:52.191+0000] {task_command.py:426} INFO - Running <TaskInstance: dag_with_docker_operator.check_status scheduled__2024-06-02T00:00:00+00:00 [running]> on host 9c47fcd741af
[2024-06-02T12:39:52.401+0000] {taskinstance.py:2648} INFO - Exporting env vars: AIRFLOW_CTX_DAG_OWNER='airflow' AIRFLOW_CTX_DAG_ID='dag_with_docker_operator' AIRFLOW_CTX_TASK_ID='check_status' AIRFLOW_CTX_EXECUTION_DATE='2024-06-02T00:00:00+00:00' AIRFLOW_CTX_TRY_NUMBER='1' AIRFLOW_CTX_DAG_RUN_ID='scheduled__2024-06-02T00:00:00+00:00'
[2024-06-02T12:39:52.402+0000] {taskinstance.py:430} INFO - ::endgroup::
[2024-06-02T12:39:52.431+0000] {taskinstance.py:441} INFO - ::group::Post task execution logs
[2024-06-02T12:39:52.433+0000] {taskinstance.py:2905} ERROR - Task failed with exception
Traceback (most recent call last):
  File "/home/airflow/.local/lib/python3.12/site-packages/airflow/models/taskinstance.py", line 465, in _execute_task
    result = _execute_callable(context=context, **execute_callable_kwargs)
             ^^^^^^^^^^^^^^^^^^^^^^^^^^^^^^^^^^^^^^^^^^^^^^^^^^^^^^^^^^^^^
  File "/home/airflow/.local/lib/python3.12/site-packages/airflow/models/taskinstance.py", line 432, in _execute_callable
    return execute_callable(context=context, **execute_callable_kwargs)
           ^^^^^^^^^^^^^^^^^^^^^^^^^^^^^^^^^^^^^^^^^^^^^^^^^^^^^^^^^^^^
  File "/home/airflow/.local/lib/python3.12/site-packages/airflow/models/baseoperator.py", line 400, in wrapper
    return func(self, *args, **kwargs)
           ^^^^^^^^^^^^^^^^^^^^^^^^^^^
  File "/home/airflow/.local/lib/python3.12/site-packages/airflow/operators/python.py", line 235, in execute
    return_value = self.execute_callable()
                   ^^^^^^^^^^^^^^^^^^^^^^^
  File "/home/airflow/.local/lib/python3.12/site-packages/airflow/operators/python.py", line 252, in execute_callable
    return self.python_callable(*self.op_args, **self.op_kwargs)
           ^^^^^^^^^^^^^^^^^^^^^^^^^^^^^^^^^^^^^^^^^^^^^^^^^^^^^
  File "/opt/airflow/dags/dag_with_docker_operator.py", line 24, in check_send_status
    raise ValueError(f"Request returned non-success status: {response_json.get('status')}")
ValueError: Request returned non-success status: failed
[2024-06-02T12:39:52.457+0000] {taskinstance.py:1206} INFO - Marking task as UP_FOR_RETRY. dag_id=dag_with_docker_operator, task_id=check_status, run_id=scheduled__2024-06-02T00:00:00+00:00, execution_date=20240602T000000, start_date=20240602T123951, end_date=20240602T123952
[2024-06-02T12:39:52.505+0000] {standard_task_runner.py:110} ERROR - Failed to execute job 902 for task check_status (Request returned non-success status: failed; 3517)
[2024-06-02T12:39:52.549+0000] {local_task_job_runner.py:240} INFO - Task exited with return code 1
[2024-06-02T12:39:52.919+0000] {taskinstance.py:3498} INFO - 0 downstream tasks scheduled from follow-on schedule check
[2024-06-02T12:39:52.925+0000] {local_task_job_runner.py:222} INFO - ::endgroup::
