[2024-05-29T17:08:19.958+0000] {local_task_job_runner.py:120} INFO - ::group::Pre task execution logs
[2024-05-29T17:08:20.095+0000] {taskinstance.py:2076} INFO - Dependencies all met for dep_context=non-requeueable deps ti=<TaskInstance: flask_monitoring.check_flask_health scheduled__2024-05-28T00:40:00+00:00 [queued]>
[2024-05-29T17:08:20.154+0000] {taskinstance.py:2076} INFO - Dependencies all met for dep_context=requeueable deps ti=<TaskInstance: flask_monitoring.check_flask_health scheduled__2024-05-28T00:40:00+00:00 [queued]>
[2024-05-29T17:08:20.158+0000] {taskinstance.py:2306} INFO - Starting attempt 1 of 2
[2024-05-29T17:08:20.273+0000] {taskinstance.py:2330} INFO - Executing <Task(BashOperator): check_flask_health> on 2024-05-28 00:40:00+00:00
[2024-05-29T17:08:20.289+0000] {standard_task_runner.py:63} INFO - Started process 1734 to run task
[2024-05-29T17:08:20.288+0000] {standard_task_runner.py:90} INFO - Running: ['airflow', 'tasks', 'run', 'flask_monitoring', 'check_flask_health', 'scheduled__2024-05-28T00:40:00+00:00', '--job-id', '109', '--raw', '--subdir', 'DAGS_FOLDER/flask_monitoring.py', '--cfg-path', '/tmp/tmpagni7li_']
[2024-05-29T17:08:20.295+0000] {standard_task_runner.py:91} INFO - Job 109: Subtask check_flask_health
[2024-05-29T17:08:20.435+0000] {task_command.py:426} INFO - Running <TaskInstance: flask_monitoring.check_flask_health scheduled__2024-05-28T00:40:00+00:00 [running]> on host f708138922bb
[2024-05-29T17:08:20.628+0000] {taskinstance.py:2648} INFO - Exporting env vars: AIRFLOW_CTX_DAG_OWNER='airflow' AIRFLOW_CTX_DAG_ID='flask_monitoring' AIRFLOW_CTX_TASK_ID='check_flask_health' AIRFLOW_CTX_EXECUTION_DATE='2024-05-28T00:40:00+00:00' AIRFLOW_CTX_TRY_NUMBER='1' AIRFLOW_CTX_DAG_RUN_ID='scheduled__2024-05-28T00:40:00+00:00'
[2024-05-29T17:08:20.629+0000] {taskinstance.py:430} INFO - ::endgroup::
[2024-05-29T17:08:20.651+0000] {subprocess.py:63} INFO - Tmp dir root location: /tmp
[2024-05-29T17:08:20.653+0000] {subprocess.py:75} INFO - Running command: ['/usr/bin/bash', '-c', 'curl -X GET http://flask:5000/check_send_status']
[2024-05-29T17:08:20.663+0000] {subprocess.py:86} INFO - Output:
[2024-05-29T17:08:20.674+0000] {subprocess.py:93} INFO -   % Total    % Received % Xferd  Average Speed   Time    Time     Time  Current
[2024-05-29T17:08:20.675+0000] {subprocess.py:93} INFO -                                  Dload  Upload   Total   Spent    Left  Speed
[2024-05-29T17:08:20.686+0000] {subprocess.py:93} INFO -   0     0    0     0    0     0      0      0 --:--:-- --:--:-- --:--:--     0<!doctype html>
[2024-05-29T17:08:20.689+0000] {subprocess.py:93} INFO - <html lang=en>
[2024-05-29T17:08:20.691+0000] {subprocess.py:93} INFO -   <head>
[2024-05-29T17:08:20.695+0000] {subprocess.py:93} INFO -     <title>NameError: name &#39;last_status&#39; is not defined
[2024-05-29T17:08:20.697+0000] {subprocess.py:93} INFO -  // Werkzeug Debugger</title>
[2024-05-29T17:08:20.698+0000] {subprocess.py:93} INFO -     <link rel="stylesheet" href="?__debugger__=yes&amp;cmd=resource&amp;f=style.css">
[2024-05-29T17:08:20.699+0000] {subprocess.py:93} INFO -     <link rel="shortcut icon"
[2024-05-29T17:08:20.700+0000] {subprocess.py:93} INFO -         href="?__debugger__=yes&amp;cmd=resource&amp;f=console.png">
[2024-05-29T17:08:20.701+0000] {subprocess.py:93} INFO -     <script src="?__debugger__=yes&amp;cmd=resource&amp;f=debugger.js"></script>
[2024-05-29T17:08:20.701+0000] {subprocess.py:93} INFO -     <script>
[2024-05-29T17:08:20.702+0000] {subprocess.py:93} INFO -       var CONSOLE_MODE = false,
[2024-05-29T17:08:20.702+0000] {subprocess.py:93} INFO -           EVALEX = false,
[2024-05-29T17:08:20.703+0000] {subprocess.py:93} INFO -           EVALEX_TRUSTED = false,
[2024-05-29T17:08:20.704+0000] {subprocess.py:93} INFO -           SECRET = "m0W2mug263yMqd81oBK2";
[2024-05-29T17:08:20.705+0000] {subprocess.py:93} INFO -     </script>
[2024-05-29T17:08:20.705+0000] {subprocess.py:93} INFO -   </head>
[2024-05-29T17:08:20.706+0000] {subprocess.py:93} INFO -   <body style="background-color: #fff">
[2024-05-29T17:08:20.707+0000] {subprocess.py:93} INFO -     <div class="debugger">
[2024-05-29T17:08:20.707+0000] {subprocess.py:93} INFO - <h1>NameError</h1>
[2024-05-29T17:08:20.708+0000] {subprocess.py:93} INFO - <div class="detail">
[2024-05-29T17:08:20.708+0000] {subprocess.py:93} INFO -   <p class="errormsg">NameError: name &#39;last_status&#39; is not defined
[2024-05-29T17:08:20.709+0000] {subprocess.py:93} INFO - </p>
[2024-05-29T17:08:20.710+0000] {subprocess.py:93} INFO - </div>
[2024-05-29T17:08:20.710+0000] {subprocess.py:93} INFO - <h2 class="traceback">Traceback <em>(most recent call last)</em></h2>
[2024-05-29T17:08:20.711+0000] {subprocess.py:93} INFO - <div class="traceback">
[2024-05-29T17:08:20.711+0000] {subprocess.py:93} INFO -   <h3></h3>
[2024-05-29T17:08:20.711+0000] {subprocess.py:93} INFO -   <ul><li><div class="frame" id="frame-140474387811568">
[2024-05-29T17:08:20.712+0000] {subprocess.py:93} INFO -   <h4>File <cite class="filename">"/usr/local/lib/python3.9/site-packages/flask/app.py"</cite>,
[2024-05-29T17:08:20.712+0000] {subprocess.py:93} INFO -       line <em class="line">1498</em>,
[2024-05-29T17:08:20.713+0000] {subprocess.py:93} INFO -       in <code class="function">__call__</code></h4>
[2024-05-29T17:08:20.713+0000] {subprocess.py:93} INFO -   <div class="source library"><pre class="line before"><span class="ws">    </span>) -&gt; cabc.Iterable[bytes]:</pre>
[2024-05-29T17:08:20.714+0000] {subprocess.py:93} INFO - <pre class="line before"><span class="ws">        </span>&#34;&#34;&#34;The WSGI server calls the Flask application object as the</pre>
[2024-05-29T17:08:20.714+0000] {subprocess.py:93} INFO - <pre class="line before"><span class="ws">        </span>WSGI application. This calls :meth:`wsgi_app`, which can be</pre>
[2024-05-29T17:08:20.714+0000] {subprocess.py:93} INFO - <pre class="line before"><span class="ws">        </span>wrapped to apply middleware.</pre>
[2024-05-29T17:08:20.715+0000] {subprocess.py:93} INFO - <pre class="line before"><span class="ws">        </span>&#34;&#34;&#34;</pre>
[2024-05-29T17:08:20.715+0000] {subprocess.py:93} INFO - <pre class="line current"><span class="ws">        </span>return self.wsgi_app(environ, start_response)</pre></div>
[2024-05-29T17:08:20.716+0000] {subprocess.py:93} INFO - </div>
[2024-05-29T17:08:20.716+0000] {subprocess.py:93} INFO - 
[2024-05-29T17:08:20.717+0000] {subprocess.py:93} INFO - <li><div class="frame" id="frame-140474387811680">
[2024-05-29T17:08:20.717+0000] {subprocess.py:93} INFO -   <h4>File <cite class="filename">"/usr/local/lib/python3.9/site-packages/flask/app.py"</cite>,
[2024-05-29T17:08:20.718+0000] {subprocess.py:93} INFO -       line <em class="line">1476</em>,
[2024-05-29T17:08:20.718+0000] {subprocess.py:93} INFO -       in <code class="function">wsgi_app</code></h4>
[2024-05-29T17:08:20.719+0000] {subprocess.py:93} INFO -   <div class="source library"><pre class="line before"><span class="ws">            </span>try:</pre>
[2024-05-29T17:08:20.719+0000] {subprocess.py:93} INFO - <pre class="line before"><span class="ws">                </span>ctx.push()</pre>
[2024-05-29T17:08:20.720+0000] {subprocess.py:93} INFO - <pre class="line before"><span class="ws">                </span>response = self.full_dispatch_request()</pre>
[2024-05-29T17:08:20.720+0000] {subprocess.py:93} INFO - <pre class="line before"><span class="ws">            </span>except Exception as e:</pre>
[2024-05-29T17:08:20.720+0000] {subprocess.py:93} INFO - <pre class="line before"><span class="ws">                </span>error = e</pre>
[2024-05-29T17:08:20.721+0000] {subprocess.py:93} INFO - <pre class="line current"><span class="ws">                </span>response = self.handle_exception(e)</pre>
[2024-05-29T17:08:20.721+0000] {subprocess.py:93} INFO - <pre class="line after"><span class="ws">            </span>except:  # noqa: B001</pre>
[2024-05-29T17:08:20.722+0000] {subprocess.py:93} INFO - <pre class="line after"><span class="ws">                </span>error = sys.exc_info()[1]</pre>
[2024-05-29T17:08:20.722+0000] {subprocess.py:93} INFO - <pre class="line after"><span class="ws">                </span>raise</pre>
[2024-05-29T17:08:20.723+0000] {subprocess.py:93} INFO - <pre class="line after"><span class="ws">            </span>return response(environ, start_response)</pre>
[2024-05-29T17:08:20.723+0000] {subprocess.py:93} INFO - <pre class="line after"><span class="ws">        </span>finally:</pre></div>
[2024-05-29T17:08:20.724+0000] {subprocess.py:93} INFO - </div>
[2024-05-29T17:08:20.724+0000] {subprocess.py:93} INFO - 
[2024-05-29T17:08:20.724+0000] {subprocess.py:93} INFO - <li><div class="frame" id="frame-140474387811792">
[2024-05-29T17:08:20.725+0000] {subprocess.py:93} INFO -   <h4>File <cite class="filename">"/usr/local/lib/python3.9/site-packages/flask/app.py"</cite>,
[2024-05-29T17:08:20.726+0000] {subprocess.py:93} INFO -       line <em class="line">1473</em>,
[2024-05-29T17:08:20.726+0000] {subprocess.py:93} INFO -       in <code class="function">wsgi_app</code></h4>
[2024-05-29T17:08:20.727+0000] {subprocess.py:93} INFO -   <div class="source library"><pre class="line before"><span class="ws">        </span>ctx = self.request_context(environ)</pre>
[2024-05-29T17:08:20.727+0000] {subprocess.py:93} INFO - <pre class="line before"><span class="ws">        </span>error: BaseException | None = None</pre>
[2024-05-29T17:08:20.728+0000] {subprocess.py:93} INFO - <pre class="line before"><span class="ws">        </span>try:</pre>
[2024-05-29T17:08:20.728+0000] {subprocess.py:93} INFO - <pre class="line before"><span class="ws">            </span>try:</pre>
[2024-05-29T17:08:20.728+0000] {subprocess.py:93} INFO - <pre class="line before"><span class="ws">                </span>ctx.push()</pre>
[2024-05-29T17:08:20.729+0000] {subprocess.py:93} INFO - <pre class="line current"><span class="ws">                </span>response = self.full_dispatch_request()</pre>
[2024-05-29T17:08:20.729+0000] {subprocess.py:93} INFO - <pre class="line after"><span class="ws">            </span>except Exception as e:</pre>
[2024-05-29T17:08:20.730+0000] {subprocess.py:93} INFO - <pre class="line after"><span class="ws">                </span>error = e</pre>
[2024-05-29T17:08:20.730+0000] {subprocess.py:93} INFO - <pre class="line after"><span class="ws">                </span>response = self.handle_exception(e)</pre>
[2024-05-29T17:08:20.731+0000] {subprocess.py:93} INFO - <pre class="line after"><span class="ws">            </span>except:  # noqa: B001</pre>
[2024-05-29T17:08:20.731+0000] {subprocess.py:93} INFO - <pre class="line after"><span class="ws">                </span>error = sys.exc_info()[1]</pre></div>
[2024-05-29T17:08:20.732+0000] {subprocess.py:93} INFO - </div>
[2024-05-29T17:08:20.732+0000] {subprocess.py:93} INFO - 
[2024-05-29T17:08:20.732+0000] {subprocess.py:93} INFO - <li><div class="frame" id="frame-140474387811904">
[2024-05-29T17:08:20.733+0000] {subprocess.py:93} INFO -   <h4>File <cite class="filename">"/usr/local/lib/python3.9/site-packages/flask/app.py"</cite>,
[2024-05-29T17:08:20.733+0000] {subprocess.py:93} INFO -       line <em class="line">882</em>,
[2024-05-29T17:08:20.734+0000] {subprocess.py:93} INFO -       in <code class="function">full_dispatch_request</code></h4>
[2024-05-29T17:08:20.734+0000] {subprocess.py:93} INFO -   <div class="source library"><pre class="line before"><span class="ws">            </span>request_started.send(self, _async_wrapper=self.ensure_sync)</pre>
[2024-05-29T17:08:20.734+0000] {subprocess.py:93} INFO - <pre class="line before"><span class="ws">            </span>rv = self.preprocess_request()</pre>
[2024-05-29T17:08:20.735+0000] {subprocess.py:93} INFO - <pre class="line before"><span class="ws">            </span>if rv is None:</pre>
[2024-05-29T17:08:20.735+0000] {subprocess.py:93} INFO - <pre class="line before"><span class="ws">                </span>rv = self.dispatch_request()</pre>
[2024-05-29T17:08:20.736+0000] {subprocess.py:93} INFO - <pre class="line before"><span class="ws">        </span>except Exception as e:</pre>
[2024-05-29T17:08:20.736+0000] {subprocess.py:93} INFO - <pre class="line current"><span class="ws">            </span>rv = self.handle_user_exception(e)</pre>
[2024-05-29T17:08:20.737+0000] {subprocess.py:93} INFO - <pre class="line after"><span class="ws">        </span>return self.finalize_request(rv)</pre>
[2024-05-29T17:08:20.737+0000] {subprocess.py:93} INFO - <pre class="line after"><span class="ws"></span> </pre>
[2024-05-29T17:08:20.738+0000] {subprocess.py:93} INFO - <pre class="line after"><span class="ws">    </span>def finalize_request(</pre>
[2024-05-29T17:08:20.738+0000] {subprocess.py:93} INFO - <pre class="line after"><span class="ws">        </span>self,</pre>
[2024-05-29T17:08:20.739+0000] {subprocess.py:93} INFO - <pre class="line after"><span class="ws">        </span>rv: ft.ResponseReturnValue | HTTPException,</pre></div>
[2024-05-29T17:08:20.739+0000] {subprocess.py:93} INFO - </div>
[2024-05-29T17:08:20.740+0000] {subprocess.py:93} INFO - 
[2024-05-29T17:08:20.740+0000] {subprocess.py:93} INFO - <li><div class="frame" id="frame-140474387811456">
[2024-05-29T17:08:20.741+0000] {subprocess.py:93} INFO -   <h4>File <cite class="filename">"/usr/local/lib/python3.9/site-packages/flask/app.py"</cite>,
[2024-05-29T17:08:20.741+0000] {subprocess.py:93} INFO -       line <em class="line">880</em>,
[2024-05-29T17:08:20.742+0000] {subprocess.py:93} INFO -       in <code class="function">full_dispatch_request</code></h4>
[2024-05-29T17:08:20.742+0000] {subprocess.py:93} INFO -   <div class="source library"><pre class="line before"><span class="ws"></span> </pre>
[2024-05-29T17:08:20.742+0000] {subprocess.py:93} INFO - <pre class="line before"><span class="ws">        </span>try:</pre>
[2024-05-29T17:08:20.743+0000] {subprocess.py:93} INFO - <pre class="line before"><span class="ws">            </span>request_started.send(self, _async_wrapper=self.ensure_sync)</pre>
[2024-05-29T17:08:20.743+0000] {subprocess.py:93} INFO - <pre class="line before"><span class="ws">            </span>rv = self.preprocess_request()</pre>
[2024-05-29T17:08:20.744+0000] {subprocess.py:93} INFO - <pre class="line before"><span class="ws">            </span>if rv is None:</pre>
[2024-05-29T17:08:20.744+0000] {subprocess.py:93} INFO - <pre class="line current"><span class="ws">                </span>rv = self.dispatch_request()</pre>
[2024-05-29T17:08:20.744+0000] {subprocess.py:93} INFO - <pre class="line after"><span class="ws">        </span>except Exception as e:</pre>
[2024-05-29T17:08:20.745+0000] {subprocess.py:93} INFO - <pre class="line after"><span class="ws">            </span>rv = self.handle_user_exception(e)</pre>
[2024-05-29T17:08:20.745+0000] {subprocess.py:93} INFO - <pre class="line after"><span class="ws">        </span>return self.finalize_request(rv)</pre>
[2024-05-29T17:08:20.746+0000] {subprocess.py:93} INFO - <pre class="line after"><span class="ws"></span> </pre>
[2024-05-29T17:08:20.746+0000] {subprocess.py:93} INFO - <pre class="line after"><span class="ws">    </span>def finalize_request(</pre></div>
[2024-05-29T17:08:20.747+0000] {subprocess.py:93} INFO - </div>
[2024-05-29T17:08:20.747+0000] {subprocess.py:93} INFO - 
[2024-05-29T17:08:20.748+0000] {subprocess.py:93} INFO - <li><div class="frame" id="frame-140474387812016">
[2024-05-29T17:08:20.749+0000] {subprocess.py:93} INFO -   <h4>File <cite class="filename">"/usr/local/lib/python3.9/site-packages/flask/app.py"</cite>,
[2024-05-29T17:08:20.749+0000] {subprocess.py:93} INFO -       line <em class="line">865</em>,
[2024-05-29T17:08:20.750+0000] {subprocess.py:93} INFO -       in <code class="function">dispatch_request</code></h4>
[2024-05-29T17:08:20.750+0000] {subprocess.py:93} INFO -   <div class="source library"><pre class="line before"><span class="ws">            </span>and req.method == &#34;OPTIONS&#34;</pre>
[2024-05-29T17:08:20.751+0000] {subprocess.py:93} INFO - <pre class="line before"><span class="ws">        </span>):</pre>
[2024-05-29T17:08:20.751+0000] {subprocess.py:93} INFO - <pre class="line before"><span class="ws">            </span>return self.make_default_options_response()</pre>
[2024-05-29T17:08:20.752+0000] {subprocess.py:93} INFO - <pre class="line before"><span class="ws">        </span># otherwise dispatch to the handler for that endpoint</pre>
[2024-05-29T17:08:20.752+0000] {subprocess.py:93} INFO - <pre class="line before"><span class="ws">        </span>view_args: dict[str, t.Any] = req.view_args  # type: ignore[assignment]</pre>
[2024-05-29T17:08:20.753+0000] {subprocess.py:93} INFO - <pre class="line current"><span class="ws">        </span>return self.ensure_sync(self.view_functions[rule.endpoint])(**view_args)  # type: ignore[no-any-return]</pre>
[2024-05-29T17:08:20.753+0000] {subprocess.py:93} INFO - <pre class="line after"><span class="ws"></span> </pre>
[2024-05-29T17:08:20.753+0000] {subprocess.py:93} INFO - <pre class="line after"><span class="ws">    </span>def full_dispatch_request(self) -&gt; Response:</pre>
[2024-05-29T17:08:20.754+0000] {subprocess.py:93} INFO - <pre class="line after"><span class="ws">        </span>&#34;&#34;&#34;Dispatches the request and on top of that performs request</pre>
[2024-05-29T17:08:20.754+0000] {subprocess.py:93} INFO - <pre class="line after"><span class="ws">        </span>pre and postprocessing as well as HTTP exception catching and</pre>
[2024-05-29T17:08:20.755+0000] {subprocess.py:93} INFO - <pre class="line after"><span class="ws">        </span>error handling.</pre></div>
[2024-05-29T17:08:20.755+0000] {subprocess.py:93} INFO - </div>
[2024-05-29T17:08:20.756+0000] {subprocess.py:93} INFO - 
[2024-05-29T17:08:20.757+0000] {subprocess.py:93} INFO - <li><div class="frame" id="frame-140474387812128">
[2024-05-29T17:08:20.757+0000] {subprocess.py:93} INFO -   <h4>File <cite class="filename">"/app/appflask.py"</cite>,
[2024-05-29T17:08:20.758+0000] {subprocess.py:93} INFO -       line <em class="line">206</em>,
[2024-05-29T17:08:20.758+0000] {subprocess.py:93} INFO -       in <code class="function">check_send_status</code></h4>
[2024-05-29T17:08:20.759+0000] {subprocess.py:93} INFO -   <div class="source "><pre class="line before"><span class="ws">        </span>return str(e)</pre>
[2024-05-29T17:08:20.759+0000] {subprocess.py:93} INFO - <pre class="line before"><span class="ws"></span> </pre>
[2024-05-29T17:08:20.760+0000] {subprocess.py:93} INFO - <pre class="line before"><span class="ws"></span>@app.route(&#39;/check_send_status&#39;, methods=[&#39;GET&#39;])</pre>
[2024-05-29T17:08:20.761+0000] {subprocess.py:93} INFO - <pre class="line before"><span class="ws"></span>def check_send_status():</pre>
[2024-05-29T17:08:20.761+0000] {subprocess.py:93} INFO - <pre class="line before"><span class="ws">    </span>global last_status</pre>
[2024-05-29T17:08:20.762+0000] {subprocess.py:93} INFO - <pre class="line current"><span class="ws">    </span>return jsonify(last_status)</pre>
[2024-05-29T17:08:20.762+0000] {subprocess.py:93} INFO - <pre class="line after"><span class="ws"></span> </pre>
[2024-05-29T17:08:20.763+0000] {subprocess.py:93} INFO - <pre class="line after"><span class="ws"></span>if __name__ == &#39;__main__&#39;:</pre>
[2024-05-29T17:08:20.763+0000] {subprocess.py:93} INFO - <pre class="line after"><span class="ws">    </span>app.run(host=&#39;0.0.0.0&#39;, port=5000, debug=True)</pre></div>
[2024-05-29T17:08:20.764+0000] {subprocess.py:93} INFO - </div>
[2024-05-29T17:08:20.764+0000] {subprocess.py:93} INFO - </ul>
[2024-05-29T17:08:20.764+0000] {subprocess.py:93} INFO -   <blockquote>NameError: name &#39;last_status&#39; is not defined
[2024-05-29T17:08:20.765+0000] {subprocess.py:93} INFO - </blockquote>
[2024-05-29T17:08:20.765+0000] {subprocess.py:93} INFO - </div>
[2024-05-29T17:08:20.766+0000] {subprocess.py:93} INFO - 
[2024-05-29T17:08:20.766+0000] {subprocess.py:93} INFO - <div class="plain">
[2024-05-29T17:08:20.767+0000] {subprocess.py:93} INFO -     <p>
[2024-05-29T17:08:20.767+0000] {subprocess.py:93} INFO -       This is the Copy/Paste friendly version of the traceback.
[2024-05-29T17:08:20.768+0000] {subprocess.py:93} INFO -     </p>
[2024-05-29T17:08:20.769+0000] {subprocess.py:93} INFO -     <textarea cols="50" rows="10" name="code" readonly>Traceback (most recent call last):
[2024-05-29T17:08:20.769+0000] {subprocess.py:93} INFO -   File &#34;/usr/local/lib/python3.9/site-packages/flask/app.py&#34;, line 1498, in __call__
[2024-05-29T17:08:20.770+0000] {subprocess.py:93} INFO -     return self.wsgi_app(environ, start_response)
[2024-05-29T17:08:20.770+0000] {subprocess.py:93} INFO -   File &#34;/usr/local/lib/python3.9/site-packages/flask/app.py&#34;, line 1476, in wsgi_app
[2024-05-29T17:08:20.771+0000] {subprocess.py:93} INFO -     response = self.handle_exception(e)
[2024-05-29T17:08:20.771+0000] {subprocess.py:93} INFO -   File &#34;/usr/local/lib/python3.9/site-packages/flask/app.py&#34;, line 1473, in wsgi_app
[2024-05-29T17:08:20.772+0000] {subprocess.py:93} INFO -     response = self.full_dispatch_request()
[2024-05-29T17:08:20.772+0000] {subprocess.py:93} INFO -   File &#34;/usr/local/lib/python3.9/site-packages/flask/app.py&#34;, line 882, in full_dispatch_request
[2024-05-29T17:08:20.773+0000] {subprocess.py:93} INFO -     rv = self.handle_user_exception(e)
[2024-05-29T17:08:20.773+0000] {subprocess.py:93} INFO -   File &#34;/usr/local/lib/python3.9/site-packages/flask/app.py&#34;, line 880, in full_dispatch_request
[2024-05-29T17:08:20.773+0000] {subprocess.py:93} INFO -     rv = self.dispatch_request()
[2024-05-29T17:08:20.774+0000] {subprocess.py:93} INFO -   File &#34;/usr/local/lib/python3.9/site-packages/flask/app.py&#34;, line 865, in dispatch_request
[2024-05-29T17:08:20.774+0000] {subprocess.py:93} INFO -     return self.ensure_sync(self.view_functions[rule.endpoint])(**view_args)  # type: ignore[no-any-return]
[2024-05-29T17:08:20.775+0000] {subprocess.py:93} INFO -   File &#34;/app/appflask.py&#34;, line 206, in check_send_status
[2024-05-29T17:08:20.775+0000] {subprocess.py:93} INFO -     return jsonify(last_status)
[2024-05-29T17:08:20.776+0000] {subprocess.py:93} INFO - NameError: name &#39;last_status&#39; is not defined
[2024-05-29T17:08:20.776+0000] {subprocess.py:93} INFO - </textarea>
[2024-05-29T17:08:20.777+0000] {subprocess.py:93} INFO - </div>
[2024-05-29T17:08:20.777+0000] {subprocess.py:93} INFO - <div class="explanation">
[2024-05-29T17:08:20.778+0000] {subprocess.py:93} INFO -   The debugger caught an exception in your WSGI application.  You can now
[2024-05-29T17:08:20.778+0000] {subprocess.py:93} INFO -   look at the traceback which led to the error.  <span class="nojavascript">
[2024-05-29T17:08:20.779+0000] {subprocess.py:93} INFO -   If you enable JavaScript you can also use additional features such as code
[2024-05-29T17:08:20.779+0000] {subprocess.py:93} INFO -   execution (if the evalex feature is enabled), automatic pasting of the
[2024-05-29T17:08:20.780+0000] {subprocess.py:93} INFO -   exceptions and much more.</span>
[2024-05-29T17:08:20.780+0000] {subprocess.py:93} INFO - </div>
[2024-05-29T17:08:20.781+0000] {subprocess.py:93} INFO -       <div class="footer">
[2024-05-29T17:08:20.781+0000] {subprocess.py:93} INFO -         Brought to you by <strong class="arthur">DON'T PANIC</strong>, your
[2024-05-29T17:08:20.782+0000] {subprocess.py:93} INFO -         friendly Werkzeug powered traceback interpreter.
[2024-05-29T17:08:20.782+0000] {subprocess.py:93} INFO -       </div>
[2024-05-29T17:08:20.783+0000] {subprocess.py:93} INFO -     </div>
[2024-05-29T17:08:20.783+0000] {subprocess.py:93} INFO - 
[2024-05-29T17:08:20.784+0000] {subprocess.py:93} INFO -     <div class="pin-prompt">
[2024-05-29T17:08:20.784+0000] {subprocess.py:93} INFO -       <div class="inner">
[2024-05-29T17:08:20.785+0000] {subprocess.py:93} INFO -         <h3>Console Locked</h3>
[2024-05-29T17:08:20.786+0000] {subprocess.py:93} INFO -         <p>
[2024-05-29T17:08:20.786+0000] {subprocess.py:93} INFO -           The console is locked and needs to be unlocked by entering the PIN.
[2024-05-29T17:08:20.787+0000] {subprocess.py:93} INFO -           You can find the PIN printed out on the standard output of your
[2024-05-29T17:08:20.787+0000] {subprocess.py:93} INFO -           shell that runs the server.
[2024-05-29T17:08:20.788+0000] {subprocess.py:93} INFO -         <form>
[2024-05-29T17:08:20.788+0000] {subprocess.py:93} INFO -           <p>PIN:
[2024-05-29T17:08:20.789+0000] {subprocess.py:93} INFO -             <input type=text name=pin size=14>
[2024-05-29T17:08:20.789+0000] {subprocess.py:93} INFO -             <input type=submit name=btn value="Confirm Pin">
[2024-05-29T17:08:20.790+0000] {subprocess.py:93} INFO -         </form>
[2024-05-29T17:08:20.790+0000] {subprocess.py:93} INFO -       </div>
[2024-05-29T17:08:20.791+0000] {subprocess.py:93} INFO -     </div>
[2024-05-29T17:08:20.791+0000] {subprocess.py:93} INFO -   </body>
[2024-05-29T17:08:20.791+0000] {subprocess.py:93} INFO - </html>
[2024-05-29T17:08:20.792+0000] {subprocess.py:93} INFO - 
[2024-05-29T17:08:20.792+0000] {subprocess.py:93} INFO - <!--
[2024-05-29T17:08:20.793+0000] {subprocess.py:93} INFO - 
[2024-05-29T17:08:20.793+0000] {subprocess.py:93} INFO - Traceback (most recent call last):
[2024-05-29T17:08:20.794+0000] {subprocess.py:93} INFO -   File "/usr/local/lib/python3.9/site-packages/flask/app.py", line 1498, in __call__
[2024-05-29T17:08:20.794+0000] {subprocess.py:93} INFO -     return self.wsgi_app(environ, start_response)
[2024-05-29T17:08:20.795+0000] {subprocess.py:93} INFO -   File "/usr/local/lib/python3.9/site-packages/flask/app.py", line 1476, in wsgi_app
[2024-05-29T17:08:20.795+0000] {subprocess.py:93} INFO -     response = self.handle_exception(e)
[2024-05-29T17:08:20.796+0000] {subprocess.py:93} INFO -   File "/usr/local/lib/python3.9/site-packages/flask/app.py", line 1473, in wsgi_app
[2024-05-29T17:08:20.796+0000] {subprocess.py:93} INFO -     response = self.full_dispatch_request()
[2024-05-29T17:08:20.797+0000] {subprocess.py:93} INFO -   File "/usr/local/lib/python3.9/site-packages/flask/app.py", line 882, in full_dispatch_r100 12805  100 12805    0     0  1474k      0 --:--:-- --:--:-- --:--:-- 1563k
[2024-05-29T17:08:20.797+0000] {subprocess.py:93} INFO - equest
[2024-05-29T17:08:20.798+0000] {subprocess.py:93} INFO -     rv = self.handle_user_exception(e)
[2024-05-29T17:08:20.798+0000] {subprocess.py:93} INFO -   File "/usr/local/lib/python3.9/site-packages/flask/app.py", line 880, in full_dispatch_request
[2024-05-29T17:08:20.799+0000] {subprocess.py:93} INFO -     rv = self.dispatch_request()
[2024-05-29T17:08:20.800+0000] {subprocess.py:93} INFO -   File "/usr/local/lib/python3.9/site-packages/flask/app.py", line 865, in dispatch_request
[2024-05-29T17:08:20.800+0000] {subprocess.py:93} INFO -     return self.ensure_sync(self.view_functions[rule.endpoint])(**view_args)  # type: ignore[no-any-return]
[2024-05-29T17:08:20.801+0000] {subprocess.py:93} INFO -   File "/app/appflask.py", line 206, in check_send_status
[2024-05-29T17:08:20.801+0000] {subprocess.py:93} INFO -     return jsonify(last_status)
[2024-05-29T17:08:20.802+0000] {subprocess.py:93} INFO - NameError: name 'last_status' is not defined
[2024-05-29T17:08:20.802+0000] {subprocess.py:93} INFO - 
[2024-05-29T17:08:20.803+0000] {subprocess.py:93} INFO - 
[2024-05-29T17:08:20.803+0000] {subprocess.py:93} INFO - -->
[2024-05-29T17:08:20.804+0000] {subprocess.py:97} INFO - Command exited with return code 0
[2024-05-29T17:08:20.806+0000] {taskinstance.py:441} INFO - ::group::Post task execution logs
[2024-05-29T17:08:20.881+0000] {taskinstance.py:1206} INFO - Marking task as SUCCESS. dag_id=flask_monitoring, task_id=check_flask_health, run_id=scheduled__2024-05-28T00:40:00+00:00, execution_date=20240528T004000, start_date=20240529T170820, end_date=20240529T170820
[2024-05-29T17:08:20.948+0000] {local_task_job_runner.py:240} INFO - Task exited with return code 0
[2024-05-29T17:08:21.002+0000] {taskinstance.py:3498} INFO - 1 downstream tasks scheduled from follow-on schedule check
[2024-05-29T17:08:21.021+0000] {local_task_job_runner.py:222} INFO - ::endgroup::
