[2024-06-02T10:42:59.821+0000] {local_task_job_runner.py:120} INFO - ::group::Pre task execution logs
[2024-06-02T10:42:59.871+0000] {taskinstance.py:2076} INFO - Dependencies all met for dep_context=non-requeueable deps ti=<TaskInstance: dag_with_docker_operator.check_status scheduled__2024-06-02T02:30:00+00:00 [queued]>
[2024-06-02T10:42:59.892+0000] {taskinstance.py:2076} INFO - Dependencies all met for dep_context=requeueable deps ti=<TaskInstance: dag_with_docker_operator.check_status scheduled__2024-06-02T02:30:00+00:00 [queued]>
[2024-06-02T10:42:59.893+0000] {taskinstance.py:2306} INFO - Starting attempt 1 of 2
[2024-06-02T10:43:00.042+0000] {taskinstance.py:2330} INFO - Executing <Task(PythonOperator): check_status> on 2024-06-02 02:30:00+00:00
[2024-06-02T10:43:00.048+0000] {standard_task_runner.py:63} INFO - Started process 1086 to run task
[2024-06-02T10:43:00.052+0000] {standard_task_runner.py:90} INFO - Running: ['airflow', 'tasks', 'run', 'dag_with_docker_operator', 'check_status', 'scheduled__2024-06-02T02:30:00+00:00', '--job-id', '865', '--raw', '--subdir', 'DAGS_FOLDER/dag_with_docker_operator.py', '--cfg-path', '/tmp/tmpi4qxq47r']
[2024-06-02T10:43:00.054+0000] {standard_task_runner.py:91} INFO - Job 865: Subtask check_status
[2024-06-02T10:43:00.178+0000] {task_command.py:426} INFO - Running <TaskInstance: dag_with_docker_operator.check_status scheduled__2024-06-02T02:30:00+00:00 [running]> on host 9c47fcd741af
[2024-06-02T10:43:00.402+0000] {taskinstance.py:2648} INFO - Exporting env vars: AIRFLOW_CTX_DAG_OWNER='airflow' AIRFLOW_CTX_DAG_ID='dag_with_docker_operator' AIRFLOW_CTX_TASK_ID='check_status' AIRFLOW_CTX_EXECUTION_DATE='2024-06-02T02:30:00+00:00' AIRFLOW_CTX_TRY_NUMBER='1' AIRFLOW_CTX_DAG_RUN_ID='scheduled__2024-06-02T02:30:00+00:00'
[2024-06-02T10:43:00.404+0000] {taskinstance.py:430} INFO - ::endgroup::
[2024-06-02T10:43:00.432+0000] {python.py:237} INFO - Done. Returned value was: {'status': 'success'}
[2024-06-02T10:43:00.433+0000] {taskinstance.py:441} INFO - ::group::Post task execution logs
[2024-06-02T10:43:00.504+0000] {taskinstance.py:1206} INFO - Marking task as SUCCESS. dag_id=dag_with_docker_operator, task_id=check_status, run_id=scheduled__2024-06-02T02:30:00+00:00, execution_date=20240602T023000, start_date=20240602T104259, end_date=20240602T104300
[2024-06-02T10:43:00.630+0000] {local_task_job_runner.py:240} INFO - Task exited with return code 0
[2024-06-02T10:43:00.712+0000] {taskinstance.py:3498} INFO - 0 downstream tasks scheduled from follow-on schedule check
[2024-06-02T10:43:00.715+0000] {local_task_job_runner.py:222} INFO - ::endgroup::
[2024-06-02T11:42:31.880+0000] {local_task_job_runner.py:120} INFO - ::group::Pre task execution logs
[2024-06-02T11:42:31.923+0000] {taskinstance.py:2076} INFO - Dependencies all met for dep_context=non-requeueable deps ti=<TaskInstance: dag_with_docker_operator.check_status scheduled__2024-06-02T02:30:00+00:00 [queued]>
[2024-06-02T11:42:31.941+0000] {taskinstance.py:2076} INFO - Dependencies all met for dep_context=requeueable deps ti=<TaskInstance: dag_with_docker_operator.check_status scheduled__2024-06-02T02:30:00+00:00 [queued]>
[2024-06-02T11:42:31.942+0000] {taskinstance.py:2306} INFO - Starting attempt 1 of 2
[2024-06-02T11:42:32.078+0000] {taskinstance.py:2330} INFO - Executing <Task(PythonOperator): check_status> on 2024-06-02 02:30:00+00:00
[2024-06-02T11:42:32.084+0000] {standard_task_runner.py:63} INFO - Started process 2010 to run task
[2024-06-02T11:42:32.086+0000] {standard_task_runner.py:90} INFO - Running: ['airflow', 'tasks', 'run', 'dag_with_docker_operator', 'check_status', 'scheduled__2024-06-02T02:30:00+00:00', '--job-id', '865', '--raw', '--subdir', 'DAGS_FOLDER/dag_with_docker_operator.py', '--cfg-path', '/tmp/tmp7sj_zmo7']
[2024-06-02T11:42:32.088+0000] {standard_task_runner.py:91} INFO - Job 865: Subtask check_status
[2024-06-02T11:42:32.196+0000] {task_command.py:426} INFO - Running <TaskInstance: dag_with_docker_operator.check_status scheduled__2024-06-02T02:30:00+00:00 [running]> on host 9c47fcd741af
[2024-06-02T11:42:32.388+0000] {taskinstance.py:2648} INFO - Exporting env vars: AIRFLOW_CTX_DAG_OWNER='airflow' AIRFLOW_CTX_DAG_ID='dag_with_docker_operator' AIRFLOW_CTX_TASK_ID='check_status' AIRFLOW_CTX_EXECUTION_DATE='2024-06-02T02:30:00+00:00' AIRFLOW_CTX_TRY_NUMBER='1' AIRFLOW_CTX_DAG_RUN_ID='scheduled__2024-06-02T02:30:00+00:00'
[2024-06-02T11:42:32.390+0000] {taskinstance.py:430} INFO - ::endgroup::
[2024-06-02T11:42:32.431+0000] {python.py:237} INFO - Done. Returned value was: {'status': 'failed'}
[2024-06-02T11:42:32.432+0000] {taskinstance.py:441} INFO - ::group::Post task execution logs
[2024-06-02T11:42:32.495+0000] {taskinstance.py:1206} INFO - Marking task as SUCCESS. dag_id=dag_with_docker_operator, task_id=check_status, run_id=scheduled__2024-06-02T02:30:00+00:00, execution_date=20240602T023000, start_date=20240602T114231, end_date=20240602T114232
[2024-06-02T11:42:32.580+0000] {local_task_job_runner.py:240} INFO - Task exited with return code 0
[2024-06-02T11:42:32.611+0000] {taskinstance.py:3498} INFO - 0 downstream tasks scheduled from follow-on schedule check
[2024-06-02T11:42:32.614+0000] {local_task_job_runner.py:222} INFO - ::endgroup::
[2024-06-02T12:42:37.101+0000] {local_task_job_runner.py:120} INFO - ::group::Pre task execution logs
[2024-06-02T12:42:37.162+0000] {taskinstance.py:2076} INFO - Dependencies all met for dep_context=non-requeueable deps ti=<TaskInstance: dag_with_docker_operator.check_status scheduled__2024-06-02T02:30:00+00:00 [queued]>
[2024-06-02T12:42:37.186+0000] {taskinstance.py:2076} INFO - Dependencies all met for dep_context=requeueable deps ti=<TaskInstance: dag_with_docker_operator.check_status scheduled__2024-06-02T02:30:00+00:00 [queued]>
[2024-06-02T12:42:37.186+0000] {taskinstance.py:2306} INFO - Starting attempt 1 of 2
[2024-06-02T12:42:37.257+0000] {taskinstance.py:2330} INFO - Executing <Task(PythonOperator): check_status> on 2024-06-02 02:30:00+00:00
[2024-06-02T12:42:37.263+0000] {standard_task_runner.py:63} INFO - Started process 3593 to run task
[2024-06-02T12:42:37.267+0000] {standard_task_runner.py:90} INFO - Running: ['airflow', 'tasks', 'run', 'dag_with_docker_operator', 'check_status', 'scheduled__2024-06-02T02:30:00+00:00', '--job-id', '916', '--raw', '--subdir', 'DAGS_FOLDER/dag_with_docker_operator.py', '--cfg-path', '/tmp/tmpj3sjkh2q']
[2024-06-02T12:42:37.270+0000] {standard_task_runner.py:91} INFO - Job 916: Subtask check_status
[2024-06-02T12:42:37.616+0000] {task_command.py:426} INFO - Running <TaskInstance: dag_with_docker_operator.check_status scheduled__2024-06-02T02:30:00+00:00 [running]> on host 9c47fcd741af
[2024-06-02T12:42:37.820+0000] {taskinstance.py:2648} INFO - Exporting env vars: AIRFLOW_CTX_DAG_OWNER='airflow' AIRFLOW_CTX_DAG_ID='dag_with_docker_operator' AIRFLOW_CTX_TASK_ID='check_status' AIRFLOW_CTX_EXECUTION_DATE='2024-06-02T02:30:00+00:00' AIRFLOW_CTX_TRY_NUMBER='1' AIRFLOW_CTX_DAG_RUN_ID='scheduled__2024-06-02T02:30:00+00:00'
[2024-06-02T12:42:37.821+0000] {taskinstance.py:430} INFO - ::endgroup::
[2024-06-02T12:42:37.894+0000] {taskinstance.py:441} INFO - ::group::Post task execution logs
[2024-06-02T12:42:37.928+0000] {taskinstance.py:2905} ERROR - Task failed with exception
Traceback (most recent call last):
  File "/home/airflow/.local/lib/python3.12/site-packages/airflow/models/taskinstance.py", line 465, in _execute_task
    result = _execute_callable(context=context, **execute_callable_kwargs)
             ^^^^^^^^^^^^^^^^^^^^^^^^^^^^^^^^^^^^^^^^^^^^^^^^^^^^^^^^^^^^^
  File "/home/airflow/.local/lib/python3.12/site-packages/airflow/models/taskinstance.py", line 432, in _execute_callable
    return execute_callable(context=context, **execute_callable_kwargs)
           ^^^^^^^^^^^^^^^^^^^^^^^^^^^^^^^^^^^^^^^^^^^^^^^^^^^^^^^^^^^^
  File "/home/airflow/.local/lib/python3.12/site-packages/airflow/models/baseoperator.py", line 400, in wrapper
    return func(self, *args, **kwargs)
           ^^^^^^^^^^^^^^^^^^^^^^^^^^^
  File "/home/airflow/.local/lib/python3.12/site-packages/airflow/operators/python.py", line 235, in execute
    return_value = self.execute_callable()
                   ^^^^^^^^^^^^^^^^^^^^^^^
  File "/home/airflow/.local/lib/python3.12/site-packages/airflow/operators/python.py", line 252, in execute_callable
    return self.python_callable(*self.op_args, **self.op_kwargs)
           ^^^^^^^^^^^^^^^^^^^^^^^^^^^^^^^^^^^^^^^^^^^^^^^^^^^^^
  File "/opt/airflow/dags/dag_with_docker_operator.py", line 24, in check_send_status
    raise ValueError(f"Request returned non-success status: {response_json.get('status')}")
ValueError: Request returned non-success status: failed
[2024-06-02T12:42:38.140+0000] {taskinstance.py:1206} INFO - Marking task as UP_FOR_RETRY. dag_id=dag_with_docker_operator, task_id=check_status, run_id=scheduled__2024-06-02T02:30:00+00:00, execution_date=20240602T023000, start_date=20240602T124237, end_date=20240602T124238
[2024-06-02T12:42:38.388+0000] {standard_task_runner.py:110} ERROR - Failed to execute job 916 for task check_status (Request returned non-success status: failed; 3593)
[2024-06-02T12:42:38.448+0000] {local_task_job_runner.py:240} INFO - Task exited with return code 1
[2024-06-02T12:42:38.610+0000] {taskinstance.py:3498} INFO - 0 downstream tasks scheduled from follow-on schedule check
[2024-06-02T12:42:38.617+0000] {local_task_job_runner.py:222} INFO - ::endgroup::
