[2024-06-02T10:43:35.984+0000] {local_task_job_runner.py:120} INFO - ::group::Pre task execution logs
[2024-06-02T10:43:36.075+0000] {taskinstance.py:2076} INFO - Dependencies all met for dep_context=non-requeueable deps ti=<TaskInstance: dag_with_docker_operator.check_status scheduled__2024-06-02T03:30:00+00:00 [queued]>
[2024-06-02T10:43:36.128+0000] {taskinstance.py:2076} INFO - Dependencies all met for dep_context=requeueable deps ti=<TaskInstance: dag_with_docker_operator.check_status scheduled__2024-06-02T03:30:00+00:00 [queued]>
[2024-06-02T10:43:36.131+0000] {taskinstance.py:2306} INFO - Starting attempt 1 of 2
[2024-06-02T10:43:36.330+0000] {taskinstance.py:2330} INFO - Executing <Task(PythonOperator): check_status> on 2024-06-02 03:30:00+00:00
[2024-06-02T10:43:36.335+0000] {standard_task_runner.py:63} INFO - Started process 1108 to run task
[2024-06-02T10:43:36.340+0000] {standard_task_runner.py:90} INFO - Running: ['airflow', 'tasks', 'run', 'dag_with_docker_operator', 'check_status', 'scheduled__2024-06-02T03:30:00+00:00', '--job-id', '869', '--raw', '--subdir', 'DAGS_FOLDER/dag_with_docker_operator.py', '--cfg-path', '/tmp/tmpnvl9tbgi']
[2024-06-02T10:43:36.342+0000] {standard_task_runner.py:91} INFO - Job 869: Subtask check_status
[2024-06-02T10:43:36.460+0000] {task_command.py:426} INFO - Running <TaskInstance: dag_with_docker_operator.check_status scheduled__2024-06-02T03:30:00+00:00 [running]> on host 9c47fcd741af
[2024-06-02T10:43:36.931+0000] {taskinstance.py:2648} INFO - Exporting env vars: AIRFLOW_CTX_DAG_OWNER='airflow' AIRFLOW_CTX_DAG_ID='dag_with_docker_operator' AIRFLOW_CTX_TASK_ID='check_status' AIRFLOW_CTX_EXECUTION_DATE='2024-06-02T03:30:00+00:00' AIRFLOW_CTX_TRY_NUMBER='1' AIRFLOW_CTX_DAG_RUN_ID='scheduled__2024-06-02T03:30:00+00:00'
[2024-06-02T10:43:36.932+0000] {taskinstance.py:430} INFO - ::endgroup::
[2024-06-02T10:43:36.960+0000] {python.py:237} INFO - Done. Returned value was: {'status': 'success'}
[2024-06-02T10:43:36.963+0000] {taskinstance.py:441} INFO - ::group::Post task execution logs
[2024-06-02T10:43:37.026+0000] {taskinstance.py:1206} INFO - Marking task as SUCCESS. dag_id=dag_with_docker_operator, task_id=check_status, run_id=scheduled__2024-06-02T03:30:00+00:00, execution_date=20240602T033000, start_date=20240602T104336, end_date=20240602T104337
[2024-06-02T10:43:37.115+0000] {local_task_job_runner.py:240} INFO - Task exited with return code 0
[2024-06-02T10:43:37.146+0000] {taskinstance.py:3498} INFO - 0 downstream tasks scheduled from follow-on schedule check
[2024-06-02T10:43:37.149+0000] {local_task_job_runner.py:222} INFO - ::endgroup::
[2024-06-02T11:43:06.844+0000] {local_task_job_runner.py:120} INFO - ::group::Pre task execution logs
[2024-06-02T11:43:06.894+0000] {taskinstance.py:2076} INFO - Dependencies all met for dep_context=non-requeueable deps ti=<TaskInstance: dag_with_docker_operator.check_status scheduled__2024-06-02T03:30:00+00:00 [queued]>
[2024-06-02T11:43:06.917+0000] {taskinstance.py:2076} INFO - Dependencies all met for dep_context=requeueable deps ti=<TaskInstance: dag_with_docker_operator.check_status scheduled__2024-06-02T03:30:00+00:00 [queued]>
[2024-06-02T11:43:06.917+0000] {taskinstance.py:2306} INFO - Starting attempt 1 of 2
[2024-06-02T11:43:07.067+0000] {taskinstance.py:2330} INFO - Executing <Task(PythonOperator): check_status> on 2024-06-02 03:30:00+00:00
[2024-06-02T11:43:07.073+0000] {standard_task_runner.py:63} INFO - Started process 2027 to run task
[2024-06-02T11:43:07.076+0000] {standard_task_runner.py:90} INFO - Running: ['airflow', 'tasks', 'run', 'dag_with_docker_operator', 'check_status', 'scheduled__2024-06-02T03:30:00+00:00', '--job-id', '868', '--raw', '--subdir', 'DAGS_FOLDER/dag_with_docker_operator.py', '--cfg-path', '/tmp/tmpzxm79ids']
[2024-06-02T11:43:07.078+0000] {standard_task_runner.py:91} INFO - Job 868: Subtask check_status
[2024-06-02T11:43:07.193+0000] {task_command.py:426} INFO - Running <TaskInstance: dag_with_docker_operator.check_status scheduled__2024-06-02T03:30:00+00:00 [running]> on host 9c47fcd741af
[2024-06-02T11:43:07.421+0000] {taskinstance.py:2648} INFO - Exporting env vars: AIRFLOW_CTX_DAG_OWNER='airflow' AIRFLOW_CTX_DAG_ID='dag_with_docker_operator' AIRFLOW_CTX_TASK_ID='check_status' AIRFLOW_CTX_EXECUTION_DATE='2024-06-02T03:30:00+00:00' AIRFLOW_CTX_TRY_NUMBER='1' AIRFLOW_CTX_DAG_RUN_ID='scheduled__2024-06-02T03:30:00+00:00'
[2024-06-02T11:43:07.422+0000] {taskinstance.py:430} INFO - ::endgroup::
[2024-06-02T11:43:07.457+0000] {python.py:237} INFO - Done. Returned value was: {'status': 'failed'}
[2024-06-02T11:43:07.459+0000] {taskinstance.py:441} INFO - ::group::Post task execution logs
[2024-06-02T11:43:07.535+0000] {taskinstance.py:1206} INFO - Marking task as SUCCESS. dag_id=dag_with_docker_operator, task_id=check_status, run_id=scheduled__2024-06-02T03:30:00+00:00, execution_date=20240602T033000, start_date=20240602T114306, end_date=20240602T114307
[2024-06-02T11:43:07.654+0000] {local_task_job_runner.py:240} INFO - Task exited with return code 0
[2024-06-02T11:43:07.698+0000] {taskinstance.py:3498} INFO - 0 downstream tasks scheduled from follow-on schedule check
[2024-06-02T11:43:07.700+0000] {local_task_job_runner.py:222} INFO - ::endgroup::
[2024-06-02T12:44:16.413+0000] {local_task_job_runner.py:120} INFO - ::group::Pre task execution logs
[2024-06-02T12:44:16.535+0000] {taskinstance.py:2076} INFO - Dependencies all met for dep_context=non-requeueable deps ti=<TaskInstance: dag_with_docker_operator.check_status scheduled__2024-06-02T03:30:00+00:00 [queued]>
[2024-06-02T12:44:16.559+0000] {taskinstance.py:2076} INFO - Dependencies all met for dep_context=requeueable deps ti=<TaskInstance: dag_with_docker_operator.check_status scheduled__2024-06-02T03:30:00+00:00 [queued]>
[2024-06-02T12:44:16.560+0000] {taskinstance.py:2306} INFO - Starting attempt 1 of 2
[2024-06-02T12:44:16.668+0000] {taskinstance.py:2330} INFO - Executing <Task(PythonOperator): check_status> on 2024-06-02 03:30:00+00:00
[2024-06-02T12:44:16.674+0000] {standard_task_runner.py:63} INFO - Started process 3632 to run task
[2024-06-02T12:44:16.677+0000] {standard_task_runner.py:90} INFO - Running: ['airflow', 'tasks', 'run', 'dag_with_docker_operator', 'check_status', 'scheduled__2024-06-02T03:30:00+00:00', '--job-id', '923', '--raw', '--subdir', 'DAGS_FOLDER/dag_with_docker_operator.py', '--cfg-path', '/tmp/tmpb57sh625']
[2024-06-02T12:44:16.679+0000] {standard_task_runner.py:91} INFO - Job 923: Subtask check_status
[2024-06-02T12:44:16.982+0000] {task_command.py:426} INFO - Running <TaskInstance: dag_with_docker_operator.check_status scheduled__2024-06-02T03:30:00+00:00 [running]> on host 9c47fcd741af
[2024-06-02T12:44:17.355+0000] {taskinstance.py:2648} INFO - Exporting env vars: AIRFLOW_CTX_DAG_OWNER='airflow' AIRFLOW_CTX_DAG_ID='dag_with_docker_operator' AIRFLOW_CTX_TASK_ID='check_status' AIRFLOW_CTX_EXECUTION_DATE='2024-06-02T03:30:00+00:00' AIRFLOW_CTX_TRY_NUMBER='1' AIRFLOW_CTX_DAG_RUN_ID='scheduled__2024-06-02T03:30:00+00:00'
[2024-06-02T12:44:17.356+0000] {taskinstance.py:430} INFO - ::endgroup::
[2024-06-02T12:44:17.382+0000] {taskinstance.py:441} INFO - ::group::Post task execution logs
[2024-06-02T12:44:17.383+0000] {taskinstance.py:2905} ERROR - Task failed with exception
Traceback (most recent call last):
  File "/home/airflow/.local/lib/python3.12/site-packages/airflow/models/taskinstance.py", line 465, in _execute_task
    result = _execute_callable(context=context, **execute_callable_kwargs)
             ^^^^^^^^^^^^^^^^^^^^^^^^^^^^^^^^^^^^^^^^^^^^^^^^^^^^^^^^^^^^^
  File "/home/airflow/.local/lib/python3.12/site-packages/airflow/models/taskinstance.py", line 432, in _execute_callable
    return execute_callable(context=context, **execute_callable_kwargs)
           ^^^^^^^^^^^^^^^^^^^^^^^^^^^^^^^^^^^^^^^^^^^^^^^^^^^^^^^^^^^^
  File "/home/airflow/.local/lib/python3.12/site-packages/airflow/models/baseoperator.py", line 400, in wrapper
    return func(self, *args, **kwargs)
           ^^^^^^^^^^^^^^^^^^^^^^^^^^^
  File "/home/airflow/.local/lib/python3.12/site-packages/airflow/operators/python.py", line 235, in execute
    return_value = self.execute_callable()
                   ^^^^^^^^^^^^^^^^^^^^^^^
  File "/home/airflow/.local/lib/python3.12/site-packages/airflow/operators/python.py", line 252, in execute_callable
    return self.python_callable(*self.op_args, **self.op_kwargs)
           ^^^^^^^^^^^^^^^^^^^^^^^^^^^^^^^^^^^^^^^^^^^^^^^^^^^^^
  File "/opt/airflow/dags/dag_with_docker_operator.py", line 24, in check_send_status
    raise ValueError(f"Request returned non-success status: {response_json.get('status')}")
ValueError: Request returned non-success status: failed
[2024-06-02T12:44:17.407+0000] {taskinstance.py:1206} INFO - Marking task as UP_FOR_RETRY. dag_id=dag_with_docker_operator, task_id=check_status, run_id=scheduled__2024-06-02T03:30:00+00:00, execution_date=20240602T033000, start_date=20240602T124416, end_date=20240602T124417
[2024-06-02T12:44:17.506+0000] {standard_task_runner.py:110} ERROR - Failed to execute job 923 for task check_status (Request returned non-success status: failed; 3632)
[2024-06-02T12:44:17.534+0000] {local_task_job_runner.py:240} INFO - Task exited with return code 1
[2024-06-02T12:44:17.672+0000] {taskinstance.py:3498} INFO - 0 downstream tasks scheduled from follow-on schedule check
[2024-06-02T12:44:17.674+0000] {local_task_job_runner.py:222} INFO - ::endgroup::
