[2024-05-29T17:16:30.097+0000] {local_task_job_runner.py:120} INFO - ::group::Pre task execution logs
[2024-05-29T17:16:30.169+0000] {taskinstance.py:2076} INFO - Dependencies all met for dep_context=non-requeueable deps ti=<TaskInstance: flask_monitoring.monitor_flask_logs scheduled__2024-05-28T01:00:00+00:00 [queued]>
[2024-05-29T17:16:30.190+0000] {taskinstance.py:2076} INFO - Dependencies all met for dep_context=requeueable deps ti=<TaskInstance: flask_monitoring.monitor_flask_logs scheduled__2024-05-28T01:00:00+00:00 [queued]>
[2024-05-29T17:16:30.191+0000] {taskinstance.py:2306} INFO - Starting attempt 2 of 2
[2024-05-29T17:16:30.249+0000] {taskinstance.py:2330} INFO - Executing <Task(BashOperator): monitor_flask_logs> on 2024-05-28 01:00:00+00:00
[2024-05-29T17:16:30.257+0000] {standard_task_runner.py:63} INFO - Started process 2102 to run task
[2024-05-29T17:16:30.260+0000] {standard_task_runner.py:90} INFO - Running: ['airflow', 'tasks', 'run', 'flask_monitoring', 'monitor_flask_logs', 'scheduled__2024-05-28T01:00:00+00:00', '--job-id', '145', '--raw', '--subdir', 'DAGS_FOLDER/flask_monitoring.py', '--cfg-path', '/tmp/tmp04frzc9z']
[2024-05-29T17:16:30.263+0000] {standard_task_runner.py:91} INFO - Job 145: Subtask monitor_flask_logs
[2024-05-29T17:16:30.407+0000] {task_command.py:426} INFO - Running <TaskInstance: flask_monitoring.monitor_flask_logs scheduled__2024-05-28T01:00:00+00:00 [running]> on host f708138922bb
[2024-05-29T17:16:30.717+0000] {taskinstance.py:2648} INFO - Exporting env vars: AIRFLOW_CTX_DAG_OWNER='airflow' AIRFLOW_CTX_DAG_ID='flask_monitoring' AIRFLOW_CTX_TASK_ID='monitor_flask_logs' AIRFLOW_CTX_EXECUTION_DATE='2024-05-28T01:00:00+00:00' AIRFLOW_CTX_TRY_NUMBER='2' AIRFLOW_CTX_DAG_RUN_ID='scheduled__2024-05-28T01:00:00+00:00'
[2024-05-29T17:16:30.718+0000] {taskinstance.py:430} INFO - ::endgroup::
[2024-05-29T17:16:30.747+0000] {subprocess.py:63} INFO - Tmp dir root location: /tmp
[2024-05-29T17:16:30.748+0000] {subprocess.py:75} INFO - Running command: ['/usr/bin/bash', '-c', 'docker logs 93adf74dff35']
[2024-05-29T17:16:30.758+0000] {subprocess.py:86} INFO - Output:
[2024-05-29T17:16:30.782+0000] {subprocess.py:93} INFO - Cannot connect to the Docker daemon at unix:///var/run/docker.sock. Is the docker daemon running?
[2024-05-29T17:16:30.783+0000] {subprocess.py:97} INFO - Command exited with return code 1
[2024-05-29T17:16:30.784+0000] {taskinstance.py:441} INFO - ::group::Post task execution logs
[2024-05-29T17:16:30.801+0000] {taskinstance.py:2905} ERROR - Task failed with exception
Traceback (most recent call last):
  File "/home/airflow/.local/lib/python3.12/site-packages/airflow/models/taskinstance.py", line 465, in _execute_task
    result = _execute_callable(context=context, **execute_callable_kwargs)
             ^^^^^^^^^^^^^^^^^^^^^^^^^^^^^^^^^^^^^^^^^^^^^^^^^^^^^^^^^^^^^
  File "/home/airflow/.local/lib/python3.12/site-packages/airflow/models/taskinstance.py", line 432, in _execute_callable
    return execute_callable(context=context, **execute_callable_kwargs)
           ^^^^^^^^^^^^^^^^^^^^^^^^^^^^^^^^^^^^^^^^^^^^^^^^^^^^^^^^^^^^
  File "/home/airflow/.local/lib/python3.12/site-packages/airflow/models/baseoperator.py", line 400, in wrapper
    return func(self, *args, **kwargs)
           ^^^^^^^^^^^^^^^^^^^^^^^^^^^
  File "/home/airflow/.local/lib/python3.12/site-packages/airflow/operators/bash.py", line 243, in execute
    raise AirflowException(
airflow.exceptions.AirflowException: Bash command failed. The command returned a non-zero exit code 1.
[2024-05-29T17:16:30.808+0000] {taskinstance.py:1206} INFO - Marking task as FAILED. dag_id=flask_monitoring, task_id=monitor_flask_logs, run_id=scheduled__2024-05-28T01:00:00+00:00, execution_date=20240528T010000, start_date=20240529T171630, end_date=20240529T171630
[2024-05-29T17:16:30.868+0000] {standard_task_runner.py:110} ERROR - Failed to execute job 145 for task monitor_flask_logs (Bash command failed. The command returned a non-zero exit code 1.; 2102)
[2024-05-29T17:16:30.915+0000] {local_task_job_runner.py:240} INFO - Task exited with return code 1
[2024-05-29T17:16:30.959+0000] {taskinstance.py:3498} INFO - 0 downstream tasks scheduled from follow-on schedule check
[2024-05-29T17:16:30.990+0000] {local_task_job_runner.py:222} INFO - ::endgroup::
