[2024-06-01T21:28:04.927+0000] {local_task_job_runner.py:120} INFO - ::group::Pre task execution logs
[2024-06-01T21:28:05.138+0000] {taskinstance.py:2076} INFO - Dependencies all met for dep_context=non-requeueable deps ti=<TaskInstance: dag_with_docker_operator.check_status scheduled__2024-06-01T11:30:00+00:00 [queued]>
[2024-06-01T21:28:05.259+0000] {taskinstance.py:2076} INFO - Dependencies all met for dep_context=requeueable deps ti=<TaskInstance: dag_with_docker_operator.check_status scheduled__2024-06-01T11:30:00+00:00 [queued]>
[2024-06-01T21:28:05.262+0000] {taskinstance.py:2306} INFO - Starting attempt 1 of 2
[2024-06-01T21:28:05.636+0000] {taskinstance.py:2330} INFO - Executing <Task(PythonOperator): check_status> on 2024-06-01 11:30:00+00:00
[2024-06-01T21:28:05.645+0000] {standard_task_runner.py:63} INFO - Started process 708 to run task
[2024-06-01T21:28:05.649+0000] {standard_task_runner.py:90} INFO - Running: ['airflow', 'tasks', 'run', 'dag_with_docker_operator', 'check_status', 'scheduled__2024-06-01T11:30:00+00:00', '--job-id', '805', '--raw', '--subdir', 'DAGS_FOLDER/dag_with_docker_operator.py', '--cfg-path', '/tmp/tmp82t8sqni']
[2024-06-01T21:28:05.651+0000] {standard_task_runner.py:91} INFO - Job 805: Subtask check_status
[2024-06-01T21:28:05.752+0000] {task_command.py:426} INFO - Running <TaskInstance: dag_with_docker_operator.check_status scheduled__2024-06-01T11:30:00+00:00 [running]> on host 9c47fcd741af
[2024-06-01T21:28:05.943+0000] {taskinstance.py:2648} INFO - Exporting env vars: AIRFLOW_CTX_DAG_OWNER='airflow' AIRFLOW_CTX_DAG_ID='dag_with_docker_operator' AIRFLOW_CTX_TASK_ID='check_status' AIRFLOW_CTX_EXECUTION_DATE='2024-06-01T11:30:00+00:00' AIRFLOW_CTX_TRY_NUMBER='1' AIRFLOW_CTX_DAG_RUN_ID='scheduled__2024-06-01T11:30:00+00:00'
[2024-06-01T21:28:05.944+0000] {taskinstance.py:430} INFO - ::endgroup::
[2024-06-01T21:28:05.973+0000] {python.py:237} INFO - Done. Returned value was: {'status': 'success'}
[2024-06-01T21:28:05.977+0000] {taskinstance.py:441} INFO - ::group::Post task execution logs
[2024-06-01T21:28:06.045+0000] {taskinstance.py:1206} INFO - Marking task as SUCCESS. dag_id=dag_with_docker_operator, task_id=check_status, run_id=scheduled__2024-06-01T11:30:00+00:00, execution_date=20240601T113000, start_date=20240601T212805, end_date=20240601T212806
[2024-06-01T21:28:06.103+0000] {local_task_job_runner.py:240} INFO - Task exited with return code 0
[2024-06-01T21:28:06.127+0000] {taskinstance.py:3498} INFO - 0 downstream tasks scheduled from follow-on schedule check
[2024-06-01T21:28:06.129+0000] {local_task_job_runner.py:222} INFO - ::endgroup::
[2024-06-02T11:32:19.930+0000] {local_task_job_runner.py:120} INFO - ::group::Pre task execution logs
[2024-06-02T11:32:19.974+0000] {taskinstance.py:2076} INFO - Dependencies all met for dep_context=non-requeueable deps ti=<TaskInstance: dag_with_docker_operator.check_status scheduled__2024-06-01T11:30:00+00:00 [queued]>
[2024-06-02T11:32:19.994+0000] {taskinstance.py:2076} INFO - Dependencies all met for dep_context=requeueable deps ti=<TaskInstance: dag_with_docker_operator.check_status scheduled__2024-06-01T11:30:00+00:00 [queued]>
[2024-06-02T11:32:19.994+0000] {taskinstance.py:2306} INFO - Starting attempt 1 of 2
[2024-06-02T11:32:20.139+0000] {taskinstance.py:2330} INFO - Executing <Task(PythonOperator): check_status> on 2024-06-01 11:30:00+00:00
[2024-06-02T11:32:20.146+0000] {standard_task_runner.py:63} INFO - Started process 1680 to run task
[2024-06-02T11:32:20.149+0000] {standard_task_runner.py:90} INFO - Running: ['airflow', 'tasks', 'run', 'dag_with_docker_operator', 'check_status', 'scheduled__2024-06-01T11:30:00+00:00', '--job-id', '805', '--raw', '--subdir', 'DAGS_FOLDER/dag_with_docker_operator.py', '--cfg-path', '/tmp/tmprpzeln29']
[2024-06-02T11:32:20.152+0000] {standard_task_runner.py:91} INFO - Job 805: Subtask check_status
[2024-06-02T11:32:20.378+0000] {task_command.py:426} INFO - Running <TaskInstance: dag_with_docker_operator.check_status scheduled__2024-06-01T11:30:00+00:00 [running]> on host 9c47fcd741af
[2024-06-02T11:32:20.698+0000] {taskinstance.py:2648} INFO - Exporting env vars: AIRFLOW_CTX_DAG_OWNER='airflow' AIRFLOW_CTX_DAG_ID='dag_with_docker_operator' AIRFLOW_CTX_TASK_ID='check_status' AIRFLOW_CTX_EXECUTION_DATE='2024-06-01T11:30:00+00:00' AIRFLOW_CTX_TRY_NUMBER='1' AIRFLOW_CTX_DAG_RUN_ID='scheduled__2024-06-01T11:30:00+00:00'
[2024-06-02T11:32:20.699+0000] {taskinstance.py:430} INFO - ::endgroup::
[2024-06-02T11:32:20.725+0000] {python.py:237} INFO - Done. Returned value was: {'status': 'failed'}
[2024-06-02T11:32:20.726+0000] {taskinstance.py:441} INFO - ::group::Post task execution logs
[2024-06-02T11:32:20.843+0000] {taskinstance.py:1206} INFO - Marking task as SUCCESS. dag_id=dag_with_docker_operator, task_id=check_status, run_id=scheduled__2024-06-01T11:30:00+00:00, execution_date=20240601T113000, start_date=20240602T113219, end_date=20240602T113220
[2024-06-02T11:32:21.009+0000] {local_task_job_runner.py:240} INFO - Task exited with return code 0
[2024-06-02T11:32:21.043+0000] {taskinstance.py:3498} INFO - 0 downstream tasks scheduled from follow-on schedule check
[2024-06-02T11:32:21.045+0000] {local_task_job_runner.py:222} INFO - ::endgroup::
[2024-06-02T12:03:38.316+0000] {local_task_job_runner.py:120} INFO - ::group::Pre task execution logs
[2024-06-02T12:03:38.372+0000] {taskinstance.py:2076} INFO - Dependencies all met for dep_context=non-requeueable deps ti=<TaskInstance: dag_with_docker_operator.check_status scheduled__2024-06-01T11:30:00+00:00 [queued]>
[2024-06-02T12:03:38.403+0000] {taskinstance.py:2076} INFO - Dependencies all met for dep_context=requeueable deps ti=<TaskInstance: dag_with_docker_operator.check_status scheduled__2024-06-01T11:30:00+00:00 [queued]>
[2024-06-02T12:03:38.406+0000] {taskinstance.py:2306} INFO - Starting attempt 1 of 2
[2024-06-02T12:03:38.763+0000] {taskinstance.py:2330} INFO - Executing <Task(PythonOperator): check_status> on 2024-06-01 11:30:00+00:00
[2024-06-02T12:03:38.773+0000] {standard_task_runner.py:63} INFO - Started process 2544 to run task
[2024-06-02T12:03:38.777+0000] {standard_task_runner.py:90} INFO - Running: ['airflow', 'tasks', 'run', 'dag_with_docker_operator', 'check_status', 'scheduled__2024-06-01T11:30:00+00:00', '--job-id', '821', '--raw', '--subdir', 'DAGS_FOLDER/dag_with_docker_operator.py', '--cfg-path', '/tmp/tmpvf3tq958']
[2024-06-02T12:03:38.781+0000] {standard_task_runner.py:91} INFO - Job 821: Subtask check_status
[2024-06-02T12:03:38.963+0000] {task_command.py:426} INFO - Running <TaskInstance: dag_with_docker_operator.check_status scheduled__2024-06-01T11:30:00+00:00 [running]> on host 9c47fcd741af
[2024-06-02T12:03:39.353+0000] {taskinstance.py:2648} INFO - Exporting env vars: AIRFLOW_CTX_DAG_OWNER='airflow' AIRFLOW_CTX_DAG_ID='dag_with_docker_operator' AIRFLOW_CTX_TASK_ID='check_status' AIRFLOW_CTX_EXECUTION_DATE='2024-06-01T11:30:00+00:00' AIRFLOW_CTX_TRY_NUMBER='1' AIRFLOW_CTX_DAG_RUN_ID='scheduled__2024-06-01T11:30:00+00:00'
[2024-06-02T12:03:39.354+0000] {taskinstance.py:430} INFO - ::endgroup::
[2024-06-02T12:03:39.398+0000] {taskinstance.py:441} INFO - ::group::Post task execution logs
[2024-06-02T12:03:39.411+0000] {taskinstance.py:2905} ERROR - Task failed with exception
Traceback (most recent call last):
  File "/home/airflow/.local/lib/python3.12/site-packages/airflow/models/taskinstance.py", line 465, in _execute_task
    result = _execute_callable(context=context, **execute_callable_kwargs)
             ^^^^^^^^^^^^^^^^^^^^^^^^^^^^^^^^^^^^^^^^^^^^^^^^^^^^^^^^^^^^^
  File "/home/airflow/.local/lib/python3.12/site-packages/airflow/models/taskinstance.py", line 432, in _execute_callable
    return execute_callable(context=context, **execute_callable_kwargs)
           ^^^^^^^^^^^^^^^^^^^^^^^^^^^^^^^^^^^^^^^^^^^^^^^^^^^^^^^^^^^^
  File "/home/airflow/.local/lib/python3.12/site-packages/airflow/models/baseoperator.py", line 400, in wrapper
    return func(self, *args, **kwargs)
           ^^^^^^^^^^^^^^^^^^^^^^^^^^^
  File "/home/airflow/.local/lib/python3.12/site-packages/airflow/operators/python.py", line 235, in execute
    return_value = self.execute_callable()
                   ^^^^^^^^^^^^^^^^^^^^^^^
  File "/home/airflow/.local/lib/python3.12/site-packages/airflow/operators/python.py", line 252, in execute_callable
    return self.python_callable(*self.op_args, **self.op_kwargs)
           ^^^^^^^^^^^^^^^^^^^^^^^^^^^^^^^^^^^^^^^^^^^^^^^^^^^^^
  File "/opt/airflow/dags/dag_with_docker_operator.py", line 24, in check_send_status
    raise ValueError(f"Check send status failed: {result}")
ValueError: Check send status failed: {'status': 'failed'}
[2024-06-02T12:03:39.491+0000] {taskinstance.py:1206} INFO - Marking task as UP_FOR_RETRY. dag_id=dag_with_docker_operator, task_id=check_status, run_id=scheduled__2024-06-01T11:30:00+00:00, execution_date=20240601T113000, start_date=20240602T120338, end_date=20240602T120339
[2024-06-02T12:03:39.652+0000] {standard_task_runner.py:110} ERROR - Failed to execute job 821 for task check_status (Check send status failed: {'status': 'failed'}; 2544)
[2024-06-02T12:03:39.675+0000] {local_task_job_runner.py:240} INFO - Task exited with return code 1
[2024-06-02T12:03:39.771+0000] {taskinstance.py:3498} INFO - 0 downstream tasks scheduled from follow-on schedule check
[2024-06-02T12:03:39.817+0000] {local_task_job_runner.py:222} INFO - ::endgroup::
[2024-06-02T12:23:11.959+0000] {local_task_job_runner.py:120} INFO - ::group::Pre task execution logs
[2024-06-02T12:23:12.043+0000] {taskinstance.py:2076} INFO - Dependencies all met for dep_context=non-requeueable deps ti=<TaskInstance: dag_with_docker_operator.check_status scheduled__2024-06-01T11:30:00+00:00 [queued]>
[2024-06-02T12:23:12.074+0000] {taskinstance.py:2076} INFO - Dependencies all met for dep_context=requeueable deps ti=<TaskInstance: dag_with_docker_operator.check_status scheduled__2024-06-01T11:30:00+00:00 [queued]>
[2024-06-02T12:23:12.074+0000] {taskinstance.py:2306} INFO - Starting attempt 1 of 2
[2024-06-02T12:23:12.140+0000] {taskinstance.py:2330} INFO - Executing <Task(PythonOperator): check_status> on 2024-06-01 11:30:00+00:00
[2024-06-02T12:23:12.147+0000] {standard_task_runner.py:63} INFO - Started process 3073 to run task
[2024-06-02T12:23:12.151+0000] {standard_task_runner.py:90} INFO - Running: ['airflow', 'tasks', 'run', 'dag_with_docker_operator', 'check_status', 'scheduled__2024-06-01T11:30:00+00:00', '--job-id', '821', '--raw', '--subdir', 'DAGS_FOLDER/dag_with_docker_operator.py', '--cfg-path', '/tmp/tmp3b1j_e6z']
[2024-06-02T12:23:12.154+0000] {standard_task_runner.py:91} INFO - Job 821: Subtask check_status
[2024-06-02T12:23:13.113+0000] {task_command.py:426} INFO - Running <TaskInstance: dag_with_docker_operator.check_status scheduled__2024-06-01T11:30:00+00:00 [running]> on host 9c47fcd741af
[2024-06-02T12:23:13.394+0000] {taskinstance.py:2648} INFO - Exporting env vars: AIRFLOW_CTX_DAG_OWNER='airflow' AIRFLOW_CTX_DAG_ID='dag_with_docker_operator' AIRFLOW_CTX_TASK_ID='check_status' AIRFLOW_CTX_EXECUTION_DATE='2024-06-01T11:30:00+00:00' AIRFLOW_CTX_TRY_NUMBER='1' AIRFLOW_CTX_DAG_RUN_ID='scheduled__2024-06-01T11:30:00+00:00'
[2024-06-02T12:23:13.396+0000] {taskinstance.py:430} INFO - ::endgroup::
[2024-06-02T12:23:13.472+0000] {taskinstance.py:441} INFO - ::group::Post task execution logs
[2024-06-02T12:23:13.473+0000] {taskinstance.py:2905} ERROR - Task failed with exception
Traceback (most recent call last):
  File "/home/airflow/.local/lib/python3.12/site-packages/airflow/models/taskinstance.py", line 465, in _execute_task
    result = _execute_callable(context=context, **execute_callable_kwargs)
             ^^^^^^^^^^^^^^^^^^^^^^^^^^^^^^^^^^^^^^^^^^^^^^^^^^^^^^^^^^^^^
  File "/home/airflow/.local/lib/python3.12/site-packages/airflow/models/taskinstance.py", line 432, in _execute_callable
    return execute_callable(context=context, **execute_callable_kwargs)
           ^^^^^^^^^^^^^^^^^^^^^^^^^^^^^^^^^^^^^^^^^^^^^^^^^^^^^^^^^^^^
  File "/home/airflow/.local/lib/python3.12/site-packages/airflow/models/baseoperator.py", line 400, in wrapper
    return func(self, *args, **kwargs)
           ^^^^^^^^^^^^^^^^^^^^^^^^^^^
  File "/home/airflow/.local/lib/python3.12/site-packages/airflow/operators/python.py", line 235, in execute
    return_value = self.execute_callable()
                   ^^^^^^^^^^^^^^^^^^^^^^^
  File "/home/airflow/.local/lib/python3.12/site-packages/airflow/operators/python.py", line 252, in execute_callable
    return self.python_callable(*self.op_args, **self.op_kwargs)
           ^^^^^^^^^^^^^^^^^^^^^^^^^^^^^^^^^^^^^^^^^^^^^^^^^^^^^
  File "/opt/airflow/dags/dag_with_docker_operator.py", line 24, in check_send_status
    raise ValueError(f"Check send status failed: {result}")
ValueError: Check send status failed: {'status': 'failed'}
[2024-06-02T12:23:13.502+0000] {taskinstance.py:1206} INFO - Marking task as UP_FOR_RETRY. dag_id=dag_with_docker_operator, task_id=check_status, run_id=scheduled__2024-06-01T11:30:00+00:00, execution_date=20240601T113000, start_date=20240602T122312, end_date=20240602T122313
[2024-06-02T12:23:13.573+0000] {standard_task_runner.py:110} ERROR - Failed to execute job 821 for task check_status (Check send status failed: {'status': 'failed'}; 3073)
[2024-06-02T12:23:13.627+0000] {local_task_job_runner.py:240} INFO - Task exited with return code 1
[2024-06-02T12:23:13.770+0000] {taskinstance.py:3498} INFO - 0 downstream tasks scheduled from follow-on schedule check
[2024-06-02T12:23:13.772+0000] {local_task_job_runner.py:222} INFO - ::endgroup::
