[2024-06-01T21:33:10.076+0000] {local_task_job_runner.py:120} INFO - ::group::Pre task execution logs
[2024-06-01T21:33:10.163+0000] {taskinstance.py:2076} INFO - Dependencies all met for dep_context=non-requeueable deps ti=<TaskInstance: dag_with_docker_operator.check_status scheduled__2024-06-01T20:00:00+00:00 [queued]>
[2024-06-01T21:33:10.191+0000] {taskinstance.py:2076} INFO - Dependencies all met for dep_context=requeueable deps ti=<TaskInstance: dag_with_docker_operator.check_status scheduled__2024-06-01T20:00:00+00:00 [queued]>
[2024-06-01T21:33:10.192+0000] {taskinstance.py:2306} INFO - Starting attempt 1 of 2
[2024-06-01T21:33:10.375+0000] {taskinstance.py:2330} INFO - Executing <Task(PythonOperator): check_status> on 2024-06-01 20:00:00+00:00
[2024-06-01T21:33:10.382+0000] {standard_task_runner.py:63} INFO - Started process 895 to run task
[2024-06-01T21:33:10.385+0000] {standard_task_runner.py:90} INFO - Running: ['airflow', 'tasks', 'run', 'dag_with_docker_operator', 'check_status', 'scheduled__2024-06-01T20:00:00+00:00', '--job-id', '839', '--raw', '--subdir', 'DAGS_FOLDER/dag_with_docker_operator.py', '--cfg-path', '/tmp/tmp6128s2lo']
[2024-06-01T21:33:10.387+0000] {standard_task_runner.py:91} INFO - Job 839: Subtask check_status
[2024-06-01T21:33:10.494+0000] {task_command.py:426} INFO - Running <TaskInstance: dag_with_docker_operator.check_status scheduled__2024-06-01T20:00:00+00:00 [running]> on host 9c47fcd741af
[2024-06-01T21:33:10.696+0000] {taskinstance.py:2648} INFO - Exporting env vars: AIRFLOW_CTX_DAG_OWNER='airflow' AIRFLOW_CTX_DAG_ID='dag_with_docker_operator' AIRFLOW_CTX_TASK_ID='check_status' AIRFLOW_CTX_EXECUTION_DATE='2024-06-01T20:00:00+00:00' AIRFLOW_CTX_TRY_NUMBER='1' AIRFLOW_CTX_DAG_RUN_ID='scheduled__2024-06-01T20:00:00+00:00'
[2024-06-01T21:33:10.697+0000] {taskinstance.py:430} INFO - ::endgroup::
[2024-06-01T21:33:10.726+0000] {python.py:237} INFO - Done. Returned value was: {'status': 'success'}
[2024-06-01T21:33:10.727+0000] {taskinstance.py:441} INFO - ::group::Post task execution logs
[2024-06-01T21:33:10.783+0000] {taskinstance.py:1206} INFO - Marking task as SUCCESS. dag_id=dag_with_docker_operator, task_id=check_status, run_id=scheduled__2024-06-01T20:00:00+00:00, execution_date=20240601T200000, start_date=20240601T213310, end_date=20240601T213310
[2024-06-01T21:33:10.842+0000] {local_task_job_runner.py:240} INFO - Task exited with return code 0
[2024-06-01T21:33:10.871+0000] {taskinstance.py:3498} INFO - 0 downstream tasks scheduled from follow-on schedule check
[2024-06-01T21:33:10.873+0000] {local_task_job_runner.py:222} INFO - ::endgroup::
[2024-06-02T11:37:53.088+0000] {local_task_job_runner.py:120} INFO - ::group::Pre task execution logs
[2024-06-02T11:37:53.135+0000] {taskinstance.py:2076} INFO - Dependencies all met for dep_context=non-requeueable deps ti=<TaskInstance: dag_with_docker_operator.check_status scheduled__2024-06-01T20:00:00+00:00 [queued]>
[2024-06-02T11:37:53.154+0000] {taskinstance.py:2076} INFO - Dependencies all met for dep_context=requeueable deps ti=<TaskInstance: dag_with_docker_operator.check_status scheduled__2024-06-01T20:00:00+00:00 [queued]>
[2024-06-02T11:37:53.155+0000] {taskinstance.py:2306} INFO - Starting attempt 1 of 2
[2024-06-02T11:37:53.309+0000] {taskinstance.py:2330} INFO - Executing <Task(PythonOperator): check_status> on 2024-06-01 20:00:00+00:00
[2024-06-02T11:37:53.315+0000] {standard_task_runner.py:63} INFO - Started process 1867 to run task
[2024-06-02T11:37:53.318+0000] {standard_task_runner.py:90} INFO - Running: ['airflow', 'tasks', 'run', 'dag_with_docker_operator', 'check_status', 'scheduled__2024-06-01T20:00:00+00:00', '--job-id', '839', '--raw', '--subdir', 'DAGS_FOLDER/dag_with_docker_operator.py', '--cfg-path', '/tmp/tmphhwoufmx']
[2024-06-02T11:37:53.320+0000] {standard_task_runner.py:91} INFO - Job 839: Subtask check_status
[2024-06-02T11:37:53.449+0000] {task_command.py:426} INFO - Running <TaskInstance: dag_with_docker_operator.check_status scheduled__2024-06-01T20:00:00+00:00 [running]> on host 9c47fcd741af
[2024-06-02T11:37:53.718+0000] {taskinstance.py:2648} INFO - Exporting env vars: AIRFLOW_CTX_DAG_OWNER='airflow' AIRFLOW_CTX_DAG_ID='dag_with_docker_operator' AIRFLOW_CTX_TASK_ID='check_status' AIRFLOW_CTX_EXECUTION_DATE='2024-06-01T20:00:00+00:00' AIRFLOW_CTX_TRY_NUMBER='1' AIRFLOW_CTX_DAG_RUN_ID='scheduled__2024-06-01T20:00:00+00:00'
[2024-06-02T11:37:53.719+0000] {taskinstance.py:430} INFO - ::endgroup::
[2024-06-02T11:37:53.757+0000] {python.py:237} INFO - Done. Returned value was: {'status': 'failed'}
[2024-06-02T11:37:53.762+0000] {taskinstance.py:441} INFO - ::group::Post task execution logs
[2024-06-02T11:37:53.883+0000] {taskinstance.py:1206} INFO - Marking task as SUCCESS. dag_id=dag_with_docker_operator, task_id=check_status, run_id=scheduled__2024-06-01T20:00:00+00:00, execution_date=20240601T200000, start_date=20240602T113753, end_date=20240602T113753
[2024-06-02T11:37:54.015+0000] {local_task_job_runner.py:240} INFO - Task exited with return code 0
[2024-06-02T11:37:54.046+0000] {taskinstance.py:3498} INFO - 0 downstream tasks scheduled from follow-on schedule check
[2024-06-02T11:37:54.049+0000] {local_task_job_runner.py:222} INFO - ::endgroup::
[2024-06-02T12:33:56.030+0000] {local_task_job_runner.py:120} INFO - ::group::Pre task execution logs
[2024-06-02T12:33:56.108+0000] {taskinstance.py:2076} INFO - Dependencies all met for dep_context=non-requeueable deps ti=<TaskInstance: dag_with_docker_operator.check_status scheduled__2024-06-01T20:00:00+00:00 [queued]>
[2024-06-02T12:33:56.133+0000] {taskinstance.py:2076} INFO - Dependencies all met for dep_context=requeueable deps ti=<TaskInstance: dag_with_docker_operator.check_status scheduled__2024-06-01T20:00:00+00:00 [queued]>
[2024-06-02T12:33:56.134+0000] {taskinstance.py:2306} INFO - Starting attempt 1 of 2
[2024-06-02T12:33:56.235+0000] {taskinstance.py:2330} INFO - Executing <Task(PythonOperator): check_status> on 2024-06-01 20:00:00+00:00
[2024-06-02T12:33:56.241+0000] {standard_task_runner.py:63} INFO - Started process 3368 to run task
[2024-06-02T12:33:56.245+0000] {standard_task_runner.py:90} INFO - Running: ['airflow', 'tasks', 'run', 'dag_with_docker_operator', 'check_status', 'scheduled__2024-06-01T20:00:00+00:00', '--job-id', '875', '--raw', '--subdir', 'DAGS_FOLDER/dag_with_docker_operator.py', '--cfg-path', '/tmp/tmpieke24qp']
[2024-06-02T12:33:56.248+0000] {standard_task_runner.py:91} INFO - Job 875: Subtask check_status
[2024-06-02T12:33:56.682+0000] {task_command.py:426} INFO - Running <TaskInstance: dag_with_docker_operator.check_status scheduled__2024-06-01T20:00:00+00:00 [running]> on host 9c47fcd741af
[2024-06-02T12:33:57.203+0000] {taskinstance.py:2648} INFO - Exporting env vars: AIRFLOW_CTX_DAG_OWNER='airflow' AIRFLOW_CTX_DAG_ID='dag_with_docker_operator' AIRFLOW_CTX_TASK_ID='check_status' AIRFLOW_CTX_EXECUTION_DATE='2024-06-01T20:00:00+00:00' AIRFLOW_CTX_TRY_NUMBER='1' AIRFLOW_CTX_DAG_RUN_ID='scheduled__2024-06-01T20:00:00+00:00'
[2024-06-02T12:33:57.204+0000] {taskinstance.py:430} INFO - ::endgroup::
[2024-06-02T12:33:57.235+0000] {taskinstance.py:441} INFO - ::group::Post task execution logs
[2024-06-02T12:33:57.237+0000] {taskinstance.py:2905} ERROR - Task failed with exception
Traceback (most recent call last):
  File "/home/airflow/.local/lib/python3.12/site-packages/airflow/models/taskinstance.py", line 465, in _execute_task
    result = _execute_callable(context=context, **execute_callable_kwargs)
             ^^^^^^^^^^^^^^^^^^^^^^^^^^^^^^^^^^^^^^^^^^^^^^^^^^^^^^^^^^^^^
  File "/home/airflow/.local/lib/python3.12/site-packages/airflow/models/taskinstance.py", line 432, in _execute_callable
    return execute_callable(context=context, **execute_callable_kwargs)
           ^^^^^^^^^^^^^^^^^^^^^^^^^^^^^^^^^^^^^^^^^^^^^^^^^^^^^^^^^^^^
  File "/home/airflow/.local/lib/python3.12/site-packages/airflow/models/baseoperator.py", line 400, in wrapper
    return func(self, *args, **kwargs)
           ^^^^^^^^^^^^^^^^^^^^^^^^^^^
  File "/home/airflow/.local/lib/python3.12/site-packages/airflow/operators/python.py", line 235, in execute
    return_value = self.execute_callable()
                   ^^^^^^^^^^^^^^^^^^^^^^^
  File "/home/airflow/.local/lib/python3.12/site-packages/airflow/operators/python.py", line 252, in execute_callable
    return self.python_callable(*self.op_args, **self.op_kwargs)
           ^^^^^^^^^^^^^^^^^^^^^^^^^^^^^^^^^^^^^^^^^^^^^^^^^^^^^
  File "/opt/airflow/dags/dag_with_docker_operator.py", line 24, in check_send_status
    raise ValueError(f"Request returned non-success status: {response_json.get('status')}")
ValueError: Request returned non-success status: failed
[2024-06-02T12:33:57.261+0000] {taskinstance.py:1206} INFO - Marking task as UP_FOR_RETRY. dag_id=dag_with_docker_operator, task_id=check_status, run_id=scheduled__2024-06-01T20:00:00+00:00, execution_date=20240601T200000, start_date=20240602T123356, end_date=20240602T123357
[2024-06-02T12:33:57.366+0000] {standard_task_runner.py:110} ERROR - Failed to execute job 875 for task check_status (Request returned non-success status: failed; 3368)
[2024-06-02T12:33:57.392+0000] {local_task_job_runner.py:240} INFO - Task exited with return code 1
[2024-06-02T12:33:57.525+0000] {taskinstance.py:3498} INFO - 0 downstream tasks scheduled from follow-on schedule check
[2024-06-02T12:33:57.529+0000] {local_task_job_runner.py:222} INFO - ::endgroup::
