[2024-06-02T12:03:04.310+0000] {local_task_job_runner.py:120} INFO - ::group::Pre task execution logs
[2024-06-02T12:03:04.351+0000] {taskinstance.py:2076} INFO - Dependencies all met for dep_context=non-requeueable deps ti=<TaskInstance: dag_with_docker_operator.check_status scheduled__2024-06-01T06:30:00+00:00 [queued]>
[2024-06-02T12:03:04.371+0000] {taskinstance.py:2076} INFO - Dependencies all met for dep_context=requeueable deps ti=<TaskInstance: dag_with_docker_operator.check_status scheduled__2024-06-01T06:30:00+00:00 [queued]>
[2024-06-02T12:03:04.372+0000] {taskinstance.py:2306} INFO - Starting attempt 2 of 2
[2024-06-02T12:03:04.510+0000] {taskinstance.py:2330} INFO - Executing <Task(PythonOperator): check_status> on 2024-06-01 06:30:00+00:00
[2024-06-02T12:03:04.516+0000] {standard_task_runner.py:63} INFO - Started process 2522 to run task
[2024-06-02T12:03:04.520+0000] {standard_task_runner.py:90} INFO - Running: ['airflow', 'tasks', 'run', 'dag_with_docker_operator', 'check_status', 'scheduled__2024-06-01T06:30:00+00:00', '--job-id', '817', '--raw', '--subdir', 'DAGS_FOLDER/dag_with_docker_operator.py', '--cfg-path', '/tmp/tmphs54kcaz']
[2024-06-02T12:03:04.522+0000] {standard_task_runner.py:91} INFO - Job 817: Subtask check_status
[2024-06-02T12:03:04.638+0000] {task_command.py:426} INFO - Running <TaskInstance: dag_with_docker_operator.check_status scheduled__2024-06-01T06:30:00+00:00 [running]> on host 9c47fcd741af
[2024-06-02T12:03:04.827+0000] {taskinstance.py:2648} INFO - Exporting env vars: AIRFLOW_CTX_DAG_OWNER='airflow' AIRFLOW_CTX_DAG_ID='dag_with_docker_operator' AIRFLOW_CTX_TASK_ID='check_status' AIRFLOW_CTX_EXECUTION_DATE='2024-06-01T06:30:00+00:00' AIRFLOW_CTX_TRY_NUMBER='2' AIRFLOW_CTX_DAG_RUN_ID='scheduled__2024-06-01T06:30:00+00:00'
[2024-06-02T12:03:04.828+0000] {taskinstance.py:430} INFO - ::endgroup::
[2024-06-02T12:03:04.889+0000] {taskinstance.py:441} INFO - ::group::Post task execution logs
[2024-06-02T12:03:04.890+0000] {taskinstance.py:2905} ERROR - Task failed with exception
Traceback (most recent call last):
  File "/home/airflow/.local/lib/python3.12/site-packages/airflow/models/taskinstance.py", line 465, in _execute_task
    result = _execute_callable(context=context, **execute_callable_kwargs)
             ^^^^^^^^^^^^^^^^^^^^^^^^^^^^^^^^^^^^^^^^^^^^^^^^^^^^^^^^^^^^^
  File "/home/airflow/.local/lib/python3.12/site-packages/airflow/models/taskinstance.py", line 432, in _execute_callable
    return execute_callable(context=context, **execute_callable_kwargs)
           ^^^^^^^^^^^^^^^^^^^^^^^^^^^^^^^^^^^^^^^^^^^^^^^^^^^^^^^^^^^^
  File "/home/airflow/.local/lib/python3.12/site-packages/airflow/models/baseoperator.py", line 400, in wrapper
    return func(self, *args, **kwargs)
           ^^^^^^^^^^^^^^^^^^^^^^^^^^^
  File "/home/airflow/.local/lib/python3.12/site-packages/airflow/operators/python.py", line 235, in execute
    return_value = self.execute_callable()
                   ^^^^^^^^^^^^^^^^^^^^^^^
  File "/home/airflow/.local/lib/python3.12/site-packages/airflow/operators/python.py", line 252, in execute_callable
    return self.python_callable(*self.op_args, **self.op_kwargs)
           ^^^^^^^^^^^^^^^^^^^^^^^^^^^^^^^^^^^^^^^^^^^^^^^^^^^^^
  File "/opt/airflow/dags/dag_with_docker_operator.py", line 24, in check_send_status
    raise ValueError(f"Check send status failed: {result}")
ValueError: Check send status failed: {'status': 'failed'}
[2024-06-02T12:03:04.930+0000] {taskinstance.py:1206} INFO - Marking task as FAILED. dag_id=dag_with_docker_operator, task_id=check_status, run_id=scheduled__2024-06-01T06:30:00+00:00, execution_date=20240601T063000, start_date=20240602T120304, end_date=20240602T120304
[2024-06-02T12:03:04.993+0000] {standard_task_runner.py:110} ERROR - Failed to execute job 817 for task check_status (Check send status failed: {'status': 'failed'}; 2522)
[2024-06-02T12:03:05.016+0000] {local_task_job_runner.py:240} INFO - Task exited with return code 1
[2024-06-02T12:03:05.054+0000] {taskinstance.py:3498} INFO - 0 downstream tasks scheduled from follow-on schedule check
[2024-06-02T12:03:05.057+0000] {local_task_job_runner.py:222} INFO - ::endgroup::
[2024-06-02T12:22:08.429+0000] {local_task_job_runner.py:120} INFO - ::group::Pre task execution logs
[2024-06-02T12:22:08.474+0000] {taskinstance.py:2076} INFO - Dependencies all met for dep_context=non-requeueable deps ti=<TaskInstance: dag_with_docker_operator.check_status scheduled__2024-06-01T06:30:00+00:00 [queued]>
[2024-06-02T12:22:08.491+0000] {taskinstance.py:2076} INFO - Dependencies all met for dep_context=requeueable deps ti=<TaskInstance: dag_with_docker_operator.check_status scheduled__2024-06-01T06:30:00+00:00 [queued]>
[2024-06-02T12:22:08.492+0000] {taskinstance.py:2306} INFO - Starting attempt 2 of 2
[2024-06-02T12:22:08.538+0000] {taskinstance.py:2330} INFO - Executing <Task(PythonOperator): check_status> on 2024-06-01 06:30:00+00:00
[2024-06-02T12:22:08.544+0000] {standard_task_runner.py:63} INFO - Started process 3040 to run task
[2024-06-02T12:22:08.547+0000] {standard_task_runner.py:90} INFO - Running: ['airflow', 'tasks', 'run', 'dag_with_docker_operator', 'check_status', 'scheduled__2024-06-01T06:30:00+00:00', '--job-id', '815', '--raw', '--subdir', 'DAGS_FOLDER/dag_with_docker_operator.py', '--cfg-path', '/tmp/tmpxhn_8sbo']
[2024-06-02T12:22:08.550+0000] {standard_task_runner.py:91} INFO - Job 815: Subtask check_status
[2024-06-02T12:22:08.792+0000] {task_command.py:426} INFO - Running <TaskInstance: dag_with_docker_operator.check_status scheduled__2024-06-01T06:30:00+00:00 [running]> on host 9c47fcd741af
[2024-06-02T12:22:08.964+0000] {taskinstance.py:2648} INFO - Exporting env vars: AIRFLOW_CTX_DAG_OWNER='airflow' AIRFLOW_CTX_DAG_ID='dag_with_docker_operator' AIRFLOW_CTX_TASK_ID='check_status' AIRFLOW_CTX_EXECUTION_DATE='2024-06-01T06:30:00+00:00' AIRFLOW_CTX_TRY_NUMBER='2' AIRFLOW_CTX_DAG_RUN_ID='scheduled__2024-06-01T06:30:00+00:00'
[2024-06-02T12:22:08.966+0000] {taskinstance.py:430} INFO - ::endgroup::
[2024-06-02T12:22:09.008+0000] {taskinstance.py:441} INFO - ::group::Post task execution logs
[2024-06-02T12:22:09.010+0000] {taskinstance.py:2905} ERROR - Task failed with exception
Traceback (most recent call last):
  File "/home/airflow/.local/lib/python3.12/site-packages/airflow/models/taskinstance.py", line 465, in _execute_task
    result = _execute_callable(context=context, **execute_callable_kwargs)
             ^^^^^^^^^^^^^^^^^^^^^^^^^^^^^^^^^^^^^^^^^^^^^^^^^^^^^^^^^^^^^
  File "/home/airflow/.local/lib/python3.12/site-packages/airflow/models/taskinstance.py", line 432, in _execute_callable
    return execute_callable(context=context, **execute_callable_kwargs)
           ^^^^^^^^^^^^^^^^^^^^^^^^^^^^^^^^^^^^^^^^^^^^^^^^^^^^^^^^^^^^
  File "/home/airflow/.local/lib/python3.12/site-packages/airflow/models/baseoperator.py", line 400, in wrapper
    return func(self, *args, **kwargs)
           ^^^^^^^^^^^^^^^^^^^^^^^^^^^
  File "/home/airflow/.local/lib/python3.12/site-packages/airflow/operators/python.py", line 235, in execute
    return_value = self.execute_callable()
                   ^^^^^^^^^^^^^^^^^^^^^^^
  File "/home/airflow/.local/lib/python3.12/site-packages/airflow/operators/python.py", line 252, in execute_callable
    return self.python_callable(*self.op_args, **self.op_kwargs)
           ^^^^^^^^^^^^^^^^^^^^^^^^^^^^^^^^^^^^^^^^^^^^^^^^^^^^^
  File "/opt/airflow/dags/dag_with_docker_operator.py", line 24, in check_send_status
    raise ValueError(f"Check send status failed: {result}")
ValueError: Check send status failed: {'status': 'failed'}
[2024-06-02T12:22:09.034+0000] {taskinstance.py:1206} INFO - Marking task as FAILED. dag_id=dag_with_docker_operator, task_id=check_status, run_id=scheduled__2024-06-01T06:30:00+00:00, execution_date=20240601T063000, start_date=20240602T122208, end_date=20240602T122209
[2024-06-02T12:22:09.083+0000] {standard_task_runner.py:110} ERROR - Failed to execute job 815 for task check_status (Check send status failed: {'status': 'failed'}; 3040)
[2024-06-02T12:22:09.125+0000] {local_task_job_runner.py:240} INFO - Task exited with return code 1
[2024-06-02T12:22:09.261+0000] {taskinstance.py:3498} INFO - 0 downstream tasks scheduled from follow-on schedule check
[2024-06-02T12:22:09.264+0000] {local_task_job_runner.py:222} INFO - ::endgroup::
