[2024-06-01T21:24:42.194+0000] {local_task_job_runner.py:120} INFO - ::group::Pre task execution logs
[2024-06-01T21:24:42.240+0000] {taskinstance.py:2076} INFO - Dependencies all met for dep_context=non-requeueable deps ti=<TaskInstance: dag_with_docker_operator.check_status scheduled__2024-06-01T06:30:00+00:00 [queued]>
[2024-06-01T21:24:42.261+0000] {taskinstance.py:2076} INFO - Dependencies all met for dep_context=requeueable deps ti=<TaskInstance: dag_with_docker_operator.check_status scheduled__2024-06-01T06:30:00+00:00 [queued]>
[2024-06-01T21:24:42.262+0000] {taskinstance.py:2306} INFO - Starting attempt 1 of 2
[2024-06-01T21:24:42.405+0000] {taskinstance.py:2330} INFO - Executing <Task(PythonOperator): check_status> on 2024-06-01 06:30:00+00:00
[2024-06-01T21:24:42.413+0000] {standard_task_runner.py:63} INFO - Started process 598 to run task
[2024-06-01T21:24:42.417+0000] {standard_task_runner.py:90} INFO - Running: ['airflow', 'tasks', 'run', 'dag_with_docker_operator', 'check_status', 'scheduled__2024-06-01T06:30:00+00:00', '--job-id', '785', '--raw', '--subdir', 'DAGS_FOLDER/dag_with_docker_operator.py', '--cfg-path', '/tmp/tmpx_6v3sh7']
[2024-06-01T21:24:42.420+0000] {standard_task_runner.py:91} INFO - Job 785: Subtask check_status
[2024-06-01T21:24:42.554+0000] {task_command.py:426} INFO - Running <TaskInstance: dag_with_docker_operator.check_status scheduled__2024-06-01T06:30:00+00:00 [running]> on host 9c47fcd741af
[2024-06-01T21:24:42.807+0000] {taskinstance.py:2648} INFO - Exporting env vars: AIRFLOW_CTX_DAG_OWNER='airflow' AIRFLOW_CTX_DAG_ID='dag_with_docker_operator' AIRFLOW_CTX_TASK_ID='check_status' AIRFLOW_CTX_EXECUTION_DATE='2024-06-01T06:30:00+00:00' AIRFLOW_CTX_TRY_NUMBER='1' AIRFLOW_CTX_DAG_RUN_ID='scheduled__2024-06-01T06:30:00+00:00'
[2024-06-01T21:24:42.809+0000] {taskinstance.py:430} INFO - ::endgroup::
[2024-06-01T21:24:42.849+0000] {python.py:237} INFO - Done. Returned value was: {'status': 'success'}
[2024-06-01T21:24:42.851+0000] {taskinstance.py:441} INFO - ::group::Post task execution logs
[2024-06-01T21:24:42.932+0000] {taskinstance.py:1206} INFO - Marking task as SUCCESS. dag_id=dag_with_docker_operator, task_id=check_status, run_id=scheduled__2024-06-01T06:30:00+00:00, execution_date=20240601T063000, start_date=20240601T212442, end_date=20240601T212442
[2024-06-01T21:24:43.035+0000] {local_task_job_runner.py:240} INFO - Task exited with return code 0
[2024-06-01T21:24:43.088+0000] {taskinstance.py:3498} INFO - 0 downstream tasks scheduled from follow-on schedule check
[2024-06-01T21:24:43.098+0000] {local_task_job_runner.py:222} INFO - ::endgroup::
[2024-06-02T11:28:36.729+0000] {local_task_job_runner.py:120} INFO - ::group::Pre task execution logs
[2024-06-02T11:28:36.916+0000] {taskinstance.py:2076} INFO - Dependencies all met for dep_context=non-requeueable deps ti=<TaskInstance: dag_with_docker_operator.check_status scheduled__2024-06-01T06:30:00+00:00 [queued]>
[2024-06-02T11:28:36.986+0000] {taskinstance.py:2076} INFO - Dependencies all met for dep_context=requeueable deps ti=<TaskInstance: dag_with_docker_operator.check_status scheduled__2024-06-01T06:30:00+00:00 [queued]>
[2024-06-02T11:28:36.987+0000] {taskinstance.py:2306} INFO - Starting attempt 1 of 2
[2024-06-02T11:28:37.237+0000] {taskinstance.py:2330} INFO - Executing <Task(PythonOperator): check_status> on 2024-06-01 06:30:00+00:00
[2024-06-02T11:28:37.252+0000] {standard_task_runner.py:63} INFO - Started process 1570 to run task
[2024-06-02T11:28:37.257+0000] {standard_task_runner.py:90} INFO - Running: ['airflow', 'tasks', 'run', 'dag_with_docker_operator', 'check_status', 'scheduled__2024-06-01T06:30:00+00:00', '--job-id', '785', '--raw', '--subdir', 'DAGS_FOLDER/dag_with_docker_operator.py', '--cfg-path', '/tmp/tmpxz97gma9']
[2024-06-02T11:28:37.259+0000] {standard_task_runner.py:91} INFO - Job 785: Subtask check_status
[2024-06-02T11:28:37.400+0000] {task_command.py:426} INFO - Running <TaskInstance: dag_with_docker_operator.check_status scheduled__2024-06-01T06:30:00+00:00 [running]> on host 9c47fcd741af
[2024-06-02T11:28:37.641+0000] {taskinstance.py:2648} INFO - Exporting env vars: AIRFLOW_CTX_DAG_OWNER='airflow' AIRFLOW_CTX_DAG_ID='dag_with_docker_operator' AIRFLOW_CTX_TASK_ID='check_status' AIRFLOW_CTX_EXECUTION_DATE='2024-06-01T06:30:00+00:00' AIRFLOW_CTX_TRY_NUMBER='1' AIRFLOW_CTX_DAG_RUN_ID='scheduled__2024-06-01T06:30:00+00:00'
[2024-06-02T11:28:37.642+0000] {taskinstance.py:430} INFO - ::endgroup::
[2024-06-02T11:28:37.667+0000] {python.py:237} INFO - Done. Returned value was: {'status': 'failed'}
[2024-06-02T11:28:37.669+0000] {taskinstance.py:441} INFO - ::group::Post task execution logs
[2024-06-02T11:28:37.795+0000] {taskinstance.py:1206} INFO - Marking task as SUCCESS. dag_id=dag_with_docker_operator, task_id=check_status, run_id=scheduled__2024-06-01T06:30:00+00:00, execution_date=20240601T063000, start_date=20240602T112836, end_date=20240602T112837
[2024-06-02T11:28:38.435+0000] {local_task_job_runner.py:240} INFO - Task exited with return code 0
[2024-06-02T11:28:38.462+0000] {taskinstance.py:3498} INFO - 0 downstream tasks scheduled from follow-on schedule check
[2024-06-02T11:28:38.466+0000] {local_task_job_runner.py:222} INFO - ::endgroup::
[2024-06-02T11:57:44.957+0000] {local_task_job_runner.py:120} INFO - ::group::Pre task execution logs
[2024-06-02T11:57:45.002+0000] {taskinstance.py:2076} INFO - Dependencies all met for dep_context=non-requeueable deps ti=<TaskInstance: dag_with_docker_operator.check_status scheduled__2024-06-01T06:30:00+00:00 [queued]>
[2024-06-02T11:57:45.020+0000] {taskinstance.py:2076} INFO - Dependencies all met for dep_context=requeueable deps ti=<TaskInstance: dag_with_docker_operator.check_status scheduled__2024-06-01T06:30:00+00:00 [queued]>
[2024-06-02T11:57:45.021+0000] {taskinstance.py:2306} INFO - Starting attempt 1 of 2
[2024-06-02T11:57:45.068+0000] {taskinstance.py:2330} INFO - Executing <Task(PythonOperator): check_status> on 2024-06-01 06:30:00+00:00
[2024-06-02T11:57:45.074+0000] {standard_task_runner.py:63} INFO - Started process 2369 to run task
[2024-06-02T11:57:45.077+0000] {standard_task_runner.py:90} INFO - Running: ['airflow', 'tasks', 'run', 'dag_with_docker_operator', 'check_status', 'scheduled__2024-06-01T06:30:00+00:00', '--job-id', '789', '--raw', '--subdir', 'DAGS_FOLDER/dag_with_docker_operator.py', '--cfg-path', '/tmp/tmpm11t21m_']
[2024-06-02T11:57:45.079+0000] {standard_task_runner.py:91} INFO - Job 789: Subtask check_status
[2024-06-02T11:57:45.316+0000] {task_command.py:426} INFO - Running <TaskInstance: dag_with_docker_operator.check_status scheduled__2024-06-01T06:30:00+00:00 [running]> on host 9c47fcd741af
[2024-06-02T11:57:45.507+0000] {taskinstance.py:2648} INFO - Exporting env vars: AIRFLOW_CTX_DAG_OWNER='airflow' AIRFLOW_CTX_DAG_ID='dag_with_docker_operator' AIRFLOW_CTX_TASK_ID='check_status' AIRFLOW_CTX_EXECUTION_DATE='2024-06-01T06:30:00+00:00' AIRFLOW_CTX_TRY_NUMBER='1' AIRFLOW_CTX_DAG_RUN_ID='scheduled__2024-06-01T06:30:00+00:00'
[2024-06-02T11:57:45.508+0000] {taskinstance.py:430} INFO - ::endgroup::
[2024-06-02T11:57:45.534+0000] {taskinstance.py:441} INFO - ::group::Post task execution logs
[2024-06-02T11:57:45.536+0000] {taskinstance.py:2905} ERROR - Task failed with exception
Traceback (most recent call last):
  File "/home/airflow/.local/lib/python3.12/site-packages/airflow/models/taskinstance.py", line 465, in _execute_task
    result = _execute_callable(context=context, **execute_callable_kwargs)
             ^^^^^^^^^^^^^^^^^^^^^^^^^^^^^^^^^^^^^^^^^^^^^^^^^^^^^^^^^^^^^
  File "/home/airflow/.local/lib/python3.12/site-packages/airflow/models/taskinstance.py", line 432, in _execute_callable
    return execute_callable(context=context, **execute_callable_kwargs)
           ^^^^^^^^^^^^^^^^^^^^^^^^^^^^^^^^^^^^^^^^^^^^^^^^^^^^^^^^^^^^
  File "/home/airflow/.local/lib/python3.12/site-packages/airflow/models/baseoperator.py", line 400, in wrapper
    return func(self, *args, **kwargs)
           ^^^^^^^^^^^^^^^^^^^^^^^^^^^
  File "/home/airflow/.local/lib/python3.12/site-packages/airflow/operators/python.py", line 235, in execute
    return_value = self.execute_callable()
                   ^^^^^^^^^^^^^^^^^^^^^^^
  File "/home/airflow/.local/lib/python3.12/site-packages/airflow/operators/python.py", line 252, in execute_callable
    return self.python_callable(*self.op_args, **self.op_kwargs)
           ^^^^^^^^^^^^^^^^^^^^^^^^^^^^^^^^^^^^^^^^^^^^^^^^^^^^^
  File "/opt/airflow/dags/dag_with_docker_operator.py", line 24, in check_send_status
    raise ValueError(f"Check send status failed: {result}")
ValueError: Check send status failed: {'status': 'failed'}
[2024-06-02T11:57:45.558+0000] {taskinstance.py:1206} INFO - Marking task as UP_FOR_RETRY. dag_id=dag_with_docker_operator, task_id=check_status, run_id=scheduled__2024-06-01T06:30:00+00:00, execution_date=20240601T063000, start_date=20240602T115745, end_date=20240602T115745
[2024-06-02T11:57:45.608+0000] {standard_task_runner.py:110} ERROR - Failed to execute job 789 for task check_status (Check send status failed: {'status': 'failed'}; 2369)
[2024-06-02T11:57:45.655+0000] {local_task_job_runner.py:240} INFO - Task exited with return code 1
[2024-06-02T11:57:45.782+0000] {taskinstance.py:3498} INFO - 0 downstream tasks scheduled from follow-on schedule check
[2024-06-02T11:57:45.785+0000] {local_task_job_runner.py:222} INFO - ::endgroup::
[2024-06-02T12:16:54.739+0000] {local_task_job_runner.py:120} INFO - ::group::Pre task execution logs
[2024-06-02T12:16:54.789+0000] {taskinstance.py:2076} INFO - Dependencies all met for dep_context=non-requeueable deps ti=<TaskInstance: dag_with_docker_operator.check_status scheduled__2024-06-01T06:30:00+00:00 [queued]>
[2024-06-02T12:16:54.812+0000] {taskinstance.py:2076} INFO - Dependencies all met for dep_context=requeueable deps ti=<TaskInstance: dag_with_docker_operator.check_status scheduled__2024-06-01T06:30:00+00:00 [queued]>
[2024-06-02T12:16:54.813+0000] {taskinstance.py:2306} INFO - Starting attempt 1 of 2
[2024-06-02T12:16:54.873+0000] {taskinstance.py:2330} INFO - Executing <Task(PythonOperator): check_status> on 2024-06-01 06:30:00+00:00
[2024-06-02T12:16:54.881+0000] {standard_task_runner.py:63} INFO - Started process 2872 to run task
[2024-06-02T12:16:54.884+0000] {standard_task_runner.py:90} INFO - Running: ['airflow', 'tasks', 'run', 'dag_with_docker_operator', 'check_status', 'scheduled__2024-06-01T06:30:00+00:00', '--job-id', '785', '--raw', '--subdir', 'DAGS_FOLDER/dag_with_docker_operator.py', '--cfg-path', '/tmp/tmpvcqyc3lz']
[2024-06-02T12:16:54.886+0000] {standard_task_runner.py:91} INFO - Job 785: Subtask check_status
[2024-06-02T12:16:55.170+0000] {task_command.py:426} INFO - Running <TaskInstance: dag_with_docker_operator.check_status scheduled__2024-06-01T06:30:00+00:00 [running]> on host 9c47fcd741af
[2024-06-02T12:16:55.356+0000] {taskinstance.py:2648} INFO - Exporting env vars: AIRFLOW_CTX_DAG_OWNER='airflow' AIRFLOW_CTX_DAG_ID='dag_with_docker_operator' AIRFLOW_CTX_TASK_ID='check_status' AIRFLOW_CTX_EXECUTION_DATE='2024-06-01T06:30:00+00:00' AIRFLOW_CTX_TRY_NUMBER='1' AIRFLOW_CTX_DAG_RUN_ID='scheduled__2024-06-01T06:30:00+00:00'
[2024-06-02T12:16:55.357+0000] {taskinstance.py:430} INFO - ::endgroup::
[2024-06-02T12:16:55.379+0000] {taskinstance.py:441} INFO - ::group::Post task execution logs
[2024-06-02T12:16:55.380+0000] {taskinstance.py:2905} ERROR - Task failed with exception
Traceback (most recent call last):
  File "/home/airflow/.local/lib/python3.12/site-packages/airflow/models/taskinstance.py", line 465, in _execute_task
    result = _execute_callable(context=context, **execute_callable_kwargs)
             ^^^^^^^^^^^^^^^^^^^^^^^^^^^^^^^^^^^^^^^^^^^^^^^^^^^^^^^^^^^^^
  File "/home/airflow/.local/lib/python3.12/site-packages/airflow/models/taskinstance.py", line 432, in _execute_callable
    return execute_callable(context=context, **execute_callable_kwargs)
           ^^^^^^^^^^^^^^^^^^^^^^^^^^^^^^^^^^^^^^^^^^^^^^^^^^^^^^^^^^^^
  File "/home/airflow/.local/lib/python3.12/site-packages/airflow/models/baseoperator.py", line 400, in wrapper
    return func(self, *args, **kwargs)
           ^^^^^^^^^^^^^^^^^^^^^^^^^^^
  File "/home/airflow/.local/lib/python3.12/site-packages/airflow/operators/python.py", line 235, in execute
    return_value = self.execute_callable()
                   ^^^^^^^^^^^^^^^^^^^^^^^
  File "/home/airflow/.local/lib/python3.12/site-packages/airflow/operators/python.py", line 252, in execute_callable
    return self.python_callable(*self.op_args, **self.op_kwargs)
           ^^^^^^^^^^^^^^^^^^^^^^^^^^^^^^^^^^^^^^^^^^^^^^^^^^^^^
  File "/opt/airflow/dags/dag_with_docker_operator.py", line 24, in check_send_status
    raise ValueError(f"Check send status failed: {result}")
ValueError: Check send status failed: {'status': 'failed'}
[2024-06-02T12:16:55.402+0000] {taskinstance.py:1206} INFO - Marking task as UP_FOR_RETRY. dag_id=dag_with_docker_operator, task_id=check_status, run_id=scheduled__2024-06-01T06:30:00+00:00, execution_date=20240601T063000, start_date=20240602T121654, end_date=20240602T121655
[2024-06-02T12:16:55.455+0000] {standard_task_runner.py:110} ERROR - Failed to execute job 785 for task check_status (Check send status failed: {'status': 'failed'}; 2872)
[2024-06-02T12:16:55.500+0000] {local_task_job_runner.py:240} INFO - Task exited with return code 1
[2024-06-02T12:16:55.631+0000] {taskinstance.py:3498} INFO - 0 downstream tasks scheduled from follow-on schedule check
[2024-06-02T12:16:55.633+0000] {local_task_job_runner.py:222} INFO - ::endgroup::
