[2024-06-02T10:40:17.089+0000] {local_task_job_runner.py:120} INFO - ::group::Pre task execution logs
[2024-06-02T10:40:17.136+0000] {taskinstance.py:2076} INFO - Dependencies all met for dep_context=non-requeueable deps ti=<TaskInstance: dag_with_docker_operator.check_status scheduled__2024-06-01T23:30:00+00:00 [queued]>
[2024-06-02T10:40:17.160+0000] {taskinstance.py:2076} INFO - Dependencies all met for dep_context=requeueable deps ti=<TaskInstance: dag_with_docker_operator.check_status scheduled__2024-06-01T23:30:00+00:00 [queued]>
[2024-06-02T10:40:17.161+0000] {taskinstance.py:2306} INFO - Starting attempt 1 of 2
[2024-06-02T10:40:17.315+0000] {taskinstance.py:2330} INFO - Executing <Task(PythonOperator): check_status> on 2024-06-01 23:30:00+00:00
[2024-06-02T10:40:17.320+0000] {standard_task_runner.py:63} INFO - Started process 1015 to run task
[2024-06-02T10:40:17.323+0000] {standard_task_runner.py:90} INFO - Running: ['airflow', 'tasks', 'run', 'dag_with_docker_operator', 'check_status', 'scheduled__2024-06-01T23:30:00+00:00', '--job-id', '852', '--raw', '--subdir', 'DAGS_FOLDER/dag_with_docker_operator.py', '--cfg-path', '/tmp/tmptrowagwb']
[2024-06-02T10:40:17.326+0000] {standard_task_runner.py:91} INFO - Job 852: Subtask check_status
[2024-06-02T10:40:17.616+0000] {task_command.py:426} INFO - Running <TaskInstance: dag_with_docker_operator.check_status scheduled__2024-06-01T23:30:00+00:00 [running]> on host 9c47fcd741af
[2024-06-02T10:40:17.918+0000] {taskinstance.py:2648} INFO - Exporting env vars: AIRFLOW_CTX_DAG_OWNER='airflow' AIRFLOW_CTX_DAG_ID='dag_with_docker_operator' AIRFLOW_CTX_TASK_ID='check_status' AIRFLOW_CTX_EXECUTION_DATE='2024-06-01T23:30:00+00:00' AIRFLOW_CTX_TRY_NUMBER='1' AIRFLOW_CTX_DAG_RUN_ID='scheduled__2024-06-01T23:30:00+00:00'
[2024-06-02T10:40:17.920+0000] {taskinstance.py:430} INFO - ::endgroup::
[2024-06-02T10:40:17.954+0000] {python.py:237} INFO - Done. Returned value was: {'status': 'success'}
[2024-06-02T10:40:17.956+0000] {taskinstance.py:441} INFO - ::group::Post task execution logs
[2024-06-02T10:40:18.031+0000] {taskinstance.py:1206} INFO - Marking task as SUCCESS. dag_id=dag_with_docker_operator, task_id=check_status, run_id=scheduled__2024-06-01T23:30:00+00:00, execution_date=20240601T233000, start_date=20240602T104017, end_date=20240602T104018
[2024-06-02T10:40:18.106+0000] {local_task_job_runner.py:240} INFO - Task exited with return code 0
[2024-06-02T10:40:18.135+0000] {taskinstance.py:3498} INFO - 0 downstream tasks scheduled from follow-on schedule check
[2024-06-02T10:40:18.145+0000] {local_task_job_runner.py:222} INFO - ::endgroup::
[2024-06-02T11:40:18.920+0000] {local_task_job_runner.py:120} INFO - ::group::Pre task execution logs
[2024-06-02T11:40:19.101+0000] {taskinstance.py:2076} INFO - Dependencies all met for dep_context=non-requeueable deps ti=<TaskInstance: dag_with_docker_operator.check_status scheduled__2024-06-01T23:30:00+00:00 [queued]>
[2024-06-02T11:40:19.152+0000] {taskinstance.py:2076} INFO - Dependencies all met for dep_context=requeueable deps ti=<TaskInstance: dag_with_docker_operator.check_status scheduled__2024-06-01T23:30:00+00:00 [queued]>
[2024-06-02T11:40:19.152+0000] {taskinstance.py:2306} INFO - Starting attempt 1 of 2
[2024-06-02T11:40:19.460+0000] {taskinstance.py:2330} INFO - Executing <Task(PythonOperator): check_status> on 2024-06-01 23:30:00+00:00
[2024-06-02T11:40:19.478+0000] {standard_task_runner.py:63} INFO - Started process 1944 to run task
[2024-06-02T11:40:19.483+0000] {standard_task_runner.py:90} INFO - Running: ['airflow', 'tasks', 'run', 'dag_with_docker_operator', 'check_status', 'scheduled__2024-06-01T23:30:00+00:00', '--job-id', '853', '--raw', '--subdir', 'DAGS_FOLDER/dag_with_docker_operator.py', '--cfg-path', '/tmp/tmpw7durjja']
[2024-06-02T11:40:19.525+0000] {standard_task_runner.py:91} INFO - Job 853: Subtask check_status
[2024-06-02T11:40:20.108+0000] {task_command.py:426} INFO - Running <TaskInstance: dag_with_docker_operator.check_status scheduled__2024-06-01T23:30:00+00:00 [running]> on host 9c47fcd741af
[2024-06-02T11:40:20.591+0000] {taskinstance.py:2648} INFO - Exporting env vars: AIRFLOW_CTX_DAG_OWNER='airflow' AIRFLOW_CTX_DAG_ID='dag_with_docker_operator' AIRFLOW_CTX_TASK_ID='check_status' AIRFLOW_CTX_EXECUTION_DATE='2024-06-01T23:30:00+00:00' AIRFLOW_CTX_TRY_NUMBER='1' AIRFLOW_CTX_DAG_RUN_ID='scheduled__2024-06-01T23:30:00+00:00'
[2024-06-02T11:40:20.594+0000] {taskinstance.py:430} INFO - ::endgroup::
[2024-06-02T11:40:20.664+0000] {python.py:237} INFO - Done. Returned value was: {'status': 'failed'}
[2024-06-02T11:40:20.676+0000] {taskinstance.py:441} INFO - ::group::Post task execution logs
[2024-06-02T11:40:20.773+0000] {taskinstance.py:1206} INFO - Marking task as SUCCESS. dag_id=dag_with_docker_operator, task_id=check_status, run_id=scheduled__2024-06-01T23:30:00+00:00, execution_date=20240601T233000, start_date=20240602T114019, end_date=20240602T114020
[2024-06-02T11:40:20.905+0000] {local_task_job_runner.py:240} INFO - Task exited with return code 0
[2024-06-02T11:40:21.156+0000] {taskinstance.py:3498} INFO - 0 downstream tasks scheduled from follow-on schedule check
[2024-06-02T11:40:21.159+0000] {local_task_job_runner.py:222} INFO - ::endgroup::
[2024-06-02T12:38:46.416+0000] {local_task_job_runner.py:120} INFO - ::group::Pre task execution logs
[2024-06-02T12:38:46.474+0000] {taskinstance.py:2076} INFO - Dependencies all met for dep_context=non-requeueable deps ti=<TaskInstance: dag_with_docker_operator.check_status scheduled__2024-06-01T23:30:00+00:00 [queued]>
[2024-06-02T12:38:46.493+0000] {taskinstance.py:2076} INFO - Dependencies all met for dep_context=requeueable deps ti=<TaskInstance: dag_with_docker_operator.check_status scheduled__2024-06-01T23:30:00+00:00 [queued]>
[2024-06-02T12:38:46.493+0000] {taskinstance.py:2306} INFO - Starting attempt 1 of 2
[2024-06-02T12:38:46.544+0000] {taskinstance.py:2330} INFO - Executing <Task(PythonOperator): check_status> on 2024-06-01 23:30:00+00:00
[2024-06-02T12:38:46.551+0000] {standard_task_runner.py:63} INFO - Started process 3495 to run task
[2024-06-02T12:38:46.553+0000] {standard_task_runner.py:90} INFO - Running: ['airflow', 'tasks', 'run', 'dag_with_docker_operator', 'check_status', 'scheduled__2024-06-01T23:30:00+00:00', '--job-id', '898', '--raw', '--subdir', 'DAGS_FOLDER/dag_with_docker_operator.py', '--cfg-path', '/tmp/tmpa1gvrboz']
[2024-06-02T12:38:46.555+0000] {standard_task_runner.py:91} INFO - Job 898: Subtask check_status
[2024-06-02T12:38:46.837+0000] {task_command.py:426} INFO - Running <TaskInstance: dag_with_docker_operator.check_status scheduled__2024-06-01T23:30:00+00:00 [running]> on host 9c47fcd741af
[2024-06-02T12:38:47.035+0000] {taskinstance.py:2648} INFO - Exporting env vars: AIRFLOW_CTX_DAG_OWNER='airflow' AIRFLOW_CTX_DAG_ID='dag_with_docker_operator' AIRFLOW_CTX_TASK_ID='check_status' AIRFLOW_CTX_EXECUTION_DATE='2024-06-01T23:30:00+00:00' AIRFLOW_CTX_TRY_NUMBER='1' AIRFLOW_CTX_DAG_RUN_ID='scheduled__2024-06-01T23:30:00+00:00'
[2024-06-02T12:38:47.036+0000] {taskinstance.py:430} INFO - ::endgroup::
[2024-06-02T12:38:47.080+0000] {taskinstance.py:441} INFO - ::group::Post task execution logs
[2024-06-02T12:38:47.082+0000] {taskinstance.py:2905} ERROR - Task failed with exception
Traceback (most recent call last):
  File "/home/airflow/.local/lib/python3.12/site-packages/airflow/models/taskinstance.py", line 465, in _execute_task
    result = _execute_callable(context=context, **execute_callable_kwargs)
             ^^^^^^^^^^^^^^^^^^^^^^^^^^^^^^^^^^^^^^^^^^^^^^^^^^^^^^^^^^^^^
  File "/home/airflow/.local/lib/python3.12/site-packages/airflow/models/taskinstance.py", line 432, in _execute_callable
    return execute_callable(context=context, **execute_callable_kwargs)
           ^^^^^^^^^^^^^^^^^^^^^^^^^^^^^^^^^^^^^^^^^^^^^^^^^^^^^^^^^^^^
  File "/home/airflow/.local/lib/python3.12/site-packages/airflow/models/baseoperator.py", line 400, in wrapper
    return func(self, *args, **kwargs)
           ^^^^^^^^^^^^^^^^^^^^^^^^^^^
  File "/home/airflow/.local/lib/python3.12/site-packages/airflow/operators/python.py", line 235, in execute
    return_value = self.execute_callable()
                   ^^^^^^^^^^^^^^^^^^^^^^^
  File "/home/airflow/.local/lib/python3.12/site-packages/airflow/operators/python.py", line 252, in execute_callable
    return self.python_callable(*self.op_args, **self.op_kwargs)
           ^^^^^^^^^^^^^^^^^^^^^^^^^^^^^^^^^^^^^^^^^^^^^^^^^^^^^
  File "/opt/airflow/dags/dag_with_docker_operator.py", line 24, in check_send_status
    raise ValueError(f"Request returned non-success status: {response_json.get('status')}")
ValueError: Request returned non-success status: failed
[2024-06-02T12:38:47.123+0000] {taskinstance.py:1206} INFO - Marking task as UP_FOR_RETRY. dag_id=dag_with_docker_operator, task_id=check_status, run_id=scheduled__2024-06-01T23:30:00+00:00, execution_date=20240601T233000, start_date=20240602T123846, end_date=20240602T123847
[2024-06-02T12:38:47.200+0000] {standard_task_runner.py:110} ERROR - Failed to execute job 898 for task check_status (Request returned non-success status: failed; 3495)
[2024-06-02T12:38:47.248+0000] {local_task_job_runner.py:240} INFO - Task exited with return code 1
[2024-06-02T12:38:47.438+0000] {taskinstance.py:3498} INFO - 0 downstream tasks scheduled from follow-on schedule check
[2024-06-02T12:38:47.441+0000] {local_task_job_runner.py:222} INFO - ::endgroup::
