[2024-05-29T10:51:05.302+0000] {local_task_job_runner.py:120} INFO - ::group::Pre task execution logs
[2024-05-29T10:51:05.351+0000] {taskinstance.py:2076} INFO - Dependencies all met for dep_context=non-requeueable deps ti=<TaskInstance: check_send_status_dag.check_status scheduled__2023-01-01T03:10:00+00:00 [queued]>
[2024-05-29T10:51:05.372+0000] {taskinstance.py:2076} INFO - Dependencies all met for dep_context=requeueable deps ti=<TaskInstance: check_send_status_dag.check_status scheduled__2023-01-01T03:10:00+00:00 [queued]>
[2024-05-29T10:51:05.377+0000] {taskinstance.py:2306} INFO - Starting attempt 1 of 2
[2024-05-29T10:51:05.427+0000] {taskinstance.py:2330} INFO - Executing <Task(PythonOperator): check_status> on 2023-01-01 03:10:00+00:00
[2024-05-29T10:51:05.433+0000] {standard_task_runner.py:63} INFO - Started process 262 to run task
[2024-05-29T10:51:05.437+0000] {standard_task_runner.py:90} INFO - Running: ['airflow', 'tasks', 'run', 'check_send_status_dag', 'check_status', 'scheduled__2023-01-01T03:10:00+00:00', '--job-id', '43', '--raw', '--subdir', 'DAGS_FOLDER/check_send_status_dag.py', '--cfg-path', '/tmp/tmpzoyioufg']
[2024-05-29T10:51:05.439+0000] {standard_task_runner.py:91} INFO - Job 43: Subtask check_status
[2024-05-29T10:51:05.623+0000] {task_command.py:426} INFO - Running <TaskInstance: check_send_status_dag.check_status scheduled__2023-01-01T03:10:00+00:00 [running]> on host f708138922bb
[2024-05-29T10:51:05.802+0000] {taskinstance.py:2648} INFO - Exporting env vars: AIRFLOW_CTX_DAG_OWNER='airflow' AIRFLOW_CTX_DAG_ID='check_send_status_dag' AIRFLOW_CTX_TASK_ID='check_status' AIRFLOW_CTX_EXECUTION_DATE='2023-01-01T03:10:00+00:00' AIRFLOW_CTX_TRY_NUMBER='1' AIRFLOW_CTX_DAG_RUN_ID='scheduled__2023-01-01T03:10:00+00:00'
[2024-05-29T10:51:05.803+0000] {taskinstance.py:430} INFO - ::endgroup::
[2024-05-29T10:51:06.212+0000] {check_send_status_dag.py:15} ERROR - Error fetching status: 404 Client Error: Not Found for url: http://host.docker.internal/check_send_status
[2024-05-29T10:51:06.214+0000] {taskinstance.py:441} INFO - ::group::Post task execution logs
[2024-05-29T10:51:06.215+0000] {taskinstance.py:2905} ERROR - Task failed with exception
Traceback (most recent call last):
  File "/home/airflow/.local/lib/python3.12/site-packages/airflow/models/taskinstance.py", line 465, in _execute_task
    result = _execute_callable(context=context, **execute_callable_kwargs)
             ^^^^^^^^^^^^^^^^^^^^^^^^^^^^^^^^^^^^^^^^^^^^^^^^^^^^^^^^^^^^^
  File "/home/airflow/.local/lib/python3.12/site-packages/airflow/models/taskinstance.py", line 432, in _execute_callable
    return execute_callable(context=context, **execute_callable_kwargs)
           ^^^^^^^^^^^^^^^^^^^^^^^^^^^^^^^^^^^^^^^^^^^^^^^^^^^^^^^^^^^^
  File "/home/airflow/.local/lib/python3.12/site-packages/airflow/models/baseoperator.py", line 400, in wrapper
    return func(self, *args, **kwargs)
           ^^^^^^^^^^^^^^^^^^^^^^^^^^^
  File "/home/airflow/.local/lib/python3.12/site-packages/airflow/operators/python.py", line 235, in execute
    return_value = self.execute_callable()
                   ^^^^^^^^^^^^^^^^^^^^^^^
  File "/home/airflow/.local/lib/python3.12/site-packages/airflow/operators/python.py", line 252, in execute_callable
    return self.python_callable(*self.op_args, **self.op_kwargs)
           ^^^^^^^^^^^^^^^^^^^^^^^^^^^^^^^^^^^^^^^^^^^^^^^^^^^^^
  File "/opt/airflow/dags/check_send_status_dag.py", line 11, in check_send_status
    response.raise_for_status()
  File "/home/airflow/.local/lib/python3.12/site-packages/requests/models.py", line 1021, in raise_for_status
    raise HTTPError(http_error_msg, response=self)
requests.exceptions.HTTPError: 404 Client Error: Not Found for url: http://host.docker.internal/check_send_status
[2024-05-29T10:51:06.302+0000] {taskinstance.py:1206} INFO - Marking task as UP_FOR_RETRY. dag_id=check_send_status_dag, task_id=check_status, run_id=scheduled__2023-01-01T03:10:00+00:00, execution_date=20230101T031000, start_date=20240529T105105, end_date=20240529T105106
[2024-05-29T10:51:06.391+0000] {standard_task_runner.py:110} ERROR - Failed to execute job 43 for task check_status (404 Client Error: Not Found for url: http://host.docker.internal/check_send_status; 262)
[2024-05-29T10:51:06.415+0000] {local_task_job_runner.py:240} INFO - Task exited with return code 1
[2024-05-29T10:51:06.495+0000] {taskinstance.py:3498} INFO - 0 downstream tasks scheduled from follow-on schedule check
[2024-05-29T10:51:06.502+0000] {local_task_job_runner.py:222} INFO - ::endgroup::
[2024-05-29T14:09:47.538+0000] {local_task_job_runner.py:120} INFO - ::group::Pre task execution logs
[2024-05-29T14:09:47.711+0000] {taskinstance.py:2076} INFO - Dependencies all met for dep_context=non-requeueable deps ti=<TaskInstance: check_send_status_dag.check_status scheduled__2023-01-01T03:10:00+00:00 [queued]>
[2024-05-29T14:09:47.791+0000] {taskinstance.py:2076} INFO - Dependencies all met for dep_context=requeueable deps ti=<TaskInstance: check_send_status_dag.check_status scheduled__2023-01-01T03:10:00+00:00 [queued]>
[2024-05-29T14:09:47.795+0000] {taskinstance.py:2306} INFO - Starting attempt 1 of 2
[2024-05-29T14:09:47.888+0000] {taskinstance.py:2330} INFO - Executing <Task(PythonOperator): check_status> on 2023-01-01 03:10:00+00:00
[2024-05-29T14:09:47.895+0000] {standard_task_runner.py:63} INFO - Started process 1342 to run task
[2024-05-29T14:09:47.899+0000] {standard_task_runner.py:90} INFO - Running: ['airflow', 'tasks', 'run', 'check_send_status_dag', 'check_status', 'scheduled__2023-01-01T03:10:00+00:00', '--job-id', '37', '--raw', '--subdir', 'DAGS_FOLDER/check_send_status_dag.py', '--cfg-path', '/tmp/tmp5z9js5uf']
[2024-05-29T14:09:47.902+0000] {standard_task_runner.py:91} INFO - Job 37: Subtask check_status
[2024-05-29T14:09:48.031+0000] {task_command.py:426} INFO - Running <TaskInstance: check_send_status_dag.check_status scheduled__2023-01-01T03:10:00+00:00 [running]> on host f708138922bb
[2024-05-29T14:09:48.238+0000] {taskinstance.py:2648} INFO - Exporting env vars: AIRFLOW_CTX_DAG_OWNER='airflow' AIRFLOW_CTX_DAG_ID='check_send_status_dag' AIRFLOW_CTX_TASK_ID='check_status' AIRFLOW_CTX_EXECUTION_DATE='2023-01-01T03:10:00+00:00' AIRFLOW_CTX_TRY_NUMBER='1' AIRFLOW_CTX_DAG_RUN_ID='scheduled__2023-01-01T03:10:00+00:00'
[2024-05-29T14:09:48.240+0000] {taskinstance.py:430} INFO - ::endgroup::
[2024-05-29T14:09:48.282+0000] {check_send_status_dag.py:15} ERROR - Error fetching status: 500 Server Error: INTERNAL SERVER ERROR for url: http://flask:5000/check_send_status
[2024-05-29T14:09:48.286+0000] {taskinstance.py:441} INFO - ::group::Post task execution logs
[2024-05-29T14:09:48.288+0000] {taskinstance.py:2905} ERROR - Task failed with exception
Traceback (most recent call last):
  File "/home/airflow/.local/lib/python3.12/site-packages/airflow/models/taskinstance.py", line 465, in _execute_task
    result = _execute_callable(context=context, **execute_callable_kwargs)
             ^^^^^^^^^^^^^^^^^^^^^^^^^^^^^^^^^^^^^^^^^^^^^^^^^^^^^^^^^^^^^
  File "/home/airflow/.local/lib/python3.12/site-packages/airflow/models/taskinstance.py", line 432, in _execute_callable
    return execute_callable(context=context, **execute_callable_kwargs)
           ^^^^^^^^^^^^^^^^^^^^^^^^^^^^^^^^^^^^^^^^^^^^^^^^^^^^^^^^^^^^
  File "/home/airflow/.local/lib/python3.12/site-packages/airflow/models/baseoperator.py", line 400, in wrapper
    return func(self, *args, **kwargs)
           ^^^^^^^^^^^^^^^^^^^^^^^^^^^
  File "/home/airflow/.local/lib/python3.12/site-packages/airflow/operators/python.py", line 235, in execute
    return_value = self.execute_callable()
                   ^^^^^^^^^^^^^^^^^^^^^^^
  File "/home/airflow/.local/lib/python3.12/site-packages/airflow/operators/python.py", line 252, in execute_callable
    return self.python_callable(*self.op_args, **self.op_kwargs)
           ^^^^^^^^^^^^^^^^^^^^^^^^^^^^^^^^^^^^^^^^^^^^^^^^^^^^^
  File "/opt/airflow/dags/check_send_status_dag.py", line 11, in check_send_status
    response.raise_for_status()
  File "/home/airflow/.local/lib/python3.12/site-packages/requests/models.py", line 1021, in raise_for_status
    raise HTTPError(http_error_msg, response=self)
requests.exceptions.HTTPError: 500 Server Error: INTERNAL SERVER ERROR for url: http://flask:5000/check_send_status
[2024-05-29T14:09:48.314+0000] {taskinstance.py:1206} INFO - Marking task as UP_FOR_RETRY. dag_id=check_send_status_dag, task_id=check_status, run_id=scheduled__2023-01-01T03:10:00+00:00, execution_date=20230101T031000, start_date=20240529T140947, end_date=20240529T140948
[2024-05-29T14:09:48.384+0000] {standard_task_runner.py:110} ERROR - Failed to execute job 37 for task check_status (500 Server Error: INTERNAL SERVER ERROR for url: http://flask:5000/check_send_status; 1342)
[2024-05-29T14:09:48.434+0000] {local_task_job_runner.py:240} INFO - Task exited with return code 1
[2024-05-29T14:09:48.462+0000] {taskinstance.py:3498} INFO - 0 downstream tasks scheduled from follow-on schedule check
[2024-05-29T14:09:48.464+0000] {local_task_job_runner.py:222} INFO - ::endgroup::
[2024-05-29T14:53:06.242+0000] {local_task_job_runner.py:120} INFO - ::group::Pre task execution logs
[2024-05-29T14:53:06.321+0000] {taskinstance.py:2076} INFO - Dependencies all met for dep_context=non-requeueable deps ti=<TaskInstance: check_send_status_dag.check_status scheduled__2023-01-01T03:10:00+00:00 [queued]>
[2024-05-29T14:53:06.347+0000] {taskinstance.py:2076} INFO - Dependencies all met for dep_context=requeueable deps ti=<TaskInstance: check_send_status_dag.check_status scheduled__2023-01-01T03:10:00+00:00 [queued]>
[2024-05-29T14:53:06.348+0000] {taskinstance.py:2306} INFO - Starting attempt 1 of 2
[2024-05-29T14:53:06.604+0000] {taskinstance.py:2330} INFO - Executing <Task(PythonOperator): check_status> on 2023-01-01 03:10:00+00:00
[2024-05-29T14:53:06.612+0000] {standard_task_runner.py:63} INFO - Started process 1689 to run task
[2024-05-29T14:53:06.616+0000] {standard_task_runner.py:90} INFO - Running: ['airflow', 'tasks', 'run', 'check_send_status_dag', 'check_status', 'scheduled__2023-01-01T03:10:00+00:00', '--job-id', '29', '--raw', '--subdir', 'DAGS_FOLDER/check_send_status_dag.py', '--cfg-path', '/tmp/tmp5kn3_ns8']
[2024-05-29T14:53:06.621+0000] {standard_task_runner.py:91} INFO - Job 29: Subtask check_status
[2024-05-29T14:53:06.759+0000] {task_command.py:426} INFO - Running <TaskInstance: check_send_status_dag.check_status scheduled__2023-01-01T03:10:00+00:00 [running]> on host f708138922bb
[2024-05-29T14:53:06.996+0000] {taskinstance.py:2648} INFO - Exporting env vars: AIRFLOW_CTX_DAG_OWNER='airflow' AIRFLOW_CTX_DAG_ID='check_send_status_dag' AIRFLOW_CTX_TASK_ID='check_status' AIRFLOW_CTX_EXECUTION_DATE='2023-01-01T03:10:00+00:00' AIRFLOW_CTX_TRY_NUMBER='1' AIRFLOW_CTX_DAG_RUN_ID='scheduled__2023-01-01T03:10:00+00:00'
[2024-05-29T14:53:06.997+0000] {taskinstance.py:430} INFO - ::endgroup::
[2024-05-29T14:53:07.028+0000] {check_send_status_dag.py:13} INFO - Status: {'status': 'unknown'}
[2024-05-29T14:53:07.031+0000] {python.py:237} INFO - Done. Returned value was: None
[2024-05-29T14:53:07.033+0000] {taskinstance.py:441} INFO - ::group::Post task execution logs
[2024-05-29T14:53:07.055+0000] {taskinstance.py:1206} INFO - Marking task as SUCCESS. dag_id=check_send_status_dag, task_id=check_status, run_id=scheduled__2023-01-01T03:10:00+00:00, execution_date=20230101T031000, start_date=20240529T145306, end_date=20240529T145307
[2024-05-29T14:53:07.162+0000] {local_task_job_runner.py:240} INFO - Task exited with return code 0
[2024-05-29T14:53:07.458+0000] {taskinstance.py:3498} INFO - 0 downstream tasks scheduled from follow-on schedule check
[2024-05-29T14:53:07.484+0000] {local_task_job_runner.py:222} INFO - ::endgroup::
