[2024-05-29T17:05:58.131+0000] {processor.py:161} INFO - Started process (PID=1588) to work on /opt/airflow/dags/flask_monitoring.py
[2024-05-29T17:05:58.133+0000] {processor.py:830} INFO - Processing file /opt/airflow/dags/flask_monitoring.py for tasks to queue
[2024-05-29T17:05:58.137+0000] {logging_mixin.py:188} INFO - [2024-05-29T17:05:58.134+0000] {dagbag.py:545} INFO - Filling up the DagBag from /opt/airflow/dags/flask_monitoring.py
[2024-05-29T17:05:58.223+0000] {processor.py:840} INFO - DAG(s) 'flask_monitoring' retrieved from /opt/airflow/dags/flask_monitoring.py
[2024-05-29T17:05:59.751+0000] {logging_mixin.py:188} INFO - [2024-05-29T17:05:59.750+0000] {dag.py:3096} INFO - Sync 1 DAGs
[2024-05-29T17:05:59.804+0000] {logging_mixin.py:188} INFO - [2024-05-29T17:05:59.804+0000] {dag.py:3954} INFO - Setting next_dagrun for flask_monitoring to 2024-05-28 00:05:00+00:00, run_after=2024-05-28 00:10:00+00:00
[2024-05-29T17:06:02.134+0000] {processor.py:183} INFO - Processing /opt/airflow/dags/flask_monitoring.py took 4.015 seconds
[2024-05-29T17:06:46.812+0000] {processor.py:161} INFO - Started process (PID=1637) to work on /opt/airflow/dags/flask_monitoring.py
[2024-05-29T17:06:46.813+0000] {processor.py:830} INFO - Processing file /opt/airflow/dags/flask_monitoring.py for tasks to queue
[2024-05-29T17:06:46.817+0000] {logging_mixin.py:188} INFO - [2024-05-29T17:06:46.816+0000] {dagbag.py:545} INFO - Filling up the DagBag from /opt/airflow/dags/flask_monitoring.py
[2024-05-29T17:06:46.895+0000] {processor.py:840} INFO - DAG(s) 'flask_monitoring' retrieved from /opt/airflow/dags/flask_monitoring.py
[2024-05-29T17:06:46.977+0000] {logging_mixin.py:188} INFO - [2024-05-29T17:06:46.977+0000] {dag.py:3096} INFO - Sync 1 DAGs
[2024-05-29T17:06:47.050+0000] {logging_mixin.py:188} INFO - [2024-05-29T17:06:47.049+0000] {dag.py:3954} INFO - Setting next_dagrun for flask_monitoring to 2024-05-28 00:15:00+00:00, run_after=2024-05-28 00:20:00+00:00
[2024-05-29T17:06:47.146+0000] {processor.py:183} INFO - Processing /opt/airflow/dags/flask_monitoring.py took 0.342 seconds
[2024-05-29T17:07:22.378+0000] {processor.py:161} INFO - Started process (PID=1674) to work on /opt/airflow/dags/flask_monitoring.py
[2024-05-29T17:07:22.380+0000] {processor.py:830} INFO - Processing file /opt/airflow/dags/flask_monitoring.py for tasks to queue
[2024-05-29T17:07:22.382+0000] {logging_mixin.py:188} INFO - [2024-05-29T17:07:22.381+0000] {dagbag.py:545} INFO - Filling up the DagBag from /opt/airflow/dags/flask_monitoring.py
[2024-05-29T17:07:22.426+0000] {processor.py:840} INFO - DAG(s) 'flask_monitoring' retrieved from /opt/airflow/dags/flask_monitoring.py
[2024-05-29T17:07:22.481+0000] {logging_mixin.py:188} INFO - [2024-05-29T17:07:22.480+0000] {dag.py:3096} INFO - Sync 1 DAGs
[2024-05-29T17:07:22.517+0000] {logging_mixin.py:188} INFO - [2024-05-29T17:07:22.517+0000] {dag.py:3954} INFO - Setting next_dagrun for flask_monitoring to 2024-05-28 00:25:00+00:00, run_after=2024-05-28 00:30:00+00:00
[2024-05-29T17:07:22.608+0000] {processor.py:183} INFO - Processing /opt/airflow/dags/flask_monitoring.py took 0.243 seconds
[2024-05-29T17:07:57.532+0000] {processor.py:161} INFO - Started process (PID=1711) to work on /opt/airflow/dags/flask_monitoring.py
[2024-05-29T17:07:57.534+0000] {processor.py:830} INFO - Processing file /opt/airflow/dags/flask_monitoring.py for tasks to queue
[2024-05-29T17:07:57.535+0000] {logging_mixin.py:188} INFO - [2024-05-29T17:07:57.535+0000] {dagbag.py:545} INFO - Filling up the DagBag from /opt/airflow/dags/flask_monitoring.py
[2024-05-29T17:07:57.576+0000] {processor.py:840} INFO - DAG(s) 'flask_monitoring' retrieved from /opt/airflow/dags/flask_monitoring.py
[2024-05-29T17:07:57.623+0000] {logging_mixin.py:188} INFO - [2024-05-29T17:07:57.622+0000] {dag.py:3096} INFO - Sync 1 DAGs
[2024-05-29T17:07:57.656+0000] {logging_mixin.py:188} INFO - [2024-05-29T17:07:57.656+0000] {dag.py:3954} INFO - Setting next_dagrun for flask_monitoring to 2024-05-28 00:35:00+00:00, run_after=2024-05-28 00:40:00+00:00
[2024-05-29T17:07:57.745+0000] {processor.py:183} INFO - Processing /opt/airflow/dags/flask_monitoring.py took 0.226 seconds
[2024-05-29T17:08:28.860+0000] {processor.py:161} INFO - Started process (PID=1748) to work on /opt/airflow/dags/flask_monitoring.py
[2024-05-29T17:08:28.861+0000] {processor.py:830} INFO - Processing file /opt/airflow/dags/flask_monitoring.py for tasks to queue
[2024-05-29T17:08:28.863+0000] {logging_mixin.py:188} INFO - [2024-05-29T17:08:28.862+0000] {dagbag.py:545} INFO - Filling up the DagBag from /opt/airflow/dags/flask_monitoring.py
[2024-05-29T17:08:28.894+0000] {processor.py:840} INFO - DAG(s) 'flask_monitoring' retrieved from /opt/airflow/dags/flask_monitoring.py
[2024-05-29T17:08:28.938+0000] {logging_mixin.py:188} INFO - [2024-05-29T17:08:28.938+0000] {dag.py:3096} INFO - Sync 1 DAGs
[2024-05-29T17:08:28.975+0000] {logging_mixin.py:188} INFO - [2024-05-29T17:08:28.975+0000] {dag.py:3954} INFO - Setting next_dagrun for flask_monitoring to 2024-05-28 00:45:00+00:00, run_after=2024-05-28 00:50:00+00:00
[2024-05-29T17:08:29.057+0000] {processor.py:183} INFO - Processing /opt/airflow/dags/flask_monitoring.py took 0.205 seconds
[2024-05-29T17:09:09.933+0000] {processor.py:161} INFO - Started process (PID=1786) to work on /opt/airflow/dags/flask_monitoring.py
[2024-05-29T17:09:09.934+0000] {processor.py:830} INFO - Processing file /opt/airflow/dags/flask_monitoring.py for tasks to queue
[2024-05-29T17:09:09.936+0000] {logging_mixin.py:188} INFO - [2024-05-29T17:09:09.935+0000] {dagbag.py:545} INFO - Filling up the DagBag from /opt/airflow/dags/flask_monitoring.py
[2024-05-29T17:09:09.973+0000] {processor.py:840} INFO - DAG(s) 'flask_monitoring' retrieved from /opt/airflow/dags/flask_monitoring.py
[2024-05-29T17:09:10.029+0000] {logging_mixin.py:188} INFO - [2024-05-29T17:09:10.029+0000] {dag.py:3096} INFO - Sync 1 DAGs
[2024-05-29T17:09:10.088+0000] {logging_mixin.py:188} INFO - [2024-05-29T17:09:10.087+0000] {dag.py:3954} INFO - Setting next_dagrun for flask_monitoring to 2024-05-28 00:55:00+00:00, run_after=2024-05-28 01:00:00+00:00
[2024-05-29T17:09:10.262+0000] {processor.py:183} INFO - Processing /opt/airflow/dags/flask_monitoring.py took 0.338 seconds
[2024-05-29T17:10:04.611+0000] {processor.py:161} INFO - Started process (PID=1823) to work on /opt/airflow/dags/flask_monitoring.py
[2024-05-29T17:10:04.613+0000] {processor.py:830} INFO - Processing file /opt/airflow/dags/flask_monitoring.py for tasks to queue
[2024-05-29T17:10:04.615+0000] {logging_mixin.py:188} INFO - [2024-05-29T17:10:04.614+0000] {dagbag.py:545} INFO - Filling up the DagBag from /opt/airflow/dags/flask_monitoring.py
[2024-05-29T17:10:04.655+0000] {processor.py:840} INFO - DAG(s) 'flask_monitoring' retrieved from /opt/airflow/dags/flask_monitoring.py
[2024-05-29T17:10:04.710+0000] {logging_mixin.py:188} INFO - [2024-05-29T17:10:04.709+0000] {dag.py:3096} INFO - Sync 1 DAGs
[2024-05-29T17:10:04.752+0000] {logging_mixin.py:188} INFO - [2024-05-29T17:10:04.752+0000] {dag.py:3954} INFO - Setting next_dagrun for flask_monitoring to 2024-05-28 01:05:00+00:00, run_after=2024-05-28 01:10:00+00:00
[2024-05-29T17:10:04.858+0000] {processor.py:183} INFO - Processing /opt/airflow/dags/flask_monitoring.py took 0.256 seconds
[2024-05-29T17:10:47.287+0000] {processor.py:161} INFO - Started process (PID=1861) to work on /opt/airflow/dags/flask_monitoring.py
[2024-05-29T17:10:47.290+0000] {processor.py:830} INFO - Processing file /opt/airflow/dags/flask_monitoring.py for tasks to queue
[2024-05-29T17:10:47.293+0000] {logging_mixin.py:188} INFO - [2024-05-29T17:10:47.292+0000] {dagbag.py:545} INFO - Filling up the DagBag from /opt/airflow/dags/flask_monitoring.py
[2024-05-29T17:10:47.486+0000] {processor.py:840} INFO - DAG(s) 'flask_monitoring' retrieved from /opt/airflow/dags/flask_monitoring.py
[2024-05-29T17:10:47.657+0000] {logging_mixin.py:188} INFO - [2024-05-29T17:10:47.656+0000] {dag.py:3096} INFO - Sync 1 DAGs
[2024-05-29T17:10:47.818+0000] {processor.py:183} INFO - Processing /opt/airflow/dags/flask_monitoring.py took 0.556 seconds
[2024-05-29T17:11:34.200+0000] {processor.py:161} INFO - Started process (PID=1885) to work on /opt/airflow/dags/flask_monitoring.py
[2024-05-29T17:11:34.207+0000] {processor.py:830} INFO - Processing file /opt/airflow/dags/flask_monitoring.py for tasks to queue
[2024-05-29T17:11:34.208+0000] {logging_mixin.py:188} INFO - [2024-05-29T17:11:34.208+0000] {dagbag.py:545} INFO - Filling up the DagBag from /opt/airflow/dags/flask_monitoring.py
[2024-05-29T17:11:34.245+0000] {processor.py:840} INFO - DAG(s) 'flask_monitoring' retrieved from /opt/airflow/dags/flask_monitoring.py
[2024-05-29T17:11:34.301+0000] {logging_mixin.py:188} INFO - [2024-05-29T17:11:34.300+0000] {dag.py:3096} INFO - Sync 1 DAGs
[2024-05-29T17:11:34.462+0000] {processor.py:183} INFO - Processing /opt/airflow/dags/flask_monitoring.py took 0.269 seconds
[2024-05-29T17:12:04.857+0000] {processor.py:161} INFO - Started process (PID=1908) to work on /opt/airflow/dags/flask_monitoring.py
[2024-05-29T17:12:04.859+0000] {processor.py:830} INFO - Processing file /opt/airflow/dags/flask_monitoring.py for tasks to queue
[2024-05-29T17:12:04.861+0000] {logging_mixin.py:188} INFO - [2024-05-29T17:12:04.860+0000] {dagbag.py:545} INFO - Filling up the DagBag from /opt/airflow/dags/flask_monitoring.py
[2024-05-29T17:12:04.928+0000] {processor.py:840} INFO - DAG(s) 'flask_monitoring' retrieved from /opt/airflow/dags/flask_monitoring.py
[2024-05-29T17:12:05.672+0000] {logging_mixin.py:188} INFO - [2024-05-29T17:12:05.672+0000] {dag.py:3096} INFO - Sync 1 DAGs
[2024-05-29T17:12:05.928+0000] {logging_mixin.py:188} INFO - [2024-05-29T17:12:05.927+0000] {dag.py:3954} INFO - Setting next_dagrun for flask_monitoring to 2024-05-28 01:15:00+00:00, run_after=2024-05-28 01:20:00+00:00
[2024-05-29T17:12:06.652+0000] {processor.py:183} INFO - Processing /opt/airflow/dags/flask_monitoring.py took 1.810 seconds
[2024-05-29T17:12:38.650+0000] {processor.py:161} INFO - Started process (PID=1927) to work on /opt/airflow/dags/flask_monitoring.py
[2024-05-29T17:12:38.656+0000] {processor.py:830} INFO - Processing file /opt/airflow/dags/flask_monitoring.py for tasks to queue
[2024-05-29T17:12:38.657+0000] {logging_mixin.py:188} INFO - [2024-05-29T17:12:38.657+0000] {dagbag.py:545} INFO - Filling up the DagBag from /opt/airflow/dags/flask_monitoring.py
[2024-05-29T17:12:38.694+0000] {processor.py:840} INFO - DAG(s) 'flask_monitoring' retrieved from /opt/airflow/dags/flask_monitoring.py
[2024-05-29T17:12:38.738+0000] {logging_mixin.py:188} INFO - [2024-05-29T17:12:38.738+0000] {dag.py:3096} INFO - Sync 1 DAGs
[2024-05-29T17:12:38.772+0000] {logging_mixin.py:188} INFO - [2024-05-29T17:12:38.771+0000] {dag.py:3954} INFO - Setting next_dagrun for flask_monitoring to 2024-05-28 01:20:00+00:00, run_after=2024-05-28 01:25:00+00:00
[2024-05-29T17:12:38.860+0000] {processor.py:183} INFO - Processing /opt/airflow/dags/flask_monitoring.py took 0.218 seconds
[2024-05-29T17:13:26.547+0000] {processor.py:161} INFO - Started process (PID=1969) to work on /opt/airflow/dags/flask_monitoring.py
[2024-05-29T17:13:26.550+0000] {processor.py:830} INFO - Processing file /opt/airflow/dags/flask_monitoring.py for tasks to queue
[2024-05-29T17:13:26.552+0000] {logging_mixin.py:188} INFO - [2024-05-29T17:13:26.551+0000] {dagbag.py:545} INFO - Filling up the DagBag from /opt/airflow/dags/flask_monitoring.py
[2024-05-29T17:13:26.623+0000] {processor.py:840} INFO - DAG(s) 'flask_monitoring' retrieved from /opt/airflow/dags/flask_monitoring.py
[2024-05-29T17:13:26.664+0000] {logging_mixin.py:188} INFO - [2024-05-29T17:13:26.663+0000] {dag.py:3096} INFO - Sync 1 DAGs
[2024-05-29T17:13:26.697+0000] {logging_mixin.py:188} INFO - [2024-05-29T17:13:26.697+0000] {dag.py:3954} INFO - Setting next_dagrun for flask_monitoring to 2024-05-28 01:25:00+00:00, run_after=2024-05-28 01:30:00+00:00
[2024-05-29T17:13:26.796+0000] {processor.py:183} INFO - Processing /opt/airflow/dags/flask_monitoring.py took 0.260 seconds
[2024-05-29T17:14:34.610+0000] {processor.py:161} INFO - Started process (PID=2014) to work on /opt/airflow/dags/flask_monitoring.py
[2024-05-29T17:14:34.614+0000] {processor.py:830} INFO - Processing file /opt/airflow/dags/flask_monitoring.py for tasks to queue
[2024-05-29T17:14:34.617+0000] {logging_mixin.py:188} INFO - [2024-05-29T17:14:34.616+0000] {dagbag.py:545} INFO - Filling up the DagBag from /opt/airflow/dags/flask_monitoring.py
[2024-05-29T17:14:34.686+0000] {processor.py:840} INFO - DAG(s) 'flask_monitoring' retrieved from /opt/airflow/dags/flask_monitoring.py
[2024-05-29T17:14:34.792+0000] {logging_mixin.py:188} INFO - [2024-05-29T17:14:34.791+0000] {dag.py:3096} INFO - Sync 1 DAGs
[2024-05-29T17:14:34.902+0000] {logging_mixin.py:188} INFO - [2024-05-29T17:14:34.901+0000] {dag.py:3954} INFO - Setting next_dagrun for flask_monitoring to 2024-05-28 01:30:00+00:00, run_after=2024-05-28 01:35:00+00:00
[2024-05-29T17:14:35.283+0000] {processor.py:183} INFO - Processing /opt/airflow/dags/flask_monitoring.py took 0.693 seconds
[2024-05-29T17:15:56.993+0000] {processor.py:161} INFO - Started process (PID=2079) to work on /opt/airflow/dags/flask_monitoring.py
[2024-05-29T17:15:57.039+0000] {processor.py:830} INFO - Processing file /opt/airflow/dags/flask_monitoring.py for tasks to queue
[2024-05-29T17:15:57.041+0000] {logging_mixin.py:188} INFO - [2024-05-29T17:15:57.040+0000] {dagbag.py:545} INFO - Filling up the DagBag from /opt/airflow/dags/flask_monitoring.py
[2024-05-29T17:15:57.184+0000] {processor.py:840} INFO - DAG(s) 'flask_monitoring' retrieved from /opt/airflow/dags/flask_monitoring.py
[2024-05-29T17:15:57.287+0000] {logging_mixin.py:188} INFO - [2024-05-29T17:15:57.286+0000] {dag.py:3096} INFO - Sync 1 DAGs
[2024-05-29T17:15:57.384+0000] {logging_mixin.py:188} INFO - [2024-05-29T17:15:57.384+0000] {dag.py:3954} INFO - Setting next_dagrun for flask_monitoring to 2024-05-28 01:35:00+00:00, run_after=2024-05-28 01:40:00+00:00
[2024-05-29T17:15:57.642+0000] {processor.py:183} INFO - Processing /opt/airflow/dags/flask_monitoring.py took 0.659 seconds
[2024-05-29T17:17:09.978+0000] {processor.py:161} INFO - Started process (PID=2145) to work on /opt/airflow/dags/flask_monitoring.py
[2024-05-29T17:17:09.980+0000] {processor.py:830} INFO - Processing file /opt/airflow/dags/flask_monitoring.py for tasks to queue
[2024-05-29T17:17:09.982+0000] {logging_mixin.py:188} INFO - [2024-05-29T17:17:09.981+0000] {dagbag.py:545} INFO - Filling up the DagBag from /opt/airflow/dags/flask_monitoring.py
[2024-05-29T17:17:10.019+0000] {processor.py:840} INFO - DAG(s) 'flask_monitoring' retrieved from /opt/airflow/dags/flask_monitoring.py
[2024-05-29T17:17:10.066+0000] {logging_mixin.py:188} INFO - [2024-05-29T17:17:10.065+0000] {dag.py:3096} INFO - Sync 1 DAGs
[2024-05-29T17:17:10.109+0000] {logging_mixin.py:188} INFO - [2024-05-29T17:17:10.108+0000] {dag.py:3954} INFO - Setting next_dagrun for flask_monitoring to 2024-05-28 01:40:00+00:00, run_after=2024-05-28 01:45:00+00:00
[2024-05-29T17:17:10.201+0000] {processor.py:183} INFO - Processing /opt/airflow/dags/flask_monitoring.py took 0.233 seconds
[2024-05-29T17:17:40.937+0000] {processor.py:161} INFO - Started process (PID=2175) to work on /opt/airflow/dags/flask_monitoring.py
[2024-05-29T17:17:40.943+0000] {processor.py:830} INFO - Processing file /opt/airflow/dags/flask_monitoring.py for tasks to queue
[2024-05-29T17:17:40.947+0000] {logging_mixin.py:188} INFO - [2024-05-29T17:17:40.946+0000] {dagbag.py:545} INFO - Filling up the DagBag from /opt/airflow/dags/flask_monitoring.py
[2024-05-29T17:17:41.023+0000] {processor.py:840} INFO - DAG(s) 'flask_monitoring' retrieved from /opt/airflow/dags/flask_monitoring.py
[2024-05-29T17:17:41.083+0000] {logging_mixin.py:188} INFO - [2024-05-29T17:17:41.083+0000] {dag.py:3096} INFO - Sync 1 DAGs
[2024-05-29T17:17:41.128+0000] {logging_mixin.py:188} INFO - [2024-05-29T17:17:41.127+0000] {dag.py:3954} INFO - Setting next_dagrun for flask_monitoring to 2024-05-28 01:45:00+00:00, run_after=2024-05-28 01:50:00+00:00
[2024-05-29T17:17:41.321+0000] {processor.py:183} INFO - Processing /opt/airflow/dags/flask_monitoring.py took 0.399 seconds
[2024-05-29T17:18:22.165+0000] {processor.py:161} INFO - Started process (PID=2220) to work on /opt/airflow/dags/flask_monitoring.py
[2024-05-29T17:18:22.166+0000] {processor.py:830} INFO - Processing file /opt/airflow/dags/flask_monitoring.py for tasks to queue
[2024-05-29T17:18:22.168+0000] {logging_mixin.py:188} INFO - [2024-05-29T17:18:22.168+0000] {dagbag.py:545} INFO - Filling up the DagBag from /opt/airflow/dags/flask_monitoring.py
[2024-05-29T17:18:22.202+0000] {processor.py:840} INFO - DAG(s) 'flask_monitoring' retrieved from /opt/airflow/dags/flask_monitoring.py
[2024-05-29T17:18:22.257+0000] {logging_mixin.py:188} INFO - [2024-05-29T17:18:22.256+0000] {dag.py:3096} INFO - Sync 1 DAGs
[2024-05-29T17:18:22.304+0000] {logging_mixin.py:188} INFO - [2024-05-29T17:18:22.304+0000] {dag.py:3954} INFO - Setting next_dagrun for flask_monitoring to 2024-05-28 02:00:00+00:00, run_after=2024-05-28 02:05:00+00:00
[2024-05-29T17:18:22.389+0000] {processor.py:183} INFO - Processing /opt/airflow/dags/flask_monitoring.py took 0.233 seconds
[2024-05-29T17:19:16.154+0000] {processor.py:161} INFO - Started process (PID=2270) to work on /opt/airflow/dags/flask_monitoring.py
[2024-05-29T17:19:16.156+0000] {processor.py:830} INFO - Processing file /opt/airflow/dags/flask_monitoring.py for tasks to queue
[2024-05-29T17:19:16.158+0000] {logging_mixin.py:188} INFO - [2024-05-29T17:19:16.157+0000] {dagbag.py:545} INFO - Filling up the DagBag from /opt/airflow/dags/flask_monitoring.py
[2024-05-29T17:19:16.197+0000] {processor.py:840} INFO - DAG(s) 'flask_monitoring' retrieved from /opt/airflow/dags/flask_monitoring.py
[2024-05-29T17:19:16.313+0000] {logging_mixin.py:188} INFO - [2024-05-29T17:19:16.313+0000] {dag.py:3096} INFO - Sync 1 DAGs
[2024-05-29T17:19:16.956+0000] {logging_mixin.py:188} INFO - [2024-05-29T17:19:16.956+0000] {dag.py:3954} INFO - Setting next_dagrun for flask_monitoring to 2024-05-28 02:10:00+00:00, run_after=2024-05-28 02:15:00+00:00
[2024-05-29T17:19:17.164+0000] {processor.py:183} INFO - Processing /opt/airflow/dags/flask_monitoring.py took 1.022 seconds
[2024-05-29T17:19:52.651+0000] {processor.py:161} INFO - Started process (PID=2311) to work on /opt/airflow/dags/flask_monitoring.py
[2024-05-29T17:19:52.653+0000] {processor.py:830} INFO - Processing file /opt/airflow/dags/flask_monitoring.py for tasks to queue
[2024-05-29T17:19:52.655+0000] {logging_mixin.py:188} INFO - [2024-05-29T17:19:52.654+0000] {dagbag.py:545} INFO - Filling up the DagBag from /opt/airflow/dags/flask_monitoring.py
[2024-05-29T17:19:52.691+0000] {processor.py:840} INFO - DAG(s) 'flask_monitoring' retrieved from /opt/airflow/dags/flask_monitoring.py
[2024-05-29T17:19:52.737+0000] {logging_mixin.py:188} INFO - [2024-05-29T17:19:52.736+0000] {dag.py:3096} INFO - Sync 1 DAGs
[2024-05-29T17:19:52.777+0000] {logging_mixin.py:188} INFO - [2024-05-29T17:19:52.777+0000] {dag.py:3954} INFO - Setting next_dagrun for flask_monitoring to 2024-05-28 02:15:00+00:00, run_after=2024-05-28 02:20:00+00:00
[2024-05-29T17:19:52.869+0000] {processor.py:183} INFO - Processing /opt/airflow/dags/flask_monitoring.py took 0.227 seconds
[2024-05-29T17:20:24.152+0000] {processor.py:161} INFO - Started process (PID=2330) to work on /opt/airflow/dags/flask_monitoring.py
[2024-05-29T17:20:24.159+0000] {processor.py:830} INFO - Processing file /opt/airflow/dags/flask_monitoring.py for tasks to queue
[2024-05-29T17:20:24.161+0000] {logging_mixin.py:188} INFO - [2024-05-29T17:20:24.161+0000] {dagbag.py:545} INFO - Filling up the DagBag from /opt/airflow/dags/flask_monitoring.py
[2024-05-29T17:20:24.207+0000] {processor.py:840} INFO - DAG(s) 'flask_monitoring' retrieved from /opt/airflow/dags/flask_monitoring.py
[2024-05-29T17:20:24.292+0000] {logging_mixin.py:188} INFO - [2024-05-29T17:20:24.291+0000] {dag.py:3096} INFO - Sync 1 DAGs
[2024-05-29T17:20:24.348+0000] {logging_mixin.py:188} INFO - [2024-05-29T17:20:24.348+0000] {dag.py:3954} INFO - Setting next_dagrun for flask_monitoring to 2024-05-28 02:20:00+00:00, run_after=2024-05-28 02:25:00+00:00
[2024-05-29T17:20:24.508+0000] {processor.py:183} INFO - Processing /opt/airflow/dags/flask_monitoring.py took 0.367 seconds
[2024-05-29T17:21:09.785+0000] {processor.py:161} INFO - Started process (PID=2375) to work on /opt/airflow/dags/flask_monitoring.py
[2024-05-29T17:21:09.787+0000] {processor.py:830} INFO - Processing file /opt/airflow/dags/flask_monitoring.py for tasks to queue
[2024-05-29T17:21:09.789+0000] {logging_mixin.py:188} INFO - [2024-05-29T17:21:09.788+0000] {dagbag.py:545} INFO - Filling up the DagBag from /opt/airflow/dags/flask_monitoring.py
[2024-05-29T17:21:09.823+0000] {processor.py:840} INFO - DAG(s) 'flask_monitoring' retrieved from /opt/airflow/dags/flask_monitoring.py
[2024-05-29T17:21:09.867+0000] {logging_mixin.py:188} INFO - [2024-05-29T17:21:09.867+0000] {dag.py:3096} INFO - Sync 1 DAGs
[2024-05-29T17:21:09.902+0000] {logging_mixin.py:188} INFO - [2024-05-29T17:21:09.901+0000] {dag.py:3954} INFO - Setting next_dagrun for flask_monitoring to 2024-05-28 02:35:00+00:00, run_after=2024-05-28 02:40:00+00:00
[2024-05-29T17:21:10.006+0000] {processor.py:183} INFO - Processing /opt/airflow/dags/flask_monitoring.py took 0.229 seconds
[2024-05-29T17:22:04.899+0000] {processor.py:161} INFO - Started process (PID=2406) to work on /opt/airflow/dags/flask_monitoring.py
[2024-05-29T17:22:04.905+0000] {processor.py:830} INFO - Processing file /opt/airflow/dags/flask_monitoring.py for tasks to queue
[2024-05-29T17:22:04.908+0000] {logging_mixin.py:188} INFO - [2024-05-29T17:22:04.907+0000] {dagbag.py:545} INFO - Filling up the DagBag from /opt/airflow/dags/flask_monitoring.py
[2024-05-29T17:22:05.070+0000] {processor.py:840} INFO - DAG(s) 'flask_monitoring' retrieved from /opt/airflow/dags/flask_monitoring.py
[2024-05-29T17:22:05.225+0000] {logging_mixin.py:188} INFO - [2024-05-29T17:22:05.224+0000] {dag.py:3096} INFO - Sync 1 DAGs
[2024-05-29T17:22:05.350+0000] {logging_mixin.py:188} INFO - [2024-05-29T17:22:05.350+0000] {dag.py:3954} INFO - Setting next_dagrun for flask_monitoring to 2024-05-28 02:40:00+00:00, run_after=2024-05-28 02:45:00+00:00
[2024-05-29T17:22:05.439+0000] {processor.py:183} INFO - Processing /opt/airflow/dags/flask_monitoring.py took 0.556 seconds
[2024-05-29T17:23:03.095+0000] {processor.py:161} INFO - Started process (PID=2427) to work on /opt/airflow/dags/flask_monitoring.py
[2024-05-29T17:23:03.117+0000] {processor.py:830} INFO - Processing file /opt/airflow/dags/flask_monitoring.py for tasks to queue
[2024-05-29T17:23:03.119+0000] {logging_mixin.py:188} INFO - [2024-05-29T17:23:03.118+0000] {dagbag.py:545} INFO - Filling up the DagBag from /opt/airflow/dags/flask_monitoring.py
[2024-05-29T17:23:03.199+0000] {processor.py:840} INFO - DAG(s) 'flask_monitoring' retrieved from /opt/airflow/dags/flask_monitoring.py
[2024-05-29T17:23:03.346+0000] {logging_mixin.py:188} INFO - [2024-05-29T17:23:03.345+0000] {dag.py:3096} INFO - Sync 1 DAGs
[2024-05-29T17:23:03.453+0000] {logging_mixin.py:188} INFO - [2024-05-29T17:23:03.453+0000] {dag.py:3954} INFO - Setting next_dagrun for flask_monitoring to 2024-05-28 02:45:00+00:00, run_after=2024-05-28 02:50:00+00:00
[2024-05-29T17:23:03.643+0000] {processor.py:183} INFO - Processing /opt/airflow/dags/flask_monitoring.py took 0.581 seconds
[2024-05-29T17:24:05.630+0000] {processor.py:161} INFO - Started process (PID=2471) to work on /opt/airflow/dags/flask_monitoring.py
[2024-05-29T17:24:05.632+0000] {processor.py:830} INFO - Processing file /opt/airflow/dags/flask_monitoring.py for tasks to queue
[2024-05-29T17:24:05.633+0000] {logging_mixin.py:188} INFO - [2024-05-29T17:24:05.633+0000] {dagbag.py:545} INFO - Filling up the DagBag from /opt/airflow/dags/flask_monitoring.py
[2024-05-29T17:24:05.667+0000] {processor.py:840} INFO - DAG(s) 'flask_monitoring' retrieved from /opt/airflow/dags/flask_monitoring.py
[2024-05-29T17:24:05.718+0000] {logging_mixin.py:188} INFO - [2024-05-29T17:24:05.718+0000] {dag.py:3096} INFO - Sync 1 DAGs
[2024-05-29T17:24:05.922+0000] {processor.py:183} INFO - Processing /opt/airflow/dags/flask_monitoring.py took 0.300 seconds
[2024-05-29T17:24:40.410+0000] {processor.py:161} INFO - Started process (PID=2507) to work on /opt/airflow/dags/flask_monitoring.py
[2024-05-29T17:24:40.432+0000] {processor.py:830} INFO - Processing file /opt/airflow/dags/flask_monitoring.py for tasks to queue
[2024-05-29T17:24:40.450+0000] {logging_mixin.py:188} INFO - [2024-05-29T17:24:40.449+0000] {dagbag.py:545} INFO - Filling up the DagBag from /opt/airflow/dags/flask_monitoring.py
[2024-05-29T17:24:40.792+0000] {processor.py:840} INFO - DAG(s) 'flask_monitoring' retrieved from /opt/airflow/dags/flask_monitoring.py
[2024-05-29T17:24:41.123+0000] {logging_mixin.py:188} INFO - [2024-05-29T17:24:41.122+0000] {dag.py:3096} INFO - Sync 1 DAGs
[2024-05-29T17:24:41.188+0000] {logging_mixin.py:188} INFO - [2024-05-29T17:24:41.187+0000] {dag.py:3954} INFO - Setting next_dagrun for flask_monitoring to 2024-05-28 02:50:00+00:00, run_after=2024-05-28 02:55:00+00:00
[2024-05-29T17:24:41.560+0000] {processor.py:183} INFO - Processing /opt/airflow/dags/flask_monitoring.py took 1.177 seconds
[2024-05-29T17:25:20.168+0000] {processor.py:161} INFO - Started process (PID=2537) to work on /opt/airflow/dags/flask_monitoring.py
[2024-05-29T17:25:20.171+0000] {processor.py:830} INFO - Processing file /opt/airflow/dags/flask_monitoring.py for tasks to queue
[2024-05-29T17:25:20.172+0000] {logging_mixin.py:188} INFO - [2024-05-29T17:25:20.172+0000] {dagbag.py:545} INFO - Filling up the DagBag from /opt/airflow/dags/flask_monitoring.py
[2024-05-29T17:25:20.207+0000] {processor.py:840} INFO - DAG(s) 'flask_monitoring' retrieved from /opt/airflow/dags/flask_monitoring.py
[2024-05-29T17:25:20.253+0000] {logging_mixin.py:188} INFO - [2024-05-29T17:25:20.252+0000] {dag.py:3096} INFO - Sync 1 DAGs
[2024-05-29T17:25:20.290+0000] {logging_mixin.py:188} INFO - [2024-05-29T17:25:20.289+0000] {dag.py:3954} INFO - Setting next_dagrun for flask_monitoring to 2024-05-28 02:55:00+00:00, run_after=2024-05-28 03:00:00+00:00
[2024-05-29T17:25:20.571+0000] {processor.py:183} INFO - Processing /opt/airflow/dags/flask_monitoring.py took 0.410 seconds
[2024-05-29T17:25:57.437+0000] {processor.py:161} INFO - Started process (PID=2580) to work on /opt/airflow/dags/flask_monitoring.py
[2024-05-29T17:25:57.439+0000] {processor.py:830} INFO - Processing file /opt/airflow/dags/flask_monitoring.py for tasks to queue
[2024-05-29T17:25:57.441+0000] {logging_mixin.py:188} INFO - [2024-05-29T17:25:57.440+0000] {dagbag.py:545} INFO - Filling up the DagBag from /opt/airflow/dags/flask_monitoring.py
[2024-05-29T17:25:57.484+0000] {processor.py:840} INFO - DAG(s) 'flask_monitoring' retrieved from /opt/airflow/dags/flask_monitoring.py
[2024-05-29T17:25:57.559+0000] {logging_mixin.py:188} INFO - [2024-05-29T17:25:57.559+0000] {dag.py:3096} INFO - Sync 1 DAGs
[2024-05-29T17:25:57.599+0000] {logging_mixin.py:188} INFO - [2024-05-29T17:25:57.598+0000] {dag.py:3954} INFO - Setting next_dagrun for flask_monitoring to 2024-05-28 03:00:00+00:00, run_after=2024-05-28 03:05:00+00:00
[2024-05-29T17:25:57.886+0000] {processor.py:183} INFO - Processing /opt/airflow/dags/flask_monitoring.py took 0.460 seconds
[2024-05-29T17:26:45.697+0000] {processor.py:161} INFO - Started process (PID=2632) to work on /opt/airflow/dags/flask_monitoring.py
[2024-05-29T17:26:45.699+0000] {processor.py:830} INFO - Processing file /opt/airflow/dags/flask_monitoring.py for tasks to queue
[2024-05-29T17:26:45.700+0000] {logging_mixin.py:188} INFO - [2024-05-29T17:26:45.700+0000] {dagbag.py:545} INFO - Filling up the DagBag from /opt/airflow/dags/flask_monitoring.py
[2024-05-29T17:26:45.734+0000] {processor.py:840} INFO - DAG(s) 'flask_monitoring' retrieved from /opt/airflow/dags/flask_monitoring.py
[2024-05-29T17:26:45.781+0000] {logging_mixin.py:188} INFO - [2024-05-29T17:26:45.781+0000] {dag.py:3096} INFO - Sync 1 DAGs
[2024-05-29T17:26:45.816+0000] {logging_mixin.py:188} INFO - [2024-05-29T17:26:45.816+0000] {dag.py:3954} INFO - Setting next_dagrun for flask_monitoring to 2024-05-28 03:05:00+00:00, run_after=2024-05-28 03:10:00+00:00
[2024-05-29T17:26:45.919+0000] {processor.py:183} INFO - Processing /opt/airflow/dags/flask_monitoring.py took 0.231 seconds
[2024-05-29T17:27:16.244+0000] {processor.py:161} INFO - Started process (PID=2663) to work on /opt/airflow/dags/flask_monitoring.py
[2024-05-29T17:27:16.246+0000] {processor.py:830} INFO - Processing file /opt/airflow/dags/flask_monitoring.py for tasks to queue
[2024-05-29T17:27:16.247+0000] {logging_mixin.py:188} INFO - [2024-05-29T17:27:16.246+0000] {dagbag.py:545} INFO - Filling up the DagBag from /opt/airflow/dags/flask_monitoring.py
[2024-05-29T17:27:16.282+0000] {processor.py:840} INFO - DAG(s) 'flask_monitoring' retrieved from /opt/airflow/dags/flask_monitoring.py
[2024-05-29T17:27:16.333+0000] {logging_mixin.py:188} INFO - [2024-05-29T17:27:16.333+0000] {dag.py:3096} INFO - Sync 1 DAGs
[2024-05-29T17:27:16.374+0000] {logging_mixin.py:188} INFO - [2024-05-29T17:27:16.374+0000] {dag.py:3954} INFO - Setting next_dagrun for flask_monitoring to 2024-05-28 03:10:00+00:00, run_after=2024-05-28 03:15:00+00:00
[2024-05-29T17:27:16.482+0000] {processor.py:183} INFO - Processing /opt/airflow/dags/flask_monitoring.py took 0.249 seconds
[2024-05-29T17:27:56.592+0000] {processor.py:161} INFO - Started process (PID=2689) to work on /opt/airflow/dags/flask_monitoring.py
[2024-05-29T17:27:56.595+0000] {processor.py:830} INFO - Processing file /opt/airflow/dags/flask_monitoring.py for tasks to queue
[2024-05-29T17:27:56.597+0000] {logging_mixin.py:188} INFO - [2024-05-29T17:27:56.596+0000] {dagbag.py:545} INFO - Filling up the DagBag from /opt/airflow/dags/flask_monitoring.py
[2024-05-29T17:27:56.651+0000] {processor.py:840} INFO - DAG(s) 'flask_monitoring' retrieved from /opt/airflow/dags/flask_monitoring.py
[2024-05-29T17:27:56.717+0000] {logging_mixin.py:188} INFO - [2024-05-29T17:27:56.717+0000] {dag.py:3096} INFO - Sync 1 DAGs
[2024-05-29T17:27:56.781+0000] {logging_mixin.py:188} INFO - [2024-05-29T17:27:56.780+0000] {dag.py:3954} INFO - Setting next_dagrun for flask_monitoring to 2024-05-28 03:15:00+00:00, run_after=2024-05-28 03:20:00+00:00
[2024-05-29T17:27:57.013+0000] {processor.py:183} INFO - Processing /opt/airflow/dags/flask_monitoring.py took 0.438 seconds
[2024-05-29T17:28:46.938+0000] {processor.py:161} INFO - Started process (PID=2745) to work on /opt/airflow/dags/flask_monitoring.py
[2024-05-29T17:28:46.949+0000] {processor.py:830} INFO - Processing file /opt/airflow/dags/flask_monitoring.py for tasks to queue
[2024-05-29T17:28:46.955+0000] {logging_mixin.py:188} INFO - [2024-05-29T17:28:46.954+0000] {dagbag.py:545} INFO - Filling up the DagBag from /opt/airflow/dags/flask_monitoring.py
[2024-05-29T17:28:47.040+0000] {processor.py:840} INFO - DAG(s) 'flask_monitoring' retrieved from /opt/airflow/dags/flask_monitoring.py
[2024-05-29T17:28:47.090+0000] {logging_mixin.py:188} INFO - [2024-05-29T17:28:47.090+0000] {dag.py:3096} INFO - Sync 1 DAGs
[2024-05-29T17:28:47.126+0000] {logging_mixin.py:188} INFO - [2024-05-29T17:28:47.125+0000] {dag.py:3954} INFO - Setting next_dagrun for flask_monitoring to 2024-05-28 03:25:00+00:00, run_after=2024-05-28 03:30:00+00:00
[2024-05-29T17:28:47.216+0000] {processor.py:183} INFO - Processing /opt/airflow/dags/flask_monitoring.py took 0.300 seconds
[2024-05-29T17:29:26.478+0000] {processor.py:161} INFO - Started process (PID=2794) to work on /opt/airflow/dags/flask_monitoring.py
[2024-05-29T17:29:26.480+0000] {processor.py:830} INFO - Processing file /opt/airflow/dags/flask_monitoring.py for tasks to queue
[2024-05-29T17:29:26.481+0000] {logging_mixin.py:188} INFO - [2024-05-29T17:29:26.481+0000] {dagbag.py:545} INFO - Filling up the DagBag from /opt/airflow/dags/flask_monitoring.py
[2024-05-29T17:29:26.514+0000] {processor.py:840} INFO - DAG(s) 'flask_monitoring' retrieved from /opt/airflow/dags/flask_monitoring.py
[2024-05-29T17:29:26.559+0000] {logging_mixin.py:188} INFO - [2024-05-29T17:29:26.559+0000] {dag.py:3096} INFO - Sync 1 DAGs
[2024-05-29T17:29:26.595+0000] {logging_mixin.py:188} INFO - [2024-05-29T17:29:26.595+0000] {dag.py:3954} INFO - Setting next_dagrun for flask_monitoring to 2024-05-28 03:35:00+00:00, run_after=2024-05-28 03:40:00+00:00
[2024-05-29T17:29:26.706+0000] {processor.py:183} INFO - Processing /opt/airflow/dags/flask_monitoring.py took 0.236 seconds
[2024-05-29T17:30:13.898+0000] {processor.py:161} INFO - Started process (PID=2831) to work on /opt/airflow/dags/flask_monitoring.py
[2024-05-29T17:30:13.900+0000] {processor.py:830} INFO - Processing file /opt/airflow/dags/flask_monitoring.py for tasks to queue
[2024-05-29T17:30:13.913+0000] {logging_mixin.py:188} INFO - [2024-05-29T17:30:13.912+0000] {dagbag.py:545} INFO - Filling up the DagBag from /opt/airflow/dags/flask_monitoring.py
[2024-05-29T17:30:13.986+0000] {processor.py:840} INFO - DAG(s) 'flask_monitoring' retrieved from /opt/airflow/dags/flask_monitoring.py
[2024-05-29T17:30:14.131+0000] {logging_mixin.py:188} INFO - [2024-05-29T17:30:14.130+0000] {dag.py:3096} INFO - Sync 1 DAGs
[2024-05-29T17:30:14.264+0000] {logging_mixin.py:188} INFO - [2024-05-29T17:30:14.263+0000] {dag.py:3954} INFO - Setting next_dagrun for flask_monitoring to 2024-05-28 03:45:00+00:00, run_after=2024-05-28 03:50:00+00:00
[2024-05-29T17:30:14.503+0000] {processor.py:183} INFO - Processing /opt/airflow/dags/flask_monitoring.py took 0.628 seconds
