[2024-05-29T17:09:17.339+0000] {local_task_job_runner.py:120} INFO - ::group::Pre task execution logs
[2024-05-29T17:09:17.411+0000] {taskinstance.py:2076} INFO - Dependencies all met for dep_context=non-requeueable deps ti=<TaskInstance: flask_monitoring.check_flask_health scheduled__2024-05-28T00:55:00+00:00 [queued]>
[2024-05-29T17:09:17.432+0000] {taskinstance.py:2076} INFO - Dependencies all met for dep_context=requeueable deps ti=<TaskInstance: flask_monitoring.check_flask_health scheduled__2024-05-28T00:55:00+00:00 [queued]>
[2024-05-29T17:09:17.433+0000] {taskinstance.py:2306} INFO - Starting attempt 1 of 2
[2024-05-29T17:09:17.488+0000] {taskinstance.py:2330} INFO - Executing <Task(BashOperator): check_flask_health> on 2024-05-28 00:55:00+00:00
[2024-05-29T17:09:17.496+0000] {standard_task_runner.py:63} INFO - Started process 1791 to run task
[2024-05-29T17:09:17.499+0000] {standard_task_runner.py:90} INFO - Running: ['airflow', 'tasks', 'run', 'flask_monitoring', 'check_flask_health', 'scheduled__2024-05-28T00:55:00+00:00', '--job-id', '115', '--raw', '--subdir', 'DAGS_FOLDER/flask_monitoring.py', '--cfg-path', '/tmp/tmpeghkyt1h']
[2024-05-29T17:09:17.502+0000] {standard_task_runner.py:91} INFO - Job 115: Subtask check_flask_health
[2024-05-29T17:09:17.661+0000] {task_command.py:426} INFO - Running <TaskInstance: flask_monitoring.check_flask_health scheduled__2024-05-28T00:55:00+00:00 [running]> on host f708138922bb
[2024-05-29T17:09:17.980+0000] {taskinstance.py:2648} INFO - Exporting env vars: AIRFLOW_CTX_DAG_OWNER='airflow' AIRFLOW_CTX_DAG_ID='flask_monitoring' AIRFLOW_CTX_TASK_ID='check_flask_health' AIRFLOW_CTX_EXECUTION_DATE='2024-05-28T00:55:00+00:00' AIRFLOW_CTX_TRY_NUMBER='1' AIRFLOW_CTX_DAG_RUN_ID='scheduled__2024-05-28T00:55:00+00:00'
[2024-05-29T17:09:17.981+0000] {taskinstance.py:430} INFO - ::endgroup::
[2024-05-29T17:09:18.040+0000] {subprocess.py:63} INFO - Tmp dir root location: /tmp
[2024-05-29T17:09:18.048+0000] {subprocess.py:75} INFO - Running command: ['/usr/bin/bash', '-c', 'curl -X GET http://flask:5000/check_send_status']
[2024-05-29T17:09:18.075+0000] {subprocess.py:86} INFO - Output:
[2024-05-29T17:09:18.112+0000] {subprocess.py:93} INFO -   % Total    % Received % Xferd  Average Speed   Time    Time     Time  Current
[2024-05-29T17:09:18.115+0000] {subprocess.py:93} INFO -                                  Dload  Upload   Total   Spent    Left  Speed
[2024-05-29T17:09:18.134+0000] {subprocess.py:93} INFO -   0     0    0     0    0     0      0      0 --:--:-- --:--:-- --:--:--     0<!doctype html>
[2024-05-29T17:09:18.152+0000] {subprocess.py:93} INFO - <html lang=en>
[2024-05-29T17:09:18.156+0000] {subprocess.py:93} INFO -   <head>
[2024-05-29T17:09:18.162+0000] {subprocess.py:93} INFO -     <title>NameError: name &#39;last_status&#39; is not defined
[2024-05-29T17:09:18.168+0000] {subprocess.py:93} INFO -  // Werkzeug Debugger</title>
[2024-05-29T17:09:18.174+0000] {subprocess.py:93} INFO -     <link rel="stylesheet" href="?__debugger__=yes&amp;cmd=resource&amp;f=style.css">
[2024-05-29T17:09:18.177+0000] {subprocess.py:93} INFO -     <link rel="shortcut icon"
[2024-05-29T17:09:18.180+0000] {subprocess.py:93} INFO -         href="?__debugger__=yes&amp;cmd=resource&amp;f=console.png">
[2024-05-29T17:09:18.181+0000] {subprocess.py:93} INFO -     <script src="?__debugger__=yes&amp;cmd=resource&amp;f=debugger.js"></script>
[2024-05-29T17:09:18.182+0000] {subprocess.py:93} INFO -     <script>
[2024-05-29T17:09:18.184+0000] {subprocess.py:93} INFO -       var CONSOLE_MODE = false,
[2024-05-29T17:09:18.185+0000] {subprocess.py:93} INFO -           EVALEX = false,
[2024-05-29T17:09:18.186+0000] {subprocess.py:93} INFO -           EVALEX_TRUSTED = false,
[2024-05-29T17:09:18.192+0000] {subprocess.py:93} INFO -           SECRET = "m0W2mug263yMqd81oBK2";
[2024-05-29T17:09:18.193+0000] {subprocess.py:93} INFO -     </script>
[2024-05-29T17:09:18.194+0000] {subprocess.py:93} INFO -   </head>
[2024-05-29T17:09:18.195+0000] {subprocess.py:93} INFO -   <body style="background-color: #fff">
[2024-05-29T17:09:18.196+0000] {subprocess.py:93} INFO -     <div class="debugger">
[2024-05-29T17:09:18.198+0000] {subprocess.py:93} INFO - <h1>NameError</h1>
[2024-05-29T17:09:18.200+0000] {subprocess.py:93} INFO - <div class="detail">
[2024-05-29T17:09:18.202+0000] {subprocess.py:93} INFO -   <p class="errormsg">NameError: name &#39;last_status&#39; is not defined
[2024-05-29T17:09:18.206+0000] {subprocess.py:93} INFO - </p>
[2024-05-29T17:09:18.208+0000] {subprocess.py:93} INFO - </div>
[2024-05-29T17:09:18.209+0000] {subprocess.py:93} INFO - <h2 class="traceback">Traceback <em>(most recent call last)</em></h2>
[2024-05-29T17:09:18.213+0000] {subprocess.py:93} INFO - <div class="traceback">
[2024-05-29T17:09:18.215+0000] {subprocess.py:93} INFO -   <h3></h3>
[2024-05-29T17:09:18.220+0000] {subprocess.py:93} INFO -   <ul><li><div class="frame" id="frame-140474387891696">
[2024-05-29T17:09:18.224+0000] {subprocess.py:93} INFO -   <h4>File <cite class="filename">"/usr/local/lib/python3.9/site-packages/flask/app.py"</cite>,
[2024-05-29T17:09:18.226+0000] {subprocess.py:93} INFO -       line <em class="line">1498</em>,
[2024-05-29T17:09:18.227+0000] {subprocess.py:93} INFO -       in <code class="function">__call__</code></h4>
[2024-05-29T17:09:18.228+0000] {subprocess.py:93} INFO -   <div class="source library"><pre class="line before"><span class="ws">    </span>) -&gt; cabc.Iterable[bytes]:</pre>
[2024-05-29T17:09:18.231+0000] {subprocess.py:93} INFO - <pre class="line before"><span class="ws">        </span>&#34;&#34;&#34;The WSGI server calls the Flask application object as the</pre>
[2024-05-29T17:09:18.233+0000] {subprocess.py:93} INFO - <pre class="line before"><span class="ws">        </span>WSGI application. This calls :meth:`wsgi_app`, which can be</pre>
[2024-05-29T17:09:18.236+0000] {subprocess.py:93} INFO - <pre class="line before"><span class="ws">        </span>wrapped to apply middleware.</pre>
[2024-05-29T17:09:18.237+0000] {subprocess.py:93} INFO - <pre class="line before"><span class="ws">        </span>&#34;&#34;&#34;</pre>
[2024-05-29T17:09:18.239+0000] {subprocess.py:93} INFO - <pre class="line current"><span class="ws">        </span>return self.wsgi_app(environ, start_response)</pre></div>
[2024-05-29T17:09:18.240+0000] {subprocess.py:93} INFO - </div>
[2024-05-29T17:09:18.244+0000] {subprocess.py:93} INFO - 
[2024-05-29T17:09:18.245+0000] {subprocess.py:93} INFO - <li><div class="frame" id="frame-140474387891808">
[2024-05-29T17:09:18.246+0000] {subprocess.py:93} INFO -   <h4>File <cite class="filename">"/usr/local/lib/python3.9/site-packages/flask/app.py"</cite>,
[2024-05-29T17:09:18.247+0000] {subprocess.py:93} INFO -       line <em class="line">1476</em>,
[2024-05-29T17:09:18.249+0000] {subprocess.py:93} INFO -       in <code class="function">wsgi_app</code></h4>
[2024-05-29T17:09:18.250+0000] {subprocess.py:93} INFO -   <div class="source library"><pre class="line before"><span class="ws">            </span>try:</pre>
[2024-05-29T17:09:18.253+0000] {subprocess.py:93} INFO - <pre class="line before"><span class="ws">                </span>ctx.push()</pre>
[2024-05-29T17:09:18.254+0000] {subprocess.py:93} INFO - <pre class="line before"><span class="ws">                </span>response = self.full_dispatch_request()</pre>
[2024-05-29T17:09:18.256+0000] {subprocess.py:93} INFO - <pre class="line before"><span class="ws">            </span>except Exception as e:</pre>
[2024-05-29T17:09:18.258+0000] {subprocess.py:93} INFO - <pre class="line before"><span class="ws">                </span>error = e</pre>
[2024-05-29T17:09:18.260+0000] {subprocess.py:93} INFO - <pre class="line current"><span class="ws">                </span>response = self.handle_exception(e)</pre>
[2024-05-29T17:09:18.261+0000] {subprocess.py:93} INFO - <pre class="line after"><span class="ws">            </span>except:  # noqa: B001</pre>
[2024-05-29T17:09:18.263+0000] {subprocess.py:93} INFO - <pre class="line after"><span class="ws">                </span>error = sys.exc_info()[1]</pre>
[2024-05-29T17:09:18.264+0000] {subprocess.py:93} INFO - <pre class="line after"><span class="ws">                </span>raise</pre>
[2024-05-29T17:09:18.265+0000] {subprocess.py:93} INFO - <pre class="line after"><span class="ws">            </span>return response(environ, start_response)</pre>
[2024-05-29T17:09:18.266+0000] {subprocess.py:93} INFO - <pre class="line after"><span class="ws">        </span>finally:</pre></div>
[2024-05-29T17:09:18.267+0000] {subprocess.py:93} INFO - </div>
[2024-05-29T17:09:18.268+0000] {subprocess.py:93} INFO - 
[2024-05-29T17:09:18.269+0000] {subprocess.py:93} INFO - <li><div class="frame" id="frame-140474387891920">
[2024-05-29T17:09:18.270+0000] {subprocess.py:93} INFO -   <h4>File <cite class="filename">"/usr/local/lib/python3.9/site-packages/flask/app.py"</cite>,
[2024-05-29T17:09:18.272+0000] {subprocess.py:93} INFO -       line <em class="line">1473</em>,
[2024-05-29T17:09:18.273+0000] {subprocess.py:93} INFO -       in <code class="function">wsgi_app</code></h4>
[2024-05-29T17:09:18.274+0000] {subprocess.py:93} INFO -   <div class="source library"><pre class="line before"><span class="ws">        </span>ctx = self.request_context(environ)</pre>
[2024-05-29T17:09:18.275+0000] {subprocess.py:93} INFO - <pre class="line before"><span class="ws">        </span>error: BaseException | None = None</pre>
[2024-05-29T17:09:18.277+0000] {subprocess.py:93} INFO - <pre class="line before"><span class="ws">        </span>try:</pre>
[2024-05-29T17:09:18.278+0000] {subprocess.py:93} INFO - <pre class="line before"><span class="ws">            </span>try:</pre>
[2024-05-29T17:09:18.283+0000] {subprocess.py:93} INFO - <pre class="line before"><span class="ws">                </span>ctx.push()</pre>
[2024-05-29T17:09:18.289+0000] {subprocess.py:93} INFO - <pre class="line current"><span class="ws">                </span>response = self.full_dispatch_request()</pre>
[2024-05-29T17:09:18.291+0000] {subprocess.py:93} INFO - <pre class="line after"><span class="ws">            </span>except Exception as e:</pre>
[2024-05-29T17:09:18.298+0000] {subprocess.py:93} INFO - <pre class="line after"><span class="ws">                </span>error = e</pre>
[2024-05-29T17:09:18.301+0000] {subprocess.py:93} INFO - <pre class="line after"><span class="ws">                </span>response = self.handle_exception(e)</pre>
[2024-05-29T17:09:18.302+0000] {subprocess.py:93} INFO - <pre class="line after"><span class="ws">            </span>except:  # noqa: B001</pre>
[2024-05-29T17:09:18.303+0000] {subprocess.py:93} INFO - <pre class="line after"><span class="ws">                </span>error = sys.exc_info()[1]</pre></div>
[2024-05-29T17:09:18.304+0000] {subprocess.py:93} INFO - </div>
[2024-05-29T17:09:18.305+0000] {subprocess.py:93} INFO - 
[2024-05-29T17:09:18.306+0000] {subprocess.py:93} INFO - <li><div class="frame" id="frame-140474387892032">
[2024-05-29T17:09:18.307+0000] {subprocess.py:93} INFO -   <h4>File <cite class="filename">"/usr/local/lib/python3.9/site-packages/flask/app.py"</cite>,
[2024-05-29T17:09:18.307+0000] {subprocess.py:93} INFO -       line <em class="line">882</em>,
[2024-05-29T17:09:18.308+0000] {subprocess.py:93} INFO -       in <code class="function">full_dispatch_request</code></h4>
[2024-05-29T17:09:18.309+0000] {subprocess.py:93} INFO -   <div class="source library"><pre class="line before"><span class="ws">            </span>request_started.send(self, _async_wrapper=self.ensure_sync)</pre>
[2024-05-29T17:09:18.310+0000] {subprocess.py:93} INFO - <pre class="line before"><span class="ws">            </span>rv = self.preprocess_request()</pre>
[2024-05-29T17:09:18.311+0000] {subprocess.py:93} INFO - <pre class="line before"><span class="ws">            </span>if rv is None:</pre>
[2024-05-29T17:09:18.312+0000] {subprocess.py:93} INFO - <pre class="line before"><span class="ws">                </span>rv = self.dispatch_request()</pre>
[2024-05-29T17:09:18.313+0000] {subprocess.py:93} INFO - <pre class="line before"><span class="ws">        </span>except Exception as e:</pre>
[2024-05-29T17:09:18.315+0000] {subprocess.py:93} INFO - <pre class="line current"><span class="ws">            </span>rv = self.handle_user_exception(e)</pre>
[2024-05-29T17:09:18.316+0000] {subprocess.py:93} INFO - <pre class="line after"><span class="ws">        </span>return self.finalize_request(rv)</pre>
[2024-05-29T17:09:18.317+0000] {subprocess.py:93} INFO - <pre class="line after"><span class="ws"></span> </pre>
[2024-05-29T17:09:18.318+0000] {subprocess.py:93} INFO - <pre class="line after"><span class="ws">    </span>def finalize_request(</pre>
[2024-05-29T17:09:18.319+0000] {subprocess.py:93} INFO - <pre class="line after"><span class="ws">        </span>self,</pre>
[2024-05-29T17:09:18.326+0000] {subprocess.py:93} INFO - <pre class="line after"><span class="ws">        </span>rv: ft.ResponseReturnValue | HTTPException,</pre></div>
[2024-05-29T17:09:18.327+0000] {subprocess.py:93} INFO - </div>
[2024-05-29T17:09:18.329+0000] {subprocess.py:93} INFO - 
[2024-05-29T17:09:18.330+0000] {subprocess.py:93} INFO - <li><div class="frame" id="frame-140474387892144">
[2024-05-29T17:09:18.331+0000] {subprocess.py:93} INFO -   <h4>File <cite class="filename">"/usr/local/lib/python3.9/site-packages/flask/app.py"</cite>,
[2024-05-29T17:09:18.332+0000] {subprocess.py:93} INFO -       line <em class="line">880</em>,
[2024-05-29T17:09:18.333+0000] {subprocess.py:93} INFO -       in <code class="function">full_dispatch_request</code></h4>
[2024-05-29T17:09:18.334+0000] {subprocess.py:93} INFO -   <div class="source library"><pre class="line before"><span class="ws"></span> </pre>
[2024-05-29T17:09:18.335+0000] {subprocess.py:93} INFO - <pre class="line before"><span class="ws">        </span>try:</pre>
[2024-05-29T17:09:18.342+0000] {subprocess.py:93} INFO - <pre class="line before"><span class="ws">            </span>request_started.send(self, _async_wrapper=self.ensure_sync)</pre>
[2024-05-29T17:09:18.343+0000] {subprocess.py:93} INFO - <pre class="line before"><span class="ws">            </span>rv = self.preprocess_request()</pre>
[2024-05-29T17:09:18.344+0000] {subprocess.py:93} INFO - <pre class="line before"><span class="ws">            </span>if rv is None:</pre>
[2024-05-29T17:09:18.345+0000] {subprocess.py:93} INFO - <pre class="line current"><span class="ws">                </span>rv = self.dispatch_request()</pre>
[2024-05-29T17:09:18.346+0000] {subprocess.py:93} INFO - <pre class="line after"><span class="ws">        </span>except Exception as e:</pre>
[2024-05-29T17:09:18.347+0000] {subprocess.py:93} INFO - <pre class="line after"><span class="ws">            </span>rv = self.handle_user_exception(e)</pre>
[2024-05-29T17:09:18.348+0000] {subprocess.py:93} INFO - <pre class="line after"><span class="ws">        </span>return self.finalize_request(rv)</pre>
[2024-05-29T17:09:18.349+0000] {subprocess.py:93} INFO - <pre class="line after"><span class="ws"></span> </pre>
[2024-05-29T17:09:18.350+0000] {subprocess.py:93} INFO - <pre class="line after"><span class="ws">    </span>def finalize_request(</pre></div>
[2024-05-29T17:09:18.351+0000] {subprocess.py:93} INFO - </div>
[2024-05-29T17:09:18.352+0000] {subprocess.py:93} INFO - 
[2024-05-29T17:09:18.353+0000] {subprocess.py:93} INFO - <li><div class="frame" id="frame-140474387892256">
[2024-05-29T17:09:18.354+0000] {subprocess.py:93} INFO -   <h4>File <cite class="filename">"/usr/local/lib/python3.9/site-packages/flask/app.py"</cite>,
[2024-05-29T17:09:18.355+0000] {subprocess.py:93} INFO -       line <em class="line">865</em>,
[2024-05-29T17:09:18.356+0000] {subprocess.py:93} INFO -       in <code class="function">dispatch_request</code></h4>
[2024-05-29T17:09:18.357+0000] {subprocess.py:93} INFO -   <div class="source library"><pre class="line before"><span class="ws">            </span>and req.method == &#34;OPTIONS&#34;</pre>
[2024-05-29T17:09:18.358+0000] {subprocess.py:93} INFO - <pre class="line before"><span class="ws">        </span>):</pre>
[2024-05-29T17:09:18.359+0000] {subprocess.py:93} INFO - <pre class="line before"><span class="ws">            </span>return self.make_default_options_response()</pre>
[2024-05-29T17:09:18.365+0000] {subprocess.py:93} INFO - <pre class="line before"><span class="ws">        </span># otherwise dispatch to the handler for that endpoint</pre>
[2024-05-29T17:09:18.366+0000] {subprocess.py:93} INFO - <pre class="line before"><span class="ws">        </span>view_args: dict[str, t.Any] = req.view_args  # type: ignore[assignment]</pre>
[2024-05-29T17:09:18.366+0000] {subprocess.py:93} INFO - <pre class="line current"><span class="ws">        </span>return self.ensure_sync(self.view_functions[rule.endpoint])(**view_args)  # type: ignore[no-any-return]</pre>
[2024-05-29T17:09:18.367+0000] {subprocess.py:93} INFO - <pre class="line after"><span class="ws"></span> </pre>
[2024-05-29T17:09:18.368+0000] {subprocess.py:93} INFO - <pre class="line after"><span class="ws">    </span>def full_dispatch_request(self) -&gt; Response:</pre>
[2024-05-29T17:09:18.370+0000] {subprocess.py:93} INFO - <pre class="line after"><span class="ws">        </span>&#34;&#34;&#34;Dispatches the request and on top of that performs request</pre>
[2024-05-29T17:09:18.371+0000] {subprocess.py:93} INFO - <pre class="line after"><span class="ws">        </span>pre and postprocessing as well as HTTP exception catching and</pre>
[2024-05-29T17:09:18.372+0000] {subprocess.py:93} INFO - <pre class="line after"><span class="ws">        </span>error handling.</pre></div>
[2024-05-29T17:09:18.373+0000] {subprocess.py:93} INFO - </div>
[2024-05-29T17:09:18.376+0000] {subprocess.py:93} INFO - 
[2024-05-29T17:09:18.377+0000] {subprocess.py:93} INFO - <li><div class="frame" id="frame-140474387892368">
[2024-05-29T17:09:18.378+0000] {subprocess.py:93} INFO -   <h4>File <cite class="filename">"/app/appflask.py"</cite>,
[2024-05-29T17:09:18.380+0000] {subprocess.py:93} INFO -       line <em class="line">206</em>,
[2024-05-29T17:09:18.380+0000] {subprocess.py:93} INFO -       in <code class="function">check_send_status</code></h4>
[2024-05-29T17:09:18.381+0000] {subprocess.py:93} INFO -   <div class="source "><pre class="line before"><span class="ws">        </span>return str(e)</pre>
[2024-05-29T17:09:18.382+0000] {subprocess.py:93} INFO - <pre class="line before"><span class="ws"></span> </pre>
[2024-05-29T17:09:18.382+0000] {subprocess.py:93} INFO - <pre class="line before"><span class="ws"></span>@app.route(&#39;/check_send_status&#39;, methods=[&#39;GET&#39;])</pre>
[2024-05-29T17:09:18.383+0000] {subprocess.py:93} INFO - <pre class="line before"><span class="ws"></span>def check_send_status():</pre>
[2024-05-29T17:09:18.383+0000] {subprocess.py:93} INFO - <pre class="line before"><span class="ws">    </span>global last_status</pre>
[2024-05-29T17:09:18.384+0000] {subprocess.py:93} INFO - <pre class="line current"><span class="ws">    </span>return jsonify(last_status)</pre>
[2024-05-29T17:09:18.384+0000] {subprocess.py:93} INFO - <pre class="line after"><span class="ws"></span> </pre>
[2024-05-29T17:09:18.385+0000] {subprocess.py:93} INFO - <pre class="line after"><span class="ws"></span>if __name__ == &#39;__main__&#39;:</pre>
[2024-05-29T17:09:18.385+0000] {subprocess.py:93} INFO - <pre class="line after"><span class="ws">    </span>app.run(host=&#39;0.0.0.0&#39;, port=5000, debug=True)</pre></div>
[2024-05-29T17:09:18.386+0000] {subprocess.py:93} INFO - </div>
[2024-05-29T17:09:18.387+0000] {subprocess.py:93} INFO - </ul>
[2024-05-29T17:09:18.387+0000] {subprocess.py:93} INFO -   <blockquote>NameError: name &#39;last_status&#39; is not defined
[2024-05-29T17:09:18.388+0000] {subprocess.py:93} INFO - </blockquote>
[2024-05-29T17:09:18.389+0000] {subprocess.py:93} INFO - </div>
[2024-05-29T17:09:18.389+0000] {subprocess.py:93} INFO - 
[2024-05-29T17:09:18.390+0000] {subprocess.py:93} INFO - <div class="plain">
[2024-05-29T17:09:18.390+0000] {subprocess.py:93} INFO -     <p>
[2024-05-29T17:09:18.391+0000] {subprocess.py:93} INFO -       This is the Copy/Paste friendly version of the traceback.
[2024-05-29T17:09:18.391+0000] {subprocess.py:93} INFO -     </p>
[2024-05-29T17:09:18.392+0000] {subprocess.py:93} INFO -     <textarea cols="50" rows="10" name="code" readonly>Traceback (most recent call last):
[2024-05-29T17:09:18.392+0000] {subprocess.py:93} INFO -   File &#34;/usr/local/lib/python3.9/site-packages/flask/app.py&#34;, line 1498, in __call__
[2024-05-29T17:09:18.393+0000] {subprocess.py:93} INFO -     return self.wsgi_app(environ, start_response)
[2024-05-29T17:09:18.393+0000] {subprocess.py:93} INFO -   File &#34;/usr/local/lib/python3.9/site-packages/flask/app.py&#34;, line 1476, in wsgi_app
[2024-05-29T17:09:18.393+0000] {subprocess.py:93} INFO -     response = self.handle_exception(e)
[2024-05-29T17:09:18.394+0000] {subprocess.py:93} INFO -   File &#34;/usr/local/lib/python3.9/site-packages/flask/app.py&#34;, line 1473, in wsgi_app
[2024-05-29T17:09:18.394+0000] {subprocess.py:93} INFO -     response = self.full_dispatch_request()
[2024-05-29T17:09:18.395+0000] {subprocess.py:93} INFO -   File &#34;/usr/local/lib/python3.9/site-packages/flask/app.py&#34;, line 882, in full_dispatch_request
[2024-05-29T17:09:18.395+0000] {subprocess.py:93} INFO -     rv = self.handle_user_exception(e)
[2024-05-29T17:09:18.396+0000] {subprocess.py:93} INFO -   File &#34;/usr/local/lib/python3.9/site-packages/flask/app.py&#34;, line 880, in full_dispatch_request
[2024-05-29T17:09:18.396+0000] {subprocess.py:93} INFO -     rv = self.dispatch_request()
[2024-05-29T17:09:18.396+0000] {subprocess.py:93} INFO -   File &#34;/usr/local/lib/python3.9/site-packages/flask/app.py&#34;, line 865, in dispatch_request
[2024-05-29T17:09:18.397+0000] {subprocess.py:93} INFO -     return self.ensure_sync(self.view_functions[rule.endpoint])(**view_args)  # type: ignore[no-any-return]
[2024-05-29T17:09:18.398+0000] {subprocess.py:93} INFO -   File &#34;/app/appflask.py&#34;, line 206, in check_send_status
[2024-05-29T17:09:18.399+0000] {subprocess.py:93} INFO -     return jsonify(last_status)
[2024-05-29T17:09:18.399+0000] {subprocess.py:93} INFO - NameError: name &#39;last_status&#39; is not defined
[2024-05-29T17:09:18.400+0000] {subprocess.py:93} INFO - </textarea>
[2024-05-29T17:09:18.400+0000] {subprocess.py:93} INFO - </div>
[2024-05-29T17:09:18.401+0000] {subprocess.py:93} INFO - <div class="explanation">
[2024-05-29T17:09:18.401+0000] {subprocess.py:93} INFO -   The debugger caught an exception in your WSGI application.  You can now
[2024-05-29T17:09:18.402+0000] {subprocess.py:93} INFO -   look at the traceback which led to the error.  <span class="nojavascript">
[2024-05-29T17:09:18.402+0000] {subprocess.py:93} INFO -   If you enable JavaScript you can also use additional features such as code
[2024-05-29T17:09:18.403+0000] {subprocess.py:93} INFO -   execution (if the evalex feature is enabled), automatic pasting of the
[2024-05-29T17:09:18.403+0000] {subprocess.py:93} INFO -   exceptions and much more.</span>
[2024-05-29T17:09:18.404+0000] {subprocess.py:93} INFO - </div>
[2024-05-29T17:09:18.405+0000] {subprocess.py:93} INFO -       <div class="footer">
[2024-05-29T17:09:18.405+0000] {subprocess.py:93} INFO -         Brought to you by <strong class="arthur">DON'T PANIC</strong>, your
[2024-05-29T17:09:18.406+0000] {subprocess.py:93} INFO -         friendly Werkzeug powered traceback interpreter.
[2024-05-29T17:09:18.406+0000] {subprocess.py:93} INFO -       </div>
[2024-05-29T17:09:18.407+0000] {subprocess.py:93} INFO -     </div>
[2024-05-29T17:09:18.407+0000] {subprocess.py:93} INFO - 
[2024-05-29T17:09:18.408+0000] {subprocess.py:93} INFO -     <div class="pin-prompt">
[2024-05-29T17:09:18.408+0000] {subprocess.py:93} INFO -       <div class="inner">
[2024-05-29T17:09:18.408+0000] {subprocess.py:93} INFO -         <h3>Console Locked</h3>
[2024-05-29T17:09:18.409+0000] {subprocess.py:93} INFO -         <p>
[2024-05-29T17:09:18.409+0000] {subprocess.py:93} INFO -           The console is locked and needs to be unlocked by entering the PIN.
[2024-05-29T17:09:18.410+0000] {subprocess.py:93} INFO -           You can find the PIN printed out on the standard output of your
[2024-05-29T17:09:18.410+0000] {subprocess.py:93} INFO -           shell that runs the server.
[2024-05-29T17:09:18.411+0000] {subprocess.py:93} INFO -         <form>
[2024-05-29T17:09:18.411+0000] {subprocess.py:93} INFO -           <p>PIN:
[2024-05-29T17:09:18.411+0000] {subprocess.py:93} INFO -             <input type=text name=pin size=14>
[2024-05-29T17:09:18.412+0000] {subprocess.py:93} INFO -             <input type=submit name=btn value="Confirm Pin">
[2024-05-29T17:09:18.413+0000] {subprocess.py:93} INFO -         </form>
[2024-05-29T17:09:18.413+0000] {subprocess.py:93} INFO -       </div>
[2024-05-29T17:09:18.414+0000] {subprocess.py:93} INFO -     </div>
[2024-05-29T17:09:18.414+0000] {subprocess.py:93} INFO -   </body>
[2024-05-29T17:09:18.415+0000] {subprocess.py:93} INFO - </html>
[2024-05-29T17:09:18.415+0000] {subprocess.py:93} INFO - 
[2024-05-29T17:09:18.415+0000] {subprocess.py:93} INFO - <!--
[2024-05-29T17:09:18.416+0000] {subprocess.py:93} INFO - 
[2024-05-29T17:09:18.416+0000] {subprocess.py:93} INFO - Traceback (most recent call last):
[2024-05-29T17:09:18.417+0000] {subprocess.py:93} INFO -   File "/usr/local/lib/python3.9/site-packages/flask/app.py", line 1498, in __call__
[2024-05-29T17:09:18.417+0000] {subprocess.py:93} INFO -     return self.wsgi_app(environ, start_response)
[2024-05-29T17:09:18.418+0000] {subprocess.py:93} INFO -   File "/usr/local/lib/python3.9/site-packages/flask/app.py", line 1476, in wsgi_app
[2024-05-29T17:09:18.418+0000] {subprocess.py:93} INFO -     response = self.handle_exception(e)
[2024-05-29T17:09:18.419+0000] {subprocess.py:93} INFO -   File "/usr/local/lib/python3.9/site-packages/flask/app.py", line 1473, in wsgi_app
[2024-05-29T17:09:18.419+0000] {subprocess.py:93} INFO -     response = self.full_dispatch_request()
[2024-05-29T17:09:18.420+0000] {subprocess.py:93} INFO -   File "/usr/local/lib/python3.9/site-packages/flask/app.py", line 882, in full_dispatch_r100 12805  100 12805    0     0   549k      0 --:--:-- --:--:-- --:--:--  568k
[2024-05-29T17:09:18.421+0000] {subprocess.py:93} INFO - equest
[2024-05-29T17:09:18.421+0000] {subprocess.py:93} INFO -     rv = self.handle_user_exception(e)
[2024-05-29T17:09:18.422+0000] {subprocess.py:93} INFO -   File "/usr/local/lib/python3.9/site-packages/flask/app.py", line 880, in full_dispatch_request
[2024-05-29T17:09:18.422+0000] {subprocess.py:93} INFO -     rv = self.dispatch_request()
[2024-05-29T17:09:18.423+0000] {subprocess.py:93} INFO -   File "/usr/local/lib/python3.9/site-packages/flask/app.py", line 865, in dispatch_request
[2024-05-29T17:09:18.423+0000] {subprocess.py:93} INFO -     return self.ensure_sync(self.view_functions[rule.endpoint])(**view_args)  # type: ignore[no-any-return]
[2024-05-29T17:09:18.424+0000] {subprocess.py:93} INFO -   File "/app/appflask.py", line 206, in check_send_status
[2024-05-29T17:09:18.424+0000] {subprocess.py:93} INFO -     return jsonify(last_status)
[2024-05-29T17:09:18.425+0000] {subprocess.py:93} INFO - NameError: name 'last_status' is not defined
[2024-05-29T17:09:18.425+0000] {subprocess.py:93} INFO - 
[2024-05-29T17:09:18.426+0000] {subprocess.py:93} INFO - 
[2024-05-29T17:09:18.426+0000] {subprocess.py:93} INFO - -->
[2024-05-29T17:09:18.427+0000] {subprocess.py:97} INFO - Command exited with return code 0
[2024-05-29T17:09:18.428+0000] {taskinstance.py:441} INFO - ::group::Post task execution logs
[2024-05-29T17:09:18.495+0000] {taskinstance.py:1206} INFO - Marking task as SUCCESS. dag_id=flask_monitoring, task_id=check_flask_health, run_id=scheduled__2024-05-28T00:55:00+00:00, execution_date=20240528T005500, start_date=20240529T170917, end_date=20240529T170918
[2024-05-29T17:09:18.570+0000] {local_task_job_runner.py:240} INFO - Task exited with return code 0
[2024-05-29T17:09:18.629+0000] {taskinstance.py:3498} INFO - 1 downstream tasks scheduled from follow-on schedule check
[2024-05-29T17:09:18.644+0000] {local_task_job_runner.py:222} INFO - ::endgroup::
