[2024-06-02T11:59:52.209+0000] {local_task_job_runner.py:120} INFO - ::group::Pre task execution logs
[2024-06-02T11:59:52.257+0000] {taskinstance.py:2076} INFO - Dependencies all met for dep_context=non-requeueable deps ti=<TaskInstance: dag_with_docker_operator.check_status scheduled__2024-06-01T04:00:00+00:00 [queued]>
[2024-06-02T11:59:52.276+0000] {taskinstance.py:2076} INFO - Dependencies all met for dep_context=requeueable deps ti=<TaskInstance: dag_with_docker_operator.check_status scheduled__2024-06-01T04:00:00+00:00 [queued]>
[2024-06-02T11:59:52.277+0000] {taskinstance.py:2306} INFO - Starting attempt 2 of 2
[2024-06-02T11:59:52.415+0000] {taskinstance.py:2330} INFO - Executing <Task(PythonOperator): check_status> on 2024-06-01 04:00:00+00:00
[2024-06-02T11:59:52.422+0000] {standard_task_runner.py:63} INFO - Started process 2433 to run task
[2024-06-02T11:59:52.425+0000] {standard_task_runner.py:90} INFO - Running: ['airflow', 'tasks', 'run', 'dag_with_docker_operator', 'check_status', 'scheduled__2024-06-01T04:00:00+00:00', '--job-id', '801', '--raw', '--subdir', 'DAGS_FOLDER/dag_with_docker_operator.py', '--cfg-path', '/tmp/tmpnuwpynpe']
[2024-06-02T11:59:52.428+0000] {standard_task_runner.py:91} INFO - Job 801: Subtask check_status
[2024-06-02T11:59:52.530+0000] {task_command.py:426} INFO - Running <TaskInstance: dag_with_docker_operator.check_status scheduled__2024-06-01T04:00:00+00:00 [running]> on host 9c47fcd741af
[2024-06-02T11:59:52.710+0000] {taskinstance.py:2648} INFO - Exporting env vars: AIRFLOW_CTX_DAG_OWNER='airflow' AIRFLOW_CTX_DAG_ID='dag_with_docker_operator' AIRFLOW_CTX_TASK_ID='check_status' AIRFLOW_CTX_EXECUTION_DATE='2024-06-01T04:00:00+00:00' AIRFLOW_CTX_TRY_NUMBER='2' AIRFLOW_CTX_DAG_RUN_ID='scheduled__2024-06-01T04:00:00+00:00'
[2024-06-02T11:59:52.711+0000] {taskinstance.py:430} INFO - ::endgroup::
[2024-06-02T11:59:52.737+0000] {python.py:237} INFO - Done. Returned value was: {'status': 'success'}
[2024-06-02T11:59:52.738+0000] {taskinstance.py:441} INFO - ::group::Post task execution logs
[2024-06-02T11:59:52.804+0000] {taskinstance.py:1206} INFO - Marking task as SUCCESS. dag_id=dag_with_docker_operator, task_id=check_status, run_id=scheduled__2024-06-01T04:00:00+00:00, execution_date=20240601T040000, start_date=20240602T115952, end_date=20240602T115952
[2024-06-02T11:59:52.880+0000] {local_task_job_runner.py:240} INFO - Task exited with return code 0
[2024-06-02T11:59:52.969+0000] {taskinstance.py:3498} INFO - 0 downstream tasks scheduled from follow-on schedule check
[2024-06-02T11:59:52.974+0000] {local_task_job_runner.py:222} INFO - ::endgroup::
[2024-06-02T12:20:44.709+0000] {local_task_job_runner.py:120} INFO - ::group::Pre task execution logs
[2024-06-02T12:20:44.751+0000] {taskinstance.py:2076} INFO - Dependencies all met for dep_context=non-requeueable deps ti=<TaskInstance: dag_with_docker_operator.check_status scheduled__2024-06-01T04:00:00+00:00 [queued]>
[2024-06-02T12:20:44.768+0000] {taskinstance.py:2076} INFO - Dependencies all met for dep_context=requeueable deps ti=<TaskInstance: dag_with_docker_operator.check_status scheduled__2024-06-01T04:00:00+00:00 [queued]>
[2024-06-02T12:20:44.769+0000] {taskinstance.py:2306} INFO - Starting attempt 2 of 2
[2024-06-02T12:20:44.811+0000] {taskinstance.py:2330} INFO - Executing <Task(PythonOperator): check_status> on 2024-06-01 04:00:00+00:00
[2024-06-02T12:20:44.818+0000] {standard_task_runner.py:63} INFO - Started process 2985 to run task
[2024-06-02T12:20:44.821+0000] {standard_task_runner.py:90} INFO - Running: ['airflow', 'tasks', 'run', 'dag_with_docker_operator', 'check_status', 'scheduled__2024-06-01T04:00:00+00:00', '--job-id', '805', '--raw', '--subdir', 'DAGS_FOLDER/dag_with_docker_operator.py', '--cfg-path', '/tmp/tmpb2d8mg_3']
[2024-06-02T12:20:44.823+0000] {standard_task_runner.py:91} INFO - Job 805: Subtask check_status
[2024-06-02T12:20:45.150+0000] {task_command.py:426} INFO - Running <TaskInstance: dag_with_docker_operator.check_status scheduled__2024-06-01T04:00:00+00:00 [running]> on host 9c47fcd741af
[2024-06-02T12:20:45.361+0000] {taskinstance.py:2648} INFO - Exporting env vars: AIRFLOW_CTX_DAG_OWNER='airflow' AIRFLOW_CTX_DAG_ID='dag_with_docker_operator' AIRFLOW_CTX_TASK_ID='check_status' AIRFLOW_CTX_EXECUTION_DATE='2024-06-01T04:00:00+00:00' AIRFLOW_CTX_TRY_NUMBER='2' AIRFLOW_CTX_DAG_RUN_ID='scheduled__2024-06-01T04:00:00+00:00'
[2024-06-02T12:20:45.362+0000] {taskinstance.py:430} INFO - ::endgroup::
[2024-06-02T12:20:45.396+0000] {taskinstance.py:441} INFO - ::group::Post task execution logs
[2024-06-02T12:20:45.397+0000] {taskinstance.py:2905} ERROR - Task failed with exception
Traceback (most recent call last):
  File "/home/airflow/.local/lib/python3.12/site-packages/airflow/models/taskinstance.py", line 465, in _execute_task
    result = _execute_callable(context=context, **execute_callable_kwargs)
             ^^^^^^^^^^^^^^^^^^^^^^^^^^^^^^^^^^^^^^^^^^^^^^^^^^^^^^^^^^^^^
  File "/home/airflow/.local/lib/python3.12/site-packages/airflow/models/taskinstance.py", line 432, in _execute_callable
    return execute_callable(context=context, **execute_callable_kwargs)
           ^^^^^^^^^^^^^^^^^^^^^^^^^^^^^^^^^^^^^^^^^^^^^^^^^^^^^^^^^^^^
  File "/home/airflow/.local/lib/python3.12/site-packages/airflow/models/baseoperator.py", line 400, in wrapper
    return func(self, *args, **kwargs)
           ^^^^^^^^^^^^^^^^^^^^^^^^^^^
  File "/home/airflow/.local/lib/python3.12/site-packages/airflow/operators/python.py", line 235, in execute
    return_value = self.execute_callable()
                   ^^^^^^^^^^^^^^^^^^^^^^^
  File "/home/airflow/.local/lib/python3.12/site-packages/airflow/operators/python.py", line 252, in execute_callable
    return self.python_callable(*self.op_args, **self.op_kwargs)
           ^^^^^^^^^^^^^^^^^^^^^^^^^^^^^^^^^^^^^^^^^^^^^^^^^^^^^
  File "/opt/airflow/dags/dag_with_docker_operator.py", line 24, in check_send_status
    raise ValueError(f"Check send status failed: {result}")
ValueError: Check send status failed: {'status': 'failed'}
[2024-06-02T12:20:45.441+0000] {taskinstance.py:1206} INFO - Marking task as FAILED. dag_id=dag_with_docker_operator, task_id=check_status, run_id=scheduled__2024-06-01T04:00:00+00:00, execution_date=20240601T040000, start_date=20240602T122044, end_date=20240602T122045
[2024-06-02T12:20:45.509+0000] {standard_task_runner.py:110} ERROR - Failed to execute job 805 for task check_status (Check send status failed: {'status': 'failed'}; 2985)
[2024-06-02T12:20:45.558+0000] {local_task_job_runner.py:240} INFO - Task exited with return code 1
[2024-06-02T12:20:45.696+0000] {taskinstance.py:3498} INFO - 0 downstream tasks scheduled from follow-on schedule check
[2024-06-02T12:20:45.698+0000] {local_task_job_runner.py:222} INFO - ::endgroup::
