[2024-06-01T21:22:39.848+0000] {local_task_job_runner.py:120} INFO - ::group::Pre task execution logs
[2024-06-01T21:22:39.914+0000] {taskinstance.py:2076} INFO - Dependencies all met for dep_context=non-requeueable deps ti=<TaskInstance: dag_with_docker_operator.check_status scheduled__2024-06-01T04:00:00+00:00 [queued]>
[2024-06-01T21:22:39.937+0000] {taskinstance.py:2076} INFO - Dependencies all met for dep_context=requeueable deps ti=<TaskInstance: dag_with_docker_operator.check_status scheduled__2024-06-01T04:00:00+00:00 [queued]>
[2024-06-01T21:22:39.938+0000] {taskinstance.py:2306} INFO - Starting attempt 1 of 2
[2024-06-01T21:22:40.116+0000] {taskinstance.py:2330} INFO - Executing <Task(PythonOperator): check_status> on 2024-06-01 04:00:00+00:00
[2024-06-01T21:22:40.123+0000] {standard_task_runner.py:63} INFO - Started process 537 to run task
[2024-06-01T21:22:40.126+0000] {standard_task_runner.py:90} INFO - Running: ['airflow', 'tasks', 'run', 'dag_with_docker_operator', 'check_status', 'scheduled__2024-06-01T04:00:00+00:00', '--job-id', '774', '--raw', '--subdir', 'DAGS_FOLDER/dag_with_docker_operator.py', '--cfg-path', '/tmp/tmpinpraylh']
[2024-06-01T21:22:40.129+0000] {standard_task_runner.py:91} INFO - Job 774: Subtask check_status
[2024-06-01T21:22:40.245+0000] {task_command.py:426} INFO - Running <TaskInstance: dag_with_docker_operator.check_status scheduled__2024-06-01T04:00:00+00:00 [running]> on host 9c47fcd741af
[2024-06-01T21:22:40.488+0000] {taskinstance.py:2648} INFO - Exporting env vars: AIRFLOW_CTX_DAG_OWNER='airflow' AIRFLOW_CTX_DAG_ID='dag_with_docker_operator' AIRFLOW_CTX_TASK_ID='check_status' AIRFLOW_CTX_EXECUTION_DATE='2024-06-01T04:00:00+00:00' AIRFLOW_CTX_TRY_NUMBER='1' AIRFLOW_CTX_DAG_RUN_ID='scheduled__2024-06-01T04:00:00+00:00'
[2024-06-01T21:22:40.489+0000] {taskinstance.py:430} INFO - ::endgroup::
[2024-06-01T21:22:40.528+0000] {python.py:237} INFO - Done. Returned value was: {'status': 'success'}
[2024-06-01T21:22:40.533+0000] {taskinstance.py:441} INFO - ::group::Post task execution logs
[2024-06-01T21:22:40.763+0000] {taskinstance.py:1206} INFO - Marking task as SUCCESS. dag_id=dag_with_docker_operator, task_id=check_status, run_id=scheduled__2024-06-01T04:00:00+00:00, execution_date=20240601T040000, start_date=20240601T212239, end_date=20240601T212240
[2024-06-01T21:22:41.188+0000] {local_task_job_runner.py:240} INFO - Task exited with return code 0
[2024-06-01T21:22:41.307+0000] {taskinstance.py:3498} INFO - 0 downstream tasks scheduled from follow-on schedule check
[2024-06-01T21:22:41.315+0000] {local_task_job_runner.py:222} INFO - ::endgroup::
[2024-06-02T11:26:23.731+0000] {local_task_job_runner.py:120} INFO - ::group::Pre task execution logs
[2024-06-02T11:26:23.908+0000] {taskinstance.py:2076} INFO - Dependencies all met for dep_context=non-requeueable deps ti=<TaskInstance: dag_with_docker_operator.check_status scheduled__2024-06-01T04:00:00+00:00 [queued]>
[2024-06-02T11:26:23.958+0000] {taskinstance.py:2076} INFO - Dependencies all met for dep_context=requeueable deps ti=<TaskInstance: dag_with_docker_operator.check_status scheduled__2024-06-01T04:00:00+00:00 [queued]>
[2024-06-02T11:26:23.959+0000] {taskinstance.py:2306} INFO - Starting attempt 1 of 2
[2024-06-02T11:26:24.283+0000] {taskinstance.py:2330} INFO - Executing <Task(PythonOperator): check_status> on 2024-06-01 04:00:00+00:00
[2024-06-02T11:26:24.297+0000] {standard_task_runner.py:90} INFO - Running: ['airflow', 'tasks', 'run', 'dag_with_docker_operator', 'check_status', 'scheduled__2024-06-01T04:00:00+00:00', '--job-id', '775', '--raw', '--subdir', 'DAGS_FOLDER/dag_with_docker_operator.py', '--cfg-path', '/tmp/tmpcieraoof']
[2024-06-02T11:26:24.301+0000] {standard_task_runner.py:91} INFO - Job 775: Subtask check_status
[2024-06-02T11:26:24.292+0000] {standard_task_runner.py:63} INFO - Started process 1514 to run task
[2024-06-02T11:26:24.487+0000] {task_command.py:426} INFO - Running <TaskInstance: dag_with_docker_operator.check_status scheduled__2024-06-01T04:00:00+00:00 [running]> on host 9c47fcd741af
[2024-06-02T11:26:24.772+0000] {taskinstance.py:2648} INFO - Exporting env vars: AIRFLOW_CTX_DAG_OWNER='airflow' AIRFLOW_CTX_DAG_ID='dag_with_docker_operator' AIRFLOW_CTX_TASK_ID='check_status' AIRFLOW_CTX_EXECUTION_DATE='2024-06-01T04:00:00+00:00' AIRFLOW_CTX_TRY_NUMBER='1' AIRFLOW_CTX_DAG_RUN_ID='scheduled__2024-06-01T04:00:00+00:00'
[2024-06-02T11:26:24.774+0000] {taskinstance.py:430} INFO - ::endgroup::
[2024-06-02T11:26:24.838+0000] {python.py:237} INFO - Done. Returned value was: {'status': 'success'}
[2024-06-02T11:26:24.840+0000] {taskinstance.py:441} INFO - ::group::Post task execution logs
[2024-06-02T11:26:25.029+0000] {taskinstance.py:1206} INFO - Marking task as SUCCESS. dag_id=dag_with_docker_operator, task_id=check_status, run_id=scheduled__2024-06-01T04:00:00+00:00, execution_date=20240601T040000, start_date=20240602T112623, end_date=20240602T112625
[2024-06-02T11:26:25.162+0000] {local_task_job_runner.py:240} INFO - Task exited with return code 0
[2024-06-02T11:26:25.212+0000] {taskinstance.py:3498} INFO - 0 downstream tasks scheduled from follow-on schedule check
[2024-06-02T11:26:25.215+0000] {local_task_job_runner.py:222} INFO - ::endgroup::
[2024-06-02T11:54:21.388+0000] {local_task_job_runner.py:120} INFO - ::group::Pre task execution logs
[2024-06-02T11:54:22.617+0000] {taskinstance.py:2076} INFO - Dependencies all met for dep_context=non-requeueable deps ti=<TaskInstance: dag_with_docker_operator.check_status scheduled__2024-06-01T04:00:00+00:00 [queued]>
[2024-06-02T11:54:22.845+0000] {taskinstance.py:2076} INFO - Dependencies all met for dep_context=requeueable deps ti=<TaskInstance: dag_with_docker_operator.check_status scheduled__2024-06-01T04:00:00+00:00 [queued]>
[2024-06-02T11:54:22.847+0000] {taskinstance.py:2306} INFO - Starting attempt 1 of 2
[2024-06-02T11:54:22.974+0000] {taskinstance.py:2330} INFO - Executing <Task(PythonOperator): check_status> on 2024-06-01 04:00:00+00:00
[2024-06-02T11:54:22.987+0000] {standard_task_runner.py:90} INFO - Running: ['airflow', 'tasks', 'run', 'dag_with_docker_operator', 'check_status', 'scheduled__2024-06-01T04:00:00+00:00', '--job-id', '775', '--raw', '--subdir', 'DAGS_FOLDER/dag_with_docker_operator.py', '--cfg-path', '/tmp/tmp644hqjnp']
[2024-06-02T11:54:22.990+0000] {standard_task_runner.py:91} INFO - Job 775: Subtask check_status
[2024-06-02T11:54:22.981+0000] {standard_task_runner.py:63} INFO - Started process 2294 to run task
[2024-06-02T11:54:23.544+0000] {task_command.py:426} INFO - Running <TaskInstance: dag_with_docker_operator.check_status scheduled__2024-06-01T04:00:00+00:00 [running]> on host 9c47fcd741af
[2024-06-02T11:54:24.129+0000] {taskinstance.py:2648} INFO - Exporting env vars: AIRFLOW_CTX_DAG_OWNER='airflow' AIRFLOW_CTX_DAG_ID='dag_with_docker_operator' AIRFLOW_CTX_TASK_ID='check_status' AIRFLOW_CTX_EXECUTION_DATE='2024-06-01T04:00:00+00:00' AIRFLOW_CTX_TRY_NUMBER='1' AIRFLOW_CTX_DAG_RUN_ID='scheduled__2024-06-01T04:00:00+00:00'
[2024-06-02T11:54:24.131+0000] {taskinstance.py:430} INFO - ::endgroup::
[2024-06-02T11:54:24.179+0000] {taskinstance.py:441} INFO - ::group::Post task execution logs
[2024-06-02T11:54:24.181+0000] {taskinstance.py:2905} ERROR - Task failed with exception
Traceback (most recent call last):
  File "/home/airflow/.local/lib/python3.12/site-packages/airflow/models/taskinstance.py", line 465, in _execute_task
    result = _execute_callable(context=context, **execute_callable_kwargs)
             ^^^^^^^^^^^^^^^^^^^^^^^^^^^^^^^^^^^^^^^^^^^^^^^^^^^^^^^^^^^^^
  File "/home/airflow/.local/lib/python3.12/site-packages/airflow/models/taskinstance.py", line 432, in _execute_callable
    return execute_callable(context=context, **execute_callable_kwargs)
           ^^^^^^^^^^^^^^^^^^^^^^^^^^^^^^^^^^^^^^^^^^^^^^^^^^^^^^^^^^^^
  File "/home/airflow/.local/lib/python3.12/site-packages/airflow/models/baseoperator.py", line 400, in wrapper
    return func(self, *args, **kwargs)
           ^^^^^^^^^^^^^^^^^^^^^^^^^^^
  File "/home/airflow/.local/lib/python3.12/site-packages/airflow/operators/python.py", line 235, in execute
    return_value = self.execute_callable()
                   ^^^^^^^^^^^^^^^^^^^^^^^
  File "/home/airflow/.local/lib/python3.12/site-packages/airflow/operators/python.py", line 252, in execute_callable
    return self.python_callable(*self.op_args, **self.op_kwargs)
           ^^^^^^^^^^^^^^^^^^^^^^^^^^^^^^^^^^^^^^^^^^^^^^^^^^^^^
  File "/opt/airflow/dags/dag_with_docker_operator.py", line 26, in check_send_status
    raise ValueError(f"Task failed with status: {status}")
ValueError: Task failed with status: failed
[2024-06-02T11:54:24.213+0000] {taskinstance.py:1206} INFO - Marking task as UP_FOR_RETRY. dag_id=dag_with_docker_operator, task_id=check_status, run_id=scheduled__2024-06-01T04:00:00+00:00, execution_date=20240601T040000, start_date=20240602T115422, end_date=20240602T115424
[2024-06-02T11:54:24.283+0000] {standard_task_runner.py:110} ERROR - Failed to execute job 775 for task check_status (Task failed with status: failed; 2294)
[2024-06-02T11:54:24.341+0000] {local_task_job_runner.py:240} INFO - Task exited with return code 1
[2024-06-02T11:54:24.498+0000] {taskinstance.py:3498} INFO - 0 downstream tasks scheduled from follow-on schedule check
[2024-06-02T11:54:24.501+0000] {local_task_job_runner.py:222} INFO - ::endgroup::
[2024-06-02T12:15:21.596+0000] {local_task_job_runner.py:120} INFO - ::group::Pre task execution logs
[2024-06-02T12:15:21.643+0000] {taskinstance.py:2076} INFO - Dependencies all met for dep_context=non-requeueable deps ti=<TaskInstance: dag_with_docker_operator.check_status scheduled__2024-06-01T04:00:00+00:00 [queued]>
[2024-06-02T12:15:21.665+0000] {taskinstance.py:2076} INFO - Dependencies all met for dep_context=requeueable deps ti=<TaskInstance: dag_with_docker_operator.check_status scheduled__2024-06-01T04:00:00+00:00 [queued]>
[2024-06-02T12:15:21.666+0000] {taskinstance.py:2306} INFO - Starting attempt 1 of 2
[2024-06-02T12:15:21.721+0000] {taskinstance.py:2330} INFO - Executing <Task(PythonOperator): check_status> on 2024-06-01 04:00:00+00:00
[2024-06-02T12:15:21.728+0000] {standard_task_runner.py:63} INFO - Started process 2817 to run task
[2024-06-02T12:15:21.731+0000] {standard_task_runner.py:90} INFO - Running: ['airflow', 'tasks', 'run', 'dag_with_docker_operator', 'check_status', 'scheduled__2024-06-01T04:00:00+00:00', '--job-id', '775', '--raw', '--subdir', 'DAGS_FOLDER/dag_with_docker_operator.py', '--cfg-path', '/tmp/tmpfld2nkg_']
[2024-06-02T12:15:21.733+0000] {standard_task_runner.py:91} INFO - Job 775: Subtask check_status
[2024-06-02T12:15:22.090+0000] {task_command.py:426} INFO - Running <TaskInstance: dag_with_docker_operator.check_status scheduled__2024-06-01T04:00:00+00:00 [running]> on host 9c47fcd741af
[2024-06-02T12:15:22.247+0000] {taskinstance.py:2648} INFO - Exporting env vars: AIRFLOW_CTX_DAG_OWNER='airflow' AIRFLOW_CTX_DAG_ID='dag_with_docker_operator' AIRFLOW_CTX_TASK_ID='check_status' AIRFLOW_CTX_EXECUTION_DATE='2024-06-01T04:00:00+00:00' AIRFLOW_CTX_TRY_NUMBER='1' AIRFLOW_CTX_DAG_RUN_ID='scheduled__2024-06-01T04:00:00+00:00'
[2024-06-02T12:15:22.248+0000] {taskinstance.py:430} INFO - ::endgroup::
[2024-06-02T12:15:22.269+0000] {taskinstance.py:441} INFO - ::group::Post task execution logs
[2024-06-02T12:15:22.272+0000] {taskinstance.py:2905} ERROR - Task failed with exception
Traceback (most recent call last):
  File "/home/airflow/.local/lib/python3.12/site-packages/airflow/models/taskinstance.py", line 465, in _execute_task
    result = _execute_callable(context=context, **execute_callable_kwargs)
             ^^^^^^^^^^^^^^^^^^^^^^^^^^^^^^^^^^^^^^^^^^^^^^^^^^^^^^^^^^^^^
  File "/home/airflow/.local/lib/python3.12/site-packages/airflow/models/taskinstance.py", line 432, in _execute_callable
    return execute_callable(context=context, **execute_callable_kwargs)
           ^^^^^^^^^^^^^^^^^^^^^^^^^^^^^^^^^^^^^^^^^^^^^^^^^^^^^^^^^^^^
  File "/home/airflow/.local/lib/python3.12/site-packages/airflow/models/baseoperator.py", line 400, in wrapper
    return func(self, *args, **kwargs)
           ^^^^^^^^^^^^^^^^^^^^^^^^^^^
  File "/home/airflow/.local/lib/python3.12/site-packages/airflow/operators/python.py", line 235, in execute
    return_value = self.execute_callable()
                   ^^^^^^^^^^^^^^^^^^^^^^^
  File "/home/airflow/.local/lib/python3.12/site-packages/airflow/operators/python.py", line 252, in execute_callable
    return self.python_callable(*self.op_args, **self.op_kwargs)
           ^^^^^^^^^^^^^^^^^^^^^^^^^^^^^^^^^^^^^^^^^^^^^^^^^^^^^
  File "/opt/airflow/dags/dag_with_docker_operator.py", line 24, in check_send_status
    raise ValueError(f"Check send status failed: {result}")
ValueError: Check send status failed: {'status': 'failed'}
[2024-06-02T12:15:22.294+0000] {taskinstance.py:1206} INFO - Marking task as UP_FOR_RETRY. dag_id=dag_with_docker_operator, task_id=check_status, run_id=scheduled__2024-06-01T04:00:00+00:00, execution_date=20240601T040000, start_date=20240602T121521, end_date=20240602T121522
[2024-06-02T12:15:22.349+0000] {standard_task_runner.py:110} ERROR - Failed to execute job 775 for task check_status (Check send status failed: {'status': 'failed'}; 2817)
[2024-06-02T12:15:22.386+0000] {local_task_job_runner.py:240} INFO - Task exited with return code 1
[2024-06-02T12:15:22.532+0000] {taskinstance.py:3498} INFO - 0 downstream tasks scheduled from follow-on schedule check
[2024-06-02T12:15:22.535+0000] {local_task_job_runner.py:222} INFO - ::endgroup::
