[2024-06-01T13:07:34.271+0000] {local_task_job_runner.py:120} INFO - ::group::Pre task execution logs
[2024-06-01T13:07:34.330+0000] {taskinstance.py:2076} INFO - Dependencies all met for dep_context=non-requeueable deps ti=<TaskInstance: container_monitoring.monitor_containers scheduled__2024-06-01T12:30:00+00:00 [queued]>
[2024-06-01T13:07:34.357+0000] {taskinstance.py:2076} INFO - Dependencies all met for dep_context=requeueable deps ti=<TaskInstance: container_monitoring.monitor_containers scheduled__2024-06-01T12:30:00+00:00 [queued]>
[2024-06-01T13:07:34.360+0000] {taskinstance.py:2306} INFO - Starting attempt 1 of 2
[2024-06-01T13:07:34.464+0000] {taskinstance.py:2330} INFO - Executing <Task(PythonOperator): monitor_containers> on 2024-06-01 12:30:00+00:00
[2024-06-01T13:07:34.469+0000] {standard_task_runner.py:63} INFO - Started process 519 to run task
[2024-06-01T13:07:34.472+0000] {standard_task_runner.py:90} INFO - Running: ['airflow', 'tasks', 'run', 'container_monitoring', 'monitor_containers', 'scheduled__2024-06-01T12:30:00+00:00', '--job-id', '724', '--raw', '--subdir', 'DAGS_FOLDER/container_monitoring.py', '--cfg-path', '/tmp/tmp2b2erqcw']
[2024-06-01T13:07:34.474+0000] {standard_task_runner.py:91} INFO - Job 724: Subtask monitor_containers
[2024-06-01T13:07:34.777+0000] {task_command.py:426} INFO - Running <TaskInstance: container_monitoring.monitor_containers scheduled__2024-06-01T12:30:00+00:00 [running]> on host 9c47fcd741af
[2024-06-01T13:07:35.046+0000] {taskinstance.py:2648} INFO - Exporting env vars: AIRFLOW_CTX_DAG_OWNER='airflow' AIRFLOW_CTX_DAG_ID='container_monitoring' AIRFLOW_CTX_TASK_ID='monitor_containers' AIRFLOW_CTX_EXECUTION_DATE='2024-06-01T12:30:00+00:00' AIRFLOW_CTX_TRY_NUMBER='1' AIRFLOW_CTX_DAG_RUN_ID='scheduled__2024-06-01T12:30:00+00:00'
[2024-06-01T13:07:35.047+0000] {taskinstance.py:430} INFO - ::endgroup::
[2024-06-01T13:07:35.140+0000] {logging_mixin.py:188} INFO - Container composer-zookeeper-1 is running.
[2024-06-01T13:07:35.142+0000] {container_monitoring.py:25} INFO - Container composer-zookeeper-1 is running.
[2024-06-01T13:07:35.170+0000] {logging_mixin.py:188} INFO - Container composer-kafka-1,composer-flask-1, composer-mysql-1 is not running.
[2024-06-01T13:07:35.171+0000] {container_monitoring.py:28} INFO - Container composer-kafka-1,composer-flask-1, composer-mysql-1 is not running.
[2024-06-01T13:07:35.172+0000] {python.py:237} INFO - Done. Returned value was: None
[2024-06-01T13:07:35.174+0000] {taskinstance.py:441} INFO - ::group::Post task execution logs
[2024-06-01T13:07:35.196+0000] {taskinstance.py:1206} INFO - Marking task as SUCCESS. dag_id=container_monitoring, task_id=monitor_containers, run_id=scheduled__2024-06-01T12:30:00+00:00, execution_date=20240601T123000, start_date=20240601T130734, end_date=20240601T130735
[2024-06-01T13:07:35.250+0000] {local_task_job_runner.py:240} INFO - Task exited with return code 0
[2024-06-01T13:07:35.388+0000] {taskinstance.py:3498} INFO - 0 downstream tasks scheduled from follow-on schedule check
[2024-06-01T13:07:35.392+0000] {local_task_job_runner.py:222} INFO - ::endgroup::
