[2024-06-01T20:46:43.616+0000] {local_task_job_runner.py:120} INFO - ::group::Pre task execution logs
[2024-06-01T20:46:43.681+0000] {taskinstance.py:2076} INFO - Dependencies all met for dep_context=non-requeueable deps ti=<TaskInstance: dag_with_docker_operator.execute_get_command_inside_docker manual__2024-06-01T20:46:32.192379+00:00 [queued]>
[2024-06-01T20:46:43.706+0000] {taskinstance.py:2076} INFO - Dependencies all met for dep_context=requeueable deps ti=<TaskInstance: dag_with_docker_operator.execute_get_command_inside_docker manual__2024-06-01T20:46:32.192379+00:00 [queued]>
[2024-06-01T20:46:43.707+0000] {taskinstance.py:2306} INFO - Starting attempt 1 of 1
[2024-06-01T20:46:43.879+0000] {taskinstance.py:2330} INFO - Executing <Task(DockerOperator): execute_get_command_inside_docker> on 2024-06-01 20:46:32.192379+00:00
[2024-06-01T20:46:43.885+0000] {standard_task_runner.py:63} INFO - Started process 283 to run task
[2024-06-01T20:46:43.889+0000] {standard_task_runner.py:90} INFO - Running: ['airflow', 'tasks', 'run', 'dag_with_docker_operator', 'execute_get_command_inside_docker', 'manual__2024-06-01T20:46:32.192379+00:00', '--job-id', '763', '--raw', '--subdir', 'DAGS_FOLDER/dag_with_docker_operator.py', '--cfg-path', '/tmp/tmpg56ay5uy']
[2024-06-01T20:46:43.892+0000] {standard_task_runner.py:91} INFO - Job 763: Subtask execute_get_command_inside_docker
[2024-06-01T20:46:44.081+0000] {task_command.py:426} INFO - Running <TaskInstance: dag_with_docker_operator.execute_get_command_inside_docker manual__2024-06-01T20:46:32.192379+00:00 [running]> on host 9c47fcd741af
[2024-06-01T20:46:44.331+0000] {taskinstance.py:2648} INFO - Exporting env vars: AIRFLOW_CTX_DAG_OWNER='airflow' AIRFLOW_CTX_DAG_ID='dag_with_docker_operator' AIRFLOW_CTX_TASK_ID='execute_get_command_inside_docker' AIRFLOW_CTX_EXECUTION_DATE='2024-06-01T20:46:32.192379+00:00' AIRFLOW_CTX_TRY_NUMBER='1' AIRFLOW_CTX_DAG_RUN_ID='manual__2024-06-01T20:46:32.192379+00:00'
[2024-06-01T20:46:44.334+0000] {taskinstance.py:430} INFO - ::endgroup::
[2024-06-01T20:46:44.518+0000] {docker.py:366} INFO - Starting docker container from image composer-flask:latest
[2024-06-01T20:46:44.606+0000] {docker.py:374} WARNING - Using remote engine or docker-in-docker and mounting temporary volume from host is not supported. Falling back to `mount_tmp_dir=False` mode. You can set `mount_tmp_dir` parameter to False to disable mounting and remove the warning
[2024-06-01T20:46:46.219+0000] {docker.py:436} INFO - % Total    % Received % Xferd  Average Speed   Time    Time     Time  Current
                                 Dload  Upload   Total   Spent    Left  Speed
[2024-06-01T20:46:46.221+0000] {docker.py:436} INFO - 0     0    0     0    0     0      0      0 --:--:-- --:--:-- --:--:--     0
[2024-06-01T20:46:46.232+0000] {docker.py:436} INFO - 0     0    0     0    0     0      0      0 --:--:-- --:--:-- --:--:--     0
curl: (7) Failed to connect to host.docker.internal port 80 after 16 ms: Couldn't connect to server
[2024-06-01T20:46:47.070+0000] {taskinstance.py:441} INFO - ::group::Post task execution logs
[2024-06-01T20:46:47.149+0000] {taskinstance.py:2905} ERROR - Task failed with exception
Traceback (most recent call last):
  File "/home/airflow/.local/lib/python3.12/site-packages/docker/api/client.py", line 265, in _raise_for_status
    response.raise_for_status()
  File "/home/airflow/.local/lib/python3.12/site-packages/requests/models.py", line 1021, in raise_for_status
    raise HTTPError(http_error_msg, response=self)
requests.exceptions.HTTPError: 400 Client Error: Bad Request for url: http+docker://localhost/v1.45/containers/create

The above exception was the direct cause of the following exception:

Traceback (most recent call last):
  File "/home/airflow/.local/lib/python3.12/site-packages/airflow/providers/docker/operators/docker.py", line 371, in _run_image
    return self._run_image_with_mounts([*self.mounts, tmp_mount], add_tmp_variable=True)
           ^^^^^^^^^^^^^^^^^^^^^^^^^^^^^^^^^^^^^^^^^^^^^^^^^^^^^^^^^^^^^^^^^^^^^^^^^^^^^
  File "/home/airflow/.local/lib/python3.12/site-packages/airflow/providers/docker/operators/docker.py", line 398, in _run_image_with_mounts
    self.container = self.cli.create_container(
                     ^^^^^^^^^^^^^^^^^^^^^^^^^^
  File "/home/airflow/.local/lib/python3.12/site-packages/docker/api/container.py", line 439, in create_container
    return self.create_container_from_config(config, name, platform)
           ^^^^^^^^^^^^^^^^^^^^^^^^^^^^^^^^^^^^^^^^^^^^^^^^^^^^^^^^^
  File "/home/airflow/.local/lib/python3.12/site-packages/docker/api/container.py", line 456, in create_container_from_config
    return self._result(res, True)
           ^^^^^^^^^^^^^^^^^^^^^^^
  File "/home/airflow/.local/lib/python3.12/site-packages/docker/api/client.py", line 271, in _result
    self._raise_for_status(response)
  File "/home/airflow/.local/lib/python3.12/site-packages/docker/api/client.py", line 267, in _raise_for_status
    raise create_api_error_from_http_exception(e) from e
          ^^^^^^^^^^^^^^^^^^^^^^^^^^^^^^^^^^^^^^^
  File "/home/airflow/.local/lib/python3.12/site-packages/docker/errors.py", line 39, in create_api_error_from_http_exception
    raise cls(e, response=response, explanation=explanation) from e
docker.errors.APIError: 400 Client Error for http+docker://localhost/v1.45/containers/create: Bad Request ("invalid mount config for type "bind": bind source path does not exist: /tmp/airflowtmppbs4feoo")

During handling of the above exception, another exception occurred:

Traceback (most recent call last):
  File "/home/airflow/.local/lib/python3.12/site-packages/airflow/models/taskinstance.py", line 465, in _execute_task
    result = _execute_callable(context=context, **execute_callable_kwargs)
             ^^^^^^^^^^^^^^^^^^^^^^^^^^^^^^^^^^^^^^^^^^^^^^^^^^^^^^^^^^^^^
  File "/home/airflow/.local/lib/python3.12/site-packages/airflow/models/taskinstance.py", line 432, in _execute_callable
    return execute_callable(context=context, **execute_callable_kwargs)
           ^^^^^^^^^^^^^^^^^^^^^^^^^^^^^^^^^^^^^^^^^^^^^^^^^^^^^^^^^^^^
  File "/home/airflow/.local/lib/python3.12/site-packages/airflow/models/baseoperator.py", line 400, in wrapper
    return func(self, *args, **kwargs)
           ^^^^^^^^^^^^^^^^^^^^^^^^^^^
  File "/home/airflow/.local/lib/python3.12/site-packages/airflow/providers/docker/operators/docker.py", line 509, in execute
    return self._run_image()
           ^^^^^^^^^^^^^^^^^
  File "/home/airflow/.local/lib/python3.12/site-packages/airflow/providers/docker/operators/docker.py", line 380, in _run_image
    return self._run_image_with_mounts(self.mounts, add_tmp_variable=False)
           ^^^^^^^^^^^^^^^^^^^^^^^^^^^^^^^^^^^^^^^^^^^^^^^^^^^^^^^^^^^^^^^^
  File "/home/airflow/.local/lib/python3.12/site-packages/airflow/providers/docker/operators/docker.py", line 444, in _run_image_with_mounts
    raise DockerContainerFailedException(f"Docker container failed: {result!r}", logs=log_lines)
airflow.providers.docker.exceptions.DockerContainerFailedException: Docker container failed: {'StatusCode': 7}
[2024-06-01T20:46:47.163+0000] {taskinstance.py:1206} INFO - Marking task as FAILED. dag_id=dag_with_docker_operator, task_id=execute_get_command_inside_docker, run_id=manual__2024-06-01T20:46:32.192379+00:00, execution_date=20240601T204632, start_date=20240601T204643, end_date=20240601T204647
[2024-06-01T20:46:47.244+0000] {standard_task_runner.py:110} ERROR - Failed to execute job 763 for task execute_get_command_inside_docker (Docker container failed: {'StatusCode': 7}; 283)
[2024-06-01T20:46:47.303+0000] {local_task_job_runner.py:240} INFO - Task exited with return code 1
[2024-06-01T20:46:47.429+0000] {taskinstance.py:3498} INFO - 0 downstream tasks scheduled from follow-on schedule check
[2024-06-01T20:46:47.567+0000] {local_task_job_runner.py:222} INFO - ::endgroup::
