[2024-05-29T10:51:28.281+0000] {local_task_job_runner.py:120} INFO - ::group::Pre task execution logs
[2024-05-29T10:51:28.334+0000] {taskinstance.py:2076} INFO - Dependencies all met for dep_context=non-requeueable deps ti=<TaskInstance: check_send_status_dag.check_status scheduled__2023-01-01T03:30:00+00:00 [queued]>
[2024-05-29T10:51:28.353+0000] {taskinstance.py:2076} INFO - Dependencies all met for dep_context=requeueable deps ti=<TaskInstance: check_send_status_dag.check_status scheduled__2023-01-01T03:30:00+00:00 [queued]>
[2024-05-29T10:51:28.354+0000] {taskinstance.py:2306} INFO - Starting attempt 1 of 2
[2024-05-29T10:51:28.408+0000] {taskinstance.py:2330} INFO - Executing <Task(PythonOperator): check_status> on 2023-01-01 03:30:00+00:00
[2024-05-29T10:51:28.415+0000] {standard_task_runner.py:63} INFO - Started process 272 to run task
[2024-05-29T10:51:28.418+0000] {standard_task_runner.py:90} INFO - Running: ['airflow', 'tasks', 'run', 'check_send_status_dag', 'check_status', 'scheduled__2023-01-01T03:30:00+00:00', '--job-id', '45', '--raw', '--subdir', 'DAGS_FOLDER/check_send_status_dag.py', '--cfg-path', '/tmp/tmpcac12oqv']
[2024-05-29T10:51:28.420+0000] {standard_task_runner.py:91} INFO - Job 45: Subtask check_status
[2024-05-29T10:51:28.536+0000] {task_command.py:426} INFO - Running <TaskInstance: check_send_status_dag.check_status scheduled__2023-01-01T03:30:00+00:00 [running]> on host f708138922bb
[2024-05-29T10:51:28.727+0000] {taskinstance.py:2648} INFO - Exporting env vars: AIRFLOW_CTX_DAG_OWNER='airflow' AIRFLOW_CTX_DAG_ID='check_send_status_dag' AIRFLOW_CTX_TASK_ID='check_status' AIRFLOW_CTX_EXECUTION_DATE='2023-01-01T03:30:00+00:00' AIRFLOW_CTX_TRY_NUMBER='1' AIRFLOW_CTX_DAG_RUN_ID='scheduled__2023-01-01T03:30:00+00:00'
[2024-05-29T10:51:28.728+0000] {taskinstance.py:430} INFO - ::endgroup::
[2024-05-29T10:51:29.140+0000] {check_send_status_dag.py:15} ERROR - Error fetching status: 404 Client Error: Not Found for url: http://host.docker.internal/check_send_status
[2024-05-29T10:51:29.141+0000] {taskinstance.py:441} INFO - ::group::Post task execution logs
[2024-05-29T10:51:29.143+0000] {taskinstance.py:2905} ERROR - Task failed with exception
Traceback (most recent call last):
  File "/home/airflow/.local/lib/python3.12/site-packages/airflow/models/taskinstance.py", line 465, in _execute_task
    result = _execute_callable(context=context, **execute_callable_kwargs)
             ^^^^^^^^^^^^^^^^^^^^^^^^^^^^^^^^^^^^^^^^^^^^^^^^^^^^^^^^^^^^^
  File "/home/airflow/.local/lib/python3.12/site-packages/airflow/models/taskinstance.py", line 432, in _execute_callable
    return execute_callable(context=context, **execute_callable_kwargs)
           ^^^^^^^^^^^^^^^^^^^^^^^^^^^^^^^^^^^^^^^^^^^^^^^^^^^^^^^^^^^^
  File "/home/airflow/.local/lib/python3.12/site-packages/airflow/models/baseoperator.py", line 400, in wrapper
    return func(self, *args, **kwargs)
           ^^^^^^^^^^^^^^^^^^^^^^^^^^^
  File "/home/airflow/.local/lib/python3.12/site-packages/airflow/operators/python.py", line 235, in execute
    return_value = self.execute_callable()
                   ^^^^^^^^^^^^^^^^^^^^^^^
  File "/home/airflow/.local/lib/python3.12/site-packages/airflow/operators/python.py", line 252, in execute_callable
    return self.python_callable(*self.op_args, **self.op_kwargs)
           ^^^^^^^^^^^^^^^^^^^^^^^^^^^^^^^^^^^^^^^^^^^^^^^^^^^^^
  File "/opt/airflow/dags/check_send_status_dag.py", line 11, in check_send_status
    response.raise_for_status()
  File "/home/airflow/.local/lib/python3.12/site-packages/requests/models.py", line 1021, in raise_for_status
    raise HTTPError(http_error_msg, response=self)
requests.exceptions.HTTPError: 404 Client Error: Not Found for url: http://host.docker.internal/check_send_status
[2024-05-29T10:51:29.173+0000] {taskinstance.py:1206} INFO - Marking task as UP_FOR_RETRY. dag_id=check_send_status_dag, task_id=check_status, run_id=scheduled__2023-01-01T03:30:00+00:00, execution_date=20230101T033000, start_date=20240529T105128, end_date=20240529T105129
[2024-05-29T10:51:29.233+0000] {standard_task_runner.py:110} ERROR - Failed to execute job 45 for task check_status (404 Client Error: Not Found for url: http://host.docker.internal/check_send_status; 272)
[2024-05-29T10:51:29.274+0000] {local_task_job_runner.py:240} INFO - Task exited with return code 1
[2024-05-29T10:51:29.348+0000] {taskinstance.py:3498} INFO - 0 downstream tasks scheduled from follow-on schedule check
[2024-05-29T10:51:29.353+0000] {local_task_job_runner.py:222} INFO - ::endgroup::
[2024-05-29T14:10:05.530+0000] {local_task_job_runner.py:120} INFO - ::group::Pre task execution logs
[2024-05-29T14:10:05.672+0000] {taskinstance.py:2076} INFO - Dependencies all met for dep_context=non-requeueable deps ti=<TaskInstance: check_send_status_dag.check_status scheduled__2023-01-01T03:30:00+00:00 [queued]>
[2024-05-29T14:10:05.697+0000] {taskinstance.py:2076} INFO - Dependencies all met for dep_context=requeueable deps ti=<TaskInstance: check_send_status_dag.check_status scheduled__2023-01-01T03:30:00+00:00 [queued]>
[2024-05-29T14:10:05.698+0000] {taskinstance.py:2306} INFO - Starting attempt 1 of 2
[2024-05-29T14:10:05.760+0000] {taskinstance.py:2330} INFO - Executing <Task(PythonOperator): check_status> on 2023-01-01 03:30:00+00:00
[2024-05-29T14:10:05.766+0000] {standard_task_runner.py:63} INFO - Started process 1353 to run task
[2024-05-29T14:10:05.769+0000] {standard_task_runner.py:90} INFO - Running: ['airflow', 'tasks', 'run', 'check_send_status_dag', 'check_status', 'scheduled__2023-01-01T03:30:00+00:00', '--job-id', '39', '--raw', '--subdir', 'DAGS_FOLDER/check_send_status_dag.py', '--cfg-path', '/tmp/tmpy5c8inx1']
[2024-05-29T14:10:05.772+0000] {standard_task_runner.py:91} INFO - Job 39: Subtask check_status
[2024-05-29T14:10:06.012+0000] {task_command.py:426} INFO - Running <TaskInstance: check_send_status_dag.check_status scheduled__2023-01-01T03:30:00+00:00 [running]> on host f708138922bb
[2024-05-29T14:10:06.209+0000] {taskinstance.py:2648} INFO - Exporting env vars: AIRFLOW_CTX_DAG_OWNER='airflow' AIRFLOW_CTX_DAG_ID='check_send_status_dag' AIRFLOW_CTX_TASK_ID='check_status' AIRFLOW_CTX_EXECUTION_DATE='2023-01-01T03:30:00+00:00' AIRFLOW_CTX_TRY_NUMBER='1' AIRFLOW_CTX_DAG_RUN_ID='scheduled__2023-01-01T03:30:00+00:00'
[2024-05-29T14:10:06.210+0000] {taskinstance.py:430} INFO - ::endgroup::
[2024-05-29T14:10:06.243+0000] {check_send_status_dag.py:15} ERROR - Error fetching status: 500 Server Error: INTERNAL SERVER ERROR for url: http://flask:5000/check_send_status
[2024-05-29T14:10:06.244+0000] {taskinstance.py:441} INFO - ::group::Post task execution logs
[2024-05-29T14:10:06.245+0000] {taskinstance.py:2905} ERROR - Task failed with exception
Traceback (most recent call last):
  File "/home/airflow/.local/lib/python3.12/site-packages/airflow/models/taskinstance.py", line 465, in _execute_task
    result = _execute_callable(context=context, **execute_callable_kwargs)
             ^^^^^^^^^^^^^^^^^^^^^^^^^^^^^^^^^^^^^^^^^^^^^^^^^^^^^^^^^^^^^
  File "/home/airflow/.local/lib/python3.12/site-packages/airflow/models/taskinstance.py", line 432, in _execute_callable
    return execute_callable(context=context, **execute_callable_kwargs)
           ^^^^^^^^^^^^^^^^^^^^^^^^^^^^^^^^^^^^^^^^^^^^^^^^^^^^^^^^^^^^
  File "/home/airflow/.local/lib/python3.12/site-packages/airflow/models/baseoperator.py", line 400, in wrapper
    return func(self, *args, **kwargs)
           ^^^^^^^^^^^^^^^^^^^^^^^^^^^
  File "/home/airflow/.local/lib/python3.12/site-packages/airflow/operators/python.py", line 235, in execute
    return_value = self.execute_callable()
                   ^^^^^^^^^^^^^^^^^^^^^^^
  File "/home/airflow/.local/lib/python3.12/site-packages/airflow/operators/python.py", line 252, in execute_callable
    return self.python_callable(*self.op_args, **self.op_kwargs)
           ^^^^^^^^^^^^^^^^^^^^^^^^^^^^^^^^^^^^^^^^^^^^^^^^^^^^^
  File "/opt/airflow/dags/check_send_status_dag.py", line 11, in check_send_status
    response.raise_for_status()
  File "/home/airflow/.local/lib/python3.12/site-packages/requests/models.py", line 1021, in raise_for_status
    raise HTTPError(http_error_msg, response=self)
requests.exceptions.HTTPError: 500 Server Error: INTERNAL SERVER ERROR for url: http://flask:5000/check_send_status
[2024-05-29T14:10:06.268+0000] {taskinstance.py:1206} INFO - Marking task as UP_FOR_RETRY. dag_id=check_send_status_dag, task_id=check_status, run_id=scheduled__2023-01-01T03:30:00+00:00, execution_date=20230101T033000, start_date=20240529T141005, end_date=20240529T141006
[2024-05-29T14:10:06.375+0000] {standard_task_runner.py:110} ERROR - Failed to execute job 39 for task check_status (500 Server Error: INTERNAL SERVER ERROR for url: http://flask:5000/check_send_status; 1353)
[2024-05-29T14:10:06.427+0000] {local_task_job_runner.py:240} INFO - Task exited with return code 1
[2024-05-29T14:10:06.467+0000] {taskinstance.py:3498} INFO - 0 downstream tasks scheduled from follow-on schedule check
[2024-05-29T14:10:06.471+0000] {local_task_job_runner.py:222} INFO - ::endgroup::
[2024-05-29T14:53:31.274+0000] {local_task_job_runner.py:120} INFO - ::group::Pre task execution logs
[2024-05-29T14:53:31.344+0000] {taskinstance.py:2076} INFO - Dependencies all met for dep_context=non-requeueable deps ti=<TaskInstance: check_send_status_dag.check_status scheduled__2023-01-01T03:30:00+00:00 [queued]>
[2024-05-29T14:53:31.388+0000] {taskinstance.py:2076} INFO - Dependencies all met for dep_context=requeueable deps ti=<TaskInstance: check_send_status_dag.check_status scheduled__2023-01-01T03:30:00+00:00 [queued]>
[2024-05-29T14:53:31.389+0000] {taskinstance.py:2306} INFO - Starting attempt 1 of 2
[2024-05-29T14:53:31.488+0000] {taskinstance.py:2330} INFO - Executing <Task(PythonOperator): check_status> on 2023-01-01 03:30:00+00:00
[2024-05-29T14:53:31.503+0000] {standard_task_runner.py:63} INFO - Started process 1700 to run task
[2024-05-29T14:53:31.521+0000] {standard_task_runner.py:90} INFO - Running: ['airflow', 'tasks', 'run', 'check_send_status_dag', 'check_status', 'scheduled__2023-01-01T03:30:00+00:00', '--job-id', '31', '--raw', '--subdir', 'DAGS_FOLDER/check_send_status_dag.py', '--cfg-path', '/tmp/tmpi06tegdf']
[2024-05-29T14:53:31.524+0000] {standard_task_runner.py:91} INFO - Job 31: Subtask check_status
[2024-05-29T14:53:31.981+0000] {task_command.py:426} INFO - Running <TaskInstance: check_send_status_dag.check_status scheduled__2023-01-01T03:30:00+00:00 [running]> on host f708138922bb
[2024-05-29T14:53:32.326+0000] {taskinstance.py:2648} INFO - Exporting env vars: AIRFLOW_CTX_DAG_OWNER='airflow' AIRFLOW_CTX_DAG_ID='check_send_status_dag' AIRFLOW_CTX_TASK_ID='check_status' AIRFLOW_CTX_EXECUTION_DATE='2023-01-01T03:30:00+00:00' AIRFLOW_CTX_TRY_NUMBER='1' AIRFLOW_CTX_DAG_RUN_ID='scheduled__2023-01-01T03:30:00+00:00'
[2024-05-29T14:53:32.328+0000] {taskinstance.py:430} INFO - ::endgroup::
[2024-05-29T14:53:32.366+0000] {check_send_status_dag.py:13} INFO - Status: {'status': 'unknown'}
[2024-05-29T14:53:32.371+0000] {python.py:237} INFO - Done. Returned value was: None
[2024-05-29T14:53:32.375+0000] {taskinstance.py:441} INFO - ::group::Post task execution logs
[2024-05-29T14:53:32.404+0000] {taskinstance.py:1206} INFO - Marking task as SUCCESS. dag_id=check_send_status_dag, task_id=check_status, run_id=scheduled__2023-01-01T03:30:00+00:00, execution_date=20230101T033000, start_date=20240529T145331, end_date=20240529T145332
[2024-05-29T14:53:32.496+0000] {local_task_job_runner.py:240} INFO - Task exited with return code 0
[2024-05-29T14:53:32.526+0000] {taskinstance.py:3498} INFO - 0 downstream tasks scheduled from follow-on schedule check
[2024-05-29T14:53:32.528+0000] {local_task_job_runner.py:222} INFO - ::endgroup::
