[2024-06-02T10:42:19.446+0000] {local_task_job_runner.py:120} INFO - ::group::Pre task execution logs
[2024-06-02T10:42:19.513+0000] {taskinstance.py:2076} INFO - Dependencies all met for dep_context=non-requeueable deps ti=<TaskInstance: dag_with_docker_operator.check_status scheduled__2024-06-02T01:30:00+00:00 [queued]>
[2024-06-02T10:42:19.541+0000] {taskinstance.py:2076} INFO - Dependencies all met for dep_context=requeueable deps ti=<TaskInstance: dag_with_docker_operator.check_status scheduled__2024-06-02T01:30:00+00:00 [queued]>
[2024-06-02T10:42:19.545+0000] {taskinstance.py:2306} INFO - Starting attempt 1 of 2
[2024-06-02T10:42:19.775+0000] {taskinstance.py:2330} INFO - Executing <Task(PythonOperator): check_status> on 2024-06-02 01:30:00+00:00
[2024-06-02T10:42:19.795+0000] {standard_task_runner.py:63} INFO - Started process 1064 to run task
[2024-06-02T10:42:19.805+0000] {standard_task_runner.py:90} INFO - Running: ['airflow', 'tasks', 'run', 'dag_with_docker_operator', 'check_status', 'scheduled__2024-06-02T01:30:00+00:00', '--job-id', '861', '--raw', '--subdir', 'DAGS_FOLDER/dag_with_docker_operator.py', '--cfg-path', '/tmp/tmpjjunna3l']
[2024-06-02T10:42:19.808+0000] {standard_task_runner.py:91} INFO - Job 861: Subtask check_status
[2024-06-02T10:42:20.143+0000] {task_command.py:426} INFO - Running <TaskInstance: dag_with_docker_operator.check_status scheduled__2024-06-02T01:30:00+00:00 [running]> on host 9c47fcd741af
[2024-06-02T10:42:20.789+0000] {taskinstance.py:2648} INFO - Exporting env vars: AIRFLOW_CTX_DAG_OWNER='airflow' AIRFLOW_CTX_DAG_ID='dag_with_docker_operator' AIRFLOW_CTX_TASK_ID='check_status' AIRFLOW_CTX_EXECUTION_DATE='2024-06-02T01:30:00+00:00' AIRFLOW_CTX_TRY_NUMBER='1' AIRFLOW_CTX_DAG_RUN_ID='scheduled__2024-06-02T01:30:00+00:00'
[2024-06-02T10:42:20.791+0000] {taskinstance.py:430} INFO - ::endgroup::
[2024-06-02T10:42:20.846+0000] {python.py:237} INFO - Done. Returned value was: {'status': 'success'}
[2024-06-02T10:42:20.847+0000] {taskinstance.py:441} INFO - ::group::Post task execution logs
[2024-06-02T10:42:20.969+0000] {taskinstance.py:1206} INFO - Marking task as SUCCESS. dag_id=dag_with_docker_operator, task_id=check_status, run_id=scheduled__2024-06-02T01:30:00+00:00, execution_date=20240602T013000, start_date=20240602T104219, end_date=20240602T104220
[2024-06-02T10:42:21.106+0000] {local_task_job_runner.py:240} INFO - Task exited with return code 0
[2024-06-02T10:42:21.139+0000] {taskinstance.py:3498} INFO - 0 downstream tasks scheduled from follow-on schedule check
[2024-06-02T10:42:21.143+0000] {local_task_job_runner.py:222} INFO - ::endgroup::
[2024-06-02T11:41:54.209+0000] {local_task_job_runner.py:120} INFO - ::group::Pre task execution logs
[2024-06-02T11:41:54.276+0000] {taskinstance.py:2076} INFO - Dependencies all met for dep_context=non-requeueable deps ti=<TaskInstance: dag_with_docker_operator.check_status scheduled__2024-06-02T01:30:00+00:00 [queued]>
[2024-06-02T11:41:54.299+0000] {taskinstance.py:2076} INFO - Dependencies all met for dep_context=requeueable deps ti=<TaskInstance: dag_with_docker_operator.check_status scheduled__2024-06-02T01:30:00+00:00 [queued]>
[2024-06-02T11:41:54.300+0000] {taskinstance.py:2306} INFO - Starting attempt 1 of 2
[2024-06-02T11:41:54.479+0000] {taskinstance.py:2330} INFO - Executing <Task(PythonOperator): check_status> on 2024-06-02 01:30:00+00:00
[2024-06-02T11:41:54.486+0000] {standard_task_runner.py:63} INFO - Started process 1988 to run task
[2024-06-02T11:41:54.490+0000] {standard_task_runner.py:90} INFO - Running: ['airflow', 'tasks', 'run', 'dag_with_docker_operator', 'check_status', 'scheduled__2024-06-02T01:30:00+00:00', '--job-id', '861', '--raw', '--subdir', 'DAGS_FOLDER/dag_with_docker_operator.py', '--cfg-path', '/tmp/tmpbx5mzg_m']
[2024-06-02T11:41:54.492+0000] {standard_task_runner.py:91} INFO - Job 861: Subtask check_status
[2024-06-02T11:41:54.596+0000] {task_command.py:426} INFO - Running <TaskInstance: dag_with_docker_operator.check_status scheduled__2024-06-02T01:30:00+00:00 [running]> on host 9c47fcd741af
[2024-06-02T11:41:54.831+0000] {taskinstance.py:2648} INFO - Exporting env vars: AIRFLOW_CTX_DAG_OWNER='airflow' AIRFLOW_CTX_DAG_ID='dag_with_docker_operator' AIRFLOW_CTX_TASK_ID='check_status' AIRFLOW_CTX_EXECUTION_DATE='2024-06-02T01:30:00+00:00' AIRFLOW_CTX_TRY_NUMBER='1' AIRFLOW_CTX_DAG_RUN_ID='scheduled__2024-06-02T01:30:00+00:00'
[2024-06-02T11:41:54.833+0000] {taskinstance.py:430} INFO - ::endgroup::
[2024-06-02T11:41:54.862+0000] {python.py:237} INFO - Done. Returned value was: {'status': 'failed'}
[2024-06-02T11:41:54.864+0000] {taskinstance.py:441} INFO - ::group::Post task execution logs
[2024-06-02T11:41:54.921+0000] {taskinstance.py:1206} INFO - Marking task as SUCCESS. dag_id=dag_with_docker_operator, task_id=check_status, run_id=scheduled__2024-06-02T01:30:00+00:00, execution_date=20240602T013000, start_date=20240602T114154, end_date=20240602T114154
[2024-06-02T11:41:54.984+0000] {local_task_job_runner.py:240} INFO - Task exited with return code 0
[2024-06-02T11:41:55.010+0000] {taskinstance.py:3498} INFO - 0 downstream tasks scheduled from follow-on schedule check
[2024-06-02T11:41:55.012+0000] {local_task_job_runner.py:222} INFO - ::endgroup::
[2024-06-02T12:41:31.664+0000] {local_task_job_runner.py:120} INFO - ::group::Pre task execution logs
[2024-06-02T12:41:31.738+0000] {taskinstance.py:2076} INFO - Dependencies all met for dep_context=non-requeueable deps ti=<TaskInstance: dag_with_docker_operator.check_status scheduled__2024-06-02T01:30:00+00:00 [queued]>
[2024-06-02T12:41:31.767+0000] {taskinstance.py:2076} INFO - Dependencies all met for dep_context=requeueable deps ti=<TaskInstance: dag_with_docker_operator.check_status scheduled__2024-06-02T01:30:00+00:00 [queued]>
[2024-06-02T12:41:31.767+0000] {taskinstance.py:2306} INFO - Starting attempt 1 of 2
[2024-06-02T12:41:31.822+0000] {taskinstance.py:2330} INFO - Executing <Task(PythonOperator): check_status> on 2024-06-02 01:30:00+00:00
[2024-06-02T12:41:31.829+0000] {standard_task_runner.py:63} INFO - Started process 3561 to run task
[2024-06-02T12:41:31.832+0000] {standard_task_runner.py:90} INFO - Running: ['airflow', 'tasks', 'run', 'dag_with_docker_operator', 'check_status', 'scheduled__2024-06-02T01:30:00+00:00', '--job-id', '910', '--raw', '--subdir', 'DAGS_FOLDER/dag_with_docker_operator.py', '--cfg-path', '/tmp/tmpta635hzo']
[2024-06-02T12:41:31.834+0000] {standard_task_runner.py:91} INFO - Job 910: Subtask check_status
[2024-06-02T12:41:32.601+0000] {task_command.py:426} INFO - Running <TaskInstance: dag_with_docker_operator.check_status scheduled__2024-06-02T01:30:00+00:00 [running]> on host 9c47fcd741af
[2024-06-02T12:41:32.817+0000] {taskinstance.py:2648} INFO - Exporting env vars: AIRFLOW_CTX_DAG_OWNER='airflow' AIRFLOW_CTX_DAG_ID='dag_with_docker_operator' AIRFLOW_CTX_TASK_ID='check_status' AIRFLOW_CTX_EXECUTION_DATE='2024-06-02T01:30:00+00:00' AIRFLOW_CTX_TRY_NUMBER='1' AIRFLOW_CTX_DAG_RUN_ID='scheduled__2024-06-02T01:30:00+00:00'
[2024-06-02T12:41:32.818+0000] {taskinstance.py:430} INFO - ::endgroup::
[2024-06-02T12:41:32.856+0000] {taskinstance.py:441} INFO - ::group::Post task execution logs
[2024-06-02T12:41:32.858+0000] {taskinstance.py:2905} ERROR - Task failed with exception
Traceback (most recent call last):
  File "/home/airflow/.local/lib/python3.12/site-packages/airflow/models/taskinstance.py", line 465, in _execute_task
    result = _execute_callable(context=context, **execute_callable_kwargs)
             ^^^^^^^^^^^^^^^^^^^^^^^^^^^^^^^^^^^^^^^^^^^^^^^^^^^^^^^^^^^^^
  File "/home/airflow/.local/lib/python3.12/site-packages/airflow/models/taskinstance.py", line 432, in _execute_callable
    return execute_callable(context=context, **execute_callable_kwargs)
           ^^^^^^^^^^^^^^^^^^^^^^^^^^^^^^^^^^^^^^^^^^^^^^^^^^^^^^^^^^^^
  File "/home/airflow/.local/lib/python3.12/site-packages/airflow/models/baseoperator.py", line 400, in wrapper
    return func(self, *args, **kwargs)
           ^^^^^^^^^^^^^^^^^^^^^^^^^^^
  File "/home/airflow/.local/lib/python3.12/site-packages/airflow/operators/python.py", line 235, in execute
    return_value = self.execute_callable()
                   ^^^^^^^^^^^^^^^^^^^^^^^
  File "/home/airflow/.local/lib/python3.12/site-packages/airflow/operators/python.py", line 252, in execute_callable
    return self.python_callable(*self.op_args, **self.op_kwargs)
           ^^^^^^^^^^^^^^^^^^^^^^^^^^^^^^^^^^^^^^^^^^^^^^^^^^^^^
  File "/opt/airflow/dags/dag_with_docker_operator.py", line 24, in check_send_status
    raise ValueError(f"Request returned non-success status: {response_json.get('status')}")
ValueError: Request returned non-success status: failed
[2024-06-02T12:41:32.881+0000] {taskinstance.py:1206} INFO - Marking task as UP_FOR_RETRY. dag_id=dag_with_docker_operator, task_id=check_status, run_id=scheduled__2024-06-02T01:30:00+00:00, execution_date=20240602T013000, start_date=20240602T124131, end_date=20240602T124132
[2024-06-02T12:41:32.942+0000] {standard_task_runner.py:110} ERROR - Failed to execute job 910 for task check_status (Request returned non-success status: failed; 3561)
[2024-06-02T12:41:32.969+0000] {local_task_job_runner.py:240} INFO - Task exited with return code 1
[2024-06-02T12:41:33.122+0000] {taskinstance.py:3498} INFO - 0 downstream tasks scheduled from follow-on schedule check
[2024-06-02T12:41:33.125+0000] {local_task_job_runner.py:222} INFO - ::endgroup::
