[2024-06-01T21:21:44.041+0000] {local_task_job_runner.py:120} INFO - ::group::Pre task execution logs
[2024-06-01T21:21:44.099+0000] {taskinstance.py:2076} INFO - Dependencies all met for dep_context=non-requeueable deps ti=<TaskInstance: dag_with_docker_operator.check_status scheduled__2024-06-01T02:30:00+00:00 [queued]>
[2024-06-01T21:21:44.120+0000] {taskinstance.py:2076} INFO - Dependencies all met for dep_context=requeueable deps ti=<TaskInstance: dag_with_docker_operator.check_status scheduled__2024-06-01T02:30:00+00:00 [queued]>
[2024-06-01T21:21:44.121+0000] {taskinstance.py:2306} INFO - Starting attempt 1 of 2
[2024-06-01T21:21:44.273+0000] {taskinstance.py:2330} INFO - Executing <Task(PythonOperator): check_status> on 2024-06-01 02:30:00+00:00
[2024-06-01T21:21:44.280+0000] {standard_task_runner.py:63} INFO - Started process 509 to run task
[2024-06-01T21:21:44.283+0000] {standard_task_runner.py:90} INFO - Running: ['airflow', 'tasks', 'run', 'dag_with_docker_operator', 'check_status', 'scheduled__2024-06-01T02:30:00+00:00', '--job-id', '769', '--raw', '--subdir', 'DAGS_FOLDER/dag_with_docker_operator.py', '--cfg-path', '/tmp/tmp1z2h2mef']
[2024-06-01T21:21:44.285+0000] {standard_task_runner.py:91} INFO - Job 769: Subtask check_status
[2024-06-01T21:21:44.401+0000] {task_command.py:426} INFO - Running <TaskInstance: dag_with_docker_operator.check_status scheduled__2024-06-01T02:30:00+00:00 [running]> on host 9c47fcd741af
[2024-06-01T21:21:44.606+0000] {taskinstance.py:2648} INFO - Exporting env vars: AIRFLOW_CTX_DAG_OWNER='airflow' AIRFLOW_CTX_DAG_ID='dag_with_docker_operator' AIRFLOW_CTX_TASK_ID='check_status' AIRFLOW_CTX_EXECUTION_DATE='2024-06-01T02:30:00+00:00' AIRFLOW_CTX_TRY_NUMBER='1' AIRFLOW_CTX_DAG_RUN_ID='scheduled__2024-06-01T02:30:00+00:00'
[2024-06-01T21:21:44.607+0000] {taskinstance.py:430} INFO - ::endgroup::
[2024-06-01T21:21:44.638+0000] {python.py:237} INFO - Done. Returned value was: {'status': 'success'}
[2024-06-01T21:21:44.639+0000] {taskinstance.py:441} INFO - ::group::Post task execution logs
[2024-06-01T21:21:44.708+0000] {taskinstance.py:1206} INFO - Marking task as SUCCESS. dag_id=dag_with_docker_operator, task_id=check_status, run_id=scheduled__2024-06-01T02:30:00+00:00, execution_date=20240601T023000, start_date=20240601T212144, end_date=20240601T212144
[2024-06-01T21:21:44.778+0000] {local_task_job_runner.py:240} INFO - Task exited with return code 0
[2024-06-01T21:21:44.815+0000] {taskinstance.py:3498} INFO - 0 downstream tasks scheduled from follow-on schedule check
[2024-06-01T21:21:44.817+0000] {local_task_job_runner.py:222} INFO - ::endgroup::
[2024-06-02T11:24:41.162+0000] {local_task_job_runner.py:120} INFO - ::group::Pre task execution logs
[2024-06-02T11:24:41.209+0000] {taskinstance.py:2076} INFO - Dependencies all met for dep_context=non-requeueable deps ti=<TaskInstance: dag_with_docker_operator.check_status scheduled__2024-06-01T02:30:00+00:00 [queued]>
[2024-06-02T11:24:41.269+0000] {taskinstance.py:2076} INFO - Dependencies all met for dep_context=requeueable deps ti=<TaskInstance: dag_with_docker_operator.check_status scheduled__2024-06-01T02:30:00+00:00 [queued]>
[2024-06-02T11:24:41.271+0000] {taskinstance.py:2306} INFO - Starting attempt 1 of 2
[2024-06-02T11:24:41.845+0000] {taskinstance.py:2330} INFO - Executing <Task(PythonOperator): check_status> on 2024-06-01 02:30:00+00:00
[2024-06-02T11:24:41.857+0000] {standard_task_runner.py:63} INFO - Started process 1480 to run task
[2024-06-02T11:24:41.861+0000] {standard_task_runner.py:90} INFO - Running: ['airflow', 'tasks', 'run', 'dag_with_docker_operator', 'check_status', 'scheduled__2024-06-01T02:30:00+00:00', '--job-id', '769', '--raw', '--subdir', 'DAGS_FOLDER/dag_with_docker_operator.py', '--cfg-path', '/tmp/tmps1obrcjn']
[2024-06-02T11:24:41.866+0000] {standard_task_runner.py:91} INFO - Job 769: Subtask check_status
[2024-06-02T11:24:42.177+0000] {task_command.py:426} INFO - Running <TaskInstance: dag_with_docker_operator.check_status scheduled__2024-06-01T02:30:00+00:00 [running]> on host 9c47fcd741af
[2024-06-02T11:24:42.536+0000] {taskinstance.py:2648} INFO - Exporting env vars: AIRFLOW_CTX_DAG_OWNER='airflow' AIRFLOW_CTX_DAG_ID='dag_with_docker_operator' AIRFLOW_CTX_TASK_ID='check_status' AIRFLOW_CTX_EXECUTION_DATE='2024-06-01T02:30:00+00:00' AIRFLOW_CTX_TRY_NUMBER='1' AIRFLOW_CTX_DAG_RUN_ID='scheduled__2024-06-01T02:30:00+00:00'
[2024-06-02T11:24:42.539+0000] {taskinstance.py:430} INFO - ::endgroup::
[2024-06-02T11:24:42.580+0000] {python.py:237} INFO - Done. Returned value was: {'status': 'success'}
[2024-06-02T11:24:42.586+0000] {taskinstance.py:441} INFO - ::group::Post task execution logs
[2024-06-02T11:24:43.523+0000] {taskinstance.py:1206} INFO - Marking task as SUCCESS. dag_id=dag_with_docker_operator, task_id=check_status, run_id=scheduled__2024-06-01T02:30:00+00:00, execution_date=20240601T023000, start_date=20240602T112441, end_date=20240602T112443
[2024-06-02T11:24:43.611+0000] {local_task_job_runner.py:240} INFO - Task exited with return code 0
[2024-06-02T11:24:43.659+0000] {taskinstance.py:3498} INFO - 0 downstream tasks scheduled from follow-on schedule check
[2024-06-02T11:24:43.662+0000] {local_task_job_runner.py:222} INFO - ::endgroup::
[2024-06-02T11:53:00.418+0000] {local_task_job_runner.py:120} INFO - ::group::Pre task execution logs
[2024-06-02T11:53:00.479+0000] {taskinstance.py:2076} INFO - Dependencies all met for dep_context=non-requeueable deps ti=<TaskInstance: dag_with_docker_operator.check_status scheduled__2024-06-01T02:30:00+00:00 [queued]>
[2024-06-02T11:53:00.501+0000] {taskinstance.py:2076} INFO - Dependencies all met for dep_context=requeueable deps ti=<TaskInstance: dag_with_docker_operator.check_status scheduled__2024-06-01T02:30:00+00:00 [queued]>
[2024-06-02T11:53:00.501+0000] {taskinstance.py:2306} INFO - Starting attempt 1 of 2
[2024-06-02T11:53:00.581+0000] {taskinstance.py:2330} INFO - Executing <Task(PythonOperator): check_status> on 2024-06-01 02:30:00+00:00
[2024-06-02T11:53:00.588+0000] {standard_task_runner.py:63} INFO - Started process 2261 to run task
[2024-06-02T11:53:00.591+0000] {standard_task_runner.py:90} INFO - Running: ['airflow', 'tasks', 'run', 'dag_with_docker_operator', 'check_status', 'scheduled__2024-06-01T02:30:00+00:00', '--job-id', '769', '--raw', '--subdir', 'DAGS_FOLDER/dag_with_docker_operator.py', '--cfg-path', '/tmp/tmp5luiamdb']
[2024-06-02T11:53:00.594+0000] {standard_task_runner.py:91} INFO - Job 769: Subtask check_status
[2024-06-02T11:53:00.989+0000] {task_command.py:426} INFO - Running <TaskInstance: dag_with_docker_operator.check_status scheduled__2024-06-01T02:30:00+00:00 [running]> on host 9c47fcd741af
[2024-06-02T11:53:01.194+0000] {taskinstance.py:2648} INFO - Exporting env vars: AIRFLOW_CTX_DAG_OWNER='airflow' AIRFLOW_CTX_DAG_ID='dag_with_docker_operator' AIRFLOW_CTX_TASK_ID='check_status' AIRFLOW_CTX_EXECUTION_DATE='2024-06-01T02:30:00+00:00' AIRFLOW_CTX_TRY_NUMBER='1' AIRFLOW_CTX_DAG_RUN_ID='scheduled__2024-06-01T02:30:00+00:00'
[2024-06-02T11:53:01.194+0000] {taskinstance.py:430} INFO - ::endgroup::
[2024-06-02T11:53:01.231+0000] {taskinstance.py:441} INFO - ::group::Post task execution logs
[2024-06-02T11:53:01.233+0000] {taskinstance.py:2905} ERROR - Task failed with exception
Traceback (most recent call last):
  File "/home/airflow/.local/lib/python3.12/site-packages/airflow/models/taskinstance.py", line 465, in _execute_task
    result = _execute_callable(context=context, **execute_callable_kwargs)
             ^^^^^^^^^^^^^^^^^^^^^^^^^^^^^^^^^^^^^^^^^^^^^^^^^^^^^^^^^^^^^
  File "/home/airflow/.local/lib/python3.12/site-packages/airflow/models/taskinstance.py", line 432, in _execute_callable
    return execute_callable(context=context, **execute_callable_kwargs)
           ^^^^^^^^^^^^^^^^^^^^^^^^^^^^^^^^^^^^^^^^^^^^^^^^^^^^^^^^^^^^
  File "/home/airflow/.local/lib/python3.12/site-packages/airflow/models/baseoperator.py", line 400, in wrapper
    return func(self, *args, **kwargs)
           ^^^^^^^^^^^^^^^^^^^^^^^^^^^
  File "/home/airflow/.local/lib/python3.12/site-packages/airflow/operators/python.py", line 235, in execute
    return_value = self.execute_callable()
                   ^^^^^^^^^^^^^^^^^^^^^^^
  File "/home/airflow/.local/lib/python3.12/site-packages/airflow/operators/python.py", line 252, in execute_callable
    return self.python_callable(*self.op_args, **self.op_kwargs)
           ^^^^^^^^^^^^^^^^^^^^^^^^^^^^^^^^^^^^^^^^^^^^^^^^^^^^^
  File "/opt/airflow/dags/dag_with_docker_operator.py", line 26, in check_send_status
    raise ValueError(f"Task failed with status: {status}")
ValueError: Task failed with status: failed
[2024-06-02T11:53:01.266+0000] {taskinstance.py:1206} INFO - Marking task as UP_FOR_RETRY. dag_id=dag_with_docker_operator, task_id=check_status, run_id=scheduled__2024-06-01T02:30:00+00:00, execution_date=20240601T023000, start_date=20240602T115300, end_date=20240602T115301
[2024-06-02T11:53:01.344+0000] {standard_task_runner.py:110} ERROR - Failed to execute job 769 for task check_status (Task failed with status: failed; 2261)
[2024-06-02T11:53:01.415+0000] {local_task_job_runner.py:240} INFO - Task exited with return code 1
[2024-06-02T11:53:02.267+0000] {taskinstance.py:3498} INFO - 0 downstream tasks scheduled from follow-on schedule check
[2024-06-02T11:53:02.271+0000] {local_task_job_runner.py:222} INFO - ::endgroup::
[2024-06-02T12:14:26.758+0000] {local_task_job_runner.py:120} INFO - ::group::Pre task execution logs
[2024-06-02T12:14:26.801+0000] {taskinstance.py:2076} INFO - Dependencies all met for dep_context=non-requeueable deps ti=<TaskInstance: dag_with_docker_operator.check_status scheduled__2024-06-01T02:30:00+00:00 [queued]>
[2024-06-02T12:14:26.824+0000] {taskinstance.py:2076} INFO - Dependencies all met for dep_context=requeueable deps ti=<TaskInstance: dag_with_docker_operator.check_status scheduled__2024-06-01T02:30:00+00:00 [queued]>
[2024-06-02T12:14:26.825+0000] {taskinstance.py:2306} INFO - Starting attempt 1 of 2
[2024-06-02T12:14:26.882+0000] {taskinstance.py:2330} INFO - Executing <Task(PythonOperator): check_status> on 2024-06-01 02:30:00+00:00
[2024-06-02T12:14:26.895+0000] {standard_task_runner.py:90} INFO - Running: ['airflow', 'tasks', 'run', 'dag_with_docker_operator', 'check_status', 'scheduled__2024-06-01T02:30:00+00:00', '--job-id', '769', '--raw', '--subdir', 'DAGS_FOLDER/dag_with_docker_operator.py', '--cfg-path', '/tmp/tmpwwy9qjcr']
[2024-06-02T12:14:26.891+0000] {standard_task_runner.py:63} INFO - Started process 2784 to run task
[2024-06-02T12:14:26.899+0000] {standard_task_runner.py:91} INFO - Job 769: Subtask check_status
[2024-06-02T12:14:27.171+0000] {task_command.py:426} INFO - Running <TaskInstance: dag_with_docker_operator.check_status scheduled__2024-06-01T02:30:00+00:00 [running]> on host 9c47fcd741af
[2024-06-02T12:14:27.386+0000] {taskinstance.py:2648} INFO - Exporting env vars: AIRFLOW_CTX_DAG_OWNER='airflow' AIRFLOW_CTX_DAG_ID='dag_with_docker_operator' AIRFLOW_CTX_TASK_ID='check_status' AIRFLOW_CTX_EXECUTION_DATE='2024-06-01T02:30:00+00:00' AIRFLOW_CTX_TRY_NUMBER='1' AIRFLOW_CTX_DAG_RUN_ID='scheduled__2024-06-01T02:30:00+00:00'
[2024-06-02T12:14:27.388+0000] {taskinstance.py:430} INFO - ::endgroup::
[2024-06-02T12:14:27.468+0000] {taskinstance.py:441} INFO - ::group::Post task execution logs
[2024-06-02T12:14:27.470+0000] {taskinstance.py:2905} ERROR - Task failed with exception
Traceback (most recent call last):
  File "/home/airflow/.local/lib/python3.12/site-packages/airflow/models/taskinstance.py", line 465, in _execute_task
    result = _execute_callable(context=context, **execute_callable_kwargs)
             ^^^^^^^^^^^^^^^^^^^^^^^^^^^^^^^^^^^^^^^^^^^^^^^^^^^^^^^^^^^^^
  File "/home/airflow/.local/lib/python3.12/site-packages/airflow/models/taskinstance.py", line 432, in _execute_callable
    return execute_callable(context=context, **execute_callable_kwargs)
           ^^^^^^^^^^^^^^^^^^^^^^^^^^^^^^^^^^^^^^^^^^^^^^^^^^^^^^^^^^^^
  File "/home/airflow/.local/lib/python3.12/site-packages/airflow/models/baseoperator.py", line 400, in wrapper
    return func(self, *args, **kwargs)
           ^^^^^^^^^^^^^^^^^^^^^^^^^^^
  File "/home/airflow/.local/lib/python3.12/site-packages/airflow/operators/python.py", line 235, in execute
    return_value = self.execute_callable()
                   ^^^^^^^^^^^^^^^^^^^^^^^
  File "/home/airflow/.local/lib/python3.12/site-packages/airflow/operators/python.py", line 252, in execute_callable
    return self.python_callable(*self.op_args, **self.op_kwargs)
           ^^^^^^^^^^^^^^^^^^^^^^^^^^^^^^^^^^^^^^^^^^^^^^^^^^^^^
  File "/opt/airflow/dags/dag_with_docker_operator.py", line 24, in check_send_status
    raise ValueError(f"Check send status failed: {result}")
ValueError: Check send status failed: {'status': 'failed'}
[2024-06-02T12:14:27.583+0000] {taskinstance.py:1206} INFO - Marking task as UP_FOR_RETRY. dag_id=dag_with_docker_operator, task_id=check_status, run_id=scheduled__2024-06-01T02:30:00+00:00, execution_date=20240601T023000, start_date=20240602T121426, end_date=20240602T121427
[2024-06-02T12:14:27.687+0000] {standard_task_runner.py:110} ERROR - Failed to execute job 769 for task check_status (Check send status failed: {'status': 'failed'}; 2784)
[2024-06-02T12:14:27.716+0000] {local_task_job_runner.py:240} INFO - Task exited with return code 1
[2024-06-02T12:14:27.866+0000] {taskinstance.py:3498} INFO - 0 downstream tasks scheduled from follow-on schedule check
[2024-06-02T12:14:27.868+0000] {local_task_job_runner.py:222} INFO - ::endgroup::
