[2024-06-02T10:41:16.231+0000] {local_task_job_runner.py:120} INFO - ::group::Pre task execution logs
[2024-06-02T10:41:16.296+0000] {taskinstance.py:2076} INFO - Dependencies all met for dep_context=non-requeueable deps ti=<TaskInstance: dag_with_docker_operator.check_status scheduled__2024-06-02T00:30:00+00:00 [queued]>
[2024-06-02T10:41:16.321+0000] {taskinstance.py:2076} INFO - Dependencies all met for dep_context=requeueable deps ti=<TaskInstance: dag_with_docker_operator.check_status scheduled__2024-06-02T00:30:00+00:00 [queued]>
[2024-06-02T10:41:16.321+0000] {taskinstance.py:2306} INFO - Starting attempt 1 of 2
[2024-06-02T10:41:16.478+0000] {taskinstance.py:2330} INFO - Executing <Task(PythonOperator): check_status> on 2024-06-02 00:30:00+00:00
[2024-06-02T10:41:16.485+0000] {standard_task_runner.py:63} INFO - Started process 1042 to run task
[2024-06-02T10:41:16.488+0000] {standard_task_runner.py:90} INFO - Running: ['airflow', 'tasks', 'run', 'dag_with_docker_operator', 'check_status', 'scheduled__2024-06-02T00:30:00+00:00', '--job-id', '857', '--raw', '--subdir', 'DAGS_FOLDER/dag_with_docker_operator.py', '--cfg-path', '/tmp/tmpjcgm7rn6']
[2024-06-02T10:41:16.490+0000] {standard_task_runner.py:91} INFO - Job 857: Subtask check_status
[2024-06-02T10:41:16.612+0000] {task_command.py:426} INFO - Running <TaskInstance: dag_with_docker_operator.check_status scheduled__2024-06-02T00:30:00+00:00 [running]> on host 9c47fcd741af
[2024-06-02T10:41:16.840+0000] {taskinstance.py:2648} INFO - Exporting env vars: AIRFLOW_CTX_DAG_OWNER='airflow' AIRFLOW_CTX_DAG_ID='dag_with_docker_operator' AIRFLOW_CTX_TASK_ID='check_status' AIRFLOW_CTX_EXECUTION_DATE='2024-06-02T00:30:00+00:00' AIRFLOW_CTX_TRY_NUMBER='1' AIRFLOW_CTX_DAG_RUN_ID='scheduled__2024-06-02T00:30:00+00:00'
[2024-06-02T10:41:16.842+0000] {taskinstance.py:430} INFO - ::endgroup::
[2024-06-02T10:41:16.881+0000] {python.py:237} INFO - Done. Returned value was: {'status': 'success'}
[2024-06-02T10:41:16.887+0000] {taskinstance.py:441} INFO - ::group::Post task execution logs
[2024-06-02T10:41:16.959+0000] {taskinstance.py:1206} INFO - Marking task as SUCCESS. dag_id=dag_with_docker_operator, task_id=check_status, run_id=scheduled__2024-06-02T00:30:00+00:00, execution_date=20240602T003000, start_date=20240602T104116, end_date=20240602T104116
[2024-06-02T10:41:17.063+0000] {local_task_job_runner.py:240} INFO - Task exited with return code 0
[2024-06-02T10:41:17.095+0000] {taskinstance.py:3498} INFO - 0 downstream tasks scheduled from follow-on schedule check
[2024-06-02T10:41:17.097+0000] {local_task_job_runner.py:222} INFO - ::endgroup::
[2024-06-02T11:41:05.600+0000] {local_task_job_runner.py:120} INFO - ::group::Pre task execution logs
[2024-06-02T11:41:05.675+0000] {taskinstance.py:2076} INFO - Dependencies all met for dep_context=non-requeueable deps ti=<TaskInstance: dag_with_docker_operator.check_status scheduled__2024-06-02T00:30:00+00:00 [queued]>
[2024-06-02T11:41:05.699+0000] {taskinstance.py:2076} INFO - Dependencies all met for dep_context=requeueable deps ti=<TaskInstance: dag_with_docker_operator.check_status scheduled__2024-06-02T00:30:00+00:00 [queued]>
[2024-06-02T11:41:05.700+0000] {taskinstance.py:2306} INFO - Starting attempt 1 of 2
[2024-06-02T11:41:05.841+0000] {taskinstance.py:2330} INFO - Executing <Task(PythonOperator): check_status> on 2024-06-02 00:30:00+00:00
[2024-06-02T11:41:05.847+0000] {standard_task_runner.py:63} INFO - Started process 1966 to run task
[2024-06-02T11:41:05.850+0000] {standard_task_runner.py:90} INFO - Running: ['airflow', 'tasks', 'run', 'dag_with_docker_operator', 'check_status', 'scheduled__2024-06-02T00:30:00+00:00', '--job-id', '857', '--raw', '--subdir', 'DAGS_FOLDER/dag_with_docker_operator.py', '--cfg-path', '/tmp/tmpsgpsyv3m']
[2024-06-02T11:41:05.851+0000] {standard_task_runner.py:91} INFO - Job 857: Subtask check_status
[2024-06-02T11:41:05.964+0000] {task_command.py:426} INFO - Running <TaskInstance: dag_with_docker_operator.check_status scheduled__2024-06-02T00:30:00+00:00 [running]> on host 9c47fcd741af
[2024-06-02T11:41:06.232+0000] {taskinstance.py:2648} INFO - Exporting env vars: AIRFLOW_CTX_DAG_OWNER='airflow' AIRFLOW_CTX_DAG_ID='dag_with_docker_operator' AIRFLOW_CTX_TASK_ID='check_status' AIRFLOW_CTX_EXECUTION_DATE='2024-06-02T00:30:00+00:00' AIRFLOW_CTX_TRY_NUMBER='1' AIRFLOW_CTX_DAG_RUN_ID='scheduled__2024-06-02T00:30:00+00:00'
[2024-06-02T11:41:06.233+0000] {taskinstance.py:430} INFO - ::endgroup::
[2024-06-02T11:41:06.266+0000] {python.py:237} INFO - Done. Returned value was: {'status': 'failed'}
[2024-06-02T11:41:06.267+0000] {taskinstance.py:441} INFO - ::group::Post task execution logs
[2024-06-02T11:41:06.336+0000] {taskinstance.py:1206} INFO - Marking task as SUCCESS. dag_id=dag_with_docker_operator, task_id=check_status, run_id=scheduled__2024-06-02T00:30:00+00:00, execution_date=20240602T003000, start_date=20240602T114105, end_date=20240602T114106
[2024-06-02T11:41:06.464+0000] {local_task_job_runner.py:240} INFO - Task exited with return code 0
[2024-06-02T11:41:06.495+0000] {taskinstance.py:3498} INFO - 0 downstream tasks scheduled from follow-on schedule check
[2024-06-02T11:41:06.497+0000] {local_task_job_runner.py:222} INFO - ::endgroup::
[2024-06-02T12:40:22.067+0000] {local_task_job_runner.py:120} INFO - ::group::Pre task execution logs
[2024-06-02T12:40:22.115+0000] {taskinstance.py:2076} INFO - Dependencies all met for dep_context=non-requeueable deps ti=<TaskInstance: dag_with_docker_operator.check_status scheduled__2024-06-02T00:30:00+00:00 [queued]>
[2024-06-02T12:40:22.135+0000] {taskinstance.py:2076} INFO - Dependencies all met for dep_context=requeueable deps ti=<TaskInstance: dag_with_docker_operator.check_status scheduled__2024-06-02T00:30:00+00:00 [queued]>
[2024-06-02T12:40:22.136+0000] {taskinstance.py:2306} INFO - Starting attempt 1 of 2
[2024-06-02T12:40:22.195+0000] {taskinstance.py:2330} INFO - Executing <Task(PythonOperator): check_status> on 2024-06-02 00:30:00+00:00
[2024-06-02T12:40:22.202+0000] {standard_task_runner.py:63} INFO - Started process 3533 to run task
[2024-06-02T12:40:22.205+0000] {standard_task_runner.py:90} INFO - Running: ['airflow', 'tasks', 'run', 'dag_with_docker_operator', 'check_status', 'scheduled__2024-06-02T00:30:00+00:00', '--job-id', '905', '--raw', '--subdir', 'DAGS_FOLDER/dag_with_docker_operator.py', '--cfg-path', '/tmp/tmp_ni7fw8g']
[2024-06-02T12:40:22.207+0000] {standard_task_runner.py:91} INFO - Job 905: Subtask check_status
[2024-06-02T12:40:22.456+0000] {task_command.py:426} INFO - Running <TaskInstance: dag_with_docker_operator.check_status scheduled__2024-06-02T00:30:00+00:00 [running]> on host 9c47fcd741af
[2024-06-02T12:40:25.651+0000] {taskinstance.py:2648} INFO - Exporting env vars: AIRFLOW_CTX_DAG_OWNER='airflow' AIRFLOW_CTX_DAG_ID='dag_with_docker_operator' AIRFLOW_CTX_TASK_ID='check_status' AIRFLOW_CTX_EXECUTION_DATE='2024-06-02T00:30:00+00:00' AIRFLOW_CTX_TRY_NUMBER='1' AIRFLOW_CTX_DAG_RUN_ID='scheduled__2024-06-02T00:30:00+00:00'
[2024-06-02T12:40:25.653+0000] {taskinstance.py:430} INFO - ::endgroup::
[2024-06-02T12:40:25.820+0000] {taskinstance.py:441} INFO - ::group::Post task execution logs
[2024-06-02T12:40:25.882+0000] {taskinstance.py:2905} ERROR - Task failed with exception
Traceback (most recent call last):
  File "/home/airflow/.local/lib/python3.12/site-packages/airflow/models/taskinstance.py", line 465, in _execute_task
    result = _execute_callable(context=context, **execute_callable_kwargs)
             ^^^^^^^^^^^^^^^^^^^^^^^^^^^^^^^^^^^^^^^^^^^^^^^^^^^^^^^^^^^^^
  File "/home/airflow/.local/lib/python3.12/site-packages/airflow/models/taskinstance.py", line 432, in _execute_callable
    return execute_callable(context=context, **execute_callable_kwargs)
           ^^^^^^^^^^^^^^^^^^^^^^^^^^^^^^^^^^^^^^^^^^^^^^^^^^^^^^^^^^^^
  File "/home/airflow/.local/lib/python3.12/site-packages/airflow/models/baseoperator.py", line 400, in wrapper
    return func(self, *args, **kwargs)
           ^^^^^^^^^^^^^^^^^^^^^^^^^^^
  File "/home/airflow/.local/lib/python3.12/site-packages/airflow/operators/python.py", line 235, in execute
    return_value = self.execute_callable()
                   ^^^^^^^^^^^^^^^^^^^^^^^
  File "/home/airflow/.local/lib/python3.12/site-packages/airflow/operators/python.py", line 252, in execute_callable
    return self.python_callable(*self.op_args, **self.op_kwargs)
           ^^^^^^^^^^^^^^^^^^^^^^^^^^^^^^^^^^^^^^^^^^^^^^^^^^^^^
  File "/opt/airflow/dags/dag_with_docker_operator.py", line 24, in check_send_status
    raise ValueError(f"Request returned non-success status: {response_json.get('status')}")
ValueError: Request returned non-success status: failed
[2024-06-02T12:40:25.970+0000] {taskinstance.py:1206} INFO - Marking task as UP_FOR_RETRY. dag_id=dag_with_docker_operator, task_id=check_status, run_id=scheduled__2024-06-02T00:30:00+00:00, execution_date=20240602T003000, start_date=20240602T124022, end_date=20240602T124025
[2024-06-02T12:40:26.539+0000] {standard_task_runner.py:110} ERROR - Failed to execute job 905 for task check_status (Request returned non-success status: failed; 3533)
[2024-06-02T12:40:26.582+0000] {local_task_job_runner.py:240} INFO - Task exited with return code 1
[2024-06-02T12:40:27.058+0000] {taskinstance.py:3498} INFO - 0 downstream tasks scheduled from follow-on schedule check
[2024-06-02T12:40:27.061+0000] {local_task_job_runner.py:222} INFO - ::endgroup::
