[2024-05-29T17:23:18.033+0000] {local_task_job_runner.py:120} INFO - ::group::Pre task execution logs
[2024-05-29T17:23:18.118+0000] {taskinstance.py:2076} INFO - Dependencies all met for dep_context=non-requeueable deps ti=<TaskInstance: flask_monitoring.check_flask_health scheduled__2024-05-28T02:45:00+00:00 [queued]>
[2024-05-29T17:23:18.142+0000] {taskinstance.py:2076} INFO - Dependencies all met for dep_context=requeueable deps ti=<TaskInstance: flask_monitoring.check_flask_health scheduled__2024-05-28T02:45:00+00:00 [queued]>
[2024-05-29T17:23:18.143+0000] {taskinstance.py:2306} INFO - Starting attempt 1 of 2
[2024-05-29T17:23:18.207+0000] {taskinstance.py:2330} INFO - Executing <Task(BashOperator): check_flask_health> on 2024-05-28 02:45:00+00:00
[2024-05-29T17:23:18.215+0000] {standard_task_runner.py:63} INFO - Started process 2432 to run task
[2024-05-29T17:23:18.219+0000] {standard_task_runner.py:90} INFO - Running: ['airflow', 'tasks', 'run', 'flask_monitoring', 'check_flask_health', 'scheduled__2024-05-28T02:45:00+00:00', '--job-id', '178', '--raw', '--subdir', 'DAGS_FOLDER/flask_monitoring.py', '--cfg-path', '/tmp/tmpi5ki7mn8']
[2024-05-29T17:23:18.226+0000] {standard_task_runner.py:91} INFO - Job 178: Subtask check_flask_health
[2024-05-29T17:23:18.390+0000] {task_command.py:426} INFO - Running <TaskInstance: flask_monitoring.check_flask_health scheduled__2024-05-28T02:45:00+00:00 [running]> on host f708138922bb
[2024-05-29T17:23:18.704+0000] {taskinstance.py:2648} INFO - Exporting env vars: AIRFLOW_CTX_DAG_OWNER='airflow' AIRFLOW_CTX_DAG_ID='flask_monitoring' AIRFLOW_CTX_TASK_ID='check_flask_health' AIRFLOW_CTX_EXECUTION_DATE='2024-05-28T02:45:00+00:00' AIRFLOW_CTX_TRY_NUMBER='1' AIRFLOW_CTX_DAG_RUN_ID='scheduled__2024-05-28T02:45:00+00:00'
[2024-05-29T17:23:18.706+0000] {taskinstance.py:430} INFO - ::endgroup::
[2024-05-29T17:23:18.727+0000] {subprocess.py:63} INFO - Tmp dir root location: /tmp
[2024-05-29T17:23:18.729+0000] {subprocess.py:75} INFO - Running command: ['/usr/bin/bash', '-c', 'curl -X GET http://flask:5000/check_send_status']
[2024-05-29T17:23:18.738+0000] {subprocess.py:86} INFO - Output:
[2024-05-29T17:23:18.774+0000] {subprocess.py:93} INFO -   % Total    % Received % Xferd  Average Speed   Time    Time     Time  Current
[2024-05-29T17:23:18.777+0000] {subprocess.py:93} INFO -                                  Dload  Upload   Total   Spent    Left  Speed
[2024-05-29T17:23:22.116+0000] {subprocess.py:93} INFO -   0     0    0     0    0     0      0      0 --:--:-- --:--:-- --:--:--     0  0     0    0     0    0     0      0      0 --:--:-- --:--:-- --:--:--     0  0     0    0     0    0     0      0      0 --:--:--  0:00:01 --:--:--     0  0     0    0     0    0     0      0      0 --:--:--  0:00:02 --:--:--     0curl: (6) Could not resolve host: flask
[2024-05-29T17:23:22.120+0000] {subprocess.py:97} INFO - Command exited with return code 6
[2024-05-29T17:23:22.121+0000] {taskinstance.py:441} INFO - ::group::Post task execution logs
[2024-05-29T17:23:22.146+0000] {taskinstance.py:2905} ERROR - Task failed with exception
Traceback (most recent call last):
  File "/home/airflow/.local/lib/python3.12/site-packages/airflow/models/taskinstance.py", line 465, in _execute_task
    result = _execute_callable(context=context, **execute_callable_kwargs)
             ^^^^^^^^^^^^^^^^^^^^^^^^^^^^^^^^^^^^^^^^^^^^^^^^^^^^^^^^^^^^^
  File "/home/airflow/.local/lib/python3.12/site-packages/airflow/models/taskinstance.py", line 432, in _execute_callable
    return execute_callable(context=context, **execute_callable_kwargs)
           ^^^^^^^^^^^^^^^^^^^^^^^^^^^^^^^^^^^^^^^^^^^^^^^^^^^^^^^^^^^^
  File "/home/airflow/.local/lib/python3.12/site-packages/airflow/models/baseoperator.py", line 400, in wrapper
    return func(self, *args, **kwargs)
           ^^^^^^^^^^^^^^^^^^^^^^^^^^^
  File "/home/airflow/.local/lib/python3.12/site-packages/airflow/operators/bash.py", line 243, in execute
    raise AirflowException(
airflow.exceptions.AirflowException: Bash command failed. The command returned a non-zero exit code 6.
[2024-05-29T17:23:22.154+0000] {taskinstance.py:1206} INFO - Marking task as UP_FOR_RETRY. dag_id=flask_monitoring, task_id=check_flask_health, run_id=scheduled__2024-05-28T02:45:00+00:00, execution_date=20240528T024500, start_date=20240529T172318, end_date=20240529T172322
[2024-05-29T17:23:22.222+0000] {standard_task_runner.py:110} ERROR - Failed to execute job 178 for task check_flask_health (Bash command failed. The command returned a non-zero exit code 6.; 2432)
[2024-05-29T17:23:22.260+0000] {local_task_job_runner.py:240} INFO - Task exited with return code 1
[2024-05-29T17:23:22.314+0000] {taskinstance.py:3498} INFO - 0 downstream tasks scheduled from follow-on schedule check
[2024-05-29T17:23:22.322+0000] {local_task_job_runner.py:222} INFO - ::endgroup::
