[2024-06-02T10:44:33.610+0000] {local_task_job_runner.py:120} INFO - ::group::Pre task execution logs
[2024-06-02T10:44:33.679+0000] {taskinstance.py:2076} INFO - Dependencies all met for dep_context=non-requeueable deps ti=<TaskInstance: dag_with_docker_operator.check_status scheduled__2024-06-02T05:00:00+00:00 [queued]>
[2024-06-02T10:44:33.708+0000] {taskinstance.py:2076} INFO - Dependencies all met for dep_context=requeueable deps ti=<TaskInstance: dag_with_docker_operator.check_status scheduled__2024-06-02T05:00:00+00:00 [queued]>
[2024-06-02T10:44:33.709+0000] {taskinstance.py:2306} INFO - Starting attempt 1 of 2
[2024-06-02T10:44:33.962+0000] {taskinstance.py:2330} INFO - Executing <Task(PythonOperator): check_status> on 2024-06-02 05:00:00+00:00
[2024-06-02T10:44:33.976+0000] {standard_task_runner.py:63} INFO - Started process 1141 to run task
[2024-06-02T10:44:33.981+0000] {standard_task_runner.py:90} INFO - Running: ['airflow', 'tasks', 'run', 'dag_with_docker_operator', 'check_status', 'scheduled__2024-06-02T05:00:00+00:00', '--job-id', '875', '--raw', '--subdir', 'DAGS_FOLDER/dag_with_docker_operator.py', '--cfg-path', '/tmp/tmpdsuheie_']
[2024-06-02T10:44:33.984+0000] {standard_task_runner.py:91} INFO - Job 875: Subtask check_status
[2024-06-02T10:44:34.104+0000] {task_command.py:426} INFO - Running <TaskInstance: dag_with_docker_operator.check_status scheduled__2024-06-02T05:00:00+00:00 [running]> on host 9c47fcd741af
[2024-06-02T10:44:34.306+0000] {taskinstance.py:2648} INFO - Exporting env vars: AIRFLOW_CTX_DAG_OWNER='airflow' AIRFLOW_CTX_DAG_ID='dag_with_docker_operator' AIRFLOW_CTX_TASK_ID='check_status' AIRFLOW_CTX_EXECUTION_DATE='2024-06-02T05:00:00+00:00' AIRFLOW_CTX_TRY_NUMBER='1' AIRFLOW_CTX_DAG_RUN_ID='scheduled__2024-06-02T05:00:00+00:00'
[2024-06-02T10:44:34.307+0000] {taskinstance.py:430} INFO - ::endgroup::
[2024-06-02T10:44:34.335+0000] {python.py:237} INFO - Done. Returned value was: {'status': 'success'}
[2024-06-02T10:44:34.336+0000] {taskinstance.py:441} INFO - ::group::Post task execution logs
[2024-06-02T10:44:34.401+0000] {taskinstance.py:1206} INFO - Marking task as SUCCESS. dag_id=dag_with_docker_operator, task_id=check_status, run_id=scheduled__2024-06-02T05:00:00+00:00, execution_date=20240602T050000, start_date=20240602T104433, end_date=20240602T104434
[2024-06-02T10:44:34.473+0000] {local_task_job_runner.py:240} INFO - Task exited with return code 0
[2024-06-02T10:44:34.504+0000] {taskinstance.py:3498} INFO - 0 downstream tasks scheduled from follow-on schedule check
[2024-06-02T10:44:34.507+0000] {local_task_job_runner.py:222} INFO - ::endgroup::
[2024-06-02T11:44:18.810+0000] {local_task_job_runner.py:120} INFO - ::group::Pre task execution logs
[2024-06-02T11:44:18.856+0000] {taskinstance.py:2076} INFO - Dependencies all met for dep_context=non-requeueable deps ti=<TaskInstance: dag_with_docker_operator.check_status scheduled__2024-06-02T05:00:00+00:00 [queued]>
[2024-06-02T11:44:18.878+0000] {taskinstance.py:2076} INFO - Dependencies all met for dep_context=requeueable deps ti=<TaskInstance: dag_with_docker_operator.check_status scheduled__2024-06-02T05:00:00+00:00 [queued]>
[2024-06-02T11:44:18.879+0000] {taskinstance.py:2306} INFO - Starting attempt 1 of 2
[2024-06-02T11:44:19.024+0000] {taskinstance.py:2330} INFO - Executing <Task(PythonOperator): check_status> on 2024-06-02 05:00:00+00:00
[2024-06-02T11:44:19.030+0000] {standard_task_runner.py:63} INFO - Started process 2066 to run task
[2024-06-02T11:44:19.037+0000] {standard_task_runner.py:90} INFO - Running: ['airflow', 'tasks', 'run', 'dag_with_docker_operator', 'check_status', 'scheduled__2024-06-02T05:00:00+00:00', '--job-id', '875', '--raw', '--subdir', 'DAGS_FOLDER/dag_with_docker_operator.py', '--cfg-path', '/tmp/tmp0a0gsx3j']
[2024-06-02T11:44:19.039+0000] {standard_task_runner.py:91} INFO - Job 875: Subtask check_status
[2024-06-02T11:44:19.177+0000] {task_command.py:426} INFO - Running <TaskInstance: dag_with_docker_operator.check_status scheduled__2024-06-02T05:00:00+00:00 [running]> on host 9c47fcd741af
[2024-06-02T11:44:19.425+0000] {taskinstance.py:2648} INFO - Exporting env vars: AIRFLOW_CTX_DAG_OWNER='airflow' AIRFLOW_CTX_DAG_ID='dag_with_docker_operator' AIRFLOW_CTX_TASK_ID='check_status' AIRFLOW_CTX_EXECUTION_DATE='2024-06-02T05:00:00+00:00' AIRFLOW_CTX_TRY_NUMBER='1' AIRFLOW_CTX_DAG_RUN_ID='scheduled__2024-06-02T05:00:00+00:00'
[2024-06-02T11:44:19.426+0000] {taskinstance.py:430} INFO - ::endgroup::
[2024-06-02T11:44:19.472+0000] {python.py:237} INFO - Done. Returned value was: {'status': 'failed'}
[2024-06-02T11:44:19.474+0000] {taskinstance.py:441} INFO - ::group::Post task execution logs
[2024-06-02T11:44:19.553+0000] {taskinstance.py:1206} INFO - Marking task as SUCCESS. dag_id=dag_with_docker_operator, task_id=check_status, run_id=scheduled__2024-06-02T05:00:00+00:00, execution_date=20240602T050000, start_date=20240602T114418, end_date=20240602T114419
[2024-06-02T11:44:19.649+0000] {local_task_job_runner.py:240} INFO - Task exited with return code 0
[2024-06-02T11:44:19.684+0000] {taskinstance.py:3498} INFO - 0 downstream tasks scheduled from follow-on schedule check
[2024-06-02T11:44:19.687+0000] {local_task_job_runner.py:222} INFO - ::endgroup::
[2024-06-02T12:45:48.532+0000] {local_task_job_runner.py:120} INFO - ::group::Pre task execution logs
[2024-06-02T12:45:48.588+0000] {taskinstance.py:2076} INFO - Dependencies all met for dep_context=non-requeueable deps ti=<TaskInstance: dag_with_docker_operator.check_status scheduled__2024-06-02T05:00:00+00:00 [queued]>
[2024-06-02T12:45:48.612+0000] {taskinstance.py:2076} INFO - Dependencies all met for dep_context=requeueable deps ti=<TaskInstance: dag_with_docker_operator.check_status scheduled__2024-06-02T05:00:00+00:00 [queued]>
[2024-06-02T12:45:48.613+0000] {taskinstance.py:2306} INFO - Starting attempt 1 of 2
[2024-06-02T12:45:48.666+0000] {taskinstance.py:2330} INFO - Executing <Task(PythonOperator): check_status> on 2024-06-02 05:00:00+00:00
[2024-06-02T12:45:48.672+0000] {standard_task_runner.py:63} INFO - Started process 3676 to run task
[2024-06-02T12:45:48.675+0000] {standard_task_runner.py:90} INFO - Running: ['airflow', 'tasks', 'run', 'dag_with_docker_operator', 'check_status', 'scheduled__2024-06-02T05:00:00+00:00', '--job-id', '931', '--raw', '--subdir', 'DAGS_FOLDER/dag_with_docker_operator.py', '--cfg-path', '/tmp/tmpsydtoki4']
[2024-06-02T12:45:48.677+0000] {standard_task_runner.py:91} INFO - Job 931: Subtask check_status
[2024-06-02T12:45:49.034+0000] {task_command.py:426} INFO - Running <TaskInstance: dag_with_docker_operator.check_status scheduled__2024-06-02T05:00:00+00:00 [running]> on host 9c47fcd741af
[2024-06-02T12:45:49.340+0000] {taskinstance.py:2648} INFO - Exporting env vars: AIRFLOW_CTX_DAG_OWNER='airflow' AIRFLOW_CTX_DAG_ID='dag_with_docker_operator' AIRFLOW_CTX_TASK_ID='check_status' AIRFLOW_CTX_EXECUTION_DATE='2024-06-02T05:00:00+00:00' AIRFLOW_CTX_TRY_NUMBER='1' AIRFLOW_CTX_DAG_RUN_ID='scheduled__2024-06-02T05:00:00+00:00'
[2024-06-02T12:45:49.342+0000] {taskinstance.py:430} INFO - ::endgroup::
[2024-06-02T12:45:49.388+0000] {taskinstance.py:441} INFO - ::group::Post task execution logs
[2024-06-02T12:45:49.391+0000] {taskinstance.py:2905} ERROR - Task failed with exception
Traceback (most recent call last):
  File "/home/airflow/.local/lib/python3.12/site-packages/airflow/models/taskinstance.py", line 465, in _execute_task
    result = _execute_callable(context=context, **execute_callable_kwargs)
             ^^^^^^^^^^^^^^^^^^^^^^^^^^^^^^^^^^^^^^^^^^^^^^^^^^^^^^^^^^^^^
  File "/home/airflow/.local/lib/python3.12/site-packages/airflow/models/taskinstance.py", line 432, in _execute_callable
    return execute_callable(context=context, **execute_callable_kwargs)
           ^^^^^^^^^^^^^^^^^^^^^^^^^^^^^^^^^^^^^^^^^^^^^^^^^^^^^^^^^^^^
  File "/home/airflow/.local/lib/python3.12/site-packages/airflow/models/baseoperator.py", line 400, in wrapper
    return func(self, *args, **kwargs)
           ^^^^^^^^^^^^^^^^^^^^^^^^^^^
  File "/home/airflow/.local/lib/python3.12/site-packages/airflow/operators/python.py", line 235, in execute
    return_value = self.execute_callable()
                   ^^^^^^^^^^^^^^^^^^^^^^^
  File "/home/airflow/.local/lib/python3.12/site-packages/airflow/operators/python.py", line 252, in execute_callable
    return self.python_callable(*self.op_args, **self.op_kwargs)
           ^^^^^^^^^^^^^^^^^^^^^^^^^^^^^^^^^^^^^^^^^^^^^^^^^^^^^
  File "/opt/airflow/dags/dag_with_docker_operator.py", line 24, in check_send_status
    raise ValueError(f"Request returned non-success status: {response_json.get('status')}")
ValueError: Request returned non-success status: failed
[2024-06-02T12:45:49.425+0000] {taskinstance.py:1206} INFO - Marking task as UP_FOR_RETRY. dag_id=dag_with_docker_operator, task_id=check_status, run_id=scheduled__2024-06-02T05:00:00+00:00, execution_date=20240602T050000, start_date=20240602T124548, end_date=20240602T124549
[2024-06-02T12:45:49.622+0000] {standard_task_runner.py:110} ERROR - Failed to execute job 931 for task check_status (Request returned non-success status: failed; 3676)
[2024-06-02T12:45:49.653+0000] {local_task_job_runner.py:240} INFO - Task exited with return code 1
[2024-06-02T12:45:49.892+0000] {taskinstance.py:3498} INFO - 0 downstream tasks scheduled from follow-on schedule check
[2024-06-02T12:45:49.895+0000] {local_task_job_runner.py:222} INFO - ::endgroup::
